[0.026s] Invoking command in '/home/dsh/Documents/work_logs/code/SFUISE/sfuise_ws/build/sfuise': CMAKE_PREFIX_PATH=/home/dsh/Documents/work_logs/code/SFUISE/sfuise_ws/install/sfuise_msgs:/home/dsh/Documents/work_logs/code/SFUISE/sfuise_ws/install/isas_msgs:/home/dsh/Documents/work_logs/code/SFUISE/sfuise_ws/install/cf_msgs:/home/dsh/Documents/work_logs/code/SFUISE/sfuise_ws/install/sfuise:/opt/ros/humble /usr/bin/cmake --build /home/dsh/Documents/work_logs/code/SFUISE/sfuise_ws/build/sfuise -- -j20 -l20
[0.105s] [35m[1mConsolidate compiler generated dependencies of target SplineFusion[0m
[0.135s] [ 50%] Built target EstimationInterface
[0.144s] [ 75%] [32mBuilding CXX object CMakeFiles/SplineFusion.dir/src/SplineFusion.cpp.o[0m
[55.359s] [100%] [32m[1mLinking CXX executable SplineFusion[0m
[55.825s] [100%] Built target SplineFusion
[55.846s] Invoked command in '/home/dsh/Documents/work_logs/code/SFUISE/sfuise_ws/build/sfuise' returned '0': CMAKE_PREFIX_PATH=/home/dsh/Documents/work_logs/code/SFUISE/sfuise_ws/install/sfuise_msgs:/home/dsh/Documents/work_logs/code/SFUISE/sfuise_ws/install/isas_msgs:/home/dsh/Documents/work_logs/code/SFUISE/sfuise_ws/install/cf_msgs:/home/dsh/Documents/work_logs/code/SFUISE/sfuise_ws/install/sfuise:/opt/ros/humble /usr/bin/cmake --build /home/dsh/Documents/work_logs/code/SFUISE/sfuise_ws/build/sfuise -- -j20 -l20
[55.850s] Invoking command in '/home/dsh/Documents/work_logs/code/SFUISE/sfuise_ws/build/sfuise': CMAKE_PREFIX_PATH=/home/dsh/Documents/work_logs/code/SFUISE/sfuise_ws/install/sfuise_msgs:/home/dsh/Documents/work_logs/code/SFUISE/sfuise_ws/install/isas_msgs:/home/dsh/Documents/work_logs/code/SFUISE/sfuise_ws/install/cf_msgs:/home/dsh/Documents/work_logs/code/SFUISE/sfuise_ws/install/sfuise:/opt/ros/humble /usr/bin/cmake --install /home/dsh/Documents/work_logs/code/SFUISE/sfuise_ws/build/sfuise
[55.862s] -- Install configuration: ""
[55.862s] -- Up-to-date: /home/dsh/Documents/work_logs/code/SFUISE/sfuise_ws/install/sfuise/lib/sfuise/EstimationInterface
[55.864s] -- Installing: /home/dsh/Documents/work_logs/code/SFUISE/sfuise_ws/install/sfuise/lib/sfuise/SplineFusion
[55.868s] -- Set runtime path of "/home/dsh/Documents/work_logs/code/SFUISE/sfuise_ws/install/sfuise/lib/sfuise/SplineFusion" to ""
[55.868s] -- Up-to-date: /home/dsh/Documents/work_logs/code/SFUISE/sfuise_ws/install/sfuise/share/sfuise//launch
[55.868s] -- Up-to-date: /home/dsh/Documents/work_logs/code/SFUISE/sfuise_ws/install/sfuise/share/sfuise//launch/sfuise_test_isas-walk1.launch
[55.868s] -- Up-to-date: /home/dsh/Documents/work_logs/code/SFUISE/sfuise_ws/install/sfuise/share/sfuise//launch/sfuise_test_isas-walk3.launch
[55.868s] -- Up-to-date: /home/dsh/Documents/work_logs/code/SFUISE/sfuise_ws/install/sfuise/share/sfuise//launch/sfuise_test_isas-walk2.launch
[55.868s] -- Up-to-date: /home/dsh/Documents/work_logs/code/SFUISE/sfuise_ws/install/sfuise/share/sfuise//launch/sfuise_test_util.launch
[55.868s] -- Up-to-date: /home/dsh/Documents/work_logs/code/SFUISE/sfuise_ws/install/sfuise/share/ament_index/resource_index/package_run_dependencies/sfuise
[55.869s] -- Up-to-date: /home/dsh/Documents/work_logs/code/SFUISE/sfuise_ws/install/sfuise/share/ament_index/resource_index/parent_prefix_path/sfuise
[55.869s] -- Up-to-date: /home/dsh/Documents/work_logs/code/SFUISE/sfuise_ws/install/sfuise/share/sfuise/environment/ament_prefix_path.sh
[55.869s] -- Up-to-date: /home/dsh/Documents/work_logs/code/SFUISE/sfuise_ws/install/sfuise/share/sfuise/environment/ament_prefix_path.dsv
[55.869s] -- Up-to-date: /home/dsh/Documents/work_logs/code/SFUISE/sfuise_ws/install/sfuise/share/sfuise/environment/path.sh
[55.869s] -- Up-to-date: /home/dsh/Documents/work_logs/code/SFUISE/sfuise_ws/install/sfuise/share/sfuise/environment/path.dsv
[55.869s] -- Up-to-date: /home/dsh/Documents/work_logs/code/SFUISE/sfuise_ws/install/sfuise/share/sfuise/local_setup.bash
[55.869s] -- Up-to-date: /home/dsh/Documents/work_logs/code/SFUISE/sfuise_ws/install/sfuise/share/sfuise/local_setup.sh
[55.869s] -- Up-to-date: /home/dsh/Documents/work_logs/code/SFUISE/sfuise_ws/install/sfuise/share/sfuise/local_setup.zsh
[55.869s] -- Up-to-date: /home/dsh/Documents/work_logs/code/SFUISE/sfuise_ws/install/sfuise/share/sfuise/local_setup.dsv
[55.869s] -- Installing: /home/dsh/Documents/work_logs/code/SFUISE/sfuise_ws/install/sfuise/share/sfuise/package.dsv
[55.869s] -- Up-to-date: /home/dsh/Documents/work_logs/code/SFUISE/sfuise_ws/install/sfuise/share/ament_index/resource_index/packages/sfuise
[55.869s] -- Up-to-date: /home/dsh/Documents/work_logs/code/SFUISE/sfuise_ws/install/sfuise/share/sfuise/cmake/sfuiseConfig.cmake
[55.869s] -- Up-to-date: /home/dsh/Documents/work_logs/code/SFUISE/sfuise_ws/install/sfuise/share/sfuise/cmake/sfuiseConfig-version.cmake
[55.870s] -- Up-to-date: /home/dsh/Documents/work_logs/code/SFUISE/sfuise_ws/install/sfuise/share/sfuise/package.xml
[55.873s] Invoked command in '/home/dsh/Documents/work_logs/code/SFUISE/sfuise_ws/build/sfuise' returned '0': CMAKE_PREFIX_PATH=/home/dsh/Documents/work_logs/code/SFUISE/sfuise_ws/install/sfuise_msgs:/home/dsh/Documents/work_logs/code/SFUISE/sfuise_ws/install/isas_msgs:/home/dsh/Documents/work_logs/code/SFUISE/sfuise_ws/install/cf_msgs:/home/dsh/Documents/work_logs/code/SFUISE/sfuise_ws/install/sfuise:/opt/ros/humble /usr/bin/cmake --install /home/dsh/Documents/work_logs/code/SFUISE/sfuise_ws/build/sfuise
