[0.027s] Invoking command in '/home/dsh/Documents/work_logs/code/SFUISE/sfuise_ws/build/sfuise': CMAKE_PREFIX_PATH=/home/dsh/Documents/work_logs/code/SFUISE/sfuise_ws/install/sfuise_msgs:/home/dsh/Documents/work_logs/code/SFUISE/sfuise_ws/install/isas_msgs:/home/dsh/Documents/work_logs/code/SFUISE/sfuise_ws/install/cf_msgs:/home/dsh/Documents/work_logs/code/SFUISE/sfuise_ws/install/sfuise:/opt/ros/humble /usr/bin/cmake --build /home/dsh/Documents/work_logs/code/SFUISE/sfuise_ws/build/sfuise -- -j20 -l20
[0.120s] [35m[1mConsolidate compiler generated dependencies of target EstimationInterface[0m
[0.159s] [ 50%] Built target SplineFusion
[0.182s] [ 75%] [32mBuilding CXX object CMakeFiles/EstimationInterface.dir/src/EstimationInterface.cpp.o[0m
[7.208s] [01m[K/home/dsh/Documents/work_logs/code/SFUISE/sfuise_ws/src/sfuise/src/EstimationInterface.cpp:[m[K In member function ‘[01m[Kvoid EstimationInterface::pubOpt(SplineState&, bool)[m[K’:
[7.208s] [01m[K/home/dsh/Documents/work_logs/code/SFUISE/sfuise_ws/src/sfuise/src/EstimationInterface.cpp:250:37:[m[K [01;31m[Kerror: [m[Kno match for ‘[01m[Koperator<<[m[K’ (operand types are ‘[01m[Kstd::basic_ostream<char>[m[K’ and ‘[01m[K<unresolved overloaded function type>[m[K’)
[7.208s]   250 |             [32m[Kstd::cout << "pose_tf:"[m[K [01;31m[K<<[m[K [34m[Kpose_tf.pos.x[m[K << "   "
[7.208s]       |             [32m[K~~~~~~~~~~~~~~~~~~~~~~~[m[K [01;31m[K^~[m[K [34m[K~~~~~~~~~~~~~[m[K
[7.209s]       |                       [32m[K|[m[K                            [34m[K|[m[K
[7.209s]       |                       [32m[Kstd::basic_ostream<char>[m[K     [34m[K<unresolved overloaded function type>[m[K
[7.209s] In file included from [01m[K/usr/include/c++/11/iostream:39[m[K,
[7.209s]                  from [01m[K/opt/ros/humble/include/rclcpp/rclcpp/executor.hpp:22[m[K,
[7.209s]                  from [01m[K/opt/ros/humble/include/rclcpp/rclcpp/executors/multi_threaded_executor.hpp:25[m[K,
[7.209s]                  from [01m[K/opt/ros/humble/include/rclcpp/rclcpp/executors.hpp:21[m[K,
[7.209s]                  from [01m[K/opt/ros/humble/include/rclcpp/rclcpp/rclcpp.hpp:155[m[K,
[7.209s]                  from [01m[K/home/dsh/Documents/work_logs/code/SFUISE/sfuise_ws/src/sfuise/src/EstimationInterface.cpp:1[m[K:
[7.211s] [01m[K/usr/include/c++/11/ostream:108:7:[m[K [01;36m[Knote: [m[Kcandidate: ‘[01m[Kstd::basic_ostream<_CharT, _Traits>::__ostream_type& std::basic_ostream<_CharT, _Traits>::operator<<(std::basic_ostream<_CharT, _Traits>::__ostream_type& (*)(std::basic_ostream<_CharT, _Traits>::__ostream_type&)) [with _CharT = char; _Traits = std::char_traits<char>; std::basic_ostream<_CharT, _Traits>::__ostream_type = std::basic_ostream<char>][m[K’
[7.212s]   108 |       [01;36m[Koperator[m[K<<(__ostream_type& (*__pf)(__ostream_type&))
[7.212s]       |       [01;36m[K^~~~~~~~[m[K
[7.212s] [01m[K/usr/include/c++/11/ostream:108:36:[m[K [01;36m[Knote: [m[K  no known conversion for argument 1 from ‘[01m[K<unresolved overloaded function type>[m[K’ to ‘[01m[Kstd::basic_ostream<char>::__ostream_type& (*)(std::basic_ostream<char>::__ostream_type&)[m[K’ {aka ‘[01m[Kstd::basic_ostream<char>& (*)(std::basic_ostream<char>&)[m[K’}
[7.212s]   108 |       operator<<([01;36m[K__ostream_type& (*__pf)(__ostream_type&)[m[K)
[7.212s]       |                  [01;36m[K~~~~~~~~~~~~~~~~~~^~~~~~~~~~~~~~~~~~~~~~[m[K
[7.212s] [01m[K/usr/include/c++/11/ostream:117:7:[m[K [01;36m[Knote: [m[Kcandidate: ‘[01m[Kstd::basic_ostream<_CharT, _Traits>::__ostream_type& std::basic_ostream<_CharT, _Traits>::operator<<(std::basic_ostream<_CharT, _Traits>::__ios_type& (*)(std::basic_ostream<_CharT, _Traits>::__ios_type&)) [with _CharT = char; _Traits = std::char_traits<char>; std::basic_ostream<_CharT, _Traits>::__ostream_type = std::basic_ostream<char>; std::basic_ostream<_CharT, _Traits>::__ios_type = std::basic_ios<char>][m[K’
[7.212s]   117 |       [01;36m[Koperator[m[K<<(__ios_type& (*__pf)(__ios_type&))
[7.212s]       |       [01;36m[K^~~~~~~~[m[K
[7.212s] [01m[K/usr/include/c++/11/ostream:117:32:[m[K [01;36m[Knote: [m[K  no known conversion for argument 1 from ‘[01m[K<unresolved overloaded function type>[m[K’ to ‘[01m[Kstd::basic_ostream<char>::__ios_type& (*)(std::basic_ostream<char>::__ios_type&)[m[K’ {aka ‘[01m[Kstd::basic_ios<char>& (*)(std::basic_ios<char>&)[m[K’}
[7.212s]   117 |       operator<<([01;36m[K__ios_type& (*__pf)(__ios_type&)[m[K)
[7.212s]       |                  [01;36m[K~~~~~~~~~~~~~~^~~~~~~~~~~~~~~~~~[m[K
[7.212s] [01m[K/usr/include/c++/11/ostream:127:7:[m[K [01;36m[Knote: [m[Kcandidate: ‘[01m[Kstd::basic_ostream<_CharT, _Traits>::__ostream_type& std::basic_ostream<_CharT, _Traits>::operator<<(std::ios_base& (*)(std::ios_base&)) [with _CharT = char; _Traits = std::char_traits<char>; std::basic_ostream<_CharT, _Traits>::__ostream_type = std::basic_ostream<char>][m[K’
[7.212s]   127 |       [01;36m[Koperator[m[K<<(ios_base& (*__pf) (ios_base&))
[7.213s]       |       [01;36m[K^~~~~~~~[m[K
[7.213s] [01m[K/usr/include/c++/11/ostream:127:30:[m[K [01;36m[Knote: [m[K  no known conversion for argument 1 from ‘[01m[K<unresolved overloaded function type>[m[K’ to ‘[01m[Kstd::ios_base& (*)(std::ios_base&)[m[K’
[7.213s]   127 |       operator<<([01;36m[Kios_base& (*__pf) (ios_base&)[m[K)
[7.213s]       |                  [01;36m[K~~~~~~~~~~~~^~~~~~~~~~~~~~~~~[m[K
[7.213s] [01m[K/usr/include/c++/11/ostream:166:7:[m[K [01;36m[Knote: [m[Kcandidate: ‘[01m[Kstd::basic_ostream<_CharT, _Traits>::__ostream_type& std::basic_ostream<_CharT, _Traits>::operator<<(long int) [with _CharT = char; _Traits = std::char_traits<char>; std::basic_ostream<_CharT, _Traits>::__ostream_type = std::basic_ostream<char>][m[K’
[7.213s]   166 |       [01;36m[Koperator[m[K<<(long __n)
[7.213s]       |       [01;36m[K^~~~~~~~[m[K
[7.213s] [01m[K/usr/include/c++/11/ostream:166:23:[m[K [01;36m[Knote: [m[K  no known conversion for argument 1 from ‘[01m[K<unresolved overloaded function type>[m[K’ to ‘[01m[Klong int[m[K’
[7.213s]   166 |       operator<<([01;36m[Klong __n[m[K)
[7.213s]       |                  [01;36m[K~~~~~^~~[m[K
[7.213s] [01m[K/usr/include/c++/11/ostream:170:7:[m[K [01;36m[Knote: [m[Kcandidate: ‘[01m[Kstd::basic_ostream<_CharT, _Traits>::__ostream_type& std::basic_ostream<_CharT, _Traits>::operator<<(long unsigned int) [with _CharT = char; _Traits = std::char_traits<char>; std::basic_ostream<_CharT, _Traits>::__ostream_type = std::basic_ostream<char>][m[K’
[7.213s]   170 |       [01;36m[Koperator[m[K<<(unsigned long __n)
[7.213s]       |       [01;36m[K^~~~~~~~[m[K
[7.213s] [01m[K/usr/include/c++/11/ostream:170:32:[m[K [01;36m[Knote: [m[K  no known conversion for argument 1 from ‘[01m[K<unresolved overloaded function type>[m[K’ to ‘[01m[Klong unsigned int[m[K’
[7.213s]   170 |       operator<<([01;36m[Kunsigned long __n[m[K)
[7.214s]       |                  [01;36m[K~~~~~~~~~~~~~~^~~[m[K
[7.214s] [01m[K/usr/include/c++/11/ostream:174:7:[m[K [01;36m[Knote: [m[Kcandidate: ‘[01m[Kstd::basic_ostream<_CharT, _Traits>::__ostream_type& std::basic_ostream<_CharT, _Traits>::operator<<(bool) [with _CharT = char; _Traits = std::char_traits<char>; std::basic_ostream<_CharT, _Traits>::__ostream_type = std::basic_ostream<char>][m[K’
[7.214s]   174 |       [01;36m[Koperator[m[K<<(bool __n)
[7.214s]       |       [01;36m[K^~~~~~~~[m[K
[7.214s] [01m[K/usr/include/c++/11/ostream:174:23:[m[K [01;36m[Knote: [m[K  no known conversion for argument 1 from ‘[01m[K<unresolved overloaded function type>[m[K’ to ‘[01m[Kbool[m[K’
[7.214s]   174 |       operator<<([01;36m[Kbool __n[m[K)
[7.214s]       |                  [01;36m[K~~~~~^~~[m[K
[7.214s] In file included from [01m[K/usr/include/c++/11/ostream:829[m[K,
[7.214s]                  from [01m[K/usr/include/c++/11/iostream:39[m[K,
[7.214s]                  from [01m[K/opt/ros/humble/include/rclcpp/rclcpp/executor.hpp:22[m[K,
[7.214s]                  from [01m[K/opt/ros/humble/include/rclcpp/rclcpp/executors/multi_threaded_executor.hpp:25[m[K,
[7.214s]                  from [01m[K/opt/ros/humble/include/rclcpp/rclcpp/executors.hpp:21[m[K,
[7.214s]                  from [01m[K/opt/ros/humble/include/rclcpp/rclcpp/rclcpp.hpp:155[m[K,
[7.214s]                  from [01m[K/home/dsh/Documents/work_logs/code/SFUISE/sfuise_ws/src/sfuise/src/EstimationInterface.cpp:1[m[K:
[7.214s] [01m[K/usr/include/c++/11/bits/ostream.tcc:91:5:[m[K [01;36m[Knote: [m[Kcandidate: ‘[01m[Kstd::basic_ostream<_Ch, _Tr>& std::basic_ostream<_CharT, _Traits>::operator<<(short int) [with _CharT = char; _Traits = std::char_traits<char>][m[K’
[7.214s]    91 |     [01;36m[Kbasic_ostream<_CharT, _Traits>[m[K::
[7.215s]       |     [01;36m[K^~~~~~~~~~~~~~~~~~~~~~~~~~~~~~[m[K
[7.215s] [01m[K/usr/include/c++/11/bits/ostream.tcc:92:22:[m[K [01;36m[Knote: [m[K  no known conversion for argument 1 from ‘[01m[K<unresolved overloaded function type>[m[K’ to ‘[01m[Kshort int[m[K’
[7.215s]    92 |     operator<<([01;36m[Kshort __n[m[K)
[7.215s]       |                [01;36m[K~~~~~~^~~[m[K
[7.215s] In file included from [01m[K/usr/include/c++/11/iostream:39[m[K,
[7.215s]                  from [01m[K/opt/ros/humble/include/rclcpp/rclcpp/executor.hpp:22[m[K,
[7.215s]                  from [01m[K/opt/ros/humble/include/rclcpp/rclcpp/executors/multi_threaded_executor.hpp:25[m[K,
[7.215s]                  from [01m[K/opt/ros/humble/include/rclcpp/rclcpp/executors.hpp:21[m[K,
[7.215s]                  from [01m[K/opt/ros/humble/include/rclcpp/rclcpp/rclcpp.hpp:155[m[K,
[7.215s]                  from [01m[K/home/dsh/Documents/work_logs/code/SFUISE/sfuise_ws/src/sfuise/src/EstimationInterface.cpp:1[m[K:
[7.215s] [01m[K/usr/include/c++/11/ostream:181:7:[m[K [01;36m[Knote: [m[Kcandidate: ‘[01m[Kstd::basic_ostream<_CharT, _Traits>::__ostream_type& std::basic_ostream<_CharT, _Traits>::operator<<(short unsigned int) [with _CharT = char; _Traits = std::char_traits<char>; std::basic_ostream<_CharT, _Traits>::__ostream_type = std::basic_ostream<char>][m[K’
[7.215s]   181 |       [01;36m[Koperator[m[K<<(unsigned short __n)
[7.215s]       |       [01;36m[K^~~~~~~~[m[K
[7.215s] [01m[K/usr/include/c++/11/ostream:181:33:[m[K [01;36m[Knote: [m[K  no known conversion for argument 1 from ‘[01m[K<unresolved overloaded function type>[m[K’ to ‘[01m[Kshort unsigned int[m[K’
[7.215s]   181 |       operator<<([01;36m[Kunsigned short __n[m[K)
[7.215s]       |                  [01;36m[K~~~~~~~~~~~~~~~^~~[m[K
[7.216s] In file included from [01m[K/usr/include/c++/11/ostream:829[m[K,
[7.216s]                  from [01m[K/usr/include/c++/11/iostream:39[m[K,
[7.216s]                  from [01m[K/opt/ros/humble/include/rclcpp/rclcpp/executor.hpp:22[m[K,
[7.216s]                  from [01m[K/opt/ros/humble/include/rclcpp/rclcpp/executors/multi_threaded_executor.hpp:25[m[K,
[7.216s]                  from [01m[K/opt/ros/humble/include/rclcpp/rclcpp/executors.hpp:21[m[K,
[7.216s]                  from [01m[K/opt/ros/humble/include/rclcpp/rclcpp/rclcpp.hpp:155[m[K,
[7.216s]                  from [01m[K/home/dsh/Documents/work_logs/code/SFUISE/sfuise_ws/src/sfuise/src/EstimationInterface.cpp:1[m[K:
[7.216s] [01m[K/usr/include/c++/11/bits/ostream.tcc:105:5:[m[K [01;36m[Knote: [m[Kcandidate: ‘[01m[Kstd::basic_ostream<_Ch, _Tr>& std::basic_ostream<_CharT, _Traits>::operator<<(int) [with _CharT = char; _Traits = std::char_traits<char>][m[K’
[7.216s]   105 |     [01;36m[Kbasic_ostream<_CharT, _Traits>[m[K::
[7.216s]       |     [01;36m[K^~~~~~~~~~~~~~~~~~~~~~~~~~~~~~[m[K
[7.216s] [01m[K/usr/include/c++/11/bits/ostream.tcc:106:20:[m[K [01;36m[Knote: [m[K  no known conversion for argument 1 from ‘[01m[K<unresolved overloaded function type>[m[K’ to ‘[01m[Kint[m[K’
[7.216s]   106 |     operator<<([01;36m[Kint __n[m[K)
[7.216s]       |                [01;36m[K~~~~^~~[m[K
[7.216s] In file included from [01m[K/usr/include/c++/11/iostream:39[m[K,
[7.216s]                  from [01m[K/opt/ros/humble/include/rclcpp/rclcpp/executor.hpp:22[m[K,
[7.216s]                  from [01m[K/opt/ros/humble/include/rclcpp/rclcpp/executors/multi_threaded_executor.hpp:25[m[K,
[7.216s]                  from [01m[K/opt/ros/humble/include/rclcpp/rclcpp/executors.hpp:21[m[K,
[7.217s]                  from [01m[K/opt/ros/humble/include/rclcpp/rclcpp/rclcpp.hpp:155[m[K,
[7.217s]                  from [01m[K/home/dsh/Documents/work_logs/code/SFUISE/sfuise_ws/src/sfuise/src/EstimationInterface.cpp:1[m[K:
[7.217s] [01m[K/usr/include/c++/11/ostream:192:7:[m[K [01;36m[Knote: [m[Kcandidate: ‘[01m[Kstd::basic_ostream<_CharT, _Traits>::__ostream_type& std::basic_ostream<_CharT, _Traits>::operator<<(unsigned int) [with _CharT = char; _Traits = std::char_traits<char>; std::basic_ostream<_CharT, _Traits>::__ostream_type = std::basic_ostream<char>][m[K’
[7.217s]   192 |       [01;36m[Koperator[m[K<<(unsigned int __n)
[7.217s]       |       [01;36m[K^~~~~~~~[m[K
[7.217s] [01m[K/usr/include/c++/11/ostream:192:31:[m[K [01;36m[Knote: [m[K  no known conversion for argument 1 from ‘[01m[K<unresolved overloaded function type>[m[K’ to ‘[01m[Kunsigned int[m[K’
[7.217s]   192 |       operator<<([01;36m[Kunsigned int __n[m[K)
[7.217s]       |                  [01;36m[K~~~~~~~~~~~~~^~~[m[K
[7.217s] [01m[K/usr/include/c++/11/ostream:201:7:[m[K [01;36m[Knote: [m[Kcandidate: ‘[01m[Kstd::basic_ostream<_CharT, _Traits>::__ostream_type& std::basic_ostream<_CharT, _Traits>::operator<<(long long int) [with _CharT = char; _Traits = std::char_traits<char>; std::basic_ostream<_CharT, _Traits>::__ostream_type = std::basic_ostream<char>][m[K’
[7.217s]   201 |       [01;36m[Koperator[m[K<<(long long __n)
[7.217s]       |       [01;36m[K^~~~~~~~[m[K
[7.217s] [01m[K/usr/include/c++/11/ostream:201:28:[m[K [01;36m[Knote: [m[K  no known conversion for argument 1 from ‘[01m[K<unresolved overloaded function type>[m[K’ to ‘[01m[Klong long int[m[K’
[7.217s]   201 |       operator<<([01;36m[Klong long __n[m[K)
[7.217s]       |                  [01;36m[K~~~~~~~~~~^~~[m[K
[7.217s] [01m[K/usr/include/c++/11/ostream:205:7:[m[K [01;36m[Knote: [m[Kcandidate: ‘[01m[Kstd::basic_ostream<_CharT, _Traits>::__ostream_type& std::basic_ostream<_CharT, _Traits>::operator<<(long long unsigned int) [with _CharT = char; _Traits = std::char_traits<char>; std::basic_ostream<_CharT, _Traits>::__ostream_type = std::basic_ostream<char>][m[K’
[7.217s]   205 |       [01;36m[Koperator[m[K<<(unsigned long long __n)
[7.217s]       |       [01;36m[K^~~~~~~~[m[K
[7.218s] [01m[K/usr/include/c++/11/ostream:205:37:[m[K [01;36m[Knote: [m[K  no known conversion for argument 1 from ‘[01m[K<unresolved overloaded function type>[m[K’ to ‘[01m[Klong long unsigned int[m[K’
[7.218s]   205 |       operator<<([01;36m[Kunsigned long long __n[m[K)
[7.218s]       |                  [01;36m[K~~~~~~~~~~~~~~~~~~~^~~[m[K
[7.218s] [01m[K/usr/include/c++/11/ostream:220:7:[m[K [01;36m[Knote: [m[Kcandidate: ‘[01m[Kstd::basic_ostream<_CharT, _Traits>::__ostream_type& std::basic_ostream<_CharT, _Traits>::operator<<(double) [with _CharT = char; _Traits = std::char_traits<char>; std::basic_ostream<_CharT, _Traits>::__ostream_type = std::basic_ostream<char>][m[K’
[7.218s]   220 |       [01;36m[Koperator[m[K<<(double __f)
[7.218s]       |       [01;36m[K^~~~~~~~[m[K
[7.218s] [01m[K/usr/include/c++/11/ostream:220:25:[m[K [01;36m[Knote: [m[K  no known conversion for argument 1 from ‘[01m[K<unresolved overloaded function type>[m[K’ to ‘[01m[Kdouble[m[K’
[7.218s]   220 |       operator<<([01;36m[Kdouble __f[m[K)
[7.218s]       |                  [01;36m[K~~~~~~~^~~[m[K
[7.218s] [01m[K/usr/include/c++/11/ostream:224:7:[m[K [01;36m[Knote: [m[Kcandidate: ‘[01m[Kstd::basic_ostream<_CharT, _Traits>::__ostream_type& std::basic_ostream<_CharT, _Traits>::operator<<(float) [with _CharT = char; _Traits = std::char_traits<char>; std::basic_ostream<_CharT, _Traits>::__ostream_type = std::basic_ostream<char>][m[K’
[7.218s]   224 |       [01;36m[Koperator[m[K<<(float __f)
[7.218s]       |       [01;36m[K^~~~~~~~[m[K
[7.218s] [01m[K/usr/include/c++/11/ostream:224:24:[m[K [01;36m[Knote: [m[K  no known conversion for argument 1 from ‘[01m[K<unresolved overloaded function type>[m[K’ to ‘[01m[Kfloat[m[K’
[7.218s]   224 |       operator<<([01;36m[Kfloat __f[m[K)
[7.218s]       |                  [01;36m[K~~~~~~^~~[m[K
[7.218s] [01m[K/usr/include/c++/11/ostream:232:7:[m[K [01;36m[Knote: [m[Kcandidate: ‘[01m[Kstd::basic_ostream<_CharT, _Traits>::__ostream_type& std::basic_ostream<_CharT, _Traits>::operator<<(long double) [with _CharT = char; _Traits = std::char_traits<char>; std::basic_ostream<_CharT, _Traits>::__ostream_type = std::basic_ostream<char>][m[K’
[7.219s]   232 |       [01;36m[Koperator[m[K<<(long double __f)
[7.219s]       |       [01;36m[K^~~~~~~~[m[K
[7.219s] [01m[K/usr/include/c++/11/ostream:232:30:[m[K [01;36m[Knote: [m[K  no known conversion for argument 1 from ‘[01m[K<unresolved overloaded function type>[m[K’ to ‘[01m[Klong double[m[K’
[7.219s]   232 |       operator<<([01;36m[Klong double __f[m[K)
[7.219s]       |                  [01;36m[K~~~~~~~~~~~~^~~[m[K
[7.219s] [01m[K/usr/include/c++/11/ostream:245:7:[m[K [01;36m[Knote: [m[Kcandidate: ‘[01m[Kstd::basic_ostream<_CharT, _Traits>::__ostream_type& std::basic_ostream<_CharT, _Traits>::operator<<(const void*) [with _CharT = char; _Traits = std::char_traits<char>; std::basic_ostream<_CharT, _Traits>::__ostream_type = std::basic_ostream<char>][m[K’
[7.219s]   245 |       [01;36m[Koperator[m[K<<(const void* __p)
[7.219s]       |       [01;36m[K^~~~~~~~[m[K
[7.219s] [01m[K/usr/include/c++/11/ostream:245:30:[m[K [01;36m[Knote: [m[K  no known conversion for argument 1 from ‘[01m[K<unresolved overloaded function type>[m[K’ to ‘[01m[Kconst void*[m[K’
[7.219s]   245 |       operator<<([01;36m[Kconst void* __p[m[K)
[7.219s]       |                  [01;36m[K~~~~~~~~~~~~^~~[m[K
[7.219s] [01m[K/usr/include/c++/11/ostream:250:7:[m[K [01;36m[Knote: [m[Kcandidate: ‘[01m[Kstd::basic_ostream<_CharT, _Traits>::__ostream_type& std::basic_ostream<_CharT, _Traits>::operator<<(std::nullptr_t) [with _CharT = char; _Traits = std::char_traits<char>; std::basic_ostream<_CharT, _Traits>::__ostream_type = std::basic_ostream<char>; std::nullptr_t = std::nullptr_t][m[K’
[7.219s]   250 |       [01;36m[Koperator[m[K<<(nullptr_t)
[7.219s]       |       [01;36m[K^~~~~~~~[m[K
[7.219s] [01m[K/usr/include/c++/11/ostream:250:18:[m[K [01;36m[Knote: [m[K  no known conversion for argument 1 from ‘[01m[K<unresolved overloaded function type>[m[K’ to ‘[01m[Kstd::nullptr_t[m[K’
[7.219s]   250 |       operator<<([01;36m[Knullptr_t[m[K)
[7.219s]       |                  [01;36m[K^~~~~~~~~[m[K
[7.220s] In file included from [01m[K/usr/include/c++/11/ostream:829[m[K,
[7.220s]                  from [01m[K/usr/include/c++/11/iostream:39[m[K,
[7.220s]                  from [01m[K/opt/ros/humble/include/rclcpp/rclcpp/executor.hpp:22[m[K,
[7.220s]                  from [01m[K/opt/ros/humble/include/rclcpp/rclcpp/executors/multi_threaded_executor.hpp:25[m[K,
[7.220s]                  from [01m[K/opt/ros/humble/include/rclcpp/rclcpp/executors.hpp:21[m[K,
[7.220s]                  from [01m[K/opt/ros/humble/include/rclcpp/rclcpp/rclcpp.hpp:155[m[K,
[7.220s]                  from [01m[K/home/dsh/Documents/work_logs/code/SFUISE/sfuise_ws/src/sfuise/src/EstimationInterface.cpp:1[m[K:
[7.220s] [01m[K/usr/include/c++/11/bits/ostream.tcc:119:5:[m[K [01;36m[Knote: [m[Kcandidate: ‘[01m[Kstd::basic_ostream<_Ch, _Tr>& std::basic_ostream<_CharT, _Traits>::operator<<(std::basic_ostream<_CharT, _Traits>::__streambuf_type*) [with _CharT = char; _Traits = std::char_traits<char>; std::basic_ostream<_CharT, _Traits>::__streambuf_type = std::basic_streambuf<char>][m[K’
[7.220s]   119 |     [01;36m[Kbasic_ostream<_CharT, _Traits>[m[K::
[7.220s]       |     [01;36m[K^~~~~~~~~~~~~~~~~~~~~~~~~~~~~~[m[K
[7.220s] [01m[K/usr/include/c++/11/bits/ostream.tcc:120:34:[m[K [01;36m[Knote: [m[K  no known conversion for argument 1 from ‘[01m[K<unresolved overloaded function type>[m[K’ to ‘[01m[Kstd::basic_ostream<char>::__streambuf_type*[m[K’ {aka ‘[01m[Kstd::basic_streambuf<char>*[m[K’}
[7.220s]   120 |     operator<<([01;36m[K__streambuf_type* __sbin[m[K)
[7.220s]       |                [01;36m[K~~~~~~~~~~~~~~~~~~^~~~~~[m[K
[7.220s] In file included from [01m[K/usr/include/c++/11/memory:77[m[K,
[7.220s]                  from [01m[K/opt/ros/humble/include/rclcpp/rclcpp/rclcpp.hpp:153[m[K,
[7.220s]                  from [01m[K/home/dsh/Documents/work_logs/code/SFUISE/sfuise_ws/src/sfuise/src/EstimationInterface.cpp:1[m[K:
[7.220s] [01m[K/usr/include/c++/11/bits/shared_ptr.h:70:5:[m[K [01;36m[Knote: [m[Kcandidate: ‘[01m[Ktemplate<class _Ch, class _Tr, class _Tp, __gnu_cxx::_Lock_policy _Lp> std::basic_ostream<_Ch, _Tr>& std::operator<<(std::basic_ostream<_Ch, _Tr>&, const std::__shared_ptr<_Tp, _Lp>&)[m[K’
[7.221s]    70 |     [01;36m[Koperator[m[K<<(std::basic_ostream<_Ch, _Tr>& __os,
[7.221s]       |     [01;36m[K^~~~~~~~[m[K
[7.221s] [01m[K/usr/include/c++/11/bits/shared_ptr.h:70:5:[m[K [01;36m[Knote: [m[K  template argument deduction/substitution failed:
[7.221s] [01m[K/home/dsh/Documents/work_logs/code/SFUISE/sfuise_ws/src/sfuise/src/EstimationInterface.cpp:250:52:[m[K [01;36m[Knote: [m[K  mismatched types ‘[01m[Kconst std::__shared_ptr<_Tp, _Lp>[m[K’ and ‘[01m[KEigen::DenseCoeffsBase<Eigen::Matrix<double, 3, 1>, 1>::Scalar& (Eigen::DenseCoeffsBase<Eigen::Matrix<double, 3, 1>, 1>::*)()[m[K’ {aka ‘[01m[Kdouble& (Eigen::DenseCoeffsBase<Eigen::Matrix<double, 3, 1>, 1>::*)()[m[K’}
[7.221s]   250 |             std::cout << "pose_tf:" << pose_tf.pos.[01;36m[Kx[m[K << "   "
[7.221s]       |                                                    [01;36m[K^[m[K
[7.221s] [01m[K/home/dsh/Documents/work_logs/code/SFUISE/sfuise_ws/src/sfuise/src/EstimationInterface.cpp:250:52:[m[K [01;36m[Knote: [m[K  mismatched types ‘[01m[Kconst std::__shared_ptr<_Tp, _Lp>[m[K’ and ‘[01m[Kconst double& (Eigen::DenseCoeffsBase<Eigen::Matrix<double, 3, 1>, 0>::*)() const[m[K’
[7.221s] [01m[K/home/dsh/Documents/work_logs/code/SFUISE/sfuise_ws/src/sfuise/src/EstimationInterface.cpp:250:52:[m[K [01;36m[Knote: [m[K  couldn’t deduce template parameter ‘[01m[K_Tp[m[K’
[7.221s] In file included from [01m[K/usr/include/c++/11/bits/basic_string.h:48[m[K,
[7.221s]                  from [01m[K/usr/include/c++/11/string:55[m[K,
[7.221s]                  from [01m[K/usr/include/c++/11/stdexcept:39[m[K,
[7.221s]                  from [01m[K/usr/include/c++/11/system_error:41[m[K,
[7.221s]                  from [01m[K/usr/include/c++/11/mutex:42[m[K,
[7.221s]                  from [01m[K/usr/include/c++/11/future:38[m[K,
[7.221s]                  from [01m[K/opt/ros/humble/include/rclcpp/rclcpp/executors.hpp:18[m[K,
[7.221s]                  from [01m[K/opt/ros/humble/include/rclcpp/rclcpp/rclcpp.hpp:155[m[K,
[7.221s]                  from [01m[K/home/dsh/Documents/work_logs/code/SFUISE/sfuise_ws/src/sfuise/src/EstimationInterface.cpp:1[m[K:
[7.222s] [01m[K/usr/include/c++/11/string_view:667:5:[m[K [01;36m[Knote: [m[Kcandidate: ‘[01m[Kstd::basic_ostream<_Ch, _Tr>& std::operator<<(std::basic_ostream<_Ch, _Tr>&, std::basic_string_view<_CharT, _Traits>) [with _CharT = char; _Traits = std::char_traits<char>][m[K’
[7.222s]   667 |     [01;36m[Koperator[m[K<<(basic_ostream<_CharT, _Traits>& __os,
[7.222s]       |     [01;36m[K^~~~~~~~[m[K
[7.222s] [01m[K/usr/include/c++/11/string_view:668:50:[m[K [01;36m[Knote: [m[K  no known conversion for argument 2 from ‘[01m[K<unresolved overloaded function type>[m[K’ to ‘[01m[Kstd::basic_string_view<char>[m[K’
[7.222s]   668 |                [01;36m[Kbasic_string_view<_CharT,_Traits> __str[m[K)
[7.222s]       |                [01;36m[K~~~~~~~~~~~~~~~~~~~~~~~~~~~~~~~~~~^~~~~[m[K
[7.222s] In file included from [01m[K/usr/include/c++/11/string:55[m[K,
[7.222s]                  from [01m[K/usr/include/c++/11/stdexcept:39[m[K,
[7.222s]                  from [01m[K/usr/include/c++/11/system_error:41[m[K,
[7.222s]                  from [01m[K/usr/include/c++/11/mutex:42[m[K,
[7.222s]                  from [01m[K/usr/include/c++/11/future:38[m[K,
[7.222s]                  from [01m[K/opt/ros/humble/include/rclcpp/rclcpp/executors.hpp:18[m[K,
[7.222s]                  from [01m[K/opt/ros/humble/include/rclcpp/rclcpp/rclcpp.hpp:155[m[K,
[7.222s]                  from [01m[K/home/dsh/Documents/work_logs/code/SFUISE/sfuise_ws/src/sfuise/src/EstimationInterface.cpp:1[m[K:
[7.222s] [01m[K/usr/include/c++/11/bits/basic_string.h:6531:5:[m[K [01;36m[Knote: [m[Kcandidate: ‘[01m[Ktemplate<class _CharT, class _Traits, class _Alloc> std::basic_ostream<_Ch, _Tr>& std::operator<<(std::basic_ostream<_Ch, _Tr>&, const std::__cxx11::basic_string<_CharT, _Traits, _Allocator>&)[m[K’
[7.222s]  6531 |     [01;36m[Koperator[m[K<<(basic_ostream<_CharT, _Traits>& __os,
[7.223s]       |     [01;36m[K^~~~~~~~[m[K
[7.223s] [01m[K/usr/include/c++/11/bits/basic_string.h:6531:5:[m[K [01;36m[Knote: [m[K  template argument deduction/substitution failed:
[7.223s] [01m[K/home/dsh/Documents/work_logs/code/SFUISE/sfuise_ws/src/sfuise/src/EstimationInterface.cpp:250:52:[m[K [01;36m[Knote: [m[K  mismatched types ‘[01m[Kconst std::__cxx11::basic_string<_CharT, _Traits, _Allocator>[m[K’ and ‘[01m[KEigen::DenseCoeffsBase<Eigen::Matrix<double, 3, 1>, 1>::Scalar& (Eigen::DenseCoeffsBase<Eigen::Matrix<double, 3, 1>, 1>::*)()[m[K’ {aka ‘[01m[Kdouble& (Eigen::DenseCoeffsBase<Eigen::Matrix<double, 3, 1>, 1>::*)()[m[K’}
[7.223s]   250 |             std::cout << "pose_tf:" << pose_tf.pos.[01;36m[Kx[m[K << "   "
[7.223s]       |                                                    [01;36m[K^[m[K
[7.223s] [01m[K/home/dsh/Documents/work_logs/code/SFUISE/sfuise_ws/src/sfuise/src/EstimationInterface.cpp:250:52:[m[K [01;36m[Knote: [m[K  mismatched types ‘[01m[Kconst std::__cxx11::basic_string<_CharT, _Traits, _Allocator>[m[K’ and ‘[01m[Kconst double& (Eigen::DenseCoeffsBase<Eigen::Matrix<double, 3, 1>, 0>::*)() const[m[K’
[7.223s] [01m[K/home/dsh/Documents/work_logs/code/SFUISE/sfuise_ws/src/sfuise/src/EstimationInterface.cpp:250:52:[m[K [01;36m[Knote: [m[K  couldn’t deduce template parameter ‘[01m[K_Alloc[m[K’
[7.223s] In file included from [01m[K/usr/include/c++/11/mutex:42[m[K,
[7.223s]                  from [01m[K/usr/include/c++/11/future:38[m[K,
[7.223s]                  from [01m[K/opt/ros/humble/include/rclcpp/rclcpp/executors.hpp:18[m[K,
[7.223s]                  from [01m[K/opt/ros/humble/include/rclcpp/rclcpp/rclcpp.hpp:155[m[K,
[7.223s]                  from [01m[K/home/dsh/Documents/work_logs/code/SFUISE/sfuise_ws/src/sfuise/src/EstimationInterface.cpp:1[m[K:
[7.223s] [01m[K/usr/include/c++/11/system_error:279:5:[m[K [01;36m[Knote: [m[Kcandidate: ‘[01m[Ktemplate<class _CharT, class _Traits> std::basic_ostream<_Ch, _Tr>& std::operator<<(std::basic_ostream<_Ch, _Tr>&, const std::error_code&)[m[K’
[7.223s]   279 |     [01;36m[Koperator[m[K<<(basic_ostream<_CharT, _Traits>& __os, const error_code& __e)
[7.223s]       |     [01;36m[K^~~~~~~~[m[K
[7.224s] [01m[K/usr/include/c++/11/system_error:279:5:[m[K [01;36m[Knote: [m[K  template argument deduction/substitution failed:
[7.224s] [01m[K/home/dsh/Documents/work_logs/code/SFUISE/sfuise_ws/src/sfuise/src/EstimationInterface.cpp:250:52:[m[K [01;36m[Knote: [m[K  cannot convert ‘[01m[Kpose_tf.PoseData::pos.Eigen::DenseCoeffsBase<Eigen::Matrix<double, 3, 1>, 0>::x[m[K’ (type ‘[01m[K<unresolved overloaded function type>[m[K’) to type ‘[01m[Kconst std::error_code&[m[K’
[7.224s]   250 |             std::cout << "pose_tf:" << [01;36m[Kpose_tf.pos.x[m[K << "   "
[7.224s]       |                                        [01;36m[K~~~~~~~~~~~~^[m[K
[7.224s] In file included from [01m[K/opt/ros/humble/include/rclcpp/rclcpp/executors/multi_threaded_executor.hpp:22[m[K,
[7.224s]                  from [01m[K/opt/ros/humble/include/rclcpp/rclcpp/executors.hpp:21[m[K,
[7.224s]                  from [01m[K/opt/ros/humble/include/rclcpp/rclcpp/rclcpp.hpp:155[m[K,
[7.224s]                  from [01m[K/home/dsh/Documents/work_logs/code/SFUISE/sfuise_ws/src/sfuise/src/EstimationInterface.cpp:1[m[K:
[7.224s] [01m[K/usr/include/c++/11/thread:92:5:[m[K [01;36m[Knote: [m[Kcandidate: ‘[01m[Ktemplate<class _CharT, class _Traits> std::basic_ostream<_Ch, _Tr>& std::operator<<(std::basic_ostream<_Ch, _Tr>&, std::thread::id)[m[K’
[7.224s]    92 |     [01;36m[Koperator[m[K<<(basic_ostream<_CharT, _Traits>& __out, thread::id __id)
[7.224s]       |     [01;36m[K^~~~~~~~[m[K
[7.224s] [01m[K/usr/include/c++/11/thread:92:5:[m[K [01;36m[Knote: [m[K  template argument deduction/substitution failed:
[7.224s] [01m[K/home/dsh/Documents/work_logs/code/SFUISE/sfuise_ws/src/sfuise/src/EstimationInterface.cpp:250:52:[m[K [01;36m[Knote: [m[K  cannot convert ‘[01m[Kpose_tf.PoseData::pos.Eigen::DenseCoeffsBase<Eigen::Matrix<double, 3, 1>, 0>::x[m[K’ (type ‘[01m[K<unresolved overloaded function type>[m[K’) to type ‘[01m[Kstd::thread::id[m[K’
[7.224s]   250 |             std::cout << "pose_tf:" << [01;36m[Kpose_tf.pos.x[m[K << "   "
[7.224s]       |                                        [01;36m[K~~~~~~~~~~~~^[m[K
[7.225s] In file included from [01m[K/usr/include/c++/11/iostream:39[m[K,
[7.225s]                  from [01m[K/opt/ros/humble/include/rclcpp/rclcpp/executor.hpp:22[m[K,
[7.225s]                  from [01m[K/opt/ros/humble/include/rclcpp/rclcpp/executors/multi_threaded_executor.hpp:25[m[K,
[7.225s]                  from [01m[K/opt/ros/humble/include/rclcpp/rclcpp/executors.hpp:21[m[K,
[7.225s]                  from [01m[K/opt/ros/humble/include/rclcpp/rclcpp/rclcpp.hpp:155[m[K,
[7.225s]                  from [01m[K/home/dsh/Documents/work_logs/code/SFUISE/sfuise_ws/src/sfuise/src/EstimationInterface.cpp:1[m[K:
[7.225s] [01m[K/usr/include/c++/11/ostream:513:5:[m[K [01;36m[Knote: [m[Kcandidate: ‘[01m[Kstd::basic_ostream<_Ch, _Tr>& std::operator<<(std::basic_ostream<_Ch, _Tr>&, _CharT) [with _CharT = char; _Traits = std::char_traits<char>][m[K’
[7.225s]   513 |     [01;36m[Koperator[m[K<<(basic_ostream<_CharT, _Traits>& __out, _CharT __c)
[7.225s]       |     [01;36m[K^~~~~~~~[m[K
[7.225s] [01m[K/usr/include/c++/11/ostream:513:62:[m[K [01;36m[Knote: [m[K  no known conversion for argument 2 from ‘[01m[K<unresolved overloaded function type>[m[K’ to ‘[01m[Kchar[m[K’
[7.225s]   513 |     operator<<(basic_ostream<_CharT, _Traits>& __out, [01;36m[K_CharT __c[m[K)
[7.225s]       |                                                       [01;36m[K~~~~~~~^~~[m[K
[7.225s] [01m[K/usr/include/c++/11/ostream:518:5:[m[K [01;36m[Knote: [m[Kcandidate: ‘[01m[Ktemplate<class _CharT, class _Traits> std::basic_ostream<_Ch, _Tr>& std::operator<<(std::basic_ostream<_Ch, _Tr>&, char)[m[K’
[7.225s]   518 |     [01;36m[Koperator[m[K<<(basic_ostream<_CharT, _Traits>& __out, char __c)
[7.226s]       |     [01;36m[K^~~~~~~~[m[K
[7.226s] [01m[K/usr/include/c++/11/ostream:518:5:[m[K [01;36m[Knote: [m[K  template argument deduction/substitution failed:
[7.226s] [01m[K/home/dsh/Documents/work_logs/code/SFUISE/sfuise_ws/src/sfuise/src/EstimationInterface.cpp:250:52:[m[K [01;36m[Knote: [m[K  cannot convert ‘[01m[Kpose_tf.PoseData::pos.Eigen::DenseCoeffsBase<Eigen::Matrix<double, 3, 1>, 0>::x[m[K’ (type ‘[01m[K<unresolved overloaded function type>[m[K’) to type ‘[01m[Kchar[m[K’
[7.226s]   250 |             std::cout << "pose_tf:" << [01;36m[Kpose_tf.pos.x[m[K << "   "
[7.226s]       |                                        [01;36m[K~~~~~~~~~~~~^[m[K
[7.226s] In file included from [01m[K/usr/include/c++/11/iostream:39[m[K,
[7.226s]                  from [01m[K/opt/ros/humble/include/rclcpp/rclcpp/executor.hpp:22[m[K,
[7.226s]                  from [01m[K/opt/ros/humble/include/rclcpp/rclcpp/executors/multi_threaded_executor.hpp:25[m[K,
[7.226s]                  from [01m[K/opt/ros/humble/include/rclcpp/rclcpp/executors.hpp:21[m[K,
[7.226s]                  from [01m[K/opt/ros/humble/include/rclcpp/rclcpp/rclcpp.hpp:155[m[K,
[7.226s]                  from [01m[K/home/dsh/Documents/work_logs/code/SFUISE/sfuise_ws/src/sfuise/src/EstimationInterface.cpp:1[m[K:
[7.226s] [01m[K/usr/include/c++/11/ostream:524:5:[m[K [01;36m[Knote: [m[Kcandidate: ‘[01m[Ktemplate<class _Traits> std::basic_ostream<char, _Traits>& std::operator<<(std::basic_ostream<char, _Traits>&, char)[m[K’
[7.226s]   524 |     [01;36m[Koperator[m[K<<(basic_ostream<char, _Traits>& __out, char __c)
[7.226s]       |     [01;36m[K^~~~~~~~[m[K
[7.226s] [01m[K/usr/include/c++/11/ostream:524:5:[m[K [01;36m[Knote: [m[K  template argument deduction/substitution failed:
[7.227s] [01m[K/home/dsh/Documents/work_logs/code/SFUISE/sfuise_ws/src/sfuise/src/EstimationInterface.cpp:250:52:[m[K [01;36m[Knote: [m[K  cannot convert ‘[01m[Kpose_tf.PoseData::pos.Eigen::DenseCoeffsBase<Eigen::Matrix<double, 3, 1>, 0>::x[m[K’ (type ‘[01m[K<unresolved overloaded function type>[m[K’) to type ‘[01m[Kchar[m[K’
[7.227s]   250 |             std::cout << "pose_tf:" << [01;36m[Kpose_tf.pos.x[m[K << "   "
[7.227s]       |                                        [01;36m[K~~~~~~~~~~~~^[m[K
[7.227s] In file included from [01m[K/usr/include/c++/11/iostream:39[m[K,
[7.227s]                  from [01m[K/opt/ros/humble/include/rclcpp/rclcpp/executor.hpp:22[m[K,
[7.227s]                  from [01m[K/opt/ros/humble/include/rclcpp/rclcpp/executors/multi_threaded_executor.hpp:25[m[K,
[7.227s]                  from [01m[K/opt/ros/humble/include/rclcpp/rclcpp/executors.hpp:21[m[K,
[7.227s]                  from [01m[K/opt/ros/humble/include/rclcpp/rclcpp/rclcpp.hpp:155[m[K,
[7.227s]                  from [01m[K/home/dsh/Documents/work_logs/code/SFUISE/sfuise_ws/src/sfuise/src/EstimationInterface.cpp:1[m[K:
[7.227s] [01m[K/usr/include/c++/11/ostream:530:5:[m[K [01;36m[Knote: [m[Kcandidate: ‘[01m[Ktemplate<class _Traits> std::basic_ostream<char, _Traits>& std::operator<<(std::basic_ostream<char, _Traits>&, signed char)[m[K’
[7.227s]   530 |     [01;36m[Koperator[m[K<<(basic_ostream<char, _Traits>& __out, signed char __c)
[7.227s]       |     [01;36m[K^~~~~~~~[m[K
[7.227s] [01m[K/usr/include/c++/11/ostream:530:5:[m[K [01;36m[Knote: [m[K  template argument deduction/substitution failed:
[7.227s] [01m[K/home/dsh/Documents/work_logs/code/SFUISE/sfuise_ws/src/sfuise/src/EstimationInterface.cpp:250:52:[m[K [01;36m[Knote: [m[K  cannot convert ‘[01m[Kpose_tf.PoseData::pos.Eigen::DenseCoeffsBase<Eigen::Matrix<double, 3, 1>, 0>::x[m[K’ (type ‘[01m[K<unresolved overloaded function type>[m[K’) to type ‘[01m[Ksigned char[m[K’
[7.227s]   250 |             std::cout << "pose_tf:" << [01;36m[Kpose_tf.pos.x[m[K << "   "
[7.228s]       |                                        [01;36m[K~~~~~~~~~~~~^[m[K
[7.228s] In file included from [01m[K/usr/include/c++/11/iostream:39[m[K,
[7.228s]                  from [01m[K/opt/ros/humble/include/rclcpp/rclcpp/executor.hpp:22[m[K,
[7.228s]                  from [01m[K/opt/ros/humble/include/rclcpp/rclcpp/executors/multi_threaded_executor.hpp:25[m[K,
[7.228s]                  from [01m[K/opt/ros/humble/include/rclcpp/rclcpp/executors.hpp:21[m[K,
[7.228s]                  from [01m[K/opt/ros/humble/include/rclcpp/rclcpp/rclcpp.hpp:155[m[K,
[7.228s]                  from [01m[K/home/dsh/Documents/work_logs/code/SFUISE/sfuise_ws/src/sfuise/src/EstimationInterface.cpp:1[m[K:
[7.228s] [01m[K/usr/include/c++/11/ostream:535:5:[m[K [01;36m[Knote: [m[Kcandidate: ‘[01m[Ktemplate<class _Traits> std::basic_ostream<char, _Traits>& std::operator<<(std::basic_ostream<char, _Traits>&, unsigned char)[m[K’
[7.228s]   535 |     [01;36m[Koperator[m[K<<(basic_ostream<char, _Traits>& __out, unsigned char __c)
[7.228s]       |     [01;36m[K^~~~~~~~[m[K
[7.228s] [01m[K/usr/include/c++/11/ostream:535:5:[m[K [01;36m[Knote: [m[K  template argument deduction/substitution failed:
[7.228s] [01m[K/home/dsh/Documents/work_logs/code/SFUISE/sfuise_ws/src/sfuise/src/EstimationInterface.cpp:250:52:[m[K [01;36m[Knote: [m[K  cannot convert ‘[01m[Kpose_tf.PoseData::pos.Eigen::DenseCoeffsBase<Eigen::Matrix<double, 3, 1>, 0>::x[m[K’ (type ‘[01m[K<unresolved overloaded function type>[m[K’) to type ‘[01m[Kunsigned char[m[K’
[7.228s]   250 |             std::cout << "pose_tf:" << [01;36m[Kpose_tf.pos.x[m[K << "   "
[7.228s]       |                                        [01;36m[K~~~~~~~~~~~~^[m[K
[7.229s] In file included from [01m[K/usr/include/c++/11/iostream:39[m[K,
[7.229s]                  from [01m[K/opt/ros/humble/include/rclcpp/rclcpp/executor.hpp:22[m[K,
[7.229s]                  from [01m[K/opt/ros/humble/include/rclcpp/rclcpp/executors/multi_threaded_executor.hpp:25[m[K,
[7.229s]                  from [01m[K/opt/ros/humble/include/rclcpp/rclcpp/executors.hpp:21[m[K,
[7.229s]                  from [01m[K/opt/ros/humble/include/rclcpp/rclcpp/rclcpp.hpp:155[m[K,
[7.229s]                  from [01m[K/home/dsh/Documents/work_logs/code/SFUISE/sfuise_ws/src/sfuise/src/EstimationInterface.cpp:1[m[K:
[7.229s] [01m[K/usr/include/c++/11/ostream:594:5:[m[K [01;36m[Knote: [m[Kcandidate: ‘[01m[Kstd::basic_ostream<_Ch, _Tr>& std::operator<<(std::basic_ostream<_Ch, _Tr>&, const _CharT*) [with _CharT = char; _Traits = std::char_traits<char>][m[K’
[7.229s]   594 |     [01;36m[Koperator[m[K<<(basic_ostream<_CharT, _Traits>& __out, const _CharT* __s)
[7.229s]       |     [01;36m[K^~~~~~~~[m[K
[7.229s] [01m[K/usr/include/c++/11/ostream:594:69:[m[K [01;36m[Knote: [m[K  no known conversion for argument 2 from ‘[01m[K<unresolved overloaded function type>[m[K’ to ‘[01m[Kconst char*[m[K’
[7.229s]   594 |    operator<<(basic_ostream<_CharT, _Traits>& __out, [01;36m[Kconst _CharT* __s[m[K)
[7.229s]       |                                                      [01;36m[K~~~~~~~~~~~~~~^~~[m[K
[7.229s] 
[7.229s] In file included from [01m[K/usr/include/c++/11/ostream:829[m[K,
[7.230s]                  from [01m[K/usr/include/c++/11/iostream:39[m[K,
[7.230s]                  from [01m[K/opt/ros/humble/include/rclcpp/rclcpp/executor.hpp:22[m[K,
[7.230s]                  from [01m[K/opt/ros/humble/include/rclcpp/rclcpp/executors/multi_threaded_executor.hpp:25[m[K,
[7.230s]                  from [01m[K/opt/ros/humble/include/rclcpp/rclcpp/executors.hpp:21[m[K,
[7.230s]                  from [01m[K/opt/ros/humble/include/rclcpp/rclcpp/rclcpp.hpp:155[m[K,
[7.230s]                  from [01m[K/home/dsh/Documents/work_logs/code/SFUISE/sfuise_ws/src/sfuise/src/EstimationInterface.cpp:1[m[K:
[7.230s] [01m[K/usr/include/c++/11/bits/ostream.tcc:321:5:[m[K [01;36m[Knote: [m[Kcandidate: ‘[01m[Ktemplate<class _CharT, class _Traits> std::basic_ostream<_Ch, _Tr>& std::operator<<(std::basic_ostream<_Ch, _Tr>&, const char*)[m[K’
[7.230s]   321 |     [01;36m[Koperator[m[K<<(basic_ostream<_CharT, _Traits>& __out, const char* __s)
[7.230s]       |     [01;36m[K^~~~~~~~[m[K
[7.230s] [01m[K/usr/include/c++/11/bits/ostream.tcc:321:5:[m[K [01;36m[Knote: [m[K  template argument deduction/substitution failed:
[7.230s] [01m[K/home/dsh/Documents/work_logs/code/SFUISE/sfuise_ws/src/sfuise/src/EstimationInterface.cpp:250:52:[m[K [01;36m[Knote: [m[K  cannot convert ‘[01m[Kpose_tf.PoseData::pos.Eigen::DenseCoeffsBase<Eigen::Matrix<double, 3, 1>, 0>::x[m[K’ (type ‘[01m[K<unresolved overloaded function type>[m[K’) to type ‘[01m[Kconst char*[m[K’
[7.230s]   250 |             std::cout << "pose_tf:" << [01;36m[Kpose_tf.pos.x[m[K << "   "
[7.230s]       |                                        [01;36m[K~~~~~~~~~~~~^[m[K
[7.230s] In file included from [01m[K/usr/include/c++/11/iostream:39[m[K,
[7.230s]                  from [01m[K/opt/ros/humble/include/rclcpp/rclcpp/executor.hpp:22[m[K,
[7.231s]                  from [01m[K/opt/ros/humble/include/rclcpp/rclcpp/executors/multi_threaded_executor.hpp:25[m[K,
[7.231s]                  from [01m[K/opt/ros/humble/include/rclcpp/rclcpp/executors.hpp:21[m[K,
[7.231s]                  from [01m[K/opt/ros/humble/include/rclcpp/rclcpp/rclcpp.hpp:155[m[K,
[7.231s]                  from [01m[K/home/dsh/Documents/work_logs/code/SFUISE/sfuise_ws/src/sfuise/src/EstimationInterface.cpp:1[m[K:
[7.231s] [01m[K/usr/include/c++/11/ostream:611:5:[m[K [01;36m[Knote: [m[Kcandidate: ‘[01m[Ktemplate<class _Traits> std::basic_ostream<char, _Traits>& std::operator<<(std::basic_ostream<char, _Traits>&, const char*)[m[K’
[7.231s]   611 |     [01;36m[Koperator[m[K<<(basic_ostream<char, _Traits>& __out, const char* __s)
[7.231s]       |     [01;36m[K^~~~~~~~[m[K
[7.231s] [01m[K/usr/include/c++/11/ostream:611:5:[m[K [01;36m[Knote: [m[K  template argument deduction/substitution failed:
[7.231s] [01m[K/home/dsh/Documents/work_logs/code/SFUISE/sfuise_ws/src/sfuise/src/EstimationInterface.cpp:250:52:[m[K [01;36m[Knote: [m[K  cannot convert ‘[01m[Kpose_tf.PoseData::pos.Eigen::DenseCoeffsBase<Eigen::Matrix<double, 3, 1>, 0>::x[m[K’ (type ‘[01m[K<unresolved overloaded function type>[m[K’) to type ‘[01m[Kconst char*[m[K’
[7.231s]   250 |             std::cout << "pose_tf:" << [01;36m[Kpose_tf.pos.x[m[K << "   "
[7.231s]       |                                        [01;36m[K~~~~~~~~~~~~^[m[K
[7.231s] In file included from [01m[K/usr/include/c++/11/iostream:39[m[K,
[7.231s]                  from [01m[K/opt/ros/humble/include/rclcpp/rclcpp/executor.hpp:22[m[K,
[7.231s]                  from [01m[K/opt/ros/humble/include/rclcpp/rclcpp/executors/multi_threaded_executor.hpp:25[m[K,
[7.231s]                  from [01m[K/opt/ros/humble/include/rclcpp/rclcpp/executors.hpp:21[m[K,
[7.231s]                  from [01m[K/opt/ros/humble/include/rclcpp/rclcpp/rclcpp.hpp:155[m[K,
[7.232s]                  from [01m[K/home/dsh/Documents/work_logs/code/SFUISE/sfuise_ws/src/sfuise/src/EstimationInterface.cpp:1[m[K:
[7.232s] [01m[K/usr/include/c++/11/ostream:624:5:[m[K [01;36m[Knote: [m[Kcandidate: ‘[01m[Ktemplate<class _Traits> std::basic_ostream<char, _Traits>& std::operator<<(std::basic_ostream<char, _Traits>&, const signed char*)[m[K’
[7.232s]   624 |     [01;36m[Koperator[m[K<<(basic_ostream<char, _Traits>& __out, const signed char* __s)
[7.232s]       |     [01;36m[K^~~~~~~~[m[K
[7.232s] [01m[K/usr/include/c++/11/ostream:624:5:[m[K [01;36m[Knote: [m[K  template argument deduction/substitution failed:
[7.232s] [01m[K/home/dsh/Documents/work_logs/code/SFUISE/sfuise_ws/src/sfuise/src/EstimationInterface.cpp:250:52:[m[K [01;36m[Knote: [m[K  cannot convert ‘[01m[Kpose_tf.PoseData::pos.Eigen::DenseCoeffsBase<Eigen::Matrix<double, 3, 1>, 0>::x[m[K’ (type ‘[01m[K<unresolved overloaded function type>[m[K’) to type ‘[01m[Kconst signed char*[m[K’
[7.232s]   250 |             std::cout << "pose_tf:" << [01;36m[Kpose_tf.pos.x[m[K << "   "
[7.232s]       |                                        [01;36m[K~~~~~~~~~~~~^[m[K
[7.232s] In file included from [01m[K/usr/include/c++/11/iostream:39[m[K,
[7.232s]                  from [01m[K/opt/ros/humble/include/rclcpp/rclcpp/executor.hpp:22[m[K,
[7.232s]                  from [01m[K/opt/ros/humble/include/rclcpp/rclcpp/executors/multi_threaded_executor.hpp:25[m[K,
[7.232s]                  from [01m[K/opt/ros/humble/include/rclcpp/rclcpp/executors.hpp:21[m[K,
[7.232s]                  from [01m[K/opt/ros/humble/include/rclcpp/rclcpp/rclcpp.hpp:155[m[K,
[7.232s]                  from [01m[K/home/dsh/Documents/work_logs/code/SFUISE/sfuise_ws/src/sfuise/src/EstimationInterface.cpp:1[m[K:
[7.232s] [01m[K/usr/include/c++/11/ostream:629:5:[m[K [01;36m[Knote: [m[Kcandidate: ‘[01m[Ktemplate<class _Traits> std::basic_ostream<char, _Traits>& std::operator<<(std::basic_ostream<char, _Traits>&, const unsigned char*)[m[K’
[7.232s]   629 |     [01;36m[Koperator[m[K<<(basic_ostream<char, _Traits>& __out, const unsigned char* __s)
[7.233s]       |     [01;36m[K^~~~~~~~[m[K
[7.233s] [01m[K/usr/include/c++/11/ostream:629:5:[m[K [01;36m[Knote: [m[K  template argument deduction/substitution failed:
[7.233s] [01m[K/home/dsh/Documents/work_logs/code/SFUISE/sfuise_ws/src/sfuise/src/EstimationInterface.cpp:250:52:[m[K [01;36m[Knote: [m[K  cannot convert ‘[01m[Kpose_tf.PoseData::pos.Eigen::DenseCoeffsBase<Eigen::Matrix<double, 3, 1>, 0>::x[m[K’ (type ‘[01m[K<unresolved overloaded function type>[m[K’) to type ‘[01m[Kconst unsigned char*[m[K’
[7.233s]   250 |             std::cout << "pose_tf:" << [01;36m[Kpose_tf.pos.x[m[K << "   "
[7.233s]       |                                        [01;36m[K~~~~~~~~~~~~^[m[K
[7.233s] In file included from [01m[K/usr/include/c++/11/iostream:39[m[K,
[7.233s]                  from [01m[K/opt/ros/humble/include/rclcpp/rclcpp/executor.hpp:22[m[K,
[7.233s]                  from [01m[K/opt/ros/humble/include/rclcpp/rclcpp/executors/multi_threaded_executor.hpp:25[m[K,
[7.233s]                  from [01m[K/opt/ros/humble/include/rclcpp/rclcpp/executors.hpp:21[m[K,
[7.233s]                  from [01m[K/opt/ros/humble/include/rclcpp/rclcpp/rclcpp.hpp:155[m[K,
[7.233s]                  from [01m[K/home/dsh/Documents/work_logs/code/SFUISE/sfuise_ws/src/sfuise/src/EstimationInterface.cpp:1[m[K:
[7.233s] [01m[K/usr/include/c++/11/ostream:750:5:[m[K [01;36m[Knote: [m[Kcandidate: ‘[01m[Ktemplate<class _Ostream, class _Tp> _Ostream&& std::operator<<(_Ostream&&, const _Tp&)[m[K’
[7.233s]   750 |     [01;36m[Koperator[m[K<<(_Ostream&& __os, const _Tp& __x)
[7.233s]       |     [01;36m[K^~~~~~~~[m[K
[7.233s] [01m[K/usr/include/c++/11/ostream:750:5:[m[K [01;36m[Knote: [m[K  template argument deduction/substitution failed:
[7.234s] [01m[K/home/dsh/Documents/work_logs/code/SFUISE/sfuise_ws/src/sfuise/src/EstimationInterface.cpp:250:52:[m[K [01;36m[Knote: [m[K  couldn’t deduce template parameter ‘[01m[K_Tp[m[K’
[7.234s]   250 |             std::cout << "pose_tf:" << pose_tf.pos.[01;36m[Kx[m[K << "   "
[7.234s]       |                                                    [01;36m[K^[m[K
[7.234s] In file included from [01m[K/opt/ros/humble/include/rosidl_runtime_cpp/rosidl_runtime_cpp/traits.hpp:19[m[K,
[7.234s]                  from [01m[K/opt/ros/humble/include/builtin_interfaces/builtin_interfaces/msg/detail/duration__traits.hpp:15[m[K,
[7.234s]                  from [01m[K/opt/ros/humble/include/builtin_interfaces/builtin_interfaces/msg/duration.hpp:9[m[K,
[7.234s]                  from [01m[K/opt/ros/humble/include/rclcpp/rclcpp/duration.hpp:20[m[K,
[7.234s]                  from [01m[K/opt/ros/humble/include/rclcpp/rclcpp/qos.hpp:20[m[K,
[7.234s]                  from [01m[K/opt/ros/humble/include/rclcpp/rclcpp/node_interfaces/node_graph_interface.hpp:32[m[K,
[7.234s]                  from [01m[K/opt/ros/humble/include/rclcpp/rclcpp/client.hpp:42[m[K,
[7.234s]                  from [01m[K/opt/ros/humble/include/rclcpp/rclcpp/callback_group.hpp:24[m[K,
[7.234s]                  from [01m[K/opt/ros/humble/include/rclcpp/rclcpp/any_executable.hpp:20[m[K,
[7.234s]                  from [01m[K/opt/ros/humble/include/rclcpp/rclcpp/memory_strategy.hpp:25[m[K,
[7.234s]                  from [01m[K/opt/ros/humble/include/rclcpp/rclcpp/memory_strategies.hpp:18[m[K,
[7.234s]                  from [01m[K/opt/ros/humble/include/rclcpp/rclcpp/executor_options.hpp:20[m[K,
[7.234s]                  from [01m[K/opt/ros/humble/include/rclcpp/rclcpp/executor.hpp:37[m[K,
[7.235s]                  from [01m[K/opt/ros/humble/include/rclcpp/rclcpp/executors/multi_threaded_executor.hpp:25[m[K,
[7.235s]                  from [01m[K/opt/ros/humble/include/rclcpp/rclcpp/executors.hpp:21[m[K,
[7.235s]                  from [01m[K/opt/ros/humble/include/rclcpp/rclcpp/rclcpp.hpp:155[m[K,
[7.235s]                  from [01m[K/home/dsh/Documents/work_logs/code/SFUISE/sfuise_ws/src/sfuise/src/EstimationInterface.cpp:1[m[K:
[7.235s] [01m[K/usr/include/c++/11/iomanip:79:5:[m[K [01;36m[Knote: [m[Kcandidate: ‘[01m[Ktemplate<class _CharT, class _Traits> std::basic_ostream<_Ch, _Tr>& std::operator<<(std::basic_ostream<_Ch, _Tr>&, std::_Resetiosflags)[m[K’
[7.235s]    79 |     [01;36m[Koperator[m[K<<(basic_ostream<_CharT, _Traits>& __os, _Resetiosflags __f)
[7.235s]       |     [01;36m[K^~~~~~~~[m[K
[7.235s] [01m[K/usr/include/c++/11/iomanip:79:5:[m[K [01;36m[Knote: [m[K  template argument deduction/substitution failed:
[7.235s] [01m[K/home/dsh/Documents/work_logs/code/SFUISE/sfuise_ws/src/sfuise/src/EstimationInterface.cpp:250:52:[m[K [01;36m[Knote: [m[K  cannot convert ‘[01m[Kpose_tf.PoseData::pos.Eigen::DenseCoeffsBase<Eigen::Matrix<double, 3, 1>, 0>::x[m[K’ (type ‘[01m[K<unresolved overloaded function type>[m[K’) to type ‘[01m[Kstd::_Resetiosflags[m[K’
[7.235s]   250 |             std::cout << "pose_tf:" << [01;36m[Kpose_tf.pos.x[m[K << "   "
[7.235s]       |                                        [01;36m[K~~~~~~~~~~~~^[m[K
[7.235s] In file included from [01m[K/opt/ros/humble/include/rosidl_runtime_cpp/rosidl_runtime_cpp/traits.hpp:19[m[K,
[7.235s]                  from [01m[K/opt/ros/humble/include/builtin_interfaces/builtin_interfaces/msg/detail/duration__traits.hpp:15[m[K,
[7.235s]                  from [01m[K/opt/ros/humble/include/builtin_interfaces/builtin_interfaces/msg/duration.hpp:9[m[K,
[7.235s]                  from [01m[K/opt/ros/humble/include/rclcpp/rclcpp/duration.hpp:20[m[K,
[7.235s]                  from [01m[K/opt/ros/humble/include/rclcpp/rclcpp/qos.hpp:20[m[K,
[7.235s]                  from [01m[K/opt/ros/humble/include/rclcpp/rclcpp/node_interfaces/node_graph_interface.hpp:32[m[K,
[7.236s]                  from [01m[K/opt/ros/humble/include/rclcpp/rclcpp/client.hpp:42[m[K,
[7.236s]                  from [01m[K/opt/ros/humble/include/rclcpp/rclcpp/callback_group.hpp:24[m[K,
[7.236s]                  from [01m[K/opt/ros/humble/include/rclcpp/rclcpp/any_executable.hpp:20[m[K,
[7.236s]                  from [01m[K/opt/ros/humble/include/rclcpp/rclcpp/memory_strategy.hpp:25[m[K,
[7.236s]                  from [01m[K/opt/ros/humble/include/rclcpp/rclcpp/memory_strategies.hpp:18[m[K,
[7.236s]                  from [01m[K/opt/ros/humble/include/rclcpp/rclcpp/executor_options.hpp:20[m[K,
[7.236s]                  from [01m[K/opt/ros/humble/include/rclcpp/rclcpp/executor.hpp:37[m[K,
[7.236s]                  from [01m[K/opt/ros/humble/include/rclcpp/rclcpp/executors/multi_threaded_executor.hpp:25[m[K,
[7.236s]                  from [01m[K/opt/ros/humble/include/rclcpp/rclcpp/executors.hpp:21[m[K,
[7.236s]                  from [01m[K/opt/ros/humble/include/rclcpp/rclcpp/rclcpp.hpp:155[m[K,
[7.236s]                  from [01m[K/home/dsh/Documents/work_logs/code/SFUISE/sfuise_ws/src/sfuise/src/EstimationInterface.cpp:1[m[K:
[7.236s] [01m[K/usr/include/c++/11/iomanip:109:5:[m[K [01;36m[Knote: [m[Kcandidate: ‘[01m[Ktemplate<class _CharT, class _Traits> std::basic_ostream<_Ch, _Tr>& std::operator<<(std::basic_ostream<_Ch, _Tr>&, std::_Setiosflags)[m[K’
[7.236s]   109 |     [01;36m[Koperator[m[K<<(basic_ostream<_CharT, _Traits>& __os, _Setiosflags __f)
[7.236s]       |     [01;36m[K^~~~~~~~[m[K
[7.236s] [01m[K/usr/include/c++/11/iomanip:109:5:[m[K [01;36m[Knote: [m[K  template argument deduction/substitution failed:
[7.236s] [01m[K/home/dsh/Documents/work_logs/code/SFUISE/sfuise_ws/src/sfuise/src/EstimationInterface.cpp:250:52:[m[K [01;36m[Knote: [m[K  cannot convert ‘[01m[Kpose_tf.PoseData::pos.Eigen::DenseCoeffsBase<Eigen::Matrix<double, 3, 1>, 0>::x[m[K’ (type ‘[01m[K<unresolved overloaded function type>[m[K’) to type ‘[01m[Kstd::_Setiosflags[m[K’
[7.237s]   250 |             std::cout << "pose_tf:" << [01;36m[Kpose_tf.pos.x[m[K << "   "
[7.237s]       |                                        [01;36m[K~~~~~~~~~~~~^[m[K
[7.237s] In file included from [01m[K/opt/ros/humble/include/rosidl_runtime_cpp/rosidl_runtime_cpp/traits.hpp:19[m[K,
[7.237s]                  from [01m[K/opt/ros/humble/include/builtin_interfaces/builtin_interfaces/msg/detail/duration__traits.hpp:15[m[K,
[7.237s]                  from [01m[K/opt/ros/humble/include/builtin_interfaces/builtin_interfaces/msg/duration.hpp:9[m[K,
[7.237s]                  from [01m[K/opt/ros/humble/include/rclcpp/rclcpp/duration.hpp:20[m[K,
[7.237s]                  from [01m[K/opt/ros/humble/include/rclcpp/rclcpp/qos.hpp:20[m[K,
[7.237s]                  from [01m[K/opt/ros/humble/include/rclcpp/rclcpp/node_interfaces/node_graph_interface.hpp:32[m[K,
[7.237s]                  from [01m[K/opt/ros/humble/include/rclcpp/rclcpp/client.hpp:42[m[K,
[7.237s]                  from [01m[K/opt/ros/humble/include/rclcpp/rclcpp/callback_group.hpp:24[m[K,
[7.237s]                  from [01m[K/opt/ros/humble/include/rclcpp/rclcpp/any_executable.hpp:20[m[K,
[7.237s]                  from [01m[K/opt/ros/humble/include/rclcpp/rclcpp/memory_strategy.hpp:25[m[K,
[7.237s]                  from [01m[K/opt/ros/humble/include/rclcpp/rclcpp/memory_strategies.hpp:18[m[K,
[7.237s]                  from [01m[K/opt/ros/humble/include/rclcpp/rclcpp/executor_options.hpp:20[m[K,
[7.237s]                  from [01m[K/opt/ros/humble/include/rclcpp/rclcpp/executor.hpp:37[m[K,
[7.237s]                  from [01m[K/opt/ros/humble/include/rclcpp/rclcpp/executors/multi_threaded_executor.hpp:25[m[K,
[7.237s]                  from [01m[K/opt/ros/humble/include/rclcpp/rclcpp/executors.hpp:21[m[K,
[7.237s]                  from [01m[K/opt/ros/humble/include/rclcpp/rclcpp/rclcpp.hpp:155[m[K,
[7.238s]                  from [01m[K/home/dsh/Documents/work_logs/code/SFUISE/sfuise_ws/src/sfuise/src/EstimationInterface.cpp:1[m[K:
[7.238s] [01m[K/usr/include/c++/11/iomanip:143:5:[m[K [01;36m[Knote: [m[Kcandidate: ‘[01m[Ktemplate<class _CharT, class _Traits> std::basic_ostream<_Ch, _Tr>& std::operator<<(std::basic_ostream<_Ch, _Tr>&, std::_Setbase)[m[K’
[7.238s]   143 |     [01;36m[Koperator[m[K<<(basic_ostream<_CharT, _Traits>& __os, _Setbase __f)
[7.238s]       |     [01;36m[K^~~~~~~~[m[K
[7.238s] [01m[K/usr/include/c++/11/iomanip:143:5:[m[K [01;36m[Knote: [m[K  template argument deduction/substitution failed:
[7.238s] [01m[K/home/dsh/Documents/work_logs/code/SFUISE/sfuise_ws/src/sfuise/src/EstimationInterface.cpp:250:52:[m[K [01;36m[Knote: [m[K  cannot convert ‘[01m[Kpose_tf.PoseData::pos.Eigen::DenseCoeffsBase<Eigen::Matrix<double, 3, 1>, 0>::x[m[K’ (type ‘[01m[K<unresolved overloaded function type>[m[K’) to type ‘[01m[Kstd::_Setbase[m[K’
[7.238s]   250 |             std::cout << "pose_tf:" << [01;36m[Kpose_tf.pos.x[m[K << "   "
[7.238s]       |                                        [01;36m[K~~~~~~~~~~~~^[m[K
[7.238s] In file included from [01m[K/opt/ros/humble/include/rosidl_runtime_cpp/rosidl_runtime_cpp/traits.hpp:19[m[K,
[7.238s]                  from [01m[K/opt/ros/humble/include/builtin_interfaces/builtin_interfaces/msg/detail/duration__traits.hpp:15[m[K,
[7.238s]                  from [01m[K/opt/ros/humble/include/builtin_interfaces/builtin_interfaces/msg/duration.hpp:9[m[K,
[7.238s]                  from [01m[K/opt/ros/humble/include/rclcpp/rclcpp/duration.hpp:20[m[K,
[7.238s]                  from [01m[K/opt/ros/humble/include/rclcpp/rclcpp/qos.hpp:20[m[K,
[7.238s]                  from [01m[K/opt/ros/humble/include/rclcpp/rclcpp/node_interfaces/node_graph_interface.hpp:32[m[K,
[7.238s]                  from [01m[K/opt/ros/humble/include/rclcpp/rclcpp/client.hpp:42[m[K,
[7.238s]                  from [01m[K/opt/ros/humble/include/rclcpp/rclcpp/callback_group.hpp:24[m[K,
[7.238s]                  from [01m[K/opt/ros/humble/include/rclcpp/rclcpp/any_executable.hpp:20[m[K,
[7.239s]                  from [01m[K/opt/ros/humble/include/rclcpp/rclcpp/memory_strategy.hpp:25[m[K,
[7.239s]                  from [01m[K/opt/ros/humble/include/rclcpp/rclcpp/memory_strategies.hpp:18[m[K,
[7.239s]                  from [01m[K/opt/ros/humble/include/rclcpp/rclcpp/executor_options.hpp:20[m[K,
[7.239s]                  from [01m[K/opt/ros/humble/include/rclcpp/rclcpp/executor.hpp:37[m[K,
[7.239s]                  from [01m[K/opt/ros/humble/include/rclcpp/rclcpp/executors/multi_threaded_executor.hpp:25[m[K,
[7.239s]                  from [01m[K/opt/ros/humble/include/rclcpp/rclcpp/executors.hpp:21[m[K,
[7.239s]                  from [01m[K/opt/ros/humble/include/rclcpp/rclcpp/rclcpp.hpp:155[m[K,
[7.239s]                  from [01m[K/home/dsh/Documents/work_logs/code/SFUISE/sfuise_ws/src/sfuise/src/EstimationInterface.cpp:1[m[K:
[7.239s] [01m[K/usr/include/c++/11/iomanip:178:5:[m[K [01;36m[Knote: [m[Kcandidate: ‘[01m[Kstd::basic_ostream<_Ch, _Tr>& std::operator<<(std::basic_ostream<_Ch, _Tr>&, std::_Setfill<_CharT>) [with _CharT = char; _Traits = std::char_traits<char>][m[K’
[7.239s]   178 |     [01;36m[Koperator[m[K<<(basic_ostream<_CharT, _Traits>& __os, _Setfill<_CharT> __f)
[7.239s]       |     [01;36m[K^~~~~~~~[m[K
[7.239s] [01m[K/usr/include/c++/11/iomanip:178:71:[m[K [01;36m[Knote: [m[K  no known conversion for argument 2 from ‘[01m[K<unresolved overloaded function type>[m[K’ to ‘[01m[Kstd::_Setfill<char>[m[K’
[7.239s]   178 |  operator<<(basic_ostream<_CharT, _Traits>& __os, [01;36m[K_Setfill<_CharT> __f[m[K)
[7.239s]       |                                                   [01;36m[K~~~~~~~~~~~~~~~~~^~~[m[K
[7.239s] 
[7.239s] [01m[K/usr/include/c++/11/iomanip:208:5:[m[K [01;36m[Knote: [m[Kcandidate: ‘[01m[Ktemplate<class _CharT, class _Traits> std::basic_ostream<_Ch, _Tr>& std::operator<<(std::basic_ostream<_Ch, _Tr>&, std::_Setprecision)[m[K’
[7.239s]   208 |     [01;36m[Koperator[m[K<<(basic_ostream<_CharT, _Traits>& __os, _Setprecision __f)
[7.240s]       |     [01;36m[K^~~~~~~~[m[K
[7.240s] [01m[K/usr/include/c++/11/iomanip:208:5:[m[K [01;36m[Knote: [m[K  template argument deduction/substitution failed:
[7.240s] [01m[K/home/dsh/Documents/work_logs/code/SFUISE/sfuise_ws/src/sfuise/src/EstimationInterface.cpp:250:52:[m[K [01;36m[Knote: [m[K  cannot convert ‘[01m[Kpose_tf.PoseData::pos.Eigen::DenseCoeffsBase<Eigen::Matrix<double, 3, 1>, 0>::x[m[K’ (type ‘[01m[K<unresolved overloaded function type>[m[K’) to type ‘[01m[Kstd::_Setprecision[m[K’
[7.240s]   250 |             std::cout << "pose_tf:" << [01;36m[Kpose_tf.pos.x[m[K << "   "
[7.240s]       |                                        [01;36m[K~~~~~~~~~~~~^[m[K
[7.240s] In file included from [01m[K/opt/ros/humble/include/rosidl_runtime_cpp/rosidl_runtime_cpp/traits.hpp:19[m[K,
[7.240s]                  from [01m[K/opt/ros/humble/include/builtin_interfaces/builtin_interfaces/msg/detail/duration__traits.hpp:15[m[K,
[7.240s]                  from [01m[K/opt/ros/humble/include/builtin_interfaces/builtin_interfaces/msg/duration.hpp:9[m[K,
[7.240s]                  from [01m[K/opt/ros/humble/include/rclcpp/rclcpp/duration.hpp:20[m[K,
[7.240s]                  from [01m[K/opt/ros/humble/include/rclcpp/rclcpp/qos.hpp:20[m[K,
[7.240s]                  from [01m[K/opt/ros/humble/include/rclcpp/rclcpp/node_interfaces/node_graph_interface.hpp:32[m[K,
[7.240s]                  from [01m[K/opt/ros/humble/include/rclcpp/rclcpp/client.hpp:42[m[K,
[7.240s]                  from [01m[K/opt/ros/humble/include/rclcpp/rclcpp/callback_group.hpp:24[m[K,
[7.240s]                  from [01m[K/opt/ros/humble/include/rclcpp/rclcpp/any_executable.hpp:20[m[K,
[7.240s]                  from [01m[K/opt/ros/humble/include/rclcpp/rclcpp/memory_strategy.hpp:25[m[K,
[7.240s]                  from [01m[K/opt/ros/humble/include/rclcpp/rclcpp/memory_strategies.hpp:18[m[K,
[7.240s]                  from [01m[K/opt/ros/humble/include/rclcpp/rclcpp/executor_options.hpp:20[m[K,
[7.241s]                  from [01m[K/opt/ros/humble/include/rclcpp/rclcpp/executor.hpp:37[m[K,
[7.241s]                  from [01m[K/opt/ros/humble/include/rclcpp/rclcpp/executors/multi_threaded_executor.hpp:25[m[K,
[7.241s]                  from [01m[K/opt/ros/humble/include/rclcpp/rclcpp/executors.hpp:21[m[K,
[7.241s]                  from [01m[K/opt/ros/humble/include/rclcpp/rclcpp/rclcpp.hpp:155[m[K,
[7.241s]                  from [01m[K/home/dsh/Documents/work_logs/code/SFUISE/sfuise_ws/src/sfuise/src/EstimationInterface.cpp:1[m[K:
[7.241s] [01m[K/usr/include/c++/11/iomanip:238:5:[m[K [01;36m[Knote: [m[Kcandidate: ‘[01m[Ktemplate<class _CharT, class _Traits> std::basic_ostream<_Ch, _Tr>& std::operator<<(std::basic_ostream<_Ch, _Tr>&, std::_Setw)[m[K’
[7.241s]   238 |     [01;36m[Koperator[m[K<<(basic_ostream<_CharT, _Traits>& __os, _Setw __f)
[7.241s]       |     [01;36m[K^~~~~~~~[m[K
[7.241s] [01m[K/usr/include/c++/11/iomanip:238:5:[m[K [01;36m[Knote: [m[K  template argument deduction/substitution failed:
[7.241s] [01m[K/home/dsh/Documents/work_logs/code/SFUISE/sfuise_ws/src/sfuise/src/EstimationInterface.cpp:250:52:[m[K [01;36m[Knote: [m[K  cannot convert ‘[01m[Kpose_tf.PoseData::pos.Eigen::DenseCoeffsBase<Eigen::Matrix<double, 3, 1>, 0>::x[m[K’ (type ‘[01m[K<unresolved overloaded function type>[m[K’) to type ‘[01m[Kstd::_Setw[m[K’
[7.241s]   250 |             std::cout << "pose_tf:" << [01;36m[Kpose_tf.pos.x[m[K << "   "
[7.241s]       |                                        [01;36m[K~~~~~~~~~~~~^[m[K
[7.241s] In file included from [01m[K/opt/ros/humble/include/rosidl_runtime_cpp/rosidl_runtime_cpp/traits.hpp:19[m[K,
[7.241s]                  from [01m[K/opt/ros/humble/include/builtin_interfaces/builtin_interfaces/msg/detail/duration__traits.hpp:15[m[K,
[7.241s]                  from [01m[K/opt/ros/humble/include/builtin_interfaces/builtin_interfaces/msg/duration.hpp:9[m[K,
[7.241s]                  from [01m[K/opt/ros/humble/include/rclcpp/rclcpp/duration.hpp:20[m[K,
[7.241s]                  from [01m[K/opt/ros/humble/include/rclcpp/rclcpp/qos.hpp:20[m[K,
[7.241s]                  from [01m[K/opt/ros/humble/include/rclcpp/rclcpp/node_interfaces/node_graph_interface.hpp:32[m[K,
[7.242s]                  from [01m[K/opt/ros/humble/include/rclcpp/rclcpp/client.hpp:42[m[K,
[7.242s]                  from [01m[K/opt/ros/humble/include/rclcpp/rclcpp/callback_group.hpp:24[m[K,
[7.242s]                  from [01m[K/opt/ros/humble/include/rclcpp/rclcpp/any_executable.hpp:20[m[K,
[7.242s]                  from [01m[K/opt/ros/humble/include/rclcpp/rclcpp/memory_strategy.hpp:25[m[K,
[7.242s]                  from [01m[K/opt/ros/humble/include/rclcpp/rclcpp/memory_strategies.hpp:18[m[K,
[7.242s]                  from [01m[K/opt/ros/humble/include/rclcpp/rclcpp/executor_options.hpp:20[m[K,
[7.242s]                  from [01m[K/opt/ros/humble/include/rclcpp/rclcpp/executor.hpp:37[m[K,
[7.242s]                  from [01m[K/opt/ros/humble/include/rclcpp/rclcpp/executors/multi_threaded_executor.hpp:25[m[K,
[7.242s]                  from [01m[K/opt/ros/humble/include/rclcpp/rclcpp/executors.hpp:21[m[K,
[7.242s]                  from [01m[K/opt/ros/humble/include/rclcpp/rclcpp/rclcpp.hpp:155[m[K,
[7.242s]                  from [01m[K/home/dsh/Documents/work_logs/code/SFUISE/sfuise_ws/src/sfuise/src/EstimationInterface.cpp:1[m[K:
[7.242s] [01m[K/usr/include/c++/11/iomanip:311:5:[m[K [01;36m[Knote: [m[Kcandidate: ‘[01m[Ktemplate<class _CharT, class _Traits, class _MoneyT> std::basic_ostream<_Ch, _Tr>& std::operator<<(std::basic_ostream<_Ch, _Tr>&, std::_Put_money<_MoneyT>)[m[K’
[7.242s]   311 |     [01;36m[Koperator[m[K<<(basic_ostream<_CharT, _Traits>& __os, _Put_money<_MoneyT> __f)
[7.242s]       |     [01;36m[K^~~~~~~~[m[K
[7.242s] [01m[K/usr/include/c++/11/iomanip:311:5:[m[K [01;36m[Knote: [m[K  template argument deduction/substitution failed:
[7.242s] [01m[K/home/dsh/Documents/work_logs/code/SFUISE/sfuise_ws/src/sfuise/src/EstimationInterface.cpp:250:52:[m[K [01;36m[Knote: [m[K  mismatched types ‘[01m[Kstd::_Put_money<_MoneyT>[m[K’ and ‘[01m[KEigen::DenseCoeffsBase<Eigen::Matrix<double, 3, 1>, 1>::Scalar& (Eigen::DenseCoeffsBase<Eigen::Matrix<double, 3, 1>, 1>::*)()[m[K’ {aka ‘[01m[Kdouble& (Eigen::DenseCoeffsBase<Eigen::Matrix<double, 3, 1>, 1>::*)()[m[K’}
[7.243s]   250 |             std::cout << "pose_tf:" << pose_tf.pos.[01;36m[Kx[m[K << "   "
[7.243s]       |                                                    [01;36m[K^[m[K
[7.243s] [01m[K/home/dsh/Documents/work_logs/code/SFUISE/sfuise_ws/src/sfuise/src/EstimationInterface.cpp:250:52:[m[K [01;36m[Knote: [m[K  mismatched types ‘[01m[Kstd::_Put_money<_MoneyT>[m[K’ and ‘[01m[Kconst double& (Eigen::DenseCoeffsBase<Eigen::Matrix<double, 3, 1>, 0>::*)() const[m[K’
[7.243s] [01m[K/home/dsh/Documents/work_logs/code/SFUISE/sfuise_ws/src/sfuise/src/EstimationInterface.cpp:250:52:[m[K [01;36m[Knote: [m[K  couldn’t deduce template parameter ‘[01m[K_MoneyT[m[K’
[7.243s] In file included from [01m[K/opt/ros/humble/include/rosidl_runtime_cpp/rosidl_runtime_cpp/traits.hpp:19[m[K,
[7.243s]                  from [01m[K/opt/ros/humble/include/builtin_interfaces/builtin_interfaces/msg/detail/duration__traits.hpp:15[m[K,
[7.243s]                  from [01m[K/opt/ros/humble/include/builtin_interfaces/builtin_interfaces/msg/duration.hpp:9[m[K,
[7.243s]                  from [01m[K/opt/ros/humble/include/rclcpp/rclcpp/duration.hpp:20[m[K,
[7.243s]                  from [01m[K/opt/ros/humble/include/rclcpp/rclcpp/qos.hpp:20[m[K,
[7.243s]                  from [01m[K/opt/ros/humble/include/rclcpp/rclcpp/node_interfaces/node_graph_interface.hpp:32[m[K,
[7.243s]                  from [01m[K/opt/ros/humble/include/rclcpp/rclcpp/client.hpp:42[m[K,
[7.243s]                  from [01m[K/opt/ros/humble/include/rclcpp/rclcpp/callback_group.hpp:24[m[K,
[7.243s]                  from [01m[K/opt/ros/humble/include/rclcpp/rclcpp/any_executable.hpp:20[m[K,
[7.243s]                  from [01m[K/opt/ros/humble/include/rclcpp/rclcpp/memory_strategy.hpp:25[m[K,
[7.243s]                  from [01m[K/opt/ros/humble/include/rclcpp/rclcpp/memory_strategies.hpp:18[m[K,
[7.243s]                  from [01m[K/opt/ros/humble/include/rclcpp/rclcpp/executor_options.hpp:20[m[K,
[7.244s]                  from [01m[K/opt/ros/humble/include/rclcpp/rclcpp/executor.hpp:37[m[K,
[7.244s]                  from [01m[K/opt/ros/humble/include/rclcpp/rclcpp/executors/multi_threaded_executor.hpp:25[m[K,
[7.244s]                  from [01m[K/opt/ros/humble/include/rclcpp/rclcpp/executors.hpp:21[m[K,
[7.244s]                  from [01m[K/opt/ros/humble/include/rclcpp/rclcpp/rclcpp.hpp:155[m[K,
[7.244s]                  from [01m[K/home/dsh/Documents/work_logs/code/SFUISE/sfuise_ws/src/sfuise/src/EstimationInterface.cpp:1[m[K:
[7.244s] [01m[K/usr/include/c++/11/iomanip:363:5:[m[K [01;36m[Knote: [m[Kcandidate: ‘[01m[Kstd::basic_ostream<_Ch, _Tr>& std::operator<<(std::basic_ostream<_Ch, _Tr>&, std::_Put_time<_CharT>) [with _CharT = char; _Traits = std::char_traits<char>][m[K’
[7.244s]   363 |     [01;36m[Koperator[m[K<<(basic_ostream<_CharT, _Traits>& __os, _Put_time<_CharT> __f)
[7.244s]       |     [01;36m[K^~~~~~~~[m[K
[7.244s] [01m[K/usr/include/c++/11/iomanip:363:72:[m[K [01;36m[Knote: [m[K  no known conversion for argument 2 from ‘[01m[K<unresolved overloaded function type>[m[K’ to ‘[01m[Kstd::_Put_time<char>[m[K’
[7.244s]   363 | operator<<(basic_ostream<_CharT, _Traits>& __os, [01;36m[K_Put_time<_CharT> __f[m[K)
[7.244s]       |                                                  [01;36m[K~~~~~~~~~~~~~~~~~~^~~[m[K
[7.244s] 
[7.244s] In file included from [01m[K/usr/include/eigen3/Eigen/Core:50[m[K,
[7.244s]                  from [01m[K/home/dsh/Documents/work_logs/code/SFUISE/sfuise_ws/src/sfuise/src/../include/utils/common_utils.h:4[m[K,
[7.244s]                  from [01m[K/home/dsh/Documents/work_logs/code/SFUISE/sfuise_ws/src/sfuise/src/../include/SplineState.h:3[m[K,
[7.244s]                  from [01m[K/home/dsh/Documents/work_logs/code/SFUISE/sfuise_ws/src/sfuise/src/EstimationInterface.cpp:3[m[K:
[7.245s] [01m[K/usr/include/c++/11/complex:555:5:[m[K [01;36m[Knote: [m[Kcandidate: ‘[01m[Ktemplate<class _Tp, class _CharT, class _Traits> std::basic_ostream<_CharT, _Traits>& std::operator<<(std::basic_ostream<_CharT, _Traits>&, const std::complex<_Tp>&)[m[K’
[7.245s]   555 |     [01;36m[Koperator[m[K<<(basic_ostream<_CharT, _Traits>& __os, const complex<_Tp>& __x)
[7.245s]       |     [01;36m[K^~~~~~~~[m[K
[7.245s] [01m[K/usr/include/c++/11/complex:555:5:[m[K [01;36m[Knote: [m[K  template argument deduction/substitution failed:
[7.245s] [01m[K/home/dsh/Documents/work_logs/code/SFUISE/sfuise_ws/src/sfuise/src/EstimationInterface.cpp:250:52:[m[K [01;36m[Knote: [m[K  mismatched types ‘[01m[Kconst std::complex<_Tp>[m[K’ and ‘[01m[KEigen::DenseCoeffsBase<Eigen::Matrix<double, 3, 1>, 1>::Scalar& (Eigen::DenseCoeffsBase<Eigen::Matrix<double, 3, 1>, 1>::*)()[m[K’ {aka ‘[01m[Kdouble& (Eigen::DenseCoeffsBase<Eigen::Matrix<double, 3, 1>, 1>::*)()[m[K’}
[7.245s]   250 |             std::cout << "pose_tf:" << pose_tf.pos.[01;36m[Kx[m[K << "   "
[7.245s]       |                                                    [01;36m[K^[m[K
[7.245s] [01m[K/home/dsh/Documents/work_logs/code/SFUISE/sfuise_ws/src/sfuise/src/EstimationInterface.cpp:250:52:[m[K [01;36m[Knote: [m[K  mismatched types ‘[01m[Kconst std::complex<_Tp>[m[K’ and ‘[01m[Kconst double& (Eigen::DenseCoeffsBase<Eigen::Matrix<double, 3, 1>, 0>::*)() const[m[K’
[7.245s] [01m[K/home/dsh/Documents/work_logs/code/SFUISE/sfuise_ws/src/sfuise/src/EstimationInterface.cpp:250:52:[m[K [01;36m[Knote: [m[K  couldn’t deduce template parameter ‘[01m[K_Tp[m[K’
[7.245s] In file included from [01m[K/usr/include/eigen3/Eigen/Core:81[m[K,
[7.245s]                  from [01m[K/home/dsh/Documents/work_logs/code/SFUISE/sfuise_ws/src/sfuise/src/../include/utils/common_utils.h:4[m[K,
[7.245s]                  from [01m[K/home/dsh/Documents/work_logs/code/SFUISE/sfuise_ws/src/sfuise/src/../include/SplineState.h:3[m[K,
[7.245s]                  from [01m[K/home/dsh/Documents/work_logs/code/SFUISE/sfuise_ws/src/sfuise/src/EstimationInterface.cpp:3[m[K:
[7.245s] [01m[K/usr/include/c++/11/cstddef:126:5:[m[K [01;36m[Knote: [m[Kcandidate: ‘[01m[Ktemplate<class _IntegerType> constexpr std::__byte_op_t<_IntegerType> std::operator<<(std::byte, _IntegerType)[m[K’
[7.245s]   126 |     [01;36m[Koperator[m[K<<(byte __b, _IntegerType __shift) noexcept
[7.246s]       |     [01;36m[K^~~~~~~~[m[K
[7.246s] [01m[K/usr/include/c++/11/cstddef:126:5:[m[K [01;36m[Knote: [m[K  template argument deduction/substitution failed:
[7.246s] [01m[K/home/dsh/Documents/work_logs/code/SFUISE/sfuise_ws/src/sfuise/src/EstimationInterface.cpp:250:52:[m[K [01;36m[Knote: [m[K  couldn’t deduce template parameter ‘[01m[K_IntegerType[m[K’
[7.246s]   250 |             std::cout << "pose_tf:" << pose_tf.pos.[01;36m[Kx[m[K << "   "
[7.246s]       |                                                    [01;36m[K^[m[K
[7.246s] In file included from [01m[K/usr/include/eigen3/Eigen/Core:269[m[K,
[7.246s]                  from [01m[K/home/dsh/Documents/work_logs/code/SFUISE/sfuise_ws/src/sfuise/src/../include/utils/common_utils.h:4[m[K,
[7.246s]                  from [01m[K/home/dsh/Documents/work_logs/code/SFUISE/sfuise_ws/src/sfuise/src/../include/SplineState.h:3[m[K,
[7.246s]                  from [01m[K/home/dsh/Documents/work_logs/code/SFUISE/sfuise_ws/src/sfuise/src/EstimationInterface.cpp:3[m[K:
[7.246s] [01m[K/usr/include/eigen3/Eigen/src/Core/IO.h:249:16:[m[K [01;36m[Knote: [m[Kcandidate: ‘[01m[Ktemplate<class Derived> std::ostream& Eigen::operator<<(std::ostream&, const Eigen::DenseBase<Derived>&)[m[K’
[7.246s]   249 | std::ostream & [01;36m[Koperator[m[K <<
[7.246s]       |                [01;36m[K^~~~~~~~[m[K
[7.246s] [01m[K/usr/include/eigen3/Eigen/src/Core/IO.h:249:16:[m[K [01;36m[Knote: [m[K  template argument deduction/substitution failed:
[7.246s] [01m[K/home/dsh/Documents/work_logs/code/SFUISE/sfuise_ws/src/sfuise/src/EstimationInterface.cpp:250:52:[m[K [01;36m[Knote: [m[K  mismatched types ‘[01m[Kconst Eigen::DenseBase<Derived>[m[K’ and ‘[01m[KEigen::DenseCoeffsBase<Eigen::Matrix<double, 3, 1>, 1>::Scalar& (Eigen::DenseCoeffsBase<Eigen::Matrix<double, 3, 1>, 1>::*)()[m[K’ {aka ‘[01m[Kdouble& (Eigen::DenseCoeffsBase<Eigen::Matrix<double, 3, 1>, 1>::*)()[m[K’}
[7.246s]   250 |             std::cout << "pose_tf:" << pose_tf.pos.[01;36m[Kx[m[K << "   "
[7.246s]       |                                                    [01;36m[K^[m[K
[7.246s] [01m[K/home/dsh/Documents/work_logs/code/SFUISE/sfuise_ws/src/sfuise/src/EstimationInterface.cpp:250:52:[m[K [01;36m[Knote: [m[K  mismatched types ‘[01m[Kconst Eigen::DenseBase<Derived>[m[K’ and ‘[01m[Kconst double& (Eigen::DenseCoeffsBase<Eigen::Matrix<double, 3, 1>, 0>::*)() const[m[K’
[7.247s] [01m[K/home/dsh/Documents/work_logs/code/SFUISE/sfuise_ws/src/sfuise/src/EstimationInterface.cpp:250:52:[m[K [01;36m[Knote: [m[K  couldn’t deduce template parameter ‘[01m[KDerived[m[K’
[23.603s] gmake[2]: *** [CMakeFiles/EstimationInterface.dir/build.make:76: CMakeFiles/EstimationInterface.dir/src/EstimationInterface.cpp.o] Error 1
[23.604s] gmake[1]: *** [CMakeFiles/Makefile2:139: CMakeFiles/EstimationInterface.dir/all] Error 2
[23.604s] gmake: *** [Makefile:146: all] Error 2
[23.608s] Invoked command in '/home/dsh/Documents/work_logs/code/SFUISE/sfuise_ws/build/sfuise' returned '2': CMAKE_PREFIX_PATH=/home/dsh/Documents/work_logs/code/SFUISE/sfuise_ws/install/sfuise_msgs:/home/dsh/Documents/work_logs/code/SFUISE/sfuise_ws/install/isas_msgs:/home/dsh/Documents/work_logs/code/SFUISE/sfuise_ws/install/cf_msgs:/home/dsh/Documents/work_logs/code/SFUISE/sfuise_ws/install/sfuise:/opt/ros/humble /usr/bin/cmake --build /home/dsh/Documents/work_logs/code/SFUISE/sfuise_ws/build/sfuise -- -j20 -l20
