[0.011s] Invoking command in '/home/dsh/Documents/work_logs/code/SFUISE/sfuise_ws/build/cf_msgs': CMAKE_PREFIX_PATH=/opt/ros/humble /usr/bin/cmake /home/dsh/Documents/work_logs/code/SFUISE/sfuise_ws/src/cf_msgs -DCMAKE_INSTALL_PREFIX=/home/dsh/Documents/work_logs/code/SFUISE/sfuise_ws/install/cf_msgs
[0.025s] -- Found ament_cmake: 1.3.11 (/opt/ros/humble/share/ament_cmake/cmake)
[0.166s] -- Found ament_lint_auto: 0.12.11 (/opt/ros/humble/share/ament_lint_auto/cmake)
[0.240s] -- Found std_msgs: 4.2.4 (/opt/ros/humble/share/std_msgs/cmake)
[0.265s] -- Found rosidl_generator_c: 3.1.6 (/opt/ros/humble/share/rosidl_generator_c/cmake)
[0.268s] -- Found rosidl_adapter: 3.1.6 (/opt/ros/humble/share/rosidl_adapter/cmake)
[0.274s] -- Found rosidl_generator_cpp: 3.1.6 (/opt/ros/humble/share/rosidl_generator_cpp/cmake)
[0.283s] -- Using all available rosidl_typesupport_c: rosidl_typesupport_fastrtps_c;rosidl_typesupport_introspection_c
[0.295s] -- Using all available rosidl_typesupport_cpp: rosidl_typesupport_fastrtps_cpp;rosidl_typesupport_introspection_cpp
[0.317s] -- Found rosidl_default_generators: 1.2.0 (/opt/ros/humble/share/rosidl_default_generators/cmake)
[0.678s] -- Found ament_cmake_ros: 0.10.0 (/opt/ros/humble/share/ament_cmake_ros/cmake)
[1.099s] -- Using all available rosidl_typesupport_c: rosidl_typesupport_fastrtps_c;rosidl_typesupport_introspection_c
[1.269s] -- Using all available rosidl_typesupport_cpp: rosidl_typesupport_fastrtps_cpp;rosidl_typesupport_introspection_cpp
[1.296s] -- Found PythonInterp: /usr/bin/python3 (found suitable version "3.10.12", minimum required is "3.6") 
[1.297s] -- Found python_cmake_module: 0.10.0 (/opt/ros/humble/share/python_cmake_module/cmake)
[1.328s] -- Found PythonLibs: /usr/lib/x86_64-linux-gnu/libpython3.10.so (found suitable version "3.10.12", minimum required is "3.5") 
[1.328s] -- Using PYTHON_EXECUTABLE: /usr/bin/python3
[1.328s] -- Using PYTHON_INCLUDE_DIRS: /usr/include/python3.10
[1.328s] -- Using PYTHON_LIBRARIES: /usr/lib/x86_64-linux-gnu/libpython3.10.so
[1.355s] -- Found PythonExtra: .so  
[1.412s] -- Added test 'lint_cmake' to check CMake code style
[1.413s] -- Added test 'xmllint' to check XML markup files
[1.420s] -- Configuring done
[1.471s] -- Generating done
[1.488s] -- Build files have been written to: /home/dsh/Documents/work_logs/code/SFUISE/sfuise_ws/build/cf_msgs
[1.500s] Invoked command in '/home/dsh/Documents/work_logs/code/SFUISE/sfuise_ws/build/cf_msgs' returned '0': CMAKE_PREFIX_PATH=/opt/ros/humble /usr/bin/cmake /home/dsh/Documents/work_logs/code/SFUISE/sfuise_ws/src/cf_msgs -DCMAKE_INSTALL_PREFIX=/home/dsh/Documents/work_logs/code/SFUISE/sfuise_ws/install/cf_msgs
[1.501s] Invoking command in '/home/dsh/Documents/work_logs/code/SFUISE/sfuise_ws/build/cf_msgs': CMAKE_PREFIX_PATH=/opt/ros/humble /usr/bin/cmake --build /home/dsh/Documents/work_logs/code/SFUISE/sfuise_ws/build/cf_msgs -- -j20 -l20
[1.554s] [  1%] [34m[1mGenerating C code for ROS interfaces[0m
[1.568s] [  2%] [34m[1mGenerating C++ code for ROS interfaces[0m
[1.583s] [  2%] Built target ament_cmake_python_copy_cf_msgs
[1.918s] running egg_info
[1.918s] creating cf_msgs.egg-info
[1.919s] writing cf_msgs.egg-info/PKG-INFO
[1.919s] writing dependency_links to cf_msgs.egg-info/dependency_links.txt
[1.919s] writing top-level names to cf_msgs.egg-info/top_level.txt
[1.919s] writing manifest file 'cf_msgs.egg-info/SOURCES.txt'
[1.922s] reading manifest file 'cf_msgs.egg-info/SOURCES.txt'
[1.923s] writing manifest file 'cf_msgs.egg-info/SOURCES.txt'
[1.967s] [  2%] Built target ament_cmake_python_build_cf_msgs_egg
[2.265s] [  2%] Built target cf_msgs__cpp
[2.284s] [  6%] [34m[1mGenerating C++ introspection for ROS interfaces[0m
[2.284s] [  6%] [34m[1mGenerating C++ type support for eProsima Fast-RTPS[0m
[2.285s] [  6%] [34m[1mGenerating C++ type support dispatch for ROS interfaces[0m
[2.301s] [  7%] [32mBuilding C object CMakeFiles/cf_msgs__rosidl_generator_c.dir/rosidl_generator_c/cf_msgs/msg/detail/accel__functions.c.o[0m
[2.302s] [  8%] [32mBuilding C object CMakeFiles/cf_msgs__rosidl_generator_c.dir/rosidl_generator_c/cf_msgs/msg/detail/gyro__functions.c.o[0m
[2.304s] [ 10%] [32mBuilding C object CMakeFiles/cf_msgs__rosidl_generator_c.dir/rosidl_generator_c/cf_msgs/msg/detail/twr__functions.c.o[0m
[2.305s] [ 12%] [32mBuilding C object CMakeFiles/cf_msgs__rosidl_generator_c.dir/rosidl_generator_c/cf_msgs/msg/detail/flow__functions.c.o[0m
[2.305s] [ 12%] [32mBuilding C object CMakeFiles/cf_msgs__rosidl_generator_c.dir/rosidl_generator_c/cf_msgs/msg/detail/baro__functions.c.o[0m
[2.305s] [ 13%] [32mBuilding C object CMakeFiles/cf_msgs__rosidl_generator_c.dir/rosidl_generator_c/cf_msgs/msg/detail/tof__functions.c.o[0m
[2.306s] [ 15%] [32mBuilding C object CMakeFiles/cf_msgs__rosidl_generator_c.dir/rosidl_generator_c/cf_msgs/msg/detail/tdoa__functions.c.o[0m
[2.412s] [ 16%] [32m[1mLinking C shared library libcf_msgs__rosidl_generator_c.so[0m
[2.482s] [ 16%] Built target cf_msgs__rosidl_generator_c
[2.499s] [ 17%] [34m[1mGenerating C type support dispatch for ROS interfaces[0m
[2.500s] [ 18%] [34m[1mGenerating C type support for eProsima Fast-RTPS[0m
[2.500s] [ 20%] [34m[1mGenerating C introspection for ROS interfaces[0m
[2.840s] [ 21%] [32mBuilding CXX object CMakeFiles/cf_msgs__rosidl_typesupport_cpp.dir/rosidl_typesupport_cpp/cf_msgs/msg/accel__type_support.cpp.o[0m
[2.841s] [ 22%] [32mBuilding CXX object CMakeFiles/cf_msgs__rosidl_typesupport_cpp.dir/rosidl_typesupport_cpp/cf_msgs/msg/baro__type_support.cpp.o[0m
[2.843s] [ 24%] [32mBuilding CXX object CMakeFiles/cf_msgs__rosidl_typesupport_cpp.dir/rosidl_typesupport_cpp/cf_msgs/msg/flow__type_support.cpp.o[0m
[2.844s] [ 26%] [32mBuilding CXX object CMakeFiles/cf_msgs__rosidl_typesupport_cpp.dir/rosidl_typesupport_cpp/cf_msgs/msg/gyro__type_support.cpp.o[0m
[2.844s] [ 26%] [32mBuilding CXX object CMakeFiles/cf_msgs__rosidl_typesupport_cpp.dir/rosidl_typesupport_cpp/cf_msgs/msg/tdoa__type_support.cpp.o[0m
[2.844s] [ 27%] [32mBuilding CXX object CMakeFiles/cf_msgs__rosidl_typesupport_cpp.dir/rosidl_typesupport_cpp/cf_msgs/msg/tof__type_support.cpp.o[0m
[2.847s] [ 29%] [32mBuilding CXX object CMakeFiles/cf_msgs__rosidl_typesupport_cpp.dir/rosidl_typesupport_cpp/cf_msgs/msg/twr__type_support.cpp.o[0m
[2.921s] [ 30%] [32mBuilding CXX object CMakeFiles/cf_msgs__rosidl_typesupport_introspection_cpp.dir/rosidl_typesupport_introspection_cpp/cf_msgs/msg/detail/gyro__type_support.cpp.o[0m
[2.923s] [ 31%] [32mBuilding CXX object CMakeFiles/cf_msgs__rosidl_typesupport_introspection_cpp.dir/rosidl_typesupport_introspection_cpp/cf_msgs/msg/detail/accel__type_support.cpp.o[0m
[2.924s] [ 32%] [32mBuilding CXX object CMakeFiles/cf_msgs__rosidl_typesupport_introspection_cpp.dir/rosidl_typesupport_introspection_cpp/cf_msgs/msg/detail/flow__type_support.cpp.o[0m
[2.924s] [ 34%] [32mBuilding CXX object CMakeFiles/cf_msgs__rosidl_typesupport_introspection_cpp.dir/rosidl_typesupport_introspection_cpp/cf_msgs/msg/detail/baro__type_support.cpp.o[0m
[2.925s] [ 36%] [32mBuilding CXX object CMakeFiles/cf_msgs__rosidl_typesupport_introspection_cpp.dir/rosidl_typesupport_introspection_cpp/cf_msgs/msg/detail/tdoa__type_support.cpp.o[0m
[2.925s] [ 36%] [32mBuilding CXX object CMakeFiles/cf_msgs__rosidl_typesupport_introspection_cpp.dir/rosidl_typesupport_introspection_cpp/cf_msgs/msg/detail/tof__type_support.cpp.o[0m
[2.925s] [ 37%] [32mBuilding CXX object CMakeFiles/cf_msgs__rosidl_typesupport_introspection_cpp.dir/rosidl_typesupport_introspection_cpp/cf_msgs/msg/detail/twr__type_support.cpp.o[0m
[3.192s] [ 39%] [32mBuilding CXX object CMakeFiles/cf_msgs__rosidl_typesupport_fastrtps_cpp.dir/rosidl_typesupport_fastrtps_cpp/cf_msgs/msg/detail/dds_fastrtps/accel__type_support.cpp.o[0m
[3.204s] [ 40%] [32mBuilding CXX object CMakeFiles/cf_msgs__rosidl_typesupport_fastrtps_cpp.dir/rosidl_typesupport_fastrtps_cpp/cf_msgs/msg/detail/dds_fastrtps/baro__type_support.cpp.o[0m
[3.209s] [ 41%] [32mBuilding CXX object CMakeFiles/cf_msgs__rosidl_typesupport_fastrtps_cpp.dir/rosidl_typesupport_fastrtps_cpp/cf_msgs/msg/detail/dds_fastrtps/flow__type_support.cpp.o[0m
[3.240s] [ 43%] [32mBuilding CXX object CMakeFiles/cf_msgs__rosidl_typesupport_c.dir/rosidl_typesupport_c/cf_msgs/msg/accel__type_support.cpp.o[0m
[3.340s] [ 44%] [32mBuilding CXX object CMakeFiles/cf_msgs__rosidl_typesupport_c.dir/rosidl_typesupport_c/cf_msgs/msg/baro__type_support.cpp.o[0m
[3.455s] [ 45%] [32mBuilding CXX object CMakeFiles/cf_msgs__rosidl_typesupport_c.dir/rosidl_typesupport_c/cf_msgs/msg/flow__type_support.cpp.o[0m
[3.573s] [ 46%] [32mBuilding CXX object CMakeFiles/cf_msgs__rosidl_typesupport_c.dir/rosidl_typesupport_c/cf_msgs/msg/gyro__type_support.cpp.o[0m
[3.686s] [ 48%] [32mBuilding CXX object CMakeFiles/cf_msgs__rosidl_typesupport_c.dir/rosidl_typesupport_c/cf_msgs/msg/tdoa__type_support.cpp.o[0m
[3.709s] [ 49%] [32mBuilding CXX object CMakeFiles/cf_msgs__rosidl_typesupport_c.dir/rosidl_typesupport_c/cf_msgs/msg/tof__type_support.cpp.o[0m
[3.710s] [ 50%] [32mBuilding CXX object CMakeFiles/cf_msgs__rosidl_typesupport_fastrtps_cpp.dir/rosidl_typesupport_fastrtps_cpp/cf_msgs/msg/detail/dds_fastrtps/gyro__type_support.cpp.o[0m
[3.723s] [ 51%] [32mBuilding CXX object CMakeFiles/cf_msgs__rosidl_typesupport_c.dir/rosidl_typesupport_c/cf_msgs/msg/twr__type_support.cpp.o[0m
[3.740s] [ 53%] [32m[1mLinking CXX shared library libcf_msgs__rosidl_typesupport_cpp.so[0m
[3.740s] [ 54%] [32mBuilding CXX object CMakeFiles/cf_msgs__rosidl_typesupport_fastrtps_cpp.dir/rosidl_typesupport_fastrtps_cpp/cf_msgs/msg/detail/dds_fastrtps/tdoa__type_support.cpp.o[0m
[3.744s] [ 55%] [32mBuilding CXX object CMakeFiles/cf_msgs__rosidl_typesupport_fastrtps_cpp.dir/rosidl_typesupport_fastrtps_cpp/cf_msgs/msg/detail/dds_fastrtps/tof__type_support.cpp.o[0m
[3.767s] [ 56%] [32mBuilding CXX object CMakeFiles/cf_msgs__rosidl_typesupport_fastrtps_cpp.dir/rosidl_typesupport_fastrtps_cpp/cf_msgs/msg/detail/dds_fastrtps/twr__type_support.cpp.o[0m
[3.769s] [ 58%] [32mBuilding C object CMakeFiles/cf_msgs__rosidl_typesupport_introspection_c.dir/rosidl_typesupport_introspection_c/cf_msgs/msg/detail/accel__type_support.c.o[0m
[3.811s] [ 59%] [32mBuilding C object CMakeFiles/cf_msgs__rosidl_typesupport_introspection_c.dir/rosidl_typesupport_introspection_c/cf_msgs/msg/detail/baro__type_support.c.o[0m
[3.814s] [ 60%] [32mBuilding C object CMakeFiles/cf_msgs__rosidl_typesupport_introspection_c.dir/rosidl_typesupport_introspection_c/cf_msgs/msg/detail/flow__type_support.c.o[0m
[3.823s] [ 62%] [32mBuilding CXX object CMakeFiles/cf_msgs__rosidl_typesupport_fastrtps_c.dir/rosidl_typesupport_fastrtps_c/cf_msgs/msg/detail/accel__type_support_c.cpp.o[0m
[3.865s] [ 63%] [32m[1mLinking CXX shared library libcf_msgs__rosidl_typesupport_c.so[0m
[3.893s] [ 63%] Built target cf_msgs__rosidl_typesupport_cpp
[3.906s] [ 64%] [32mBuilding CXX object CMakeFiles/cf_msgs__rosidl_typesupport_fastrtps_c.dir/rosidl_typesupport_fastrtps_c/cf_msgs/msg/detail/baro__type_support_c.cpp.o[0m
[3.921s] [ 65%] [32mBuilding CXX object CMakeFiles/cf_msgs__rosidl_typesupport_fastrtps_c.dir/rosidl_typesupport_fastrtps_c/cf_msgs/msg/detail/flow__type_support_c.cpp.o[0m
[3.927s] [ 67%] [32mBuilding C object CMakeFiles/cf_msgs__rosidl_typesupport_introspection_c.dir/rosidl_typesupport_introspection_c/cf_msgs/msg/detail/gyro__type_support.c.o[0m
[3.928s] [ 68%] [32mBuilding CXX object CMakeFiles/cf_msgs__rosidl_typesupport_fastrtps_c.dir/rosidl_typesupport_fastrtps_c/cf_msgs/msg/detail/gyro__type_support_c.cpp.o[0m
[4.038s] [ 69%] [32mBuilding C object CMakeFiles/cf_msgs__rosidl_typesupport_introspection_c.dir/rosidl_typesupport_introspection_c/cf_msgs/msg/detail/tdoa__type_support.c.o[0m
[4.074s] [ 69%] Built target cf_msgs__rosidl_typesupport_c
[4.075s] [ 70%] [32mBuilding C object CMakeFiles/cf_msgs__rosidl_typesupport_introspection_c.dir/rosidl_typesupport_introspection_c/cf_msgs/msg/detail/tof__type_support.c.o[0m
[4.107s] [ 72%] [32mBuilding CXX object CMakeFiles/cf_msgs__rosidl_typesupport_fastrtps_c.dir/rosidl_typesupport_fastrtps_c/cf_msgs/msg/detail/tdoa__type_support_c.cpp.o[0m
[4.121s] [ 73%] [32mBuilding CXX object CMakeFiles/cf_msgs__rosidl_typesupport_fastrtps_c.dir/rosidl_typesupport_fastrtps_c/cf_msgs/msg/detail/tof__type_support_c.cpp.o[0m
[4.124s] [ 74%] [32mBuilding C object CMakeFiles/cf_msgs__rosidl_typesupport_introspection_c.dir/rosidl_typesupport_introspection_c/cf_msgs/msg/detail/twr__type_support.c.o[0m
[4.139s] [ 75%] [32mBuilding CXX object CMakeFiles/cf_msgs__rosidl_typesupport_fastrtps_c.dir/rosidl_typesupport_fastrtps_c/cf_msgs/msg/detail/twr__type_support_c.cpp.o[0m
[4.168s] [ 77%] [32m[1mLinking CXX shared library libcf_msgs__rosidl_typesupport_introspection_cpp.so[0m
[4.225s] [ 78%] [32m[1mLinking C shared library libcf_msgs__rosidl_typesupport_introspection_c.so[0m
[4.321s] [ 78%] Built target cf_msgs__rosidl_typesupport_introspection_cpp
[4.325s] [ 78%] Built target cf_msgs__rosidl_typesupport_introspection_c
[4.836s] [ 79%] [32m[1mLinking CXX shared library libcf_msgs__rosidl_typesupport_fastrtps_cpp.so[0m
[4.897s] [ 81%] [32m[1mLinking CXX shared library libcf_msgs__rosidl_typesupport_fastrtps_c.so[0m
[4.939s] [ 81%] Built target cf_msgs__rosidl_typesupport_fastrtps_cpp
[4.994s] [ 81%] Built target cf_msgs__rosidl_typesupport_fastrtps_c
[5.017s] [ 81%] Built target cf_msgs
[5.042s] [ 82%] [34m[1mGenerating Python code for ROS interfaces[0m
[5.811s] [ 82%] Built target cf_msgs__py
[5.843s] [ 86%] [32mBuilding C object CMakeFiles/cf_msgs__rosidl_generator_py.dir/rosidl_generator_py/cf_msgs/msg/_tof_s.c.o[0m
[5.844s] [ 86%] [32mBuilding C object CMakeFiles/cf_msgs__rosidl_generator_py.dir/rosidl_generator_py/cf_msgs/msg/_tdoa_s.c.o[0m
[5.844s] [ 86%] [32mBuilding C object CMakeFiles/cf_msgs__rosidl_generator_py.dir/rosidl_generator_py/cf_msgs/msg/_baro_s.c.o[0m
[5.844s] [ 87%] [32mBuilding C object CMakeFiles/cf_msgs__rosidl_generator_py.dir/rosidl_generator_py/cf_msgs/msg/_twr_s.c.o[0m
[5.844s] [ 88%] [32mBuilding C object CMakeFiles/cf_msgs__rosidl_generator_py.dir/rosidl_generator_py/cf_msgs/msg/_accel_s.c.o[0m
[5.845s] [ 91%] [32mBuilding C object CMakeFiles/cf_msgs__rosidl_generator_py.dir/rosidl_generator_py/cf_msgs/msg/_flow_s.c.o[0m
[5.845s] [ 91%] [32mBuilding C object CMakeFiles/cf_msgs__rosidl_generator_py.dir/rosidl_generator_py/cf_msgs/msg/_gyro_s.c.o[0m
[6.024s] [ 92%] [32m[1mLinking C shared library rosidl_generator_py/cf_msgs/libcf_msgs__rosidl_generator_py.so[0m
[6.079s] [ 92%] Built target cf_msgs__rosidl_generator_py
[6.106s] [ 93%] [32mBuilding C object CMakeFiles/cf_msgs__rosidl_typesupport_c__pyext.dir/rosidl_generator_py/cf_msgs/_cf_msgs_s.ep.rosidl_typesupport_c.c.o[0m
[6.106s] [ 94%] [32mBuilding C object CMakeFiles/cf_msgs__rosidl_typesupport_fastrtps_c__pyext.dir/rosidl_generator_py/cf_msgs/_cf_msgs_s.ep.rosidl_typesupport_fastrtps_c.c.o[0m
[6.108s] [ 96%] [32mBuilding C object CMakeFiles/cf_msgs__rosidl_typesupport_introspection_c__pyext.dir/rosidl_generator_py/cf_msgs/_cf_msgs_s.ep.rosidl_typesupport_introspection_c.c.o[0m
[6.283s] [ 97%] [32m[1mLinking C shared library rosidl_generator_py/cf_msgs/cf_msgs_s__rosidl_typesupport_fastrtps_c.cpython-310-x86_64-linux-gnu.so[0m
[6.283s] [100%] [32m[1mLinking C shared library rosidl_generator_py/cf_msgs/cf_msgs_s__rosidl_typesupport_introspection_c.cpython-310-x86_64-linux-gnu.so[0m
[6.283s] [100%] [32m[1mLinking C shared library rosidl_generator_py/cf_msgs/cf_msgs_s__rosidl_typesupport_c.cpython-310-x86_64-linux-gnu.so[0m
[6.342s] [100%] Built target cf_msgs__rosidl_typesupport_introspection_c__pyext
[6.342s] [100%] Built target cf_msgs__rosidl_typesupport_c__pyext
[6.345s] [100%] Built target cf_msgs__rosidl_typesupport_fastrtps_c__pyext
[6.362s] Invoked command in '/home/dsh/Documents/work_logs/code/SFUISE/sfuise_ws/build/cf_msgs' returned '0': CMAKE_PREFIX_PATH=/opt/ros/humble /usr/bin/cmake --build /home/dsh/Documents/work_logs/code/SFUISE/sfuise_ws/build/cf_msgs -- -j20 -l20
[6.376s] Invoking command in '/home/dsh/Documents/work_logs/code/SFUISE/sfuise_ws/build/cf_msgs': CMAKE_PREFIX_PATH=/opt/ros/humble /usr/bin/cmake --install /home/dsh/Documents/work_logs/code/SFUISE/sfuise_ws/build/cf_msgs
[6.388s] -- Install configuration: ""
[6.388s] -- Installing: /home/dsh/Documents/work_logs/code/SFUISE/sfuise_ws/install/cf_msgs/share/ament_index/resource_index/rosidl_interfaces/cf_msgs
[6.388s] -- Installing: /home/dsh/Documents/work_logs/code/SFUISE/sfuise_ws/install/cf_msgs/include/cf_msgs/cf_msgs
[6.388s] -- Installing: /home/dsh/Documents/work_logs/code/SFUISE/sfuise_ws/install/cf_msgs/include/cf_msgs/cf_msgs/msg
[6.388s] -- Installing: /home/dsh/Documents/work_logs/code/SFUISE/sfuise_ws/install/cf_msgs/include/cf_msgs/cf_msgs/msg/flow.h
[6.389s] -- Installing: /home/dsh/Documents/work_logs/code/SFUISE/sfuise_ws/install/cf_msgs/include/cf_msgs/cf_msgs/msg/tdoa.h
[6.389s] -- Installing: /home/dsh/Documents/work_logs/code/SFUISE/sfuise_ws/install/cf_msgs/include/cf_msgs/cf_msgs/msg/accel.h
[6.389s] -- Installing: /home/dsh/Documents/work_logs/code/SFUISE/sfuise_ws/install/cf_msgs/include/cf_msgs/cf_msgs/msg/detail
[6.389s] -- Installing: /home/dsh/Documents/work_logs/code/SFUISE/sfuise_ws/install/cf_msgs/include/cf_msgs/cf_msgs/msg/detail/baro__type_support.h
[6.389s] -- Installing: /home/dsh/Documents/work_logs/code/SFUISE/sfuise_ws/install/cf_msgs/include/cf_msgs/cf_msgs/msg/detail/twr__struct.h
[6.389s] -- Installing: /home/dsh/Documents/work_logs/code/SFUISE/sfuise_ws/install/cf_msgs/include/cf_msgs/cf_msgs/msg/detail/gyro__struct.h
[6.389s] -- Installing: /home/dsh/Documents/work_logs/code/SFUISE/sfuise_ws/install/cf_msgs/include/cf_msgs/cf_msgs/msg/detail/flow__functions.c
[6.390s] -- Installing: /home/dsh/Documents/work_logs/code/SFUISE/sfuise_ws/install/cf_msgs/include/cf_msgs/cf_msgs/msg/detail/tdoa__type_support.h
[6.390s] -- Installing: /home/dsh/Documents/work_logs/code/SFUISE/sfuise_ws/install/cf_msgs/include/cf_msgs/cf_msgs/msg/detail/baro__struct.h
[6.390s] -- Installing: /home/dsh/Documents/work_logs/code/SFUISE/sfuise_ws/install/cf_msgs/include/cf_msgs/cf_msgs/msg/detail/accel__functions.h
[6.390s] -- Installing: /home/dsh/Documents/work_logs/code/SFUISE/sfuise_ws/install/cf_msgs/include/cf_msgs/cf_msgs/msg/detail/twr__functions.c
[6.390s] -- Installing: /home/dsh/Documents/work_logs/code/SFUISE/sfuise_ws/install/cf_msgs/include/cf_msgs/cf_msgs/msg/detail/twr__functions.h
[6.390s] -- Installing: /home/dsh/Documents/work_logs/code/SFUISE/sfuise_ws/install/cf_msgs/include/cf_msgs/cf_msgs/msg/detail/flow__struct.h
[6.390s] -- Installing: /home/dsh/Documents/work_logs/code/SFUISE/sfuise_ws/install/cf_msgs/include/cf_msgs/cf_msgs/msg/detail/tof__type_support.h
[6.391s] -- Installing: /home/dsh/Documents/work_logs/code/SFUISE/sfuise_ws/install/cf_msgs/include/cf_msgs/cf_msgs/msg/detail/tof__functions.h
[6.391s] -- Installing: /home/dsh/Documents/work_logs/code/SFUISE/sfuise_ws/install/cf_msgs/include/cf_msgs/cf_msgs/msg/detail/tdoa__functions.h
[6.391s] -- Installing: /home/dsh/Documents/work_logs/code/SFUISE/sfuise_ws/install/cf_msgs/include/cf_msgs/cf_msgs/msg/detail/baro__functions.h
[6.391s] -- Installing: /home/dsh/Documents/work_logs/code/SFUISE/sfuise_ws/install/cf_msgs/include/cf_msgs/cf_msgs/msg/detail/flow__functions.h
[6.391s] -- Installing: /home/dsh/Documents/work_logs/code/SFUISE/sfuise_ws/install/cf_msgs/include/cf_msgs/cf_msgs/msg/detail/twr__type_support.h
[6.391s] -- Installing: /home/dsh/Documents/work_logs/code/SFUISE/sfuise_ws/install/cf_msgs/include/cf_msgs/cf_msgs/msg/detail/accel__functions.c
[6.391s] -- Installing: /home/dsh/Documents/work_logs/code/SFUISE/sfuise_ws/install/cf_msgs/include/cf_msgs/cf_msgs/msg/detail/tdoa__functions.c
[6.392s] -- Installing: /home/dsh/Documents/work_logs/code/SFUISE/sfuise_ws/install/cf_msgs/include/cf_msgs/cf_msgs/msg/detail/accel__struct.h
[6.392s] -- Installing: /home/dsh/Documents/work_logs/code/SFUISE/sfuise_ws/install/cf_msgs/include/cf_msgs/cf_msgs/msg/detail/gyro__type_support.h
[6.392s] -- Installing: /home/dsh/Documents/work_logs/code/SFUISE/sfuise_ws/install/cf_msgs/include/cf_msgs/cf_msgs/msg/detail/gyro__functions.h
[6.392s] -- Installing: /home/dsh/Documents/work_logs/code/SFUISE/sfuise_ws/install/cf_msgs/include/cf_msgs/cf_msgs/msg/detail/tof__functions.c
[6.392s] -- Installing: /home/dsh/Documents/work_logs/code/SFUISE/sfuise_ws/install/cf_msgs/include/cf_msgs/cf_msgs/msg/detail/accel__type_support.h
[6.392s] -- Installing: /home/dsh/Documents/work_logs/code/SFUISE/sfuise_ws/install/cf_msgs/include/cf_msgs/cf_msgs/msg/detail/gyro__functions.c
[6.392s] -- Installing: /home/dsh/Documents/work_logs/code/SFUISE/sfuise_ws/install/cf_msgs/include/cf_msgs/cf_msgs/msg/detail/tdoa__struct.h
[6.393s] -- Installing: /home/dsh/Documents/work_logs/code/SFUISE/sfuise_ws/install/cf_msgs/include/cf_msgs/cf_msgs/msg/detail/flow__type_support.h
[6.393s] -- Installing: /home/dsh/Documents/work_logs/code/SFUISE/sfuise_ws/install/cf_msgs/include/cf_msgs/cf_msgs/msg/detail/baro__functions.c
[6.393s] -- Installing: /home/dsh/Documents/work_logs/code/SFUISE/sfuise_ws/install/cf_msgs/include/cf_msgs/cf_msgs/msg/detail/tof__struct.h
[6.393s] -- Installing: /home/dsh/Documents/work_logs/code/SFUISE/sfuise_ws/install/cf_msgs/include/cf_msgs/cf_msgs/msg/tof.h
[6.393s] -- Installing: /home/dsh/Documents/work_logs/code/SFUISE/sfuise_ws/install/cf_msgs/include/cf_msgs/cf_msgs/msg/gyro.h
[6.393s] -- Installing: /home/dsh/Documents/work_logs/code/SFUISE/sfuise_ws/install/cf_msgs/include/cf_msgs/cf_msgs/msg/twr.h
[6.393s] -- Installing: /home/dsh/Documents/work_logs/code/SFUISE/sfuise_ws/install/cf_msgs/include/cf_msgs/cf_msgs/msg/rosidl_generator_c__visibility_control.h
[6.394s] -- Installing: /home/dsh/Documents/work_logs/code/SFUISE/sfuise_ws/install/cf_msgs/include/cf_msgs/cf_msgs/msg/baro.h
[6.394s] -- Installing: /home/dsh/Documents/work_logs/code/SFUISE/sfuise_ws/install/cf_msgs/share/cf_msgs/environment/library_path.sh
[6.394s] -- Installing: /home/dsh/Documents/work_logs/code/SFUISE/sfuise_ws/install/cf_msgs/share/cf_msgs/environment/library_path.dsv
[6.394s] -- Installing: /home/dsh/Documents/work_logs/code/SFUISE/sfuise_ws/install/cf_msgs/lib/libcf_msgs__rosidl_generator_c.so
[6.394s] -- Set runtime path of "/home/dsh/Documents/work_logs/code/SFUISE/sfuise_ws/install/cf_msgs/lib/libcf_msgs__rosidl_generator_c.so" to ""
[6.394s] -- Up-to-date: /home/dsh/Documents/work_logs/code/SFUISE/sfuise_ws/install/cf_msgs/include/cf_msgs/cf_msgs
[6.395s] -- Up-to-date: /home/dsh/Documents/work_logs/code/SFUISE/sfuise_ws/install/cf_msgs/include/cf_msgs/cf_msgs/msg
[6.395s] -- Installing: /home/dsh/Documents/work_logs/code/SFUISE/sfuise_ws/install/cf_msgs/include/cf_msgs/cf_msgs/msg/rosidl_typesupport_fastrtps_c__visibility_control.h
[6.395s] -- Up-to-date: /home/dsh/Documents/work_logs/code/SFUISE/sfuise_ws/install/cf_msgs/include/cf_msgs/cf_msgs/msg/detail
[6.395s] -- Installing: /home/dsh/Documents/work_logs/code/SFUISE/sfuise_ws/install/cf_msgs/include/cf_msgs/cf_msgs/msg/detail/flow__rosidl_typesupport_fastrtps_c.h
[6.396s] -- Installing: /home/dsh/Documents/work_logs/code/SFUISE/sfuise_ws/install/cf_msgs/include/cf_msgs/cf_msgs/msg/detail/tdoa__rosidl_typesupport_fastrtps_c.h
[6.396s] -- Installing: /home/dsh/Documents/work_logs/code/SFUISE/sfuise_ws/install/cf_msgs/include/cf_msgs/cf_msgs/msg/detail/gyro__rosidl_typesupport_fastrtps_c.h
[6.396s] -- Installing: /home/dsh/Documents/work_logs/code/SFUISE/sfuise_ws/install/cf_msgs/include/cf_msgs/cf_msgs/msg/detail/tof__rosidl_typesupport_fastrtps_c.h
[6.396s] -- Installing: /home/dsh/Documents/work_logs/code/SFUISE/sfuise_ws/install/cf_msgs/include/cf_msgs/cf_msgs/msg/detail/twr__rosidl_typesupport_fastrtps_c.h
[6.396s] -- Installing: /home/dsh/Documents/work_logs/code/SFUISE/sfuise_ws/install/cf_msgs/include/cf_msgs/cf_msgs/msg/detail/accel__rosidl_typesupport_fastrtps_c.h
[6.396s] -- Installing: /home/dsh/Documents/work_logs/code/SFUISE/sfuise_ws/install/cf_msgs/include/cf_msgs/cf_msgs/msg/detail/baro__rosidl_typesupport_fastrtps_c.h
[6.396s] -- Installing: /home/dsh/Documents/work_logs/code/SFUISE/sfuise_ws/install/cf_msgs/lib/libcf_msgs__rosidl_typesupport_fastrtps_c.so
[6.396s] -- Set runtime path of "/home/dsh/Documents/work_logs/code/SFUISE/sfuise_ws/install/cf_msgs/lib/libcf_msgs__rosidl_typesupport_fastrtps_c.so" to ""
[6.396s] -- Up-to-date: /home/dsh/Documents/work_logs/code/SFUISE/sfuise_ws/install/cf_msgs/include/cf_msgs/cf_msgs
[6.396s] -- Up-to-date: /home/dsh/Documents/work_logs/code/SFUISE/sfuise_ws/install/cf_msgs/include/cf_msgs/cf_msgs/msg
[6.397s] -- Up-to-date: /home/dsh/Documents/work_logs/code/SFUISE/sfuise_ws/install/cf_msgs/include/cf_msgs/cf_msgs/msg/detail
[6.397s] -- Installing: /home/dsh/Documents/work_logs/code/SFUISE/sfuise_ws/install/cf_msgs/include/cf_msgs/cf_msgs/msg/detail/twr__traits.hpp
[6.397s] -- Installing: /home/dsh/Documents/work_logs/code/SFUISE/sfuise_ws/install/cf_msgs/include/cf_msgs/cf_msgs/msg/detail/baro__struct.hpp
[6.397s] -- Installing: /home/dsh/Documents/work_logs/code/SFUISE/sfuise_ws/install/cf_msgs/include/cf_msgs/cf_msgs/msg/detail/gyro__traits.hpp
[6.397s] -- Installing: /home/dsh/Documents/work_logs/code/SFUISE/sfuise_ws/install/cf_msgs/include/cf_msgs/cf_msgs/msg/detail/accel__struct.hpp
[6.397s] -- Installing: /home/dsh/Documents/work_logs/code/SFUISE/sfuise_ws/install/cf_msgs/include/cf_msgs/cf_msgs/msg/detail/flow__type_support.hpp
[6.397s] -- Installing: /home/dsh/Documents/work_logs/code/SFUISE/sfuise_ws/install/cf_msgs/include/cf_msgs/cf_msgs/msg/detail/baro__builder.hpp
[6.397s] -- Installing: /home/dsh/Documents/work_logs/code/SFUISE/sfuise_ws/install/cf_msgs/include/cf_msgs/cf_msgs/msg/detail/tdoa__traits.hpp
[6.397s] -- Installing: /home/dsh/Documents/work_logs/code/SFUISE/sfuise_ws/install/cf_msgs/include/cf_msgs/cf_msgs/msg/detail/accel__builder.hpp
[6.397s] -- Installing: /home/dsh/Documents/work_logs/code/SFUISE/sfuise_ws/install/cf_msgs/include/cf_msgs/cf_msgs/msg/detail/tdoa__struct.hpp
[6.397s] -- Installing: /home/dsh/Documents/work_logs/code/SFUISE/sfuise_ws/install/cf_msgs/include/cf_msgs/cf_msgs/msg/detail/tof__builder.hpp
[6.397s] -- Installing: /home/dsh/Documents/work_logs/code/SFUISE/sfuise_ws/install/cf_msgs/include/cf_msgs/cf_msgs/msg/detail/twr__builder.hpp
[6.397s] -- Installing: /home/dsh/Documents/work_logs/code/SFUISE/sfuise_ws/install/cf_msgs/include/cf_msgs/cf_msgs/msg/detail/twr__type_support.hpp
[6.398s] -- Installing: /home/dsh/Documents/work_logs/code/SFUISE/sfuise_ws/install/cf_msgs/include/cf_msgs/cf_msgs/msg/detail/tdoa__type_support.hpp
[6.398s] -- Installing: /home/dsh/Documents/work_logs/code/SFUISE/sfuise_ws/install/cf_msgs/include/cf_msgs/cf_msgs/msg/detail/accel__type_support.hpp
[6.398s] -- Installing: /home/dsh/Documents/work_logs/code/SFUISE/sfuise_ws/install/cf_msgs/include/cf_msgs/cf_msgs/msg/detail/twr__struct.hpp
[6.398s] -- Installing: /home/dsh/Documents/work_logs/code/SFUISE/sfuise_ws/install/cf_msgs/include/cf_msgs/cf_msgs/msg/detail/gyro__builder.hpp
[6.398s] -- Installing: /home/dsh/Documents/work_logs/code/SFUISE/sfuise_ws/install/cf_msgs/include/cf_msgs/cf_msgs/msg/detail/tdoa__builder.hpp
[6.398s] -- Installing: /home/dsh/Documents/work_logs/code/SFUISE/sfuise_ws/install/cf_msgs/include/cf_msgs/cf_msgs/msg/detail/flow__traits.hpp
[6.398s] -- Installing: /home/dsh/Documents/work_logs/code/SFUISE/sfuise_ws/install/cf_msgs/include/cf_msgs/cf_msgs/msg/detail/flow__struct.hpp
[6.398s] -- Installing: /home/dsh/Documents/work_logs/code/SFUISE/sfuise_ws/install/cf_msgs/include/cf_msgs/cf_msgs/msg/detail/gyro__struct.hpp
[6.398s] -- Installing: /home/dsh/Documents/work_logs/code/SFUISE/sfuise_ws/install/cf_msgs/include/cf_msgs/cf_msgs/msg/detail/baro__traits.hpp
[6.398s] -- Installing: /home/dsh/Documents/work_logs/code/SFUISE/sfuise_ws/install/cf_msgs/include/cf_msgs/cf_msgs/msg/detail/gyro__type_support.hpp
[6.398s] -- Installing: /home/dsh/Documents/work_logs/code/SFUISE/sfuise_ws/install/cf_msgs/include/cf_msgs/cf_msgs/msg/detail/tof__type_support.hpp
[6.398s] -- Installing: /home/dsh/Documents/work_logs/code/SFUISE/sfuise_ws/install/cf_msgs/include/cf_msgs/cf_msgs/msg/detail/flow__builder.hpp
[6.398s] -- Installing: /home/dsh/Documents/work_logs/code/SFUISE/sfuise_ws/install/cf_msgs/include/cf_msgs/cf_msgs/msg/detail/tof__traits.hpp
[6.399s] -- Installing: /home/dsh/Documents/work_logs/code/SFUISE/sfuise_ws/install/cf_msgs/include/cf_msgs/cf_msgs/msg/detail/tof__struct.hpp
[6.399s] -- Installing: /home/dsh/Documents/work_logs/code/SFUISE/sfuise_ws/install/cf_msgs/include/cf_msgs/cf_msgs/msg/detail/accel__traits.hpp
[6.399s] -- Installing: /home/dsh/Documents/work_logs/code/SFUISE/sfuise_ws/install/cf_msgs/include/cf_msgs/cf_msgs/msg/detail/baro__type_support.hpp
[6.399s] -- Installing: /home/dsh/Documents/work_logs/code/SFUISE/sfuise_ws/install/cf_msgs/include/cf_msgs/cf_msgs/msg/accel.hpp
[6.399s] -- Installing: /home/dsh/Documents/work_logs/code/SFUISE/sfuise_ws/install/cf_msgs/include/cf_msgs/cf_msgs/msg/gyro.hpp
[6.399s] -- Installing: /home/dsh/Documents/work_logs/code/SFUISE/sfuise_ws/install/cf_msgs/include/cf_msgs/cf_msgs/msg/twr.hpp
[6.399s] -- Installing: /home/dsh/Documents/work_logs/code/SFUISE/sfuise_ws/install/cf_msgs/include/cf_msgs/cf_msgs/msg/tdoa.hpp
[6.399s] -- Installing: /home/dsh/Documents/work_logs/code/SFUISE/sfuise_ws/install/cf_msgs/include/cf_msgs/cf_msgs/msg/baro.hpp
[6.399s] -- Installing: /home/dsh/Documents/work_logs/code/SFUISE/sfuise_ws/install/cf_msgs/include/cf_msgs/cf_msgs/msg/flow.hpp
[6.399s] -- Installing: /home/dsh/Documents/work_logs/code/SFUISE/sfuise_ws/install/cf_msgs/include/cf_msgs/cf_msgs/msg/rosidl_generator_cpp__visibility_control.hpp
[6.399s] -- Installing: /home/dsh/Documents/work_logs/code/SFUISE/sfuise_ws/install/cf_msgs/include/cf_msgs/cf_msgs/msg/tof.hpp
[6.399s] -- Up-to-date: /home/dsh/Documents/work_logs/code/SFUISE/sfuise_ws/install/cf_msgs/include/cf_msgs/cf_msgs
[6.399s] -- Up-to-date: /home/dsh/Documents/work_logs/code/SFUISE/sfuise_ws/install/cf_msgs/include/cf_msgs/cf_msgs/msg
[6.399s] -- Up-to-date: /home/dsh/Documents/work_logs/code/SFUISE/sfuise_ws/install/cf_msgs/include/cf_msgs/cf_msgs/msg/detail
[6.400s] -- Installing: /home/dsh/Documents/work_logs/code/SFUISE/sfuise_ws/install/cf_msgs/include/cf_msgs/cf_msgs/msg/detail/accel__rosidl_typesupport_fastrtps_cpp.hpp
[6.400s] -- Installing: /home/dsh/Documents/work_logs/code/SFUISE/sfuise_ws/install/cf_msgs/include/cf_msgs/cf_msgs/msg/detail/gyro__rosidl_typesupport_fastrtps_cpp.hpp
[6.400s] -- Installing: /home/dsh/Documents/work_logs/code/SFUISE/sfuise_ws/install/cf_msgs/include/cf_msgs/cf_msgs/msg/detail/twr__rosidl_typesupport_fastrtps_cpp.hpp
[6.400s] -- Installing: /home/dsh/Documents/work_logs/code/SFUISE/sfuise_ws/install/cf_msgs/include/cf_msgs/cf_msgs/msg/detail/tof__rosidl_typesupport_fastrtps_cpp.hpp
[6.400s] -- Installing: /home/dsh/Documents/work_logs/code/SFUISE/sfuise_ws/install/cf_msgs/include/cf_msgs/cf_msgs/msg/detail/tdoa__rosidl_typesupport_fastrtps_cpp.hpp
[6.400s] -- Installing: /home/dsh/Documents/work_logs/code/SFUISE/sfuise_ws/install/cf_msgs/include/cf_msgs/cf_msgs/msg/detail/baro__rosidl_typesupport_fastrtps_cpp.hpp
[6.400s] -- Installing: /home/dsh/Documents/work_logs/code/SFUISE/sfuise_ws/install/cf_msgs/include/cf_msgs/cf_msgs/msg/detail/dds_fastrtps
[6.400s] -- Installing: /home/dsh/Documents/work_logs/code/SFUISE/sfuise_ws/install/cf_msgs/include/cf_msgs/cf_msgs/msg/detail/flow__rosidl_typesupport_fastrtps_cpp.hpp
[6.400s] -- Installing: /home/dsh/Documents/work_logs/code/SFUISE/sfuise_ws/install/cf_msgs/include/cf_msgs/cf_msgs/msg/rosidl_typesupport_fastrtps_cpp__visibility_control.h
[6.400s] -- Installing: /home/dsh/Documents/work_logs/code/SFUISE/sfuise_ws/install/cf_msgs/lib/libcf_msgs__rosidl_typesupport_fastrtps_cpp.so
[6.400s] -- Set runtime path of "/home/dsh/Documents/work_logs/code/SFUISE/sfuise_ws/install/cf_msgs/lib/libcf_msgs__rosidl_typesupport_fastrtps_cpp.so" to ""
[6.400s] -- Up-to-date: /home/dsh/Documents/work_logs/code/SFUISE/sfuise_ws/install/cf_msgs/include/cf_msgs/cf_msgs
[6.401s] -- Up-to-date: /home/dsh/Documents/work_logs/code/SFUISE/sfuise_ws/install/cf_msgs/include/cf_msgs/cf_msgs/msg
[6.401s] -- Up-to-date: /home/dsh/Documents/work_logs/code/SFUISE/sfuise_ws/install/cf_msgs/include/cf_msgs/cf_msgs/msg/detail
[6.401s] -- Installing: /home/dsh/Documents/work_logs/code/SFUISE/sfuise_ws/install/cf_msgs/include/cf_msgs/cf_msgs/msg/detail/tof__type_support.c
[6.401s] -- Installing: /home/dsh/Documents/work_logs/code/SFUISE/sfuise_ws/install/cf_msgs/include/cf_msgs/cf_msgs/msg/detail/accel__rosidl_typesupport_introspection_c.h
[6.401s] -- Installing: /home/dsh/Documents/work_logs/code/SFUISE/sfuise_ws/install/cf_msgs/include/cf_msgs/cf_msgs/msg/detail/twr__rosidl_typesupport_introspection_c.h
[6.401s] -- Installing: /home/dsh/Documents/work_logs/code/SFUISE/sfuise_ws/install/cf_msgs/include/cf_msgs/cf_msgs/msg/detail/flow__type_support.c
[6.401s] -- Installing: /home/dsh/Documents/work_logs/code/SFUISE/sfuise_ws/install/cf_msgs/include/cf_msgs/cf_msgs/msg/detail/tdoa__type_support.c
[6.401s] -- Installing: /home/dsh/Documents/work_logs/code/SFUISE/sfuise_ws/install/cf_msgs/include/cf_msgs/cf_msgs/msg/detail/tdoa__rosidl_typesupport_introspection_c.h
[6.401s] -- Installing: /home/dsh/Documents/work_logs/code/SFUISE/sfuise_ws/install/cf_msgs/include/cf_msgs/cf_msgs/msg/detail/twr__type_support.c
[6.401s] -- Installing: /home/dsh/Documents/work_logs/code/SFUISE/sfuise_ws/install/cf_msgs/include/cf_msgs/cf_msgs/msg/detail/flow__rosidl_typesupport_introspection_c.h
[6.401s] -- Installing: /home/dsh/Documents/work_logs/code/SFUISE/sfuise_ws/install/cf_msgs/include/cf_msgs/cf_msgs/msg/detail/accel__type_support.c
[6.401s] -- Installing: /home/dsh/Documents/work_logs/code/SFUISE/sfuise_ws/install/cf_msgs/include/cf_msgs/cf_msgs/msg/detail/baro__type_support.c
[6.401s] -- Installing: /home/dsh/Documents/work_logs/code/SFUISE/sfuise_ws/install/cf_msgs/include/cf_msgs/cf_msgs/msg/detail/tof__rosidl_typesupport_introspection_c.h
[6.402s] -- Installing: /home/dsh/Documents/work_logs/code/SFUISE/sfuise_ws/install/cf_msgs/include/cf_msgs/cf_msgs/msg/detail/gyro__type_support.c
[6.402s] -- Installing: /home/dsh/Documents/work_logs/code/SFUISE/sfuise_ws/install/cf_msgs/include/cf_msgs/cf_msgs/msg/detail/baro__rosidl_typesupport_introspection_c.h
[6.402s] -- Installing: /home/dsh/Documents/work_logs/code/SFUISE/sfuise_ws/install/cf_msgs/include/cf_msgs/cf_msgs/msg/detail/gyro__rosidl_typesupport_introspection_c.h
[6.402s] -- Installing: /home/dsh/Documents/work_logs/code/SFUISE/sfuise_ws/install/cf_msgs/include/cf_msgs/cf_msgs/msg/rosidl_typesupport_introspection_c__visibility_control.h
[6.402s] -- Installing: /home/dsh/Documents/work_logs/code/SFUISE/sfuise_ws/install/cf_msgs/lib/libcf_msgs__rosidl_typesupport_introspection_c.so
[6.402s] -- Set runtime path of "/home/dsh/Documents/work_logs/code/SFUISE/sfuise_ws/install/cf_msgs/lib/libcf_msgs__rosidl_typesupport_introspection_c.so" to ""
[6.402s] -- Installing: /home/dsh/Documents/work_logs/code/SFUISE/sfuise_ws/install/cf_msgs/lib/libcf_msgs__rosidl_typesupport_c.so
[6.402s] -- Set runtime path of "/home/dsh/Documents/work_logs/code/SFUISE/sfuise_ws/install/cf_msgs/lib/libcf_msgs__rosidl_typesupport_c.so" to ""
[6.402s] -- Up-to-date: /home/dsh/Documents/work_logs/code/SFUISE/sfuise_ws/install/cf_msgs/include/cf_msgs/cf_msgs
[6.402s] -- Up-to-date: /home/dsh/Documents/work_logs/code/SFUISE/sfuise_ws/install/cf_msgs/include/cf_msgs/cf_msgs/msg
[6.402s] -- Up-to-date: /home/dsh/Documents/work_logs/code/SFUISE/sfuise_ws/install/cf_msgs/include/cf_msgs/cf_msgs/msg/detail
[6.402s] -- Installing: /home/dsh/Documents/work_logs/code/SFUISE/sfuise_ws/install/cf_msgs/include/cf_msgs/cf_msgs/msg/detail/tdoa__type_support.cpp
[6.403s] -- Installing: /home/dsh/Documents/work_logs/code/SFUISE/sfuise_ws/install/cf_msgs/include/cf_msgs/cf_msgs/msg/detail/baro__rosidl_typesupport_introspection_cpp.hpp
[6.403s] -- Installing: /home/dsh/Documents/work_logs/code/SFUISE/sfuise_ws/install/cf_msgs/include/cf_msgs/cf_msgs/msg/detail/tof__rosidl_typesupport_introspection_cpp.hpp
[6.403s] -- Installing: /home/dsh/Documents/work_logs/code/SFUISE/sfuise_ws/install/cf_msgs/include/cf_msgs/cf_msgs/msg/detail/tdoa__rosidl_typesupport_introspection_cpp.hpp
[6.403s] -- Installing: /home/dsh/Documents/work_logs/code/SFUISE/sfuise_ws/install/cf_msgs/include/cf_msgs/cf_msgs/msg/detail/accel__type_support.cpp
[6.403s] -- Installing: /home/dsh/Documents/work_logs/code/SFUISE/sfuise_ws/install/cf_msgs/include/cf_msgs/cf_msgs/msg/detail/gyro__rosidl_typesupport_introspection_cpp.hpp
[6.403s] -- Installing: /home/dsh/Documents/work_logs/code/SFUISE/sfuise_ws/install/cf_msgs/include/cf_msgs/cf_msgs/msg/detail/tof__type_support.cpp
[6.403s] -- Installing: /home/dsh/Documents/work_logs/code/SFUISE/sfuise_ws/install/cf_msgs/include/cf_msgs/cf_msgs/msg/detail/gyro__type_support.cpp
[6.403s] -- Installing: /home/dsh/Documents/work_logs/code/SFUISE/sfuise_ws/install/cf_msgs/include/cf_msgs/cf_msgs/msg/detail/baro__type_support.cpp
[6.403s] -- Installing: /home/dsh/Documents/work_logs/code/SFUISE/sfuise_ws/install/cf_msgs/include/cf_msgs/cf_msgs/msg/detail/twr__rosidl_typesupport_introspection_cpp.hpp
[6.403s] -- Installing: /home/dsh/Documents/work_logs/code/SFUISE/sfuise_ws/install/cf_msgs/include/cf_msgs/cf_msgs/msg/detail/flow__rosidl_typesupport_introspection_cpp.hpp
[6.403s] -- Installing: /home/dsh/Documents/work_logs/code/SFUISE/sfuise_ws/install/cf_msgs/include/cf_msgs/cf_msgs/msg/detail/twr__type_support.cpp
[6.403s] -- Installing: /home/dsh/Documents/work_logs/code/SFUISE/sfuise_ws/install/cf_msgs/include/cf_msgs/cf_msgs/msg/detail/accel__rosidl_typesupport_introspection_cpp.hpp
[6.403s] -- Installing: /home/dsh/Documents/work_logs/code/SFUISE/sfuise_ws/install/cf_msgs/include/cf_msgs/cf_msgs/msg/detail/flow__type_support.cpp
[6.404s] -- Installing: /home/dsh/Documents/work_logs/code/SFUISE/sfuise_ws/install/cf_msgs/lib/libcf_msgs__rosidl_typesupport_introspection_cpp.so
[6.404s] -- Set runtime path of "/home/dsh/Documents/work_logs/code/SFUISE/sfuise_ws/install/cf_msgs/lib/libcf_msgs__rosidl_typesupport_introspection_cpp.so" to ""
[6.404s] -- Installing: /home/dsh/Documents/work_logs/code/SFUISE/sfuise_ws/install/cf_msgs/lib/libcf_msgs__rosidl_typesupport_cpp.so
[6.404s] -- Set runtime path of "/home/dsh/Documents/work_logs/code/SFUISE/sfuise_ws/install/cf_msgs/lib/libcf_msgs__rosidl_typesupport_cpp.so" to ""
[6.404s] -- Installing: /home/dsh/Documents/work_logs/code/SFUISE/sfuise_ws/install/cf_msgs/share/cf_msgs/environment/pythonpath.sh
[6.404s] -- Installing: /home/dsh/Documents/work_logs/code/SFUISE/sfuise_ws/install/cf_msgs/share/cf_msgs/environment/pythonpath.dsv
[6.404s] -- Installing: /home/dsh/Documents/work_logs/code/SFUISE/sfuise_ws/install/cf_msgs/local/lib/python3.10/dist-packages/cf_msgs-0.0.0-py3.10.egg-info
[6.404s] -- Installing: /home/dsh/Documents/work_logs/code/SFUISE/sfuise_ws/install/cf_msgs/local/lib/python3.10/dist-packages/cf_msgs-0.0.0-py3.10.egg-info/SOURCES.txt
[6.404s] -- Installing: /home/dsh/Documents/work_logs/code/SFUISE/sfuise_ws/install/cf_msgs/local/lib/python3.10/dist-packages/cf_msgs-0.0.0-py3.10.egg-info/PKG-INFO
[6.404s] -- Installing: /home/dsh/Documents/work_logs/code/SFUISE/sfuise_ws/install/cf_msgs/local/lib/python3.10/dist-packages/cf_msgs-0.0.0-py3.10.egg-info/top_level.txt
[6.404s] -- Installing: /home/dsh/Documents/work_logs/code/SFUISE/sfuise_ws/install/cf_msgs/local/lib/python3.10/dist-packages/cf_msgs-0.0.0-py3.10.egg-info/dependency_links.txt
[6.404s] -- Installing: /home/dsh/Documents/work_logs/code/SFUISE/sfuise_ws/install/cf_msgs/local/lib/python3.10/dist-packages/cf_msgs
[6.404s] -- Installing: /home/dsh/Documents/work_logs/code/SFUISE/sfuise_ws/install/cf_msgs/local/lib/python3.10/dist-packages/cf_msgs/__init__.py
[6.405s] -- Installing: /home/dsh/Documents/work_logs/code/SFUISE/sfuise_ws/install/cf_msgs/local/lib/python3.10/dist-packages/cf_msgs/libcf_msgs__rosidl_generator_py.so
[6.405s] -- Installing: /home/dsh/Documents/work_logs/code/SFUISE/sfuise_ws/install/cf_msgs/local/lib/python3.10/dist-packages/cf_msgs/_cf_msgs_s.ep.rosidl_typesupport_fastrtps_c.c
[6.405s] -- Installing: /home/dsh/Documents/work_logs/code/SFUISE/sfuise_ws/install/cf_msgs/local/lib/python3.10/dist-packages/cf_msgs/msg
[6.405s] -- Installing: /home/dsh/Documents/work_logs/code/SFUISE/sfuise_ws/install/cf_msgs/local/lib/python3.10/dist-packages/cf_msgs/msg/_flow.py
[6.405s] -- Installing: /home/dsh/Documents/work_logs/code/SFUISE/sfuise_ws/install/cf_msgs/local/lib/python3.10/dist-packages/cf_msgs/msg/_flow_s.c
[6.405s] -- Installing: /home/dsh/Documents/work_logs/code/SFUISE/sfuise_ws/install/cf_msgs/local/lib/python3.10/dist-packages/cf_msgs/msg/_accel.py
[6.405s] -- Installing: /home/dsh/Documents/work_logs/code/SFUISE/sfuise_ws/install/cf_msgs/local/lib/python3.10/dist-packages/cf_msgs/msg/_gyro.py
[6.405s] -- Installing: /home/dsh/Documents/work_logs/code/SFUISE/sfuise_ws/install/cf_msgs/local/lib/python3.10/dist-packages/cf_msgs/msg/_tdoa.py
[6.405s] -- Installing: /home/dsh/Documents/work_logs/code/SFUISE/sfuise_ws/install/cf_msgs/local/lib/python3.10/dist-packages/cf_msgs/msg/__init__.py
[6.405s] -- Installing: /home/dsh/Documents/work_logs/code/SFUISE/sfuise_ws/install/cf_msgs/local/lib/python3.10/dist-packages/cf_msgs/msg/_twr.py
[6.406s] -- Installing: /home/dsh/Documents/work_logs/code/SFUISE/sfuise_ws/install/cf_msgs/local/lib/python3.10/dist-packages/cf_msgs/msg/_gyro_s.c
[6.406s] -- Installing: /home/dsh/Documents/work_logs/code/SFUISE/sfuise_ws/install/cf_msgs/local/lib/python3.10/dist-packages/cf_msgs/msg/_baro_s.c
[6.406s] -- Installing: /home/dsh/Documents/work_logs/code/SFUISE/sfuise_ws/install/cf_msgs/local/lib/python3.10/dist-packages/cf_msgs/msg/_tof.py
[6.406s] -- Installing: /home/dsh/Documents/work_logs/code/SFUISE/sfuise_ws/install/cf_msgs/local/lib/python3.10/dist-packages/cf_msgs/msg/_twr_s.c
[6.406s] -- Installing: /home/dsh/Documents/work_logs/code/SFUISE/sfuise_ws/install/cf_msgs/local/lib/python3.10/dist-packages/cf_msgs/msg/_tdoa_s.c
[6.406s] -- Installing: /home/dsh/Documents/work_logs/code/SFUISE/sfuise_ws/install/cf_msgs/local/lib/python3.10/dist-packages/cf_msgs/msg/_accel_s.c
[6.406s] -- Installing: /home/dsh/Documents/work_logs/code/SFUISE/sfuise_ws/install/cf_msgs/local/lib/python3.10/dist-packages/cf_msgs/msg/_baro.py
[6.406s] -- Installing: /home/dsh/Documents/work_logs/code/SFUISE/sfuise_ws/install/cf_msgs/local/lib/python3.10/dist-packages/cf_msgs/msg/_tof_s.c
[6.406s] -- Installing: /home/dsh/Documents/work_logs/code/SFUISE/sfuise_ws/install/cf_msgs/local/lib/python3.10/dist-packages/cf_msgs/_cf_msgs_s.ep.rosidl_typesupport_introspection_c.c
[6.406s] -- Installing: /home/dsh/Documents/work_logs/code/SFUISE/sfuise_ws/install/cf_msgs/local/lib/python3.10/dist-packages/cf_msgs/cf_msgs_s__rosidl_typesupport_introspection_c.cpython-310-x86_64-linux-gnu.so
[6.406s] -- Installing: /home/dsh/Documents/work_logs/code/SFUISE/sfuise_ws/install/cf_msgs/local/lib/python3.10/dist-packages/cf_msgs/cf_msgs_s__rosidl_typesupport_c.cpython-310-x86_64-linux-gnu.so
[6.407s] -- Installing: /home/dsh/Documents/work_logs/code/SFUISE/sfuise_ws/install/cf_msgs/local/lib/python3.10/dist-packages/cf_msgs/_cf_msgs_s.ep.rosidl_typesupport_c.c
[6.407s] -- Installing: /home/dsh/Documents/work_logs/code/SFUISE/sfuise_ws/install/cf_msgs/local/lib/python3.10/dist-packages/cf_msgs/cf_msgs_s__rosidl_typesupport_fastrtps_c.cpython-310-x86_64-linux-gnu.so
[6.468s] Listing '/home/dsh/Documents/work_logs/code/SFUISE/sfuise_ws/install/cf_msgs/local/lib/python3.10/dist-packages/cf_msgs'...
[6.468s] Compiling '/home/dsh/Documents/work_logs/code/SFUISE/sfuise_ws/install/cf_msgs/local/lib/python3.10/dist-packages/cf_msgs/__init__.py'...
[6.468s] Listing '/home/dsh/Documents/work_logs/code/SFUISE/sfuise_ws/install/cf_msgs/local/lib/python3.10/dist-packages/cf_msgs/msg'...
[6.469s] Compiling '/home/dsh/Documents/work_logs/code/SFUISE/sfuise_ws/install/cf_msgs/local/lib/python3.10/dist-packages/cf_msgs/msg/__init__.py'...
[6.469s] Compiling '/home/dsh/Documents/work_logs/code/SFUISE/sfuise_ws/install/cf_msgs/local/lib/python3.10/dist-packages/cf_msgs/msg/_accel.py'...
[6.469s] Compiling '/home/dsh/Documents/work_logs/code/SFUISE/sfuise_ws/install/cf_msgs/local/lib/python3.10/dist-packages/cf_msgs/msg/_baro.py'...
[6.469s] Compiling '/home/dsh/Documents/work_logs/code/SFUISE/sfuise_ws/install/cf_msgs/local/lib/python3.10/dist-packages/cf_msgs/msg/_flow.py'...
[6.469s] Compiling '/home/dsh/Documents/work_logs/code/SFUISE/sfuise_ws/install/cf_msgs/local/lib/python3.10/dist-packages/cf_msgs/msg/_gyro.py'...
[6.469s] Compiling '/home/dsh/Documents/work_logs/code/SFUISE/sfuise_ws/install/cf_msgs/local/lib/python3.10/dist-packages/cf_msgs/msg/_tdoa.py'...
[6.469s] Compiling '/home/dsh/Documents/work_logs/code/SFUISE/sfuise_ws/install/cf_msgs/local/lib/python3.10/dist-packages/cf_msgs/msg/_tof.py'...
[6.469s] Compiling '/home/dsh/Documents/work_logs/code/SFUISE/sfuise_ws/install/cf_msgs/local/lib/python3.10/dist-packages/cf_msgs/msg/_twr.py'...
[6.476s] -- Installing: /home/dsh/Documents/work_logs/code/SFUISE/sfuise_ws/install/cf_msgs/local/lib/python3.10/dist-packages/cf_msgs/cf_msgs_s__rosidl_typesupport_fastrtps_c.cpython-310-x86_64-linux-gnu.so
[6.476s] -- Set runtime path of "/home/dsh/Documents/work_logs/code/SFUISE/sfuise_ws/install/cf_msgs/local/lib/python3.10/dist-packages/cf_msgs/cf_msgs_s__rosidl_typesupport_fastrtps_c.cpython-310-x86_64-linux-gnu.so" to ""
[6.476s] -- Installing: /home/dsh/Documents/work_logs/code/SFUISE/sfuise_ws/install/cf_msgs/local/lib/python3.10/dist-packages/cf_msgs/cf_msgs_s__rosidl_typesupport_introspection_c.cpython-310-x86_64-linux-gnu.so
[6.477s] -- Set runtime path of "/home/dsh/Documents/work_logs/code/SFUISE/sfuise_ws/install/cf_msgs/local/lib/python3.10/dist-packages/cf_msgs/cf_msgs_s__rosidl_typesupport_introspection_c.cpython-310-x86_64-linux-gnu.so" to ""
[6.477s] -- Installing: /home/dsh/Documents/work_logs/code/SFUISE/sfuise_ws/install/cf_msgs/local/lib/python3.10/dist-packages/cf_msgs/cf_msgs_s__rosidl_typesupport_c.cpython-310-x86_64-linux-gnu.so
[6.477s] -- Set runtime path of "/home/dsh/Documents/work_logs/code/SFUISE/sfuise_ws/install/cf_msgs/local/lib/python3.10/dist-packages/cf_msgs/cf_msgs_s__rosidl_typesupport_c.cpython-310-x86_64-linux-gnu.so" to ""
[6.477s] -- Installing: /home/dsh/Documents/work_logs/code/SFUISE/sfuise_ws/install/cf_msgs/lib/libcf_msgs__rosidl_generator_py.so
[6.478s] -- Set runtime path of "/home/dsh/Documents/work_logs/code/SFUISE/sfuise_ws/install/cf_msgs/lib/libcf_msgs__rosidl_generator_py.so" to ""
[6.478s] -- Installing: /home/dsh/Documents/work_logs/code/SFUISE/sfuise_ws/install/cf_msgs/share/cf_msgs/msg/Accel.idl
[6.478s] -- Installing: /home/dsh/Documents/work_logs/code/SFUISE/sfuise_ws/install/cf_msgs/share/cf_msgs/msg/Baro.idl
[6.478s] -- Installing: /home/dsh/Documents/work_logs/code/SFUISE/sfuise_ws/install/cf_msgs/share/cf_msgs/msg/Flow.idl
[6.478s] -- Installing: /home/dsh/Documents/work_logs/code/SFUISE/sfuise_ws/install/cf_msgs/share/cf_msgs/msg/Gyro.idl
[6.478s] -- Installing: /home/dsh/Documents/work_logs/code/SFUISE/sfuise_ws/install/cf_msgs/share/cf_msgs/msg/Tdoa.idl
[6.478s] -- Installing: /home/dsh/Documents/work_logs/code/SFUISE/sfuise_ws/install/cf_msgs/share/cf_msgs/msg/Tof.idl
[6.479s] -- Installing: /home/dsh/Documents/work_logs/code/SFUISE/sfuise_ws/install/cf_msgs/share/cf_msgs/msg/Twr.idl
[6.479s] -- Installing: /home/dsh/Documents/work_logs/code/SFUISE/sfuise_ws/install/cf_msgs/share/cf_msgs/msg/Accel.msg
[6.479s] -- Installing: /home/dsh/Documents/work_logs/code/SFUISE/sfuise_ws/install/cf_msgs/share/cf_msgs/msg/Baro.msg
[6.479s] -- Installing: /home/dsh/Documents/work_logs/code/SFUISE/sfuise_ws/install/cf_msgs/share/cf_msgs/msg/Flow.msg
[6.479s] -- Installing: /home/dsh/Documents/work_logs/code/SFUISE/sfuise_ws/install/cf_msgs/share/cf_msgs/msg/Gyro.msg
[6.479s] -- Installing: /home/dsh/Documents/work_logs/code/SFUISE/sfuise_ws/install/cf_msgs/share/cf_msgs/msg/Tdoa.msg
[6.479s] -- Installing: /home/dsh/Documents/work_logs/code/SFUISE/sfuise_ws/install/cf_msgs/share/cf_msgs/msg/Tof.msg
[6.479s] -- Installing: /home/dsh/Documents/work_logs/code/SFUISE/sfuise_ws/install/cf_msgs/share/cf_msgs/msg/Twr.msg
[6.479s] -- Installing: /home/dsh/Documents/work_logs/code/SFUISE/sfuise_ws/install/cf_msgs/share/ament_index/resource_index/package_run_dependencies/cf_msgs
[6.479s] -- Installing: /home/dsh/Documents/work_logs/code/SFUISE/sfuise_ws/install/cf_msgs/share/ament_index/resource_index/parent_prefix_path/cf_msgs
[6.480s] -- Installing: /home/dsh/Documents/work_logs/code/SFUISE/sfuise_ws/install/cf_msgs/share/cf_msgs/environment/ament_prefix_path.sh
[6.480s] -- Installing: /home/dsh/Documents/work_logs/code/SFUISE/sfuise_ws/install/cf_msgs/share/cf_msgs/environment/ament_prefix_path.dsv
[6.480s] -- Installing: /home/dsh/Documents/work_logs/code/SFUISE/sfuise_ws/install/cf_msgs/share/cf_msgs/environment/path.sh
[6.480s] -- Installing: /home/dsh/Documents/work_logs/code/SFUISE/sfuise_ws/install/cf_msgs/share/cf_msgs/environment/path.dsv
[6.480s] -- Installing: /home/dsh/Documents/work_logs/code/SFUISE/sfuise_ws/install/cf_msgs/share/cf_msgs/local_setup.bash
[6.480s] -- Installing: /home/dsh/Documents/work_logs/code/SFUISE/sfuise_ws/install/cf_msgs/share/cf_msgs/local_setup.sh
[6.480s] -- Installing: /home/dsh/Documents/work_logs/code/SFUISE/sfuise_ws/install/cf_msgs/share/cf_msgs/local_setup.zsh
[6.480s] -- Installing: /home/dsh/Documents/work_logs/code/SFUISE/sfuise_ws/install/cf_msgs/share/cf_msgs/local_setup.dsv
[6.481s] -- Installing: /home/dsh/Documents/work_logs/code/SFUISE/sfuise_ws/install/cf_msgs/share/cf_msgs/package.dsv
[6.481s] -- Installing: /home/dsh/Documents/work_logs/code/SFUISE/sfuise_ws/install/cf_msgs/share/ament_index/resource_index/packages/cf_msgs
[6.481s] -- Installing: /home/dsh/Documents/work_logs/code/SFUISE/sfuise_ws/install/cf_msgs/share/cf_msgs/cmake/export_cf_msgs__rosidl_generator_cExport.cmake
[6.481s] -- Installing: /home/dsh/Documents/work_logs/code/SFUISE/sfuise_ws/install/cf_msgs/share/cf_msgs/cmake/export_cf_msgs__rosidl_generator_cExport-noconfig.cmake
[6.481s] -- Installing: /home/dsh/Documents/work_logs/code/SFUISE/sfuise_ws/install/cf_msgs/share/cf_msgs/cmake/export_cf_msgs__rosidl_typesupport_fastrtps_cExport.cmake
[6.481s] -- Installing: /home/dsh/Documents/work_logs/code/SFUISE/sfuise_ws/install/cf_msgs/share/cf_msgs/cmake/export_cf_msgs__rosidl_typesupport_fastrtps_cExport-noconfig.cmake
[6.481s] -- Installing: /home/dsh/Documents/work_logs/code/SFUISE/sfuise_ws/install/cf_msgs/share/cf_msgs/cmake/export_cf_msgs__rosidl_generator_cppExport.cmake
[6.482s] -- Installing: /home/dsh/Documents/work_logs/code/SFUISE/sfuise_ws/install/cf_msgs/share/cf_msgs/cmake/export_cf_msgs__rosidl_typesupport_fastrtps_cppExport.cmake
[6.482s] -- Installing: /home/dsh/Documents/work_logs/code/SFUISE/sfuise_ws/install/cf_msgs/share/cf_msgs/cmake/export_cf_msgs__rosidl_typesupport_fastrtps_cppExport-noconfig.cmake
[6.482s] -- Installing: /home/dsh/Documents/work_logs/code/SFUISE/sfuise_ws/install/cf_msgs/share/cf_msgs/cmake/cf_msgs__rosidl_typesupport_introspection_cExport.cmake
[6.482s] -- Installing: /home/dsh/Documents/work_logs/code/SFUISE/sfuise_ws/install/cf_msgs/share/cf_msgs/cmake/cf_msgs__rosidl_typesupport_introspection_cExport-noconfig.cmake
[6.482s] -- Installing: /home/dsh/Documents/work_logs/code/SFUISE/sfuise_ws/install/cf_msgs/share/cf_msgs/cmake/cf_msgs__rosidl_typesupport_cExport.cmake
[6.482s] -- Installing: /home/dsh/Documents/work_logs/code/SFUISE/sfuise_ws/install/cf_msgs/share/cf_msgs/cmake/cf_msgs__rosidl_typesupport_cExport-noconfig.cmake
[6.482s] -- Installing: /home/dsh/Documents/work_logs/code/SFUISE/sfuise_ws/install/cf_msgs/share/cf_msgs/cmake/cf_msgs__rosidl_typesupport_introspection_cppExport.cmake
[6.483s] -- Installing: /home/dsh/Documents/work_logs/code/SFUISE/sfuise_ws/install/cf_msgs/share/cf_msgs/cmake/cf_msgs__rosidl_typesupport_introspection_cppExport-noconfig.cmake
[6.483s] -- Installing: /home/dsh/Documents/work_logs/code/SFUISE/sfuise_ws/install/cf_msgs/share/cf_msgs/cmake/cf_msgs__rosidl_typesupport_cppExport.cmake
[6.483s] -- Installing: /home/dsh/Documents/work_logs/code/SFUISE/sfuise_ws/install/cf_msgs/share/cf_msgs/cmake/cf_msgs__rosidl_typesupport_cppExport-noconfig.cmake
[6.483s] -- Installing: /home/dsh/Documents/work_logs/code/SFUISE/sfuise_ws/install/cf_msgs/share/cf_msgs/cmake/export_cf_msgs__rosidl_generator_pyExport.cmake
[6.483s] -- Installing: /home/dsh/Documents/work_logs/code/SFUISE/sfuise_ws/install/cf_msgs/share/cf_msgs/cmake/export_cf_msgs__rosidl_generator_pyExport-noconfig.cmake
[6.483s] -- Installing: /home/dsh/Documents/work_logs/code/SFUISE/sfuise_ws/install/cf_msgs/share/cf_msgs/cmake/rosidl_cmake-extras.cmake
[6.483s] -- Installing: /home/dsh/Documents/work_logs/code/SFUISE/sfuise_ws/install/cf_msgs/share/cf_msgs/cmake/ament_cmake_export_dependencies-extras.cmake
[6.483s] -- Installing: /home/dsh/Documents/work_logs/code/SFUISE/sfuise_ws/install/cf_msgs/share/cf_msgs/cmake/ament_cmake_export_include_directories-extras.cmake
[6.484s] -- Installing: /home/dsh/Documents/work_logs/code/SFUISE/sfuise_ws/install/cf_msgs/share/cf_msgs/cmake/ament_cmake_export_libraries-extras.cmake
[6.484s] -- Installing: /home/dsh/Documents/work_logs/code/SFUISE/sfuise_ws/install/cf_msgs/share/cf_msgs/cmake/ament_cmake_export_targets-extras.cmake
[6.484s] -- Installing: /home/dsh/Documents/work_logs/code/SFUISE/sfuise_ws/install/cf_msgs/share/cf_msgs/cmake/rosidl_cmake_export_typesupport_targets-extras.cmake
[6.484s] -- Installing: /home/dsh/Documents/work_logs/code/SFUISE/sfuise_ws/install/cf_msgs/share/cf_msgs/cmake/rosidl_cmake_export_typesupport_libraries-extras.cmake
[6.484s] -- Installing: /home/dsh/Documents/work_logs/code/SFUISE/sfuise_ws/install/cf_msgs/share/cf_msgs/cmake/cf_msgsConfig.cmake
[6.484s] -- Installing: /home/dsh/Documents/work_logs/code/SFUISE/sfuise_ws/install/cf_msgs/share/cf_msgs/cmake/cf_msgsConfig-version.cmake
[6.484s] -- Installing: /home/dsh/Documents/work_logs/code/SFUISE/sfuise_ws/install/cf_msgs/share/cf_msgs/package.xml
[6.488s] Invoked command in '/home/dsh/Documents/work_logs/code/SFUISE/sfuise_ws/build/cf_msgs' returned '0': CMAKE_PREFIX_PATH=/opt/ros/humble /usr/bin/cmake --install /home/dsh/Documents/work_logs/code/SFUISE/sfuise_ws/build/cf_msgs
