[0.027s] Invoking command in '/home/dsh/Documents/work_logs/code/SFUISE/sfuise_ws/build/isas_msgs': CMAKE_PREFIX_PATH=/opt/ros/humble /usr/bin/cmake --build /home/dsh/Documents/work_logs/code/SFUISE/sfuise_ws/build/isas_msgs -- -j20 -l20
[0.140s] [ 10%] Built target isas_msgs__rosidl_generator_c
[0.142s] [ 12%] Built target isas_msgs__cpp
[0.172s] [ 12%] Built target ament_cmake_python_copy_isas_msgs
[0.217s] [ 23%] Built target isas_msgs__rosidl_typesupport_introspection_c
[0.227s] [ 34%] Built target isas_msgs__rosidl_typesupport_c
[0.234s] [ 45%] Built target isas_msgs__rosidl_typesupport_introspection_cpp
[0.234s] [ 56%] Built target isas_msgs__rosidl_typesupport_fastrtps_c
[0.251s] [ 67%] Built target isas_msgs__rosidl_typesupport_cpp
[0.265s] [ 78%] Built target isas_msgs__rosidl_typesupport_fastrtps_cpp
[0.318s] [ 78%] Built target isas_msgs
[0.376s] [ 80%] Built target isas_msgs__py
[0.437s] [ 89%] Built target isas_msgs__rosidl_generator_py
[0.498s] [ 94%] Built target isas_msgs__rosidl_typesupport_fastrtps_c__pyext
[0.498s] [ 96%] Built target isas_msgs__rosidl_typesupport_c__pyext
[0.498s] [100%] Built target isas_msgs__rosidl_typesupport_introspection_c__pyext
[0.703s] running egg_info
[0.706s] writing isas_msgs.egg-info/PKG-INFO
[0.706s] writing dependency_links to isas_msgs.egg-info/dependency_links.txt
[0.707s] writing top-level names to isas_msgs.egg-info/top_level.txt
[0.714s] reading manifest file 'isas_msgs.egg-info/SOURCES.txt'
[0.716s] writing manifest file 'isas_msgs.egg-info/SOURCES.txt'
[0.796s] [100%] Built target ament_cmake_python_build_isas_msgs_egg
[0.855s] Invoked command in '/home/dsh/Documents/work_logs/code/SFUISE/sfuise_ws/build/isas_msgs' returned '0': CMAKE_PREFIX_PATH=/opt/ros/humble /usr/bin/cmake --build /home/dsh/Documents/work_logs/code/SFUISE/sfuise_ws/build/isas_msgs -- -j20 -l20
[0.860s] Invoking command in '/home/dsh/Documents/work_logs/code/SFUISE/sfuise_ws/build/isas_msgs': CMAKE_PREFIX_PATH=/opt/ros/humble /usr/bin/cmake --install /home/dsh/Documents/work_logs/code/SFUISE/sfuise_ws/build/isas_msgs
[0.893s] -- Install configuration: ""
[0.893s] -- Up-to-date: /home/dsh/Documents/work_logs/code/SFUISE/sfuise_ws/install/isas_msgs/share/ament_index/resource_index/rosidl_interfaces/isas_msgs
[0.893s] -- Up-to-date: /home/dsh/Documents/work_logs/code/SFUISE/sfuise_ws/install/isas_msgs/include/isas_msgs/isas_msgs
[0.893s] -- Up-to-date: /home/dsh/Documents/work_logs/code/SFUISE/sfuise_ws/install/isas_msgs/include/isas_msgs/isas_msgs/msg
[0.893s] -- Up-to-date: /home/dsh/Documents/work_logs/code/SFUISE/sfuise_ws/install/isas_msgs/include/isas_msgs/isas_msgs/msg/detail
[0.894s] -- Up-to-date: /home/dsh/Documents/work_logs/code/SFUISE/sfuise_ws/install/isas_msgs/include/isas_msgs/isas_msgs/msg/detail/anchor_position__type_support.h
[0.894s] -- Up-to-date: /home/dsh/Documents/work_logs/code/SFUISE/sfuise_ws/install/isas_msgs/include/isas_msgs/isas_msgs/msg/detail/rtls_stick__functions.c
[0.894s] -- Up-to-date: /home/dsh/Documents/work_logs/code/SFUISE/sfuise_ws/install/isas_msgs/include/isas_msgs/isas_msgs/msg/detail/anchorlist__functions.c
[0.894s] -- Up-to-date: /home/dsh/Documents/work_logs/code/SFUISE/sfuise_ws/install/isas_msgs/include/isas_msgs/isas_msgs/msg/detail/anchorlist__type_support.h
[0.894s] -- Up-to-date: /home/dsh/Documents/work_logs/code/SFUISE/sfuise_ws/install/isas_msgs/include/isas_msgs/isas_msgs/msg/detail/rtls_stick__type_support.h
[0.894s] -- Up-to-date: /home/dsh/Documents/work_logs/code/SFUISE/sfuise_ws/install/isas_msgs/include/isas_msgs/isas_msgs/msg/detail/rtls_range__type_support.h
[0.894s] -- Up-to-date: /home/dsh/Documents/work_logs/code/SFUISE/sfuise_ws/install/isas_msgs/include/isas_msgs/isas_msgs/msg/detail/rtls_stick__struct.h
[0.895s] -- Up-to-date: /home/dsh/Documents/work_logs/code/SFUISE/sfuise_ws/install/isas_msgs/include/isas_msgs/isas_msgs/msg/detail/rtls_stick__functions.h
[0.895s] -- Up-to-date: /home/dsh/Documents/work_logs/code/SFUISE/sfuise_ws/install/isas_msgs/include/isas_msgs/isas_msgs/msg/detail/rtls_range__functions.c
[0.895s] -- Up-to-date: /home/dsh/Documents/work_logs/code/SFUISE/sfuise_ws/install/isas_msgs/include/isas_msgs/isas_msgs/msg/detail/rtls_range__struct.h
[0.895s] -- Up-to-date: /home/dsh/Documents/work_logs/code/SFUISE/sfuise_ws/install/isas_msgs/include/isas_msgs/isas_msgs/msg/detail/rtls_range__functions.h
[0.895s] -- Up-to-date: /home/dsh/Documents/work_logs/code/SFUISE/sfuise_ws/install/isas_msgs/include/isas_msgs/isas_msgs/msg/detail/anchorlist__functions.h
[0.895s] -- Up-to-date: /home/dsh/Documents/work_logs/code/SFUISE/sfuise_ws/install/isas_msgs/include/isas_msgs/isas_msgs/msg/detail/anchor_position__functions.h
[0.896s] -- Up-to-date: /home/dsh/Documents/work_logs/code/SFUISE/sfuise_ws/install/isas_msgs/include/isas_msgs/isas_msgs/msg/detail/anchor_position__struct.h
[0.896s] -- Up-to-date: /home/dsh/Documents/work_logs/code/SFUISE/sfuise_ws/install/isas_msgs/include/isas_msgs/isas_msgs/msg/detail/anchorlist__struct.h
[0.896s] -- Up-to-date: /home/dsh/Documents/work_logs/code/SFUISE/sfuise_ws/install/isas_msgs/include/isas_msgs/isas_msgs/msg/detail/anchor_position__functions.c
[0.896s] -- Up-to-date: /home/dsh/Documents/work_logs/code/SFUISE/sfuise_ws/install/isas_msgs/include/isas_msgs/isas_msgs/msg/anchor_position.h
[0.896s] -- Up-to-date: /home/dsh/Documents/work_logs/code/SFUISE/sfuise_ws/install/isas_msgs/include/isas_msgs/isas_msgs/msg/rtls_stick.h
[0.896s] -- Up-to-date: /home/dsh/Documents/work_logs/code/SFUISE/sfuise_ws/install/isas_msgs/include/isas_msgs/isas_msgs/msg/rtls_range.h
[0.897s] -- Up-to-date: /home/dsh/Documents/work_logs/code/SFUISE/sfuise_ws/install/isas_msgs/include/isas_msgs/isas_msgs/msg/rosidl_generator_c__visibility_control.h
[0.897s] -- Up-to-date: /home/dsh/Documents/work_logs/code/SFUISE/sfuise_ws/install/isas_msgs/include/isas_msgs/isas_msgs/msg/anchorlist.h
[0.897s] -- Up-to-date: /home/dsh/Documents/work_logs/code/SFUISE/sfuise_ws/install/isas_msgs/share/isas_msgs/environment/library_path.sh
[0.897s] -- Up-to-date: /home/dsh/Documents/work_logs/code/SFUISE/sfuise_ws/install/isas_msgs/share/isas_msgs/environment/library_path.dsv
[0.897s] -- Up-to-date: /home/dsh/Documents/work_logs/code/SFUISE/sfuise_ws/install/isas_msgs/lib/libisas_msgs__rosidl_generator_c.so
[0.898s] -- Up-to-date: /home/dsh/Documents/work_logs/code/SFUISE/sfuise_ws/install/isas_msgs/include/isas_msgs/isas_msgs
[0.899s] -- Up-to-date: /home/dsh/Documents/work_logs/code/SFUISE/sfuise_ws/install/isas_msgs/include/isas_msgs/isas_msgs/msg
[0.900s] -- Up-to-date: /home/dsh/Documents/work_logs/code/SFUISE/sfuise_ws/install/isas_msgs/include/isas_msgs/isas_msgs/msg/rosidl_typesupport_fastrtps_c__visibility_control.h
[0.900s] -- Up-to-date: /home/dsh/Documents/work_logs/code/SFUISE/sfuise_ws/install/isas_msgs/include/isas_msgs/isas_msgs/msg/detail
[0.900s] -- Up-to-date: /home/dsh/Documents/work_logs/code/SFUISE/sfuise_ws/install/isas_msgs/include/isas_msgs/isas_msgs/msg/detail/anchor_position__rosidl_typesupport_fastrtps_c.h
[0.900s] -- Up-to-date: /home/dsh/Documents/work_logs/code/SFUISE/sfuise_ws/install/isas_msgs/include/isas_msgs/isas_msgs/msg/detail/rtls_stick__rosidl_typesupport_fastrtps_c.h
[0.901s] -- Up-to-date: /home/dsh/Documents/work_logs/code/SFUISE/sfuise_ws/install/isas_msgs/include/isas_msgs/isas_msgs/msg/detail/anchorlist__rosidl_typesupport_fastrtps_c.h
[0.901s] -- Up-to-date: /home/dsh/Documents/work_logs/code/SFUISE/sfuise_ws/install/isas_msgs/include/isas_msgs/isas_msgs/msg/detail/rtls_range__rosidl_typesupport_fastrtps_c.h
[0.903s] -- Up-to-date: /home/dsh/Documents/work_logs/code/SFUISE/sfuise_ws/install/isas_msgs/lib/libisas_msgs__rosidl_typesupport_fastrtps_c.so
[0.903s] -- Up-to-date: /home/dsh/Documents/work_logs/code/SFUISE/sfuise_ws/install/isas_msgs/include/isas_msgs/isas_msgs
[0.903s] -- Up-to-date: /home/dsh/Documents/work_logs/code/SFUISE/sfuise_ws/install/isas_msgs/include/isas_msgs/isas_msgs/msg
[0.903s] -- Up-to-date: /home/dsh/Documents/work_logs/code/SFUISE/sfuise_ws/install/isas_msgs/include/isas_msgs/isas_msgs/msg/detail
[0.904s] -- Up-to-date: /home/dsh/Documents/work_logs/code/SFUISE/sfuise_ws/install/isas_msgs/include/isas_msgs/isas_msgs/msg/detail/anchorlist__type_support.hpp
[0.904s] -- Up-to-date: /home/dsh/Documents/work_logs/code/SFUISE/sfuise_ws/install/isas_msgs/include/isas_msgs/isas_msgs/msg/detail/rtls_stick__struct.hpp
[0.904s] -- Up-to-date: /home/dsh/Documents/work_logs/code/SFUISE/sfuise_ws/install/isas_msgs/include/isas_msgs/isas_msgs/msg/detail/anchor_position__traits.hpp
[0.904s] -- Up-to-date: /home/dsh/Documents/work_logs/code/SFUISE/sfuise_ws/install/isas_msgs/include/isas_msgs/isas_msgs/msg/detail/anchorlist__traits.hpp
[0.905s] -- Up-to-date: /home/dsh/Documents/work_logs/code/SFUISE/sfuise_ws/install/isas_msgs/include/isas_msgs/isas_msgs/msg/detail/anchorlist__builder.hpp
[0.905s] -- Up-to-date: /home/dsh/Documents/work_logs/code/SFUISE/sfuise_ws/install/isas_msgs/include/isas_msgs/isas_msgs/msg/detail/rtls_stick__builder.hpp
[0.905s] -- Up-to-date: /home/dsh/Documents/work_logs/code/SFUISE/sfuise_ws/install/isas_msgs/include/isas_msgs/isas_msgs/msg/detail/rtls_range__struct.hpp
[0.905s] -- Up-to-date: /home/dsh/Documents/work_logs/code/SFUISE/sfuise_ws/install/isas_msgs/include/isas_msgs/isas_msgs/msg/detail/anchor_position__struct.hpp
[0.905s] -- Up-to-date: /home/dsh/Documents/work_logs/code/SFUISE/sfuise_ws/install/isas_msgs/include/isas_msgs/isas_msgs/msg/detail/rtls_range__builder.hpp
[0.906s] -- Up-to-date: /home/dsh/Documents/work_logs/code/SFUISE/sfuise_ws/install/isas_msgs/include/isas_msgs/isas_msgs/msg/detail/anchorlist__struct.hpp
[0.906s] -- Up-to-date: /home/dsh/Documents/work_logs/code/SFUISE/sfuise_ws/install/isas_msgs/include/isas_msgs/isas_msgs/msg/detail/rtls_stick__traits.hpp
[0.906s] -- Up-to-date: /home/dsh/Documents/work_logs/code/SFUISE/sfuise_ws/install/isas_msgs/include/isas_msgs/isas_msgs/msg/detail/anchor_position__builder.hpp
[0.906s] -- Up-to-date: /home/dsh/Documents/work_logs/code/SFUISE/sfuise_ws/install/isas_msgs/include/isas_msgs/isas_msgs/msg/detail/anchor_position__type_support.hpp
[0.906s] -- Up-to-date: /home/dsh/Documents/work_logs/code/SFUISE/sfuise_ws/install/isas_msgs/include/isas_msgs/isas_msgs/msg/detail/rtls_range__type_support.hpp
[0.907s] -- Up-to-date: /home/dsh/Documents/work_logs/code/SFUISE/sfuise_ws/install/isas_msgs/include/isas_msgs/isas_msgs/msg/detail/rtls_range__traits.hpp
[0.907s] -- Up-to-date: /home/dsh/Documents/work_logs/code/SFUISE/sfuise_ws/install/isas_msgs/include/isas_msgs/isas_msgs/msg/detail/rtls_stick__type_support.hpp
[0.907s] -- Up-to-date: /home/dsh/Documents/work_logs/code/SFUISE/sfuise_ws/install/isas_msgs/include/isas_msgs/isas_msgs/msg/anchor_position.hpp
[0.907s] -- Up-to-date: /home/dsh/Documents/work_logs/code/SFUISE/sfuise_ws/install/isas_msgs/include/isas_msgs/isas_msgs/msg/anchorlist.hpp
[0.907s] -- Up-to-date: /home/dsh/Documents/work_logs/code/SFUISE/sfuise_ws/install/isas_msgs/include/isas_msgs/isas_msgs/msg/rtls_range.hpp
[0.907s] -- Up-to-date: /home/dsh/Documents/work_logs/code/SFUISE/sfuise_ws/install/isas_msgs/include/isas_msgs/isas_msgs/msg/rtls_stick.hpp
[0.908s] -- Up-to-date: /home/dsh/Documents/work_logs/code/SFUISE/sfuise_ws/install/isas_msgs/include/isas_msgs/isas_msgs/msg/rosidl_generator_cpp__visibility_control.hpp
[0.908s] -- Up-to-date: /home/dsh/Documents/work_logs/code/SFUISE/sfuise_ws/install/isas_msgs/include/isas_msgs/isas_msgs
[0.908s] -- Up-to-date: /home/dsh/Documents/work_logs/code/SFUISE/sfuise_ws/install/isas_msgs/include/isas_msgs/isas_msgs/msg
[0.909s] -- Up-to-date: /home/dsh/Documents/work_logs/code/SFUISE/sfuise_ws/install/isas_msgs/include/isas_msgs/isas_msgs/msg/detail
[0.909s] -- Up-to-date: /home/dsh/Documents/work_logs/code/SFUISE/sfuise_ws/install/isas_msgs/include/isas_msgs/isas_msgs/msg/detail/anchorlist__rosidl_typesupport_fastrtps_cpp.hpp
[0.909s] -- Up-to-date: /home/dsh/Documents/work_logs/code/SFUISE/sfuise_ws/install/isas_msgs/include/isas_msgs/isas_msgs/msg/detail/dds_fastrtps
[0.910s] -- Up-to-date: /home/dsh/Documents/work_logs/code/SFUISE/sfuise_ws/install/isas_msgs/include/isas_msgs/isas_msgs/msg/detail/rtls_stick__rosidl_typesupport_fastrtps_cpp.hpp
[0.910s] -- Up-to-date: /home/dsh/Documents/work_logs/code/SFUISE/sfuise_ws/install/isas_msgs/include/isas_msgs/isas_msgs/msg/detail/rtls_range__rosidl_typesupport_fastrtps_cpp.hpp
[0.910s] -- Up-to-date: /home/dsh/Documents/work_logs/code/SFUISE/sfuise_ws/install/isas_msgs/include/isas_msgs/isas_msgs/msg/detail/anchor_position__rosidl_typesupport_fastrtps_cpp.hpp
[0.910s] -- Up-to-date: /home/dsh/Documents/work_logs/code/SFUISE/sfuise_ws/install/isas_msgs/include/isas_msgs/isas_msgs/msg/rosidl_typesupport_fastrtps_cpp__visibility_control.h
[0.911s] -- Up-to-date: /home/dsh/Documents/work_logs/code/SFUISE/sfuise_ws/install/isas_msgs/lib/libisas_msgs__rosidl_typesupport_fastrtps_cpp.so
[0.911s] -- Up-to-date: /home/dsh/Documents/work_logs/code/SFUISE/sfuise_ws/install/isas_msgs/include/isas_msgs/isas_msgs
[0.911s] -- Up-to-date: /home/dsh/Documents/work_logs/code/SFUISE/sfuise_ws/install/isas_msgs/include/isas_msgs/isas_msgs/msg
[0.913s] -- Up-to-date: /home/dsh/Documents/work_logs/code/SFUISE/sfuise_ws/install/isas_msgs/include/isas_msgs/isas_msgs/msg/detail
[0.913s] -- Up-to-date: /home/dsh/Documents/work_logs/code/SFUISE/sfuise_ws/install/isas_msgs/include/isas_msgs/isas_msgs/msg/detail/rtls_stick__type_support.c
[0.914s] -- Up-to-date: /home/dsh/Documents/work_logs/code/SFUISE/sfuise_ws/install/isas_msgs/include/isas_msgs/isas_msgs/msg/detail/anchor_position__type_support.c
[0.914s] -- Up-to-date: /home/dsh/Documents/work_logs/code/SFUISE/sfuise_ws/install/isas_msgs/include/isas_msgs/isas_msgs/msg/detail/rtls_range__rosidl_typesupport_introspection_c.h
[0.914s] -- Up-to-date: /home/dsh/Documents/work_logs/code/SFUISE/sfuise_ws/install/isas_msgs/include/isas_msgs/isas_msgs/msg/detail/anchor_position__rosidl_typesupport_introspection_c.h
[0.915s] -- Up-to-date: /home/dsh/Documents/work_logs/code/SFUISE/sfuise_ws/install/isas_msgs/include/isas_msgs/isas_msgs/msg/detail/rtls_stick__rosidl_typesupport_introspection_c.h
[0.915s] -- Up-to-date: /home/dsh/Documents/work_logs/code/SFUISE/sfuise_ws/install/isas_msgs/include/isas_msgs/isas_msgs/msg/detail/anchorlist__type_support.c
[0.916s] -- Up-to-date: /home/dsh/Documents/work_logs/code/SFUISE/sfuise_ws/install/isas_msgs/include/isas_msgs/isas_msgs/msg/detail/rtls_range__type_support.c
[0.916s] -- Up-to-date: /home/dsh/Documents/work_logs/code/SFUISE/sfuise_ws/install/isas_msgs/include/isas_msgs/isas_msgs/msg/detail/anchorlist__rosidl_typesupport_introspection_c.h
[0.917s] -- Up-to-date: /home/dsh/Documents/work_logs/code/SFUISE/sfuise_ws/install/isas_msgs/include/isas_msgs/isas_msgs/msg/rosidl_typesupport_introspection_c__visibility_control.h
[0.920s] -- Up-to-date: /home/dsh/Documents/work_logs/code/SFUISE/sfuise_ws/install/isas_msgs/lib/libisas_msgs__rosidl_typesupport_introspection_c.so
[0.920s] -- Up-to-date: /home/dsh/Documents/work_logs/code/SFUISE/sfuise_ws/install/isas_msgs/lib/libisas_msgs__rosidl_typesupport_c.so
[0.921s] -- Up-to-date: /home/dsh/Documents/work_logs/code/SFUISE/sfuise_ws/install/isas_msgs/include/isas_msgs/isas_msgs
[0.921s] -- Up-to-date: /home/dsh/Documents/work_logs/code/SFUISE/sfuise_ws/install/isas_msgs/include/isas_msgs/isas_msgs/msg
[0.921s] -- Up-to-date: /home/dsh/Documents/work_logs/code/SFUISE/sfuise_ws/install/isas_msgs/include/isas_msgs/isas_msgs/msg/detail
[0.922s] -- Up-to-date: /home/dsh/Documents/work_logs/code/SFUISE/sfuise_ws/install/isas_msgs/include/isas_msgs/isas_msgs/msg/detail/anchorlist__rosidl_typesupport_introspection_cpp.hpp
[0.922s] -- Up-to-date: /home/dsh/Documents/work_logs/code/SFUISE/sfuise_ws/install/isas_msgs/include/isas_msgs/isas_msgs/msg/detail/anchor_position__rosidl_typesupport_introspection_cpp.hpp
[0.922s] -- Up-to-date: /home/dsh/Documents/work_logs/code/SFUISE/sfuise_ws/install/isas_msgs/include/isas_msgs/isas_msgs/msg/detail/rtls_range__rosidl_typesupport_introspection_cpp.hpp
[0.922s] -- Up-to-date: /home/dsh/Documents/work_logs/code/SFUISE/sfuise_ws/install/isas_msgs/include/isas_msgs/isas_msgs/msg/detail/rtls_range__type_support.cpp
[0.923s] -- Up-to-date: /home/dsh/Documents/work_logs/code/SFUISE/sfuise_ws/install/isas_msgs/include/isas_msgs/isas_msgs/msg/detail/anchorlist__type_support.cpp
[0.923s] -- Up-to-date: /home/dsh/Documents/work_logs/code/SFUISE/sfuise_ws/install/isas_msgs/include/isas_msgs/isas_msgs/msg/detail/anchor_position__type_support.cpp
[0.923s] -- Up-to-date: /home/dsh/Documents/work_logs/code/SFUISE/sfuise_ws/install/isas_msgs/include/isas_msgs/isas_msgs/msg/detail/rtls_stick__rosidl_typesupport_introspection_cpp.hpp
[0.923s] -- Up-to-date: /home/dsh/Documents/work_logs/code/SFUISE/sfuise_ws/install/isas_msgs/include/isas_msgs/isas_msgs/msg/detail/rtls_stick__type_support.cpp
[0.924s] -- Up-to-date: /home/dsh/Documents/work_logs/code/SFUISE/sfuise_ws/install/isas_msgs/lib/libisas_msgs__rosidl_typesupport_introspection_cpp.so
[0.925s] -- Up-to-date: /home/dsh/Documents/work_logs/code/SFUISE/sfuise_ws/install/isas_msgs/lib/libisas_msgs__rosidl_typesupport_cpp.so
[0.925s] -- Up-to-date: /home/dsh/Documents/work_logs/code/SFUISE/sfuise_ws/install/isas_msgs/share/isas_msgs/environment/pythonpath.sh
[0.926s] -- Up-to-date: /home/dsh/Documents/work_logs/code/SFUISE/sfuise_ws/install/isas_msgs/share/isas_msgs/environment/pythonpath.dsv
[0.926s] -- Up-to-date: /home/dsh/Documents/work_logs/code/SFUISE/sfuise_ws/install/isas_msgs/local/lib/python3.10/dist-packages/isas_msgs-0.0.0-py3.10.egg-info
[0.926s] -- Installing: /home/dsh/Documents/work_logs/code/SFUISE/sfuise_ws/install/isas_msgs/local/lib/python3.10/dist-packages/isas_msgs-0.0.0-py3.10.egg-info/SOURCES.txt
[0.927s] -- Installing: /home/dsh/Documents/work_logs/code/SFUISE/sfuise_ws/install/isas_msgs/local/lib/python3.10/dist-packages/isas_msgs-0.0.0-py3.10.egg-info/PKG-INFO
[0.927s] -- Installing: /home/dsh/Documents/work_logs/code/SFUISE/sfuise_ws/install/isas_msgs/local/lib/python3.10/dist-packages/isas_msgs-0.0.0-py3.10.egg-info/top_level.txt
[0.927s] -- Installing: /home/dsh/Documents/work_logs/code/SFUISE/sfuise_ws/install/isas_msgs/local/lib/python3.10/dist-packages/isas_msgs-0.0.0-py3.10.egg-info/dependency_links.txt
[0.928s] -- Up-to-date: /home/dsh/Documents/work_logs/code/SFUISE/sfuise_ws/install/isas_msgs/local/lib/python3.10/dist-packages/isas_msgs
[0.928s] -- Up-to-date: /home/dsh/Documents/work_logs/code/SFUISE/sfuise_ws/install/isas_msgs/local/lib/python3.10/dist-packages/isas_msgs/libisas_msgs__rosidl_generator_py.so
[0.928s] -- Up-to-date: /home/dsh/Documents/work_logs/code/SFUISE/sfuise_ws/install/isas_msgs/local/lib/python3.10/dist-packages/isas_msgs/isas_msgs_s__rosidl_typesupport_c.cpython-310-x86_64-linux-gnu.so
[0.928s] -- Up-to-date: /home/dsh/Documents/work_logs/code/SFUISE/sfuise_ws/install/isas_msgs/local/lib/python3.10/dist-packages/isas_msgs/_isas_msgs_s.ep.rosidl_typesupport_c.c
[0.929s] -- Up-to-date: /home/dsh/Documents/work_logs/code/SFUISE/sfuise_ws/install/isas_msgs/local/lib/python3.10/dist-packages/isas_msgs/__init__.py
[0.929s] -- Up-to-date: /home/dsh/Documents/work_logs/code/SFUISE/sfuise_ws/install/isas_msgs/local/lib/python3.10/dist-packages/isas_msgs/_isas_msgs_s.ep.rosidl_typesupport_fastrtps_c.c
[0.929s] -- Up-to-date: /home/dsh/Documents/work_logs/code/SFUISE/sfuise_ws/install/isas_msgs/local/lib/python3.10/dist-packages/isas_msgs/msg
[0.929s] -- Up-to-date: /home/dsh/Documents/work_logs/code/SFUISE/sfuise_ws/install/isas_msgs/local/lib/python3.10/dist-packages/isas_msgs/msg/_rtls_range_s.c
[0.929s] -- Up-to-date: /home/dsh/Documents/work_logs/code/SFUISE/sfuise_ws/install/isas_msgs/local/lib/python3.10/dist-packages/isas_msgs/msg/_anchorlist_s.c
[0.929s] -- Up-to-date: /home/dsh/Documents/work_logs/code/SFUISE/sfuise_ws/install/isas_msgs/local/lib/python3.10/dist-packages/isas_msgs/msg/__init__.py
[0.931s] -- Up-to-date: /home/dsh/Documents/work_logs/code/SFUISE/sfuise_ws/install/isas_msgs/local/lib/python3.10/dist-packages/isas_msgs/msg/_rtls_range.py
[0.934s] -- Up-to-date: /home/dsh/Documents/work_logs/code/SFUISE/sfuise_ws/install/isas_msgs/local/lib/python3.10/dist-packages/isas_msgs/msg/_anchor_position_s.c
[0.934s] -- Up-to-date: /home/dsh/Documents/work_logs/code/SFUISE/sfuise_ws/install/isas_msgs/local/lib/python3.10/dist-packages/isas_msgs/msg/_anchor_position.py
[0.934s] -- Up-to-date: /home/dsh/Documents/work_logs/code/SFUISE/sfuise_ws/install/isas_msgs/local/lib/python3.10/dist-packages/isas_msgs/msg/_rtls_stick.py
[0.934s] -- Up-to-date: /home/dsh/Documents/work_logs/code/SFUISE/sfuise_ws/install/isas_msgs/local/lib/python3.10/dist-packages/isas_msgs/msg/_rtls_stick_s.c
[0.935s] -- Up-to-date: /home/dsh/Documents/work_logs/code/SFUISE/sfuise_ws/install/isas_msgs/local/lib/python3.10/dist-packages/isas_msgs/msg/_anchorlist.py
[0.935s] -- Up-to-date: /home/dsh/Documents/work_logs/code/SFUISE/sfuise_ws/install/isas_msgs/local/lib/python3.10/dist-packages/isas_msgs/isas_msgs_s__rosidl_typesupport_fastrtps_c.cpython-310-x86_64-linux-gnu.so
[0.935s] -- Up-to-date: /home/dsh/Documents/work_logs/code/SFUISE/sfuise_ws/install/isas_msgs/local/lib/python3.10/dist-packages/isas_msgs/_isas_msgs_s.ep.rosidl_typesupport_introspection_c.c
[0.935s] -- Up-to-date: /home/dsh/Documents/work_logs/code/SFUISE/sfuise_ws/install/isas_msgs/local/lib/python3.10/dist-packages/isas_msgs/isas_msgs_s__rosidl_typesupport_introspection_c.cpython-310-x86_64-linux-gnu.so
[0.965s] Listing '/home/dsh/Documents/work_logs/code/SFUISE/sfuise_ws/install/isas_msgs/local/lib/python3.10/dist-packages/isas_msgs'...
[0.965s] Listing '/home/dsh/Documents/work_logs/code/SFUISE/sfuise_ws/install/isas_msgs/local/lib/python3.10/dist-packages/isas_msgs/msg'...
[0.978s] -- Up-to-date: /home/dsh/Documents/work_logs/code/SFUISE/sfuise_ws/install/isas_msgs/local/lib/python3.10/dist-packages/isas_msgs/isas_msgs_s__rosidl_typesupport_fastrtps_c.cpython-310-x86_64-linux-gnu.so
[0.986s] -- Up-to-date: /home/dsh/Documents/work_logs/code/SFUISE/sfuise_ws/install/isas_msgs/local/lib/python3.10/dist-packages/isas_msgs/isas_msgs_s__rosidl_typesupport_introspection_c.cpython-310-x86_64-linux-gnu.so
[0.987s] -- Up-to-date: /home/dsh/Documents/work_logs/code/SFUISE/sfuise_ws/install/isas_msgs/local/lib/python3.10/dist-packages/isas_msgs/isas_msgs_s__rosidl_typesupport_c.cpython-310-x86_64-linux-gnu.so
[0.990s] -- Up-to-date: /home/dsh/Documents/work_logs/code/SFUISE/sfuise_ws/install/isas_msgs/lib/libisas_msgs__rosidl_generator_py.so
[0.990s] -- Up-to-date: /home/dsh/Documents/work_logs/code/SFUISE/sfuise_ws/install/isas_msgs/share/isas_msgs/msg/Anchorlist.idl
[0.990s] -- Up-to-date: /home/dsh/Documents/work_logs/code/SFUISE/sfuise_ws/install/isas_msgs/share/isas_msgs/msg/AnchorPosition.idl
[0.990s] -- Up-to-date: /home/dsh/Documents/work_logs/code/SFUISE/sfuise_ws/install/isas_msgs/share/isas_msgs/msg/RTLSRange.idl
[0.990s] -- Up-to-date: /home/dsh/Documents/work_logs/code/SFUISE/sfuise_ws/install/isas_msgs/share/isas_msgs/msg/RTLSStick.idl
[0.990s] -- Up-to-date: /home/dsh/Documents/work_logs/code/SFUISE/sfuise_ws/install/isas_msgs/share/isas_msgs/msg/Anchorlist.msg
[0.991s] -- Up-to-date: /home/dsh/Documents/work_logs/code/SFUISE/sfuise_ws/install/isas_msgs/share/isas_msgs/msg/AnchorPosition.msg
[0.991s] -- Up-to-date: /home/dsh/Documents/work_logs/code/SFUISE/sfuise_ws/install/isas_msgs/share/isas_msgs/msg/RTLSRange.msg
[0.991s] -- Up-to-date: /home/dsh/Documents/work_logs/code/SFUISE/sfuise_ws/install/isas_msgs/share/isas_msgs/msg/RTLSStick.msg
[0.991s] -- Up-to-date: /home/dsh/Documents/work_logs/code/SFUISE/sfuise_ws/install/isas_msgs/share/ament_index/resource_index/package_run_dependencies/isas_msgs
[0.993s] -- Up-to-date: /home/dsh/Documents/work_logs/code/SFUISE/sfuise_ws/install/isas_msgs/share/ament_index/resource_index/parent_prefix_path/isas_msgs
[0.993s] -- Up-to-date: /home/dsh/Documents/work_logs/code/SFUISE/sfuise_ws/install/isas_msgs/share/isas_msgs/environment/ament_prefix_path.sh
[0.993s] -- Up-to-date: /home/dsh/Documents/work_logs/code/SFUISE/sfuise_ws/install/isas_msgs/share/isas_msgs/environment/ament_prefix_path.dsv
[0.993s] -- Up-to-date: /home/dsh/Documents/work_logs/code/SFUISE/sfuise_ws/install/isas_msgs/share/isas_msgs/environment/path.sh
[0.993s] -- Up-to-date: /home/dsh/Documents/work_logs/code/SFUISE/sfuise_ws/install/isas_msgs/share/isas_msgs/environment/path.dsv
[0.993s] -- Up-to-date: /home/dsh/Documents/work_logs/code/SFUISE/sfuise_ws/install/isas_msgs/share/isas_msgs/local_setup.bash
[0.994s] -- Up-to-date: /home/dsh/Documents/work_logs/code/SFUISE/sfuise_ws/install/isas_msgs/share/isas_msgs/local_setup.sh
[0.994s] -- Up-to-date: /home/dsh/Documents/work_logs/code/SFUISE/sfuise_ws/install/isas_msgs/share/isas_msgs/local_setup.zsh
[0.995s] -- Up-to-date: /home/dsh/Documents/work_logs/code/SFUISE/sfuise_ws/install/isas_msgs/share/isas_msgs/local_setup.dsv
[0.995s] -- Installing: /home/dsh/Documents/work_logs/code/SFUISE/sfuise_ws/install/isas_msgs/share/isas_msgs/package.dsv
[0.995s] -- Up-to-date: /home/dsh/Documents/work_logs/code/SFUISE/sfuise_ws/install/isas_msgs/share/ament_index/resource_index/packages/isas_msgs
[0.996s] -- Up-to-date: /home/dsh/Documents/work_logs/code/SFUISE/sfuise_ws/install/isas_msgs/share/isas_msgs/cmake/export_isas_msgs__rosidl_generator_cExport.cmake
[0.996s] -- Up-to-date: /home/dsh/Documents/work_logs/code/SFUISE/sfuise_ws/install/isas_msgs/share/isas_msgs/cmake/export_isas_msgs__rosidl_generator_cExport-noconfig.cmake
[0.996s] -- Up-to-date: /home/dsh/Documents/work_logs/code/SFUISE/sfuise_ws/install/isas_msgs/share/isas_msgs/cmake/export_isas_msgs__rosidl_typesupport_fastrtps_cExport.cmake
[0.997s] -- Up-to-date: /home/dsh/Documents/work_logs/code/SFUISE/sfuise_ws/install/isas_msgs/share/isas_msgs/cmake/export_isas_msgs__rosidl_typesupport_fastrtps_cExport-noconfig.cmake
[0.997s] -- Up-to-date: /home/dsh/Documents/work_logs/code/SFUISE/sfuise_ws/install/isas_msgs/share/isas_msgs/cmake/export_isas_msgs__rosidl_generator_cppExport.cmake
[0.997s] -- Up-to-date: /home/dsh/Documents/work_logs/code/SFUISE/sfuise_ws/install/isas_msgs/share/isas_msgs/cmake/export_isas_msgs__rosidl_typesupport_fastrtps_cppExport.cmake
[0.997s] -- Up-to-date: /home/dsh/Documents/work_logs/code/SFUISE/sfuise_ws/install/isas_msgs/share/isas_msgs/cmake/export_isas_msgs__rosidl_typesupport_fastrtps_cppExport-noconfig.cmake
[0.997s] -- Up-to-date: /home/dsh/Documents/work_logs/code/SFUISE/sfuise_ws/install/isas_msgs/share/isas_msgs/cmake/isas_msgs__rosidl_typesupport_introspection_cExport.cmake
[0.998s] -- Up-to-date: /home/dsh/Documents/work_logs/code/SFUISE/sfuise_ws/install/isas_msgs/share/isas_msgs/cmake/isas_msgs__rosidl_typesupport_introspection_cExport-noconfig.cmake
[0.998s] -- Up-to-date: /home/dsh/Documents/work_logs/code/SFUISE/sfuise_ws/install/isas_msgs/share/isas_msgs/cmake/isas_msgs__rosidl_typesupport_cExport.cmake
[0.999s] -- Up-to-date: /home/dsh/Documents/work_logs/code/SFUISE/sfuise_ws/install/isas_msgs/share/isas_msgs/cmake/isas_msgs__rosidl_typesupport_cExport-noconfig.cmake
[0.999s] -- Up-to-date: /home/dsh/Documents/work_logs/code/SFUISE/sfuise_ws/install/isas_msgs/share/isas_msgs/cmake/isas_msgs__rosidl_typesupport_introspection_cppExport.cmake
[0.999s] -- Up-to-date: /home/dsh/Documents/work_logs/code/SFUISE/sfuise_ws/install/isas_msgs/share/isas_msgs/cmake/isas_msgs__rosidl_typesupport_introspection_cppExport-noconfig.cmake
[1.000s] -- Up-to-date: /home/dsh/Documents/work_logs/code/SFUISE/sfuise_ws/install/isas_msgs/share/isas_msgs/cmake/isas_msgs__rosidl_typesupport_cppExport.cmake
[1.000s] -- Up-to-date: /home/dsh/Documents/work_logs/code/SFUISE/sfuise_ws/install/isas_msgs/share/isas_msgs/cmake/isas_msgs__rosidl_typesupport_cppExport-noconfig.cmake
[1.000s] -- Up-to-date: /home/dsh/Documents/work_logs/code/SFUISE/sfuise_ws/install/isas_msgs/share/isas_msgs/cmake/export_isas_msgs__rosidl_generator_pyExport.cmake
[1.000s] -- Up-to-date: /home/dsh/Documents/work_logs/code/SFUISE/sfuise_ws/install/isas_msgs/share/isas_msgs/cmake/export_isas_msgs__rosidl_generator_pyExport-noconfig.cmake
[1.000s] -- Up-to-date: /home/dsh/Documents/work_logs/code/SFUISE/sfuise_ws/install/isas_msgs/share/isas_msgs/cmake/rosidl_cmake-extras.cmake
[1.001s] -- Up-to-date: /home/dsh/Documents/work_logs/code/SFUISE/sfuise_ws/install/isas_msgs/share/isas_msgs/cmake/ament_cmake_export_dependencies-extras.cmake
[1.001s] -- Up-to-date: /home/dsh/Documents/work_logs/code/SFUISE/sfuise_ws/install/isas_msgs/share/isas_msgs/cmake/ament_cmake_export_include_directories-extras.cmake
[1.001s] -- Up-to-date: /home/dsh/Documents/work_logs/code/SFUISE/sfuise_ws/install/isas_msgs/share/isas_msgs/cmake/ament_cmake_export_libraries-extras.cmake
[1.001s] -- Up-to-date: /home/dsh/Documents/work_logs/code/SFUISE/sfuise_ws/install/isas_msgs/share/isas_msgs/cmake/ament_cmake_export_targets-extras.cmake
[1.001s] -- Up-to-date: /home/dsh/Documents/work_logs/code/SFUISE/sfuise_ws/install/isas_msgs/share/isas_msgs/cmake/rosidl_cmake_export_typesupport_targets-extras.cmake
[1.001s] -- Up-to-date: /home/dsh/Documents/work_logs/code/SFUISE/sfuise_ws/install/isas_msgs/share/isas_msgs/cmake/rosidl_cmake_export_typesupport_libraries-extras.cmake
[1.002s] -- Up-to-date: /home/dsh/Documents/work_logs/code/SFUISE/sfuise_ws/install/isas_msgs/share/isas_msgs/cmake/isas_msgsConfig.cmake
[1.002s] -- Up-to-date: /home/dsh/Documents/work_logs/code/SFUISE/sfuise_ws/install/isas_msgs/share/isas_msgs/cmake/isas_msgsConfig-version.cmake
[1.002s] -- Up-to-date: /home/dsh/Documents/work_logs/code/SFUISE/sfuise_ws/install/isas_msgs/share/isas_msgs/package.xml
[1.063s] Invoked command in '/home/dsh/Documents/work_logs/code/SFUISE/sfuise_ws/build/isas_msgs' returned '0': CMAKE_PREFIX_PATH=/opt/ros/humble /usr/bin/cmake --install /home/dsh/Documents/work_logs/code/SFUISE/sfuise_ws/build/isas_msgs
