[0.026s] Invoking command in '/home/dsh/Documents/work_logs/code/SFUISE/sfuise_ws/build/sfuise': AMENT_PREFIX_PATH=/home/dsh/Documents/work_logs/code/SFUISE/sfuise_ws/install/sfuise_msgs:/home/dsh/Documents/work_logs/code/SFUISE/sfuise_ws/install/isas_msgs:/home/dsh/Documents/work_logs/code/SFUISE/sfuise_ws/install/cf_msgs:${AMENT_PREFIX_PATH} CMAKE_PREFIX_PATH=/home/dsh/Documents/work_logs/code/SFUISE/sfuise_ws/install/sfuise_msgs:/home/dsh/Documents/work_logs/code/SFUISE/sfuise_ws/install/isas_msgs:/home/dsh/Documents/work_logs/code/SFUISE/sfuise_ws/install/cf_msgs:/opt/ros/humble LD_LIBRARY_PATH=/home/dsh/Documents/work_logs/code/SFUISE/sfuise_ws/install/sfuise_msgs/lib:/home/dsh/Documents/work_logs/code/SFUISE/sfuise_ws/install/isas_msgs/lib:/home/dsh/Documents/work_logs/code/SFUISE/sfuise_ws/install/cf_msgs/lib:${LD_LIBRARY_PATH} PYTHONPATH=/home/dsh/Documents/work_logs/code/SFUISE/sfuise_ws/install/sfuise_msgs/local/lib/python3.10/dist-packages:/home/dsh/Documents/work_logs/code/SFUISE/sfuise_ws/install/isas_msgs/local/lib/python3.10/dist-packages:/home/dsh/Documents/work_logs/code/SFUISE/sfuise_ws/install/cf_msgs/local/lib/python3.10/dist-packages:${PYTHONPATH} /usr/bin/cmake --build /home/dsh/Documents/work_logs/code/SFUISE/sfuise_ws/build/sfuise -- -j20 -l20
[0.120s] [35m[1mConsolidate compiler generated dependencies of target SplineFusion[0m
[0.159s] [ 25%] [32mBuilding CXX object CMakeFiles/EstimationInterface.dir/src/EstimationInterface.cpp.o[0m
[0.170s] [ 50%] [32mBuilding CXX object CMakeFiles/SplineFusion.dir/src/SplineFusion.cpp.o[0m
[8.610s] [01m[K/home/dsh/Documents/work_logs/code/SFUISE/sfuise_ws/src/sfuise/src/EstimationInterface.cpp:[m[K In member function ‘[01m[Kvoid EstimationInterface::getGtFromISASCallback(geometry_msgs::msg::TransformStamped_<std::allocator<void> >::SharedPtr)[m[K’:
[8.611s] [01m[K/home/dsh/Documents/work_logs/code/SFUISE/sfuise_ws/src/sfuise/src/EstimationInterface.cpp:351:19:[m[K [01;31m[Kerror: [m[Kno match for ‘[01m[Koperator<<[m[K’ (operand types are ‘[01m[Kstd::ostream[m[K’ {aka ‘[01m[Kstd::basic_ostream<char>[m[K’} and ‘[01m[KEigen::aligned_vector<PoseData>[m[K’ {aka ‘[01m[Kstd::vector<PoseData, Eigen::aligned_allocator<PoseData> >[m[K’})
[8.611s]   351 |         [32m[Kstd::cout[m[K [01;31m[K<<[m[K [34m[Kgt[m[K << std::endl;
[8.611s]       |         [32m[K~~~~~~~~~[m[K [01;31m[K^~[m[K [34m[K~~[m[K
[8.612s]       |              [32m[K|[m[K       [34m[K|[m[K
[8.612s]       |              [32m[K|[m[K       [34m[KEigen::aligned_vector<PoseData> {aka std::vector<PoseData, Eigen::aligned_allocator<PoseData> >}[m[K
[8.612s]       |              [32m[Kstd::ostream {aka std::basic_ostream<char>}[m[K
[8.612s] In file included from [01m[K/usr/include/c++/11/iostream:39[m[K,
[8.613s]                  from [01m[K/opt/ros/humble/include/rclcpp/rclcpp/executor.hpp:22[m[K,
[8.616s]                  from [01m[K/opt/ros/humble/include/rclcpp/rclcpp/executors/multi_threaded_executor.hpp:25[m[K,
[8.616s]                  from [01m[K/opt/ros/humble/include/rclcpp/rclcpp/executors.hpp:21[m[K,
[8.616s]                  from [01m[K/opt/ros/humble/include/rclcpp/rclcpp/rclcpp.hpp:155[m[K,
[8.616s]                  from [01m[K/home/dsh/Documents/work_logs/code/SFUISE/sfuise_ws/src/sfuise/src/EstimationInterface.cpp:1[m[K:
[8.616s] [01m[K/usr/include/c++/11/ostream:108:7:[m[K [01;36m[Knote: [m[Kcandidate: ‘[01m[Kstd::basic_ostream<_CharT, _Traits>::__ostream_type& std::basic_ostream<_CharT, _Traits>::operator<<(std::basic_ostream<_CharT, _Traits>::__ostream_type& (*)(std::basic_ostream<_CharT, _Traits>::__ostream_type&)) [with _CharT = char; _Traits = std::char_traits<char>; std::basic_ostream<_CharT, _Traits>::__ostream_type = std::basic_ostream<char>][m[K’
[8.617s]   108 |       [01;36m[Koperator[m[K<<(__ostream_type& (*__pf)(__ostream_type&))
[8.617s]       |       [01;36m[K^~~~~~~~[m[K
[8.617s] [01m[K/usr/include/c++/11/ostream:108:36:[m[K [01;36m[Knote: [m[K  no known conversion for argument 1 from ‘[01m[KEigen::aligned_vector<PoseData>[m[K’ {aka ‘[01m[Kstd::vector<PoseData, Eigen::aligned_allocator<PoseData> >[m[K’} to ‘[01m[Kstd::basic_ostream<char>::__ostream_type& (*)(std::basic_ostream<char>::__ostream_type&)[m[K’ {aka ‘[01m[Kstd::basic_ostream<char>& (*)(std::basic_ostream<char>&)[m[K’}
[8.617s]   108 |       operator<<([01;36m[K__ostream_type& (*__pf)(__ostream_type&)[m[K)
[8.617s]       |                  [01;36m[K~~~~~~~~~~~~~~~~~~^~~~~~~~~~~~~~~~~~~~~~[m[K
[8.618s] [01m[K/usr/include/c++/11/ostream:117:7:[m[K [01;36m[Knote: [m[Kcandidate: ‘[01m[Kstd::basic_ostream<_CharT, _Traits>::__ostream_type& std::basic_ostream<_CharT, _Traits>::operator<<(std::basic_ostream<_CharT, _Traits>::__ios_type& (*)(std::basic_ostream<_CharT, _Traits>::__ios_type&)) [with _CharT = char; _Traits = std::char_traits<char>; std::basic_ostream<_CharT, _Traits>::__ostream_type = std::basic_ostream<char>; std::basic_ostream<_CharT, _Traits>::__ios_type = std::basic_ios<char>][m[K’
[8.618s]   117 |       [01;36m[Koperator[m[K<<(__ios_type& (*__pf)(__ios_type&))
[8.618s]       |       [01;36m[K^~~~~~~~[m[K
[8.618s] [01m[K/usr/include/c++/11/ostream:117:32:[m[K [01;36m[Knote: [m[K  no known conversion for argument 1 from ‘[01m[KEigen::aligned_vector<PoseData>[m[K’ {aka ‘[01m[Kstd::vector<PoseData, Eigen::aligned_allocator<PoseData> >[m[K’} to ‘[01m[Kstd::basic_ostream<char>::__ios_type& (*)(std::basic_ostream<char>::__ios_type&)[m[K’ {aka ‘[01m[Kstd::basic_ios<char>& (*)(std::basic_ios<char>&)[m[K’}
[8.618s]   117 |       operator<<([01;36m[K__ios_type& (*__pf)(__ios_type&)[m[K)
[8.618s]       |                  [01;36m[K~~~~~~~~~~~~~~^~~~~~~~~~~~~~~~~~[m[K
[8.619s] [01m[K/usr/include/c++/11/ostream:127:7:[m[K [01;36m[Knote: [m[Kcandidate: ‘[01m[Kstd::basic_ostream<_CharT, _Traits>::__ostream_type& std::basic_ostream<_CharT, _Traits>::operator<<(std::ios_base& (*)(std::ios_base&)) [with _CharT = char; _Traits = std::char_traits<char>; std::basic_ostream<_CharT, _Traits>::__ostream_type = std::basic_ostream<char>][m[K’
[8.619s]   127 |       [01;36m[Koperator[m[K<<(ios_base& (*__pf) (ios_base&))
[8.619s]       |       [01;36m[K^~~~~~~~[m[K
[8.619s] [01m[K/usr/include/c++/11/ostream:127:30:[m[K [01;36m[Knote: [m[K  no known conversion for argument 1 from ‘[01m[KEigen::aligned_vector<PoseData>[m[K’ {aka ‘[01m[Kstd::vector<PoseData, Eigen::aligned_allocator<PoseData> >[m[K’} to ‘[01m[Kstd::ios_base& (*)(std::ios_base&)[m[K’
[8.619s]   127 |       operator<<([01;36m[Kios_base& (*__pf) (ios_base&)[m[K)
[8.619s]       |                  [01;36m[K~~~~~~~~~~~~^~~~~~~~~~~~~~~~~[m[K
[8.620s] [01m[K/usr/include/c++/11/ostream:166:7:[m[K [01;36m[Knote: [m[Kcandidate: ‘[01m[Kstd::basic_ostream<_CharT, _Traits>::__ostream_type& std::basic_ostream<_CharT, _Traits>::operator<<(long int) [with _CharT = char; _Traits = std::char_traits<char>; std::basic_ostream<_CharT, _Traits>::__ostream_type = std::basic_ostream<char>][m[K’
[8.620s]   166 |       [01;36m[Koperator[m[K<<(long __n)
[8.620s]       |       [01;36m[K^~~~~~~~[m[K
[8.620s] [01m[K/usr/include/c++/11/ostream:166:23:[m[K [01;36m[Knote: [m[K  no known conversion for argument 1 from ‘[01m[KEigen::aligned_vector<PoseData>[m[K’ {aka ‘[01m[Kstd::vector<PoseData, Eigen::aligned_allocator<PoseData> >[m[K’} to ‘[01m[Klong int[m[K’
[8.620s]   166 |       operator<<([01;36m[Klong __n[m[K)
[8.621s]       |                  [01;36m[K~~~~~^~~[m[K
[8.621s] [01m[K/usr/include/c++/11/ostream:170:7:[m[K [01;36m[Knote: [m[Kcandidate: ‘[01m[Kstd::basic_ostream<_CharT, _Traits>::__ostream_type& std::basic_ostream<_CharT, _Traits>::operator<<(long unsigned int) [with _CharT = char; _Traits = std::char_traits<char>; std::basic_ostream<_CharT, _Traits>::__ostream_type = std::basic_ostream<char>][m[K’
[8.621s]   170 |       [01;36m[Koperator[m[K<<(unsigned long __n)
[8.621s]       |       [01;36m[K^~~~~~~~[m[K
[8.621s] [01m[K/usr/include/c++/11/ostream:170:32:[m[K [01;36m[Knote: [m[K  no known conversion for argument 1 from ‘[01m[KEigen::aligned_vector<PoseData>[m[K’ {aka ‘[01m[Kstd::vector<PoseData, Eigen::aligned_allocator<PoseData> >[m[K’} to ‘[01m[Klong unsigned int[m[K’
[8.622s]   170 |       operator<<([01;36m[Kunsigned long __n[m[K)
[8.622s]       |                  [01;36m[K~~~~~~~~~~~~~~^~~[m[K
[8.622s] [01m[K/usr/include/c++/11/ostream:174:7:[m[K [01;36m[Knote: [m[Kcandidate: ‘[01m[Kstd::basic_ostream<_CharT, _Traits>::__ostream_type& std::basic_ostream<_CharT, _Traits>::operator<<(bool) [with _CharT = char; _Traits = std::char_traits<char>; std::basic_ostream<_CharT, _Traits>::__ostream_type = std::basic_ostream<char>][m[K’
[8.622s]   174 |       [01;36m[Koperator[m[K<<(bool __n)
[8.623s]       |       [01;36m[K^~~~~~~~[m[K
[8.623s] [01m[K/usr/include/c++/11/ostream:174:23:[m[K [01;36m[Knote: [m[K  no known conversion for argument 1 from ‘[01m[KEigen::aligned_vector<PoseData>[m[K’ {aka ‘[01m[Kstd::vector<PoseData, Eigen::aligned_allocator<PoseData> >[m[K’} to ‘[01m[Kbool[m[K’
[8.623s]   174 |       operator<<([01;36m[Kbool __n[m[K)
[8.623s]       |                  [01;36m[K~~~~~^~~[m[K
[8.623s] In file included from [01m[K/usr/include/c++/11/ostream:829[m[K,
[8.624s]                  from [01m[K/usr/include/c++/11/iostream:39[m[K,
[8.624s]                  from [01m[K/opt/ros/humble/include/rclcpp/rclcpp/executor.hpp:22[m[K,
[8.624s]                  from [01m[K/opt/ros/humble/include/rclcpp/rclcpp/executors/multi_threaded_executor.hpp:25[m[K,
[8.624s]                  from [01m[K/opt/ros/humble/include/rclcpp/rclcpp/executors.hpp:21[m[K,
[8.624s]                  from [01m[K/opt/ros/humble/include/rclcpp/rclcpp/rclcpp.hpp:155[m[K,
[8.625s]                  from [01m[K/home/dsh/Documents/work_logs/code/SFUISE/sfuise_ws/src/sfuise/src/EstimationInterface.cpp:1[m[K:
[8.625s] [01m[K/usr/include/c++/11/bits/ostream.tcc:91:5:[m[K [01;36m[Knote: [m[Kcandidate: ‘[01m[Kstd::basic_ostream<_Ch, _Tr>& std::basic_ostream<_CharT, _Traits>::operator<<(short int) [with _CharT = char; _Traits = std::char_traits<char>][m[K’
[8.625s]    91 |     [01;36m[Kbasic_ostream<_CharT, _Traits>[m[K::
[8.625s]       |     [01;36m[K^~~~~~~~~~~~~~~~~~~~~~~~~~~~~~[m[K
[8.626s] [01m[K/usr/include/c++/11/bits/ostream.tcc:92:22:[m[K [01;36m[Knote: [m[K  no known conversion for argument 1 from ‘[01m[KEigen::aligned_vector<PoseData>[m[K’ {aka ‘[01m[Kstd::vector<PoseData, Eigen::aligned_allocator<PoseData> >[m[K’} to ‘[01m[Kshort int[m[K’
[8.626s]    92 |     operator<<([01;36m[Kshort __n[m[K)
[8.626s]       |                [01;36m[K~~~~~~^~~[m[K
[8.626s] In file included from [01m[K/usr/include/c++/11/iostream:39[m[K,
[8.626s]                  from [01m[K/opt/ros/humble/include/rclcpp/rclcpp/executor.hpp:22[m[K,
[8.626s]                  from [01m[K/opt/ros/humble/include/rclcpp/rclcpp/executors/multi_threaded_executor.hpp:25[m[K,
[8.627s]                  from [01m[K/opt/ros/humble/include/rclcpp/rclcpp/executors.hpp:21[m[K,
[8.627s]                  from [01m[K/opt/ros/humble/include/rclcpp/rclcpp/rclcpp.hpp:155[m[K,
[8.627s]                  from [01m[K/home/dsh/Documents/work_logs/code/SFUISE/sfuise_ws/src/sfuise/src/EstimationInterface.cpp:1[m[K:
[8.627s] [01m[K/usr/include/c++/11/ostream:181:7:[m[K [01;36m[Knote: [m[Kcandidate: ‘[01m[Kstd::basic_ostream<_CharT, _Traits>::__ostream_type& std::basic_ostream<_CharT, _Traits>::operator<<(short unsigned int) [with _CharT = char; _Traits = std::char_traits<char>; std::basic_ostream<_CharT, _Traits>::__ostream_type = std::basic_ostream<char>][m[K’
[8.627s]   181 |       [01;36m[Koperator[m[K<<(unsigned short __n)
[8.627s]       |       [01;36m[K^~~~~~~~[m[K
[8.628s] [01m[K/usr/include/c++/11/ostream:181:33:[m[K [01;36m[Knote: [m[K  no known conversion for argument 1 from ‘[01m[KEigen::aligned_vector<PoseData>[m[K’ {aka ‘[01m[Kstd::vector<PoseData, Eigen::aligned_allocator<PoseData> >[m[K’} to ‘[01m[Kshort unsigned int[m[K’
[8.628s]   181 |       operator<<([01;36m[Kunsigned short __n[m[K)
[8.628s]       |                  [01;36m[K~~~~~~~~~~~~~~~^~~[m[K
[8.628s] In file included from [01m[K/usr/include/c++/11/ostream:829[m[K,
[8.628s]                  from [01m[K/usr/include/c++/11/iostream:39[m[K,
[8.629s]                  from [01m[K/opt/ros/humble/include/rclcpp/rclcpp/executor.hpp:22[m[K,
[8.629s]                  from [01m[K/opt/ros/humble/include/rclcpp/rclcpp/executors/multi_threaded_executor.hpp:25[m[K,
[8.629s]                  from [01m[K/opt/ros/humble/include/rclcpp/rclcpp/executors.hpp:21[m[K,
[8.629s]                  from [01m[K/opt/ros/humble/include/rclcpp/rclcpp/rclcpp.hpp:155[m[K,
[8.629s]                  from [01m[K/home/dsh/Documents/work_logs/code/SFUISE/sfuise_ws/src/sfuise/src/EstimationInterface.cpp:1[m[K:
[8.629s] [01m[K/usr/include/c++/11/bits/ostream.tcc:105:5:[m[K [01;36m[Knote: [m[Kcandidate: ‘[01m[Kstd::basic_ostream<_Ch, _Tr>& std::basic_ostream<_CharT, _Traits>::operator<<(int) [with _CharT = char; _Traits = std::char_traits<char>][m[K’
[8.629s]   105 |     [01;36m[Kbasic_ostream<_CharT, _Traits>[m[K::
[8.630s]       |     [01;36m[K^~~~~~~~~~~~~~~~~~~~~~~~~~~~~~[m[K
[8.630s] [01m[K/usr/include/c++/11/bits/ostream.tcc:106:20:[m[K [01;36m[Knote: [m[K  no known conversion for argument 1 from ‘[01m[KEigen::aligned_vector<PoseData>[m[K’ {aka ‘[01m[Kstd::vector<PoseData, Eigen::aligned_allocator<PoseData> >[m[K’} to ‘[01m[Kint[m[K’
[8.630s]   106 |     operator<<([01;36m[Kint __n[m[K)
[8.630s]       |                [01;36m[K~~~~^~~[m[K
[8.630s] In file included from [01m[K/usr/include/c++/11/iostream:39[m[K,
[8.631s]                  from [01m[K/opt/ros/humble/include/rclcpp/rclcpp/executor.hpp:22[m[K,
[8.631s]                  from [01m[K/opt/ros/humble/include/rclcpp/rclcpp/executors/multi_threaded_executor.hpp:25[m[K,
[8.631s]                  from [01m[K/opt/ros/humble/include/rclcpp/rclcpp/executors.hpp:21[m[K,
[8.631s]                  from [01m[K/opt/ros/humble/include/rclcpp/rclcpp/rclcpp.hpp:155[m[K,
[8.631s]                  from [01m[K/home/dsh/Documents/work_logs/code/SFUISE/sfuise_ws/src/sfuise/src/EstimationInterface.cpp:1[m[K:
[8.632s] [01m[K/usr/include/c++/11/ostream:192:7:[m[K [01;36m[Knote: [m[Kcandidate: ‘[01m[Kstd::basic_ostream<_CharT, _Traits>::__ostream_type& std::basic_ostream<_CharT, _Traits>::operator<<(unsigned int) [with _CharT = char; _Traits = std::char_traits<char>; std::basic_ostream<_CharT, _Traits>::__ostream_type = std::basic_ostream<char>][m[K’
[8.632s]   192 |       [01;36m[Koperator[m[K<<(unsigned int __n)
[8.632s]       |       [01;36m[K^~~~~~~~[m[K
[8.632s] [01m[K/usr/include/c++/11/ostream:192:31:[m[K [01;36m[Knote: [m[K  no known conversion for argument 1 from ‘[01m[KEigen::aligned_vector<PoseData>[m[K’ {aka ‘[01m[Kstd::vector<PoseData, Eigen::aligned_allocator<PoseData> >[m[K’} to ‘[01m[Kunsigned int[m[K’
[8.632s]   192 |       operator<<([01;36m[Kunsigned int __n[m[K)
[8.632s]       |                  [01;36m[K~~~~~~~~~~~~~^~~[m[K
[8.633s] [01m[K/usr/include/c++/11/ostream:201:7:[m[K [01;36m[Knote: [m[Kcandidate: ‘[01m[Kstd::basic_ostream<_CharT, _Traits>::__ostream_type& std::basic_ostream<_CharT, _Traits>::operator<<(long long int) [with _CharT = char; _Traits = std::char_traits<char>; std::basic_ostream<_CharT, _Traits>::__ostream_type = std::basic_ostream<char>][m[K’
[8.633s]   201 |       [01;36m[Koperator[m[K<<(long long __n)
[8.633s]       |       [01;36m[K^~~~~~~~[m[K
[8.633s] [01m[K/usr/include/c++/11/ostream:201:28:[m[K [01;36m[Knote: [m[K  no known conversion for argument 1 from ‘[01m[KEigen::aligned_vector<PoseData>[m[K’ {aka ‘[01m[Kstd::vector<PoseData, Eigen::aligned_allocator<PoseData> >[m[K’} to ‘[01m[Klong long int[m[K’
[8.633s]   201 |       operator<<([01;36m[Klong long __n[m[K)
[8.633s]       |                  [01;36m[K~~~~~~~~~~^~~[m[K
[8.634s] [01m[K/usr/include/c++/11/ostream:205:7:[m[K [01;36m[Knote: [m[Kcandidate: ‘[01m[Kstd::basic_ostream<_CharT, _Traits>::__ostream_type& std::basic_ostream<_CharT, _Traits>::operator<<(long long unsigned int) [with _CharT = char; _Traits = std::char_traits<char>; std::basic_ostream<_CharT, _Traits>::__ostream_type = std::basic_ostream<char>][m[K’
[8.634s]   205 |       [01;36m[Koperator[m[K<<(unsigned long long __n)
[8.634s]       |       [01;36m[K^~~~~~~~[m[K
[8.634s] [01m[K/usr/include/c++/11/ostream:205:37:[m[K [01;36m[Knote: [m[K  no known conversion for argument 1 from ‘[01m[KEigen::aligned_vector<PoseData>[m[K’ {aka ‘[01m[Kstd::vector<PoseData, Eigen::aligned_allocator<PoseData> >[m[K’} to ‘[01m[Klong long unsigned int[m[K’
[8.634s]   205 |       operator<<([01;36m[Kunsigned long long __n[m[K)
[8.634s]       |                  [01;36m[K~~~~~~~~~~~~~~~~~~~^~~[m[K
[8.635s] [01m[K/usr/include/c++/11/ostream:220:7:[m[K [01;36m[Knote: [m[Kcandidate: ‘[01m[Kstd::basic_ostream<_CharT, _Traits>::__ostream_type& std::basic_ostream<_CharT, _Traits>::operator<<(double) [with _CharT = char; _Traits = std::char_traits<char>; std::basic_ostream<_CharT, _Traits>::__ostream_type = std::basic_ostream<char>][m[K’
[8.635s]   220 |       [01;36m[Koperator[m[K<<(double __f)
[8.635s]       |       [01;36m[K^~~~~~~~[m[K
[8.635s] [01m[K/usr/include/c++/11/ostream:220:25:[m[K [01;36m[Knote: [m[K  no known conversion for argument 1 from ‘[01m[KEigen::aligned_vector<PoseData>[m[K’ {aka ‘[01m[Kstd::vector<PoseData, Eigen::aligned_allocator<PoseData> >[m[K’} to ‘[01m[Kdouble[m[K’
[8.635s]   220 |       operator<<([01;36m[Kdouble __f[m[K)
[8.635s]       |                  [01;36m[K~~~~~~~^~~[m[K
[8.636s] [01m[K/usr/include/c++/11/ostream:224:7:[m[K [01;36m[Knote: [m[Kcandidate: ‘[01m[Kstd::basic_ostream<_CharT, _Traits>::__ostream_type& std::basic_ostream<_CharT, _Traits>::operator<<(float) [with _CharT = char; _Traits = std::char_traits<char>; std::basic_ostream<_CharT, _Traits>::__ostream_type = std::basic_ostream<char>][m[K’
[8.636s]   224 |       [01;36m[Koperator[m[K<<(float __f)
[8.636s]       |       [01;36m[K^~~~~~~~[m[K
[8.636s] [01m[K/usr/include/c++/11/ostream:224:24:[m[K [01;36m[Knote: [m[K  no known conversion for argument 1 from ‘[01m[KEigen::aligned_vector<PoseData>[m[K’ {aka ‘[01m[Kstd::vector<PoseData, Eigen::aligned_allocator<PoseData> >[m[K’} to ‘[01m[Kfloat[m[K’
[8.637s]   224 |       operator<<([01;36m[Kfloat __f[m[K)
[8.637s]       |                  [01;36m[K~~~~~~^~~[m[K
[8.637s] [01m[K/usr/include/c++/11/ostream:232:7:[m[K [01;36m[Knote: [m[Kcandidate: ‘[01m[Kstd::basic_ostream<_CharT, _Traits>::__ostream_type& std::basic_ostream<_CharT, _Traits>::operator<<(long double) [with _CharT = char; _Traits = std::char_traits<char>; std::basic_ostream<_CharT, _Traits>::__ostream_type = std::basic_ostream<char>][m[K’
[8.637s]   232 |       [01;36m[Koperator[m[K<<(long double __f)
[8.637s]       |       [01;36m[K^~~~~~~~[m[K
[8.638s] [01m[K/usr/include/c++/11/ostream:232:30:[m[K [01;36m[Knote: [m[K  no known conversion for argument 1 from ‘[01m[KEigen::aligned_vector<PoseData>[m[K’ {aka ‘[01m[Kstd::vector<PoseData, Eigen::aligned_allocator<PoseData> >[m[K’} to ‘[01m[Klong double[m[K’
[8.638s]   232 |       operator<<([01;36m[Klong double __f[m[K)
[8.638s]       |                  [01;36m[K~~~~~~~~~~~~^~~[m[K
[8.638s] [01m[K/usr/include/c++/11/ostream:245:7:[m[K [01;36m[Knote: [m[Kcandidate: ‘[01m[Kstd::basic_ostream<_CharT, _Traits>::__ostream_type& std::basic_ostream<_CharT, _Traits>::operator<<(const void*) [with _CharT = char; _Traits = std::char_traits<char>; std::basic_ostream<_CharT, _Traits>::__ostream_type = std::basic_ostream<char>][m[K’
[8.638s]   245 |       [01;36m[Koperator[m[K<<(const void* __p)
[8.639s]       |       [01;36m[K^~~~~~~~[m[K
[8.639s] [01m[K/usr/include/c++/11/ostream:245:30:[m[K [01;36m[Knote: [m[K  no known conversion for argument 1 from ‘[01m[KEigen::aligned_vector<PoseData>[m[K’ {aka ‘[01m[Kstd::vector<PoseData, Eigen::aligned_allocator<PoseData> >[m[K’} to ‘[01m[Kconst void*[m[K’
[8.639s]   245 |       operator<<([01;36m[Kconst void* __p[m[K)
[8.639s]       |                  [01;36m[K~~~~~~~~~~~~^~~[m[K
[8.639s] [01m[K/usr/include/c++/11/ostream:250:7:[m[K [01;36m[Knote: [m[Kcandidate: ‘[01m[Kstd::basic_ostream<_CharT, _Traits>::__ostream_type& std::basic_ostream<_CharT, _Traits>::operator<<(std::nullptr_t) [with _CharT = char; _Traits = std::char_traits<char>; std::basic_ostream<_CharT, _Traits>::__ostream_type = std::basic_ostream<char>; std::nullptr_t = std::nullptr_t][m[K’
[8.639s]   250 |       [01;36m[Koperator[m[K<<(nullptr_t)
[8.640s]       |       [01;36m[K^~~~~~~~[m[K
[8.640s] [01m[K/usr/include/c++/11/ostream:250:18:[m[K [01;36m[Knote: [m[K  no known conversion for argument 1 from ‘[01m[KEigen::aligned_vector<PoseData>[m[K’ {aka ‘[01m[Kstd::vector<PoseData, Eigen::aligned_allocator<PoseData> >[m[K’} to ‘[01m[Kstd::nullptr_t[m[K’
[8.640s]   250 |       operator<<([01;36m[Knullptr_t[m[K)
[8.640s]       |                  [01;36m[K^~~~~~~~~[m[K
[8.640s] In file included from [01m[K/usr/include/c++/11/ostream:829[m[K,
[8.641s]                  from [01m[K/usr/include/c++/11/iostream:39[m[K,
[8.641s]                  from [01m[K/opt/ros/humble/include/rclcpp/rclcpp/executor.hpp:22[m[K,
[8.641s]                  from [01m[K/opt/ros/humble/include/rclcpp/rclcpp/executors/multi_threaded_executor.hpp:25[m[K,
[8.641s]                  from [01m[K/opt/ros/humble/include/rclcpp/rclcpp/executors.hpp:21[m[K,
[8.641s]                  from [01m[K/opt/ros/humble/include/rclcpp/rclcpp/rclcpp.hpp:155[m[K,
[8.642s]                  from [01m[K/home/dsh/Documents/work_logs/code/SFUISE/sfuise_ws/src/sfuise/src/EstimationInterface.cpp:1[m[K:
[8.642s] [01m[K/usr/include/c++/11/bits/ostream.tcc:119:5:[m[K [01;36m[Knote: [m[Kcandidate: ‘[01m[Kstd::basic_ostream<_Ch, _Tr>& std::basic_ostream<_CharT, _Traits>::operator<<(std::basic_ostream<_CharT, _Traits>::__streambuf_type*) [with _CharT = char; _Traits = std::char_traits<char>; std::basic_ostream<_CharT, _Traits>::__streambuf_type = std::basic_streambuf<char>][m[K’
[8.642s]   119 |     [01;36m[Kbasic_ostream<_CharT, _Traits>[m[K::
[8.642s]       |     [01;36m[K^~~~~~~~~~~~~~~~~~~~~~~~~~~~~~[m[K
[8.642s] [01m[K/usr/include/c++/11/bits/ostream.tcc:120:34:[m[K [01;36m[Knote: [m[K  no known conversion for argument 1 from ‘[01m[KEigen::aligned_vector<PoseData>[m[K’ {aka ‘[01m[Kstd::vector<PoseData, Eigen::aligned_allocator<PoseData> >[m[K’} to ‘[01m[Kstd::basic_ostream<char>::__streambuf_type*[m[K’ {aka ‘[01m[Kstd::basic_streambuf<char>*[m[K’}
[8.643s]   120 |     operator<<([01;36m[K__streambuf_type* __sbin[m[K)
[8.643s]       |                [01;36m[K~~~~~~~~~~~~~~~~~~^~~~~~[m[K
[8.643s] In file included from [01m[K/usr/include/eigen3/Eigen/Core:269[m[K,
[8.643s]                  from [01m[K/home/dsh/Documents/work_logs/code/SFUISE/sfuise_ws/src/sfuise/src/../include/utils/common_utils.h:4[m[K,
[8.643s]                  from [01m[K/home/dsh/Documents/work_logs/code/SFUISE/sfuise_ws/src/sfuise/src/../include/SplineState.h:3[m[K,
[8.643s]                  from [01m[K/home/dsh/Documents/work_logs/code/SFUISE/sfuise_ws/src/sfuise/src/EstimationInterface.cpp:3[m[K:
[8.644s] [01m[K/usr/include/eigen3/Eigen/src/Core/IO.h:249:16:[m[K [01;36m[Knote: [m[Kcandidate: ‘[01m[Ktemplate<class Derived> std::ostream& Eigen::operator<<(std::ostream&, const Eigen::DenseBase<Derived>&)[m[K’
[8.644s]   249 | std::ostream & [01;36m[Koperator[m[K <<
[8.644s]       |                [01;36m[K^~~~~~~~[m[K
[8.644s] [01m[K/usr/include/eigen3/Eigen/src/Core/IO.h:249:16:[m[K [01;36m[Knote: [m[K  template argument deduction/substitution failed:
[8.644s] [01m[K/home/dsh/Documents/work_logs/code/SFUISE/sfuise_ws/src/sfuise/src/EstimationInterface.cpp:351:22:[m[K [01;36m[Knote: [m[K  ‘[01m[KEigen::aligned_vector<PoseData>[m[K’ {aka ‘[01m[Kstd::vector<PoseData, Eigen::aligned_allocator<PoseData> >[m[K’} is not derived from ‘[01m[Kconst Eigen::DenseBase<Derived>[m[K’
[8.645s]   351 |         std::cout << [01;36m[Kgt[m[K << std::endl;
[8.645s]       |                      [01;36m[K^~[m[K
[8.645s] In file included from [01m[K/usr/include/c++/11/memory:77[m[K,
[8.645s]                  from [01m[K/opt/ros/humble/include/rclcpp/rclcpp/rclcpp.hpp:153[m[K,
[8.645s]                  from [01m[K/home/dsh/Documents/work_logs/code/SFUISE/sfuise_ws/src/sfuise/src/EstimationInterface.cpp:1[m[K:
[8.645s] [01m[K/usr/include/c++/11/bits/shared_ptr.h:70:5:[m[K [01;36m[Knote: [m[Kcandidate: ‘[01m[Ktemplate<class _Ch, class _Tr, class _Tp, __gnu_cxx::_Lock_policy _Lp> std::basic_ostream<_Ch, _Tr>& std::operator<<(std::basic_ostream<_Ch, _Tr>&, const std::__shared_ptr<_Tp, _Lp>&)[m[K’
[8.646s]    70 |     [01;36m[Koperator[m[K<<(std::basic_ostream<_Ch, _Tr>& __os,
[8.646s]       |     [01;36m[K^~~~~~~~[m[K
[8.646s] [01m[K/usr/include/c++/11/bits/shared_ptr.h:70:5:[m[K [01;36m[Knote: [m[K  template argument deduction/substitution failed:
[8.646s] [01m[K/home/dsh/Documents/work_logs/code/SFUISE/sfuise_ws/src/sfuise/src/EstimationInterface.cpp:351:22:[m[K [01;36m[Knote: [m[K  ‘[01m[KEigen::aligned_vector<PoseData>[m[K’ {aka ‘[01m[Kstd::vector<PoseData, Eigen::aligned_allocator<PoseData> >[m[K’} is not derived from ‘[01m[Kconst std::__shared_ptr<_Tp, _Lp>[m[K’
[8.646s]   351 |         std::cout << [01;36m[Kgt[m[K << std::endl;
[8.646s]       |                      [01;36m[K^~[m[K
[8.647s] In file included from [01m[K/usr/include/c++/11/bits/basic_string.h:48[m[K,
[8.647s]                  from [01m[K/usr/include/c++/11/string:55[m[K,
[8.647s]                  from [01m[K/usr/include/c++/11/stdexcept:39[m[K,
[8.647s]                  from [01m[K/usr/include/c++/11/system_error:41[m[K,
[8.647s]                  from [01m[K/usr/include/c++/11/mutex:42[m[K,
[8.647s]                  from [01m[K/usr/include/c++/11/future:38[m[K,
[8.648s]                  from [01m[K/opt/ros/humble/include/rclcpp/rclcpp/executors.hpp:18[m[K,
[8.648s]                  from [01m[K/opt/ros/humble/include/rclcpp/rclcpp/rclcpp.hpp:155[m[K,
[8.648s]                  from [01m[K/home/dsh/Documents/work_logs/code/SFUISE/sfuise_ws/src/sfuise/src/EstimationInterface.cpp:1[m[K:
[8.648s] [01m[K/usr/include/c++/11/string_view:667:5:[m[K [01;36m[Knote: [m[Kcandidate: ‘[01m[Ktemplate<class _CharT, class _Traits> std::basic_ostream<_Ch, _Tr>& std::operator<<(std::basic_ostream<_Ch, _Tr>&, std::basic_string_view<_CharT, _Traits>)[m[K’
[8.648s]   667 |     [01;36m[Koperator[m[K<<(basic_ostream<_CharT, _Traits>& __os,
[8.648s]       |     [01;36m[K^~~~~~~~[m[K
[8.649s] [01m[K/usr/include/c++/11/string_view:667:5:[m[K [01;36m[Knote: [m[K  template argument deduction/substitution failed:
[8.649s] [01m[K/home/dsh/Documents/work_logs/code/SFUISE/sfuise_ws/src/sfuise/src/EstimationInterface.cpp:351:22:[m[K [01;36m[Knote: [m[K  ‘[01m[Kstd::vector<PoseData, Eigen::aligned_allocator<PoseData> >[m[K’ is not derived from ‘[01m[Kstd::basic_string_view<_CharT, _Traits>[m[K’
[8.649s]   351 |         std::cout << [01;36m[Kgt[m[K << std::endl;
[8.649s]       |                      [01;36m[K^~[m[K
[8.649s] In file included from [01m[K/usr/include/c++/11/string:55[m[K,
[8.649s]                  from [01m[K/usr/include/c++/11/stdexcept:39[m[K,
[8.650s]                  from [01m[K/usr/include/c++/11/system_error:41[m[K,
[8.650s]                  from [01m[K/usr/include/c++/11/mutex:42[m[K,
[8.650s]                  from [01m[K/usr/include/c++/11/future:38[m[K,
[8.650s]                  from [01m[K/opt/ros/humble/include/rclcpp/rclcpp/executors.hpp:18[m[K,
[8.650s]                  from [01m[K/opt/ros/humble/include/rclcpp/rclcpp/rclcpp.hpp:155[m[K,
[8.650s]                  from [01m[K/home/dsh/Documents/work_logs/code/SFUISE/sfuise_ws/src/sfuise/src/EstimationInterface.cpp:1[m[K:
[8.651s] [01m[K/usr/include/c++/11/bits/basic_string.h:6531:5:[m[K [01;36m[Knote: [m[Kcandidate: ‘[01m[Ktemplate<class _CharT, class _Traits, class _Alloc> std::basic_ostream<_Ch, _Tr>& std::operator<<(std::basic_ostream<_Ch, _Tr>&, const std::__cxx11::basic_string<_CharT, _Traits, _Allocator>&)[m[K’
[8.651s]  6531 |     [01;36m[Koperator[m[K<<(basic_ostream<_CharT, _Traits>& __os,
[8.651s]       |     [01;36m[K^~~~~~~~[m[K
[8.651s] [01m[K/usr/include/c++/11/bits/basic_string.h:6531:5:[m[K [01;36m[Knote: [m[K  template argument deduction/substitution failed:
[8.651s] [01m[K/home/dsh/Documents/work_logs/code/SFUISE/sfuise_ws/src/sfuise/src/EstimationInterface.cpp:351:22:[m[K [01;36m[Knote: [m[K  ‘[01m[KEigen::aligned_vector<PoseData>[m[K’ {aka ‘[01m[Kstd::vector<PoseData, Eigen::aligned_allocator<PoseData> >[m[K’} is not derived from ‘[01m[Kconst std::__cxx11::basic_string<_CharT, _Traits, _Allocator>[m[K’
[8.651s]   351 |         std::cout << [01;36m[Kgt[m[K << std::endl;
[8.652s]       |                      [01;36m[K^~[m[K
[8.652s] In file included from [01m[K/usr/include/c++/11/mutex:42[m[K,
[8.652s]                  from [01m[K/usr/include/c++/11/future:38[m[K,
[8.652s]                  from [01m[K/opt/ros/humble/include/rclcpp/rclcpp/executors.hpp:18[m[K,
[8.652s]                  from [01m[K/opt/ros/humble/include/rclcpp/rclcpp/rclcpp.hpp:155[m[K,
[8.652s]                  from [01m[K/home/dsh/Documents/work_logs/code/SFUISE/sfuise_ws/src/sfuise/src/EstimationInterface.cpp:1[m[K:
[8.653s] [01m[K/usr/include/c++/11/system_error:279:5:[m[K [01;36m[Knote: [m[Kcandidate: ‘[01m[Ktemplate<class _CharT, class _Traits> std::basic_ostream<_Ch, _Tr>& std::operator<<(std::basic_ostream<_Ch, _Tr>&, const std::error_code&)[m[K’
[8.653s]   279 |     [01;36m[Koperator[m[K<<(basic_ostream<_CharT, _Traits>& __os, const error_code& __e)
[8.653s]       |     [01;36m[K^~~~~~~~[m[K
[8.653s] [01m[K/usr/include/c++/11/system_error:279:5:[m[K [01;36m[Knote: [m[K  template argument deduction/substitution failed:
[8.653s] [01m[K/home/dsh/Documents/work_logs/code/SFUISE/sfuise_ws/src/sfuise/src/EstimationInterface.cpp:351:22:[m[K [01;36m[Knote: [m[K  cannot convert ‘[01m[K((EstimationInterface*)this)->EstimationInterface::gt[m[K’ (type ‘[01m[KEigen::aligned_vector<PoseData>[m[K’ {aka ‘[01m[Kstd::vector<PoseData, Eigen::aligned_allocator<PoseData> >[m[K’}) to type ‘[01m[Kconst std::error_code&[m[K’
[8.653s]   351 |         std::cout << [01;36m[Kgt[m[K << std::endl;
[8.654s]       |                      [01;36m[K^~[m[K
[8.654s] In file included from [01m[K/opt/ros/humble/include/rclcpp/rclcpp/executors/multi_threaded_executor.hpp:22[m[K,
[8.654s]                  from [01m[K/opt/ros/humble/include/rclcpp/rclcpp/executors.hpp:21[m[K,
[8.654s]                  from [01m[K/opt/ros/humble/include/rclcpp/rclcpp/rclcpp.hpp:155[m[K,
[8.654s]                  from [01m[K/home/dsh/Documents/work_logs/code/SFUISE/sfuise_ws/src/sfuise/src/EstimationInterface.cpp:1[m[K:
[8.655s] [01m[K/usr/include/c++/11/thread:92:5:[m[K [01;36m[Knote: [m[Kcandidate: ‘[01m[Ktemplate<class _CharT, class _Traits> std::basic_ostream<_Ch, _Tr>& std::operator<<(std::basic_ostream<_Ch, _Tr>&, std::thread::id)[m[K’
[8.655s]    92 |     [01;36m[Koperator[m[K<<(basic_ostream<_CharT, _Traits>& __out, thread::id __id)
[8.655s]       |     [01;36m[K^~~~~~~~[m[K
[8.655s] [01m[K/usr/include/c++/11/thread:92:5:[m[K [01;36m[Knote: [m[K  template argument deduction/substitution failed:
[8.655s] [01m[K/home/dsh/Documents/work_logs/code/SFUISE/sfuise_ws/src/sfuise/src/EstimationInterface.cpp:351:22:[m[K [01;36m[Knote: [m[K  cannot convert ‘[01m[K((EstimationInterface*)this)->EstimationInterface::gt[m[K’ (type ‘[01m[KEigen::aligned_vector<PoseData>[m[K’ {aka ‘[01m[Kstd::vector<PoseData, Eigen::aligned_allocator<PoseData> >[m[K’}) to type ‘[01m[Kstd::thread::id[m[K’
[8.655s]   351 |         std::cout << [01;36m[Kgt[m[K << std::endl;
[8.656s]       |                      [01;36m[K^~[m[K
[8.656s] In file included from [01m[K/usr/include/c++/11/iostream:39[m[K,
[8.656s]                  from [01m[K/opt/ros/humble/include/rclcpp/rclcpp/executor.hpp:22[m[K,
[8.656s]                  from [01m[K/opt/ros/humble/include/rclcpp/rclcpp/executors/multi_threaded_executor.hpp:25[m[K,
[8.656s]                  from [01m[K/opt/ros/humble/include/rclcpp/rclcpp/executors.hpp:21[m[K,
[8.657s]                  from [01m[K/opt/ros/humble/include/rclcpp/rclcpp/rclcpp.hpp:155[m[K,
[8.657s]                  from [01m[K/home/dsh/Documents/work_logs/code/SFUISE/sfuise_ws/src/sfuise/src/EstimationInterface.cpp:1[m[K:
[8.657s] [01m[K/usr/include/c++/11/ostream:513:5:[m[K [01;36m[Knote: [m[Kcandidate: ‘[01m[Ktemplate<class _CharT, class _Traits> std::basic_ostream<_Ch, _Tr>& std::operator<<(std::basic_ostream<_Ch, _Tr>&, _CharT)[m[K’
[8.657s]   513 |     [01;36m[Koperator[m[K<<(basic_ostream<_CharT, _Traits>& __out, _CharT __c)
[8.657s]       |     [01;36m[K^~~~~~~~[m[K
[8.658s] [01m[K/usr/include/c++/11/ostream:513:5:[m[K [01;36m[Knote: [m[K  template argument deduction/substitution failed:
[8.658s] [01m[K/home/dsh/Documents/work_logs/code/SFUISE/sfuise_ws/src/sfuise/src/EstimationInterface.cpp:351:22:[m[K [01;36m[Knote: [m[K  deduced conflicting types for parameter ‘[01m[K_CharT[m[K’ (‘[01m[Kchar[m[K’ and ‘[01m[Kstd::vector<PoseData, Eigen::aligned_allocator<PoseData> >[m[K’)
[8.658s]   351 |         std::cout << [01;36m[Kgt[m[K << std::endl;
[8.658s]       |                      [01;36m[K^~[m[K
[8.658s] In file included from [01m[K/usr/include/c++/11/iostream:39[m[K,
[8.659s]                  from [01m[K/opt/ros/humble/include/rclcpp/rclcpp/executor.hpp:22[m[K,
[8.659s]                  from [01m[K/opt/ros/humble/include/rclcpp/rclcpp/executors/multi_threaded_executor.hpp:25[m[K,
[8.659s]                  from [01m[K/opt/ros/humble/include/rclcpp/rclcpp/executors.hpp:21[m[K,
[8.659s]                  from [01m[K/opt/ros/humble/include/rclcpp/rclcpp/rclcpp.hpp:155[m[K,
[8.659s]                  from [01m[K/home/dsh/Documents/work_logs/code/SFUISE/sfuise_ws/src/sfuise/src/EstimationInterface.cpp:1[m[K:
[8.660s] [01m[K/usr/include/c++/11/ostream:518:5:[m[K [01;36m[Knote: [m[Kcandidate: ‘[01m[Ktemplate<class _CharT, class _Traits> std::basic_ostream<_Ch, _Tr>& std::operator<<(std::basic_ostream<_Ch, _Tr>&, char)[m[K’
[8.660s]   518 |     [01;36m[Koperator[m[K<<(basic_ostream<_CharT, _Traits>& __out, char __c)
[8.660s]       |     [01;36m[K^~~~~~~~[m[K
[8.661s] [01m[K/usr/include/c++/11/ostream:518:5:[m[K [01;36m[Knote: [m[K  template argument deduction/substitution failed:
[8.661s] [01m[K/home/dsh/Documents/work_logs/code/SFUISE/sfuise_ws/src/sfuise/src/EstimationInterface.cpp:351:22:[m[K [01;36m[Knote: [m[K  cannot convert ‘[01m[K((EstimationInterface*)this)->EstimationInterface::gt[m[K’ (type ‘[01m[KEigen::aligned_vector<PoseData>[m[K’ {aka ‘[01m[Kstd::vector<PoseData, Eigen::aligned_allocator<PoseData> >[m[K’}) to type ‘[01m[Kchar[m[K’
[8.661s]   351 |         std::cout << [01;36m[Kgt[m[K << std::endl;
[8.661s]       |                      [01;36m[K^~[m[K
[8.661s] In file included from [01m[K/usr/include/c++/11/iostream:39[m[K,
[8.661s]                  from [01m[K/opt/ros/humble/include/rclcpp/rclcpp/executor.hpp:22[m[K,
[8.661s]                  from [01m[K/opt/ros/humble/include/rclcpp/rclcpp/executors/multi_threaded_executor.hpp:25[m[K,
[8.661s]                  from [01m[K/opt/ros/humble/include/rclcpp/rclcpp/executors.hpp:21[m[K,
[8.661s]                  from [01m[K/opt/ros/humble/include/rclcpp/rclcpp/rclcpp.hpp:155[m[K,
[8.661s]                  from [01m[K/home/dsh/Documents/work_logs/code/SFUISE/sfuise_ws/src/sfuise/src/EstimationInterface.cpp:1[m[K:
[8.662s] [01m[K/usr/include/c++/11/ostream:524:5:[m[K [01;36m[Knote: [m[Kcandidate: ‘[01m[Ktemplate<class _Traits> std::basic_ostream<char, _Traits>& std::operator<<(std::basic_ostream<char, _Traits>&, char)[m[K’
[8.662s]   524 |     [01;36m[Koperator[m[K<<(basic_ostream<char, _Traits>& __out, char __c)
[8.662s]       |     [01;36m[K^~~~~~~~[m[K
[8.662s] [01m[K/usr/include/c++/11/ostream:524:5:[m[K [01;36m[Knote: [m[K  template argument deduction/substitution failed:
[8.662s] [01m[K/home/dsh/Documents/work_logs/code/SFUISE/sfuise_ws/src/sfuise/src/EstimationInterface.cpp:351:22:[m[K [01;36m[Knote: [m[K  cannot convert ‘[01m[K((EstimationInterface*)this)->EstimationInterface::gt[m[K’ (type ‘[01m[KEigen::aligned_vector<PoseData>[m[K’ {aka ‘[01m[Kstd::vector<PoseData, Eigen::aligned_allocator<PoseData> >[m[K’}) to type ‘[01m[Kchar[m[K’
[8.662s]   351 |         std::cout << [01;36m[Kgt[m[K << std::endl;
[8.662s]       |                      [01;36m[K^~[m[K
[8.662s] In file included from [01m[K/usr/include/c++/11/iostream:39[m[K,
[8.662s]                  from [01m[K/opt/ros/humble/include/rclcpp/rclcpp/executor.hpp:22[m[K,
[8.662s]                  from [01m[K/opt/ros/humble/include/rclcpp/rclcpp/executors/multi_threaded_executor.hpp:25[m[K,
[8.662s]                  from [01m[K/opt/ros/humble/include/rclcpp/rclcpp/executors.hpp:21[m[K,
[8.663s]                  from [01m[K/opt/ros/humble/include/rclcpp/rclcpp/rclcpp.hpp:155[m[K,
[8.663s]                  from [01m[K/home/dsh/Documents/work_logs/code/SFUISE/sfuise_ws/src/sfuise/src/EstimationInterface.cpp:1[m[K:
[8.663s] [01m[K/usr/include/c++/11/ostream:530:5:[m[K [01;36m[Knote: [m[Kcandidate: ‘[01m[Ktemplate<class _Traits> std::basic_ostream<char, _Traits>& std::operator<<(std::basic_ostream<char, _Traits>&, signed char)[m[K’
[8.663s]   530 |     [01;36m[Koperator[m[K<<(basic_ostream<char, _Traits>& __out, signed char __c)
[8.663s]       |     [01;36m[K^~~~~~~~[m[K
[8.663s] [01m[K/usr/include/c++/11/ostream:530:5:[m[K [01;36m[Knote: [m[K  template argument deduction/substitution failed:
[8.663s] [01m[K/home/dsh/Documents/work_logs/code/SFUISE/sfuise_ws/src/sfuise/src/EstimationInterface.cpp:351:22:[m[K [01;36m[Knote: [m[K  cannot convert ‘[01m[K((EstimationInterface*)this)->EstimationInterface::gt[m[K’ (type ‘[01m[KEigen::aligned_vector<PoseData>[m[K’ {aka ‘[01m[Kstd::vector<PoseData, Eigen::aligned_allocator<PoseData> >[m[K’}) to type ‘[01m[Ksigned char[m[K’
[8.663s]   351 |         std::cout << [01;36m[Kgt[m[K << std::endl;
[8.663s]       |                      [01;36m[K^~[m[K
[8.663s] In file included from [01m[K/usr/include/c++/11/iostream:39[m[K,
[8.663s]                  from [01m[K/opt/ros/humble/include/rclcpp/rclcpp/executor.hpp:22[m[K,
[8.663s]                  from [01m[K/opt/ros/humble/include/rclcpp/rclcpp/executors/multi_threaded_executor.hpp:25[m[K,
[8.664s]                  from [01m[K/opt/ros/humble/include/rclcpp/rclcpp/executors.hpp:21[m[K,
[8.664s]                  from [01m[K/opt/ros/humble/include/rclcpp/rclcpp/rclcpp.hpp:155[m[K,
[8.664s]                  from [01m[K/home/dsh/Documents/work_logs/code/SFUISE/sfuise_ws/src/sfuise/src/EstimationInterface.cpp:1[m[K:
[8.664s] [01m[K/usr/include/c++/11/ostream:535:5:[m[K [01;36m[Knote: [m[Kcandidate: ‘[01m[Ktemplate<class _Traits> std::basic_ostream<char, _Traits>& std::operator<<(std::basic_ostream<char, _Traits>&, unsigned char)[m[K’
[8.664s]   535 |     [01;36m[Koperator[m[K<<(basic_ostream<char, _Traits>& __out, unsigned char __c)
[8.664s]       |     [01;36m[K^~~~~~~~[m[K
[8.664s] [01m[K/usr/include/c++/11/ostream:535:5:[m[K [01;36m[Knote: [m[K  template argument deduction/substitution failed:
[8.664s] [01m[K/home/dsh/Documents/work_logs/code/SFUISE/sfuise_ws/src/sfuise/src/EstimationInterface.cpp:351:22:[m[K [01;36m[Knote: [m[K  cannot convert ‘[01m[K((EstimationInterface*)this)->EstimationInterface::gt[m[K’ (type ‘[01m[KEigen::aligned_vector<PoseData>[m[K’ {aka ‘[01m[Kstd::vector<PoseData, Eigen::aligned_allocator<PoseData> >[m[K’}) to type ‘[01m[Kunsigned char[m[K’
[8.664s]   351 |         std::cout << [01;36m[Kgt[m[K << std::endl;
[8.664s]       |                      [01;36m[K^~[m[K
[8.664s] In file included from [01m[K/usr/include/c++/11/iostream:39[m[K,
[8.664s]                  from [01m[K/opt/ros/humble/include/rclcpp/rclcpp/executor.hpp:22[m[K,
[8.665s]                  from [01m[K/opt/ros/humble/include/rclcpp/rclcpp/executors/multi_threaded_executor.hpp:25[m[K,
[8.665s]                  from [01m[K/opt/ros/humble/include/rclcpp/rclcpp/executors.hpp:21[m[K,
[8.665s]                  from [01m[K/opt/ros/humble/include/rclcpp/rclcpp/rclcpp.hpp:155[m[K,
[8.665s]                  from [01m[K/home/dsh/Documents/work_logs/code/SFUISE/sfuise_ws/src/sfuise/src/EstimationInterface.cpp:1[m[K:
[8.665s] [01m[K/usr/include/c++/11/ostream:594:5:[m[K [01;36m[Knote: [m[Kcandidate: ‘[01m[Ktemplate<class _CharT, class _Traits> std::basic_ostream<_Ch, _Tr>& std::operator<<(std::basic_ostream<_Ch, _Tr>&, const _CharT*)[m[K’
[8.665s]   594 |     [01;36m[Koperator[m[K<<(basic_ostream<_CharT, _Traits>& __out, const _CharT* __s)
[8.665s]       |     [01;36m[K^~~~~~~~[m[K
[8.665s] [01m[K/usr/include/c++/11/ostream:594:5:[m[K [01;36m[Knote: [m[K  template argument deduction/substitution failed:
[8.665s] [01m[K/home/dsh/Documents/work_logs/code/SFUISE/sfuise_ws/src/sfuise/src/EstimationInterface.cpp:351:22:[m[K [01;36m[Knote: [m[K  mismatched types ‘[01m[Kconst _CharT*[m[K’ and ‘[01m[Kstd::vector<PoseData, Eigen::aligned_allocator<PoseData> >[m[K’
[8.665s]   351 |         std::cout << [01;36m[Kgt[m[K << std::endl;
[8.665s]       |                      [01;36m[K^~[m[K
[8.665s] In file included from [01m[K/usr/include/c++/11/ostream:829[m[K,
[8.666s]                  from [01m[K/usr/include/c++/11/iostream:39[m[K,
[8.666s]                  from [01m[K/opt/ros/humble/include/rclcpp/rclcpp/executor.hpp:22[m[K,
[8.666s]                  from [01m[K/opt/ros/humble/include/rclcpp/rclcpp/executors/multi_threaded_executor.hpp:25[m[K,
[8.666s]                  from [01m[K/opt/ros/humble/include/rclcpp/rclcpp/executors.hpp:21[m[K,
[8.666s]                  from [01m[K/opt/ros/humble/include/rclcpp/rclcpp/rclcpp.hpp:155[m[K,
[8.666s]                  from [01m[K/home/dsh/Documents/work_logs/code/SFUISE/sfuise_ws/src/sfuise/src/EstimationInterface.cpp:1[m[K:
[8.666s] [01m[K/usr/include/c++/11/bits/ostream.tcc:321:5:[m[K [01;36m[Knote: [m[Kcandidate: ‘[01m[Ktemplate<class _CharT, class _Traits> std::basic_ostream<_Ch, _Tr>& std::operator<<(std::basic_ostream<_Ch, _Tr>&, const char*)[m[K’
[8.666s]   321 |     [01;36m[Koperator[m[K<<(basic_ostream<_CharT, _Traits>& __out, const char* __s)
[8.666s]       |     [01;36m[K^~~~~~~~[m[K
[8.666s] [01m[K/usr/include/c++/11/bits/ostream.tcc:321:5:[m[K [01;36m[Knote: [m[K  template argument deduction/substitution failed:
[8.666s] [01m[K/home/dsh/Documents/work_logs/code/SFUISE/sfuise_ws/src/sfuise/src/EstimationInterface.cpp:351:22:[m[K [01;36m[Knote: [m[K  cannot convert ‘[01m[K((EstimationInterface*)this)->EstimationInterface::gt[m[K’ (type ‘[01m[KEigen::aligned_vector<PoseData>[m[K’ {aka ‘[01m[Kstd::vector<PoseData, Eigen::aligned_allocator<PoseData> >[m[K’}) to type ‘[01m[Kconst char*[m[K’
[8.666s]   351 |         std::cout << [01;36m[Kgt[m[K << std::endl;
[8.667s]       |                      [01;36m[K^~[m[K
[8.667s] In file included from [01m[K/usr/include/c++/11/iostream:39[m[K,
[8.667s]                  from [01m[K/opt/ros/humble/include/rclcpp/rclcpp/executor.hpp:22[m[K,
[8.667s]                  from [01m[K/opt/ros/humble/include/rclcpp/rclcpp/executors/multi_threaded_executor.hpp:25[m[K,
[8.667s]                  from [01m[K/opt/ros/humble/include/rclcpp/rclcpp/executors.hpp:21[m[K,
[8.667s]                  from [01m[K/opt/ros/humble/include/rclcpp/rclcpp/rclcpp.hpp:155[m[K,
[8.667s]                  from [01m[K/home/dsh/Documents/work_logs/code/SFUISE/sfuise_ws/src/sfuise/src/EstimationInterface.cpp:1[m[K:
[8.667s] [01m[K/usr/include/c++/11/ostream:611:5:[m[K [01;36m[Knote: [m[Kcandidate: ‘[01m[Ktemplate<class _Traits> std::basic_ostream<char, _Traits>& std::operator<<(std::basic_ostream<char, _Traits>&, const char*)[m[K’
[8.667s]   611 |     [01;36m[Koperator[m[K<<(basic_ostream<char, _Traits>& __out, const char* __s)
[8.667s]       |     [01;36m[K^~~~~~~~[m[K
[8.667s] [01m[K/usr/include/c++/11/ostream:611:5:[m[K [01;36m[Knote: [m[K  template argument deduction/substitution failed:
[8.667s] [01m[K/home/dsh/Documents/work_logs/code/SFUISE/sfuise_ws/src/sfuise/src/EstimationInterface.cpp:351:22:[m[K [01;36m[Knote: [m[K  cannot convert ‘[01m[K((EstimationInterface*)this)->EstimationInterface::gt[m[K’ (type ‘[01m[KEigen::aligned_vector<PoseData>[m[K’ {aka ‘[01m[Kstd::vector<PoseData, Eigen::aligned_allocator<PoseData> >[m[K’}) to type ‘[01m[Kconst char*[m[K’
[8.668s]   351 |         std::cout << [01;36m[Kgt[m[K << std::endl;
[8.668s]       |                      [01;36m[K^~[m[K
[8.668s] In file included from [01m[K/usr/include/c++/11/iostream:39[m[K,
[8.668s]                  from [01m[K/opt/ros/humble/include/rclcpp/rclcpp/executor.hpp:22[m[K,
[8.668s]                  from [01m[K/opt/ros/humble/include/rclcpp/rclcpp/executors/multi_threaded_executor.hpp:25[m[K,
[8.668s]                  from [01m[K/opt/ros/humble/include/rclcpp/rclcpp/executors.hpp:21[m[K,
[8.668s]                  from [01m[K/opt/ros/humble/include/rclcpp/rclcpp/rclcpp.hpp:155[m[K,
[8.668s]                  from [01m[K/home/dsh/Documents/work_logs/code/SFUISE/sfuise_ws/src/sfuise/src/EstimationInterface.cpp:1[m[K:
[8.668s] [01m[K/usr/include/c++/11/ostream:624:5:[m[K [01;36m[Knote: [m[Kcandidate: ‘[01m[Ktemplate<class _Traits> std::basic_ostream<char, _Traits>& std::operator<<(std::basic_ostream<char, _Traits>&, const signed char*)[m[K’
[8.668s]   624 |     [01;36m[Koperator[m[K<<(basic_ostream<char, _Traits>& __out, const signed char* __s)
[8.668s]       |     [01;36m[K^~~~~~~~[m[K
[8.668s] [01m[K/usr/include/c++/11/ostream:624:5:[m[K [01;36m[Knote: [m[K  template argument deduction/substitution failed:
[8.669s] [01m[K/home/dsh/Documents/work_logs/code/SFUISE/sfuise_ws/src/sfuise/src/EstimationInterface.cpp:351:22:[m[K [01;36m[Knote: [m[K  cannot convert ‘[01m[K((EstimationInterface*)this)->EstimationInterface::gt[m[K’ (type ‘[01m[KEigen::aligned_vector<PoseData>[m[K’ {aka ‘[01m[Kstd::vector<PoseData, Eigen::aligned_allocator<PoseData> >[m[K’}) to type ‘[01m[Kconst signed char*[m[K’
[8.669s]   351 |         std::cout << [01;36m[Kgt[m[K << std::endl;
[8.669s]       |                      [01;36m[K^~[m[K
[8.669s] In file included from [01m[K/usr/include/c++/11/iostream:39[m[K,
[8.669s]                  from [01m[K/opt/ros/humble/include/rclcpp/rclcpp/executor.hpp:22[m[K,
[8.669s]                  from [01m[K/opt/ros/humble/include/rclcpp/rclcpp/executors/multi_threaded_executor.hpp:25[m[K,
[8.669s]                  from [01m[K/opt/ros/humble/include/rclcpp/rclcpp/executors.hpp:21[m[K,
[8.669s]                  from [01m[K/opt/ros/humble/include/rclcpp/rclcpp/rclcpp.hpp:155[m[K,
[8.669s]                  from [01m[K/home/dsh/Documents/work_logs/code/SFUISE/sfuise_ws/src/sfuise/src/EstimationInterface.cpp:1[m[K:
[8.669s] [01m[K/usr/include/c++/11/ostream:629:5:[m[K [01;36m[Knote: [m[Kcandidate: ‘[01m[Ktemplate<class _Traits> std::basic_ostream<char, _Traits>& std::operator<<(std::basic_ostream<char, _Traits>&, const unsigned char*)[m[K’
[8.670s]   629 |     [01;36m[Koperator[m[K<<(basic_ostream<char, _Traits>& __out, const unsigned char* __s)
[8.670s]       |     [01;36m[K^~~~~~~~[m[K
[8.670s] [01m[K/usr/include/c++/11/ostream:629:5:[m[K [01;36m[Knote: [m[K  template argument deduction/substitution failed:
[8.670s] [01m[K/home/dsh/Documents/work_logs/code/SFUISE/sfuise_ws/src/sfuise/src/EstimationInterface.cpp:351:22:[m[K [01;36m[Knote: [m[K  cannot convert ‘[01m[K((EstimationInterface*)this)->EstimationInterface::gt[m[K’ (type ‘[01m[KEigen::aligned_vector<PoseData>[m[K’ {aka ‘[01m[Kstd::vector<PoseData, Eigen::aligned_allocator<PoseData> >[m[K’}) to type ‘[01m[Kconst unsigned char*[m[K’
[8.670s]   351 |         std::cout << [01;36m[Kgt[m[K << std::endl;
[8.670s]       |                      [01;36m[K^~[m[K
[8.670s] In file included from [01m[K/usr/include/c++/11/iostream:39[m[K,
[8.670s]                  from [01m[K/opt/ros/humble/include/rclcpp/rclcpp/executor.hpp:22[m[K,
[8.670s]                  from [01m[K/opt/ros/humble/include/rclcpp/rclcpp/executors/multi_threaded_executor.hpp:25[m[K,
[8.671s]                  from [01m[K/opt/ros/humble/include/rclcpp/rclcpp/executors.hpp:21[m[K,
[8.671s]                  from [01m[K/opt/ros/humble/include/rclcpp/rclcpp/rclcpp.hpp:155[m[K,
[8.671s]                  from [01m[K/home/dsh/Documents/work_logs/code/SFUISE/sfuise_ws/src/sfuise/src/EstimationInterface.cpp:1[m[K:
[8.671s] [01m[K/usr/include/c++/11/ostream:750:5:[m[K [01;36m[Knote: [m[Kcandidate: ‘[01m[Ktemplate<class _Ostream, class _Tp> _Ostream&& std::operator<<(_Ostream&&, const _Tp&)[m[K’
[8.671s]   750 |     [01;36m[Koperator[m[K<<(_Ostream&& __os, const _Tp& __x)
[8.671s]       |     [01;36m[K^~~~~~~~[m[K
[8.671s] [01m[K/usr/include/c++/11/ostream:750:5:[m[K [01;36m[Knote: [m[K  template argument deduction/substitution failed:
[8.671s] /usr/include/c++/11/ostream: In substitution of ‘[01m[Ktemplate<class _Ostream, class _Tp> _Ostream&& std::operator<<(_Ostream&&, const _Tp&) [with _Ostream = std::basic_ostream<char>&; _Tp = std::vector<PoseData, Eigen::aligned_allocator<PoseData> >][m[K’:
[8.671s] [01m[K/home/dsh/Documents/work_logs/code/SFUISE/sfuise_ws/src/sfuise/src/EstimationInterface.cpp:351:22:[m[K   required from here
[8.671s] [01m[K/usr/include/c++/11/ostream:750:5:[m[K [01;31m[Kerror: [m[Kno type named ‘[01m[Ktype[m[K’ in ‘[01m[Kstruct std::enable_if<false, void>[m[K’
[8.672s] In file included from [01m[K/opt/ros/humble/include/rosidl_runtime_cpp/rosidl_runtime_cpp/traits.hpp:19[m[K,
[8.672s]                  from [01m[K/opt/ros/humble/include/builtin_interfaces/builtin_interfaces/msg/detail/duration__traits.hpp:15[m[K,
[8.672s]                  from [01m[K/opt/ros/humble/include/builtin_interfaces/builtin_interfaces/msg/duration.hpp:9[m[K,
[8.672s]                  from [01m[K/opt/ros/humble/include/rclcpp/rclcpp/duration.hpp:20[m[K,
[8.672s]                  from [01m[K/opt/ros/humble/include/rclcpp/rclcpp/qos.hpp:20[m[K,
[8.672s]                  from [01m[K/opt/ros/humble/include/rclcpp/rclcpp/node_interfaces/node_graph_interface.hpp:32[m[K,
[8.672s]                  from [01m[K/opt/ros/humble/include/rclcpp/rclcpp/client.hpp:42[m[K,
[8.672s]                  from [01m[K/opt/ros/humble/include/rclcpp/rclcpp/callback_group.hpp:24[m[K,
[8.672s]                  from [01m[K/opt/ros/humble/include/rclcpp/rclcpp/any_executable.hpp:20[m[K,
[8.672s]                  from [01m[K/opt/ros/humble/include/rclcpp/rclcpp/memory_strategy.hpp:25[m[K,
[8.673s]                  from [01m[K/opt/ros/humble/include/rclcpp/rclcpp/memory_strategies.hpp:18[m[K,
[8.673s]                  from [01m[K/opt/ros/humble/include/rclcpp/rclcpp/executor_options.hpp:20[m[K,
[8.673s]                  from [01m[K/opt/ros/humble/include/rclcpp/rclcpp/executor.hpp:37[m[K,
[8.673s]                  from [01m[K/opt/ros/humble/include/rclcpp/rclcpp/executors/multi_threaded_executor.hpp:25[m[K,
[8.673s]                  from [01m[K/opt/ros/humble/include/rclcpp/rclcpp/executors.hpp:21[m[K,
[8.673s]                  from [01m[K/opt/ros/humble/include/rclcpp/rclcpp/rclcpp.hpp:155[m[K,
[8.673s]                  from [01m[K/home/dsh/Documents/work_logs/code/SFUISE/sfuise_ws/src/sfuise/src/EstimationInterface.cpp:1[m[K:
[8.673s] [01m[K/usr/include/c++/11/iomanip:79:5:[m[K [01;36m[Knote: [m[Kcandidate: ‘[01m[Ktemplate<class _CharT, class _Traits> std::basic_ostream<_Ch, _Tr>& std::operator<<(std::basic_ostream<_Ch, _Tr>&, std::_Resetiosflags)[m[K’
[8.673s]    79 |     [01;36m[Koperator[m[K<<(basic_ostream<_CharT, _Traits>& __os, _Resetiosflags __f)
[8.673s]       |     [01;36m[K^~~~~~~~[m[K
[8.674s] [01m[K/usr/include/c++/11/iomanip:79:5:[m[K [01;36m[Knote: [m[K  template argument deduction/substitution failed:
[8.674s] [01m[K/home/dsh/Documents/work_logs/code/SFUISE/sfuise_ws/src/sfuise/src/EstimationInterface.cpp:351:22:[m[K [01;36m[Knote: [m[K  cannot convert ‘[01m[K((EstimationInterface*)this)->EstimationInterface::gt[m[K’ (type ‘[01m[KEigen::aligned_vector<PoseData>[m[K’ {aka ‘[01m[Kstd::vector<PoseData, Eigen::aligned_allocator<PoseData> >[m[K’}) to type ‘[01m[Kstd::_Resetiosflags[m[K’
[8.674s]   351 |         std::cout << [01;36m[Kgt[m[K << std::endl;
[8.674s]       |                      [01;36m[K^~[m[K
[8.674s] In file included from [01m[K/opt/ros/humble/include/rosidl_runtime_cpp/rosidl_runtime_cpp/traits.hpp:19[m[K,
[8.674s]                  from [01m[K/opt/ros/humble/include/builtin_interfaces/builtin_interfaces/msg/detail/duration__traits.hpp:15[m[K,
[8.674s]                  from [01m[K/opt/ros/humble/include/builtin_interfaces/builtin_interfaces/msg/duration.hpp:9[m[K,
[8.674s]                  from [01m[K/opt/ros/humble/include/rclcpp/rclcpp/duration.hpp:20[m[K,
[8.674s]                  from [01m[K/opt/ros/humble/include/rclcpp/rclcpp/qos.hpp:20[m[K,
[8.674s]                  from [01m[K/opt/ros/humble/include/rclcpp/rclcpp/node_interfaces/node_graph_interface.hpp:32[m[K,
[8.674s]                  from [01m[K/opt/ros/humble/include/rclcpp/rclcpp/client.hpp:42[m[K,
[8.675s]                  from [01m[K/opt/ros/humble/include/rclcpp/rclcpp/callback_group.hpp:24[m[K,
[8.675s]                  from [01m[K/opt/ros/humble/include/rclcpp/rclcpp/any_executable.hpp:20[m[K,
[8.675s]                  from [01m[K/opt/ros/humble/include/rclcpp/rclcpp/memory_strategy.hpp:25[m[K,
[8.675s]                  from [01m[K/opt/ros/humble/include/rclcpp/rclcpp/memory_strategies.hpp:18[m[K,
[8.675s]                  from [01m[K/opt/ros/humble/include/rclcpp/rclcpp/executor_options.hpp:20[m[K,
[8.675s]                  from [01m[K/opt/ros/humble/include/rclcpp/rclcpp/executor.hpp:37[m[K,
[8.675s]                  from [01m[K/opt/ros/humble/include/rclcpp/rclcpp/executors/multi_threaded_executor.hpp:25[m[K,
[8.675s]                  from [01m[K/opt/ros/humble/include/rclcpp/rclcpp/executors.hpp:21[m[K,
[8.675s]                  from [01m[K/opt/ros/humble/include/rclcpp/rclcpp/rclcpp.hpp:155[m[K,
[8.675s]                  from [01m[K/home/dsh/Documents/work_logs/code/SFUISE/sfuise_ws/src/sfuise/src/EstimationInterface.cpp:1[m[K:
[8.675s] [01m[K/usr/include/c++/11/iomanip:109:5:[m[K [01;36m[Knote: [m[Kcandidate: ‘[01m[Ktemplate<class _CharT, class _Traits> std::basic_ostream<_Ch, _Tr>& std::operator<<(std::basic_ostream<_Ch, _Tr>&, std::_Setiosflags)[m[K’
[8.675s]   109 |     [01;36m[Koperator[m[K<<(basic_ostream<_CharT, _Traits>& __os, _Setiosflags __f)
[8.676s]       |     [01;36m[K^~~~~~~~[m[K
[8.676s] [01m[K/usr/include/c++/11/iomanip:109:5:[m[K [01;36m[Knote: [m[K  template argument deduction/substitution failed:
[8.676s] [01m[K/home/dsh/Documents/work_logs/code/SFUISE/sfuise_ws/src/sfuise/src/EstimationInterface.cpp:351:22:[m[K [01;36m[Knote: [m[K  cannot convert ‘[01m[K((EstimationInterface*)this)->EstimationInterface::gt[m[K’ (type ‘[01m[KEigen::aligned_vector<PoseData>[m[K’ {aka ‘[01m[Kstd::vector<PoseData, Eigen::aligned_allocator<PoseData> >[m[K’}) to type ‘[01m[Kstd::_Setiosflags[m[K’
[8.676s]   351 |         std::cout << [01;36m[Kgt[m[K << std::endl;
[8.676s]       |                      [01;36m[K^~[m[K
[8.676s] In file included from [01m[K/opt/ros/humble/include/rosidl_runtime_cpp/rosidl_runtime_cpp/traits.hpp:19[m[K,
[8.676s]                  from [01m[K/opt/ros/humble/include/builtin_interfaces/builtin_interfaces/msg/detail/duration__traits.hpp:15[m[K,
[8.676s]                  from [01m[K/opt/ros/humble/include/builtin_interfaces/builtin_interfaces/msg/duration.hpp:9[m[K,
[8.676s]                  from [01m[K/opt/ros/humble/include/rclcpp/rclcpp/duration.hpp:20[m[K,
[8.676s]                  from [01m[K/opt/ros/humble/include/rclcpp/rclcpp/qos.hpp:20[m[K,
[8.676s]                  from [01m[K/opt/ros/humble/include/rclcpp/rclcpp/node_interfaces/node_graph_interface.hpp:32[m[K,
[8.677s]                  from [01m[K/opt/ros/humble/include/rclcpp/rclcpp/client.hpp:42[m[K,
[8.677s]                  from [01m[K/opt/ros/humble/include/rclcpp/rclcpp/callback_group.hpp:24[m[K,
[8.677s]                  from [01m[K/opt/ros/humble/include/rclcpp/rclcpp/any_executable.hpp:20[m[K,
[8.677s]                  from [01m[K/opt/ros/humble/include/rclcpp/rclcpp/memory_strategy.hpp:25[m[K,
[8.677s]                  from [01m[K/opt/ros/humble/include/rclcpp/rclcpp/memory_strategies.hpp:18[m[K,
[8.677s]                  from [01m[K/opt/ros/humble/include/rclcpp/rclcpp/executor_options.hpp:20[m[K,
[8.677s]                  from [01m[K/opt/ros/humble/include/rclcpp/rclcpp/executor.hpp:37[m[K,
[8.677s]                  from [01m[K/opt/ros/humble/include/rclcpp/rclcpp/executors/multi_threaded_executor.hpp:25[m[K,
[8.677s]                  from [01m[K/opt/ros/humble/include/rclcpp/rclcpp/executors.hpp:21[m[K,
[8.677s]                  from [01m[K/opt/ros/humble/include/rclcpp/rclcpp/rclcpp.hpp:155[m[K,
[8.677s]                  from [01m[K/home/dsh/Documents/work_logs/code/SFUISE/sfuise_ws/src/sfuise/src/EstimationInterface.cpp:1[m[K:
[8.677s] [01m[K/usr/include/c++/11/iomanip:143:5:[m[K [01;36m[Knote: [m[Kcandidate: ‘[01m[Ktemplate<class _CharT, class _Traits> std::basic_ostream<_Ch, _Tr>& std::operator<<(std::basic_ostream<_Ch, _Tr>&, std::_Setbase)[m[K’
[8.677s]   143 |     [01;36m[Koperator[m[K<<(basic_ostream<_CharT, _Traits>& __os, _Setbase __f)
[8.678s]       |     [01;36m[K^~~~~~~~[m[K
[8.678s] [01m[K/usr/include/c++/11/iomanip:143:5:[m[K [01;36m[Knote: [m[K  template argument deduction/substitution failed:
[8.678s] [01m[K/home/dsh/Documents/work_logs/code/SFUISE/sfuise_ws/src/sfuise/src/EstimationInterface.cpp:351:22:[m[K [01;36m[Knote: [m[K  cannot convert ‘[01m[K((EstimationInterface*)this)->EstimationInterface::gt[m[K’ (type ‘[01m[KEigen::aligned_vector<PoseData>[m[K’ {aka ‘[01m[Kstd::vector<PoseData, Eigen::aligned_allocator<PoseData> >[m[K’}) to type ‘[01m[Kstd::_Setbase[m[K’
[8.678s]   351 |         std::cout << [01;36m[Kgt[m[K << std::endl;
[8.678s]       |                      [01;36m[K^~[m[K
[8.678s] In file included from [01m[K/opt/ros/humble/include/rosidl_runtime_cpp/rosidl_runtime_cpp/traits.hpp:19[m[K,
[8.678s]                  from [01m[K/opt/ros/humble/include/builtin_interfaces/builtin_interfaces/msg/detail/duration__traits.hpp:15[m[K,
[8.678s]                  from [01m[K/opt/ros/humble/include/builtin_interfaces/builtin_interfaces/msg/duration.hpp:9[m[K,
[8.678s]                  from [01m[K/opt/ros/humble/include/rclcpp/rclcpp/duration.hpp:20[m[K,
[8.678s]                  from [01m[K/opt/ros/humble/include/rclcpp/rclcpp/qos.hpp:20[m[K,
[8.678s]                  from [01m[K/opt/ros/humble/include/rclcpp/rclcpp/node_interfaces/node_graph_interface.hpp:32[m[K,
[8.678s]                  from [01m[K/opt/ros/humble/include/rclcpp/rclcpp/client.hpp:42[m[K,
[8.678s]                  from [01m[K/opt/ros/humble/include/rclcpp/rclcpp/callback_group.hpp:24[m[K,
[8.679s]                  from [01m[K/opt/ros/humble/include/rclcpp/rclcpp/any_executable.hpp:20[m[K,
[8.679s]                  from [01m[K/opt/ros/humble/include/rclcpp/rclcpp/memory_strategy.hpp:25[m[K,
[8.679s]                  from [01m[K/opt/ros/humble/include/rclcpp/rclcpp/memory_strategies.hpp:18[m[K,
[8.679s]                  from [01m[K/opt/ros/humble/include/rclcpp/rclcpp/executor_options.hpp:20[m[K,
[8.679s]                  from [01m[K/opt/ros/humble/include/rclcpp/rclcpp/executor.hpp:37[m[K,
[8.679s]                  from [01m[K/opt/ros/humble/include/rclcpp/rclcpp/executors/multi_threaded_executor.hpp:25[m[K,
[8.679s]                  from [01m[K/opt/ros/humble/include/rclcpp/rclcpp/executors.hpp:21[m[K,
[8.679s]                  from [01m[K/opt/ros/humble/include/rclcpp/rclcpp/rclcpp.hpp:155[m[K,
[8.679s]                  from [01m[K/home/dsh/Documents/work_logs/code/SFUISE/sfuise_ws/src/sfuise/src/EstimationInterface.cpp:1[m[K:
[8.679s] [01m[K/usr/include/c++/11/iomanip:178:5:[m[K [01;36m[Knote: [m[Kcandidate: ‘[01m[Ktemplate<class _CharT, class _Traits> std::basic_ostream<_Ch, _Tr>& std::operator<<(std::basic_ostream<_Ch, _Tr>&, std::_Setfill<_CharT>)[m[K’
[8.679s]   178 |     [01;36m[Koperator[m[K<<(basic_ostream<_CharT, _Traits>& __os, _Setfill<_CharT> __f)
[8.679s]       |     [01;36m[K^~~~~~~~[m[K
[8.679s] [01m[K/usr/include/c++/11/iomanip:178:5:[m[K [01;36m[Knote: [m[K  template argument deduction/substitution failed:
[8.680s] [01m[K/home/dsh/Documents/work_logs/code/SFUISE/sfuise_ws/src/sfuise/src/EstimationInterface.cpp:351:22:[m[K [01;36m[Knote: [m[K  ‘[01m[Kstd::vector<PoseData, Eigen::aligned_allocator<PoseData> >[m[K’ is not derived from ‘[01m[Kstd::_Setfill<_CharT>[m[K’
[8.680s]   351 |         std::cout << [01;36m[Kgt[m[K << std::endl;
[8.680s]       |                      [01;36m[K^~[m[K
[8.680s] In file included from [01m[K/opt/ros/humble/include/rosidl_runtime_cpp/rosidl_runtime_cpp/traits.hpp:19[m[K,
[8.680s]                  from [01m[K/opt/ros/humble/include/builtin_interfaces/builtin_interfaces/msg/detail/duration__traits.hpp:15[m[K,
[8.680s]                  from [01m[K/opt/ros/humble/include/builtin_interfaces/builtin_interfaces/msg/duration.hpp:9[m[K,
[8.680s]                  from [01m[K/opt/ros/humble/include/rclcpp/rclcpp/duration.hpp:20[m[K,
[8.680s]                  from [01m[K/opt/ros/humble/include/rclcpp/rclcpp/qos.hpp:20[m[K,
[8.680s]                  from [01m[K/opt/ros/humble/include/rclcpp/rclcpp/node_interfaces/node_graph_interface.hpp:32[m[K,
[8.680s]                  from [01m[K/opt/ros/humble/include/rclcpp/rclcpp/client.hpp:42[m[K,
[8.680s]                  from [01m[K/opt/ros/humble/include/rclcpp/rclcpp/callback_group.hpp:24[m[K,
[8.680s]                  from [01m[K/opt/ros/humble/include/rclcpp/rclcpp/any_executable.hpp:20[m[K,
[8.680s]                  from [01m[K/opt/ros/humble/include/rclcpp/rclcpp/memory_strategy.hpp:25[m[K,
[8.680s]                  from [01m[K/opt/ros/humble/include/rclcpp/rclcpp/memory_strategies.hpp:18[m[K,
[8.681s]                  from [01m[K/opt/ros/humble/include/rclcpp/rclcpp/executor_options.hpp:20[m[K,
[8.681s]                  from [01m[K/opt/ros/humble/include/rclcpp/rclcpp/executor.hpp:37[m[K,
[8.681s]                  from [01m[K/opt/ros/humble/include/rclcpp/rclcpp/executors/multi_threaded_executor.hpp:25[m[K,
[8.681s]                  from [01m[K/opt/ros/humble/include/rclcpp/rclcpp/executors.hpp:21[m[K,
[8.681s]                  from [01m[K/opt/ros/humble/include/rclcpp/rclcpp/rclcpp.hpp:155[m[K,
[8.681s]                  from [01m[K/home/dsh/Documents/work_logs/code/SFUISE/sfuise_ws/src/sfuise/src/EstimationInterface.cpp:1[m[K:
[8.681s] [01m[K/usr/include/c++/11/iomanip:208:5:[m[K [01;36m[Knote: [m[Kcandidate: ‘[01m[Ktemplate<class _CharT, class _Traits> std::basic_ostream<_Ch, _Tr>& std::operator<<(std::basic_ostream<_Ch, _Tr>&, std::_Setprecision)[m[K’
[8.681s]   208 |     [01;36m[Koperator[m[K<<(basic_ostream<_CharT, _Traits>& __os, _Setprecision __f)
[8.681s]       |     [01;36m[K^~~~~~~~[m[K
[8.681s] [01m[K/usr/include/c++/11/iomanip:208:5:[m[K [01;36m[Knote: [m[K  template argument deduction/substitution failed:
[8.681s] [01m[K/home/dsh/Documents/work_logs/code/SFUISE/sfuise_ws/src/sfuise/src/EstimationInterface.cpp:351:22:[m[K [01;36m[Knote: [m[K  cannot convert ‘[01m[K((EstimationInterface*)this)->EstimationInterface::gt[m[K’ (type ‘[01m[KEigen::aligned_vector<PoseData>[m[K’ {aka ‘[01m[Kstd::vector<PoseData, Eigen::aligned_allocator<PoseData> >[m[K’}) to type ‘[01m[Kstd::_Setprecision[m[K’
[8.681s]   351 |         std::cout << [01;36m[Kgt[m[K << std::endl;
[8.681s]       |                      [01;36m[K^~[m[K
[8.681s] In file included from [01m[K/opt/ros/humble/include/rosidl_runtime_cpp/rosidl_runtime_cpp/traits.hpp:19[m[K,
[8.682s]                  from [01m[K/opt/ros/humble/include/builtin_interfaces/builtin_interfaces/msg/detail/duration__traits.hpp:15[m[K,
[8.682s]                  from [01m[K/opt/ros/humble/include/builtin_interfaces/builtin_interfaces/msg/duration.hpp:9[m[K,
[8.682s]                  from [01m[K/opt/ros/humble/include/rclcpp/rclcpp/duration.hpp:20[m[K,
[8.682s]                  from [01m[K/opt/ros/humble/include/rclcpp/rclcpp/qos.hpp:20[m[K,
[8.682s]                  from [01m[K/opt/ros/humble/include/rclcpp/rclcpp/node_interfaces/node_graph_interface.hpp:32[m[K,
[8.682s]                  from [01m[K/opt/ros/humble/include/rclcpp/rclcpp/client.hpp:42[m[K,
[8.682s]                  from [01m[K/opt/ros/humble/include/rclcpp/rclcpp/callback_group.hpp:24[m[K,
[8.682s]                  from [01m[K/opt/ros/humble/include/rclcpp/rclcpp/any_executable.hpp:20[m[K,
[8.682s]                  from [01m[K/opt/ros/humble/include/rclcpp/rclcpp/memory_strategy.hpp:25[m[K,
[8.682s]                  from [01m[K/opt/ros/humble/include/rclcpp/rclcpp/memory_strategies.hpp:18[m[K,
[8.682s]                  from [01m[K/opt/ros/humble/include/rclcpp/rclcpp/executor_options.hpp:20[m[K,
[8.682s]                  from [01m[K/opt/ros/humble/include/rclcpp/rclcpp/executor.hpp:37[m[K,
[8.682s]                  from [01m[K/opt/ros/humble/include/rclcpp/rclcpp/executors/multi_threaded_executor.hpp:25[m[K,
[8.682s]                  from [01m[K/opt/ros/humble/include/rclcpp/rclcpp/executors.hpp:21[m[K,
[8.683s]                  from [01m[K/opt/ros/humble/include/rclcpp/rclcpp/rclcpp.hpp:155[m[K,
[8.683s]                  from [01m[K/home/dsh/Documents/work_logs/code/SFUISE/sfuise_ws/src/sfuise/src/EstimationInterface.cpp:1[m[K:
[8.683s] [01m[K/usr/include/c++/11/iomanip:238:5:[m[K [01;36m[Knote: [m[Kcandidate: ‘[01m[Ktemplate<class _CharT, class _Traits> std::basic_ostream<_Ch, _Tr>& std::operator<<(std::basic_ostream<_Ch, _Tr>&, std::_Setw)[m[K’
[8.683s]   238 |     [01;36m[Koperator[m[K<<(basic_ostream<_CharT, _Traits>& __os, _Setw __f)
[8.683s]       |     [01;36m[K^~~~~~~~[m[K
[8.683s] [01m[K/usr/include/c++/11/iomanip:238:5:[m[K [01;36m[Knote: [m[K  template argument deduction/substitution failed:
[8.683s] [01m[K/home/dsh/Documents/work_logs/code/SFUISE/sfuise_ws/src/sfuise/src/EstimationInterface.cpp:351:22:[m[K [01;36m[Knote: [m[K  cannot convert ‘[01m[K((EstimationInterface*)this)->EstimationInterface::gt[m[K’ (type ‘[01m[KEigen::aligned_vector<PoseData>[m[K’ {aka ‘[01m[Kstd::vector<PoseData, Eigen::aligned_allocator<PoseData> >[m[K’}) to type ‘[01m[Kstd::_Setw[m[K’
[8.683s]   351 |         std::cout << [01;36m[Kgt[m[K << std::endl;
[8.683s]       |                      [01;36m[K^~[m[K
[8.683s] In file included from [01m[K/opt/ros/humble/include/rosidl_runtime_cpp/rosidl_runtime_cpp/traits.hpp:19[m[K,
[8.683s]                  from [01m[K/opt/ros/humble/include/builtin_interfaces/builtin_interfaces/msg/detail/duration__traits.hpp:15[m[K,
[8.683s]                  from [01m[K/opt/ros/humble/include/builtin_interfaces/builtin_interfaces/msg/duration.hpp:9[m[K,
[8.683s]                  from [01m[K/opt/ros/humble/include/rclcpp/rclcpp/duration.hpp:20[m[K,
[8.683s]                  from [01m[K/opt/ros/humble/include/rclcpp/rclcpp/qos.hpp:20[m[K,
[8.683s]                  from [01m[K/opt/ros/humble/include/rclcpp/rclcpp/node_interfaces/node_graph_interface.hpp:32[m[K,
[8.684s]                  from [01m[K/opt/ros/humble/include/rclcpp/rclcpp/client.hpp:42[m[K,
[8.684s]                  from [01m[K/opt/ros/humble/include/rclcpp/rclcpp/callback_group.hpp:24[m[K,
[8.684s]                  from [01m[K/opt/ros/humble/include/rclcpp/rclcpp/any_executable.hpp:20[m[K,
[8.684s]                  from [01m[K/opt/ros/humble/include/rclcpp/rclcpp/memory_strategy.hpp:25[m[K,
[8.684s]                  from [01m[K/opt/ros/humble/include/rclcpp/rclcpp/memory_strategies.hpp:18[m[K,
[8.684s]                  from [01m[K/opt/ros/humble/include/rclcpp/rclcpp/executor_options.hpp:20[m[K,
[8.684s]                  from [01m[K/opt/ros/humble/include/rclcpp/rclcpp/executor.hpp:37[m[K,
[8.684s]                  from [01m[K/opt/ros/humble/include/rclcpp/rclcpp/executors/multi_threaded_executor.hpp:25[m[K,
[8.684s]                  from [01m[K/opt/ros/humble/include/rclcpp/rclcpp/executors.hpp:21[m[K,
[8.684s]                  from [01m[K/opt/ros/humble/include/rclcpp/rclcpp/rclcpp.hpp:155[m[K,
[8.684s]                  from [01m[K/home/dsh/Documents/work_logs/code/SFUISE/sfuise_ws/src/sfuise/src/EstimationInterface.cpp:1[m[K:
[8.684s] [01m[K/usr/include/c++/11/iomanip:311:5:[m[K [01;36m[Knote: [m[Kcandidate: ‘[01m[Ktemplate<class _CharT, class _Traits, class _MoneyT> std::basic_ostream<_Ch, _Tr>& std::operator<<(std::basic_ostream<_Ch, _Tr>&, std::_Put_money<_MoneyT>)[m[K’
[8.684s]   311 |     [01;36m[Koperator[m[K<<(basic_ostream<_CharT, _Traits>& __os, _Put_money<_MoneyT> __f)
[8.685s]       |     [01;36m[K^~~~~~~~[m[K
[8.685s] [01m[K/usr/include/c++/11/iomanip:311:5:[m[K [01;36m[Knote: [m[K  template argument deduction/substitution failed:
[8.685s] [01m[K/home/dsh/Documents/work_logs/code/SFUISE/sfuise_ws/src/sfuise/src/EstimationInterface.cpp:351:22:[m[K [01;36m[Knote: [m[K  ‘[01m[Kstd::vector<PoseData, Eigen::aligned_allocator<PoseData> >[m[K’ is not derived from ‘[01m[Kstd::_Put_money<_MoneyT>[m[K’
[8.685s]   351 |         std::cout << [01;36m[Kgt[m[K << std::endl;
[8.685s]       |                      [01;36m[K^~[m[K
[8.685s] In file included from [01m[K/opt/ros/humble/include/rosidl_runtime_cpp/rosidl_runtime_cpp/traits.hpp:19[m[K,
[8.685s]                  from [01m[K/opt/ros/humble/include/builtin_interfaces/builtin_interfaces/msg/detail/duration__traits.hpp:15[m[K,
[8.685s]                  from [01m[K/opt/ros/humble/include/builtin_interfaces/builtin_interfaces/msg/duration.hpp:9[m[K,
[8.685s]                  from [01m[K/opt/ros/humble/include/rclcpp/rclcpp/duration.hpp:20[m[K,
[8.686s]                  from [01m[K/opt/ros/humble/include/rclcpp/rclcpp/qos.hpp:20[m[K,
[8.686s]                  from [01m[K/opt/ros/humble/include/rclcpp/rclcpp/node_interfaces/node_graph_interface.hpp:32[m[K,
[8.686s]                  from [01m[K/opt/ros/humble/include/rclcpp/rclcpp/client.hpp:42[m[K,
[8.686s]                  from [01m[K/opt/ros/humble/include/rclcpp/rclcpp/callback_group.hpp:24[m[K,
[8.686s]                  from [01m[K/opt/ros/humble/include/rclcpp/rclcpp/any_executable.hpp:20[m[K,
[8.686s]                  from [01m[K/opt/ros/humble/include/rclcpp/rclcpp/memory_strategy.hpp:25[m[K,
[8.686s]                  from [01m[K/opt/ros/humble/include/rclcpp/rclcpp/memory_strategies.hpp:18[m[K,
[8.686s]                  from [01m[K/opt/ros/humble/include/rclcpp/rclcpp/executor_options.hpp:20[m[K,
[8.687s]                  from [01m[K/opt/ros/humble/include/rclcpp/rclcpp/executor.hpp:37[m[K,
[8.687s]                  from [01m[K/opt/ros/humble/include/rclcpp/rclcpp/executors/multi_threaded_executor.hpp:25[m[K,
[8.687s]                  from [01m[K/opt/ros/humble/include/rclcpp/rclcpp/executors.hpp:21[m[K,
[8.687s]                  from [01m[K/opt/ros/humble/include/rclcpp/rclcpp/rclcpp.hpp:155[m[K,
[8.687s]                  from [01m[K/home/dsh/Documents/work_logs/code/SFUISE/sfuise_ws/src/sfuise/src/EstimationInterface.cpp:1[m[K:
[8.687s] [01m[K/usr/include/c++/11/iomanip:363:5:[m[K [01;36m[Knote: [m[Kcandidate: ‘[01m[Ktemplate<class _CharT, class _Traits> std::basic_ostream<_Ch, _Tr>& std::operator<<(std::basic_ostream<_Ch, _Tr>&, std::_Put_time<_CharT>)[m[K’
[8.687s]   363 |     [01;36m[Koperator[m[K<<(basic_ostream<_CharT, _Traits>& __os, _Put_time<_CharT> __f)
[8.688s]       |     [01;36m[K^~~~~~~~[m[K
[8.688s] [01m[K/usr/include/c++/11/iomanip:363:5:[m[K [01;36m[Knote: [m[K  template argument deduction/substitution failed:
[8.688s] [01m[K/home/dsh/Documents/work_logs/code/SFUISE/sfuise_ws/src/sfuise/src/EstimationInterface.cpp:351:22:[m[K [01;36m[Knote: [m[K  ‘[01m[Kstd::vector<PoseData, Eigen::aligned_allocator<PoseData> >[m[K’ is not derived from ‘[01m[Kstd::_Put_time<_CharT>[m[K’
[8.688s]   351 |         std::cout << [01;36m[Kgt[m[K << std::endl;
[8.688s]       |                      [01;36m[K^~[m[K
[8.688s] In file included from [01m[K/usr/include/eigen3/Eigen/Core:50[m[K,
[8.688s]                  from [01m[K/home/dsh/Documents/work_logs/code/SFUISE/sfuise_ws/src/sfuise/src/../include/utils/common_utils.h:4[m[K,
[8.688s]                  from [01m[K/home/dsh/Documents/work_logs/code/SFUISE/sfuise_ws/src/sfuise/src/../include/SplineState.h:3[m[K,
[8.688s]                  from [01m[K/home/dsh/Documents/work_logs/code/SFUISE/sfuise_ws/src/sfuise/src/EstimationInterface.cpp:3[m[K:
[8.688s] [01m[K/usr/include/c++/11/complex:555:5:[m[K [01;36m[Knote: [m[Kcandidate: ‘[01m[Ktemplate<class _Tp, class _CharT, class _Traits> std::basic_ostream<_CharT, _Traits>& std::operator<<(std::basic_ostream<_CharT, _Traits>&, const std::complex<_Tp>&)[m[K’
[8.689s]   555 |     [01;36m[Koperator[m[K<<(basic_ostream<_CharT, _Traits>& __os, const complex<_Tp>& __x)
[8.689s]       |     [01;36m[K^~~~~~~~[m[K
[8.689s] [01m[K/usr/include/c++/11/complex:555:5:[m[K [01;36m[Knote: [m[K  template argument deduction/substitution failed:
[8.689s] [01m[K/home/dsh/Documents/work_logs/code/SFUISE/sfuise_ws/src/sfuise/src/EstimationInterface.cpp:351:22:[m[K [01;36m[Knote: [m[K  ‘[01m[KEigen::aligned_vector<PoseData>[m[K’ {aka ‘[01m[Kstd::vector<PoseData, Eigen::aligned_allocator<PoseData> >[m[K’} is not derived from ‘[01m[Kconst std::complex<_Tp>[m[K’
[8.689s]   351 |         std::cout << [01;36m[Kgt[m[K << std::endl;
[8.689s]       |                      [01;36m[K^~[m[K
[8.689s] In file included from [01m[K/usr/include/eigen3/Eigen/Core:81[m[K,
[8.689s]                  from [01m[K/home/dsh/Documents/work_logs/code/SFUISE/sfuise_ws/src/sfuise/src/../include/utils/common_utils.h:4[m[K,
[8.689s]                  from [01m[K/home/dsh/Documents/work_logs/code/SFUISE/sfuise_ws/src/sfuise/src/../include/SplineState.h:3[m[K,
[8.689s]                  from [01m[K/home/dsh/Documents/work_logs/code/SFUISE/sfuise_ws/src/sfuise/src/EstimationInterface.cpp:3[m[K:
[8.689s] [01m[K/usr/include/c++/11/cstddef:126:5:[m[K [01;36m[Knote: [m[Kcandidate: ‘[01m[Ktemplate<class _IntegerType> constexpr std::__byte_op_t<_IntegerType> std::operator<<(std::byte, _IntegerType)[m[K’
[8.690s]   126 |     [01;36m[Koperator[m[K<<(byte __b, _IntegerType __shift) noexcept
[8.690s]       |     [01;36m[K^~~~~~~~[m[K
[8.690s] [01m[K/usr/include/c++/11/cstddef:126:5:[m[K [01;36m[Knote: [m[K  template argument deduction/substitution failed:
[8.690s] [01m[K/home/dsh/Documents/work_logs/code/SFUISE/sfuise_ws/src/sfuise/src/EstimationInterface.cpp:351:14:[m[K [01;36m[Knote: [m[K  cannot convert ‘[01m[Kstd::cout[m[K’ (type ‘[01m[Kstd::ostream[m[K’ {aka ‘[01m[Kstd::basic_ostream<char>[m[K’}) to type ‘[01m[Kstd::byte[m[K’
[8.690s]   351 |         [01;36m[Kstd::cout[m[K << gt << std::endl;
[8.690s]       |         [01;36m[K~~~~~^~~~[m[K
[28.333s] gmake[2]: *** [CMakeFiles/EstimationInterface.dir/build.make:76: CMakeFiles/EstimationInterface.dir/src/EstimationInterface.cpp.o] Error 1
[28.334s] gmake[1]: *** [CMakeFiles/Makefile2:139: CMakeFiles/EstimationInterface.dir/all] Error 2
[28.334s] gmake[1]: *** Waiting for unfinished jobs....
[61.668s] [ 75%] [32m[1mLinking CXX executable SplineFusion[0m
[62.173s] [ 75%] Built target SplineFusion
[62.174s] gmake: *** [Makefile:146: all] Error 2
[62.178s] Invoked command in '/home/dsh/Documents/work_logs/code/SFUISE/sfuise_ws/build/sfuise' returned '2': AMENT_PREFIX_PATH=/home/dsh/Documents/work_logs/code/SFUISE/sfuise_ws/install/sfuise_msgs:/home/dsh/Documents/work_logs/code/SFUISE/sfuise_ws/install/isas_msgs:/home/dsh/Documents/work_logs/code/SFUISE/sfuise_ws/install/cf_msgs:${AMENT_PREFIX_PATH} CMAKE_PREFIX_PATH=/home/dsh/Documents/work_logs/code/SFUISE/sfuise_ws/install/sfuise_msgs:/home/dsh/Documents/work_logs/code/SFUISE/sfuise_ws/install/isas_msgs:/home/dsh/Documents/work_logs/code/SFUISE/sfuise_ws/install/cf_msgs:/opt/ros/humble LD_LIBRARY_PATH=/home/dsh/Documents/work_logs/code/SFUISE/sfuise_ws/install/sfuise_msgs/lib:/home/dsh/Documents/work_logs/code/SFUISE/sfuise_ws/install/isas_msgs/lib:/home/dsh/Documents/work_logs/code/SFUISE/sfuise_ws/install/cf_msgs/lib:${LD_LIBRARY_PATH} PYTHONPATH=/home/dsh/Documents/work_logs/code/SFUISE/sfuise_ws/install/sfuise_msgs/local/lib/python3.10/dist-packages:/home/dsh/Documents/work_logs/code/SFUISE/sfuise_ws/install/isas_msgs/local/lib/python3.10/dist-packages:/home/dsh/Documents/work_logs/code/SFUISE/sfuise_ws/install/cf_msgs/local/lib/python3.10/dist-packages:${PYTHONPATH} /usr/bin/cmake --build /home/dsh/Documents/work_logs/code/SFUISE/sfuise_ws/build/sfuise -- -j20 -l20
