[0.018s] Invoking command in '/home/dsh/Documents/work_logs/code/SFUISE/sfuise_ws/build/sfuise': CMAKE_PREFIX_PATH=/home/dsh/Documents/work_logs/code/SFUISE/sfuise_ws/install/sfuise_msgs:/home/dsh/Documents/work_logs/code/SFUISE/sfuise_ws/install/isas_msgs:/home/dsh/Documents/work_logs/code/SFUISE/sfuise_ws/install/cf_msgs:/home/dsh/Documents/work_logs/code/SFUISE/sfuise_ws/install/sfuise:/opt/ros/humble /usr/bin/cmake /home/dsh/Documents/work_logs/code/SFUISE/sfuise_ws/src/sfuise -DCMAKE_INSTALL_PREFIX=/home/dsh/Documents/work_logs/code/SFUISE/sfuise_ws/install/sfuise
[0.086s] -- The C compiler identification is GNU 11.4.0
[0.151s] -- The CXX compiler identification is GNU 11.4.0
[0.160s] -- Detecting C compiler ABI info
[0.241s] -- Detecting C compiler ABI info - done
[0.251s] -- Check for working C compiler: /usr/bin/cc - skipped
[0.251s] -- Detecting C compile features
[0.252s] -- Detecting C compile features - done
[0.256s] -- Detecting CXX compiler ABI info
[0.361s] -- Detecting CXX compiler ABI info - done
[0.371s] -- Check for working CXX compiler: /usr/bin/c++ - skipped
[0.371s] -- Detecting CXX compile features
[0.372s] -- Detecting CXX compile features - done
[0.375s] -- Found ament_cmake: 1.3.11 (/opt/ros/humble/share/ament_cmake/cmake)
[0.553s] -- Found Python3: /usr/bin/python3 (found version "3.10.12") found components: Interpreter 
[0.668s] -- Found rclcpp: 16.0.11 (/opt/ros/humble/share/rclcpp/cmake)
[0.712s] -- Found rosidl_generator_c: 3.1.6 (/opt/ros/humble/share/rosidl_generator_c/cmake)
[0.718s] -- Found rosidl_adapter: 3.1.6 (/opt/ros/humble/share/rosidl_adapter/cmake)
[0.726s] -- Found rosidl_generator_cpp: 3.1.6 (/opt/ros/humble/share/rosidl_generator_cpp/cmake)
[0.739s] -- Using all available rosidl_typesupport_c: rosidl_typesupport_fastrtps_c;rosidl_typesupport_introspection_c
[0.756s] -- Using all available rosidl_typesupport_cpp: rosidl_typesupport_fastrtps_cpp;rosidl_typesupport_introspection_cpp
[0.806s] -- Found rmw_implementation_cmake: 6.1.2 (/opt/ros/humble/share/rmw_implementation_cmake/cmake)
[0.809s] -- Found rmw_fastrtps_cpp: 6.2.7 (/opt/ros/humble/share/rmw_fastrtps_cpp/cmake)
[0.919s] -- Found OpenSSL: /usr/lib/x86_64-linux-gnu/libcrypto.so (found version "3.0.2")  
[0.951s] -- Found FastRTPS: /opt/ros/humble/include  
[0.996s] -- Using RMW implementation 'rmw_fastrtps_cpp' as default
[1.005s] -- Looking for pthread.h
[1.096s] -- Looking for pthread.h - found
[1.096s] -- Performing Test CMAKE_HAVE_LIBC_PTHREAD
[1.186s] -- Performing Test CMAKE_HAVE_LIBC_PTHREAD - Success
[1.188s] -- Found Threads: TRUE  
[1.245s] -- Found nav_msgs: 4.2.4 (/opt/ros/humble/share/nav_msgs/cmake)
[1.278s] -- Found sensor_msgs: 4.2.4 (/opt/ros/humble/share/sensor_msgs/cmake)
[1.296s] -- Found visualization_msgs: 4.8.0 (/opt/ros/humble/share/visualization_msgs/cmake)
[1.317s] -- Found cf_msgs: 0.0.0 (/home/dsh/Documents/work_logs/code/SFUISE/sfuise_ws/install/cf_msgs/share/cf_msgs/cmake)
[1.330s] -- Found isas_msgs: 0.0.0 (/home/dsh/Documents/work_logs/code/SFUISE/sfuise_ws/install/isas_msgs/share/isas_msgs/cmake)
[1.345s] -- Found sfuise_msgs: 0.0.0 (/home/dsh/Documents/work_logs/code/SFUISE/sfuise_ws/install/sfuise_msgs/share/sfuise_msgs/cmake)
[1.920s] -- Found AMD headers in: /usr/include/suitesparse
[1.921s] -- Found AMD library: /usr/lib/x86_64-linux-gnu/libamd.so
[1.921s] -- Found CAMD headers in: /usr/include/suitesparse
[1.922s] -- Found CAMD library: /usr/lib/x86_64-linux-gnu/libcamd.so
[1.922s] -- Found COLAMD headers in: /usr/include/suitesparse
[1.923s] -- Found COLAMD library: /usr/lib/x86_64-linux-gnu/libcolamd.so
[1.924s] -- Found CCOLAMD headers in: /usr/include/suitesparse
[1.925s] -- Found CCOLAMD library: /usr/lib/x86_64-linux-gnu/libccolamd.so
[1.925s] -- Found CHOLMOD headers in: /usr/include/suitesparse
[1.926s] -- Found CHOLMOD library: /usr/lib/x86_64-linux-gnu/libcholmod.so
[1.926s] -- Found SUITESPARSEQR headers in: /usr/include/suitesparse
[1.927s] -- Found SUITESPARSEQR library: /usr/lib/x86_64-linux-gnu/libspqr.so
[1.929s] -- Found Intel Thread Building Blocks (TBB) library (2021.5.0) assuming SuiteSparseQR was compiled with TBB.
[1.930s] -- Found SUITESPARSE_CONFIG headers in: /usr/include/suitesparse
[1.931s] -- Found SUITESPARSE_CONFIG library: /usr/lib/x86_64-linux-gnu/libsuitesparseconfig.so
[1.931s] -- Found LIBRT library: /usr/lib/x86_64-linux-gnu/librt.a
[1.931s] -- Adding librt: /usr/lib/x86_64-linux-gnu/librt.a to SuiteSparse_config libraries (required on Linux & Unix [not OSX] if SuiteSparse is compiled with timing).
[1.933s] -- Did not find METIS library (optional SuiteSparse dependency)
[1.934s] -- Found SuiteSparse: TRUE (found version "5.10.1") 
[2.047s] -- Found AMD headers in: /usr/include/suitesparse
[2.047s] -- Found AMD library: /usr/lib/x86_64-linux-gnu/libamd.so
[2.047s] -- Found CAMD headers in: /usr/include/suitesparse
[2.047s] -- Found CAMD library: /usr/lib/x86_64-linux-gnu/libcamd.so
[2.047s] -- Found COLAMD headers in: /usr/include/suitesparse
[2.047s] -- Found COLAMD library: /usr/lib/x86_64-linux-gnu/libcolamd.so
[2.047s] -- Found CCOLAMD headers in: /usr/include/suitesparse
[2.047s] -- Found CCOLAMD library: /usr/lib/x86_64-linux-gnu/libccolamd.so
[2.047s] -- Found CHOLMOD headers in: /usr/include/suitesparse
[2.047s] -- Found CHOLMOD library: /usr/lib/x86_64-linux-gnu/libcholmod.so
[2.047s] -- Found SUITESPARSEQR headers in: /usr/include/suitesparse
[2.047s] -- Found SUITESPARSEQR library: /usr/lib/x86_64-linux-gnu/libspqr.so
[2.047s] -- Found Intel Thread Building Blocks (TBB) library (2021.5.0) assuming SuiteSparseQR was compiled with TBB.
[2.047s] -- Found SUITESPARSE_CONFIG headers in: /usr/include/suitesparse
[2.047s] -- Found SUITESPARSE_CONFIG library: /usr/lib/x86_64-linux-gnu/libsuitesparseconfig.so;/usr/lib/x86_64-linux-gnu/librt.a
[2.048s] -- Found LIBRT library: /usr/lib/x86_64-linux-gnu/librt.a
[2.048s] -- Adding librt: /usr/lib/x86_64-linux-gnu/librt.a to SuiteSparse_config libraries (required on Linux & Unix [not OSX] if SuiteSparse is compiled with timing).
[2.049s] -- Did not find METIS library (optional SuiteSparse dependency)
[2.121s] -- Configuring done
[2.141s] -- Generating done
[2.149s] -- Build files have been written to: /home/dsh/Documents/work_logs/code/SFUISE/sfuise_ws/build/sfuise
[2.160s] Invoked command in '/home/dsh/Documents/work_logs/code/SFUISE/sfuise_ws/build/sfuise' returned '0': CMAKE_PREFIX_PATH=/home/dsh/Documents/work_logs/code/SFUISE/sfuise_ws/install/sfuise_msgs:/home/dsh/Documents/work_logs/code/SFUISE/sfuise_ws/install/isas_msgs:/home/dsh/Documents/work_logs/code/SFUISE/sfuise_ws/install/cf_msgs:/home/dsh/Documents/work_logs/code/SFUISE/sfuise_ws/install/sfuise:/opt/ros/humble /usr/bin/cmake /home/dsh/Documents/work_logs/code/SFUISE/sfuise_ws/src/sfuise -DCMAKE_INSTALL_PREFIX=/home/dsh/Documents/work_logs/code/SFUISE/sfuise_ws/install/sfuise
[2.163s] Invoking command in '/home/dsh/Documents/work_logs/code/SFUISE/sfuise_ws/build/sfuise': CMAKE_PREFIX_PATH=/home/dsh/Documents/work_logs/code/SFUISE/sfuise_ws/install/sfuise_msgs:/home/dsh/Documents/work_logs/code/SFUISE/sfuise_ws/install/isas_msgs:/home/dsh/Documents/work_logs/code/SFUISE/sfuise_ws/install/cf_msgs:/home/dsh/Documents/work_logs/code/SFUISE/sfuise_ws/install/sfuise:/opt/ros/humble /usr/bin/cmake --build /home/dsh/Documents/work_logs/code/SFUISE/sfuise_ws/build/sfuise -- -j20 -l20
[2.224s] [ 25%] [32mBuilding CXX object CMakeFiles/EstimationInterface.dir/src/EstimationInterface.cpp.o[0m
[2.226s] [ 50%] [32mBuilding CXX object CMakeFiles/SplineFusion.dir/src/SplineFusion.cpp.o[0m
[46.381s] [ 75%] [32m[1mLinking CXX executable SplineFusion[0m
[46.798s] [ 75%] Built target SplineFusion
[63.383s] [100%] [32m[1mLinking CXX executable EstimationInterface[0m
[63.835s] [100%] Built target EstimationInterface
[63.850s] Invoked command in '/home/dsh/Documents/work_logs/code/SFUISE/sfuise_ws/build/sfuise' returned '0': CMAKE_PREFIX_PATH=/home/dsh/Documents/work_logs/code/SFUISE/sfuise_ws/install/sfuise_msgs:/home/dsh/Documents/work_logs/code/SFUISE/sfuise_ws/install/isas_msgs:/home/dsh/Documents/work_logs/code/SFUISE/sfuise_ws/install/cf_msgs:/home/dsh/Documents/work_logs/code/SFUISE/sfuise_ws/install/sfuise:/opt/ros/humble /usr/bin/cmake --build /home/dsh/Documents/work_logs/code/SFUISE/sfuise_ws/build/sfuise -- -j20 -l20
[63.852s] Invoking command in '/home/dsh/Documents/work_logs/code/SFUISE/sfuise_ws/build/sfuise': CMAKE_PREFIX_PATH=/home/dsh/Documents/work_logs/code/SFUISE/sfuise_ws/install/sfuise_msgs:/home/dsh/Documents/work_logs/code/SFUISE/sfuise_ws/install/isas_msgs:/home/dsh/Documents/work_logs/code/SFUISE/sfuise_ws/install/cf_msgs:/home/dsh/Documents/work_logs/code/SFUISE/sfuise_ws/install/sfuise:/opt/ros/humble /usr/bin/cmake --install /home/dsh/Documents/work_logs/code/SFUISE/sfuise_ws/build/sfuise
[63.863s] -- Install configuration: ""
[63.864s] -- Installing: /home/dsh/Documents/work_logs/code/SFUISE/sfuise_ws/install/sfuise/lib/sfuise/EstimationInterface
[63.868s] -- Set runtime path of "/home/dsh/Documents/work_logs/code/SFUISE/sfuise_ws/install/sfuise/lib/sfuise/EstimationInterface" to ""
[63.869s] -- Installing: /home/dsh/Documents/work_logs/code/SFUISE/sfuise_ws/install/sfuise/lib/sfuise/SplineFusion
[63.871s] -- Set runtime path of "/home/dsh/Documents/work_logs/code/SFUISE/sfuise_ws/install/sfuise/lib/sfuise/SplineFusion" to ""
[63.871s] -- Installing: /home/dsh/Documents/work_logs/code/SFUISE/sfuise_ws/install/sfuise/share/sfuise//launch
[63.871s] -- Installing: /home/dsh/Documents/work_logs/code/SFUISE/sfuise_ws/install/sfuise/share/sfuise//launch/sfuise_test_isas-walk1.launch
[63.871s] -- Installing: /home/dsh/Documents/work_logs/code/SFUISE/sfuise_ws/install/sfuise/share/sfuise//launch/sfuise_test_isas-walk3.launch
[63.871s] -- Installing: /home/dsh/Documents/work_logs/code/SFUISE/sfuise_ws/install/sfuise/share/sfuise//launch/sfuise_test_isas-walk2.launch
[63.871s] -- Installing: /home/dsh/Documents/work_logs/code/SFUISE/sfuise_ws/install/sfuise/share/sfuise//launch/sfuise_test_util.launch
[63.872s] -- Installing: /home/dsh/Documents/work_logs/code/SFUISE/sfuise_ws/install/sfuise/share/ament_index/resource_index/package_run_dependencies/sfuise
[63.872s] -- Installing: /home/dsh/Documents/work_logs/code/SFUISE/sfuise_ws/install/sfuise/share/ament_index/resource_index/parent_prefix_path/sfuise
[63.872s] -- Installing: /home/dsh/Documents/work_logs/code/SFUISE/sfuise_ws/install/sfuise/share/sfuise/environment/ament_prefix_path.sh
[63.872s] -- Installing: /home/dsh/Documents/work_logs/code/SFUISE/sfuise_ws/install/sfuise/share/sfuise/environment/ament_prefix_path.dsv
[63.872s] -- Installing: /home/dsh/Documents/work_logs/code/SFUISE/sfuise_ws/install/sfuise/share/sfuise/environment/path.sh
[63.872s] -- Installing: /home/dsh/Documents/work_logs/code/SFUISE/sfuise_ws/install/sfuise/share/sfuise/environment/path.dsv
[63.872s] -- Installing: /home/dsh/Documents/work_logs/code/SFUISE/sfuise_ws/install/sfuise/share/sfuise/local_setup.bash
[63.872s] -- Installing: /home/dsh/Documents/work_logs/code/SFUISE/sfuise_ws/install/sfuise/share/sfuise/local_setup.sh
[63.872s] -- Installing: /home/dsh/Documents/work_logs/code/SFUISE/sfuise_ws/install/sfuise/share/sfuise/local_setup.zsh
[63.872s] -- Installing: /home/dsh/Documents/work_logs/code/SFUISE/sfuise_ws/install/sfuise/share/sfuise/local_setup.dsv
[63.872s] -- Installing: /home/dsh/Documents/work_logs/code/SFUISE/sfuise_ws/install/sfuise/share/sfuise/package.dsv
[63.872s] -- Installing: /home/dsh/Documents/work_logs/code/SFUISE/sfuise_ws/install/sfuise/share/ament_index/resource_index/packages/sfuise
[63.873s] -- Installing: /home/dsh/Documents/work_logs/code/SFUISE/sfuise_ws/install/sfuise/share/sfuise/cmake/sfuiseConfig.cmake
[63.873s] -- Installing: /home/dsh/Documents/work_logs/code/SFUISE/sfuise_ws/install/sfuise/share/sfuise/cmake/sfuiseConfig-version.cmake
[63.873s] -- Installing: /home/dsh/Documents/work_logs/code/SFUISE/sfuise_ws/install/sfuise/share/sfuise/package.xml
[63.875s] Invoked command in '/home/dsh/Documents/work_logs/code/SFUISE/sfuise_ws/build/sfuise' returned '0': CMAKE_PREFIX_PATH=/home/dsh/Documents/work_logs/code/SFUISE/sfuise_ws/install/sfuise_msgs:/home/dsh/Documents/work_logs/code/SFUISE/sfuise_ws/install/isas_msgs:/home/dsh/Documents/work_logs/code/SFUISE/sfuise_ws/install/cf_msgs:/home/dsh/Documents/work_logs/code/SFUISE/sfuise_ws/install/sfuise:/opt/ros/humble /usr/bin/cmake --install /home/dsh/Documents/work_logs/code/SFUISE/sfuise_ws/build/sfuise
