[0.040s] Invoking command in '/home/dsh/Documents/work_logs/code/SFUISE/sfuise_ws/build/sfuise': AMENT_PREFIX_PATH=/home/dsh/Documents/work_logs/code/SFUISE/sfuise_ws/install/sfuise_msgs:/home/dsh/Documents/work_logs/code/SFUISE/sfuise_ws/install/isas_msgs:/home/dsh/Documents/work_logs/code/SFUISE/sfuise_ws/install/cf_msgs:${AMENT_PREFIX_PATH} CMAKE_PREFIX_PATH=/home/dsh/Documents/work_logs/code/SFUISE/sfuise_ws/install/sfuise_msgs:/home/dsh/Documents/work_logs/code/SFUISE/sfuise_ws/install/isas_msgs:/home/dsh/Documents/work_logs/code/SFUISE/sfuise_ws/install/cf_msgs:/opt/ros/humble LD_LIBRARY_PATH=/home/dsh/Documents/work_logs/code/SFUISE/sfuise_ws/install/sfuise_msgs/lib:/home/dsh/Documents/work_logs/code/SFUISE/sfuise_ws/install/isas_msgs/lib:/home/dsh/Documents/work_logs/code/SFUISE/sfuise_ws/install/cf_msgs/lib:${LD_LIBRARY_PATH} PYTHONPATH=/home/dsh/Documents/work_logs/code/SFUISE/sfuise_ws/install/sfuise_msgs/local/lib/python3.10/dist-packages:/home/dsh/Documents/work_logs/code/SFUISE/sfuise_ws/install/isas_msgs/local/lib/python3.10/dist-packages:/home/dsh/Documents/work_logs/code/SFUISE/sfuise_ws/install/cf_msgs/local/lib/python3.10/dist-packages:${PYTHONPATH} /usr/bin/cmake --build /home/dsh/Documents/work_logs/code/SFUISE/sfuise_ws/build/sfuise -- -j20 -l20
[0.103s] -- Found ament_cmake: 1.3.11 (/opt/ros/humble/share/ament_cmake/cmake)
[0.401s] -- Found rclcpp: 16.0.11 (/opt/ros/humble/share/rclcpp/cmake)
[0.465s] -- Found rosidl_generator_c: 3.1.6 (/opt/ros/humble/share/rosidl_generator_c/cmake)
[0.470s] -- Found rosidl_adapter: 3.1.6 (/opt/ros/humble/share/rosidl_adapter/cmake)
[0.483s] -- Found rosidl_generator_cpp: 3.1.6 (/opt/ros/humble/share/rosidl_generator_cpp/cmake)
[0.509s] -- Using all available rosidl_typesupport_c: rosidl_typesupport_fastrtps_c;rosidl_typesupport_introspection_c
[0.538s] -- Using all available rosidl_typesupport_cpp: rosidl_typesupport_fastrtps_cpp;rosidl_typesupport_introspection_cpp
[0.595s] -- Found rmw_implementation_cmake: 6.1.2 (/opt/ros/humble/share/rmw_implementation_cmake/cmake)
[0.598s] -- Found rmw_fastrtps_cpp: 6.2.7 (/opt/ros/humble/share/rmw_fastrtps_cpp/cmake)
[0.780s] -- Using RMW implementation 'rmw_fastrtps_cpp' as default
[0.876s] -- Found nav_msgs: 4.2.4 (/opt/ros/humble/share/nav_msgs/cmake)
[0.930s] -- Found sensor_msgs: 4.2.4 (/opt/ros/humble/share/sensor_msgs/cmake)
[0.958s] -- Found visualization_msgs: 4.8.0 (/opt/ros/humble/share/visualization_msgs/cmake)
[0.991s] -- Found cf_msgs: 0.0.0 (/home/dsh/Documents/work_logs/code/SFUISE/sfuise_ws/install/cf_msgs/share/cf_msgs/cmake)
[1.009s] -- Found isas_msgs: 0.0.0 (/home/dsh/Documents/work_logs/code/SFUISE/sfuise_ws/install/isas_msgs/share/isas_msgs/cmake)
[1.033s] -- Found sfuise_msgs: 0.0.0 (/home/dsh/Documents/work_logs/code/SFUISE/sfuise_ws/install/sfuise_msgs/share/sfuise_msgs/cmake)
[1.227s] -- Found AMD headers in: /usr/include/suitesparse
[1.227s] -- Found AMD library: /usr/lib/x86_64-linux-gnu/libamd.so
[1.227s] -- Found CAMD headers in: /usr/include/suitesparse
[1.227s] -- Found CAMD library: /usr/lib/x86_64-linux-gnu/libcamd.so
[1.227s] -- Found COLAMD headers in: /usr/include/suitesparse
[1.228s] -- Found COLAMD library: /usr/lib/x86_64-linux-gnu/libcolamd.so
[1.228s] -- Found CCOLAMD headers in: /usr/include/suitesparse
[1.228s] -- Found CCOLAMD library: /usr/lib/x86_64-linux-gnu/libccolamd.so
[1.228s] -- Found CHOLMOD headers in: /usr/include/suitesparse
[1.228s] -- Found CHOLMOD library: /usr/lib/x86_64-linux-gnu/libcholmod.so
[1.228s] -- Found SUITESPARSEQR headers in: /usr/include/suitesparse
[1.228s] -- Found SUITESPARSEQR library: /usr/lib/x86_64-linux-gnu/libspqr.so
[1.229s] -- Found Intel Thread Building Blocks (TBB) library (2021.5.0) assuming SuiteSparseQR was compiled with TBB.
[1.229s] -- Found SUITESPARSE_CONFIG headers in: /usr/include/suitesparse
[1.229s] -- Found SUITESPARSE_CONFIG library: /usr/lib/x86_64-linux-gnu/libsuitesparseconfig.so
[1.230s] -- Found LIBRT library: /usr/lib/x86_64-linux-gnu/librt.a
[1.230s] -- Adding librt: /usr/lib/x86_64-linux-gnu/librt.a to SuiteSparse_config libraries (required on Linux & Unix [not OSX] if SuiteSparse is compiled with timing).
[1.232s] -- Did not find METIS library (optional SuiteSparse dependency)
[1.402s] -- Found AMD headers in: /usr/include/suitesparse
[1.402s] -- Found AMD library: /usr/lib/x86_64-linux-gnu/libamd.so
[1.403s] -- Found CAMD headers in: /usr/include/suitesparse
[1.403s] -- Found CAMD library: /usr/lib/x86_64-linux-gnu/libcamd.so
[1.403s] -- Found COLAMD headers in: /usr/include/suitesparse
[1.403s] -- Found COLAMD library: /usr/lib/x86_64-linux-gnu/libcolamd.so
[1.403s] -- Found CCOLAMD headers in: /usr/include/suitesparse
[1.403s] -- Found CCOLAMD library: /usr/lib/x86_64-linux-gnu/libccolamd.so
[1.404s] -- Found CHOLMOD headers in: /usr/include/suitesparse
[1.404s] -- Found CHOLMOD library: /usr/lib/x86_64-linux-gnu/libcholmod.so
[1.404s] -- Found SUITESPARSEQR headers in: /usr/include/suitesparse
[1.404s] -- Found SUITESPARSEQR library: /usr/lib/x86_64-linux-gnu/libspqr.so
[1.404s] -- Found Intel Thread Building Blocks (TBB) library (2021.5.0) assuming SuiteSparseQR was compiled with TBB.
[1.404s] -- Found SUITESPARSE_CONFIG headers in: /usr/include/suitesparse
[1.404s] -- Found SUITESPARSE_CONFIG library: /usr/lib/x86_64-linux-gnu/libsuitesparseconfig.so;/usr/lib/x86_64-linux-gnu/librt.a
[1.404s] -- Found LIBRT library: /usr/lib/x86_64-linux-gnu/librt.a
[1.405s] -- Adding librt: /usr/lib/x86_64-linux-gnu/librt.a to SuiteSparse_config libraries (required on Linux & Unix [not OSX] if SuiteSparse is compiled with timing).
[1.405s] -- Did not find METIS library (optional SuiteSparse dependency)
[1.547s] -- Configuring done
[1.582s] -- Generating done
[1.592s] -- Build files have been written to: /home/dsh/Documents/work_logs/code/SFUISE/sfuise_ws/build/sfuise
[1.643s] [35m[1mConsolidate compiler generated dependencies of target EstimationInterface[0m
[1.643s] [35m[1mConsolidate compiler generated dependencies of target SplineFusion[0m
[1.683s] [ 25%] [32m[1mLinking CXX executable SplineFusion[0m
[1.683s] [ 50%] [32mBuilding CXX object CMakeFiles/EstimationInterface.dir/src/EstimationInterface.cpp.o[0m
[2.255s] [ 75%] Built target SplineFusion
[56.200s] [100%] [32m[1mLinking CXX executable EstimationInterface[0m
[56.805s] [100%] Built target EstimationInterface
[56.823s] Invoked command in '/home/dsh/Documents/work_logs/code/SFUISE/sfuise_ws/build/sfuise' returned '0': AMENT_PREFIX_PATH=/home/dsh/Documents/work_logs/code/SFUISE/sfuise_ws/install/sfuise_msgs:/home/dsh/Documents/work_logs/code/SFUISE/sfuise_ws/install/isas_msgs:/home/dsh/Documents/work_logs/code/SFUISE/sfuise_ws/install/cf_msgs:${AMENT_PREFIX_PATH} CMAKE_PREFIX_PATH=/home/dsh/Documents/work_logs/code/SFUISE/sfuise_ws/install/sfuise_msgs:/home/dsh/Documents/work_logs/code/SFUISE/sfuise_ws/install/isas_msgs:/home/dsh/Documents/work_logs/code/SFUISE/sfuise_ws/install/cf_msgs:/opt/ros/humble LD_LIBRARY_PATH=/home/dsh/Documents/work_logs/code/SFUISE/sfuise_ws/install/sfuise_msgs/lib:/home/dsh/Documents/work_logs/code/SFUISE/sfuise_ws/install/isas_msgs/lib:/home/dsh/Documents/work_logs/code/SFUISE/sfuise_ws/install/cf_msgs/lib:${LD_LIBRARY_PATH} PYTHONPATH=/home/dsh/Documents/work_logs/code/SFUISE/sfuise_ws/install/sfuise_msgs/local/lib/python3.10/dist-packages:/home/dsh/Documents/work_logs/code/SFUISE/sfuise_ws/install/isas_msgs/local/lib/python3.10/dist-packages:/home/dsh/Documents/work_logs/code/SFUISE/sfuise_ws/install/cf_msgs/local/lib/python3.10/dist-packages:${PYTHONPATH} /usr/bin/cmake --build /home/dsh/Documents/work_logs/code/SFUISE/sfuise_ws/build/sfuise -- -j20 -l20
[56.826s] Invoking command in '/home/dsh/Documents/work_logs/code/SFUISE/sfuise_ws/build/sfuise': AMENT_PREFIX_PATH=/home/dsh/Documents/work_logs/code/SFUISE/sfuise_ws/install/sfuise_msgs:/home/dsh/Documents/work_logs/code/SFUISE/sfuise_ws/install/isas_msgs:/home/dsh/Documents/work_logs/code/SFUISE/sfuise_ws/install/cf_msgs:${AMENT_PREFIX_PATH} CMAKE_PREFIX_PATH=/home/dsh/Documents/work_logs/code/SFUISE/sfuise_ws/install/sfuise_msgs:/home/dsh/Documents/work_logs/code/SFUISE/sfuise_ws/install/isas_msgs:/home/dsh/Documents/work_logs/code/SFUISE/sfuise_ws/install/cf_msgs:/opt/ros/humble LD_LIBRARY_PATH=/home/dsh/Documents/work_logs/code/SFUISE/sfuise_ws/install/sfuise_msgs/lib:/home/dsh/Documents/work_logs/code/SFUISE/sfuise_ws/install/isas_msgs/lib:/home/dsh/Documents/work_logs/code/SFUISE/sfuise_ws/install/cf_msgs/lib:${LD_LIBRARY_PATH} PYTHONPATH=/home/dsh/Documents/work_logs/code/SFUISE/sfuise_ws/install/sfuise_msgs/local/lib/python3.10/dist-packages:/home/dsh/Documents/work_logs/code/SFUISE/sfuise_ws/install/isas_msgs/local/lib/python3.10/dist-packages:/home/dsh/Documents/work_logs/code/SFUISE/sfuise_ws/install/cf_msgs/local/lib/python3.10/dist-packages:${PYTHONPATH} /usr/bin/cmake --install /home/dsh/Documents/work_logs/code/SFUISE/sfuise_ws/build/sfuise
[56.840s] -- Install configuration: ""
[56.840s] -- Installing: /home/dsh/Documents/work_logs/code/SFUISE/sfuise_ws/install/sfuise/lib/sfuise/EstimationInterface
[56.845s] -- Set runtime path of "/home/dsh/Documents/work_logs/code/SFUISE/sfuise_ws/install/sfuise/lib/sfuise/EstimationInterface" to ""
[56.845s] -- Installing: /home/dsh/Documents/work_logs/code/SFUISE/sfuise_ws/install/sfuise/lib/sfuise/SplineFusion
[56.847s] -- Set runtime path of "/home/dsh/Documents/work_logs/code/SFUISE/sfuise_ws/install/sfuise/lib/sfuise/SplineFusion" to ""
[56.848s] -- Installing: /home/dsh/Documents/work_logs/code/SFUISE/sfuise_ws/install/sfuise/share/ament_index/resource_index/package_run_dependencies/sfuise
[56.848s] -- Installing: /home/dsh/Documents/work_logs/code/SFUISE/sfuise_ws/install/sfuise/share/ament_index/resource_index/parent_prefix_path/sfuise
[56.848s] -- Installing: /home/dsh/Documents/work_logs/code/SFUISE/sfuise_ws/install/sfuise/share/sfuise/environment/ament_prefix_path.sh
[56.848s] -- Installing: /home/dsh/Documents/work_logs/code/SFUISE/sfuise_ws/install/sfuise/share/sfuise/environment/ament_prefix_path.dsv
[56.848s] -- Installing: /home/dsh/Documents/work_logs/code/SFUISE/sfuise_ws/install/sfuise/share/sfuise/environment/path.sh
[56.848s] -- Installing: /home/dsh/Documents/work_logs/code/SFUISE/sfuise_ws/install/sfuise/share/sfuise/environment/path.dsv
[56.848s] -- Installing: /home/dsh/Documents/work_logs/code/SFUISE/sfuise_ws/install/sfuise/share/sfuise/local_setup.bash
[56.849s] -- Installing: /home/dsh/Documents/work_logs/code/SFUISE/sfuise_ws/install/sfuise/share/sfuise/local_setup.sh
[56.849s] -- Installing: /home/dsh/Documents/work_logs/code/SFUISE/sfuise_ws/install/sfuise/share/sfuise/local_setup.zsh
[56.849s] -- Installing: /home/dsh/Documents/work_logs/code/SFUISE/sfuise_ws/install/sfuise/share/sfuise/local_setup.dsv
[56.849s] -- Installing: /home/dsh/Documents/work_logs/code/SFUISE/sfuise_ws/install/sfuise/share/sfuise/package.dsv
[56.849s] -- Installing: /home/dsh/Documents/work_logs/code/SFUISE/sfuise_ws/install/sfuise/share/ament_index/resource_index/packages/sfuise
[56.849s] -- Installing: /home/dsh/Documents/work_logs/code/SFUISE/sfuise_ws/install/sfuise/share/sfuise/cmake/sfuiseConfig.cmake
[56.849s] -- Installing: /home/dsh/Documents/work_logs/code/SFUISE/sfuise_ws/install/sfuise/share/sfuise/cmake/sfuiseConfig-version.cmake
[56.849s] -- Installing: /home/dsh/Documents/work_logs/code/SFUISE/sfuise_ws/install/sfuise/share/sfuise/package.xml
[56.853s] Invoked command in '/home/dsh/Documents/work_logs/code/SFUISE/sfuise_ws/build/sfuise' returned '0': AMENT_PREFIX_PATH=/home/dsh/Documents/work_logs/code/SFUISE/sfuise_ws/install/sfuise_msgs:/home/dsh/Documents/work_logs/code/SFUISE/sfuise_ws/install/isas_msgs:/home/dsh/Documents/work_logs/code/SFUISE/sfuise_ws/install/cf_msgs:${AMENT_PREFIX_PATH} CMAKE_PREFIX_PATH=/home/dsh/Documents/work_logs/code/SFUISE/sfuise_ws/install/sfuise_msgs:/home/dsh/Documents/work_logs/code/SFUISE/sfuise_ws/install/isas_msgs:/home/dsh/Documents/work_logs/code/SFUISE/sfuise_ws/install/cf_msgs:/opt/ros/humble LD_LIBRARY_PATH=/home/dsh/Documents/work_logs/code/SFUISE/sfuise_ws/install/sfuise_msgs/lib:/home/dsh/Documents/work_logs/code/SFUISE/sfuise_ws/install/isas_msgs/lib:/home/dsh/Documents/work_logs/code/SFUISE/sfuise_ws/install/cf_msgs/lib:${LD_LIBRARY_PATH} PYTHONPATH=/home/dsh/Documents/work_logs/code/SFUISE/sfuise_ws/install/sfuise_msgs/local/lib/python3.10/dist-packages:/home/dsh/Documents/work_logs/code/SFUISE/sfuise_ws/install/isas_msgs/local/lib/python3.10/dist-packages:/home/dsh/Documents/work_logs/code/SFUISE/sfuise_ws/install/cf_msgs/local/lib/python3.10/dist-packages:${PYTHONPATH} /usr/bin/cmake --install /home/dsh/Documents/work_logs/code/SFUISE/sfuise_ws/build/sfuise
