[0.040s] Invoking command in '/home/dsh/Documents/work_logs/code/SFUISE/sfuise_ws/build/cf_msgs': CMAKE_PREFIX_PATH=/opt/ros/humble /usr/bin/cmake --build /home/dsh/Documents/work_logs/code/SFUISE/sfuise_ws/build/cf_msgs -- -j20 -l20
[0.134s] [35m[1mConsolidate compiler generated dependencies of target cf_msgs__rosidl_generator_c[0m
[0.154s] [  1%] Built target cf_msgs__cpp
[0.165s] [ 12%] Built target cf_msgs__rosidl_generator_c
[0.178s] [ 12%] Built target ament_cmake_python_copy_cf_msgs
[0.184s] [35m[1mConsolidate compiler generated dependencies of target cf_msgs__rosidl_typesupport_cpp[0m
[0.185s] [35m[1mConsolidate compiler generated dependencies of target cf_msgs__rosidl_typesupport_fastrtps_cpp[0m
[0.186s] [35m[1mConsolidate compiler generated dependencies of target cf_msgs__rosidl_typesupport_introspection_cpp[0m
[0.203s] [35m[1mConsolidate compiler generated dependencies of target cf_msgs__rosidl_typesupport_fastrtps_c[0m
[0.204s] [35m[1mConsolidate compiler generated dependencies of target cf_msgs__rosidl_typesupport_introspection_c[0m
[0.214s] [35m[1mConsolidate compiler generated dependencies of target cf_msgs__rosidl_typesupport_c[0m
[0.239s] [ 24%] Built target cf_msgs__rosidl_typesupport_cpp
[0.245s] [ 35%] Built target cf_msgs__rosidl_typesupport_introspection_cpp
[0.250s] [ 55%] Built target cf_msgs__rosidl_typesupport_fastrtps_cpp
[0.250s] [ 58%] Built target cf_msgs__rosidl_typesupport_introspection_c
[0.252s] [ 69%] Built target cf_msgs__rosidl_typesupport_c
[0.257s] [ 81%] Built target cf_msgs__rosidl_typesupport_fastrtps_c
[0.301s] [ 81%] Built target cf_msgs
[0.347s] [ 82%] Built target cf_msgs__py
[0.377s] [35m[1mConsolidate compiler generated dependencies of target cf_msgs__rosidl_generator_py[0m
[0.419s] [ 92%] Built target cf_msgs__rosidl_generator_py
[0.445s] [35m[1mConsolidate compiler generated dependencies of target cf_msgs__rosidl_typesupport_introspection_c__pyext[0m
[0.446s] [35m[1mConsolidate compiler generated dependencies of target cf_msgs__rosidl_typesupport_fastrtps_c__pyext[0m
[0.447s] [35m[1mConsolidate compiler generated dependencies of target cf_msgs__rosidl_typesupport_c__pyext[0m
[0.474s] [ 94%] Built target cf_msgs__rosidl_typesupport_introspection_c__pyext
[0.474s] [ 97%] Built target cf_msgs__rosidl_typesupport_fastrtps_c__pyext
[0.477s] [100%] Built target cf_msgs__rosidl_typesupport_c__pyext
[0.656s] running egg_info
[0.657s] writing cf_msgs.egg-info/PKG-INFO
[0.657s] writing dependency_links to cf_msgs.egg-info/dependency_links.txt
[0.657s] writing top-level names to cf_msgs.egg-info/top_level.txt
[0.661s] reading manifest file 'cf_msgs.egg-info/SOURCES.txt'
[0.662s] writing manifest file 'cf_msgs.egg-info/SOURCES.txt'
[0.710s] [100%] Built target ament_cmake_python_build_cf_msgs_egg
[0.750s] Invoked command in '/home/dsh/Documents/work_logs/code/SFUISE/sfuise_ws/build/cf_msgs' returned '0': CMAKE_PREFIX_PATH=/opt/ros/humble /usr/bin/cmake --build /home/dsh/Documents/work_logs/code/SFUISE/sfuise_ws/build/cf_msgs -- -j20 -l20
[0.753s] Invoking command in '/home/dsh/Documents/work_logs/code/SFUISE/sfuise_ws/build/cf_msgs': CMAKE_PREFIX_PATH=/opt/ros/humble /usr/bin/cmake --install /home/dsh/Documents/work_logs/code/SFUISE/sfuise_ws/build/cf_msgs
[0.769s] -- Install configuration: ""
[0.769s] -- Up-to-date: /home/dsh/Documents/work_logs/code/SFUISE/sfuise_ws/install/cf_msgs/share/ament_index/resource_index/rosidl_interfaces/cf_msgs
[0.769s] -- Up-to-date: /home/dsh/Documents/work_logs/code/SFUISE/sfuise_ws/install/cf_msgs/include/cf_msgs/cf_msgs
[0.769s] -- Up-to-date: /home/dsh/Documents/work_logs/code/SFUISE/sfuise_ws/install/cf_msgs/include/cf_msgs/cf_msgs/msg
[0.769s] -- Up-to-date: /home/dsh/Documents/work_logs/code/SFUISE/sfuise_ws/install/cf_msgs/include/cf_msgs/cf_msgs/msg/flow.h
[0.769s] -- Up-to-date: /home/dsh/Documents/work_logs/code/SFUISE/sfuise_ws/install/cf_msgs/include/cf_msgs/cf_msgs/msg/tdoa.h
[0.769s] -- Up-to-date: /home/dsh/Documents/work_logs/code/SFUISE/sfuise_ws/install/cf_msgs/include/cf_msgs/cf_msgs/msg/accel.h
[0.770s] -- Up-to-date: /home/dsh/Documents/work_logs/code/SFUISE/sfuise_ws/install/cf_msgs/include/cf_msgs/cf_msgs/msg/detail
[0.771s] -- Up-to-date: /home/dsh/Documents/work_logs/code/SFUISE/sfuise_ws/install/cf_msgs/include/cf_msgs/cf_msgs/msg/detail/baro__type_support.h
[0.771s] -- Up-to-date: /home/dsh/Documents/work_logs/code/SFUISE/sfuise_ws/install/cf_msgs/include/cf_msgs/cf_msgs/msg/detail/twr__struct.h
[0.772s] -- Up-to-date: /home/dsh/Documents/work_logs/code/SFUISE/sfuise_ws/install/cf_msgs/include/cf_msgs/cf_msgs/msg/detail/gyro__struct.h
[0.772s] -- Up-to-date: /home/dsh/Documents/work_logs/code/SFUISE/sfuise_ws/install/cf_msgs/include/cf_msgs/cf_msgs/msg/detail/flow__functions.c
[0.772s] -- Up-to-date: /home/dsh/Documents/work_logs/code/SFUISE/sfuise_ws/install/cf_msgs/include/cf_msgs/cf_msgs/msg/detail/tdoa__type_support.h
[0.772s] -- Up-to-date: /home/dsh/Documents/work_logs/code/SFUISE/sfuise_ws/install/cf_msgs/include/cf_msgs/cf_msgs/msg/detail/baro__struct.h
[0.772s] -- Up-to-date: /home/dsh/Documents/work_logs/code/SFUISE/sfuise_ws/install/cf_msgs/include/cf_msgs/cf_msgs/msg/detail/accel__functions.h
[0.772s] -- Up-to-date: /home/dsh/Documents/work_logs/code/SFUISE/sfuise_ws/install/cf_msgs/include/cf_msgs/cf_msgs/msg/detail/twr__functions.c
[0.772s] -- Up-to-date: /home/dsh/Documents/work_logs/code/SFUISE/sfuise_ws/install/cf_msgs/include/cf_msgs/cf_msgs/msg/detail/twr__functions.h
[0.774s] -- Up-to-date: /home/dsh/Documents/work_logs/code/SFUISE/sfuise_ws/install/cf_msgs/include/cf_msgs/cf_msgs/msg/detail/flow__struct.h
[0.774s] -- Up-to-date: /home/dsh/Documents/work_logs/code/SFUISE/sfuise_ws/install/cf_msgs/include/cf_msgs/cf_msgs/msg/detail/tof__type_support.h
[0.774s] -- Up-to-date: /home/dsh/Documents/work_logs/code/SFUISE/sfuise_ws/install/cf_msgs/include/cf_msgs/cf_msgs/msg/detail/tof__functions.h
[0.775s] -- Up-to-date: /home/dsh/Documents/work_logs/code/SFUISE/sfuise_ws/install/cf_msgs/include/cf_msgs/cf_msgs/msg/detail/tdoa__functions.h
[0.776s] -- Up-to-date: /home/dsh/Documents/work_logs/code/SFUISE/sfuise_ws/install/cf_msgs/include/cf_msgs/cf_msgs/msg/detail/baro__functions.h
[0.776s] -- Up-to-date: /home/dsh/Documents/work_logs/code/SFUISE/sfuise_ws/install/cf_msgs/include/cf_msgs/cf_msgs/msg/detail/flow__functions.h
[0.776s] -- Up-to-date: /home/dsh/Documents/work_logs/code/SFUISE/sfuise_ws/install/cf_msgs/include/cf_msgs/cf_msgs/msg/detail/twr__type_support.h
[0.776s] -- Up-to-date: /home/dsh/Documents/work_logs/code/SFUISE/sfuise_ws/install/cf_msgs/include/cf_msgs/cf_msgs/msg/detail/accel__functions.c
[0.776s] -- Up-to-date: /home/dsh/Documents/work_logs/code/SFUISE/sfuise_ws/install/cf_msgs/include/cf_msgs/cf_msgs/msg/detail/tdoa__functions.c
[0.778s] -- Up-to-date: /home/dsh/Documents/work_logs/code/SFUISE/sfuise_ws/install/cf_msgs/include/cf_msgs/cf_msgs/msg/detail/accel__struct.h
[0.778s] -- Up-to-date: /home/dsh/Documents/work_logs/code/SFUISE/sfuise_ws/install/cf_msgs/include/cf_msgs/cf_msgs/msg/detail/gyro__type_support.h
[0.778s] -- Up-to-date: /home/dsh/Documents/work_logs/code/SFUISE/sfuise_ws/install/cf_msgs/include/cf_msgs/cf_msgs/msg/detail/gyro__functions.h
[0.778s] -- Up-to-date: /home/dsh/Documents/work_logs/code/SFUISE/sfuise_ws/install/cf_msgs/include/cf_msgs/cf_msgs/msg/detail/tof__functions.c
[0.778s] -- Up-to-date: /home/dsh/Documents/work_logs/code/SFUISE/sfuise_ws/install/cf_msgs/include/cf_msgs/cf_msgs/msg/detail/accel__type_support.h
[0.779s] -- Up-to-date: /home/dsh/Documents/work_logs/code/SFUISE/sfuise_ws/install/cf_msgs/include/cf_msgs/cf_msgs/msg/detail/gyro__functions.c
[0.779s] -- Up-to-date: /home/dsh/Documents/work_logs/code/SFUISE/sfuise_ws/install/cf_msgs/include/cf_msgs/cf_msgs/msg/detail/tdoa__struct.h
[0.779s] -- Up-to-date: /home/dsh/Documents/work_logs/code/SFUISE/sfuise_ws/install/cf_msgs/include/cf_msgs/cf_msgs/msg/detail/flow__type_support.h
[0.779s] -- Up-to-date: /home/dsh/Documents/work_logs/code/SFUISE/sfuise_ws/install/cf_msgs/include/cf_msgs/cf_msgs/msg/detail/baro__functions.c
[0.779s] -- Up-to-date: /home/dsh/Documents/work_logs/code/SFUISE/sfuise_ws/install/cf_msgs/include/cf_msgs/cf_msgs/msg/detail/tof__struct.h
[0.779s] -- Up-to-date: /home/dsh/Documents/work_logs/code/SFUISE/sfuise_ws/install/cf_msgs/include/cf_msgs/cf_msgs/msg/tof.h
[0.779s] -- Up-to-date: /home/dsh/Documents/work_logs/code/SFUISE/sfuise_ws/install/cf_msgs/include/cf_msgs/cf_msgs/msg/gyro.h
[0.780s] -- Up-to-date: /home/dsh/Documents/work_logs/code/SFUISE/sfuise_ws/install/cf_msgs/include/cf_msgs/cf_msgs/msg/twr.h
[0.780s] -- Up-to-date: /home/dsh/Documents/work_logs/code/SFUISE/sfuise_ws/install/cf_msgs/include/cf_msgs/cf_msgs/msg/rosidl_generator_c__visibility_control.h
[0.780s] -- Up-to-date: /home/dsh/Documents/work_logs/code/SFUISE/sfuise_ws/install/cf_msgs/include/cf_msgs/cf_msgs/msg/baro.h
[0.780s] -- Up-to-date: /home/dsh/Documents/work_logs/code/SFUISE/sfuise_ws/install/cf_msgs/share/cf_msgs/environment/library_path.sh
[0.781s] -- Up-to-date: /home/dsh/Documents/work_logs/code/SFUISE/sfuise_ws/install/cf_msgs/share/cf_msgs/environment/library_path.dsv
[0.781s] -- Up-to-date: /home/dsh/Documents/work_logs/code/SFUISE/sfuise_ws/install/cf_msgs/lib/libcf_msgs__rosidl_generator_c.so
[0.781s] -- Up-to-date: /home/dsh/Documents/work_logs/code/SFUISE/sfuise_ws/install/cf_msgs/include/cf_msgs/cf_msgs
[0.781s] -- Up-to-date: /home/dsh/Documents/work_logs/code/SFUISE/sfuise_ws/install/cf_msgs/include/cf_msgs/cf_msgs/msg
[0.781s] -- Up-to-date: /home/dsh/Documents/work_logs/code/SFUISE/sfuise_ws/install/cf_msgs/include/cf_msgs/cf_msgs/msg/rosidl_typesupport_fastrtps_c__visibility_control.h
[0.782s] -- Up-to-date: /home/dsh/Documents/work_logs/code/SFUISE/sfuise_ws/install/cf_msgs/include/cf_msgs/cf_msgs/msg/detail
[0.782s] -- Up-to-date: /home/dsh/Documents/work_logs/code/SFUISE/sfuise_ws/install/cf_msgs/include/cf_msgs/cf_msgs/msg/detail/flow__rosidl_typesupport_fastrtps_c.h
[0.782s] -- Up-to-date: /home/dsh/Documents/work_logs/code/SFUISE/sfuise_ws/install/cf_msgs/include/cf_msgs/cf_msgs/msg/detail/tdoa__rosidl_typesupport_fastrtps_c.h
[0.782s] -- Up-to-date: /home/dsh/Documents/work_logs/code/SFUISE/sfuise_ws/install/cf_msgs/include/cf_msgs/cf_msgs/msg/detail/gyro__rosidl_typesupport_fastrtps_c.h
[0.782s] -- Up-to-date: /home/dsh/Documents/work_logs/code/SFUISE/sfuise_ws/install/cf_msgs/include/cf_msgs/cf_msgs/msg/detail/tof__rosidl_typesupport_fastrtps_c.h
[0.783s] -- Up-to-date: /home/dsh/Documents/work_logs/code/SFUISE/sfuise_ws/install/cf_msgs/include/cf_msgs/cf_msgs/msg/detail/twr__rosidl_typesupport_fastrtps_c.h
[0.783s] -- Up-to-date: /home/dsh/Documents/work_logs/code/SFUISE/sfuise_ws/install/cf_msgs/include/cf_msgs/cf_msgs/msg/detail/accel__rosidl_typesupport_fastrtps_c.h
[0.783s] -- Up-to-date: /home/dsh/Documents/work_logs/code/SFUISE/sfuise_ws/install/cf_msgs/include/cf_msgs/cf_msgs/msg/detail/baro__rosidl_typesupport_fastrtps_c.h
[0.786s] -- Up-to-date: /home/dsh/Documents/work_logs/code/SFUISE/sfuise_ws/install/cf_msgs/lib/libcf_msgs__rosidl_typesupport_fastrtps_c.so
[0.786s] -- Up-to-date: /home/dsh/Documents/work_logs/code/SFUISE/sfuise_ws/install/cf_msgs/include/cf_msgs/cf_msgs
[0.786s] -- Up-to-date: /home/dsh/Documents/work_logs/code/SFUISE/sfuise_ws/install/cf_msgs/include/cf_msgs/cf_msgs/msg
[0.786s] -- Up-to-date: /home/dsh/Documents/work_logs/code/SFUISE/sfuise_ws/install/cf_msgs/include/cf_msgs/cf_msgs/msg/detail
[0.786s] -- Up-to-date: /home/dsh/Documents/work_logs/code/SFUISE/sfuise_ws/install/cf_msgs/include/cf_msgs/cf_msgs/msg/detail/twr__traits.hpp
[0.786s] -- Up-to-date: /home/dsh/Documents/work_logs/code/SFUISE/sfuise_ws/install/cf_msgs/include/cf_msgs/cf_msgs/msg/detail/baro__struct.hpp
[0.786s] -- Up-to-date: /home/dsh/Documents/work_logs/code/SFUISE/sfuise_ws/install/cf_msgs/include/cf_msgs/cf_msgs/msg/detail/gyro__traits.hpp
[0.786s] -- Up-to-date: /home/dsh/Documents/work_logs/code/SFUISE/sfuise_ws/install/cf_msgs/include/cf_msgs/cf_msgs/msg/detail/accel__struct.hpp
[0.786s] -- Up-to-date: /home/dsh/Documents/work_logs/code/SFUISE/sfuise_ws/install/cf_msgs/include/cf_msgs/cf_msgs/msg/detail/flow__type_support.hpp
[0.786s] -- Up-to-date: /home/dsh/Documents/work_logs/code/SFUISE/sfuise_ws/install/cf_msgs/include/cf_msgs/cf_msgs/msg/detail/baro__builder.hpp
[0.786s] -- Up-to-date: /home/dsh/Documents/work_logs/code/SFUISE/sfuise_ws/install/cf_msgs/include/cf_msgs/cf_msgs/msg/detail/tdoa__traits.hpp
[0.786s] -- Up-to-date: /home/dsh/Documents/work_logs/code/SFUISE/sfuise_ws/install/cf_msgs/include/cf_msgs/cf_msgs/msg/detail/accel__builder.hpp
[0.787s] -- Up-to-date: /home/dsh/Documents/work_logs/code/SFUISE/sfuise_ws/install/cf_msgs/include/cf_msgs/cf_msgs/msg/detail/tdoa__struct.hpp
[0.787s] -- Up-to-date: /home/dsh/Documents/work_logs/code/SFUISE/sfuise_ws/install/cf_msgs/include/cf_msgs/cf_msgs/msg/detail/tof__builder.hpp
[0.787s] -- Up-to-date: /home/dsh/Documents/work_logs/code/SFUISE/sfuise_ws/install/cf_msgs/include/cf_msgs/cf_msgs/msg/detail/twr__builder.hpp
[0.787s] -- Up-to-date: /home/dsh/Documents/work_logs/code/SFUISE/sfuise_ws/install/cf_msgs/include/cf_msgs/cf_msgs/msg/detail/twr__type_support.hpp
[0.787s] -- Up-to-date: /home/dsh/Documents/work_logs/code/SFUISE/sfuise_ws/install/cf_msgs/include/cf_msgs/cf_msgs/msg/detail/tdoa__type_support.hpp
[0.787s] -- Up-to-date: /home/dsh/Documents/work_logs/code/SFUISE/sfuise_ws/install/cf_msgs/include/cf_msgs/cf_msgs/msg/detail/accel__type_support.hpp
[0.787s] -- Up-to-date: /home/dsh/Documents/work_logs/code/SFUISE/sfuise_ws/install/cf_msgs/include/cf_msgs/cf_msgs/msg/detail/twr__struct.hpp
[0.788s] -- Up-to-date: /home/dsh/Documents/work_logs/code/SFUISE/sfuise_ws/install/cf_msgs/include/cf_msgs/cf_msgs/msg/detail/gyro__builder.hpp
[0.788s] -- Up-to-date: /home/dsh/Documents/work_logs/code/SFUISE/sfuise_ws/install/cf_msgs/include/cf_msgs/cf_msgs/msg/detail/tdoa__builder.hpp
[0.788s] -- Up-to-date: /home/dsh/Documents/work_logs/code/SFUISE/sfuise_ws/install/cf_msgs/include/cf_msgs/cf_msgs/msg/detail/flow__traits.hpp
[0.788s] -- Up-to-date: /home/dsh/Documents/work_logs/code/SFUISE/sfuise_ws/install/cf_msgs/include/cf_msgs/cf_msgs/msg/detail/flow__struct.hpp
[0.788s] -- Up-to-date: /home/dsh/Documents/work_logs/code/SFUISE/sfuise_ws/install/cf_msgs/include/cf_msgs/cf_msgs/msg/detail/gyro__struct.hpp
[0.788s] -- Up-to-date: /home/dsh/Documents/work_logs/code/SFUISE/sfuise_ws/install/cf_msgs/include/cf_msgs/cf_msgs/msg/detail/baro__traits.hpp
[0.788s] -- Up-to-date: /home/dsh/Documents/work_logs/code/SFUISE/sfuise_ws/install/cf_msgs/include/cf_msgs/cf_msgs/msg/detail/gyro__type_support.hpp
[0.788s] -- Up-to-date: /home/dsh/Documents/work_logs/code/SFUISE/sfuise_ws/install/cf_msgs/include/cf_msgs/cf_msgs/msg/detail/tof__type_support.hpp
[0.789s] -- Up-to-date: /home/dsh/Documents/work_logs/code/SFUISE/sfuise_ws/install/cf_msgs/include/cf_msgs/cf_msgs/msg/detail/flow__builder.hpp
[0.789s] -- Up-to-date: /home/dsh/Documents/work_logs/code/SFUISE/sfuise_ws/install/cf_msgs/include/cf_msgs/cf_msgs/msg/detail/tof__traits.hpp
[0.789s] -- Up-to-date: /home/dsh/Documents/work_logs/code/SFUISE/sfuise_ws/install/cf_msgs/include/cf_msgs/cf_msgs/msg/detail/tof__struct.hpp
[0.789s] -- Up-to-date: /home/dsh/Documents/work_logs/code/SFUISE/sfuise_ws/install/cf_msgs/include/cf_msgs/cf_msgs/msg/detail/accel__traits.hpp
[0.789s] -- Up-to-date: /home/dsh/Documents/work_logs/code/SFUISE/sfuise_ws/install/cf_msgs/include/cf_msgs/cf_msgs/msg/detail/baro__type_support.hpp
[0.789s] -- Up-to-date: /home/dsh/Documents/work_logs/code/SFUISE/sfuise_ws/install/cf_msgs/include/cf_msgs/cf_msgs/msg/accel.hpp
[0.789s] -- Up-to-date: /home/dsh/Documents/work_logs/code/SFUISE/sfuise_ws/install/cf_msgs/include/cf_msgs/cf_msgs/msg/gyro.hpp
[0.789s] -- Up-to-date: /home/dsh/Documents/work_logs/code/SFUISE/sfuise_ws/install/cf_msgs/include/cf_msgs/cf_msgs/msg/twr.hpp
[0.789s] -- Up-to-date: /home/dsh/Documents/work_logs/code/SFUISE/sfuise_ws/install/cf_msgs/include/cf_msgs/cf_msgs/msg/tdoa.hpp
[0.789s] -- Up-to-date: /home/dsh/Documents/work_logs/code/SFUISE/sfuise_ws/install/cf_msgs/include/cf_msgs/cf_msgs/msg/baro.hpp
[0.789s] -- Up-to-date: /home/dsh/Documents/work_logs/code/SFUISE/sfuise_ws/install/cf_msgs/include/cf_msgs/cf_msgs/msg/flow.hpp
[0.789s] -- Up-to-date: /home/dsh/Documents/work_logs/code/SFUISE/sfuise_ws/install/cf_msgs/include/cf_msgs/cf_msgs/msg/rosidl_generator_cpp__visibility_control.hpp
[0.789s] -- Up-to-date: /home/dsh/Documents/work_logs/code/SFUISE/sfuise_ws/install/cf_msgs/include/cf_msgs/cf_msgs/msg/tof.hpp
[0.789s] -- Up-to-date: /home/dsh/Documents/work_logs/code/SFUISE/sfuise_ws/install/cf_msgs/include/cf_msgs/cf_msgs
[0.789s] -- Up-to-date: /home/dsh/Documents/work_logs/code/SFUISE/sfuise_ws/install/cf_msgs/include/cf_msgs/cf_msgs/msg
[0.790s] -- Up-to-date: /home/dsh/Documents/work_logs/code/SFUISE/sfuise_ws/install/cf_msgs/include/cf_msgs/cf_msgs/msg/detail
[0.790s] -- Up-to-date: /home/dsh/Documents/work_logs/code/SFUISE/sfuise_ws/install/cf_msgs/include/cf_msgs/cf_msgs/msg/detail/accel__rosidl_typesupport_fastrtps_cpp.hpp
[0.790s] -- Up-to-date: /home/dsh/Documents/work_logs/code/SFUISE/sfuise_ws/install/cf_msgs/include/cf_msgs/cf_msgs/msg/detail/gyro__rosidl_typesupport_fastrtps_cpp.hpp
[0.790s] -- Up-to-date: /home/dsh/Documents/work_logs/code/SFUISE/sfuise_ws/install/cf_msgs/include/cf_msgs/cf_msgs/msg/detail/twr__rosidl_typesupport_fastrtps_cpp.hpp
[0.790s] -- Up-to-date: /home/dsh/Documents/work_logs/code/SFUISE/sfuise_ws/install/cf_msgs/include/cf_msgs/cf_msgs/msg/detail/tof__rosidl_typesupport_fastrtps_cpp.hpp
[0.790s] -- Up-to-date: /home/dsh/Documents/work_logs/code/SFUISE/sfuise_ws/install/cf_msgs/include/cf_msgs/cf_msgs/msg/detail/tdoa__rosidl_typesupport_fastrtps_cpp.hpp
[0.790s] -- Up-to-date: /home/dsh/Documents/work_logs/code/SFUISE/sfuise_ws/install/cf_msgs/include/cf_msgs/cf_msgs/msg/detail/baro__rosidl_typesupport_fastrtps_cpp.hpp
[0.790s] -- Up-to-date: /home/dsh/Documents/work_logs/code/SFUISE/sfuise_ws/install/cf_msgs/include/cf_msgs/cf_msgs/msg/detail/dds_fastrtps
[0.790s] -- Up-to-date: /home/dsh/Documents/work_logs/code/SFUISE/sfuise_ws/install/cf_msgs/include/cf_msgs/cf_msgs/msg/detail/flow__rosidl_typesupport_fastrtps_cpp.hpp
[0.791s] -- Up-to-date: /home/dsh/Documents/work_logs/code/SFUISE/sfuise_ws/install/cf_msgs/include/cf_msgs/cf_msgs/msg/rosidl_typesupport_fastrtps_cpp__visibility_control.h
[0.791s] -- Up-to-date: /home/dsh/Documents/work_logs/code/SFUISE/sfuise_ws/install/cf_msgs/lib/libcf_msgs__rosidl_typesupport_fastrtps_cpp.so
[0.791s] -- Up-to-date: /home/dsh/Documents/work_logs/code/SFUISE/sfuise_ws/install/cf_msgs/include/cf_msgs/cf_msgs
[0.791s] -- Up-to-date: /home/dsh/Documents/work_logs/code/SFUISE/sfuise_ws/install/cf_msgs/include/cf_msgs/cf_msgs/msg
[0.791s] -- Up-to-date: /home/dsh/Documents/work_logs/code/SFUISE/sfuise_ws/install/cf_msgs/include/cf_msgs/cf_msgs/msg/detail
[0.791s] -- Up-to-date: /home/dsh/Documents/work_logs/code/SFUISE/sfuise_ws/install/cf_msgs/include/cf_msgs/cf_msgs/msg/detail/tof__type_support.c
[0.791s] -- Up-to-date: /home/dsh/Documents/work_logs/code/SFUISE/sfuise_ws/install/cf_msgs/include/cf_msgs/cf_msgs/msg/detail/accel__rosidl_typesupport_introspection_c.h
[0.792s] -- Up-to-date: /home/dsh/Documents/work_logs/code/SFUISE/sfuise_ws/install/cf_msgs/include/cf_msgs/cf_msgs/msg/detail/twr__rosidl_typesupport_introspection_c.h
[0.792s] -- Up-to-date: /home/dsh/Documents/work_logs/code/SFUISE/sfuise_ws/install/cf_msgs/include/cf_msgs/cf_msgs/msg/detail/flow__type_support.c
[0.792s] -- Up-to-date: /home/dsh/Documents/work_logs/code/SFUISE/sfuise_ws/install/cf_msgs/include/cf_msgs/cf_msgs/msg/detail/tdoa__type_support.c
[0.792s] -- Up-to-date: /home/dsh/Documents/work_logs/code/SFUISE/sfuise_ws/install/cf_msgs/include/cf_msgs/cf_msgs/msg/detail/tdoa__rosidl_typesupport_introspection_c.h
[0.792s] -- Up-to-date: /home/dsh/Documents/work_logs/code/SFUISE/sfuise_ws/install/cf_msgs/include/cf_msgs/cf_msgs/msg/detail/twr__type_support.c
[0.792s] -- Up-to-date: /home/dsh/Documents/work_logs/code/SFUISE/sfuise_ws/install/cf_msgs/include/cf_msgs/cf_msgs/msg/detail/flow__rosidl_typesupport_introspection_c.h
[0.792s] -- Up-to-date: /home/dsh/Documents/work_logs/code/SFUISE/sfuise_ws/install/cf_msgs/include/cf_msgs/cf_msgs/msg/detail/accel__type_support.c
[0.792s] -- Up-to-date: /home/dsh/Documents/work_logs/code/SFUISE/sfuise_ws/install/cf_msgs/include/cf_msgs/cf_msgs/msg/detail/baro__type_support.c
[0.792s] -- Up-to-date: /home/dsh/Documents/work_logs/code/SFUISE/sfuise_ws/install/cf_msgs/include/cf_msgs/cf_msgs/msg/detail/tof__rosidl_typesupport_introspection_c.h
[0.792s] -- Up-to-date: /home/dsh/Documents/work_logs/code/SFUISE/sfuise_ws/install/cf_msgs/include/cf_msgs/cf_msgs/msg/detail/gyro__type_support.c
[0.792s] -- Up-to-date: /home/dsh/Documents/work_logs/code/SFUISE/sfuise_ws/install/cf_msgs/include/cf_msgs/cf_msgs/msg/detail/baro__rosidl_typesupport_introspection_c.h
[0.792s] -- Up-to-date: /home/dsh/Documents/work_logs/code/SFUISE/sfuise_ws/install/cf_msgs/include/cf_msgs/cf_msgs/msg/detail/gyro__rosidl_typesupport_introspection_c.h
[0.792s] -- Up-to-date: /home/dsh/Documents/work_logs/code/SFUISE/sfuise_ws/install/cf_msgs/include/cf_msgs/cf_msgs/msg/rosidl_typesupport_introspection_c__visibility_control.h
[0.792s] -- Up-to-date: /home/dsh/Documents/work_logs/code/SFUISE/sfuise_ws/install/cf_msgs/lib/libcf_msgs__rosidl_typesupport_introspection_c.so
[0.795s] -- Up-to-date: /home/dsh/Documents/work_logs/code/SFUISE/sfuise_ws/install/cf_msgs/lib/libcf_msgs__rosidl_typesupport_c.so
[0.796s] -- Up-to-date: /home/dsh/Documents/work_logs/code/SFUISE/sfuise_ws/install/cf_msgs/include/cf_msgs/cf_msgs
[0.796s] -- Up-to-date: /home/dsh/Documents/work_logs/code/SFUISE/sfuise_ws/install/cf_msgs/include/cf_msgs/cf_msgs/msg
[0.796s] -- Up-to-date: /home/dsh/Documents/work_logs/code/SFUISE/sfuise_ws/install/cf_msgs/include/cf_msgs/cf_msgs/msg/detail
[0.796s] -- Up-to-date: /home/dsh/Documents/work_logs/code/SFUISE/sfuise_ws/install/cf_msgs/include/cf_msgs/cf_msgs/msg/detail/tdoa__type_support.cpp
[0.796s] -- Up-to-date: /home/dsh/Documents/work_logs/code/SFUISE/sfuise_ws/install/cf_msgs/include/cf_msgs/cf_msgs/msg/detail/baro__rosidl_typesupport_introspection_cpp.hpp
[0.796s] -- Up-to-date: /home/dsh/Documents/work_logs/code/SFUISE/sfuise_ws/install/cf_msgs/include/cf_msgs/cf_msgs/msg/detail/tof__rosidl_typesupport_introspection_cpp.hpp
[0.796s] -- Up-to-date: /home/dsh/Documents/work_logs/code/SFUISE/sfuise_ws/install/cf_msgs/include/cf_msgs/cf_msgs/msg/detail/tdoa__rosidl_typesupport_introspection_cpp.hpp
[0.796s] -- Up-to-date: /home/dsh/Documents/work_logs/code/SFUISE/sfuise_ws/install/cf_msgs/include/cf_msgs/cf_msgs/msg/detail/accel__type_support.cpp
[0.796s] -- Up-to-date: /home/dsh/Documents/work_logs/code/SFUISE/sfuise_ws/install/cf_msgs/include/cf_msgs/cf_msgs/msg/detail/gyro__rosidl_typesupport_introspection_cpp.hpp
[0.797s] -- Up-to-date: /home/dsh/Documents/work_logs/code/SFUISE/sfuise_ws/install/cf_msgs/include/cf_msgs/cf_msgs/msg/detail/tof__type_support.cpp
[0.797s] -- Up-to-date: /home/dsh/Documents/work_logs/code/SFUISE/sfuise_ws/install/cf_msgs/include/cf_msgs/cf_msgs/msg/detail/gyro__type_support.cpp
[0.797s] -- Up-to-date: /home/dsh/Documents/work_logs/code/SFUISE/sfuise_ws/install/cf_msgs/include/cf_msgs/cf_msgs/msg/detail/baro__type_support.cpp
[0.797s] -- Up-to-date: /home/dsh/Documents/work_logs/code/SFUISE/sfuise_ws/install/cf_msgs/include/cf_msgs/cf_msgs/msg/detail/twr__rosidl_typesupport_introspection_cpp.hpp
[0.797s] -- Up-to-date: /home/dsh/Documents/work_logs/code/SFUISE/sfuise_ws/install/cf_msgs/include/cf_msgs/cf_msgs/msg/detail/flow__rosidl_typesupport_introspection_cpp.hpp
[0.797s] -- Up-to-date: /home/dsh/Documents/work_logs/code/SFUISE/sfuise_ws/install/cf_msgs/include/cf_msgs/cf_msgs/msg/detail/twr__type_support.cpp
[0.797s] -- Up-to-date: /home/dsh/Documents/work_logs/code/SFUISE/sfuise_ws/install/cf_msgs/include/cf_msgs/cf_msgs/msg/detail/accel__rosidl_typesupport_introspection_cpp.hpp
[0.797s] -- Up-to-date: /home/dsh/Documents/work_logs/code/SFUISE/sfuise_ws/install/cf_msgs/include/cf_msgs/cf_msgs/msg/detail/flow__type_support.cpp
[0.797s] -- Up-to-date: /home/dsh/Documents/work_logs/code/SFUISE/sfuise_ws/install/cf_msgs/lib/libcf_msgs__rosidl_typesupport_introspection_cpp.so
[0.797s] -- Up-to-date: /home/dsh/Documents/work_logs/code/SFUISE/sfuise_ws/install/cf_msgs/lib/libcf_msgs__rosidl_typesupport_cpp.so
[0.797s] -- Up-to-date: /home/dsh/Documents/work_logs/code/SFUISE/sfuise_ws/install/cf_msgs/share/cf_msgs/environment/pythonpath.sh
[0.797s] -- Up-to-date: /home/dsh/Documents/work_logs/code/SFUISE/sfuise_ws/install/cf_msgs/share/cf_msgs/environment/pythonpath.dsv
[0.797s] -- Up-to-date: /home/dsh/Documents/work_logs/code/SFUISE/sfuise_ws/install/cf_msgs/local/lib/python3.10/dist-packages/cf_msgs-0.0.0-py3.10.egg-info
[0.797s] -- Installing: /home/dsh/Documents/work_logs/code/SFUISE/sfuise_ws/install/cf_msgs/local/lib/python3.10/dist-packages/cf_msgs-0.0.0-py3.10.egg-info/SOURCES.txt
[0.798s] -- Installing: /home/dsh/Documents/work_logs/code/SFUISE/sfuise_ws/install/cf_msgs/local/lib/python3.10/dist-packages/cf_msgs-0.0.0-py3.10.egg-info/PKG-INFO
[0.800s] -- Installing: /home/dsh/Documents/work_logs/code/SFUISE/sfuise_ws/install/cf_msgs/local/lib/python3.10/dist-packages/cf_msgs-0.0.0-py3.10.egg-info/top_level.txt
[0.800s] -- Installing: /home/dsh/Documents/work_logs/code/SFUISE/sfuise_ws/install/cf_msgs/local/lib/python3.10/dist-packages/cf_msgs-0.0.0-py3.10.egg-info/dependency_links.txt
[0.800s] -- Up-to-date: /home/dsh/Documents/work_logs/code/SFUISE/sfuise_ws/install/cf_msgs/local/lib/python3.10/dist-packages/cf_msgs
[0.800s] -- Up-to-date: /home/dsh/Documents/work_logs/code/SFUISE/sfuise_ws/install/cf_msgs/local/lib/python3.10/dist-packages/cf_msgs/__init__.py
[0.800s] -- Up-to-date: /home/dsh/Documents/work_logs/code/SFUISE/sfuise_ws/install/cf_msgs/local/lib/python3.10/dist-packages/cf_msgs/libcf_msgs__rosidl_generator_py.so
[0.800s] -- Up-to-date: /home/dsh/Documents/work_logs/code/SFUISE/sfuise_ws/install/cf_msgs/local/lib/python3.10/dist-packages/cf_msgs/_cf_msgs_s.ep.rosidl_typesupport_fastrtps_c.c
[0.800s] -- Up-to-date: /home/dsh/Documents/work_logs/code/SFUISE/sfuise_ws/install/cf_msgs/local/lib/python3.10/dist-packages/cf_msgs/msg
[0.800s] -- Up-to-date: /home/dsh/Documents/work_logs/code/SFUISE/sfuise_ws/install/cf_msgs/local/lib/python3.10/dist-packages/cf_msgs/msg/_flow.py
[0.800s] -- Up-to-date: /home/dsh/Documents/work_logs/code/SFUISE/sfuise_ws/install/cf_msgs/local/lib/python3.10/dist-packages/cf_msgs/msg/_flow_s.c
[0.800s] -- Up-to-date: /home/dsh/Documents/work_logs/code/SFUISE/sfuise_ws/install/cf_msgs/local/lib/python3.10/dist-packages/cf_msgs/msg/_accel.py
[0.800s] -- Up-to-date: /home/dsh/Documents/work_logs/code/SFUISE/sfuise_ws/install/cf_msgs/local/lib/python3.10/dist-packages/cf_msgs/msg/_gyro.py
[0.800s] -- Up-to-date: /home/dsh/Documents/work_logs/code/SFUISE/sfuise_ws/install/cf_msgs/local/lib/python3.10/dist-packages/cf_msgs/msg/_tdoa.py
[0.801s] -- Up-to-date: /home/dsh/Documents/work_logs/code/SFUISE/sfuise_ws/install/cf_msgs/local/lib/python3.10/dist-packages/cf_msgs/msg/__init__.py
[0.801s] -- Up-to-date: /home/dsh/Documents/work_logs/code/SFUISE/sfuise_ws/install/cf_msgs/local/lib/python3.10/dist-packages/cf_msgs/msg/_twr.py
[0.801s] -- Up-to-date: /home/dsh/Documents/work_logs/code/SFUISE/sfuise_ws/install/cf_msgs/local/lib/python3.10/dist-packages/cf_msgs/msg/_gyro_s.c
[0.801s] -- Up-to-date: /home/dsh/Documents/work_logs/code/SFUISE/sfuise_ws/install/cf_msgs/local/lib/python3.10/dist-packages/cf_msgs/msg/_baro_s.c
[0.801s] -- Up-to-date: /home/dsh/Documents/work_logs/code/SFUISE/sfuise_ws/install/cf_msgs/local/lib/python3.10/dist-packages/cf_msgs/msg/_tof.py
[0.801s] -- Up-to-date: /home/dsh/Documents/work_logs/code/SFUISE/sfuise_ws/install/cf_msgs/local/lib/python3.10/dist-packages/cf_msgs/msg/_twr_s.c
[0.801s] -- Up-to-date: /home/dsh/Documents/work_logs/code/SFUISE/sfuise_ws/install/cf_msgs/local/lib/python3.10/dist-packages/cf_msgs/msg/_tdoa_s.c
[0.801s] -- Up-to-date: /home/dsh/Documents/work_logs/code/SFUISE/sfuise_ws/install/cf_msgs/local/lib/python3.10/dist-packages/cf_msgs/msg/_accel_s.c
[0.801s] -- Up-to-date: /home/dsh/Documents/work_logs/code/SFUISE/sfuise_ws/install/cf_msgs/local/lib/python3.10/dist-packages/cf_msgs/msg/_baro.py
[0.801s] -- Up-to-date: /home/dsh/Documents/work_logs/code/SFUISE/sfuise_ws/install/cf_msgs/local/lib/python3.10/dist-packages/cf_msgs/msg/_tof_s.c
[0.801s] -- Up-to-date: /home/dsh/Documents/work_logs/code/SFUISE/sfuise_ws/install/cf_msgs/local/lib/python3.10/dist-packages/cf_msgs/_cf_msgs_s.ep.rosidl_typesupport_introspection_c.c
[0.801s] -- Up-to-date: /home/dsh/Documents/work_logs/code/SFUISE/sfuise_ws/install/cf_msgs/local/lib/python3.10/dist-packages/cf_msgs/cf_msgs_s__rosidl_typesupport_introspection_c.cpython-310-x86_64-linux-gnu.so
[0.801s] -- Up-to-date: /home/dsh/Documents/work_logs/code/SFUISE/sfuise_ws/install/cf_msgs/local/lib/python3.10/dist-packages/cf_msgs/cf_msgs_s__rosidl_typesupport_c.cpython-310-x86_64-linux-gnu.so
[0.801s] -- Up-to-date: /home/dsh/Documents/work_logs/code/SFUISE/sfuise_ws/install/cf_msgs/local/lib/python3.10/dist-packages/cf_msgs/_cf_msgs_s.ep.rosidl_typesupport_c.c
[0.801s] -- Up-to-date: /home/dsh/Documents/work_logs/code/SFUISE/sfuise_ws/install/cf_msgs/local/lib/python3.10/dist-packages/cf_msgs/cf_msgs_s__rosidl_typesupport_fastrtps_c.cpython-310-x86_64-linux-gnu.so
[0.830s] Listing '/home/dsh/Documents/work_logs/code/SFUISE/sfuise_ws/install/cf_msgs/local/lib/python3.10/dist-packages/cf_msgs'...
[0.831s] Listing '/home/dsh/Documents/work_logs/code/SFUISE/sfuise_ws/install/cf_msgs/local/lib/python3.10/dist-packages/cf_msgs/msg'...
[0.844s] -- Up-to-date: /home/dsh/Documents/work_logs/code/SFUISE/sfuise_ws/install/cf_msgs/local/lib/python3.10/dist-packages/cf_msgs/cf_msgs_s__rosidl_typesupport_fastrtps_c.cpython-310-x86_64-linux-gnu.so
[0.845s] -- Up-to-date: /home/dsh/Documents/work_logs/code/SFUISE/sfuise_ws/install/cf_msgs/local/lib/python3.10/dist-packages/cf_msgs/cf_msgs_s__rosidl_typesupport_introspection_c.cpython-310-x86_64-linux-gnu.so
[0.845s] -- Up-to-date: /home/dsh/Documents/work_logs/code/SFUISE/sfuise_ws/install/cf_msgs/local/lib/python3.10/dist-packages/cf_msgs/cf_msgs_s__rosidl_typesupport_c.cpython-310-x86_64-linux-gnu.so
[0.846s] -- Up-to-date: /home/dsh/Documents/work_logs/code/SFUISE/sfuise_ws/install/cf_msgs/lib/libcf_msgs__rosidl_generator_py.so
[0.846s] -- Up-to-date: /home/dsh/Documents/work_logs/code/SFUISE/sfuise_ws/install/cf_msgs/share/cf_msgs/msg/Accel.idl
[0.846s] -- Up-to-date: /home/dsh/Documents/work_logs/code/SFUISE/sfuise_ws/install/cf_msgs/share/cf_msgs/msg/Baro.idl
[0.847s] -- Up-to-date: /home/dsh/Documents/work_logs/code/SFUISE/sfuise_ws/install/cf_msgs/share/cf_msgs/msg/Flow.idl
[0.847s] -- Up-to-date: /home/dsh/Documents/work_logs/code/SFUISE/sfuise_ws/install/cf_msgs/share/cf_msgs/msg/Gyro.idl
[0.847s] -- Up-to-date: /home/dsh/Documents/work_logs/code/SFUISE/sfuise_ws/install/cf_msgs/share/cf_msgs/msg/Tdoa.idl
[0.848s] -- Up-to-date: /home/dsh/Documents/work_logs/code/SFUISE/sfuise_ws/install/cf_msgs/share/cf_msgs/msg/Tof.idl
[0.848s] -- Up-to-date: /home/dsh/Documents/work_logs/code/SFUISE/sfuise_ws/install/cf_msgs/share/cf_msgs/msg/Twr.idl
[0.848s] -- Up-to-date: /home/dsh/Documents/work_logs/code/SFUISE/sfuise_ws/install/cf_msgs/share/cf_msgs/msg/Accel.msg
[0.848s] -- Up-to-date: /home/dsh/Documents/work_logs/code/SFUISE/sfuise_ws/install/cf_msgs/share/cf_msgs/msg/Baro.msg
[0.848s] -- Up-to-date: /home/dsh/Documents/work_logs/code/SFUISE/sfuise_ws/install/cf_msgs/share/cf_msgs/msg/Flow.msg
[0.848s] -- Up-to-date: /home/dsh/Documents/work_logs/code/SFUISE/sfuise_ws/install/cf_msgs/share/cf_msgs/msg/Gyro.msg
[0.848s] -- Up-to-date: /home/dsh/Documents/work_logs/code/SFUISE/sfuise_ws/install/cf_msgs/share/cf_msgs/msg/Tdoa.msg
[0.848s] -- Up-to-date: /home/dsh/Documents/work_logs/code/SFUISE/sfuise_ws/install/cf_msgs/share/cf_msgs/msg/Tof.msg
[0.848s] -- Up-to-date: /home/dsh/Documents/work_logs/code/SFUISE/sfuise_ws/install/cf_msgs/share/cf_msgs/msg/Twr.msg
[0.848s] -- Up-to-date: /home/dsh/Documents/work_logs/code/SFUISE/sfuise_ws/install/cf_msgs/share/ament_index/resource_index/package_run_dependencies/cf_msgs
[0.849s] -- Up-to-date: /home/dsh/Documents/work_logs/code/SFUISE/sfuise_ws/install/cf_msgs/share/ament_index/resource_index/parent_prefix_path/cf_msgs
[0.849s] -- Up-to-date: /home/dsh/Documents/work_logs/code/SFUISE/sfuise_ws/install/cf_msgs/share/cf_msgs/environment/ament_prefix_path.sh
[0.849s] -- Up-to-date: /home/dsh/Documents/work_logs/code/SFUISE/sfuise_ws/install/cf_msgs/share/cf_msgs/environment/ament_prefix_path.dsv
[0.849s] -- Up-to-date: /home/dsh/Documents/work_logs/code/SFUISE/sfuise_ws/install/cf_msgs/share/cf_msgs/environment/path.sh
[0.849s] -- Up-to-date: /home/dsh/Documents/work_logs/code/SFUISE/sfuise_ws/install/cf_msgs/share/cf_msgs/environment/path.dsv
[0.849s] -- Up-to-date: /home/dsh/Documents/work_logs/code/SFUISE/sfuise_ws/install/cf_msgs/share/cf_msgs/local_setup.bash
[0.849s] -- Up-to-date: /home/dsh/Documents/work_logs/code/SFUISE/sfuise_ws/install/cf_msgs/share/cf_msgs/local_setup.sh
[0.849s] -- Up-to-date: /home/dsh/Documents/work_logs/code/SFUISE/sfuise_ws/install/cf_msgs/share/cf_msgs/local_setup.zsh
[0.849s] -- Up-to-date: /home/dsh/Documents/work_logs/code/SFUISE/sfuise_ws/install/cf_msgs/share/cf_msgs/local_setup.dsv
[0.849s] -- Installing: /home/dsh/Documents/work_logs/code/SFUISE/sfuise_ws/install/cf_msgs/share/cf_msgs/package.dsv
[0.849s] -- Up-to-date: /home/dsh/Documents/work_logs/code/SFUISE/sfuise_ws/install/cf_msgs/share/ament_index/resource_index/packages/cf_msgs
[0.849s] -- Up-to-date: /home/dsh/Documents/work_logs/code/SFUISE/sfuise_ws/install/cf_msgs/share/cf_msgs/cmake/export_cf_msgs__rosidl_generator_cExport.cmake
[0.850s] -- Up-to-date: /home/dsh/Documents/work_logs/code/SFUISE/sfuise_ws/install/cf_msgs/share/cf_msgs/cmake/export_cf_msgs__rosidl_generator_cExport-noconfig.cmake
[0.851s] -- Up-to-date: /home/dsh/Documents/work_logs/code/SFUISE/sfuise_ws/install/cf_msgs/share/cf_msgs/cmake/export_cf_msgs__rosidl_typesupport_fastrtps_cExport.cmake
[0.851s] -- Up-to-date: /home/dsh/Documents/work_logs/code/SFUISE/sfuise_ws/install/cf_msgs/share/cf_msgs/cmake/export_cf_msgs__rosidl_typesupport_fastrtps_cExport-noconfig.cmake
[0.852s] -- Up-to-date: /home/dsh/Documents/work_logs/code/SFUISE/sfuise_ws/install/cf_msgs/share/cf_msgs/cmake/export_cf_msgs__rosidl_generator_cppExport.cmake
[0.852s] -- Up-to-date: /home/dsh/Documents/work_logs/code/SFUISE/sfuise_ws/install/cf_msgs/share/cf_msgs/cmake/export_cf_msgs__rosidl_typesupport_fastrtps_cppExport.cmake
[0.852s] -- Up-to-date: /home/dsh/Documents/work_logs/code/SFUISE/sfuise_ws/install/cf_msgs/share/cf_msgs/cmake/export_cf_msgs__rosidl_typesupport_fastrtps_cppExport-noconfig.cmake
[0.852s] -- Up-to-date: /home/dsh/Documents/work_logs/code/SFUISE/sfuise_ws/install/cf_msgs/share/cf_msgs/cmake/cf_msgs__rosidl_typesupport_introspection_cExport.cmake
[0.853s] -- Up-to-date: /home/dsh/Documents/work_logs/code/SFUISE/sfuise_ws/install/cf_msgs/share/cf_msgs/cmake/cf_msgs__rosidl_typesupport_introspection_cExport-noconfig.cmake
[0.853s] -- Up-to-date: /home/dsh/Documents/work_logs/code/SFUISE/sfuise_ws/install/cf_msgs/share/cf_msgs/cmake/cf_msgs__rosidl_typesupport_cExport.cmake
[0.854s] -- Up-to-date: /home/dsh/Documents/work_logs/code/SFUISE/sfuise_ws/install/cf_msgs/share/cf_msgs/cmake/cf_msgs__rosidl_typesupport_cExport-noconfig.cmake
[0.854s] -- Up-to-date: /home/dsh/Documents/work_logs/code/SFUISE/sfuise_ws/install/cf_msgs/share/cf_msgs/cmake/cf_msgs__rosidl_typesupport_introspection_cppExport.cmake
[0.855s] -- Up-to-date: /home/dsh/Documents/work_logs/code/SFUISE/sfuise_ws/install/cf_msgs/share/cf_msgs/cmake/cf_msgs__rosidl_typesupport_introspection_cppExport-noconfig.cmake
[0.855s] -- Up-to-date: /home/dsh/Documents/work_logs/code/SFUISE/sfuise_ws/install/cf_msgs/share/cf_msgs/cmake/cf_msgs__rosidl_typesupport_cppExport.cmake
[0.855s] -- Up-to-date: /home/dsh/Documents/work_logs/code/SFUISE/sfuise_ws/install/cf_msgs/share/cf_msgs/cmake/cf_msgs__rosidl_typesupport_cppExport-noconfig.cmake
[0.856s] -- Up-to-date: /home/dsh/Documents/work_logs/code/SFUISE/sfuise_ws/install/cf_msgs/share/cf_msgs/cmake/export_cf_msgs__rosidl_generator_pyExport.cmake
[0.856s] -- Up-to-date: /home/dsh/Documents/work_logs/code/SFUISE/sfuise_ws/install/cf_msgs/share/cf_msgs/cmake/export_cf_msgs__rosidl_generator_pyExport-noconfig.cmake
[0.856s] -- Up-to-date: /home/dsh/Documents/work_logs/code/SFUISE/sfuise_ws/install/cf_msgs/share/cf_msgs/cmake/rosidl_cmake-extras.cmake
[0.856s] -- Up-to-date: /home/dsh/Documents/work_logs/code/SFUISE/sfuise_ws/install/cf_msgs/share/cf_msgs/cmake/ament_cmake_export_dependencies-extras.cmake
[0.856s] -- Up-to-date: /home/dsh/Documents/work_logs/code/SFUISE/sfuise_ws/install/cf_msgs/share/cf_msgs/cmake/ament_cmake_export_include_directories-extras.cmake
[0.856s] -- Up-to-date: /home/dsh/Documents/work_logs/code/SFUISE/sfuise_ws/install/cf_msgs/share/cf_msgs/cmake/ament_cmake_export_libraries-extras.cmake
[0.857s] -- Up-to-date: /home/dsh/Documents/work_logs/code/SFUISE/sfuise_ws/install/cf_msgs/share/cf_msgs/cmake/ament_cmake_export_targets-extras.cmake
[0.857s] -- Up-to-date: /home/dsh/Documents/work_logs/code/SFUISE/sfuise_ws/install/cf_msgs/share/cf_msgs/cmake/rosidl_cmake_export_typesupport_targets-extras.cmake
[0.857s] -- Up-to-date: /home/dsh/Documents/work_logs/code/SFUISE/sfuise_ws/install/cf_msgs/share/cf_msgs/cmake/rosidl_cmake_export_typesupport_libraries-extras.cmake
[0.857s] -- Up-to-date: /home/dsh/Documents/work_logs/code/SFUISE/sfuise_ws/install/cf_msgs/share/cf_msgs/cmake/cf_msgsConfig.cmake
[0.857s] -- Up-to-date: /home/dsh/Documents/work_logs/code/SFUISE/sfuise_ws/install/cf_msgs/share/cf_msgs/cmake/cf_msgsConfig-version.cmake
[0.857s] -- Up-to-date: /home/dsh/Documents/work_logs/code/SFUISE/sfuise_ws/install/cf_msgs/share/cf_msgs/package.xml
[0.906s] Invoked command in '/home/dsh/Documents/work_logs/code/SFUISE/sfuise_ws/build/cf_msgs' returned '0': CMAKE_PREFIX_PATH=/opt/ros/humble /usr/bin/cmake --install /home/dsh/Documents/work_logs/code/SFUISE/sfuise_ws/build/cf_msgs
