[0.102s] DEBUG:colcon:Command line arguments: ['/usr/bin/colcon', 'build']
[0.102s] DEBUG:colcon:Parsed command line arguments: Namespace(log_base=None, log_level=None, verb_name='build', build_base='build', install_base='install', merge_install=False, symlink_install=False, test_result_base=None, continue_on_error=False, executor='parallel', parallel_workers=20, event_handlers=None, ignore_user_meta=False, metas=['./colcon.meta'], base_paths=['.'], packages_ignore=None, packages_ignore_regex=None, paths=None, packages_up_to=None, packages_up_to_regex=None, packages_above=None, packages_above_and_dependencies=None, packages_above_depth=None, packages_select_by_dep=None, packages_skip_by_dep=None, packages_skip_up_to=None, packages_select_build_failed=False, packages_skip_build_finished=False, packages_select_test_failures=False, packages_skip_test_passed=False, packages_select=None, packages_skip=None, packages_select_regex=None, packages_skip_regex=None, packages_start=None, packages_end=None, allow_overriding=[], cmake_args=None, cmake_target=None, cmake_target_skip_unavailable=False, cmake_clean_cache=False, cmake_clean_first=False, cmake_force_configure=False, ament_cmake_args=None, catkin_cmake_args=None, catkin_skip_building_tests=False, verb_parser=<colcon_defaults.argument_parser.defaults.DefaultArgumentsDecorator object at 0x76235175ce50>, verb_extension=<colcon_core.verb.build.BuildVerb object at 0x76235175c940>, main=<bound method BuildVerb.main of <colcon_core.verb.build.BuildVerb object at 0x76235175c940>>)
[0.286s] Level 1:colcon.colcon_core.package_discovery:discover_packages(colcon_meta) check parameters
[0.287s] Level 1:colcon.colcon_core.package_discovery:discover_packages(recursive) check parameters
[0.287s] Level 1:colcon.colcon_core.package_discovery:discover_packages(ignore) check parameters
[0.287s] Level 1:colcon.colcon_core.package_discovery:discover_packages(path) check parameters
[0.287s] Level 1:colcon.colcon_core.package_discovery:discover_packages(colcon_meta) discover
[0.287s] Level 1:colcon.colcon_core.package_discovery:discover_packages(recursive) discover
[0.287s] INFO:colcon.colcon_core.package_discovery:Crawling recursively for packages in '/home/dsh/Documents/work_logs/code/SFUISE/sfuise_ws'
[0.287s] Level 1:colcon.colcon_core.package_identification:_identify(.) by extensions ['ignore', 'ignore_ament_install']
[0.287s] Level 1:colcon.colcon_core.package_identification:_identify(.) by extension 'ignore'
[0.287s] Level 1:colcon.colcon_core.package_identification:_identify(.) by extension 'ignore_ament_install'
[0.287s] Level 1:colcon.colcon_core.package_identification:_identify(.) by extensions ['colcon_pkg']
[0.287s] Level 1:colcon.colcon_core.package_identification:_identify(.) by extension 'colcon_pkg'
[0.287s] Level 1:colcon.colcon_core.package_identification:_identify(.) by extensions ['colcon_meta']
[0.287s] Level 1:colcon.colcon_core.package_identification:_identify(.) by extension 'colcon_meta'
[0.288s] Level 1:colcon.colcon_core.package_identification:_identify(.) by extensions ['ros']
[0.288s] Level 1:colcon.colcon_core.package_identification:_identify(.) by extension 'ros'
[0.301s] Level 1:colcon.colcon_core.package_identification:_identify(.) by extensions ['cmake', 'python']
[0.301s] Level 1:colcon.colcon_core.package_identification:_identify(.) by extension 'cmake'
[0.301s] Level 1:colcon.colcon_core.package_identification:_identify(.) by extension 'python'
[0.301s] Level 1:colcon.colcon_core.package_identification:_identify(.) by extensions ['python_setup_py']
[0.301s] Level 1:colcon.colcon_core.package_identification:_identify(.) by extension 'python_setup_py'
[0.301s] Level 1:colcon.colcon_core.package_identification:_identify(build) by extensions ['ignore', 'ignore_ament_install']
[0.302s] Level 1:colcon.colcon_core.package_identification:_identify(build) by extension 'ignore'
[0.302s] Level 1:colcon.colcon_core.package_identification:_identify(build) ignored
[0.302s] Level 1:colcon.colcon_core.package_identification:_identify(install) by extensions ['ignore', 'ignore_ament_install']
[0.302s] Level 1:colcon.colcon_core.package_identification:_identify(install) by extension 'ignore'
[0.302s] Level 1:colcon.colcon_core.package_identification:_identify(install) ignored
[0.302s] Level 1:colcon.colcon_core.package_identification:_identify(log) by extensions ['ignore', 'ignore_ament_install']
[0.302s] Level 1:colcon.colcon_core.package_identification:_identify(log) by extension 'ignore'
[0.302s] Level 1:colcon.colcon_core.package_identification:_identify(log) ignored
[0.302s] Level 1:colcon.colcon_core.package_identification:_identify(src) by extensions ['ignore', 'ignore_ament_install']
[0.303s] Level 1:colcon.colcon_core.package_identification:_identify(src) by extension 'ignore'
[0.303s] Level 1:colcon.colcon_core.package_identification:_identify(src) by extension 'ignore_ament_install'
[0.303s] Level 1:colcon.colcon_core.package_identification:_identify(src) by extensions ['colcon_pkg']
[0.303s] Level 1:colcon.colcon_core.package_identification:_identify(src) by extension 'colcon_pkg'
[0.303s] Level 1:colcon.colcon_core.package_identification:_identify(src) by extensions ['colcon_meta']
[0.303s] Level 1:colcon.colcon_core.package_identification:_identify(src) by extension 'colcon_meta'
[0.303s] Level 1:colcon.colcon_core.package_identification:_identify(src) by extensions ['ros']
[0.303s] Level 1:colcon.colcon_core.package_identification:_identify(src) by extension 'ros'
[0.303s] Level 1:colcon.colcon_core.package_identification:_identify(src) by extensions ['cmake', 'python']
[0.303s] Level 1:colcon.colcon_core.package_identification:_identify(src) by extension 'cmake'
[0.303s] Level 1:colcon.colcon_core.package_identification:_identify(src) by extension 'python'
[0.303s] Level 1:colcon.colcon_core.package_identification:_identify(src) by extensions ['python_setup_py']
[0.303s] Level 1:colcon.colcon_core.package_identification:_identify(src) by extension 'python_setup_py'
[0.303s] Level 1:colcon.colcon_core.package_identification:_identify(src/cf_msgs) by extensions ['ignore', 'ignore_ament_install']
[0.303s] Level 1:colcon.colcon_core.package_identification:_identify(src/cf_msgs) by extension 'ignore'
[0.303s] Level 1:colcon.colcon_core.package_identification:_identify(src/cf_msgs) by extension 'ignore_ament_install'
[0.303s] Level 1:colcon.colcon_core.package_identification:_identify(src/cf_msgs) by extensions ['colcon_pkg']
[0.304s] Level 1:colcon.colcon_core.package_identification:_identify(src/cf_msgs) by extension 'colcon_pkg'
[0.304s] Level 1:colcon.colcon_core.package_identification:_identify(src/cf_msgs) by extensions ['colcon_meta']
[0.304s] Level 1:colcon.colcon_core.package_identification:_identify(src/cf_msgs) by extension 'colcon_meta'
[0.304s] Level 1:colcon.colcon_core.package_identification:_identify(src/cf_msgs) by extensions ['ros']
[0.304s] Level 1:colcon.colcon_core.package_identification:_identify(src/cf_msgs) by extension 'ros'
[0.307s] DEBUG:colcon.colcon_core.package_identification:Package 'src/cf_msgs' with type 'ros.ament_cmake' and name 'cf_msgs'
[0.307s] Level 1:colcon.colcon_core.package_identification:_identify(src/dataset) by extensions ['ignore', 'ignore_ament_install']
[0.307s] Level 1:colcon.colcon_core.package_identification:_identify(src/dataset) by extension 'ignore'
[0.308s] Level 1:colcon.colcon_core.package_identification:_identify(src/dataset) by extension 'ignore_ament_install'
[0.308s] Level 1:colcon.colcon_core.package_identification:_identify(src/dataset) by extensions ['colcon_pkg']
[0.308s] Level 1:colcon.colcon_core.package_identification:_identify(src/dataset) by extension 'colcon_pkg'
[0.308s] Level 1:colcon.colcon_core.package_identification:_identify(src/dataset) by extensions ['colcon_meta']
[0.308s] Level 1:colcon.colcon_core.package_identification:_identify(src/dataset) by extension 'colcon_meta'
[0.308s] Level 1:colcon.colcon_core.package_identification:_identify(src/dataset) by extensions ['ros']
[0.308s] Level 1:colcon.colcon_core.package_identification:_identify(src/dataset) by extension 'ros'
[0.308s] Level 1:colcon.colcon_core.package_identification:_identify(src/dataset) by extensions ['cmake', 'python']
[0.308s] Level 1:colcon.colcon_core.package_identification:_identify(src/dataset) by extension 'cmake'
[0.308s] Level 1:colcon.colcon_core.package_identification:_identify(src/dataset) by extension 'python'
[0.308s] Level 1:colcon.colcon_core.package_identification:_identify(src/dataset) by extensions ['python_setup_py']
[0.308s] Level 1:colcon.colcon_core.package_identification:_identify(src/dataset) by extension 'python_setup_py'
[0.308s] Level 1:colcon.colcon_core.package_identification:_identify(src/dataset/ros2-walk1) by extensions ['ignore', 'ignore_ament_install']
[0.308s] Level 1:colcon.colcon_core.package_identification:_identify(src/dataset/ros2-walk1) by extension 'ignore'
[0.308s] Level 1:colcon.colcon_core.package_identification:_identify(src/dataset/ros2-walk1) by extension 'ignore_ament_install'
[0.308s] Level 1:colcon.colcon_core.package_identification:_identify(src/dataset/ros2-walk1) by extensions ['colcon_pkg']
[0.308s] Level 1:colcon.colcon_core.package_identification:_identify(src/dataset/ros2-walk1) by extension 'colcon_pkg'
[0.308s] Level 1:colcon.colcon_core.package_identification:_identify(src/dataset/ros2-walk1) by extensions ['colcon_meta']
[0.308s] Level 1:colcon.colcon_core.package_identification:_identify(src/dataset/ros2-walk1) by extension 'colcon_meta'
[0.309s] Level 1:colcon.colcon_core.package_identification:_identify(src/dataset/ros2-walk1) by extensions ['ros']
[0.309s] Level 1:colcon.colcon_core.package_identification:_identify(src/dataset/ros2-walk1) by extension 'ros'
[0.309s] Level 1:colcon.colcon_core.package_identification:_identify(src/dataset/ros2-walk1) by extensions ['cmake', 'python']
[0.309s] Level 1:colcon.colcon_core.package_identification:_identify(src/dataset/ros2-walk1) by extension 'cmake'
[0.309s] Level 1:colcon.colcon_core.package_identification:_identify(src/dataset/ros2-walk1) by extension 'python'
[0.309s] Level 1:colcon.colcon_core.package_identification:_identify(src/dataset/ros2-walk1) by extensions ['python_setup_py']
[0.309s] Level 1:colcon.colcon_core.package_identification:_identify(src/dataset/ros2-walk1) by extension 'python_setup_py'
[0.309s] Level 1:colcon.colcon_core.package_identification:_identify(src/dataset/ros2-walk2) by extensions ['ignore', 'ignore_ament_install']
[0.309s] Level 1:colcon.colcon_core.package_identification:_identify(src/dataset/ros2-walk2) by extension 'ignore'
[0.309s] Level 1:colcon.colcon_core.package_identification:_identify(src/dataset/ros2-walk2) by extension 'ignore_ament_install'
[0.309s] Level 1:colcon.colcon_core.package_identification:_identify(src/dataset/ros2-walk2) by extensions ['colcon_pkg']
[0.309s] Level 1:colcon.colcon_core.package_identification:_identify(src/dataset/ros2-walk2) by extension 'colcon_pkg'
[0.309s] Level 1:colcon.colcon_core.package_identification:_identify(src/dataset/ros2-walk2) by extensions ['colcon_meta']
[0.309s] Level 1:colcon.colcon_core.package_identification:_identify(src/dataset/ros2-walk2) by extension 'colcon_meta'
[0.309s] Level 1:colcon.colcon_core.package_identification:_identify(src/dataset/ros2-walk2) by extensions ['ros']
[0.309s] Level 1:colcon.colcon_core.package_identification:_identify(src/dataset/ros2-walk2) by extension 'ros'
[0.309s] Level 1:colcon.colcon_core.package_identification:_identify(src/dataset/ros2-walk2) by extensions ['cmake', 'python']
[0.309s] Level 1:colcon.colcon_core.package_identification:_identify(src/dataset/ros2-walk2) by extension 'cmake'
[0.309s] Level 1:colcon.colcon_core.package_identification:_identify(src/dataset/ros2-walk2) by extension 'python'
[0.309s] Level 1:colcon.colcon_core.package_identification:_identify(src/dataset/ros2-walk2) by extensions ['python_setup_py']
[0.309s] Level 1:colcon.colcon_core.package_identification:_identify(src/dataset/ros2-walk2) by extension 'python_setup_py'
[0.309s] Level 1:colcon.colcon_core.package_identification:_identify(src/dataset/ros2-walk3) by extensions ['ignore', 'ignore_ament_install']
[0.310s] Level 1:colcon.colcon_core.package_identification:_identify(src/dataset/ros2-walk3) by extension 'ignore'
[0.310s] Level 1:colcon.colcon_core.package_identification:_identify(src/dataset/ros2-walk3) by extension 'ignore_ament_install'
[0.310s] Level 1:colcon.colcon_core.package_identification:_identify(src/dataset/ros2-walk3) by extensions ['colcon_pkg']
[0.310s] Level 1:colcon.colcon_core.package_identification:_identify(src/dataset/ros2-walk3) by extension 'colcon_pkg'
[0.310s] Level 1:colcon.colcon_core.package_identification:_identify(src/dataset/ros2-walk3) by extensions ['colcon_meta']
[0.310s] Level 1:colcon.colcon_core.package_identification:_identify(src/dataset/ros2-walk3) by extension 'colcon_meta'
[0.310s] Level 1:colcon.colcon_core.package_identification:_identify(src/dataset/ros2-walk3) by extensions ['ros']
[0.310s] Level 1:colcon.colcon_core.package_identification:_identify(src/dataset/ros2-walk3) by extension 'ros'
[0.310s] Level 1:colcon.colcon_core.package_identification:_identify(src/dataset/ros2-walk3) by extensions ['cmake', 'python']
[0.310s] Level 1:colcon.colcon_core.package_identification:_identify(src/dataset/ros2-walk3) by extension 'cmake'
[0.310s] Level 1:colcon.colcon_core.package_identification:_identify(src/dataset/ros2-walk3) by extension 'python'
[0.310s] Level 1:colcon.colcon_core.package_identification:_identify(src/dataset/ros2-walk3) by extensions ['python_setup_py']
[0.310s] Level 1:colcon.colcon_core.package_identification:_identify(src/dataset/ros2-walk3) by extension 'python_setup_py'
[0.310s] Level 1:colcon.colcon_core.package_identification:_identify(src/isas_msgs) by extensions ['ignore', 'ignore_ament_install']
[0.310s] Level 1:colcon.colcon_core.package_identification:_identify(src/isas_msgs) by extension 'ignore'
[0.310s] Level 1:colcon.colcon_core.package_identification:_identify(src/isas_msgs) by extension 'ignore_ament_install'
[0.310s] Level 1:colcon.colcon_core.package_identification:_identify(src/isas_msgs) by extensions ['colcon_pkg']
[0.310s] Level 1:colcon.colcon_core.package_identification:_identify(src/isas_msgs) by extension 'colcon_pkg'
[0.310s] Level 1:colcon.colcon_core.package_identification:_identify(src/isas_msgs) by extensions ['colcon_meta']
[0.310s] Level 1:colcon.colcon_core.package_identification:_identify(src/isas_msgs) by extension 'colcon_meta'
[0.310s] Level 1:colcon.colcon_core.package_identification:_identify(src/isas_msgs) by extensions ['ros']
[0.310s] Level 1:colcon.colcon_core.package_identification:_identify(src/isas_msgs) by extension 'ros'
[0.311s] DEBUG:colcon.colcon_core.package_identification:Package 'src/isas_msgs' with type 'ros.ament_cmake' and name 'isas_msgs'
[0.312s] Level 1:colcon.colcon_core.package_identification:_identify(src/sfuise) by extensions ['ignore', 'ignore_ament_install']
[0.312s] Level 1:colcon.colcon_core.package_identification:_identify(src/sfuise) by extension 'ignore'
[0.312s] Level 1:colcon.colcon_core.package_identification:_identify(src/sfuise) by extension 'ignore_ament_install'
[0.312s] Level 1:colcon.colcon_core.package_identification:_identify(src/sfuise) by extensions ['colcon_pkg']
[0.312s] Level 1:colcon.colcon_core.package_identification:_identify(src/sfuise) by extension 'colcon_pkg'
[0.312s] Level 1:colcon.colcon_core.package_identification:_identify(src/sfuise) by extensions ['colcon_meta']
[0.312s] Level 1:colcon.colcon_core.package_identification:_identify(src/sfuise) by extension 'colcon_meta'
[0.312s] Level 1:colcon.colcon_core.package_identification:_identify(src/sfuise) by extensions ['ros']
[0.312s] Level 1:colcon.colcon_core.package_identification:_identify(src/sfuise) by extension 'ros'
[0.313s] DEBUG:colcon.colcon_core.package_identification:Package 'src/sfuise' with type 'ros.ament_cmake' and name 'sfuise'
[0.314s] Level 1:colcon.colcon_core.package_identification:_identify(src/sfuise_msgs) by extensions ['ignore', 'ignore_ament_install']
[0.314s] Level 1:colcon.colcon_core.package_identification:_identify(src/sfuise_msgs) by extension 'ignore'
[0.314s] Level 1:colcon.colcon_core.package_identification:_identify(src/sfuise_msgs) by extension 'ignore_ament_install'
[0.314s] Level 1:colcon.colcon_core.package_identification:_identify(src/sfuise_msgs) by extensions ['colcon_pkg']
[0.314s] Level 1:colcon.colcon_core.package_identification:_identify(src/sfuise_msgs) by extension 'colcon_pkg'
[0.314s] Level 1:colcon.colcon_core.package_identification:_identify(src/sfuise_msgs) by extensions ['colcon_meta']
[0.314s] Level 1:colcon.colcon_core.package_identification:_identify(src/sfuise_msgs) by extension 'colcon_meta'
[0.314s] Level 1:colcon.colcon_core.package_identification:_identify(src/sfuise_msgs) by extensions ['ros']
[0.314s] Level 1:colcon.colcon_core.package_identification:_identify(src/sfuise_msgs) by extension 'ros'
[0.315s] DEBUG:colcon.colcon_core.package_identification:Package 'src/sfuise_msgs' with type 'ros.ament_cmake' and name 'sfuise_msgs'
[0.315s] Level 1:colcon.colcon_core.package_discovery:discover_packages(recursive) using defaults
[0.315s] Level 1:colcon.colcon_core.package_discovery:discover_packages(ignore) discover
[0.315s] Level 1:colcon.colcon_core.package_discovery:discover_packages(ignore) using defaults
[0.315s] Level 1:colcon.colcon_core.package_discovery:discover_packages(path) discover
[0.315s] Level 1:colcon.colcon_core.package_discovery:discover_packages(path) using defaults
[0.364s] Level 1:colcon.colcon_core.package_discovery:discover_packages(prefix_path) check parameters
[0.364s] Level 1:colcon.colcon_core.package_discovery:discover_packages(prefix_path) discover
[0.368s] DEBUG:colcon.colcon_installed_package_information.package_discovery:Found 4 installed packages in /home/dsh/Documents/work_logs/code/SFUISE/sfuise_ws/install
[0.371s] DEBUG:colcon.colcon_installed_package_information.package_discovery:Found 362 installed packages in /opt/ros/humble
[0.374s] Level 1:colcon.colcon_core.package_discovery:discover_packages(prefix_path) using defaults
[0.462s] Level 5:colcon.colcon_core.verb:set package 'cf_msgs' build argument 'cmake_args' from command line to 'None'
[0.462s] Level 5:colcon.colcon_core.verb:set package 'cf_msgs' build argument 'cmake_target' from command line to 'None'
[0.462s] Level 5:colcon.colcon_core.verb:set package 'cf_msgs' build argument 'cmake_target_skip_unavailable' from command line to 'False'
[0.462s] Level 5:colcon.colcon_core.verb:set package 'cf_msgs' build argument 'cmake_clean_cache' from command line to 'False'
[0.462s] Level 5:colcon.colcon_core.verb:set package 'cf_msgs' build argument 'cmake_clean_first' from command line to 'False'
[0.462s] Level 5:colcon.colcon_core.verb:set package 'cf_msgs' build argument 'cmake_force_configure' from command line to 'False'
[0.462s] Level 5:colcon.colcon_core.verb:set package 'cf_msgs' build argument 'ament_cmake_args' from command line to 'None'
[0.463s] Level 5:colcon.colcon_core.verb:set package 'cf_msgs' build argument 'catkin_cmake_args' from command line to 'None'
[0.463s] Level 5:colcon.colcon_core.verb:set package 'cf_msgs' build argument 'catkin_skip_building_tests' from command line to 'False'
[0.463s] DEBUG:colcon.colcon_core.verb:Building package 'cf_msgs' with the following arguments: {'ament_cmake_args': None, 'build_base': '/home/dsh/Documents/work_logs/code/SFUISE/sfuise_ws/build/cf_msgs', 'catkin_cmake_args': None, 'catkin_skip_building_tests': False, 'cmake_args': None, 'cmake_clean_cache': False, 'cmake_clean_first': False, 'cmake_force_configure': False, 'cmake_target': None, 'cmake_target_skip_unavailable': False, 'install_base': '/home/dsh/Documents/work_logs/code/SFUISE/sfuise_ws/install/cf_msgs', 'merge_install': False, 'path': '/home/dsh/Documents/work_logs/code/SFUISE/sfuise_ws/src/cf_msgs', 'symlink_install': False, 'test_result_base': None}
[0.463s] Level 5:colcon.colcon_core.verb:set package 'isas_msgs' build argument 'cmake_args' from command line to 'None'
[0.463s] Level 5:colcon.colcon_core.verb:set package 'isas_msgs' build argument 'cmake_target' from command line to 'None'
[0.463s] Level 5:colcon.colcon_core.verb:set package 'isas_msgs' build argument 'cmake_target_skip_unavailable' from command line to 'False'
[0.464s] Level 5:colcon.colcon_core.verb:set package 'isas_msgs' build argument 'cmake_clean_cache' from command line to 'False'
[0.464s] Level 5:colcon.colcon_core.verb:set package 'isas_msgs' build argument 'cmake_clean_first' from command line to 'False'
[0.464s] Level 5:colcon.colcon_core.verb:set package 'isas_msgs' build argument 'cmake_force_configure' from command line to 'False'
[0.464s] Level 5:colcon.colcon_core.verb:set package 'isas_msgs' build argument 'ament_cmake_args' from command line to 'None'
[0.464s] Level 5:colcon.colcon_core.verb:set package 'isas_msgs' build argument 'catkin_cmake_args' from command line to 'None'
[0.464s] Level 5:colcon.colcon_core.verb:set package 'isas_msgs' build argument 'catkin_skip_building_tests' from command line to 'False'
[0.464s] DEBUG:colcon.colcon_core.verb:Building package 'isas_msgs' with the following arguments: {'ament_cmake_args': None, 'build_base': '/home/dsh/Documents/work_logs/code/SFUISE/sfuise_ws/build/isas_msgs', 'catkin_cmake_args': None, 'catkin_skip_building_tests': False, 'cmake_args': None, 'cmake_clean_cache': False, 'cmake_clean_first': False, 'cmake_force_configure': False, 'cmake_target': None, 'cmake_target_skip_unavailable': False, 'install_base': '/home/dsh/Documents/work_logs/code/SFUISE/sfuise_ws/install/isas_msgs', 'merge_install': False, 'path': '/home/dsh/Documents/work_logs/code/SFUISE/sfuise_ws/src/isas_msgs', 'symlink_install': False, 'test_result_base': None}
[0.465s] Level 5:colcon.colcon_core.verb:set package 'sfuise_msgs' build argument 'cmake_args' from command line to 'None'
[0.465s] Level 5:colcon.colcon_core.verb:set package 'sfuise_msgs' build argument 'cmake_target' from command line to 'None'
[0.465s] Level 5:colcon.colcon_core.verb:set package 'sfuise_msgs' build argument 'cmake_target_skip_unavailable' from command line to 'False'
[0.465s] Level 5:colcon.colcon_core.verb:set package 'sfuise_msgs' build argument 'cmake_clean_cache' from command line to 'False'
[0.465s] Level 5:colcon.colcon_core.verb:set package 'sfuise_msgs' build argument 'cmake_clean_first' from command line to 'False'
[0.465s] Level 5:colcon.colcon_core.verb:set package 'sfuise_msgs' build argument 'cmake_force_configure' from command line to 'False'
[0.465s] Level 5:colcon.colcon_core.verb:set package 'sfuise_msgs' build argument 'ament_cmake_args' from command line to 'None'
[0.465s] Level 5:colcon.colcon_core.verb:set package 'sfuise_msgs' build argument 'catkin_cmake_args' from command line to 'None'
[0.465s] Level 5:colcon.colcon_core.verb:set package 'sfuise_msgs' build argument 'catkin_skip_building_tests' from command line to 'False'
[0.465s] DEBUG:colcon.colcon_core.verb:Building package 'sfuise_msgs' with the following arguments: {'ament_cmake_args': None, 'build_base': '/home/dsh/Documents/work_logs/code/SFUISE/sfuise_ws/build/sfuise_msgs', 'catkin_cmake_args': None, 'catkin_skip_building_tests': False, 'cmake_args': None, 'cmake_clean_cache': False, 'cmake_clean_first': False, 'cmake_force_configure': False, 'cmake_target': None, 'cmake_target_skip_unavailable': False, 'install_base': '/home/dsh/Documents/work_logs/code/SFUISE/sfuise_ws/install/sfuise_msgs', 'merge_install': False, 'path': '/home/dsh/Documents/work_logs/code/SFUISE/sfuise_ws/src/sfuise_msgs', 'symlink_install': False, 'test_result_base': None}
[0.466s] Level 5:colcon.colcon_core.verb:set package 'sfuise' build argument 'cmake_args' from command line to 'None'
[0.466s] Level 5:colcon.colcon_core.verb:set package 'sfuise' build argument 'cmake_target' from command line to 'None'
[0.466s] Level 5:colcon.colcon_core.verb:set package 'sfuise' build argument 'cmake_target_skip_unavailable' from command line to 'False'
[0.466s] Level 5:colcon.colcon_core.verb:set package 'sfuise' build argument 'cmake_clean_cache' from command line to 'False'
[0.466s] Level 5:colcon.colcon_core.verb:set package 'sfuise' build argument 'cmake_clean_first' from command line to 'False'
[0.466s] Level 5:colcon.colcon_core.verb:set package 'sfuise' build argument 'cmake_force_configure' from command line to 'False'
[0.466s] Level 5:colcon.colcon_core.verb:set package 'sfuise' build argument 'ament_cmake_args' from command line to 'None'
[0.466s] Level 5:colcon.colcon_core.verb:set package 'sfuise' build argument 'catkin_cmake_args' from command line to 'None'
[0.466s] Level 5:colcon.colcon_core.verb:set package 'sfuise' build argument 'catkin_skip_building_tests' from command line to 'False'
[0.466s] DEBUG:colcon.colcon_core.verb:Building package 'sfuise' with the following arguments: {'ament_cmake_args': None, 'build_base': '/home/dsh/Documents/work_logs/code/SFUISE/sfuise_ws/build/sfuise', 'catkin_cmake_args': None, 'catkin_skip_building_tests': False, 'cmake_args': None, 'cmake_clean_cache': False, 'cmake_clean_first': False, 'cmake_force_configure': False, 'cmake_target': None, 'cmake_target_skip_unavailable': False, 'install_base': '/home/dsh/Documents/work_logs/code/SFUISE/sfuise_ws/install/sfuise', 'merge_install': False, 'path': '/home/dsh/Documents/work_logs/code/SFUISE/sfuise_ws/src/sfuise', 'symlink_install': False, 'test_result_base': None}
[0.466s] INFO:colcon.colcon_core.executor:Executing jobs using 'parallel' executor
[0.469s] DEBUG:colcon.colcon_parallel_executor.executor.parallel:run_until_complete
[0.470s] INFO:colcon.colcon_ros.task.ament_cmake.build:Building ROS package in '/home/dsh/Documents/work_logs/code/SFUISE/sfuise_ws/src/cf_msgs' with build type 'ament_cmake'
[0.470s] INFO:colcon.colcon_cmake.task.cmake.build:Building CMake package in '/home/dsh/Documents/work_logs/code/SFUISE/sfuise_ws/src/cf_msgs'
[0.476s] INFO:colcon.colcon_core.plugin_system:Skipping extension 'colcon_core.shell.bat': Not used on non-Windows systems
[0.477s] INFO:colcon.colcon_core.shell:Skip shell extension 'powershell' for command environment: Not usable outside of PowerShell
[0.477s] DEBUG:colcon.colcon_core.shell:Skip shell extension 'dsv' for command environment
[0.486s] INFO:colcon.colcon_ros.task.ament_cmake.build:Building ROS package in '/home/dsh/Documents/work_logs/code/SFUISE/sfuise_ws/src/isas_msgs' with build type 'ament_cmake'
[0.487s] INFO:colcon.colcon_cmake.task.cmake.build:Building CMake package in '/home/dsh/Documents/work_logs/code/SFUISE/sfuise_ws/src/isas_msgs'
[0.488s] INFO:colcon.colcon_core.shell:Skip shell extension 'powershell' for command environment: Not usable outside of PowerShell
[0.488s] DEBUG:colcon.colcon_core.shell:Skip shell extension 'dsv' for command environment
[0.496s] INFO:colcon.colcon_ros.task.ament_cmake.build:Building ROS package in '/home/dsh/Documents/work_logs/code/SFUISE/sfuise_ws/src/sfuise_msgs' with build type 'ament_cmake'
[0.496s] INFO:colcon.colcon_cmake.task.cmake.build:Building CMake package in '/home/dsh/Documents/work_logs/code/SFUISE/sfuise_ws/src/sfuise_msgs'
[0.496s] INFO:colcon.colcon_core.shell:Skip shell extension 'powershell' for command environment: Not usable outside of PowerShell
[0.497s] DEBUG:colcon.colcon_core.shell:Skip shell extension 'dsv' for command environment
[0.516s] DEBUG:colcon.colcon_core.event_handler.log_command:Invoking command in '/home/dsh/Documents/work_logs/code/SFUISE/sfuise_ws/build/cf_msgs': CMAKE_PREFIX_PATH=${CMAKE_PREFIX_PATH}:/opt/ros/humble /usr/bin/cmake --build /home/dsh/Documents/work_logs/code/SFUISE/sfuise_ws/build/cf_msgs -- -j20 -l20
[0.525s] DEBUG:colcon.colcon_core.event_handler.log_command:Invoking command in '/home/dsh/Documents/work_logs/code/SFUISE/sfuise_ws/build/isas_msgs': CMAKE_PREFIX_PATH=${CMAKE_PREFIX_PATH}:/opt/ros/humble /usr/bin/cmake --build /home/dsh/Documents/work_logs/code/SFUISE/sfuise_ws/build/isas_msgs -- -j20 -l20
[0.535s] DEBUG:colcon.colcon_core.event_handler.log_command:Invoking command in '/home/dsh/Documents/work_logs/code/SFUISE/sfuise_ws/build/sfuise_msgs': CMAKE_PREFIX_PATH=${CMAKE_PREFIX_PATH}:/opt/ros/humble /usr/bin/cmake --build /home/dsh/Documents/work_logs/code/SFUISE/sfuise_ws/build/sfuise_msgs -- -j20 -l20
[1.363s] DEBUG:colcon.colcon_core.event_handler.log_command:Invoked command in '/home/dsh/Documents/work_logs/code/SFUISE/sfuise_ws/build/isas_msgs' returned '0': CMAKE_PREFIX_PATH=${CMAKE_PREFIX_PATH}:/opt/ros/humble /usr/bin/cmake --build /home/dsh/Documents/work_logs/code/SFUISE/sfuise_ws/build/isas_msgs -- -j20 -l20
[1.390s] DEBUG:colcon.colcon_core.event_handler.log_command:Invoking command in '/home/dsh/Documents/work_logs/code/SFUISE/sfuise_ws/build/isas_msgs': CMAKE_PREFIX_PATH=${CMAKE_PREFIX_PATH}:/opt/ros/humble /usr/bin/cmake --install /home/dsh/Documents/work_logs/code/SFUISE/sfuise_ws/build/isas_msgs
[1.393s] DEBUG:colcon.colcon_core.event_handler.log_command:Invoked command in '/home/dsh/Documents/work_logs/code/SFUISE/sfuise_ws/build/cf_msgs' returned '0': CMAKE_PREFIX_PATH=${CMAKE_PREFIX_PATH}:/opt/ros/humble /usr/bin/cmake --build /home/dsh/Documents/work_logs/code/SFUISE/sfuise_ws/build/cf_msgs -- -j20 -l20
[1.398s] DEBUG:colcon.colcon_core.event_handler.log_command:Invoking command in '/home/dsh/Documents/work_logs/code/SFUISE/sfuise_ws/build/cf_msgs': CMAKE_PREFIX_PATH=${CMAKE_PREFIX_PATH}:/opt/ros/humble /usr/bin/cmake --install /home/dsh/Documents/work_logs/code/SFUISE/sfuise_ws/build/cf_msgs
[1.402s] DEBUG:colcon.colcon_core.event_handler.log_command:Invoked command in '/home/dsh/Documents/work_logs/code/SFUISE/sfuise_ws/build/sfuise_msgs' returned '0': CMAKE_PREFIX_PATH=${CMAKE_PREFIX_PATH}:/opt/ros/humble /usr/bin/cmake --build /home/dsh/Documents/work_logs/code/SFUISE/sfuise_ws/build/sfuise_msgs -- -j20 -l20
[1.407s] DEBUG:colcon.colcon_core.event_handler.log_command:Invoking command in '/home/dsh/Documents/work_logs/code/SFUISE/sfuise_ws/build/sfuise_msgs': CMAKE_PREFIX_PATH=${CMAKE_PREFIX_PATH}:/opt/ros/humble /usr/bin/cmake --install /home/dsh/Documents/work_logs/code/SFUISE/sfuise_ws/build/sfuise_msgs
[1.521s] Level 1:colcon.colcon_core.environment:create_environment_scripts_only(isas_msgs)
[1.525s] DEBUG:colcon.colcon_core.event_handler.log_command:Invoked command in '/home/dsh/Documents/work_logs/code/SFUISE/sfuise_ws/build/isas_msgs' returned '0': CMAKE_PREFIX_PATH=${CMAKE_PREFIX_PATH}:/opt/ros/humble /usr/bin/cmake --install /home/dsh/Documents/work_logs/code/SFUISE/sfuise_ws/build/isas_msgs
[1.543s] Level 1:colcon.colcon_core.environment:checking '/home/dsh/Documents/work_logs/code/SFUISE/sfuise_ws/install/isas_msgs' for CMake module files
[1.550s] Level 1:colcon.colcon_core.environment:checking '/home/dsh/Documents/work_logs/code/SFUISE/sfuise_ws/install/isas_msgs' for CMake config files
[1.554s] Level 1:colcon.colcon_core.shell:create_environment_hook('isas_msgs', 'cmake_prefix_path')
[1.555s] INFO:colcon.colcon_core.shell:Creating environment hook '/home/dsh/Documents/work_logs/code/SFUISE/sfuise_ws/install/isas_msgs/share/isas_msgs/hook/cmake_prefix_path.ps1'
[1.556s] INFO:colcon.colcon_core.shell:Creating environment descriptor '/home/dsh/Documents/work_logs/code/SFUISE/sfuise_ws/install/isas_msgs/share/isas_msgs/hook/cmake_prefix_path.dsv'
[1.557s] INFO:colcon.colcon_core.shell:Creating environment hook '/home/dsh/Documents/work_logs/code/SFUISE/sfuise_ws/install/isas_msgs/share/isas_msgs/hook/cmake_prefix_path.sh'
[1.558s] Level 1:colcon.colcon_core.environment:checking '/home/dsh/Documents/work_logs/code/SFUISE/sfuise_ws/install/isas_msgs/lib'
[1.559s] Level 1:colcon.colcon_core.shell:create_environment_hook('isas_msgs', 'ld_library_path_lib')
[1.559s] INFO:colcon.colcon_core.shell:Creating environment hook '/home/dsh/Documents/work_logs/code/SFUISE/sfuise_ws/install/isas_msgs/share/isas_msgs/hook/ld_library_path_lib.ps1'
[1.560s] INFO:colcon.colcon_core.shell:Creating environment descriptor '/home/dsh/Documents/work_logs/code/SFUISE/sfuise_ws/install/isas_msgs/share/isas_msgs/hook/ld_library_path_lib.dsv'
[1.560s] INFO:colcon.colcon_core.shell:Creating environment hook '/home/dsh/Documents/work_logs/code/SFUISE/sfuise_ws/install/isas_msgs/share/isas_msgs/hook/ld_library_path_lib.sh'
[1.561s] Level 1:colcon.colcon_core.environment:checking '/home/dsh/Documents/work_logs/code/SFUISE/sfuise_ws/install/isas_msgs/bin'
[1.561s] Level 1:colcon.colcon_core.environment:checking '/home/dsh/Documents/work_logs/code/SFUISE/sfuise_ws/install/isas_msgs/lib/pkgconfig/isas_msgs.pc'
[1.561s] Level 1:colcon.colcon_core.environment:checking '/home/dsh/Documents/work_logs/code/SFUISE/sfuise_ws/install/isas_msgs/lib/python3.10/site-packages'
[1.562s] Level 1:colcon.colcon_core.environment:checking '/home/dsh/Documents/work_logs/code/SFUISE/sfuise_ws/install/isas_msgs/bin'
[1.562s] INFO:colcon.colcon_core.shell:Creating package script '/home/dsh/Documents/work_logs/code/SFUISE/sfuise_ws/install/isas_msgs/share/isas_msgs/package.ps1'
[1.564s] INFO:colcon.colcon_core.shell:Creating package descriptor '/home/dsh/Documents/work_logs/code/SFUISE/sfuise_ws/install/isas_msgs/share/isas_msgs/package.dsv'
[1.565s] INFO:colcon.colcon_core.shell:Creating package script '/home/dsh/Documents/work_logs/code/SFUISE/sfuise_ws/install/isas_msgs/share/isas_msgs/package.sh'
[1.566s] INFO:colcon.colcon_core.shell:Creating package script '/home/dsh/Documents/work_logs/code/SFUISE/sfuise_ws/install/isas_msgs/share/isas_msgs/package.bash'
[1.567s] INFO:colcon.colcon_core.shell:Creating package script '/home/dsh/Documents/work_logs/code/SFUISE/sfuise_ws/install/isas_msgs/share/isas_msgs/package.zsh'
[1.568s] Level 1:colcon.colcon_core.environment:create_file_with_runtime_dependencies(/home/dsh/Documents/work_logs/code/SFUISE/sfuise_ws/install/isas_msgs/share/colcon-core/packages/isas_msgs)
[1.570s] Level 1:colcon.colcon_core.environment:create_environment_scripts_only(isas_msgs)
[1.570s] Level 1:colcon.colcon_core.environment:checking '/home/dsh/Documents/work_logs/code/SFUISE/sfuise_ws/install/isas_msgs' for CMake module files
[1.571s] Level 1:colcon.colcon_core.environment:checking '/home/dsh/Documents/work_logs/code/SFUISE/sfuise_ws/install/isas_msgs' for CMake config files
[1.572s] Level 1:colcon.colcon_core.shell:create_environment_hook('isas_msgs', 'cmake_prefix_path')
[1.572s] INFO:colcon.colcon_core.shell:Creating environment hook '/home/dsh/Documents/work_logs/code/SFUISE/sfuise_ws/install/isas_msgs/share/isas_msgs/hook/cmake_prefix_path.ps1'
[1.573s] INFO:colcon.colcon_core.shell:Creating environment descriptor '/home/dsh/Documents/work_logs/code/SFUISE/sfuise_ws/install/isas_msgs/share/isas_msgs/hook/cmake_prefix_path.dsv'
[1.573s] INFO:colcon.colcon_core.shell:Creating environment hook '/home/dsh/Documents/work_logs/code/SFUISE/sfuise_ws/install/isas_msgs/share/isas_msgs/hook/cmake_prefix_path.sh'
[1.574s] Level 1:colcon.colcon_core.environment:checking '/home/dsh/Documents/work_logs/code/SFUISE/sfuise_ws/install/isas_msgs/lib'
[1.574s] Level 1:colcon.colcon_core.shell:create_environment_hook('isas_msgs', 'ld_library_path_lib')
[1.575s] INFO:colcon.colcon_core.shell:Creating environment hook '/home/dsh/Documents/work_logs/code/SFUISE/sfuise_ws/install/isas_msgs/share/isas_msgs/hook/ld_library_path_lib.ps1'
[1.575s] INFO:colcon.colcon_core.shell:Creating environment descriptor '/home/dsh/Documents/work_logs/code/SFUISE/sfuise_ws/install/isas_msgs/share/isas_msgs/hook/ld_library_path_lib.dsv'
[1.576s] INFO:colcon.colcon_core.shell:Creating environment hook '/home/dsh/Documents/work_logs/code/SFUISE/sfuise_ws/install/isas_msgs/share/isas_msgs/hook/ld_library_path_lib.sh'
[1.576s] Level 1:colcon.colcon_core.environment:checking '/home/dsh/Documents/work_logs/code/SFUISE/sfuise_ws/install/isas_msgs/bin'
[1.576s] Level 1:colcon.colcon_core.environment:checking '/home/dsh/Documents/work_logs/code/SFUISE/sfuise_ws/install/isas_msgs/lib/pkgconfig/isas_msgs.pc'
[1.577s] Level 1:colcon.colcon_core.environment:checking '/home/dsh/Documents/work_logs/code/SFUISE/sfuise_ws/install/isas_msgs/lib/python3.10/site-packages'
[1.577s] Level 1:colcon.colcon_core.environment:checking '/home/dsh/Documents/work_logs/code/SFUISE/sfuise_ws/install/isas_msgs/bin'
[1.578s] INFO:colcon.colcon_core.shell:Creating package script '/home/dsh/Documents/work_logs/code/SFUISE/sfuise_ws/install/isas_msgs/share/isas_msgs/package.ps1'
[1.578s] INFO:colcon.colcon_core.shell:Creating package descriptor '/home/dsh/Documents/work_logs/code/SFUISE/sfuise_ws/install/isas_msgs/share/isas_msgs/package.dsv'
[1.579s] INFO:colcon.colcon_core.shell:Creating package script '/home/dsh/Documents/work_logs/code/SFUISE/sfuise_ws/install/isas_msgs/share/isas_msgs/package.sh'
[1.580s] INFO:colcon.colcon_core.shell:Creating package script '/home/dsh/Documents/work_logs/code/SFUISE/sfuise_ws/install/isas_msgs/share/isas_msgs/package.bash'
[1.580s] INFO:colcon.colcon_core.shell:Creating package script '/home/dsh/Documents/work_logs/code/SFUISE/sfuise_ws/install/isas_msgs/share/isas_msgs/package.zsh'
[1.581s] Level 1:colcon.colcon_core.environment:create_file_with_runtime_dependencies(/home/dsh/Documents/work_logs/code/SFUISE/sfuise_ws/install/isas_msgs/share/colcon-core/packages/isas_msgs)
[1.583s] Level 1:colcon.colcon_core.environment:create_environment_scripts_only(cf_msgs)
[1.583s] Level 1:colcon.colcon_core.environment:checking '/home/dsh/Documents/work_logs/code/SFUISE/sfuise_ws/install/cf_msgs' for CMake module files
[1.585s] DEBUG:colcon.colcon_core.event_handler.log_command:Invoked command in '/home/dsh/Documents/work_logs/code/SFUISE/sfuise_ws/build/cf_msgs' returned '0': CMAKE_PREFIX_PATH=${CMAKE_PREFIX_PATH}:/opt/ros/humble /usr/bin/cmake --install /home/dsh/Documents/work_logs/code/SFUISE/sfuise_ws/build/cf_msgs
[1.586s] Level 1:colcon.colcon_core.environment:checking '/home/dsh/Documents/work_logs/code/SFUISE/sfuise_ws/install/cf_msgs' for CMake config files
[1.586s] Level 1:colcon.colcon_core.shell:create_environment_hook('cf_msgs', 'cmake_prefix_path')
[1.587s] INFO:colcon.colcon_core.shell:Creating environment hook '/home/dsh/Documents/work_logs/code/SFUISE/sfuise_ws/install/cf_msgs/share/cf_msgs/hook/cmake_prefix_path.ps1'
[1.588s] INFO:colcon.colcon_core.shell:Creating environment descriptor '/home/dsh/Documents/work_logs/code/SFUISE/sfuise_ws/install/cf_msgs/share/cf_msgs/hook/cmake_prefix_path.dsv'
[1.588s] INFO:colcon.colcon_core.shell:Creating environment hook '/home/dsh/Documents/work_logs/code/SFUISE/sfuise_ws/install/cf_msgs/share/cf_msgs/hook/cmake_prefix_path.sh'
[1.589s] Level 1:colcon.colcon_core.environment:checking '/home/dsh/Documents/work_logs/code/SFUISE/sfuise_ws/install/cf_msgs/lib'
[1.589s] Level 1:colcon.colcon_core.shell:create_environment_hook('cf_msgs', 'ld_library_path_lib')
[1.590s] INFO:colcon.colcon_core.shell:Creating environment hook '/home/dsh/Documents/work_logs/code/SFUISE/sfuise_ws/install/cf_msgs/share/cf_msgs/hook/ld_library_path_lib.ps1'
[1.590s] INFO:colcon.colcon_core.shell:Creating environment descriptor '/home/dsh/Documents/work_logs/code/SFUISE/sfuise_ws/install/cf_msgs/share/cf_msgs/hook/ld_library_path_lib.dsv'
[1.591s] INFO:colcon.colcon_core.shell:Creating environment hook '/home/dsh/Documents/work_logs/code/SFUISE/sfuise_ws/install/cf_msgs/share/cf_msgs/hook/ld_library_path_lib.sh'
[1.591s] Level 1:colcon.colcon_core.environment:checking '/home/dsh/Documents/work_logs/code/SFUISE/sfuise_ws/install/cf_msgs/bin'
[1.591s] Level 1:colcon.colcon_core.environment:checking '/home/dsh/Documents/work_logs/code/SFUISE/sfuise_ws/install/cf_msgs/lib/pkgconfig/cf_msgs.pc'
[1.592s] Level 1:colcon.colcon_core.environment:checking '/home/dsh/Documents/work_logs/code/SFUISE/sfuise_ws/install/cf_msgs/lib/python3.10/site-packages'
[1.592s] Level 1:colcon.colcon_core.environment:checking '/home/dsh/Documents/work_logs/code/SFUISE/sfuise_ws/install/cf_msgs/bin'
[1.592s] INFO:colcon.colcon_core.shell:Creating package script '/home/dsh/Documents/work_logs/code/SFUISE/sfuise_ws/install/cf_msgs/share/cf_msgs/package.ps1'
[1.593s] INFO:colcon.colcon_core.shell:Creating package descriptor '/home/dsh/Documents/work_logs/code/SFUISE/sfuise_ws/install/cf_msgs/share/cf_msgs/package.dsv'
[1.594s] INFO:colcon.colcon_core.shell:Creating package script '/home/dsh/Documents/work_logs/code/SFUISE/sfuise_ws/install/cf_msgs/share/cf_msgs/package.sh'
[1.594s] INFO:colcon.colcon_core.shell:Creating package script '/home/dsh/Documents/work_logs/code/SFUISE/sfuise_ws/install/cf_msgs/share/cf_msgs/package.bash'
[1.595s] INFO:colcon.colcon_core.shell:Creating package script '/home/dsh/Documents/work_logs/code/SFUISE/sfuise_ws/install/cf_msgs/share/cf_msgs/package.zsh'
[1.595s] Level 1:colcon.colcon_core.environment:create_file_with_runtime_dependencies(/home/dsh/Documents/work_logs/code/SFUISE/sfuise_ws/install/cf_msgs/share/colcon-core/packages/cf_msgs)
[1.596s] Level 1:colcon.colcon_core.environment:create_environment_scripts_only(cf_msgs)
[1.596s] Level 1:colcon.colcon_core.environment:checking '/home/dsh/Documents/work_logs/code/SFUISE/sfuise_ws/install/cf_msgs' for CMake module files
[1.597s] Level 1:colcon.colcon_core.environment:checking '/home/dsh/Documents/work_logs/code/SFUISE/sfuise_ws/install/cf_msgs' for CMake config files
[1.598s] Level 1:colcon.colcon_core.shell:create_environment_hook('cf_msgs', 'cmake_prefix_path')
[1.598s] INFO:colcon.colcon_core.shell:Creating environment hook '/home/dsh/Documents/work_logs/code/SFUISE/sfuise_ws/install/cf_msgs/share/cf_msgs/hook/cmake_prefix_path.ps1'
[1.599s] INFO:colcon.colcon_core.shell:Creating environment descriptor '/home/dsh/Documents/work_logs/code/SFUISE/sfuise_ws/install/cf_msgs/share/cf_msgs/hook/cmake_prefix_path.dsv'
[1.600s] INFO:colcon.colcon_core.shell:Creating environment hook '/home/dsh/Documents/work_logs/code/SFUISE/sfuise_ws/install/cf_msgs/share/cf_msgs/hook/cmake_prefix_path.sh'
[1.601s] Level 1:colcon.colcon_core.environment:checking '/home/dsh/Documents/work_logs/code/SFUISE/sfuise_ws/install/cf_msgs/lib'
[1.601s] Level 1:colcon.colcon_core.shell:create_environment_hook('cf_msgs', 'ld_library_path_lib')
[1.601s] INFO:colcon.colcon_core.shell:Creating environment hook '/home/dsh/Documents/work_logs/code/SFUISE/sfuise_ws/install/cf_msgs/share/cf_msgs/hook/ld_library_path_lib.ps1'
[1.602s] INFO:colcon.colcon_core.shell:Creating environment descriptor '/home/dsh/Documents/work_logs/code/SFUISE/sfuise_ws/install/cf_msgs/share/cf_msgs/hook/ld_library_path_lib.dsv'
[1.602s] INFO:colcon.colcon_core.shell:Creating environment hook '/home/dsh/Documents/work_logs/code/SFUISE/sfuise_ws/install/cf_msgs/share/cf_msgs/hook/ld_library_path_lib.sh'
[1.603s] Level 1:colcon.colcon_core.environment:checking '/home/dsh/Documents/work_logs/code/SFUISE/sfuise_ws/install/cf_msgs/bin'
[1.603s] Level 1:colcon.colcon_core.environment:checking '/home/dsh/Documents/work_logs/code/SFUISE/sfuise_ws/install/cf_msgs/lib/pkgconfig/cf_msgs.pc'
[1.603s] Level 1:colcon.colcon_core.environment:checking '/home/dsh/Documents/work_logs/code/SFUISE/sfuise_ws/install/cf_msgs/lib/python3.10/site-packages'
[1.604s] Level 1:colcon.colcon_core.environment:checking '/home/dsh/Documents/work_logs/code/SFUISE/sfuise_ws/install/cf_msgs/bin'
[1.604s] INFO:colcon.colcon_core.shell:Creating package script '/home/dsh/Documents/work_logs/code/SFUISE/sfuise_ws/install/cf_msgs/share/cf_msgs/package.ps1'
[1.605s] INFO:colcon.colcon_core.shell:Creating package descriptor '/home/dsh/Documents/work_logs/code/SFUISE/sfuise_ws/install/cf_msgs/share/cf_msgs/package.dsv'
[1.606s] INFO:colcon.colcon_core.shell:Creating package script '/home/dsh/Documents/work_logs/code/SFUISE/sfuise_ws/install/cf_msgs/share/cf_msgs/package.sh'
[1.606s] INFO:colcon.colcon_core.shell:Creating package script '/home/dsh/Documents/work_logs/code/SFUISE/sfuise_ws/install/cf_msgs/share/cf_msgs/package.bash'
[1.607s] INFO:colcon.colcon_core.shell:Creating package script '/home/dsh/Documents/work_logs/code/SFUISE/sfuise_ws/install/cf_msgs/share/cf_msgs/package.zsh'
[1.608s] Level 1:colcon.colcon_core.environment:create_file_with_runtime_dependencies(/home/dsh/Documents/work_logs/code/SFUISE/sfuise_ws/install/cf_msgs/share/colcon-core/packages/cf_msgs)
[1.608s] Level 1:colcon.colcon_core.environment:create_environment_scripts_only(sfuise_msgs)
[1.608s] Level 1:colcon.colcon_core.environment:checking '/home/dsh/Documents/work_logs/code/SFUISE/sfuise_ws/install/sfuise_msgs' for CMake module files
[1.610s] DEBUG:colcon.colcon_core.event_handler.log_command:Invoked command in '/home/dsh/Documents/work_logs/code/SFUISE/sfuise_ws/build/sfuise_msgs' returned '0': CMAKE_PREFIX_PATH=${CMAKE_PREFIX_PATH}:/opt/ros/humble /usr/bin/cmake --install /home/dsh/Documents/work_logs/code/SFUISE/sfuise_ws/build/sfuise_msgs
[1.611s] Level 1:colcon.colcon_core.environment:checking '/home/dsh/Documents/work_logs/code/SFUISE/sfuise_ws/install/sfuise_msgs' for CMake config files
[1.611s] Level 1:colcon.colcon_core.shell:create_environment_hook('sfuise_msgs', 'cmake_prefix_path')
[1.612s] INFO:colcon.colcon_core.shell:Creating environment hook '/home/dsh/Documents/work_logs/code/SFUISE/sfuise_ws/install/sfuise_msgs/share/sfuise_msgs/hook/cmake_prefix_path.ps1'
[1.612s] INFO:colcon.colcon_core.shell:Creating environment descriptor '/home/dsh/Documents/work_logs/code/SFUISE/sfuise_ws/install/sfuise_msgs/share/sfuise_msgs/hook/cmake_prefix_path.dsv'
[1.613s] INFO:colcon.colcon_core.shell:Creating environment hook '/home/dsh/Documents/work_logs/code/SFUISE/sfuise_ws/install/sfuise_msgs/share/sfuise_msgs/hook/cmake_prefix_path.sh'
[1.613s] Level 1:colcon.colcon_core.environment:checking '/home/dsh/Documents/work_logs/code/SFUISE/sfuise_ws/install/sfuise_msgs/lib'
[1.614s] Level 1:colcon.colcon_core.shell:create_environment_hook('sfuise_msgs', 'ld_library_path_lib')
[1.614s] INFO:colcon.colcon_core.shell:Creating environment hook '/home/dsh/Documents/work_logs/code/SFUISE/sfuise_ws/install/sfuise_msgs/share/sfuise_msgs/hook/ld_library_path_lib.ps1'
[1.615s] INFO:colcon.colcon_core.shell:Creating environment descriptor '/home/dsh/Documents/work_logs/code/SFUISE/sfuise_ws/install/sfuise_msgs/share/sfuise_msgs/hook/ld_library_path_lib.dsv'
[1.615s] INFO:colcon.colcon_core.shell:Creating environment hook '/home/dsh/Documents/work_logs/code/SFUISE/sfuise_ws/install/sfuise_msgs/share/sfuise_msgs/hook/ld_library_path_lib.sh'
[1.616s] Level 1:colcon.colcon_core.environment:checking '/home/dsh/Documents/work_logs/code/SFUISE/sfuise_ws/install/sfuise_msgs/bin'
[1.616s] Level 1:colcon.colcon_core.environment:checking '/home/dsh/Documents/work_logs/code/SFUISE/sfuise_ws/install/sfuise_msgs/lib/pkgconfig/sfuise_msgs.pc'
[1.616s] Level 1:colcon.colcon_core.environment:checking '/home/dsh/Documents/work_logs/code/SFUISE/sfuise_ws/install/sfuise_msgs/lib/python3.10/site-packages'
[1.617s] Level 1:colcon.colcon_core.environment:checking '/home/dsh/Documents/work_logs/code/SFUISE/sfuise_ws/install/sfuise_msgs/bin'
[1.617s] INFO:colcon.colcon_core.shell:Creating package script '/home/dsh/Documents/work_logs/code/SFUISE/sfuise_ws/install/sfuise_msgs/share/sfuise_msgs/package.ps1'
[1.618s] INFO:colcon.colcon_core.shell:Creating package descriptor '/home/dsh/Documents/work_logs/code/SFUISE/sfuise_ws/install/sfuise_msgs/share/sfuise_msgs/package.dsv'
[1.619s] INFO:colcon.colcon_core.shell:Creating package script '/home/dsh/Documents/work_logs/code/SFUISE/sfuise_ws/install/sfuise_msgs/share/sfuise_msgs/package.sh'
[1.619s] INFO:colcon.colcon_core.shell:Creating package script '/home/dsh/Documents/work_logs/code/SFUISE/sfuise_ws/install/sfuise_msgs/share/sfuise_msgs/package.bash'
[1.620s] INFO:colcon.colcon_core.shell:Creating package script '/home/dsh/Documents/work_logs/code/SFUISE/sfuise_ws/install/sfuise_msgs/share/sfuise_msgs/package.zsh'
[1.620s] Level 1:colcon.colcon_core.environment:create_file_with_runtime_dependencies(/home/dsh/Documents/work_logs/code/SFUISE/sfuise_ws/install/sfuise_msgs/share/colcon-core/packages/sfuise_msgs)
[1.621s] Level 1:colcon.colcon_core.environment:create_environment_scripts_only(sfuise_msgs)
[1.622s] Level 1:colcon.colcon_core.environment:checking '/home/dsh/Documents/work_logs/code/SFUISE/sfuise_ws/install/sfuise_msgs' for CMake module files
[1.622s] Level 1:colcon.colcon_core.environment:checking '/home/dsh/Documents/work_logs/code/SFUISE/sfuise_ws/install/sfuise_msgs' for CMake config files
[1.623s] Level 1:colcon.colcon_core.shell:create_environment_hook('sfuise_msgs', 'cmake_prefix_path')
[1.623s] INFO:colcon.colcon_core.shell:Creating environment hook '/home/dsh/Documents/work_logs/code/SFUISE/sfuise_ws/install/sfuise_msgs/share/sfuise_msgs/hook/cmake_prefix_path.ps1'
[1.624s] INFO:colcon.colcon_core.shell:Creating environment descriptor '/home/dsh/Documents/work_logs/code/SFUISE/sfuise_ws/install/sfuise_msgs/share/sfuise_msgs/hook/cmake_prefix_path.dsv'
[1.624s] INFO:colcon.colcon_core.shell:Creating environment hook '/home/dsh/Documents/work_logs/code/SFUISE/sfuise_ws/install/sfuise_msgs/share/sfuise_msgs/hook/cmake_prefix_path.sh'
[1.625s] Level 1:colcon.colcon_core.environment:checking '/home/dsh/Documents/work_logs/code/SFUISE/sfuise_ws/install/sfuise_msgs/lib'
[1.625s] Level 1:colcon.colcon_core.shell:create_environment_hook('sfuise_msgs', 'ld_library_path_lib')
[1.625s] INFO:colcon.colcon_core.shell:Creating environment hook '/home/dsh/Documents/work_logs/code/SFUISE/sfuise_ws/install/sfuise_msgs/share/sfuise_msgs/hook/ld_library_path_lib.ps1'
[1.626s] INFO:colcon.colcon_core.shell:Creating environment descriptor '/home/dsh/Documents/work_logs/code/SFUISE/sfuise_ws/install/sfuise_msgs/share/sfuise_msgs/hook/ld_library_path_lib.dsv'
[1.626s] INFO:colcon.colcon_core.shell:Creating environment hook '/home/dsh/Documents/work_logs/code/SFUISE/sfuise_ws/install/sfuise_msgs/share/sfuise_msgs/hook/ld_library_path_lib.sh'
[1.627s] Level 1:colcon.colcon_core.environment:checking '/home/dsh/Documents/work_logs/code/SFUISE/sfuise_ws/install/sfuise_msgs/bin'
[1.627s] Level 1:colcon.colcon_core.environment:checking '/home/dsh/Documents/work_logs/code/SFUISE/sfuise_ws/install/sfuise_msgs/lib/pkgconfig/sfuise_msgs.pc'
[1.627s] Level 1:colcon.colcon_core.environment:checking '/home/dsh/Documents/work_logs/code/SFUISE/sfuise_ws/install/sfuise_msgs/lib/python3.10/site-packages'
[1.627s] Level 1:colcon.colcon_core.environment:checking '/home/dsh/Documents/work_logs/code/SFUISE/sfuise_ws/install/sfuise_msgs/bin'
[1.628s] INFO:colcon.colcon_core.shell:Creating package script '/home/dsh/Documents/work_logs/code/SFUISE/sfuise_ws/install/sfuise_msgs/share/sfuise_msgs/package.ps1'
[1.629s] INFO:colcon.colcon_core.shell:Creating package descriptor '/home/dsh/Documents/work_logs/code/SFUISE/sfuise_ws/install/sfuise_msgs/share/sfuise_msgs/package.dsv'
[1.629s] INFO:colcon.colcon_core.shell:Creating package script '/home/dsh/Documents/work_logs/code/SFUISE/sfuise_ws/install/sfuise_msgs/share/sfuise_msgs/package.sh'
[1.630s] INFO:colcon.colcon_core.shell:Creating package script '/home/dsh/Documents/work_logs/code/SFUISE/sfuise_ws/install/sfuise_msgs/share/sfuise_msgs/package.bash'
[1.630s] INFO:colcon.colcon_core.shell:Creating package script '/home/dsh/Documents/work_logs/code/SFUISE/sfuise_ws/install/sfuise_msgs/share/sfuise_msgs/package.zsh'
[1.631s] Level 1:colcon.colcon_core.environment:create_file_with_runtime_dependencies(/home/dsh/Documents/work_logs/code/SFUISE/sfuise_ws/install/sfuise_msgs/share/colcon-core/packages/sfuise_msgs)
[1.632s] INFO:colcon.colcon_ros.task.ament_cmake.build:Building ROS package in '/home/dsh/Documents/work_logs/code/SFUISE/sfuise_ws/src/sfuise' with build type 'ament_cmake'
[1.632s] INFO:colcon.colcon_cmake.task.cmake.build:Building CMake package in '/home/dsh/Documents/work_logs/code/SFUISE/sfuise_ws/src/sfuise'
[1.632s] INFO:colcon.colcon_core.shell:Skip shell extension 'powershell' for command environment: Not usable outside of PowerShell
[1.632s] DEBUG:colcon.colcon_core.shell:Skip shell extension 'dsv' for command environment
[1.660s] DEBUG:colcon.colcon_core.event_handler.log_command:Invoking command in '/home/dsh/Documents/work_logs/code/SFUISE/sfuise_ws/build/sfuise': CMAKE_PREFIX_PATH=/home/dsh/Documents/work_logs/code/SFUISE/sfuise_ws/install/sfuise_msgs:/home/dsh/Documents/work_logs/code/SFUISE/sfuise_ws/install/isas_msgs:/home/dsh/Documents/work_logs/code/SFUISE/sfuise_ws/install/cf_msgs:/home/dsh/Documents/work_logs/code/SFUISE/sfuise_ws/install/sfuise:/opt/ros/humble /usr/bin/cmake --build /home/dsh/Documents/work_logs/code/SFUISE/sfuise_ws/build/sfuise -- -j20 -l20
[70.021s] DEBUG:colcon.colcon_core.event_handler.log_command:Invoked command in '/home/dsh/Documents/work_logs/code/SFUISE/sfuise_ws/build/sfuise' returned '0': CMAKE_PREFIX_PATH=/home/dsh/Documents/work_logs/code/SFUISE/sfuise_ws/install/sfuise_msgs:/home/dsh/Documents/work_logs/code/SFUISE/sfuise_ws/install/isas_msgs:/home/dsh/Documents/work_logs/code/SFUISE/sfuise_ws/install/cf_msgs:/home/dsh/Documents/work_logs/code/SFUISE/sfuise_ws/install/sfuise:/opt/ros/humble /usr/bin/cmake --build /home/dsh/Documents/work_logs/code/SFUISE/sfuise_ws/build/sfuise -- -j20 -l20
[70.026s] DEBUG:colcon.colcon_core.event_handler.log_command:Invoking command in '/home/dsh/Documents/work_logs/code/SFUISE/sfuise_ws/build/sfuise': CMAKE_PREFIX_PATH=/home/dsh/Documents/work_logs/code/SFUISE/sfuise_ws/install/sfuise_msgs:/home/dsh/Documents/work_logs/code/SFUISE/sfuise_ws/install/isas_msgs:/home/dsh/Documents/work_logs/code/SFUISE/sfuise_ws/install/cf_msgs:/home/dsh/Documents/work_logs/code/SFUISE/sfuise_ws/install/sfuise:/opt/ros/humble /usr/bin/cmake --install /home/dsh/Documents/work_logs/code/SFUISE/sfuise_ws/build/sfuise
[70.050s] Level 1:colcon.colcon_core.environment:create_environment_scripts_only(sfuise)
[70.051s] Level 1:colcon.colcon_core.environment:checking '/home/dsh/Documents/work_logs/code/SFUISE/sfuise_ws/install/sfuise' for CMake module files
[70.052s] DEBUG:colcon.colcon_core.event_handler.log_command:Invoked command in '/home/dsh/Documents/work_logs/code/SFUISE/sfuise_ws/build/sfuise' returned '0': CMAKE_PREFIX_PATH=/home/dsh/Documents/work_logs/code/SFUISE/sfuise_ws/install/sfuise_msgs:/home/dsh/Documents/work_logs/code/SFUISE/sfuise_ws/install/isas_msgs:/home/dsh/Documents/work_logs/code/SFUISE/sfuise_ws/install/cf_msgs:/home/dsh/Documents/work_logs/code/SFUISE/sfuise_ws/install/sfuise:/opt/ros/humble /usr/bin/cmake --install /home/dsh/Documents/work_logs/code/SFUISE/sfuise_ws/build/sfuise
[70.052s] Level 1:colcon.colcon_core.environment:checking '/home/dsh/Documents/work_logs/code/SFUISE/sfuise_ws/install/sfuise' for CMake config files
[70.053s] Level 1:colcon.colcon_core.shell:create_environment_hook('sfuise', 'cmake_prefix_path')
[70.053s] INFO:colcon.colcon_core.shell:Creating environment hook '/home/dsh/Documents/work_logs/code/SFUISE/sfuise_ws/install/sfuise/share/sfuise/hook/cmake_prefix_path.ps1'
[70.054s] INFO:colcon.colcon_core.shell:Creating environment descriptor '/home/dsh/Documents/work_logs/code/SFUISE/sfuise_ws/install/sfuise/share/sfuise/hook/cmake_prefix_path.dsv'
[70.055s] INFO:colcon.colcon_core.shell:Creating environment hook '/home/dsh/Documents/work_logs/code/SFUISE/sfuise_ws/install/sfuise/share/sfuise/hook/cmake_prefix_path.sh'
[70.056s] Level 1:colcon.colcon_core.environment:checking '/home/dsh/Documents/work_logs/code/SFUISE/sfuise_ws/install/sfuise/lib'
[70.056s] Level 1:colcon.colcon_core.environment:checking '/home/dsh/Documents/work_logs/code/SFUISE/sfuise_ws/install/sfuise/bin'
[70.056s] Level 1:colcon.colcon_core.environment:checking '/home/dsh/Documents/work_logs/code/SFUISE/sfuise_ws/install/sfuise/lib/pkgconfig/sfuise.pc'
[70.056s] Level 1:colcon.colcon_core.environment:checking '/home/dsh/Documents/work_logs/code/SFUISE/sfuise_ws/install/sfuise/lib/python3.10/site-packages'
[70.056s] Level 1:colcon.colcon_core.environment:checking '/home/dsh/Documents/work_logs/code/SFUISE/sfuise_ws/install/sfuise/bin'
[70.057s] INFO:colcon.colcon_core.shell:Creating package script '/home/dsh/Documents/work_logs/code/SFUISE/sfuise_ws/install/sfuise/share/sfuise/package.ps1'
[70.058s] INFO:colcon.colcon_core.shell:Creating package descriptor '/home/dsh/Documents/work_logs/code/SFUISE/sfuise_ws/install/sfuise/share/sfuise/package.dsv'
[70.058s] INFO:colcon.colcon_core.shell:Creating package script '/home/dsh/Documents/work_logs/code/SFUISE/sfuise_ws/install/sfuise/share/sfuise/package.sh'
[70.059s] INFO:colcon.colcon_core.shell:Creating package script '/home/dsh/Documents/work_logs/code/SFUISE/sfuise_ws/install/sfuise/share/sfuise/package.bash'
[70.060s] INFO:colcon.colcon_core.shell:Creating package script '/home/dsh/Documents/work_logs/code/SFUISE/sfuise_ws/install/sfuise/share/sfuise/package.zsh'
[70.060s] Level 1:colcon.colcon_core.environment:create_file_with_runtime_dependencies(/home/dsh/Documents/work_logs/code/SFUISE/sfuise_ws/install/sfuise/share/colcon-core/packages/sfuise)
[70.061s] Level 1:colcon.colcon_core.environment:create_environment_scripts_only(sfuise)
[70.061s] Level 1:colcon.colcon_core.environment:checking '/home/dsh/Documents/work_logs/code/SFUISE/sfuise_ws/install/sfuise' for CMake module files
[70.062s] Level 1:colcon.colcon_core.environment:checking '/home/dsh/Documents/work_logs/code/SFUISE/sfuise_ws/install/sfuise' for CMake config files
[70.063s] Level 1:colcon.colcon_core.shell:create_environment_hook('sfuise', 'cmake_prefix_path')
[70.063s] INFO:colcon.colcon_core.shell:Creating environment hook '/home/dsh/Documents/work_logs/code/SFUISE/sfuise_ws/install/sfuise/share/sfuise/hook/cmake_prefix_path.ps1'
[70.064s] INFO:colcon.colcon_core.shell:Creating environment descriptor '/home/dsh/Documents/work_logs/code/SFUISE/sfuise_ws/install/sfuise/share/sfuise/hook/cmake_prefix_path.dsv'
[70.064s] INFO:colcon.colcon_core.shell:Creating environment hook '/home/dsh/Documents/work_logs/code/SFUISE/sfuise_ws/install/sfuise/share/sfuise/hook/cmake_prefix_path.sh'
[70.065s] Level 1:colcon.colcon_core.environment:checking '/home/dsh/Documents/work_logs/code/SFUISE/sfuise_ws/install/sfuise/lib'
[70.065s] Level 1:colcon.colcon_core.environment:checking '/home/dsh/Documents/work_logs/code/SFUISE/sfuise_ws/install/sfuise/bin'
[70.065s] Level 1:colcon.colcon_core.environment:checking '/home/dsh/Documents/work_logs/code/SFUISE/sfuise_ws/install/sfuise/lib/pkgconfig/sfuise.pc'
[70.065s] Level 1:colcon.colcon_core.environment:checking '/home/dsh/Documents/work_logs/code/SFUISE/sfuise_ws/install/sfuise/lib/python3.10/site-packages'
[70.066s] Level 1:colcon.colcon_core.environment:checking '/home/dsh/Documents/work_logs/code/SFUISE/sfuise_ws/install/sfuise/bin'
[70.066s] INFO:colcon.colcon_core.shell:Creating package script '/home/dsh/Documents/work_logs/code/SFUISE/sfuise_ws/install/sfuise/share/sfuise/package.ps1'
[70.067s] INFO:colcon.colcon_core.shell:Creating package descriptor '/home/dsh/Documents/work_logs/code/SFUISE/sfuise_ws/install/sfuise/share/sfuise/package.dsv'
[70.068s] INFO:colcon.colcon_core.shell:Creating package script '/home/dsh/Documents/work_logs/code/SFUISE/sfuise_ws/install/sfuise/share/sfuise/package.sh'
[70.068s] INFO:colcon.colcon_core.shell:Creating package script '/home/dsh/Documents/work_logs/code/SFUISE/sfuise_ws/install/sfuise/share/sfuise/package.bash'
[70.069s] INFO:colcon.colcon_core.shell:Creating package script '/home/dsh/Documents/work_logs/code/SFUISE/sfuise_ws/install/sfuise/share/sfuise/package.zsh'
[70.069s] Level 1:colcon.colcon_core.environment:create_file_with_runtime_dependencies(/home/dsh/Documents/work_logs/code/SFUISE/sfuise_ws/install/sfuise/share/colcon-core/packages/sfuise)
[70.069s] DEBUG:colcon.colcon_parallel_executor.executor.parallel:closing loop
[70.070s] DEBUG:colcon.colcon_parallel_executor.executor.parallel:loop closed
[70.070s] DEBUG:colcon.colcon_parallel_executor.executor.parallel:run_until_complete finished with '0'
[70.070s] DEBUG:colcon.colcon_core.event_reactor:joining thread
[70.081s] INFO:colcon.colcon_core.plugin_system:Skipping extension 'colcon_notification.desktop_notification.terminal_notifier': Not used on non-Darwin systems
[70.082s] INFO:colcon.colcon_core.plugin_system:Skipping extension 'colcon_notification.desktop_notification.win32': Not used on non-Windows systems
[70.082s] INFO:colcon.colcon_notification.desktop_notification:Sending desktop notification using 'notify2'
[70.098s] DEBUG:colcon.colcon_core.event_reactor:joined thread
[70.099s] INFO:colcon.colcon_core.shell:Creating prefix script '/home/dsh/Documents/work_logs/code/SFUISE/sfuise_ws/install/local_setup.ps1'
[70.101s] INFO:colcon.colcon_core.shell:Creating prefix util module '/home/dsh/Documents/work_logs/code/SFUISE/sfuise_ws/install/_local_setup_util_ps1.py'
[70.102s] INFO:colcon.colcon_core.shell:Creating prefix chain script '/home/dsh/Documents/work_logs/code/SFUISE/sfuise_ws/install/setup.ps1'
[70.104s] INFO:colcon.colcon_core.shell:Creating prefix script '/home/dsh/Documents/work_logs/code/SFUISE/sfuise_ws/install/local_setup.sh'
[70.105s] INFO:colcon.colcon_core.shell:Creating prefix util module '/home/dsh/Documents/work_logs/code/SFUISE/sfuise_ws/install/_local_setup_util_sh.py'
[70.106s] INFO:colcon.colcon_core.shell:Creating prefix chain script '/home/dsh/Documents/work_logs/code/SFUISE/sfuise_ws/install/setup.sh'
[70.108s] INFO:colcon.colcon_core.shell:Creating prefix script '/home/dsh/Documents/work_logs/code/SFUISE/sfuise_ws/install/local_setup.bash'
[70.109s] INFO:colcon.colcon_core.shell:Creating prefix chain script '/home/dsh/Documents/work_logs/code/SFUISE/sfuise_ws/install/setup.bash'
[70.111s] INFO:colcon.colcon_core.shell:Creating prefix script '/home/dsh/Documents/work_logs/code/SFUISE/sfuise_ws/install/local_setup.zsh'
[70.112s] INFO:colcon.colcon_core.shell:Creating prefix chain script '/home/dsh/Documents/work_logs/code/SFUISE/sfuise_ws/install/setup.zsh'
