[0.100s] DEBUG:colcon:Command line arguments: ['/usr/bin/colcon', 'build']
[0.100s] DEBUG:colcon:Parsed command line arguments: Namespace(log_base=None, log_level=None, verb_name='build', build_base='build', install_base='install', merge_install=False, symlink_install=False, test_result_base=None, continue_on_error=False, executor='parallel', parallel_workers=20, event_handlers=None, ignore_user_meta=False, metas=['./colcon.meta'], base_paths=['.'], packages_ignore=None, packages_ignore_regex=None, paths=None, packages_up_to=None, packages_up_to_regex=None, packages_above=None, packages_above_and_dependencies=None, packages_above_depth=None, packages_select_by_dep=None, packages_skip_by_dep=None, packages_skip_up_to=None, packages_select_build_failed=False, packages_skip_build_finished=False, packages_select_test_failures=False, packages_skip_test_passed=False, packages_select=None, packages_skip=None, packages_select_regex=None, packages_skip_regex=None, packages_start=None, packages_end=None, allow_overriding=[], cmake_args=None, cmake_target=None, cmake_target_skip_unavailable=False, cmake_clean_cache=False, cmake_clean_first=False, cmake_force_configure=False, ament_cmake_args=None, catkin_cmake_args=None, catkin_skip_building_tests=False, verb_parser=<colcon_defaults.argument_parser.defaults.DefaultArgumentsDecorator object at 0x78a1e8d6ce50>, verb_extension=<colcon_core.verb.build.BuildVerb object at 0x78a1e8d6c940>, main=<bound method BuildVerb.main of <colcon_core.verb.build.BuildVerb object at 0x78a1e8d6c940>>)
[0.274s] Level 1:colcon.colcon_core.package_discovery:discover_packages(colcon_meta) check parameters
[0.274s] Level 1:colcon.colcon_core.package_discovery:discover_packages(recursive) check parameters
[0.274s] Level 1:colcon.colcon_core.package_discovery:discover_packages(ignore) check parameters
[0.274s] Level 1:colcon.colcon_core.package_discovery:discover_packages(path) check parameters
[0.274s] Level 1:colcon.colcon_core.package_discovery:discover_packages(colcon_meta) discover
[0.274s] Level 1:colcon.colcon_core.package_discovery:discover_packages(recursive) discover
[0.274s] INFO:colcon.colcon_core.package_discovery:Crawling recursively for packages in '/home/dsh/Documents/work_logs/code/SFUISE/sfuise_ws'
[0.274s] Level 1:colcon.colcon_core.package_identification:_identify(.) by extensions ['ignore', 'ignore_ament_install']
[0.274s] Level 1:colcon.colcon_core.package_identification:_identify(.) by extension 'ignore'
[0.274s] Level 1:colcon.colcon_core.package_identification:_identify(.) by extension 'ignore_ament_install'
[0.275s] Level 1:colcon.colcon_core.package_identification:_identify(.) by extensions ['colcon_pkg']
[0.275s] Level 1:colcon.colcon_core.package_identification:_identify(.) by extension 'colcon_pkg'
[0.275s] Level 1:colcon.colcon_core.package_identification:_identify(.) by extensions ['colcon_meta']
[0.275s] Level 1:colcon.colcon_core.package_identification:_identify(.) by extension 'colcon_meta'
[0.275s] Level 1:colcon.colcon_core.package_identification:_identify(.) by extensions ['ros']
[0.275s] Level 1:colcon.colcon_core.package_identification:_identify(.) by extension 'ros'
[0.288s] Level 1:colcon.colcon_core.package_identification:_identify(.) by extensions ['cmake', 'python']
[0.288s] Level 1:colcon.colcon_core.package_identification:_identify(.) by extension 'cmake'
[0.288s] Level 1:colcon.colcon_core.package_identification:_identify(.) by extension 'python'
[0.288s] Level 1:colcon.colcon_core.package_identification:_identify(.) by extensions ['python_setup_py']
[0.288s] Level 1:colcon.colcon_core.package_identification:_identify(.) by extension 'python_setup_py'
[0.289s] Level 1:colcon.colcon_core.package_identification:_identify(build) by extensions ['ignore', 'ignore_ament_install']
[0.289s] Level 1:colcon.colcon_core.package_identification:_identify(build) by extension 'ignore'
[0.289s] Level 1:colcon.colcon_core.package_identification:_identify(build) ignored
[0.289s] Level 1:colcon.colcon_core.package_identification:_identify(install) by extensions ['ignore', 'ignore_ament_install']
[0.289s] Level 1:colcon.colcon_core.package_identification:_identify(install) by extension 'ignore'
[0.289s] Level 1:colcon.colcon_core.package_identification:_identify(install) ignored
[0.289s] Level 1:colcon.colcon_core.package_identification:_identify(log) by extensions ['ignore', 'ignore_ament_install']
[0.289s] Level 1:colcon.colcon_core.package_identification:_identify(log) by extension 'ignore'
[0.289s] Level 1:colcon.colcon_core.package_identification:_identify(log) ignored
[0.289s] Level 1:colcon.colcon_core.package_identification:_identify(src) by extensions ['ignore', 'ignore_ament_install']
[0.289s] Level 1:colcon.colcon_core.package_identification:_identify(src) by extension 'ignore'
[0.289s] Level 1:colcon.colcon_core.package_identification:_identify(src) by extension 'ignore_ament_install'
[0.289s] Level 1:colcon.colcon_core.package_identification:_identify(src) by extensions ['colcon_pkg']
[0.289s] Level 1:colcon.colcon_core.package_identification:_identify(src) by extension 'colcon_pkg'
[0.290s] Level 1:colcon.colcon_core.package_identification:_identify(src) by extensions ['colcon_meta']
[0.290s] Level 1:colcon.colcon_core.package_identification:_identify(src) by extension 'colcon_meta'
[0.290s] Level 1:colcon.colcon_core.package_identification:_identify(src) by extensions ['ros']
[0.290s] Level 1:colcon.colcon_core.package_identification:_identify(src) by extension 'ros'
[0.290s] Level 1:colcon.colcon_core.package_identification:_identify(src) by extensions ['cmake', 'python']
[0.290s] Level 1:colcon.colcon_core.package_identification:_identify(src) by extension 'cmake'
[0.290s] Level 1:colcon.colcon_core.package_identification:_identify(src) by extension 'python'
[0.290s] Level 1:colcon.colcon_core.package_identification:_identify(src) by extensions ['python_setup_py']
[0.290s] Level 1:colcon.colcon_core.package_identification:_identify(src) by extension 'python_setup_py'
[0.290s] Level 1:colcon.colcon_core.package_identification:_identify(src/cf_msgs) by extensions ['ignore', 'ignore_ament_install']
[0.290s] Level 1:colcon.colcon_core.package_identification:_identify(src/cf_msgs) by extension 'ignore'
[0.290s] Level 1:colcon.colcon_core.package_identification:_identify(src/cf_msgs) by extension 'ignore_ament_install'
[0.290s] Level 1:colcon.colcon_core.package_identification:_identify(src/cf_msgs) by extensions ['colcon_pkg']
[0.290s] Level 1:colcon.colcon_core.package_identification:_identify(src/cf_msgs) by extension 'colcon_pkg'
[0.290s] Level 1:colcon.colcon_core.package_identification:_identify(src/cf_msgs) by extensions ['colcon_meta']
[0.290s] Level 1:colcon.colcon_core.package_identification:_identify(src/cf_msgs) by extension 'colcon_meta'
[0.290s] Level 1:colcon.colcon_core.package_identification:_identify(src/cf_msgs) by extensions ['ros']
[0.290s] Level 1:colcon.colcon_core.package_identification:_identify(src/cf_msgs) by extension 'ros'
[0.293s] DEBUG:colcon.colcon_core.package_identification:Package 'src/cf_msgs' with type 'ros.ament_cmake' and name 'cf_msgs'
[0.293s] Level 1:colcon.colcon_core.package_identification:_identify(src/dataset) by extensions ['ignore', 'ignore_ament_install']
[0.293s] Level 1:colcon.colcon_core.package_identification:_identify(src/dataset) by extension 'ignore'
[0.293s] Level 1:colcon.colcon_core.package_identification:_identify(src/dataset) by extension 'ignore_ament_install'
[0.293s] Level 1:colcon.colcon_core.package_identification:_identify(src/dataset) by extensions ['colcon_pkg']
[0.293s] Level 1:colcon.colcon_core.package_identification:_identify(src/dataset) by extension 'colcon_pkg'
[0.293s] Level 1:colcon.colcon_core.package_identification:_identify(src/dataset) by extensions ['colcon_meta']
[0.293s] Level 1:colcon.colcon_core.package_identification:_identify(src/dataset) by extension 'colcon_meta'
[0.293s] Level 1:colcon.colcon_core.package_identification:_identify(src/dataset) by extensions ['ros']
[0.293s] Level 1:colcon.colcon_core.package_identification:_identify(src/dataset) by extension 'ros'
[0.294s] Level 1:colcon.colcon_core.package_identification:_identify(src/dataset) by extensions ['cmake', 'python']
[0.294s] Level 1:colcon.colcon_core.package_identification:_identify(src/dataset) by extension 'cmake'
[0.294s] Level 1:colcon.colcon_core.package_identification:_identify(src/dataset) by extension 'python'
[0.294s] Level 1:colcon.colcon_core.package_identification:_identify(src/dataset) by extensions ['python_setup_py']
[0.294s] Level 1:colcon.colcon_core.package_identification:_identify(src/dataset) by extension 'python_setup_py'
[0.294s] Level 1:colcon.colcon_core.package_identification:_identify(src/dataset/ros2-walk1) by extensions ['ignore', 'ignore_ament_install']
[0.294s] Level 1:colcon.colcon_core.package_identification:_identify(src/dataset/ros2-walk1) by extension 'ignore'
[0.294s] Level 1:colcon.colcon_core.package_identification:_identify(src/dataset/ros2-walk1) by extension 'ignore_ament_install'
[0.294s] Level 1:colcon.colcon_core.package_identification:_identify(src/dataset/ros2-walk1) by extensions ['colcon_pkg']
[0.294s] Level 1:colcon.colcon_core.package_identification:_identify(src/dataset/ros2-walk1) by extension 'colcon_pkg'
[0.294s] Level 1:colcon.colcon_core.package_identification:_identify(src/dataset/ros2-walk1) by extensions ['colcon_meta']
[0.294s] Level 1:colcon.colcon_core.package_identification:_identify(src/dataset/ros2-walk1) by extension 'colcon_meta'
[0.294s] Level 1:colcon.colcon_core.package_identification:_identify(src/dataset/ros2-walk1) by extensions ['ros']
[0.294s] Level 1:colcon.colcon_core.package_identification:_identify(src/dataset/ros2-walk1) by extension 'ros'
[0.294s] Level 1:colcon.colcon_core.package_identification:_identify(src/dataset/ros2-walk1) by extensions ['cmake', 'python']
[0.294s] Level 1:colcon.colcon_core.package_identification:_identify(src/dataset/ros2-walk1) by extension 'cmake'
[0.294s] Level 1:colcon.colcon_core.package_identification:_identify(src/dataset/ros2-walk1) by extension 'python'
[0.294s] Level 1:colcon.colcon_core.package_identification:_identify(src/dataset/ros2-walk1) by extensions ['python_setup_py']
[0.294s] Level 1:colcon.colcon_core.package_identification:_identify(src/dataset/ros2-walk1) by extension 'python_setup_py'
[0.294s] Level 1:colcon.colcon_core.package_identification:_identify(src/dataset/ros2-walk2) by extensions ['ignore', 'ignore_ament_install']
[0.295s] Level 1:colcon.colcon_core.package_identification:_identify(src/dataset/ros2-walk2) by extension 'ignore'
[0.295s] Level 1:colcon.colcon_core.package_identification:_identify(src/dataset/ros2-walk2) by extension 'ignore_ament_install'
[0.295s] Level 1:colcon.colcon_core.package_identification:_identify(src/dataset/ros2-walk2) by extensions ['colcon_pkg']
[0.295s] Level 1:colcon.colcon_core.package_identification:_identify(src/dataset/ros2-walk2) by extension 'colcon_pkg'
[0.295s] Level 1:colcon.colcon_core.package_identification:_identify(src/dataset/ros2-walk2) by extensions ['colcon_meta']
[0.295s] Level 1:colcon.colcon_core.package_identification:_identify(src/dataset/ros2-walk2) by extension 'colcon_meta'
[0.295s] Level 1:colcon.colcon_core.package_identification:_identify(src/dataset/ros2-walk2) by extensions ['ros']
[0.295s] Level 1:colcon.colcon_core.package_identification:_identify(src/dataset/ros2-walk2) by extension 'ros'
[0.295s] Level 1:colcon.colcon_core.package_identification:_identify(src/dataset/ros2-walk2) by extensions ['cmake', 'python']
[0.295s] Level 1:colcon.colcon_core.package_identification:_identify(src/dataset/ros2-walk2) by extension 'cmake'
[0.295s] Level 1:colcon.colcon_core.package_identification:_identify(src/dataset/ros2-walk2) by extension 'python'
[0.295s] Level 1:colcon.colcon_core.package_identification:_identify(src/dataset/ros2-walk2) by extensions ['python_setup_py']
[0.295s] Level 1:colcon.colcon_core.package_identification:_identify(src/dataset/ros2-walk2) by extension 'python_setup_py'
[0.295s] Level 1:colcon.colcon_core.package_identification:_identify(src/dataset/ros2-walk3) by extensions ['ignore', 'ignore_ament_install']
[0.295s] Level 1:colcon.colcon_core.package_identification:_identify(src/dataset/ros2-walk3) by extension 'ignore'
[0.295s] Level 1:colcon.colcon_core.package_identification:_identify(src/dataset/ros2-walk3) by extension 'ignore_ament_install'
[0.295s] Level 1:colcon.colcon_core.package_identification:_identify(src/dataset/ros2-walk3) by extensions ['colcon_pkg']
[0.295s] Level 1:colcon.colcon_core.package_identification:_identify(src/dataset/ros2-walk3) by extension 'colcon_pkg'
[0.295s] Level 1:colcon.colcon_core.package_identification:_identify(src/dataset/ros2-walk3) by extensions ['colcon_meta']
[0.295s] Level 1:colcon.colcon_core.package_identification:_identify(src/dataset/ros2-walk3) by extension 'colcon_meta'
[0.295s] Level 1:colcon.colcon_core.package_identification:_identify(src/dataset/ros2-walk3) by extensions ['ros']
[0.295s] Level 1:colcon.colcon_core.package_identification:_identify(src/dataset/ros2-walk3) by extension 'ros'
[0.295s] Level 1:colcon.colcon_core.package_identification:_identify(src/dataset/ros2-walk3) by extensions ['cmake', 'python']
[0.296s] Level 1:colcon.colcon_core.package_identification:_identify(src/dataset/ros2-walk3) by extension 'cmake'
[0.296s] Level 1:colcon.colcon_core.package_identification:_identify(src/dataset/ros2-walk3) by extension 'python'
[0.296s] Level 1:colcon.colcon_core.package_identification:_identify(src/dataset/ros2-walk3) by extensions ['python_setup_py']
[0.296s] Level 1:colcon.colcon_core.package_identification:_identify(src/dataset/ros2-walk3) by extension 'python_setup_py'
[0.296s] Level 1:colcon.colcon_core.package_identification:_identify(src/isas_msgs) by extensions ['ignore', 'ignore_ament_install']
[0.296s] Level 1:colcon.colcon_core.package_identification:_identify(src/isas_msgs) by extension 'ignore'
[0.296s] Level 1:colcon.colcon_core.package_identification:_identify(src/isas_msgs) by extension 'ignore_ament_install'
[0.296s] Level 1:colcon.colcon_core.package_identification:_identify(src/isas_msgs) by extensions ['colcon_pkg']
[0.296s] Level 1:colcon.colcon_core.package_identification:_identify(src/isas_msgs) by extension 'colcon_pkg'
[0.296s] Level 1:colcon.colcon_core.package_identification:_identify(src/isas_msgs) by extensions ['colcon_meta']
[0.296s] Level 1:colcon.colcon_core.package_identification:_identify(src/isas_msgs) by extension 'colcon_meta'
[0.296s] Level 1:colcon.colcon_core.package_identification:_identify(src/isas_msgs) by extensions ['ros']
[0.296s] Level 1:colcon.colcon_core.package_identification:_identify(src/isas_msgs) by extension 'ros'
[0.297s] DEBUG:colcon.colcon_core.package_identification:Package 'src/isas_msgs' with type 'ros.ament_cmake' and name 'isas_msgs'
[0.297s] Level 1:colcon.colcon_core.package_identification:_identify(src/sfuise) by extensions ['ignore', 'ignore_ament_install']
[0.298s] Level 1:colcon.colcon_core.package_identification:_identify(src/sfuise) by extension 'ignore'
[0.298s] Level 1:colcon.colcon_core.package_identification:_identify(src/sfuise) by extension 'ignore_ament_install'
[0.298s] Level 1:colcon.colcon_core.package_identification:_identify(src/sfuise) by extensions ['colcon_pkg']
[0.298s] Level 1:colcon.colcon_core.package_identification:_identify(src/sfuise) by extension 'colcon_pkg'
[0.298s] Level 1:colcon.colcon_core.package_identification:_identify(src/sfuise) by extensions ['colcon_meta']
[0.298s] Level 1:colcon.colcon_core.package_identification:_identify(src/sfuise) by extension 'colcon_meta'
[0.298s] Level 1:colcon.colcon_core.package_identification:_identify(src/sfuise) by extensions ['ros']
[0.298s] Level 1:colcon.colcon_core.package_identification:_identify(src/sfuise) by extension 'ros'
[0.300s] DEBUG:colcon.colcon_core.package_identification:Package 'src/sfuise' with type 'ros.ament_cmake' and name 'sfuise'
[0.300s] Level 1:colcon.colcon_core.package_identification:_identify(src/sfuise_msgs) by extensions ['ignore', 'ignore_ament_install']
[0.300s] Level 1:colcon.colcon_core.package_identification:_identify(src/sfuise_msgs) by extension 'ignore'
[0.300s] Level 1:colcon.colcon_core.package_identification:_identify(src/sfuise_msgs) by extension 'ignore_ament_install'
[0.300s] Level 1:colcon.colcon_core.package_identification:_identify(src/sfuise_msgs) by extensions ['colcon_pkg']
[0.300s] Level 1:colcon.colcon_core.package_identification:_identify(src/sfuise_msgs) by extension 'colcon_pkg'
[0.300s] Level 1:colcon.colcon_core.package_identification:_identify(src/sfuise_msgs) by extensions ['colcon_meta']
[0.300s] Level 1:colcon.colcon_core.package_identification:_identify(src/sfuise_msgs) by extension 'colcon_meta'
[0.300s] Level 1:colcon.colcon_core.package_identification:_identify(src/sfuise_msgs) by extensions ['ros']
[0.300s] Level 1:colcon.colcon_core.package_identification:_identify(src/sfuise_msgs) by extension 'ros'
[0.301s] DEBUG:colcon.colcon_core.package_identification:Package 'src/sfuise_msgs' with type 'ros.ament_cmake' and name 'sfuise_msgs'
[0.301s] Level 1:colcon.colcon_core.package_discovery:discover_packages(recursive) using defaults
[0.301s] Level 1:colcon.colcon_core.package_discovery:discover_packages(ignore) discover
[0.301s] Level 1:colcon.colcon_core.package_discovery:discover_packages(ignore) using defaults
[0.301s] Level 1:colcon.colcon_core.package_discovery:discover_packages(path) discover
[0.301s] Level 1:colcon.colcon_core.package_discovery:discover_packages(path) using defaults
[0.343s] Level 1:colcon.colcon_core.package_discovery:discover_packages(prefix_path) check parameters
[0.343s] Level 1:colcon.colcon_core.package_discovery:discover_packages(prefix_path) discover
[0.346s] DEBUG:colcon.colcon_installed_package_information.package_discovery:Found 4 installed packages in /home/dsh/Documents/work_logs/code/SFUISE/sfuise_ws/install
[0.348s] DEBUG:colcon.colcon_installed_package_information.package_discovery:Found 362 installed packages in /opt/ros/humble
[0.351s] Level 1:colcon.colcon_core.package_discovery:discover_packages(prefix_path) using defaults
[0.421s] Level 5:colcon.colcon_core.verb:set package 'cf_msgs' build argument 'cmake_args' from command line to 'None'
[0.422s] Level 5:colcon.colcon_core.verb:set package 'cf_msgs' build argument 'cmake_target' from command line to 'None'
[0.422s] Level 5:colcon.colcon_core.verb:set package 'cf_msgs' build argument 'cmake_target_skip_unavailable' from command line to 'False'
[0.422s] Level 5:colcon.colcon_core.verb:set package 'cf_msgs' build argument 'cmake_clean_cache' from command line to 'False'
[0.422s] Level 5:colcon.colcon_core.verb:set package 'cf_msgs' build argument 'cmake_clean_first' from command line to 'False'
[0.422s] Level 5:colcon.colcon_core.verb:set package 'cf_msgs' build argument 'cmake_force_configure' from command line to 'False'
[0.422s] Level 5:colcon.colcon_core.verb:set package 'cf_msgs' build argument 'ament_cmake_args' from command line to 'None'
[0.422s] Level 5:colcon.colcon_core.verb:set package 'cf_msgs' build argument 'catkin_cmake_args' from command line to 'None'
[0.422s] Level 5:colcon.colcon_core.verb:set package 'cf_msgs' build argument 'catkin_skip_building_tests' from command line to 'False'
[0.422s] DEBUG:colcon.colcon_core.verb:Building package 'cf_msgs' with the following arguments: {'ament_cmake_args': None, 'build_base': '/home/dsh/Documents/work_logs/code/SFUISE/sfuise_ws/build/cf_msgs', 'catkin_cmake_args': None, 'catkin_skip_building_tests': False, 'cmake_args': None, 'cmake_clean_cache': False, 'cmake_clean_first': False, 'cmake_force_configure': False, 'cmake_target': None, 'cmake_target_skip_unavailable': False, 'install_base': '/home/dsh/Documents/work_logs/code/SFUISE/sfuise_ws/install/cf_msgs', 'merge_install': False, 'path': '/home/dsh/Documents/work_logs/code/SFUISE/sfuise_ws/src/cf_msgs', 'symlink_install': False, 'test_result_base': None}
[0.423s] Level 5:colcon.colcon_core.verb:set package 'isas_msgs' build argument 'cmake_args' from command line to 'None'
[0.423s] Level 5:colcon.colcon_core.verb:set package 'isas_msgs' build argument 'cmake_target' from command line to 'None'
[0.423s] Level 5:colcon.colcon_core.verb:set package 'isas_msgs' build argument 'cmake_target_skip_unavailable' from command line to 'False'
[0.423s] Level 5:colcon.colcon_core.verb:set package 'isas_msgs' build argument 'cmake_clean_cache' from command line to 'False'
[0.423s] Level 5:colcon.colcon_core.verb:set package 'isas_msgs' build argument 'cmake_clean_first' from command line to 'False'
[0.423s] Level 5:colcon.colcon_core.verb:set package 'isas_msgs' build argument 'cmake_force_configure' from command line to 'False'
[0.423s] Level 5:colcon.colcon_core.verb:set package 'isas_msgs' build argument 'ament_cmake_args' from command line to 'None'
[0.423s] Level 5:colcon.colcon_core.verb:set package 'isas_msgs' build argument 'catkin_cmake_args' from command line to 'None'
[0.423s] Level 5:colcon.colcon_core.verb:set package 'isas_msgs' build argument 'catkin_skip_building_tests' from command line to 'False'
[0.423s] DEBUG:colcon.colcon_core.verb:Building package 'isas_msgs' with the following arguments: {'ament_cmake_args': None, 'build_base': '/home/dsh/Documents/work_logs/code/SFUISE/sfuise_ws/build/isas_msgs', 'catkin_cmake_args': None, 'catkin_skip_building_tests': False, 'cmake_args': None, 'cmake_clean_cache': False, 'cmake_clean_first': False, 'cmake_force_configure': False, 'cmake_target': None, 'cmake_target_skip_unavailable': False, 'install_base': '/home/dsh/Documents/work_logs/code/SFUISE/sfuise_ws/install/isas_msgs', 'merge_install': False, 'path': '/home/dsh/Documents/work_logs/code/SFUISE/sfuise_ws/src/isas_msgs', 'symlink_install': False, 'test_result_base': None}
[0.423s] Level 5:colcon.colcon_core.verb:set package 'sfuise_msgs' build argument 'cmake_args' from command line to 'None'
[0.423s] Level 5:colcon.colcon_core.verb:set package 'sfuise_msgs' build argument 'cmake_target' from command line to 'None'
[0.424s] Level 5:colcon.colcon_core.verb:set package 'sfuise_msgs' build argument 'cmake_target_skip_unavailable' from command line to 'False'
[0.424s] Level 5:colcon.colcon_core.verb:set package 'sfuise_msgs' build argument 'cmake_clean_cache' from command line to 'False'
[0.424s] Level 5:colcon.colcon_core.verb:set package 'sfuise_msgs' build argument 'cmake_clean_first' from command line to 'False'
[0.424s] Level 5:colcon.colcon_core.verb:set package 'sfuise_msgs' build argument 'cmake_force_configure' from command line to 'False'
[0.424s] Level 5:colcon.colcon_core.verb:set package 'sfuise_msgs' build argument 'ament_cmake_args' from command line to 'None'
[0.424s] Level 5:colcon.colcon_core.verb:set package 'sfuise_msgs' build argument 'catkin_cmake_args' from command line to 'None'
[0.424s] Level 5:colcon.colcon_core.verb:set package 'sfuise_msgs' build argument 'catkin_skip_building_tests' from command line to 'False'
[0.424s] DEBUG:colcon.colcon_core.verb:Building package 'sfuise_msgs' with the following arguments: {'ament_cmake_args': None, 'build_base': '/home/dsh/Documents/work_logs/code/SFUISE/sfuise_ws/build/sfuise_msgs', 'catkin_cmake_args': None, 'catkin_skip_building_tests': False, 'cmake_args': None, 'cmake_clean_cache': False, 'cmake_clean_first': False, 'cmake_force_configure': False, 'cmake_target': None, 'cmake_target_skip_unavailable': False, 'install_base': '/home/dsh/Documents/work_logs/code/SFUISE/sfuise_ws/install/sfuise_msgs', 'merge_install': False, 'path': '/home/dsh/Documents/work_logs/code/SFUISE/sfuise_ws/src/sfuise_msgs', 'symlink_install': False, 'test_result_base': None}
[0.424s] Level 5:colcon.colcon_core.verb:set package 'sfuise' build argument 'cmake_args' from command line to 'None'
[0.424s] Level 5:colcon.colcon_core.verb:set package 'sfuise' build argument 'cmake_target' from command line to 'None'
[0.424s] Level 5:colcon.colcon_core.verb:set package 'sfuise' build argument 'cmake_target_skip_unavailable' from command line to 'False'
[0.424s] Level 5:colcon.colcon_core.verb:set package 'sfuise' build argument 'cmake_clean_cache' from command line to 'False'
[0.424s] Level 5:colcon.colcon_core.verb:set package 'sfuise' build argument 'cmake_clean_first' from command line to 'False'
[0.424s] Level 5:colcon.colcon_core.verb:set package 'sfuise' build argument 'cmake_force_configure' from command line to 'False'
[0.424s] Level 5:colcon.colcon_core.verb:set package 'sfuise' build argument 'ament_cmake_args' from command line to 'None'
[0.424s] Level 5:colcon.colcon_core.verb:set package 'sfuise' build argument 'catkin_cmake_args' from command line to 'None'
[0.425s] Level 5:colcon.colcon_core.verb:set package 'sfuise' build argument 'catkin_skip_building_tests' from command line to 'False'
[0.425s] DEBUG:colcon.colcon_core.verb:Building package 'sfuise' with the following arguments: {'ament_cmake_args': None, 'build_base': '/home/dsh/Documents/work_logs/code/SFUISE/sfuise_ws/build/sfuise', 'catkin_cmake_args': None, 'catkin_skip_building_tests': False, 'cmake_args': None, 'cmake_clean_cache': False, 'cmake_clean_first': False, 'cmake_force_configure': False, 'cmake_target': None, 'cmake_target_skip_unavailable': False, 'install_base': '/home/dsh/Documents/work_logs/code/SFUISE/sfuise_ws/install/sfuise', 'merge_install': False, 'path': '/home/dsh/Documents/work_logs/code/SFUISE/sfuise_ws/src/sfuise', 'symlink_install': False, 'test_result_base': None}
[0.425s] INFO:colcon.colcon_core.executor:Executing jobs using 'parallel' executor
[0.427s] DEBUG:colcon.colcon_parallel_executor.executor.parallel:run_until_complete
[0.427s] INFO:colcon.colcon_ros.task.ament_cmake.build:Building ROS package in '/home/dsh/Documents/work_logs/code/SFUISE/sfuise_ws/src/cf_msgs' with build type 'ament_cmake'
[0.428s] INFO:colcon.colcon_cmake.task.cmake.build:Building CMake package in '/home/dsh/Documents/work_logs/code/SFUISE/sfuise_ws/src/cf_msgs'
[0.432s] INFO:colcon.colcon_core.plugin_system:Skipping extension 'colcon_core.shell.bat': Not used on non-Windows systems
[0.433s] INFO:colcon.colcon_core.shell:Skip shell extension 'powershell' for command environment: Not usable outside of PowerShell
[0.433s] DEBUG:colcon.colcon_core.shell:Skip shell extension 'dsv' for command environment
[0.439s] INFO:colcon.colcon_ros.task.ament_cmake.build:Building ROS package in '/home/dsh/Documents/work_logs/code/SFUISE/sfuise_ws/src/isas_msgs' with build type 'ament_cmake'
[0.439s] INFO:colcon.colcon_cmake.task.cmake.build:Building CMake package in '/home/dsh/Documents/work_logs/code/SFUISE/sfuise_ws/src/isas_msgs'
[0.440s] INFO:colcon.colcon_core.shell:Skip shell extension 'powershell' for command environment: Not usable outside of PowerShell
[0.440s] DEBUG:colcon.colcon_core.shell:Skip shell extension 'dsv' for command environment
[0.447s] INFO:colcon.colcon_ros.task.ament_cmake.build:Building ROS package in '/home/dsh/Documents/work_logs/code/SFUISE/sfuise_ws/src/sfuise_msgs' with build type 'ament_cmake'
[0.447s] INFO:colcon.colcon_cmake.task.cmake.build:Building CMake package in '/home/dsh/Documents/work_logs/code/SFUISE/sfuise_ws/src/sfuise_msgs'
[0.448s] INFO:colcon.colcon_core.shell:Skip shell extension 'powershell' for command environment: Not usable outside of PowerShell
[0.448s] DEBUG:colcon.colcon_core.shell:Skip shell extension 'dsv' for command environment
[0.464s] DEBUG:colcon.colcon_core.event_handler.log_command:Invoking command in '/home/dsh/Documents/work_logs/code/SFUISE/sfuise_ws/build/cf_msgs': CMAKE_PREFIX_PATH=${CMAKE_PREFIX_PATH}:/opt/ros/humble /usr/bin/cmake --build /home/dsh/Documents/work_logs/code/SFUISE/sfuise_ws/build/cf_msgs -- -j20 -l20
[0.470s] DEBUG:colcon.colcon_core.event_handler.log_command:Invoking command in '/home/dsh/Documents/work_logs/code/SFUISE/sfuise_ws/build/isas_msgs': CMAKE_PREFIX_PATH=${CMAKE_PREFIX_PATH}:/opt/ros/humble /usr/bin/cmake --build /home/dsh/Documents/work_logs/code/SFUISE/sfuise_ws/build/isas_msgs -- -j20 -l20
[0.478s] DEBUG:colcon.colcon_core.event_handler.log_command:Invoking command in '/home/dsh/Documents/work_logs/code/SFUISE/sfuise_ws/build/sfuise_msgs': CMAKE_PREFIX_PATH=${CMAKE_PREFIX_PATH}:/opt/ros/humble /usr/bin/cmake --build /home/dsh/Documents/work_logs/code/SFUISE/sfuise_ws/build/sfuise_msgs -- -j20 -l20
[1.252s] DEBUG:colcon.colcon_core.event_handler.log_command:Invoked command in '/home/dsh/Documents/work_logs/code/SFUISE/sfuise_ws/build/sfuise_msgs' returned '0': CMAKE_PREFIX_PATH=${CMAKE_PREFIX_PATH}:/opt/ros/humble /usr/bin/cmake --build /home/dsh/Documents/work_logs/code/SFUISE/sfuise_ws/build/sfuise_msgs -- -j20 -l20
[1.273s] DEBUG:colcon.colcon_core.event_handler.log_command:Invoking command in '/home/dsh/Documents/work_logs/code/SFUISE/sfuise_ws/build/sfuise_msgs': CMAKE_PREFIX_PATH=${CMAKE_PREFIX_PATH}:/opt/ros/humble /usr/bin/cmake --install /home/dsh/Documents/work_logs/code/SFUISE/sfuise_ws/build/sfuise_msgs
[1.276s] DEBUG:colcon.colcon_core.event_handler.log_command:Invoked command in '/home/dsh/Documents/work_logs/code/SFUISE/sfuise_ws/build/cf_msgs' returned '0': CMAKE_PREFIX_PATH=${CMAKE_PREFIX_PATH}:/opt/ros/humble /usr/bin/cmake --build /home/dsh/Documents/work_logs/code/SFUISE/sfuise_ws/build/cf_msgs -- -j20 -l20
[1.280s] DEBUG:colcon.colcon_core.event_handler.log_command:Invoking command in '/home/dsh/Documents/work_logs/code/SFUISE/sfuise_ws/build/cf_msgs': CMAKE_PREFIX_PATH=${CMAKE_PREFIX_PATH}:/opt/ros/humble /usr/bin/cmake --install /home/dsh/Documents/work_logs/code/SFUISE/sfuise_ws/build/cf_msgs
[1.339s] DEBUG:colcon.colcon_core.event_handler.log_command:Invoked command in '/home/dsh/Documents/work_logs/code/SFUISE/sfuise_ws/build/isas_msgs' returned '0': CMAKE_PREFIX_PATH=${CMAKE_PREFIX_PATH}:/opt/ros/humble /usr/bin/cmake --build /home/dsh/Documents/work_logs/code/SFUISE/sfuise_ws/build/isas_msgs -- -j20 -l20
[1.343s] DEBUG:colcon.colcon_core.event_handler.log_command:Invoking command in '/home/dsh/Documents/work_logs/code/SFUISE/sfuise_ws/build/isas_msgs': CMAKE_PREFIX_PATH=${CMAKE_PREFIX_PATH}:/opt/ros/humble /usr/bin/cmake --install /home/dsh/Documents/work_logs/code/SFUISE/sfuise_ws/build/isas_msgs
[1.390s] Level 1:colcon.colcon_core.environment:create_environment_scripts_only(sfuise_msgs)
[1.393s] DEBUG:colcon.colcon_core.event_handler.log_command:Invoked command in '/home/dsh/Documents/work_logs/code/SFUISE/sfuise_ws/build/sfuise_msgs' returned '0': CMAKE_PREFIX_PATH=${CMAKE_PREFIX_PATH}:/opt/ros/humble /usr/bin/cmake --install /home/dsh/Documents/work_logs/code/SFUISE/sfuise_ws/build/sfuise_msgs
[1.399s] Level 1:colcon.colcon_core.environment:checking '/home/dsh/Documents/work_logs/code/SFUISE/sfuise_ws/install/sfuise_msgs' for CMake module files
[1.401s] Level 1:colcon.colcon_core.environment:checking '/home/dsh/Documents/work_logs/code/SFUISE/sfuise_ws/install/sfuise_msgs' for CMake config files
[1.402s] Level 1:colcon.colcon_core.shell:create_environment_hook('sfuise_msgs', 'cmake_prefix_path')
[1.402s] INFO:colcon.colcon_core.shell:Creating environment hook '/home/dsh/Documents/work_logs/code/SFUISE/sfuise_ws/install/sfuise_msgs/share/sfuise_msgs/hook/cmake_prefix_path.ps1'
[1.404s] INFO:colcon.colcon_core.shell:Creating environment descriptor '/home/dsh/Documents/work_logs/code/SFUISE/sfuise_ws/install/sfuise_msgs/share/sfuise_msgs/hook/cmake_prefix_path.dsv'
[1.404s] INFO:colcon.colcon_core.shell:Creating environment hook '/home/dsh/Documents/work_logs/code/SFUISE/sfuise_ws/install/sfuise_msgs/share/sfuise_msgs/hook/cmake_prefix_path.sh'
[1.406s] Level 1:colcon.colcon_core.environment:checking '/home/dsh/Documents/work_logs/code/SFUISE/sfuise_ws/install/sfuise_msgs/lib'
[1.406s] Level 1:colcon.colcon_core.shell:create_environment_hook('sfuise_msgs', 'ld_library_path_lib')
[1.407s] INFO:colcon.colcon_core.shell:Creating environment hook '/home/dsh/Documents/work_logs/code/SFUISE/sfuise_ws/install/sfuise_msgs/share/sfuise_msgs/hook/ld_library_path_lib.ps1'
[1.408s] INFO:colcon.colcon_core.shell:Creating environment descriptor '/home/dsh/Documents/work_logs/code/SFUISE/sfuise_ws/install/sfuise_msgs/share/sfuise_msgs/hook/ld_library_path_lib.dsv'
[1.409s] INFO:colcon.colcon_core.shell:Creating environment hook '/home/dsh/Documents/work_logs/code/SFUISE/sfuise_ws/install/sfuise_msgs/share/sfuise_msgs/hook/ld_library_path_lib.sh'
[1.410s] Level 1:colcon.colcon_core.environment:checking '/home/dsh/Documents/work_logs/code/SFUISE/sfuise_ws/install/sfuise_msgs/bin'
[1.410s] Level 1:colcon.colcon_core.environment:checking '/home/dsh/Documents/work_logs/code/SFUISE/sfuise_ws/install/sfuise_msgs/lib/pkgconfig/sfuise_msgs.pc'
[1.411s] Level 1:colcon.colcon_core.environment:checking '/home/dsh/Documents/work_logs/code/SFUISE/sfuise_ws/install/sfuise_msgs/lib/python3.10/site-packages'
[1.411s] Level 1:colcon.colcon_core.environment:checking '/home/dsh/Documents/work_logs/code/SFUISE/sfuise_ws/install/sfuise_msgs/bin'
[1.412s] INFO:colcon.colcon_core.shell:Creating package script '/home/dsh/Documents/work_logs/code/SFUISE/sfuise_ws/install/sfuise_msgs/share/sfuise_msgs/package.ps1'
[1.414s] INFO:colcon.colcon_core.shell:Creating package descriptor '/home/dsh/Documents/work_logs/code/SFUISE/sfuise_ws/install/sfuise_msgs/share/sfuise_msgs/package.dsv'
[1.415s] INFO:colcon.colcon_core.shell:Creating package script '/home/dsh/Documents/work_logs/code/SFUISE/sfuise_ws/install/sfuise_msgs/share/sfuise_msgs/package.sh'
[1.417s] INFO:colcon.colcon_core.shell:Creating package script '/home/dsh/Documents/work_logs/code/SFUISE/sfuise_ws/install/sfuise_msgs/share/sfuise_msgs/package.bash'
[1.418s] INFO:colcon.colcon_core.shell:Creating package script '/home/dsh/Documents/work_logs/code/SFUISE/sfuise_ws/install/sfuise_msgs/share/sfuise_msgs/package.zsh'
[1.421s] Level 1:colcon.colcon_core.environment:create_file_with_runtime_dependencies(/home/dsh/Documents/work_logs/code/SFUISE/sfuise_ws/install/sfuise_msgs/share/colcon-core/packages/sfuise_msgs)
[1.429s] Level 1:colcon.colcon_core.environment:create_environment_scripts_only(sfuise_msgs)
[1.430s] Level 1:colcon.colcon_core.environment:checking '/home/dsh/Documents/work_logs/code/SFUISE/sfuise_ws/install/sfuise_msgs' for CMake module files
[1.438s] Level 1:colcon.colcon_core.environment:checking '/home/dsh/Documents/work_logs/code/SFUISE/sfuise_ws/install/sfuise_msgs' for CMake config files
[1.439s] Level 1:colcon.colcon_core.shell:create_environment_hook('sfuise_msgs', 'cmake_prefix_path')
[1.440s] INFO:colcon.colcon_core.shell:Creating environment hook '/home/dsh/Documents/work_logs/code/SFUISE/sfuise_ws/install/sfuise_msgs/share/sfuise_msgs/hook/cmake_prefix_path.ps1'
[1.441s] INFO:colcon.colcon_core.shell:Creating environment descriptor '/home/dsh/Documents/work_logs/code/SFUISE/sfuise_ws/install/sfuise_msgs/share/sfuise_msgs/hook/cmake_prefix_path.dsv'
[1.441s] INFO:colcon.colcon_core.shell:Creating environment hook '/home/dsh/Documents/work_logs/code/SFUISE/sfuise_ws/install/sfuise_msgs/share/sfuise_msgs/hook/cmake_prefix_path.sh'
[1.442s] Level 1:colcon.colcon_core.environment:checking '/home/dsh/Documents/work_logs/code/SFUISE/sfuise_ws/install/sfuise_msgs/lib'
[1.442s] Level 1:colcon.colcon_core.shell:create_environment_hook('sfuise_msgs', 'ld_library_path_lib')
[1.443s] INFO:colcon.colcon_core.shell:Creating environment hook '/home/dsh/Documents/work_logs/code/SFUISE/sfuise_ws/install/sfuise_msgs/share/sfuise_msgs/hook/ld_library_path_lib.ps1'
[1.444s] INFO:colcon.colcon_core.shell:Creating environment descriptor '/home/dsh/Documents/work_logs/code/SFUISE/sfuise_ws/install/sfuise_msgs/share/sfuise_msgs/hook/ld_library_path_lib.dsv'
[1.444s] INFO:colcon.colcon_core.shell:Creating environment hook '/home/dsh/Documents/work_logs/code/SFUISE/sfuise_ws/install/sfuise_msgs/share/sfuise_msgs/hook/ld_library_path_lib.sh'
[1.445s] Level 1:colcon.colcon_core.environment:checking '/home/dsh/Documents/work_logs/code/SFUISE/sfuise_ws/install/sfuise_msgs/bin'
[1.445s] Level 1:colcon.colcon_core.environment:checking '/home/dsh/Documents/work_logs/code/SFUISE/sfuise_ws/install/sfuise_msgs/lib/pkgconfig/sfuise_msgs.pc'
[1.445s] Level 1:colcon.colcon_core.environment:checking '/home/dsh/Documents/work_logs/code/SFUISE/sfuise_ws/install/sfuise_msgs/lib/python3.10/site-packages'
[1.446s] Level 1:colcon.colcon_core.environment:checking '/home/dsh/Documents/work_logs/code/SFUISE/sfuise_ws/install/sfuise_msgs/bin'
[1.446s] INFO:colcon.colcon_core.shell:Creating package script '/home/dsh/Documents/work_logs/code/SFUISE/sfuise_ws/install/sfuise_msgs/share/sfuise_msgs/package.ps1'
[1.447s] INFO:colcon.colcon_core.shell:Creating package descriptor '/home/dsh/Documents/work_logs/code/SFUISE/sfuise_ws/install/sfuise_msgs/share/sfuise_msgs/package.dsv'
[1.448s] INFO:colcon.colcon_core.shell:Creating package script '/home/dsh/Documents/work_logs/code/SFUISE/sfuise_ws/install/sfuise_msgs/share/sfuise_msgs/package.sh'
[1.449s] INFO:colcon.colcon_core.shell:Creating package script '/home/dsh/Documents/work_logs/code/SFUISE/sfuise_ws/install/sfuise_msgs/share/sfuise_msgs/package.bash'
[1.450s] INFO:colcon.colcon_core.shell:Creating package script '/home/dsh/Documents/work_logs/code/SFUISE/sfuise_ws/install/sfuise_msgs/share/sfuise_msgs/package.zsh'
[1.450s] Level 1:colcon.colcon_core.environment:create_file_with_runtime_dependencies(/home/dsh/Documents/work_logs/code/SFUISE/sfuise_ws/install/sfuise_msgs/share/colcon-core/packages/sfuise_msgs)
[1.453s] Level 1:colcon.colcon_core.environment:create_environment_scripts_only(cf_msgs)
[1.453s] Level 1:colcon.colcon_core.environment:checking '/home/dsh/Documents/work_logs/code/SFUISE/sfuise_ws/install/cf_msgs' for CMake module files
[1.454s] DEBUG:colcon.colcon_core.event_handler.log_command:Invoked command in '/home/dsh/Documents/work_logs/code/SFUISE/sfuise_ws/build/cf_msgs' returned '0': CMAKE_PREFIX_PATH=${CMAKE_PREFIX_PATH}:/opt/ros/humble /usr/bin/cmake --install /home/dsh/Documents/work_logs/code/SFUISE/sfuise_ws/build/cf_msgs
[1.455s] Level 1:colcon.colcon_core.environment:checking '/home/dsh/Documents/work_logs/code/SFUISE/sfuise_ws/install/cf_msgs' for CMake config files
[1.456s] Level 1:colcon.colcon_core.shell:create_environment_hook('cf_msgs', 'cmake_prefix_path')
[1.456s] INFO:colcon.colcon_core.shell:Creating environment hook '/home/dsh/Documents/work_logs/code/SFUISE/sfuise_ws/install/cf_msgs/share/cf_msgs/hook/cmake_prefix_path.ps1'
[1.457s] INFO:colcon.colcon_core.shell:Creating environment descriptor '/home/dsh/Documents/work_logs/code/SFUISE/sfuise_ws/install/cf_msgs/share/cf_msgs/hook/cmake_prefix_path.dsv'
[1.457s] INFO:colcon.colcon_core.shell:Creating environment hook '/home/dsh/Documents/work_logs/code/SFUISE/sfuise_ws/install/cf_msgs/share/cf_msgs/hook/cmake_prefix_path.sh'
[1.458s] Level 1:colcon.colcon_core.environment:checking '/home/dsh/Documents/work_logs/code/SFUISE/sfuise_ws/install/cf_msgs/lib'
[1.458s] Level 1:colcon.colcon_core.shell:create_environment_hook('cf_msgs', 'ld_library_path_lib')
[1.459s] INFO:colcon.colcon_core.shell:Creating environment hook '/home/dsh/Documents/work_logs/code/SFUISE/sfuise_ws/install/cf_msgs/share/cf_msgs/hook/ld_library_path_lib.ps1'
[1.459s] INFO:colcon.colcon_core.shell:Creating environment descriptor '/home/dsh/Documents/work_logs/code/SFUISE/sfuise_ws/install/cf_msgs/share/cf_msgs/hook/ld_library_path_lib.dsv'
[1.460s] INFO:colcon.colcon_core.shell:Creating environment hook '/home/dsh/Documents/work_logs/code/SFUISE/sfuise_ws/install/cf_msgs/share/cf_msgs/hook/ld_library_path_lib.sh'
[1.460s] Level 1:colcon.colcon_core.environment:checking '/home/dsh/Documents/work_logs/code/SFUISE/sfuise_ws/install/cf_msgs/bin'
[1.461s] Level 1:colcon.colcon_core.environment:checking '/home/dsh/Documents/work_logs/code/SFUISE/sfuise_ws/install/cf_msgs/lib/pkgconfig/cf_msgs.pc'
[1.461s] Level 1:colcon.colcon_core.environment:checking '/home/dsh/Documents/work_logs/code/SFUISE/sfuise_ws/install/cf_msgs/lib/python3.10/site-packages'
[1.462s] Level 1:colcon.colcon_core.environment:checking '/home/dsh/Documents/work_logs/code/SFUISE/sfuise_ws/install/cf_msgs/bin'
[1.462s] INFO:colcon.colcon_core.shell:Creating package script '/home/dsh/Documents/work_logs/code/SFUISE/sfuise_ws/install/cf_msgs/share/cf_msgs/package.ps1'
[1.463s] INFO:colcon.colcon_core.shell:Creating package descriptor '/home/dsh/Documents/work_logs/code/SFUISE/sfuise_ws/install/cf_msgs/share/cf_msgs/package.dsv'
[1.464s] INFO:colcon.colcon_core.shell:Creating package script '/home/dsh/Documents/work_logs/code/SFUISE/sfuise_ws/install/cf_msgs/share/cf_msgs/package.sh'
[1.465s] INFO:colcon.colcon_core.shell:Creating package script '/home/dsh/Documents/work_logs/code/SFUISE/sfuise_ws/install/cf_msgs/share/cf_msgs/package.bash'
[1.465s] INFO:colcon.colcon_core.shell:Creating package script '/home/dsh/Documents/work_logs/code/SFUISE/sfuise_ws/install/cf_msgs/share/cf_msgs/package.zsh'
[1.466s] Level 1:colcon.colcon_core.environment:create_file_with_runtime_dependencies(/home/dsh/Documents/work_logs/code/SFUISE/sfuise_ws/install/cf_msgs/share/colcon-core/packages/cf_msgs)
[1.467s] Level 1:colcon.colcon_core.environment:create_environment_scripts_only(cf_msgs)
[1.467s] Level 1:colcon.colcon_core.environment:checking '/home/dsh/Documents/work_logs/code/SFUISE/sfuise_ws/install/cf_msgs' for CMake module files
[1.468s] Level 1:colcon.colcon_core.environment:checking '/home/dsh/Documents/work_logs/code/SFUISE/sfuise_ws/install/cf_msgs' for CMake config files
[1.469s] Level 1:colcon.colcon_core.shell:create_environment_hook('cf_msgs', 'cmake_prefix_path')
[1.469s] INFO:colcon.colcon_core.shell:Creating environment hook '/home/dsh/Documents/work_logs/code/SFUISE/sfuise_ws/install/cf_msgs/share/cf_msgs/hook/cmake_prefix_path.ps1'
[1.470s] INFO:colcon.colcon_core.shell:Creating environment descriptor '/home/dsh/Documents/work_logs/code/SFUISE/sfuise_ws/install/cf_msgs/share/cf_msgs/hook/cmake_prefix_path.dsv'
[1.470s] INFO:colcon.colcon_core.shell:Creating environment hook '/home/dsh/Documents/work_logs/code/SFUISE/sfuise_ws/install/cf_msgs/share/cf_msgs/hook/cmake_prefix_path.sh'
[1.471s] Level 1:colcon.colcon_core.environment:checking '/home/dsh/Documents/work_logs/code/SFUISE/sfuise_ws/install/cf_msgs/lib'
[1.471s] Level 1:colcon.colcon_core.shell:create_environment_hook('cf_msgs', 'ld_library_path_lib')
[1.472s] INFO:colcon.colcon_core.shell:Creating environment hook '/home/dsh/Documents/work_logs/code/SFUISE/sfuise_ws/install/cf_msgs/share/cf_msgs/hook/ld_library_path_lib.ps1'
[1.472s] INFO:colcon.colcon_core.shell:Creating environment descriptor '/home/dsh/Documents/work_logs/code/SFUISE/sfuise_ws/install/cf_msgs/share/cf_msgs/hook/ld_library_path_lib.dsv'
[1.473s] INFO:colcon.colcon_core.shell:Creating environment hook '/home/dsh/Documents/work_logs/code/SFUISE/sfuise_ws/install/cf_msgs/share/cf_msgs/hook/ld_library_path_lib.sh'
[1.473s] Level 1:colcon.colcon_core.environment:checking '/home/dsh/Documents/work_logs/code/SFUISE/sfuise_ws/install/cf_msgs/bin'
[1.473s] Level 1:colcon.colcon_core.environment:checking '/home/dsh/Documents/work_logs/code/SFUISE/sfuise_ws/install/cf_msgs/lib/pkgconfig/cf_msgs.pc'
[1.474s] Level 1:colcon.colcon_core.environment:checking '/home/dsh/Documents/work_logs/code/SFUISE/sfuise_ws/install/cf_msgs/lib/python3.10/site-packages'
[1.474s] Level 1:colcon.colcon_core.environment:checking '/home/dsh/Documents/work_logs/code/SFUISE/sfuise_ws/install/cf_msgs/bin'
[1.474s] INFO:colcon.colcon_core.shell:Creating package script '/home/dsh/Documents/work_logs/code/SFUISE/sfuise_ws/install/cf_msgs/share/cf_msgs/package.ps1'
[1.475s] INFO:colcon.colcon_core.shell:Creating package descriptor '/home/dsh/Documents/work_logs/code/SFUISE/sfuise_ws/install/cf_msgs/share/cf_msgs/package.dsv'
[1.476s] INFO:colcon.colcon_core.shell:Creating package script '/home/dsh/Documents/work_logs/code/SFUISE/sfuise_ws/install/cf_msgs/share/cf_msgs/package.sh'
[1.476s] INFO:colcon.colcon_core.shell:Creating package script '/home/dsh/Documents/work_logs/code/SFUISE/sfuise_ws/install/cf_msgs/share/cf_msgs/package.bash'
[1.477s] INFO:colcon.colcon_core.shell:Creating package script '/home/dsh/Documents/work_logs/code/SFUISE/sfuise_ws/install/cf_msgs/share/cf_msgs/package.zsh'
[1.477s] Level 1:colcon.colcon_core.environment:create_file_with_runtime_dependencies(/home/dsh/Documents/work_logs/code/SFUISE/sfuise_ws/install/cf_msgs/share/colcon-core/packages/cf_msgs)
[1.478s] Level 1:colcon.colcon_core.environment:create_environment_scripts_only(isas_msgs)
[1.479s] Level 1:colcon.colcon_core.environment:checking '/home/dsh/Documents/work_logs/code/SFUISE/sfuise_ws/install/isas_msgs' for CMake module files
[1.480s] Level 1:colcon.colcon_core.environment:checking '/home/dsh/Documents/work_logs/code/SFUISE/sfuise_ws/install/isas_msgs' for CMake config files
[1.481s] DEBUG:colcon.colcon_core.event_handler.log_command:Invoked command in '/home/dsh/Documents/work_logs/code/SFUISE/sfuise_ws/build/isas_msgs' returned '0': CMAKE_PREFIX_PATH=${CMAKE_PREFIX_PATH}:/opt/ros/humble /usr/bin/cmake --install /home/dsh/Documents/work_logs/code/SFUISE/sfuise_ws/build/isas_msgs
[1.481s] Level 1:colcon.colcon_core.shell:create_environment_hook('isas_msgs', 'cmake_prefix_path')
[1.482s] INFO:colcon.colcon_core.shell:Creating environment hook '/home/dsh/Documents/work_logs/code/SFUISE/sfuise_ws/install/isas_msgs/share/isas_msgs/hook/cmake_prefix_path.ps1'
[1.482s] INFO:colcon.colcon_core.shell:Creating environment descriptor '/home/dsh/Documents/work_logs/code/SFUISE/sfuise_ws/install/isas_msgs/share/isas_msgs/hook/cmake_prefix_path.dsv'
[1.483s] INFO:colcon.colcon_core.shell:Creating environment hook '/home/dsh/Documents/work_logs/code/SFUISE/sfuise_ws/install/isas_msgs/share/isas_msgs/hook/cmake_prefix_path.sh'
[1.484s] Level 1:colcon.colcon_core.environment:checking '/home/dsh/Documents/work_logs/code/SFUISE/sfuise_ws/install/isas_msgs/lib'
[1.484s] Level 1:colcon.colcon_core.shell:create_environment_hook('isas_msgs', 'ld_library_path_lib')
[1.484s] INFO:colcon.colcon_core.shell:Creating environment hook '/home/dsh/Documents/work_logs/code/SFUISE/sfuise_ws/install/isas_msgs/share/isas_msgs/hook/ld_library_path_lib.ps1'
[1.485s] INFO:colcon.colcon_core.shell:Creating environment descriptor '/home/dsh/Documents/work_logs/code/SFUISE/sfuise_ws/install/isas_msgs/share/isas_msgs/hook/ld_library_path_lib.dsv'
[1.485s] INFO:colcon.colcon_core.shell:Creating environment hook '/home/dsh/Documents/work_logs/code/SFUISE/sfuise_ws/install/isas_msgs/share/isas_msgs/hook/ld_library_path_lib.sh'
[1.485s] Level 1:colcon.colcon_core.environment:checking '/home/dsh/Documents/work_logs/code/SFUISE/sfuise_ws/install/isas_msgs/bin'
[1.486s] Level 1:colcon.colcon_core.environment:checking '/home/dsh/Documents/work_logs/code/SFUISE/sfuise_ws/install/isas_msgs/lib/pkgconfig/isas_msgs.pc'
[1.486s] Level 1:colcon.colcon_core.environment:checking '/home/dsh/Documents/work_logs/code/SFUISE/sfuise_ws/install/isas_msgs/lib/python3.10/site-packages'
[1.486s] Level 1:colcon.colcon_core.environment:checking '/home/dsh/Documents/work_logs/code/SFUISE/sfuise_ws/install/isas_msgs/bin'
[1.487s] INFO:colcon.colcon_core.shell:Creating package script '/home/dsh/Documents/work_logs/code/SFUISE/sfuise_ws/install/isas_msgs/share/isas_msgs/package.ps1'
[1.487s] INFO:colcon.colcon_core.shell:Creating package descriptor '/home/dsh/Documents/work_logs/code/SFUISE/sfuise_ws/install/isas_msgs/share/isas_msgs/package.dsv'
[1.488s] INFO:colcon.colcon_core.shell:Creating package script '/home/dsh/Documents/work_logs/code/SFUISE/sfuise_ws/install/isas_msgs/share/isas_msgs/package.sh'
[1.488s] INFO:colcon.colcon_core.shell:Creating package script '/home/dsh/Documents/work_logs/code/SFUISE/sfuise_ws/install/isas_msgs/share/isas_msgs/package.bash'
[1.489s] INFO:colcon.colcon_core.shell:Creating package script '/home/dsh/Documents/work_logs/code/SFUISE/sfuise_ws/install/isas_msgs/share/isas_msgs/package.zsh'
[1.489s] Level 1:colcon.colcon_core.environment:create_file_with_runtime_dependencies(/home/dsh/Documents/work_logs/code/SFUISE/sfuise_ws/install/isas_msgs/share/colcon-core/packages/isas_msgs)
[1.490s] Level 1:colcon.colcon_core.environment:create_environment_scripts_only(isas_msgs)
[1.490s] Level 1:colcon.colcon_core.environment:checking '/home/dsh/Documents/work_logs/code/SFUISE/sfuise_ws/install/isas_msgs' for CMake module files
[1.491s] Level 1:colcon.colcon_core.environment:checking '/home/dsh/Documents/work_logs/code/SFUISE/sfuise_ws/install/isas_msgs' for CMake config files
[1.492s] Level 1:colcon.colcon_core.shell:create_environment_hook('isas_msgs', 'cmake_prefix_path')
[1.492s] INFO:colcon.colcon_core.shell:Creating environment hook '/home/dsh/Documents/work_logs/code/SFUISE/sfuise_ws/install/isas_msgs/share/isas_msgs/hook/cmake_prefix_path.ps1'
[1.493s] INFO:colcon.colcon_core.shell:Creating environment descriptor '/home/dsh/Documents/work_logs/code/SFUISE/sfuise_ws/install/isas_msgs/share/isas_msgs/hook/cmake_prefix_path.dsv'
[1.493s] INFO:colcon.colcon_core.shell:Creating environment hook '/home/dsh/Documents/work_logs/code/SFUISE/sfuise_ws/install/isas_msgs/share/isas_msgs/hook/cmake_prefix_path.sh'
[1.494s] Level 1:colcon.colcon_core.environment:checking '/home/dsh/Documents/work_logs/code/SFUISE/sfuise_ws/install/isas_msgs/lib'
[1.494s] Level 1:colcon.colcon_core.shell:create_environment_hook('isas_msgs', 'ld_library_path_lib')
[1.494s] INFO:colcon.colcon_core.shell:Creating environment hook '/home/dsh/Documents/work_logs/code/SFUISE/sfuise_ws/install/isas_msgs/share/isas_msgs/hook/ld_library_path_lib.ps1'
[1.495s] INFO:colcon.colcon_core.shell:Creating environment descriptor '/home/dsh/Documents/work_logs/code/SFUISE/sfuise_ws/install/isas_msgs/share/isas_msgs/hook/ld_library_path_lib.dsv'
[1.496s] INFO:colcon.colcon_core.shell:Creating environment hook '/home/dsh/Documents/work_logs/code/SFUISE/sfuise_ws/install/isas_msgs/share/isas_msgs/hook/ld_library_path_lib.sh'
[1.496s] Level 1:colcon.colcon_core.environment:checking '/home/dsh/Documents/work_logs/code/SFUISE/sfuise_ws/install/isas_msgs/bin'
[1.496s] Level 1:colcon.colcon_core.environment:checking '/home/dsh/Documents/work_logs/code/SFUISE/sfuise_ws/install/isas_msgs/lib/pkgconfig/isas_msgs.pc'
[1.497s] Level 1:colcon.colcon_core.environment:checking '/home/dsh/Documents/work_logs/code/SFUISE/sfuise_ws/install/isas_msgs/lib/python3.10/site-packages'
[1.497s] Level 1:colcon.colcon_core.environment:checking '/home/dsh/Documents/work_logs/code/SFUISE/sfuise_ws/install/isas_msgs/bin'
[1.497s] INFO:colcon.colcon_core.shell:Creating package script '/home/dsh/Documents/work_logs/code/SFUISE/sfuise_ws/install/isas_msgs/share/isas_msgs/package.ps1'
[1.498s] INFO:colcon.colcon_core.shell:Creating package descriptor '/home/dsh/Documents/work_logs/code/SFUISE/sfuise_ws/install/isas_msgs/share/isas_msgs/package.dsv'
[1.499s] INFO:colcon.colcon_core.shell:Creating package script '/home/dsh/Documents/work_logs/code/SFUISE/sfuise_ws/install/isas_msgs/share/isas_msgs/package.sh'
[1.499s] INFO:colcon.colcon_core.shell:Creating package script '/home/dsh/Documents/work_logs/code/SFUISE/sfuise_ws/install/isas_msgs/share/isas_msgs/package.bash'
[1.500s] INFO:colcon.colcon_core.shell:Creating package script '/home/dsh/Documents/work_logs/code/SFUISE/sfuise_ws/install/isas_msgs/share/isas_msgs/package.zsh'
[1.501s] Level 1:colcon.colcon_core.environment:create_file_with_runtime_dependencies(/home/dsh/Documents/work_logs/code/SFUISE/sfuise_ws/install/isas_msgs/share/colcon-core/packages/isas_msgs)
[1.501s] INFO:colcon.colcon_ros.task.ament_cmake.build:Building ROS package in '/home/dsh/Documents/work_logs/code/SFUISE/sfuise_ws/src/sfuise' with build type 'ament_cmake'
[1.502s] INFO:colcon.colcon_cmake.task.cmake.build:Building CMake package in '/home/dsh/Documents/work_logs/code/SFUISE/sfuise_ws/src/sfuise'
[1.502s] INFO:colcon.colcon_core.shell:Skip shell extension 'powershell' for command environment: Not usable outside of PowerShell
[1.502s] DEBUG:colcon.colcon_core.shell:Skip shell extension 'dsv' for command environment
[1.529s] DEBUG:colcon.colcon_core.event_handler.log_command:Invoking command in '/home/dsh/Documents/work_logs/code/SFUISE/sfuise_ws/build/sfuise': CMAKE_PREFIX_PATH=/home/dsh/Documents/work_logs/code/SFUISE/sfuise_ws/install/sfuise_msgs:/home/dsh/Documents/work_logs/code/SFUISE/sfuise_ws/install/isas_msgs:/home/dsh/Documents/work_logs/code/SFUISE/sfuise_ws/install/cf_msgs:/home/dsh/Documents/work_logs/code/SFUISE/sfuise_ws/install/sfuise:/opt/ros/humble /usr/bin/cmake --build /home/dsh/Documents/work_logs/code/SFUISE/sfuise_ws/build/sfuise -- -j20 -l20
[66.473s] DEBUG:colcon.colcon_core.event_handler.log_command:Invoked command in '/home/dsh/Documents/work_logs/code/SFUISE/sfuise_ws/build/sfuise' returned '0': CMAKE_PREFIX_PATH=/home/dsh/Documents/work_logs/code/SFUISE/sfuise_ws/install/sfuise_msgs:/home/dsh/Documents/work_logs/code/SFUISE/sfuise_ws/install/isas_msgs:/home/dsh/Documents/work_logs/code/SFUISE/sfuise_ws/install/cf_msgs:/home/dsh/Documents/work_logs/code/SFUISE/sfuise_ws/install/sfuise:/opt/ros/humble /usr/bin/cmake --build /home/dsh/Documents/work_logs/code/SFUISE/sfuise_ws/build/sfuise -- -j20 -l20
[66.477s] DEBUG:colcon.colcon_core.event_handler.log_command:Invoking command in '/home/dsh/Documents/work_logs/code/SFUISE/sfuise_ws/build/sfuise': CMAKE_PREFIX_PATH=/home/dsh/Documents/work_logs/code/SFUISE/sfuise_ws/install/sfuise_msgs:/home/dsh/Documents/work_logs/code/SFUISE/sfuise_ws/install/isas_msgs:/home/dsh/Documents/work_logs/code/SFUISE/sfuise_ws/install/cf_msgs:/home/dsh/Documents/work_logs/code/SFUISE/sfuise_ws/install/sfuise:/opt/ros/humble /usr/bin/cmake --install /home/dsh/Documents/work_logs/code/SFUISE/sfuise_ws/build/sfuise
[66.501s] Level 1:colcon.colcon_core.environment:create_environment_scripts_only(sfuise)
[66.501s] Level 1:colcon.colcon_core.environment:checking '/home/dsh/Documents/work_logs/code/SFUISE/sfuise_ws/install/sfuise' for CMake module files
[66.502s] DEBUG:colcon.colcon_core.event_handler.log_command:Invoked command in '/home/dsh/Documents/work_logs/code/SFUISE/sfuise_ws/build/sfuise' returned '0': CMAKE_PREFIX_PATH=/home/dsh/Documents/work_logs/code/SFUISE/sfuise_ws/install/sfuise_msgs:/home/dsh/Documents/work_logs/code/SFUISE/sfuise_ws/install/isas_msgs:/home/dsh/Documents/work_logs/code/SFUISE/sfuise_ws/install/cf_msgs:/home/dsh/Documents/work_logs/code/SFUISE/sfuise_ws/install/sfuise:/opt/ros/humble /usr/bin/cmake --install /home/dsh/Documents/work_logs/code/SFUISE/sfuise_ws/build/sfuise
[66.503s] Level 1:colcon.colcon_core.environment:checking '/home/dsh/Documents/work_logs/code/SFUISE/sfuise_ws/install/sfuise' for CMake config files
[66.503s] Level 1:colcon.colcon_core.shell:create_environment_hook('sfuise', 'cmake_prefix_path')
[66.504s] INFO:colcon.colcon_core.shell:Creating environment hook '/home/dsh/Documents/work_logs/code/SFUISE/sfuise_ws/install/sfuise/share/sfuise/hook/cmake_prefix_path.ps1'
[66.504s] INFO:colcon.colcon_core.shell:Creating environment descriptor '/home/dsh/Documents/work_logs/code/SFUISE/sfuise_ws/install/sfuise/share/sfuise/hook/cmake_prefix_path.dsv'
[66.505s] INFO:colcon.colcon_core.shell:Creating environment hook '/home/dsh/Documents/work_logs/code/SFUISE/sfuise_ws/install/sfuise/share/sfuise/hook/cmake_prefix_path.sh'
[66.506s] Level 1:colcon.colcon_core.environment:checking '/home/dsh/Documents/work_logs/code/SFUISE/sfuise_ws/install/sfuise/lib'
[66.506s] Level 1:colcon.colcon_core.environment:checking '/home/dsh/Documents/work_logs/code/SFUISE/sfuise_ws/install/sfuise/bin'
[66.506s] Level 1:colcon.colcon_core.environment:checking '/home/dsh/Documents/work_logs/code/SFUISE/sfuise_ws/install/sfuise/lib/pkgconfig/sfuise.pc'
[66.506s] Level 1:colcon.colcon_core.environment:checking '/home/dsh/Documents/work_logs/code/SFUISE/sfuise_ws/install/sfuise/lib/python3.10/site-packages'
[66.506s] Level 1:colcon.colcon_core.environment:checking '/home/dsh/Documents/work_logs/code/SFUISE/sfuise_ws/install/sfuise/bin'
[66.507s] INFO:colcon.colcon_core.shell:Creating package script '/home/dsh/Documents/work_logs/code/SFUISE/sfuise_ws/install/sfuise/share/sfuise/package.ps1'
[66.508s] INFO:colcon.colcon_core.shell:Creating package descriptor '/home/dsh/Documents/work_logs/code/SFUISE/sfuise_ws/install/sfuise/share/sfuise/package.dsv'
[66.508s] INFO:colcon.colcon_core.shell:Creating package script '/home/dsh/Documents/work_logs/code/SFUISE/sfuise_ws/install/sfuise/share/sfuise/package.sh'
[66.509s] INFO:colcon.colcon_core.shell:Creating package script '/home/dsh/Documents/work_logs/code/SFUISE/sfuise_ws/install/sfuise/share/sfuise/package.bash'
[66.509s] INFO:colcon.colcon_core.shell:Creating package script '/home/dsh/Documents/work_logs/code/SFUISE/sfuise_ws/install/sfuise/share/sfuise/package.zsh'
[66.509s] Level 1:colcon.colcon_core.environment:create_file_with_runtime_dependencies(/home/dsh/Documents/work_logs/code/SFUISE/sfuise_ws/install/sfuise/share/colcon-core/packages/sfuise)
[66.510s] Level 1:colcon.colcon_core.environment:create_environment_scripts_only(sfuise)
[66.510s] Level 1:colcon.colcon_core.environment:checking '/home/dsh/Documents/work_logs/code/SFUISE/sfuise_ws/install/sfuise' for CMake module files
[66.511s] Level 1:colcon.colcon_core.environment:checking '/home/dsh/Documents/work_logs/code/SFUISE/sfuise_ws/install/sfuise' for CMake config files
[66.511s] Level 1:colcon.colcon_core.shell:create_environment_hook('sfuise', 'cmake_prefix_path')
[66.511s] INFO:colcon.colcon_core.shell:Creating environment hook '/home/dsh/Documents/work_logs/code/SFUISE/sfuise_ws/install/sfuise/share/sfuise/hook/cmake_prefix_path.ps1'
[66.512s] INFO:colcon.colcon_core.shell:Creating environment descriptor '/home/dsh/Documents/work_logs/code/SFUISE/sfuise_ws/install/sfuise/share/sfuise/hook/cmake_prefix_path.dsv'
[66.512s] INFO:colcon.colcon_core.shell:Creating environment hook '/home/dsh/Documents/work_logs/code/SFUISE/sfuise_ws/install/sfuise/share/sfuise/hook/cmake_prefix_path.sh'
[66.513s] Level 1:colcon.colcon_core.environment:checking '/home/dsh/Documents/work_logs/code/SFUISE/sfuise_ws/install/sfuise/lib'
[66.513s] Level 1:colcon.colcon_core.environment:checking '/home/dsh/Documents/work_logs/code/SFUISE/sfuise_ws/install/sfuise/bin'
[66.513s] Level 1:colcon.colcon_core.environment:checking '/home/dsh/Documents/work_logs/code/SFUISE/sfuise_ws/install/sfuise/lib/pkgconfig/sfuise.pc'
[66.513s] Level 1:colcon.colcon_core.environment:checking '/home/dsh/Documents/work_logs/code/SFUISE/sfuise_ws/install/sfuise/lib/python3.10/site-packages'
[66.514s] Level 1:colcon.colcon_core.environment:checking '/home/dsh/Documents/work_logs/code/SFUISE/sfuise_ws/install/sfuise/bin'
[66.514s] INFO:colcon.colcon_core.shell:Creating package script '/home/dsh/Documents/work_logs/code/SFUISE/sfuise_ws/install/sfuise/share/sfuise/package.ps1'
[66.515s] INFO:colcon.colcon_core.shell:Creating package descriptor '/home/dsh/Documents/work_logs/code/SFUISE/sfuise_ws/install/sfuise/share/sfuise/package.dsv'
[66.516s] INFO:colcon.colcon_core.shell:Creating package script '/home/dsh/Documents/work_logs/code/SFUISE/sfuise_ws/install/sfuise/share/sfuise/package.sh'
[66.516s] INFO:colcon.colcon_core.shell:Creating package script '/home/dsh/Documents/work_logs/code/SFUISE/sfuise_ws/install/sfuise/share/sfuise/package.bash'
[66.517s] INFO:colcon.colcon_core.shell:Creating package script '/home/dsh/Documents/work_logs/code/SFUISE/sfuise_ws/install/sfuise/share/sfuise/package.zsh'
[66.517s] Level 1:colcon.colcon_core.environment:create_file_with_runtime_dependencies(/home/dsh/Documents/work_logs/code/SFUISE/sfuise_ws/install/sfuise/share/colcon-core/packages/sfuise)
[66.518s] DEBUG:colcon.colcon_parallel_executor.executor.parallel:closing loop
[66.518s] DEBUG:colcon.colcon_parallel_executor.executor.parallel:loop closed
[66.518s] DEBUG:colcon.colcon_parallel_executor.executor.parallel:run_until_complete finished with '0'
[66.519s] DEBUG:colcon.colcon_core.event_reactor:joining thread
[66.526s] INFO:colcon.colcon_core.plugin_system:Skipping extension 'colcon_notification.desktop_notification.terminal_notifier': Not used on non-Darwin systems
[66.526s] INFO:colcon.colcon_core.plugin_system:Skipping extension 'colcon_notification.desktop_notification.win32': Not used on non-Windows systems
[66.526s] INFO:colcon.colcon_notification.desktop_notification:Sending desktop notification using 'notify2'
[66.553s] DEBUG:colcon.colcon_core.event_reactor:joined thread
[66.553s] INFO:colcon.colcon_core.shell:Creating prefix script '/home/dsh/Documents/work_logs/code/SFUISE/sfuise_ws/install/local_setup.ps1'
[66.555s] INFO:colcon.colcon_core.shell:Creating prefix util module '/home/dsh/Documents/work_logs/code/SFUISE/sfuise_ws/install/_local_setup_util_ps1.py'
[66.556s] INFO:colcon.colcon_core.shell:Creating prefix chain script '/home/dsh/Documents/work_logs/code/SFUISE/sfuise_ws/install/setup.ps1'
[66.558s] INFO:colcon.colcon_core.shell:Creating prefix script '/home/dsh/Documents/work_logs/code/SFUISE/sfuise_ws/install/local_setup.sh'
[66.558s] INFO:colcon.colcon_core.shell:Creating prefix util module '/home/dsh/Documents/work_logs/code/SFUISE/sfuise_ws/install/_local_setup_util_sh.py'
[66.559s] INFO:colcon.colcon_core.shell:Creating prefix chain script '/home/dsh/Documents/work_logs/code/SFUISE/sfuise_ws/install/setup.sh'
[66.561s] INFO:colcon.colcon_core.shell:Creating prefix script '/home/dsh/Documents/work_logs/code/SFUISE/sfuise_ws/install/local_setup.bash'
[66.561s] INFO:colcon.colcon_core.shell:Creating prefix chain script '/home/dsh/Documents/work_logs/code/SFUISE/sfuise_ws/install/setup.bash'
[66.563s] INFO:colcon.colcon_core.shell:Creating prefix script '/home/dsh/Documents/work_logs/code/SFUISE/sfuise_ws/install/local_setup.zsh'
[66.564s] INFO:colcon.colcon_core.shell:Creating prefix chain script '/home/dsh/Documents/work_logs/code/SFUISE/sfuise_ws/install/setup.zsh'
