[0.102s] DEBUG:colcon:Command line arguments: ['/usr/bin/colcon', 'build']
[0.102s] DEBUG:colcon:Parsed command line arguments: Namespace(log_base=None, log_level=None, verb_name='build', build_base='build', install_base='install', merge_install=False, symlink_install=False, test_result_base=None, continue_on_error=False, executor='parallel', parallel_workers=20, event_handlers=None, ignore_user_meta=False, metas=['./colcon.meta'], base_paths=['.'], packages_ignore=None, packages_ignore_regex=None, paths=None, packages_up_to=None, packages_up_to_regex=None, packages_above=None, packages_above_and_dependencies=None, packages_above_depth=None, packages_select_by_dep=None, packages_skip_by_dep=None, packages_skip_up_to=None, packages_select_build_failed=False, packages_skip_build_finished=False, packages_select_test_failures=False, packages_skip_test_passed=False, packages_select=None, packages_skip=None, packages_select_regex=None, packages_skip_regex=None, packages_start=None, packages_end=None, allow_overriding=[], cmake_args=None, cmake_target=None, cmake_target_skip_unavailable=False, cmake_clean_cache=False, cmake_clean_first=False, cmake_force_configure=False, ament_cmake_args=None, catkin_cmake_args=None, catkin_skip_building_tests=False, verb_parser=<colcon_defaults.argument_parser.defaults.DefaultArgumentsDecorator object at 0x7ec86645ce50>, verb_extension=<colcon_core.verb.build.BuildVerb object at 0x7ec86645c940>, main=<bound method BuildVerb.main of <colcon_core.verb.build.BuildVerb object at 0x7ec86645c940>>)
[0.284s] Level 1:colcon.colcon_core.package_discovery:discover_packages(colcon_meta) check parameters
[0.284s] Level 1:colcon.colcon_core.package_discovery:discover_packages(recursive) check parameters
[0.284s] Level 1:colcon.colcon_core.package_discovery:discover_packages(ignore) check parameters
[0.284s] Level 1:colcon.colcon_core.package_discovery:discover_packages(path) check parameters
[0.284s] Level 1:colcon.colcon_core.package_discovery:discover_packages(colcon_meta) discover
[0.284s] Level 1:colcon.colcon_core.package_discovery:discover_packages(recursive) discover
[0.284s] INFO:colcon.colcon_core.package_discovery:Crawling recursively for packages in '/home/dsh/Documents/work_logs/code/SFUISE/sfuise_ws'
[0.284s] Level 1:colcon.colcon_core.package_identification:_identify(.) by extensions ['ignore', 'ignore_ament_install']
[0.284s] Level 1:colcon.colcon_core.package_identification:_identify(.) by extension 'ignore'
[0.284s] Level 1:colcon.colcon_core.package_identification:_identify(.) by extension 'ignore_ament_install'
[0.284s] Level 1:colcon.colcon_core.package_identification:_identify(.) by extensions ['colcon_pkg']
[0.284s] Level 1:colcon.colcon_core.package_identification:_identify(.) by extension 'colcon_pkg'
[0.285s] Level 1:colcon.colcon_core.package_identification:_identify(.) by extensions ['colcon_meta']
[0.285s] Level 1:colcon.colcon_core.package_identification:_identify(.) by extension 'colcon_meta'
[0.285s] Level 1:colcon.colcon_core.package_identification:_identify(.) by extensions ['ros']
[0.285s] Level 1:colcon.colcon_core.package_identification:_identify(.) by extension 'ros'
[0.299s] Level 1:colcon.colcon_core.package_identification:_identify(.) by extensions ['cmake', 'python']
[0.299s] Level 1:colcon.colcon_core.package_identification:_identify(.) by extension 'cmake'
[0.299s] Level 1:colcon.colcon_core.package_identification:_identify(.) by extension 'python'
[0.299s] Level 1:colcon.colcon_core.package_identification:_identify(.) by extensions ['python_setup_py']
[0.299s] Level 1:colcon.colcon_core.package_identification:_identify(.) by extension 'python_setup_py'
[0.300s] Level 1:colcon.colcon_core.package_identification:_identify(build) by extensions ['ignore', 'ignore_ament_install']
[0.300s] Level 1:colcon.colcon_core.package_identification:_identify(build) by extension 'ignore'
[0.300s] Level 1:colcon.colcon_core.package_identification:_identify(build) ignored
[0.300s] Level 1:colcon.colcon_core.package_identification:_identify(install) by extensions ['ignore', 'ignore_ament_install']
[0.300s] Level 1:colcon.colcon_core.package_identification:_identify(install) by extension 'ignore'
[0.300s] Level 1:colcon.colcon_core.package_identification:_identify(install) ignored
[0.300s] Level 1:colcon.colcon_core.package_identification:_identify(log) by extensions ['ignore', 'ignore_ament_install']
[0.300s] Level 1:colcon.colcon_core.package_identification:_identify(log) by extension 'ignore'
[0.300s] Level 1:colcon.colcon_core.package_identification:_identify(log) ignored
[0.300s] Level 1:colcon.colcon_core.package_identification:_identify(src) by extensions ['ignore', 'ignore_ament_install']
[0.301s] Level 1:colcon.colcon_core.package_identification:_identify(src) by extension 'ignore'
[0.301s] Level 1:colcon.colcon_core.package_identification:_identify(src) by extension 'ignore_ament_install'
[0.301s] Level 1:colcon.colcon_core.package_identification:_identify(src) by extensions ['colcon_pkg']
[0.301s] Level 1:colcon.colcon_core.package_identification:_identify(src) by extension 'colcon_pkg'
[0.301s] Level 1:colcon.colcon_core.package_identification:_identify(src) by extensions ['colcon_meta']
[0.301s] Level 1:colcon.colcon_core.package_identification:_identify(src) by extension 'colcon_meta'
[0.301s] Level 1:colcon.colcon_core.package_identification:_identify(src) by extensions ['ros']
[0.301s] Level 1:colcon.colcon_core.package_identification:_identify(src) by extension 'ros'
[0.301s] Level 1:colcon.colcon_core.package_identification:_identify(src) by extensions ['cmake', 'python']
[0.301s] Level 1:colcon.colcon_core.package_identification:_identify(src) by extension 'cmake'
[0.301s] Level 1:colcon.colcon_core.package_identification:_identify(src) by extension 'python'
[0.301s] Level 1:colcon.colcon_core.package_identification:_identify(src) by extensions ['python_setup_py']
[0.301s] Level 1:colcon.colcon_core.package_identification:_identify(src) by extension 'python_setup_py'
[0.301s] Level 1:colcon.colcon_core.package_identification:_identify(src/cf_msgs) by extensions ['ignore', 'ignore_ament_install']
[0.301s] Level 1:colcon.colcon_core.package_identification:_identify(src/cf_msgs) by extension 'ignore'
[0.301s] Level 1:colcon.colcon_core.package_identification:_identify(src/cf_msgs) by extension 'ignore_ament_install'
[0.301s] Level 1:colcon.colcon_core.package_identification:_identify(src/cf_msgs) by extensions ['colcon_pkg']
[0.301s] Level 1:colcon.colcon_core.package_identification:_identify(src/cf_msgs) by extension 'colcon_pkg'
[0.301s] Level 1:colcon.colcon_core.package_identification:_identify(src/cf_msgs) by extensions ['colcon_meta']
[0.302s] Level 1:colcon.colcon_core.package_identification:_identify(src/cf_msgs) by extension 'colcon_meta'
[0.302s] Level 1:colcon.colcon_core.package_identification:_identify(src/cf_msgs) by extensions ['ros']
[0.302s] Level 1:colcon.colcon_core.package_identification:_identify(src/cf_msgs) by extension 'ros'
[0.305s] DEBUG:colcon.colcon_core.package_identification:Package 'src/cf_msgs' with type 'ros.ament_cmake' and name 'cf_msgs'
[0.305s] Level 1:colcon.colcon_core.package_identification:_identify(src/dataset) by extensions ['ignore', 'ignore_ament_install']
[0.306s] Level 1:colcon.colcon_core.package_identification:_identify(src/dataset) by extension 'ignore'
[0.306s] Level 1:colcon.colcon_core.package_identification:_identify(src/dataset) by extension 'ignore_ament_install'
[0.306s] Level 1:colcon.colcon_core.package_identification:_identify(src/dataset) by extensions ['colcon_pkg']
[0.306s] Level 1:colcon.colcon_core.package_identification:_identify(src/dataset) by extension 'colcon_pkg'
[0.306s] Level 1:colcon.colcon_core.package_identification:_identify(src/dataset) by extensions ['colcon_meta']
[0.306s] Level 1:colcon.colcon_core.package_identification:_identify(src/dataset) by extension 'colcon_meta'
[0.306s] Level 1:colcon.colcon_core.package_identification:_identify(src/dataset) by extensions ['ros']
[0.306s] Level 1:colcon.colcon_core.package_identification:_identify(src/dataset) by extension 'ros'
[0.306s] Level 1:colcon.colcon_core.package_identification:_identify(src/dataset) by extensions ['cmake', 'python']
[0.306s] Level 1:colcon.colcon_core.package_identification:_identify(src/dataset) by extension 'cmake'
[0.306s] Level 1:colcon.colcon_core.package_identification:_identify(src/dataset) by extension 'python'
[0.306s] Level 1:colcon.colcon_core.package_identification:_identify(src/dataset) by extensions ['python_setup_py']
[0.306s] Level 1:colcon.colcon_core.package_identification:_identify(src/dataset) by extension 'python_setup_py'
[0.306s] Level 1:colcon.colcon_core.package_identification:_identify(src/dataset/ros2-walk1) by extensions ['ignore', 'ignore_ament_install']
[0.306s] Level 1:colcon.colcon_core.package_identification:_identify(src/dataset/ros2-walk1) by extension 'ignore'
[0.307s] Level 1:colcon.colcon_core.package_identification:_identify(src/dataset/ros2-walk1) by extension 'ignore_ament_install'
[0.307s] Level 1:colcon.colcon_core.package_identification:_identify(src/dataset/ros2-walk1) by extensions ['colcon_pkg']
[0.307s] Level 1:colcon.colcon_core.package_identification:_identify(src/dataset/ros2-walk1) by extension 'colcon_pkg'
[0.307s] Level 1:colcon.colcon_core.package_identification:_identify(src/dataset/ros2-walk1) by extensions ['colcon_meta']
[0.307s] Level 1:colcon.colcon_core.package_identification:_identify(src/dataset/ros2-walk1) by extension 'colcon_meta'
[0.307s] Level 1:colcon.colcon_core.package_identification:_identify(src/dataset/ros2-walk1) by extensions ['ros']
[0.307s] Level 1:colcon.colcon_core.package_identification:_identify(src/dataset/ros2-walk1) by extension 'ros'
[0.307s] Level 1:colcon.colcon_core.package_identification:_identify(src/dataset/ros2-walk1) by extensions ['cmake', 'python']
[0.307s] Level 1:colcon.colcon_core.package_identification:_identify(src/dataset/ros2-walk1) by extension 'cmake'
[0.307s] Level 1:colcon.colcon_core.package_identification:_identify(src/dataset/ros2-walk1) by extension 'python'
[0.307s] Level 1:colcon.colcon_core.package_identification:_identify(src/dataset/ros2-walk1) by extensions ['python_setup_py']
[0.307s] Level 1:colcon.colcon_core.package_identification:_identify(src/dataset/ros2-walk1) by extension 'python_setup_py'
[0.307s] Level 1:colcon.colcon_core.package_identification:_identify(src/dataset/ros2-walk2) by extensions ['ignore', 'ignore_ament_install']
[0.307s] Level 1:colcon.colcon_core.package_identification:_identify(src/dataset/ros2-walk2) by extension 'ignore'
[0.307s] Level 1:colcon.colcon_core.package_identification:_identify(src/dataset/ros2-walk2) by extension 'ignore_ament_install'
[0.307s] Level 1:colcon.colcon_core.package_identification:_identify(src/dataset/ros2-walk2) by extensions ['colcon_pkg']
[0.307s] Level 1:colcon.colcon_core.package_identification:_identify(src/dataset/ros2-walk2) by extension 'colcon_pkg'
[0.307s] Level 1:colcon.colcon_core.package_identification:_identify(src/dataset/ros2-walk2) by extensions ['colcon_meta']
[0.307s] Level 1:colcon.colcon_core.package_identification:_identify(src/dataset/ros2-walk2) by extension 'colcon_meta'
[0.308s] Level 1:colcon.colcon_core.package_identification:_identify(src/dataset/ros2-walk2) by extensions ['ros']
[0.308s] Level 1:colcon.colcon_core.package_identification:_identify(src/dataset/ros2-walk2) by extension 'ros'
[0.308s] Level 1:colcon.colcon_core.package_identification:_identify(src/dataset/ros2-walk2) by extensions ['cmake', 'python']
[0.308s] Level 1:colcon.colcon_core.package_identification:_identify(src/dataset/ros2-walk2) by extension 'cmake'
[0.308s] Level 1:colcon.colcon_core.package_identification:_identify(src/dataset/ros2-walk2) by extension 'python'
[0.308s] Level 1:colcon.colcon_core.package_identification:_identify(src/dataset/ros2-walk2) by extensions ['python_setup_py']
[0.308s] Level 1:colcon.colcon_core.package_identification:_identify(src/dataset/ros2-walk2) by extension 'python_setup_py'
[0.308s] Level 1:colcon.colcon_core.package_identification:_identify(src/dataset/ros2-walk3) by extensions ['ignore', 'ignore_ament_install']
[0.308s] Level 1:colcon.colcon_core.package_identification:_identify(src/dataset/ros2-walk3) by extension 'ignore'
[0.308s] Level 1:colcon.colcon_core.package_identification:_identify(src/dataset/ros2-walk3) by extension 'ignore_ament_install'
[0.308s] Level 1:colcon.colcon_core.package_identification:_identify(src/dataset/ros2-walk3) by extensions ['colcon_pkg']
[0.308s] Level 1:colcon.colcon_core.package_identification:_identify(src/dataset/ros2-walk3) by extension 'colcon_pkg'
[0.308s] Level 1:colcon.colcon_core.package_identification:_identify(src/dataset/ros2-walk3) by extensions ['colcon_meta']
[0.308s] Level 1:colcon.colcon_core.package_identification:_identify(src/dataset/ros2-walk3) by extension 'colcon_meta'
[0.308s] Level 1:colcon.colcon_core.package_identification:_identify(src/dataset/ros2-walk3) by extensions ['ros']
[0.308s] Level 1:colcon.colcon_core.package_identification:_identify(src/dataset/ros2-walk3) by extension 'ros'
[0.308s] Level 1:colcon.colcon_core.package_identification:_identify(src/dataset/ros2-walk3) by extensions ['cmake', 'python']
[0.308s] Level 1:colcon.colcon_core.package_identification:_identify(src/dataset/ros2-walk3) by extension 'cmake'
[0.308s] Level 1:colcon.colcon_core.package_identification:_identify(src/dataset/ros2-walk3) by extension 'python'
[0.308s] Level 1:colcon.colcon_core.package_identification:_identify(src/dataset/ros2-walk3) by extensions ['python_setup_py']
[0.308s] Level 1:colcon.colcon_core.package_identification:_identify(src/dataset/ros2-walk3) by extension 'python_setup_py'
[0.309s] Level 1:colcon.colcon_core.package_identification:_identify(src/isas_msgs) by extensions ['ignore', 'ignore_ament_install']
[0.309s] Level 1:colcon.colcon_core.package_identification:_identify(src/isas_msgs) by extension 'ignore'
[0.309s] Level 1:colcon.colcon_core.package_identification:_identify(src/isas_msgs) by extension 'ignore_ament_install'
[0.309s] Level 1:colcon.colcon_core.package_identification:_identify(src/isas_msgs) by extensions ['colcon_pkg']
[0.309s] Level 1:colcon.colcon_core.package_identification:_identify(src/isas_msgs) by extension 'colcon_pkg'
[0.309s] Level 1:colcon.colcon_core.package_identification:_identify(src/isas_msgs) by extensions ['colcon_meta']
[0.309s] Level 1:colcon.colcon_core.package_identification:_identify(src/isas_msgs) by extension 'colcon_meta'
[0.309s] Level 1:colcon.colcon_core.package_identification:_identify(src/isas_msgs) by extensions ['ros']
[0.309s] Level 1:colcon.colcon_core.package_identification:_identify(src/isas_msgs) by extension 'ros'
[0.310s] DEBUG:colcon.colcon_core.package_identification:Package 'src/isas_msgs' with type 'ros.ament_cmake' and name 'isas_msgs'
[0.310s] Level 1:colcon.colcon_core.package_identification:_identify(src/sfuise) by extensions ['ignore', 'ignore_ament_install']
[0.310s] Level 1:colcon.colcon_core.package_identification:_identify(src/sfuise) by extension 'ignore'
[0.310s] Level 1:colcon.colcon_core.package_identification:_identify(src/sfuise) by extension 'ignore_ament_install'
[0.310s] Level 1:colcon.colcon_core.package_identification:_identify(src/sfuise) by extensions ['colcon_pkg']
[0.310s] Level 1:colcon.colcon_core.package_identification:_identify(src/sfuise) by extension 'colcon_pkg'
[0.310s] Level 1:colcon.colcon_core.package_identification:_identify(src/sfuise) by extensions ['colcon_meta']
[0.310s] Level 1:colcon.colcon_core.package_identification:_identify(src/sfuise) by extension 'colcon_meta'
[0.310s] Level 1:colcon.colcon_core.package_identification:_identify(src/sfuise) by extensions ['ros']
[0.311s] Level 1:colcon.colcon_core.package_identification:_identify(src/sfuise) by extension 'ros'
[0.312s] DEBUG:colcon.colcon_core.package_identification:Package 'src/sfuise' with type 'ros.ament_cmake' and name 'sfuise'
[0.312s] Level 1:colcon.colcon_core.package_identification:_identify(src/sfuise_msgs) by extensions ['ignore', 'ignore_ament_install']
[0.312s] Level 1:colcon.colcon_core.package_identification:_identify(src/sfuise_msgs) by extension 'ignore'
[0.312s] Level 1:colcon.colcon_core.package_identification:_identify(src/sfuise_msgs) by extension 'ignore_ament_install'
[0.312s] Level 1:colcon.colcon_core.package_identification:_identify(src/sfuise_msgs) by extensions ['colcon_pkg']
[0.312s] Level 1:colcon.colcon_core.package_identification:_identify(src/sfuise_msgs) by extension 'colcon_pkg'
[0.312s] Level 1:colcon.colcon_core.package_identification:_identify(src/sfuise_msgs) by extensions ['colcon_meta']
[0.312s] Level 1:colcon.colcon_core.package_identification:_identify(src/sfuise_msgs) by extension 'colcon_meta'
[0.313s] Level 1:colcon.colcon_core.package_identification:_identify(src/sfuise_msgs) by extensions ['ros']
[0.313s] Level 1:colcon.colcon_core.package_identification:_identify(src/sfuise_msgs) by extension 'ros'
[0.313s] DEBUG:colcon.colcon_core.package_identification:Package 'src/sfuise_msgs' with type 'ros.ament_cmake' and name 'sfuise_msgs'
[0.313s] Level 1:colcon.colcon_core.package_discovery:discover_packages(recursive) using defaults
[0.314s] Level 1:colcon.colcon_core.package_discovery:discover_packages(ignore) discover
[0.314s] Level 1:colcon.colcon_core.package_discovery:discover_packages(ignore) using defaults
[0.314s] Level 1:colcon.colcon_core.package_discovery:discover_packages(path) discover
[0.314s] Level 1:colcon.colcon_core.package_discovery:discover_packages(path) using defaults
[0.356s] Level 1:colcon.colcon_core.package_discovery:discover_packages(prefix_path) check parameters
[0.356s] Level 1:colcon.colcon_core.package_discovery:discover_packages(prefix_path) discover
[0.359s] DEBUG:colcon.colcon_installed_package_information.package_discovery:Found 4 installed packages in /home/dsh/Documents/work_logs/code/SFUISE/sfuise_ws/install
[0.361s] DEBUG:colcon.colcon_installed_package_information.package_discovery:Found 362 installed packages in /opt/ros/humble
[0.364s] Level 1:colcon.colcon_core.package_discovery:discover_packages(prefix_path) using defaults
[0.434s] Level 5:colcon.colcon_core.verb:set package 'cf_msgs' build argument 'cmake_args' from command line to 'None'
[0.434s] Level 5:colcon.colcon_core.verb:set package 'cf_msgs' build argument 'cmake_target' from command line to 'None'
[0.434s] Level 5:colcon.colcon_core.verb:set package 'cf_msgs' build argument 'cmake_target_skip_unavailable' from command line to 'False'
[0.434s] Level 5:colcon.colcon_core.verb:set package 'cf_msgs' build argument 'cmake_clean_cache' from command line to 'False'
[0.434s] Level 5:colcon.colcon_core.verb:set package 'cf_msgs' build argument 'cmake_clean_first' from command line to 'False'
[0.434s] Level 5:colcon.colcon_core.verb:set package 'cf_msgs' build argument 'cmake_force_configure' from command line to 'False'
[0.434s] Level 5:colcon.colcon_core.verb:set package 'cf_msgs' build argument 'ament_cmake_args' from command line to 'None'
[0.434s] Level 5:colcon.colcon_core.verb:set package 'cf_msgs' build argument 'catkin_cmake_args' from command line to 'None'
[0.434s] Level 5:colcon.colcon_core.verb:set package 'cf_msgs' build argument 'catkin_skip_building_tests' from command line to 'False'
[0.435s] DEBUG:colcon.colcon_core.verb:Building package 'cf_msgs' with the following arguments: {'ament_cmake_args': None, 'build_base': '/home/dsh/Documents/work_logs/code/SFUISE/sfuise_ws/build/cf_msgs', 'catkin_cmake_args': None, 'catkin_skip_building_tests': False, 'cmake_args': None, 'cmake_clean_cache': False, 'cmake_clean_first': False, 'cmake_force_configure': False, 'cmake_target': None, 'cmake_target_skip_unavailable': False, 'install_base': '/home/dsh/Documents/work_logs/code/SFUISE/sfuise_ws/install/cf_msgs', 'merge_install': False, 'path': '/home/dsh/Documents/work_logs/code/SFUISE/sfuise_ws/src/cf_msgs', 'symlink_install': False, 'test_result_base': None}
[0.435s] Level 5:colcon.colcon_core.verb:set package 'isas_msgs' build argument 'cmake_args' from command line to 'None'
[0.435s] Level 5:colcon.colcon_core.verb:set package 'isas_msgs' build argument 'cmake_target' from command line to 'None'
[0.435s] Level 5:colcon.colcon_core.verb:set package 'isas_msgs' build argument 'cmake_target_skip_unavailable' from command line to 'False'
[0.435s] Level 5:colcon.colcon_core.verb:set package 'isas_msgs' build argument 'cmake_clean_cache' from command line to 'False'
[0.435s] Level 5:colcon.colcon_core.verb:set package 'isas_msgs' build argument 'cmake_clean_first' from command line to 'False'
[0.435s] Level 5:colcon.colcon_core.verb:set package 'isas_msgs' build argument 'cmake_force_configure' from command line to 'False'
[0.435s] Level 5:colcon.colcon_core.verb:set package 'isas_msgs' build argument 'ament_cmake_args' from command line to 'None'
[0.435s] Level 5:colcon.colcon_core.verb:set package 'isas_msgs' build argument 'catkin_cmake_args' from command line to 'None'
[0.435s] Level 5:colcon.colcon_core.verb:set package 'isas_msgs' build argument 'catkin_skip_building_tests' from command line to 'False'
[0.435s] DEBUG:colcon.colcon_core.verb:Building package 'isas_msgs' with the following arguments: {'ament_cmake_args': None, 'build_base': '/home/dsh/Documents/work_logs/code/SFUISE/sfuise_ws/build/isas_msgs', 'catkin_cmake_args': None, 'catkin_skip_building_tests': False, 'cmake_args': None, 'cmake_clean_cache': False, 'cmake_clean_first': False, 'cmake_force_configure': False, 'cmake_target': None, 'cmake_target_skip_unavailable': False, 'install_base': '/home/dsh/Documents/work_logs/code/SFUISE/sfuise_ws/install/isas_msgs', 'merge_install': False, 'path': '/home/dsh/Documents/work_logs/code/SFUISE/sfuise_ws/src/isas_msgs', 'symlink_install': False, 'test_result_base': None}
[0.436s] Level 5:colcon.colcon_core.verb:set package 'sfuise_msgs' build argument 'cmake_args' from command line to 'None'
[0.436s] Level 5:colcon.colcon_core.verb:set package 'sfuise_msgs' build argument 'cmake_target' from command line to 'None'
[0.436s] Level 5:colcon.colcon_core.verb:set package 'sfuise_msgs' build argument 'cmake_target_skip_unavailable' from command line to 'False'
[0.436s] Level 5:colcon.colcon_core.verb:set package 'sfuise_msgs' build argument 'cmake_clean_cache' from command line to 'False'
[0.436s] Level 5:colcon.colcon_core.verb:set package 'sfuise_msgs' build argument 'cmake_clean_first' from command line to 'False'
[0.436s] Level 5:colcon.colcon_core.verb:set package 'sfuise_msgs' build argument 'cmake_force_configure' from command line to 'False'
[0.436s] Level 5:colcon.colcon_core.verb:set package 'sfuise_msgs' build argument 'ament_cmake_args' from command line to 'None'
[0.436s] Level 5:colcon.colcon_core.verb:set package 'sfuise_msgs' build argument 'catkin_cmake_args' from command line to 'None'
[0.436s] Level 5:colcon.colcon_core.verb:set package 'sfuise_msgs' build argument 'catkin_skip_building_tests' from command line to 'False'
[0.436s] DEBUG:colcon.colcon_core.verb:Building package 'sfuise_msgs' with the following arguments: {'ament_cmake_args': None, 'build_base': '/home/dsh/Documents/work_logs/code/SFUISE/sfuise_ws/build/sfuise_msgs', 'catkin_cmake_args': None, 'catkin_skip_building_tests': False, 'cmake_args': None, 'cmake_clean_cache': False, 'cmake_clean_first': False, 'cmake_force_configure': False, 'cmake_target': None, 'cmake_target_skip_unavailable': False, 'install_base': '/home/dsh/Documents/work_logs/code/SFUISE/sfuise_ws/install/sfuise_msgs', 'merge_install': False, 'path': '/home/dsh/Documents/work_logs/code/SFUISE/sfuise_ws/src/sfuise_msgs', 'symlink_install': False, 'test_result_base': None}
[0.437s] Level 5:colcon.colcon_core.verb:set package 'sfuise' build argument 'cmake_args' from command line to 'None'
[0.437s] Level 5:colcon.colcon_core.verb:set package 'sfuise' build argument 'cmake_target' from command line to 'None'
[0.437s] Level 5:colcon.colcon_core.verb:set package 'sfuise' build argument 'cmake_target_skip_unavailable' from command line to 'False'
[0.437s] Level 5:colcon.colcon_core.verb:set package 'sfuise' build argument 'cmake_clean_cache' from command line to 'False'
[0.437s] Level 5:colcon.colcon_core.verb:set package 'sfuise' build argument 'cmake_clean_first' from command line to 'False'
[0.437s] Level 5:colcon.colcon_core.verb:set package 'sfuise' build argument 'cmake_force_configure' from command line to 'False'
[0.437s] Level 5:colcon.colcon_core.verb:set package 'sfuise' build argument 'ament_cmake_args' from command line to 'None'
[0.437s] Level 5:colcon.colcon_core.verb:set package 'sfuise' build argument 'catkin_cmake_args' from command line to 'None'
[0.437s] Level 5:colcon.colcon_core.verb:set package 'sfuise' build argument 'catkin_skip_building_tests' from command line to 'False'
[0.437s] DEBUG:colcon.colcon_core.verb:Building package 'sfuise' with the following arguments: {'ament_cmake_args': None, 'build_base': '/home/dsh/Documents/work_logs/code/SFUISE/sfuise_ws/build/sfuise', 'catkin_cmake_args': None, 'catkin_skip_building_tests': False, 'cmake_args': None, 'cmake_clean_cache': False, 'cmake_clean_first': False, 'cmake_force_configure': False, 'cmake_target': None, 'cmake_target_skip_unavailable': False, 'install_base': '/home/dsh/Documents/work_logs/code/SFUISE/sfuise_ws/install/sfuise', 'merge_install': False, 'path': '/home/dsh/Documents/work_logs/code/SFUISE/sfuise_ws/src/sfuise', 'symlink_install': False, 'test_result_base': None}
[0.437s] INFO:colcon.colcon_core.executor:Executing jobs using 'parallel' executor
[0.439s] DEBUG:colcon.colcon_parallel_executor.executor.parallel:run_until_complete
[0.440s] INFO:colcon.colcon_ros.task.ament_cmake.build:Building ROS package in '/home/dsh/Documents/work_logs/code/SFUISE/sfuise_ws/src/cf_msgs' with build type 'ament_cmake'
[0.440s] INFO:colcon.colcon_cmake.task.cmake.build:Building CMake package in '/home/dsh/Documents/work_logs/code/SFUISE/sfuise_ws/src/cf_msgs'
[0.443s] INFO:colcon.colcon_core.plugin_system:Skipping extension 'colcon_core.shell.bat': Not used on non-Windows systems
[0.443s] INFO:colcon.colcon_core.shell:Skip shell extension 'powershell' for command environment: Not usable outside of PowerShell
[0.444s] DEBUG:colcon.colcon_core.shell:Skip shell extension 'dsv' for command environment
[0.449s] INFO:colcon.colcon_ros.task.ament_cmake.build:Building ROS package in '/home/dsh/Documents/work_logs/code/SFUISE/sfuise_ws/src/isas_msgs' with build type 'ament_cmake'
[0.449s] INFO:colcon.colcon_cmake.task.cmake.build:Building CMake package in '/home/dsh/Documents/work_logs/code/SFUISE/sfuise_ws/src/isas_msgs'
[0.449s] INFO:colcon.colcon_core.shell:Skip shell extension 'powershell' for command environment: Not usable outside of PowerShell
[0.450s] DEBUG:colcon.colcon_core.shell:Skip shell extension 'dsv' for command environment
[0.455s] INFO:colcon.colcon_ros.task.ament_cmake.build:Building ROS package in '/home/dsh/Documents/work_logs/code/SFUISE/sfuise_ws/src/sfuise_msgs' with build type 'ament_cmake'
[0.455s] INFO:colcon.colcon_cmake.task.cmake.build:Building CMake package in '/home/dsh/Documents/work_logs/code/SFUISE/sfuise_ws/src/sfuise_msgs'
[0.455s] INFO:colcon.colcon_core.shell:Skip shell extension 'powershell' for command environment: Not usable outside of PowerShell
[0.455s] DEBUG:colcon.colcon_core.shell:Skip shell extension 'dsv' for command environment
[0.468s] DEBUG:colcon.colcon_core.event_handler.log_command:Invoking command in '/home/dsh/Documents/work_logs/code/SFUISE/sfuise_ws/build/cf_msgs': CMAKE_PREFIX_PATH=${CMAKE_PREFIX_PATH}:/opt/ros/humble /usr/bin/cmake --build /home/dsh/Documents/work_logs/code/SFUISE/sfuise_ws/build/cf_msgs -- -j20 -l20
[0.475s] DEBUG:colcon.colcon_core.event_handler.log_command:Invoking command in '/home/dsh/Documents/work_logs/code/SFUISE/sfuise_ws/build/isas_msgs': CMAKE_PREFIX_PATH=${CMAKE_PREFIX_PATH}:/opt/ros/humble /usr/bin/cmake --build /home/dsh/Documents/work_logs/code/SFUISE/sfuise_ws/build/isas_msgs -- -j20 -l20
[0.481s] DEBUG:colcon.colcon_core.event_handler.log_command:Invoking command in '/home/dsh/Documents/work_logs/code/SFUISE/sfuise_ws/build/sfuise_msgs': CMAKE_PREFIX_PATH=${CMAKE_PREFIX_PATH}:/opt/ros/humble /usr/bin/cmake --build /home/dsh/Documents/work_logs/code/SFUISE/sfuise_ws/build/sfuise_msgs -- -j20 -l20
[1.260s] DEBUG:colcon.colcon_core.event_handler.log_command:Invoked command in '/home/dsh/Documents/work_logs/code/SFUISE/sfuise_ws/build/sfuise_msgs' returned '0': CMAKE_PREFIX_PATH=${CMAKE_PREFIX_PATH}:/opt/ros/humble /usr/bin/cmake --build /home/dsh/Documents/work_logs/code/SFUISE/sfuise_ws/build/sfuise_msgs -- -j20 -l20
[1.286s] DEBUG:colcon.colcon_core.event_handler.log_command:Invoking command in '/home/dsh/Documents/work_logs/code/SFUISE/sfuise_ws/build/sfuise_msgs': CMAKE_PREFIX_PATH=${CMAKE_PREFIX_PATH}:/opt/ros/humble /usr/bin/cmake --install /home/dsh/Documents/work_logs/code/SFUISE/sfuise_ws/build/sfuise_msgs
[1.299s] DEBUG:colcon.colcon_core.event_handler.log_command:Invoked command in '/home/dsh/Documents/work_logs/code/SFUISE/sfuise_ws/build/isas_msgs' returned '0': CMAKE_PREFIX_PATH=${CMAKE_PREFIX_PATH}:/opt/ros/humble /usr/bin/cmake --build /home/dsh/Documents/work_logs/code/SFUISE/sfuise_ws/build/isas_msgs -- -j20 -l20
[1.305s] DEBUG:colcon.colcon_core.event_handler.log_command:Invoking command in '/home/dsh/Documents/work_logs/code/SFUISE/sfuise_ws/build/isas_msgs': CMAKE_PREFIX_PATH=${CMAKE_PREFIX_PATH}:/opt/ros/humble /usr/bin/cmake --install /home/dsh/Documents/work_logs/code/SFUISE/sfuise_ws/build/isas_msgs
[1.369s] DEBUG:colcon.colcon_core.event_handler.log_command:Invoked command in '/home/dsh/Documents/work_logs/code/SFUISE/sfuise_ws/build/cf_msgs' returned '0': CMAKE_PREFIX_PATH=${CMAKE_PREFIX_PATH}:/opt/ros/humble /usr/bin/cmake --build /home/dsh/Documents/work_logs/code/SFUISE/sfuise_ws/build/cf_msgs -- -j20 -l20
[1.370s] DEBUG:colcon.colcon_core.event_handler.log_command:Invoking command in '/home/dsh/Documents/work_logs/code/SFUISE/sfuise_ws/build/cf_msgs': CMAKE_PREFIX_PATH=${CMAKE_PREFIX_PATH}:/opt/ros/humble /usr/bin/cmake --install /home/dsh/Documents/work_logs/code/SFUISE/sfuise_ws/build/cf_msgs
[1.425s] Level 1:colcon.colcon_core.environment:create_environment_scripts_only(sfuise_msgs)
[1.434s] DEBUG:colcon.colcon_core.event_handler.log_command:Invoked command in '/home/dsh/Documents/work_logs/code/SFUISE/sfuise_ws/build/sfuise_msgs' returned '0': CMAKE_PREFIX_PATH=${CMAKE_PREFIX_PATH}:/opt/ros/humble /usr/bin/cmake --install /home/dsh/Documents/work_logs/code/SFUISE/sfuise_ws/build/sfuise_msgs
[1.439s] Level 1:colcon.colcon_core.environment:checking '/home/dsh/Documents/work_logs/code/SFUISE/sfuise_ws/install/sfuise_msgs' for CMake module files
[1.440s] Level 1:colcon.colcon_core.environment:checking '/home/dsh/Documents/work_logs/code/SFUISE/sfuise_ws/install/sfuise_msgs' for CMake config files
[1.441s] Level 1:colcon.colcon_core.shell:create_environment_hook('sfuise_msgs', 'cmake_prefix_path')
[1.442s] INFO:colcon.colcon_core.shell:Creating environment hook '/home/dsh/Documents/work_logs/code/SFUISE/sfuise_ws/install/sfuise_msgs/share/sfuise_msgs/hook/cmake_prefix_path.ps1'
[1.443s] INFO:colcon.colcon_core.shell:Creating environment descriptor '/home/dsh/Documents/work_logs/code/SFUISE/sfuise_ws/install/sfuise_msgs/share/sfuise_msgs/hook/cmake_prefix_path.dsv'
[1.444s] INFO:colcon.colcon_core.shell:Creating environment hook '/home/dsh/Documents/work_logs/code/SFUISE/sfuise_ws/install/sfuise_msgs/share/sfuise_msgs/hook/cmake_prefix_path.sh'
[1.447s] Level 1:colcon.colcon_core.environment:checking '/home/dsh/Documents/work_logs/code/SFUISE/sfuise_ws/install/sfuise_msgs/lib'
[1.447s] Level 1:colcon.colcon_core.shell:create_environment_hook('sfuise_msgs', 'ld_library_path_lib')
[1.448s] INFO:colcon.colcon_core.shell:Creating environment hook '/home/dsh/Documents/work_logs/code/SFUISE/sfuise_ws/install/sfuise_msgs/share/sfuise_msgs/hook/ld_library_path_lib.ps1'
[1.448s] INFO:colcon.colcon_core.shell:Creating environment descriptor '/home/dsh/Documents/work_logs/code/SFUISE/sfuise_ws/install/sfuise_msgs/share/sfuise_msgs/hook/ld_library_path_lib.dsv'
[1.449s] INFO:colcon.colcon_core.shell:Creating environment hook '/home/dsh/Documents/work_logs/code/SFUISE/sfuise_ws/install/sfuise_msgs/share/sfuise_msgs/hook/ld_library_path_lib.sh'
[1.449s] Level 1:colcon.colcon_core.environment:checking '/home/dsh/Documents/work_logs/code/SFUISE/sfuise_ws/install/sfuise_msgs/bin'
[1.449s] Level 1:colcon.colcon_core.environment:checking '/home/dsh/Documents/work_logs/code/SFUISE/sfuise_ws/install/sfuise_msgs/lib/pkgconfig/sfuise_msgs.pc'
[1.450s] Level 1:colcon.colcon_core.environment:checking '/home/dsh/Documents/work_logs/code/SFUISE/sfuise_ws/install/sfuise_msgs/lib/python3.10/site-packages'
[1.450s] Level 1:colcon.colcon_core.environment:checking '/home/dsh/Documents/work_logs/code/SFUISE/sfuise_ws/install/sfuise_msgs/bin'
[1.451s] INFO:colcon.colcon_core.shell:Creating package script '/home/dsh/Documents/work_logs/code/SFUISE/sfuise_ws/install/sfuise_msgs/share/sfuise_msgs/package.ps1'
[1.452s] INFO:colcon.colcon_core.shell:Creating package descriptor '/home/dsh/Documents/work_logs/code/SFUISE/sfuise_ws/install/sfuise_msgs/share/sfuise_msgs/package.dsv'
[1.454s] INFO:colcon.colcon_core.shell:Creating package script '/home/dsh/Documents/work_logs/code/SFUISE/sfuise_ws/install/sfuise_msgs/share/sfuise_msgs/package.sh'
[1.455s] INFO:colcon.colcon_core.shell:Creating package script '/home/dsh/Documents/work_logs/code/SFUISE/sfuise_ws/install/sfuise_msgs/share/sfuise_msgs/package.bash'
[1.457s] INFO:colcon.colcon_core.shell:Creating package script '/home/dsh/Documents/work_logs/code/SFUISE/sfuise_ws/install/sfuise_msgs/share/sfuise_msgs/package.zsh'
[1.458s] Level 1:colcon.colcon_core.environment:create_file_with_runtime_dependencies(/home/dsh/Documents/work_logs/code/SFUISE/sfuise_ws/install/sfuise_msgs/share/colcon-core/packages/sfuise_msgs)
[1.460s] Level 1:colcon.colcon_core.environment:create_environment_scripts_only(sfuise_msgs)
[1.460s] Level 1:colcon.colcon_core.environment:checking '/home/dsh/Documents/work_logs/code/SFUISE/sfuise_ws/install/sfuise_msgs' for CMake module files
[1.462s] Level 1:colcon.colcon_core.environment:checking '/home/dsh/Documents/work_logs/code/SFUISE/sfuise_ws/install/sfuise_msgs' for CMake config files
[1.462s] Level 1:colcon.colcon_core.shell:create_environment_hook('sfuise_msgs', 'cmake_prefix_path')
[1.462s] INFO:colcon.colcon_core.shell:Creating environment hook '/home/dsh/Documents/work_logs/code/SFUISE/sfuise_ws/install/sfuise_msgs/share/sfuise_msgs/hook/cmake_prefix_path.ps1'
[1.463s] INFO:colcon.colcon_core.shell:Creating environment descriptor '/home/dsh/Documents/work_logs/code/SFUISE/sfuise_ws/install/sfuise_msgs/share/sfuise_msgs/hook/cmake_prefix_path.dsv'
[1.463s] INFO:colcon.colcon_core.shell:Creating environment hook '/home/dsh/Documents/work_logs/code/SFUISE/sfuise_ws/install/sfuise_msgs/share/sfuise_msgs/hook/cmake_prefix_path.sh'
[1.465s] Level 1:colcon.colcon_core.environment:checking '/home/dsh/Documents/work_logs/code/SFUISE/sfuise_ws/install/sfuise_msgs/lib'
[1.465s] Level 1:colcon.colcon_core.shell:create_environment_hook('sfuise_msgs', 'ld_library_path_lib')
[1.465s] INFO:colcon.colcon_core.shell:Creating environment hook '/home/dsh/Documents/work_logs/code/SFUISE/sfuise_ws/install/sfuise_msgs/share/sfuise_msgs/hook/ld_library_path_lib.ps1'
[1.467s] INFO:colcon.colcon_core.shell:Creating environment descriptor '/home/dsh/Documents/work_logs/code/SFUISE/sfuise_ws/install/sfuise_msgs/share/sfuise_msgs/hook/ld_library_path_lib.dsv'
[1.470s] INFO:colcon.colcon_core.shell:Creating environment hook '/home/dsh/Documents/work_logs/code/SFUISE/sfuise_ws/install/sfuise_msgs/share/sfuise_msgs/hook/ld_library_path_lib.sh'
[1.471s] Level 1:colcon.colcon_core.environment:checking '/home/dsh/Documents/work_logs/code/SFUISE/sfuise_ws/install/sfuise_msgs/bin'
[1.471s] Level 1:colcon.colcon_core.environment:checking '/home/dsh/Documents/work_logs/code/SFUISE/sfuise_ws/install/sfuise_msgs/lib/pkgconfig/sfuise_msgs.pc'
[1.472s] Level 1:colcon.colcon_core.environment:checking '/home/dsh/Documents/work_logs/code/SFUISE/sfuise_ws/install/sfuise_msgs/lib/python3.10/site-packages'
[1.472s] Level 1:colcon.colcon_core.environment:checking '/home/dsh/Documents/work_logs/code/SFUISE/sfuise_ws/install/sfuise_msgs/bin'
[1.473s] INFO:colcon.colcon_core.shell:Creating package script '/home/dsh/Documents/work_logs/code/SFUISE/sfuise_ws/install/sfuise_msgs/share/sfuise_msgs/package.ps1'
[1.474s] INFO:colcon.colcon_core.shell:Creating package descriptor '/home/dsh/Documents/work_logs/code/SFUISE/sfuise_ws/install/sfuise_msgs/share/sfuise_msgs/package.dsv'
[1.475s] INFO:colcon.colcon_core.shell:Creating package script '/home/dsh/Documents/work_logs/code/SFUISE/sfuise_ws/install/sfuise_msgs/share/sfuise_msgs/package.sh'
[1.477s] INFO:colcon.colcon_core.shell:Creating package script '/home/dsh/Documents/work_logs/code/SFUISE/sfuise_ws/install/sfuise_msgs/share/sfuise_msgs/package.bash'
[1.480s] INFO:colcon.colcon_core.shell:Creating package script '/home/dsh/Documents/work_logs/code/SFUISE/sfuise_ws/install/sfuise_msgs/share/sfuise_msgs/package.zsh'
[1.481s] Level 1:colcon.colcon_core.environment:create_file_with_runtime_dependencies(/home/dsh/Documents/work_logs/code/SFUISE/sfuise_ws/install/sfuise_msgs/share/colcon-core/packages/sfuise_msgs)
[1.482s] Level 1:colcon.colcon_core.environment:create_environment_scripts_only(isas_msgs)
[1.483s] Level 1:colcon.colcon_core.environment:checking '/home/dsh/Documents/work_logs/code/SFUISE/sfuise_ws/install/isas_msgs' for CMake module files
[1.485s] Level 1:colcon.colcon_core.environment:checking '/home/dsh/Documents/work_logs/code/SFUISE/sfuise_ws/install/isas_msgs' for CMake config files
[1.486s] DEBUG:colcon.colcon_core.event_handler.log_command:Invoked command in '/home/dsh/Documents/work_logs/code/SFUISE/sfuise_ws/build/isas_msgs' returned '0': CMAKE_PREFIX_PATH=${CMAKE_PREFIX_PATH}:/opt/ros/humble /usr/bin/cmake --install /home/dsh/Documents/work_logs/code/SFUISE/sfuise_ws/build/isas_msgs
[1.486s] Level 1:colcon.colcon_core.shell:create_environment_hook('isas_msgs', 'cmake_prefix_path')
[1.487s] INFO:colcon.colcon_core.shell:Creating environment hook '/home/dsh/Documents/work_logs/code/SFUISE/sfuise_ws/install/isas_msgs/share/isas_msgs/hook/cmake_prefix_path.ps1'
[1.487s] INFO:colcon.colcon_core.shell:Creating environment descriptor '/home/dsh/Documents/work_logs/code/SFUISE/sfuise_ws/install/isas_msgs/share/isas_msgs/hook/cmake_prefix_path.dsv'
[1.488s] INFO:colcon.colcon_core.shell:Creating environment hook '/home/dsh/Documents/work_logs/code/SFUISE/sfuise_ws/install/isas_msgs/share/isas_msgs/hook/cmake_prefix_path.sh'
[1.489s] Level 1:colcon.colcon_core.environment:checking '/home/dsh/Documents/work_logs/code/SFUISE/sfuise_ws/install/isas_msgs/lib'
[1.489s] Level 1:colcon.colcon_core.shell:create_environment_hook('isas_msgs', 'ld_library_path_lib')
[1.489s] INFO:colcon.colcon_core.shell:Creating environment hook '/home/dsh/Documents/work_logs/code/SFUISE/sfuise_ws/install/isas_msgs/share/isas_msgs/hook/ld_library_path_lib.ps1'
[1.490s] INFO:colcon.colcon_core.shell:Creating environment descriptor '/home/dsh/Documents/work_logs/code/SFUISE/sfuise_ws/install/isas_msgs/share/isas_msgs/hook/ld_library_path_lib.dsv'
[1.491s] INFO:colcon.colcon_core.shell:Creating environment hook '/home/dsh/Documents/work_logs/code/SFUISE/sfuise_ws/install/isas_msgs/share/isas_msgs/hook/ld_library_path_lib.sh'
[1.492s] Level 1:colcon.colcon_core.environment:checking '/home/dsh/Documents/work_logs/code/SFUISE/sfuise_ws/install/isas_msgs/bin'
[1.492s] Level 1:colcon.colcon_core.environment:checking '/home/dsh/Documents/work_logs/code/SFUISE/sfuise_ws/install/isas_msgs/lib/pkgconfig/isas_msgs.pc'
[1.492s] Level 1:colcon.colcon_core.environment:checking '/home/dsh/Documents/work_logs/code/SFUISE/sfuise_ws/install/isas_msgs/lib/python3.10/site-packages'
[1.493s] Level 1:colcon.colcon_core.environment:checking '/home/dsh/Documents/work_logs/code/SFUISE/sfuise_ws/install/isas_msgs/bin'
[1.493s] INFO:colcon.colcon_core.shell:Creating package script '/home/dsh/Documents/work_logs/code/SFUISE/sfuise_ws/install/isas_msgs/share/isas_msgs/package.ps1'
[1.494s] INFO:colcon.colcon_core.shell:Creating package descriptor '/home/dsh/Documents/work_logs/code/SFUISE/sfuise_ws/install/isas_msgs/share/isas_msgs/package.dsv'
[1.494s] INFO:colcon.colcon_core.shell:Creating package script '/home/dsh/Documents/work_logs/code/SFUISE/sfuise_ws/install/isas_msgs/share/isas_msgs/package.sh'
[1.495s] INFO:colcon.colcon_core.shell:Creating package script '/home/dsh/Documents/work_logs/code/SFUISE/sfuise_ws/install/isas_msgs/share/isas_msgs/package.bash'
[1.495s] INFO:colcon.colcon_core.shell:Creating package script '/home/dsh/Documents/work_logs/code/SFUISE/sfuise_ws/install/isas_msgs/share/isas_msgs/package.zsh'
[1.496s] Level 1:colcon.colcon_core.environment:create_file_with_runtime_dependencies(/home/dsh/Documents/work_logs/code/SFUISE/sfuise_ws/install/isas_msgs/share/colcon-core/packages/isas_msgs)
[1.497s] Level 1:colcon.colcon_core.environment:create_environment_scripts_only(isas_msgs)
[1.497s] Level 1:colcon.colcon_core.environment:checking '/home/dsh/Documents/work_logs/code/SFUISE/sfuise_ws/install/isas_msgs' for CMake module files
[1.498s] Level 1:colcon.colcon_core.environment:checking '/home/dsh/Documents/work_logs/code/SFUISE/sfuise_ws/install/isas_msgs' for CMake config files
[1.499s] Level 1:colcon.colcon_core.shell:create_environment_hook('isas_msgs', 'cmake_prefix_path')
[1.499s] INFO:colcon.colcon_core.shell:Creating environment hook '/home/dsh/Documents/work_logs/code/SFUISE/sfuise_ws/install/isas_msgs/share/isas_msgs/hook/cmake_prefix_path.ps1'
[1.500s] INFO:colcon.colcon_core.shell:Creating environment descriptor '/home/dsh/Documents/work_logs/code/SFUISE/sfuise_ws/install/isas_msgs/share/isas_msgs/hook/cmake_prefix_path.dsv'
[1.500s] INFO:colcon.colcon_core.shell:Creating environment hook '/home/dsh/Documents/work_logs/code/SFUISE/sfuise_ws/install/isas_msgs/share/isas_msgs/hook/cmake_prefix_path.sh'
[1.501s] Level 1:colcon.colcon_core.environment:checking '/home/dsh/Documents/work_logs/code/SFUISE/sfuise_ws/install/isas_msgs/lib'
[1.501s] Level 1:colcon.colcon_core.shell:create_environment_hook('isas_msgs', 'ld_library_path_lib')
[1.502s] INFO:colcon.colcon_core.shell:Creating environment hook '/home/dsh/Documents/work_logs/code/SFUISE/sfuise_ws/install/isas_msgs/share/isas_msgs/hook/ld_library_path_lib.ps1'
[1.502s] INFO:colcon.colcon_core.shell:Creating environment descriptor '/home/dsh/Documents/work_logs/code/SFUISE/sfuise_ws/install/isas_msgs/share/isas_msgs/hook/ld_library_path_lib.dsv'
[1.503s] INFO:colcon.colcon_core.shell:Creating environment hook '/home/dsh/Documents/work_logs/code/SFUISE/sfuise_ws/install/isas_msgs/share/isas_msgs/hook/ld_library_path_lib.sh'
[1.503s] Level 1:colcon.colcon_core.environment:checking '/home/dsh/Documents/work_logs/code/SFUISE/sfuise_ws/install/isas_msgs/bin'
[1.503s] Level 1:colcon.colcon_core.environment:checking '/home/dsh/Documents/work_logs/code/SFUISE/sfuise_ws/install/isas_msgs/lib/pkgconfig/isas_msgs.pc'
[1.504s] Level 1:colcon.colcon_core.environment:checking '/home/dsh/Documents/work_logs/code/SFUISE/sfuise_ws/install/isas_msgs/lib/python3.10/site-packages'
[1.504s] Level 1:colcon.colcon_core.environment:checking '/home/dsh/Documents/work_logs/code/SFUISE/sfuise_ws/install/isas_msgs/bin'
[1.505s] INFO:colcon.colcon_core.shell:Creating package script '/home/dsh/Documents/work_logs/code/SFUISE/sfuise_ws/install/isas_msgs/share/isas_msgs/package.ps1'
[1.506s] INFO:colcon.colcon_core.shell:Creating package descriptor '/home/dsh/Documents/work_logs/code/SFUISE/sfuise_ws/install/isas_msgs/share/isas_msgs/package.dsv'
[1.507s] INFO:colcon.colcon_core.shell:Creating package script '/home/dsh/Documents/work_logs/code/SFUISE/sfuise_ws/install/isas_msgs/share/isas_msgs/package.sh'
[1.507s] INFO:colcon.colcon_core.shell:Creating package script '/home/dsh/Documents/work_logs/code/SFUISE/sfuise_ws/install/isas_msgs/share/isas_msgs/package.bash'
[1.508s] INFO:colcon.colcon_core.shell:Creating package script '/home/dsh/Documents/work_logs/code/SFUISE/sfuise_ws/install/isas_msgs/share/isas_msgs/package.zsh'
[1.508s] Level 1:colcon.colcon_core.environment:create_file_with_runtime_dependencies(/home/dsh/Documents/work_logs/code/SFUISE/sfuise_ws/install/isas_msgs/share/colcon-core/packages/isas_msgs)
[1.510s] Level 1:colcon.colcon_core.environment:create_environment_scripts_only(cf_msgs)
[1.511s] Level 1:colcon.colcon_core.environment:checking '/home/dsh/Documents/work_logs/code/SFUISE/sfuise_ws/install/cf_msgs' for CMake module files
[1.511s] DEBUG:colcon.colcon_core.event_handler.log_command:Invoked command in '/home/dsh/Documents/work_logs/code/SFUISE/sfuise_ws/build/cf_msgs' returned '0': CMAKE_PREFIX_PATH=${CMAKE_PREFIX_PATH}:/opt/ros/humble /usr/bin/cmake --install /home/dsh/Documents/work_logs/code/SFUISE/sfuise_ws/build/cf_msgs
[1.512s] Level 1:colcon.colcon_core.environment:checking '/home/dsh/Documents/work_logs/code/SFUISE/sfuise_ws/install/cf_msgs' for CMake config files
[1.513s] Level 1:colcon.colcon_core.shell:create_environment_hook('cf_msgs', 'cmake_prefix_path')
[1.514s] INFO:colcon.colcon_core.shell:Creating environment hook '/home/dsh/Documents/work_logs/code/SFUISE/sfuise_ws/install/cf_msgs/share/cf_msgs/hook/cmake_prefix_path.ps1'
[1.514s] INFO:colcon.colcon_core.shell:Creating environment descriptor '/home/dsh/Documents/work_logs/code/SFUISE/sfuise_ws/install/cf_msgs/share/cf_msgs/hook/cmake_prefix_path.dsv'
[1.515s] INFO:colcon.colcon_core.shell:Creating environment hook '/home/dsh/Documents/work_logs/code/SFUISE/sfuise_ws/install/cf_msgs/share/cf_msgs/hook/cmake_prefix_path.sh'
[1.516s] Level 1:colcon.colcon_core.environment:checking '/home/dsh/Documents/work_logs/code/SFUISE/sfuise_ws/install/cf_msgs/lib'
[1.516s] Level 1:colcon.colcon_core.shell:create_environment_hook('cf_msgs', 'ld_library_path_lib')
[1.516s] INFO:colcon.colcon_core.shell:Creating environment hook '/home/dsh/Documents/work_logs/code/SFUISE/sfuise_ws/install/cf_msgs/share/cf_msgs/hook/ld_library_path_lib.ps1'
[1.517s] INFO:colcon.colcon_core.shell:Creating environment descriptor '/home/dsh/Documents/work_logs/code/SFUISE/sfuise_ws/install/cf_msgs/share/cf_msgs/hook/ld_library_path_lib.dsv'
[1.517s] INFO:colcon.colcon_core.shell:Creating environment hook '/home/dsh/Documents/work_logs/code/SFUISE/sfuise_ws/install/cf_msgs/share/cf_msgs/hook/ld_library_path_lib.sh'
[1.518s] Level 1:colcon.colcon_core.environment:checking '/home/dsh/Documents/work_logs/code/SFUISE/sfuise_ws/install/cf_msgs/bin'
[1.518s] Level 1:colcon.colcon_core.environment:checking '/home/dsh/Documents/work_logs/code/SFUISE/sfuise_ws/install/cf_msgs/lib/pkgconfig/cf_msgs.pc'
[1.518s] Level 1:colcon.colcon_core.environment:checking '/home/dsh/Documents/work_logs/code/SFUISE/sfuise_ws/install/cf_msgs/lib/python3.10/site-packages'
[1.518s] Level 1:colcon.colcon_core.environment:checking '/home/dsh/Documents/work_logs/code/SFUISE/sfuise_ws/install/cf_msgs/bin'
[1.519s] INFO:colcon.colcon_core.shell:Creating package script '/home/dsh/Documents/work_logs/code/SFUISE/sfuise_ws/install/cf_msgs/share/cf_msgs/package.ps1'
[1.520s] INFO:colcon.colcon_core.shell:Creating package descriptor '/home/dsh/Documents/work_logs/code/SFUISE/sfuise_ws/install/cf_msgs/share/cf_msgs/package.dsv'
[1.521s] INFO:colcon.colcon_core.shell:Creating package script '/home/dsh/Documents/work_logs/code/SFUISE/sfuise_ws/install/cf_msgs/share/cf_msgs/package.sh'
[1.522s] INFO:colcon.colcon_core.shell:Creating package script '/home/dsh/Documents/work_logs/code/SFUISE/sfuise_ws/install/cf_msgs/share/cf_msgs/package.bash'
[1.522s] INFO:colcon.colcon_core.shell:Creating package script '/home/dsh/Documents/work_logs/code/SFUISE/sfuise_ws/install/cf_msgs/share/cf_msgs/package.zsh'
[1.523s] Level 1:colcon.colcon_core.environment:create_file_with_runtime_dependencies(/home/dsh/Documents/work_logs/code/SFUISE/sfuise_ws/install/cf_msgs/share/colcon-core/packages/cf_msgs)
[1.524s] Level 1:colcon.colcon_core.environment:create_environment_scripts_only(cf_msgs)
[1.524s] Level 1:colcon.colcon_core.environment:checking '/home/dsh/Documents/work_logs/code/SFUISE/sfuise_ws/install/cf_msgs' for CMake module files
[1.525s] Level 1:colcon.colcon_core.environment:checking '/home/dsh/Documents/work_logs/code/SFUISE/sfuise_ws/install/cf_msgs' for CMake config files
[1.525s] Level 1:colcon.colcon_core.shell:create_environment_hook('cf_msgs', 'cmake_prefix_path')
[1.526s] INFO:colcon.colcon_core.shell:Creating environment hook '/home/dsh/Documents/work_logs/code/SFUISE/sfuise_ws/install/cf_msgs/share/cf_msgs/hook/cmake_prefix_path.ps1'
[1.526s] INFO:colcon.colcon_core.shell:Creating environment descriptor '/home/dsh/Documents/work_logs/code/SFUISE/sfuise_ws/install/cf_msgs/share/cf_msgs/hook/cmake_prefix_path.dsv'
[1.527s] INFO:colcon.colcon_core.shell:Creating environment hook '/home/dsh/Documents/work_logs/code/SFUISE/sfuise_ws/install/cf_msgs/share/cf_msgs/hook/cmake_prefix_path.sh'
[1.527s] Level 1:colcon.colcon_core.environment:checking '/home/dsh/Documents/work_logs/code/SFUISE/sfuise_ws/install/cf_msgs/lib'
[1.528s] Level 1:colcon.colcon_core.shell:create_environment_hook('cf_msgs', 'ld_library_path_lib')
[1.529s] INFO:colcon.colcon_core.shell:Creating environment hook '/home/dsh/Documents/work_logs/code/SFUISE/sfuise_ws/install/cf_msgs/share/cf_msgs/hook/ld_library_path_lib.ps1'
[1.529s] INFO:colcon.colcon_core.shell:Creating environment descriptor '/home/dsh/Documents/work_logs/code/SFUISE/sfuise_ws/install/cf_msgs/share/cf_msgs/hook/ld_library_path_lib.dsv'
[1.530s] INFO:colcon.colcon_core.shell:Creating environment hook '/home/dsh/Documents/work_logs/code/SFUISE/sfuise_ws/install/cf_msgs/share/cf_msgs/hook/ld_library_path_lib.sh'
[1.530s] Level 1:colcon.colcon_core.environment:checking '/home/dsh/Documents/work_logs/code/SFUISE/sfuise_ws/install/cf_msgs/bin'
[1.530s] Level 1:colcon.colcon_core.environment:checking '/home/dsh/Documents/work_logs/code/SFUISE/sfuise_ws/install/cf_msgs/lib/pkgconfig/cf_msgs.pc'
[1.530s] Level 1:colcon.colcon_core.environment:checking '/home/dsh/Documents/work_logs/code/SFUISE/sfuise_ws/install/cf_msgs/lib/python3.10/site-packages'
[1.531s] Level 1:colcon.colcon_core.environment:checking '/home/dsh/Documents/work_logs/code/SFUISE/sfuise_ws/install/cf_msgs/bin'
[1.531s] INFO:colcon.colcon_core.shell:Creating package script '/home/dsh/Documents/work_logs/code/SFUISE/sfuise_ws/install/cf_msgs/share/cf_msgs/package.ps1'
[1.532s] INFO:colcon.colcon_core.shell:Creating package descriptor '/home/dsh/Documents/work_logs/code/SFUISE/sfuise_ws/install/cf_msgs/share/cf_msgs/package.dsv'
[1.533s] INFO:colcon.colcon_core.shell:Creating package script '/home/dsh/Documents/work_logs/code/SFUISE/sfuise_ws/install/cf_msgs/share/cf_msgs/package.sh'
[1.533s] INFO:colcon.colcon_core.shell:Creating package script '/home/dsh/Documents/work_logs/code/SFUISE/sfuise_ws/install/cf_msgs/share/cf_msgs/package.bash'
[1.534s] INFO:colcon.colcon_core.shell:Creating package script '/home/dsh/Documents/work_logs/code/SFUISE/sfuise_ws/install/cf_msgs/share/cf_msgs/package.zsh'
[1.534s] Level 1:colcon.colcon_core.environment:create_file_with_runtime_dependencies(/home/dsh/Documents/work_logs/code/SFUISE/sfuise_ws/install/cf_msgs/share/colcon-core/packages/cf_msgs)
[1.535s] INFO:colcon.colcon_ros.task.ament_cmake.build:Building ROS package in '/home/dsh/Documents/work_logs/code/SFUISE/sfuise_ws/src/sfuise' with build type 'ament_cmake'
[1.536s] INFO:colcon.colcon_cmake.task.cmake.build:Building CMake package in '/home/dsh/Documents/work_logs/code/SFUISE/sfuise_ws/src/sfuise'
[1.536s] INFO:colcon.colcon_core.shell:Skip shell extension 'powershell' for command environment: Not usable outside of PowerShell
[1.536s] DEBUG:colcon.colcon_core.shell:Skip shell extension 'dsv' for command environment
[1.565s] DEBUG:colcon.colcon_core.event_handler.log_command:Invoking command in '/home/dsh/Documents/work_logs/code/SFUISE/sfuise_ws/build/sfuise': CMAKE_PREFIX_PATH=/home/dsh/Documents/work_logs/code/SFUISE/sfuise_ws/install/sfuise_msgs:/home/dsh/Documents/work_logs/code/SFUISE/sfuise_ws/install/isas_msgs:/home/dsh/Documents/work_logs/code/SFUISE/sfuise_ws/install/cf_msgs:/home/dsh/Documents/work_logs/code/SFUISE/sfuise_ws/install/sfuise:/opt/ros/humble /usr/bin/cmake --build /home/dsh/Documents/work_logs/code/SFUISE/sfuise_ws/build/sfuise -- -j20 -l20
[64.377s] DEBUG:colcon.colcon_core.event_handler.log_command:Invoked command in '/home/dsh/Documents/work_logs/code/SFUISE/sfuise_ws/build/sfuise' returned '0': CMAKE_PREFIX_PATH=/home/dsh/Documents/work_logs/code/SFUISE/sfuise_ws/install/sfuise_msgs:/home/dsh/Documents/work_logs/code/SFUISE/sfuise_ws/install/isas_msgs:/home/dsh/Documents/work_logs/code/SFUISE/sfuise_ws/install/cf_msgs:/home/dsh/Documents/work_logs/code/SFUISE/sfuise_ws/install/sfuise:/opt/ros/humble /usr/bin/cmake --build /home/dsh/Documents/work_logs/code/SFUISE/sfuise_ws/build/sfuise -- -j20 -l20
[64.381s] DEBUG:colcon.colcon_core.event_handler.log_command:Invoking command in '/home/dsh/Documents/work_logs/code/SFUISE/sfuise_ws/build/sfuise': CMAKE_PREFIX_PATH=/home/dsh/Documents/work_logs/code/SFUISE/sfuise_ws/install/sfuise_msgs:/home/dsh/Documents/work_logs/code/SFUISE/sfuise_ws/install/isas_msgs:/home/dsh/Documents/work_logs/code/SFUISE/sfuise_ws/install/cf_msgs:/home/dsh/Documents/work_logs/code/SFUISE/sfuise_ws/install/sfuise:/opt/ros/humble /usr/bin/cmake --install /home/dsh/Documents/work_logs/code/SFUISE/sfuise_ws/build/sfuise
[64.406s] Level 1:colcon.colcon_core.environment:create_environment_scripts_only(sfuise)
[64.407s] DEBUG:colcon.colcon_core.event_handler.log_command:Invoked command in '/home/dsh/Documents/work_logs/code/SFUISE/sfuise_ws/build/sfuise' returned '0': CMAKE_PREFIX_PATH=/home/dsh/Documents/work_logs/code/SFUISE/sfuise_ws/install/sfuise_msgs:/home/dsh/Documents/work_logs/code/SFUISE/sfuise_ws/install/isas_msgs:/home/dsh/Documents/work_logs/code/SFUISE/sfuise_ws/install/cf_msgs:/home/dsh/Documents/work_logs/code/SFUISE/sfuise_ws/install/sfuise:/opt/ros/humble /usr/bin/cmake --install /home/dsh/Documents/work_logs/code/SFUISE/sfuise_ws/build/sfuise
[64.407s] Level 1:colcon.colcon_core.environment:checking '/home/dsh/Documents/work_logs/code/SFUISE/sfuise_ws/install/sfuise' for CMake module files
[64.408s] Level 1:colcon.colcon_core.environment:checking '/home/dsh/Documents/work_logs/code/SFUISE/sfuise_ws/install/sfuise' for CMake config files
[64.409s] Level 1:colcon.colcon_core.shell:create_environment_hook('sfuise', 'cmake_prefix_path')
[64.409s] INFO:colcon.colcon_core.shell:Creating environment hook '/home/dsh/Documents/work_logs/code/SFUISE/sfuise_ws/install/sfuise/share/sfuise/hook/cmake_prefix_path.ps1'
[64.410s] INFO:colcon.colcon_core.shell:Creating environment descriptor '/home/dsh/Documents/work_logs/code/SFUISE/sfuise_ws/install/sfuise/share/sfuise/hook/cmake_prefix_path.dsv'
[64.410s] INFO:colcon.colcon_core.shell:Creating environment hook '/home/dsh/Documents/work_logs/code/SFUISE/sfuise_ws/install/sfuise/share/sfuise/hook/cmake_prefix_path.sh'
[64.411s] Level 1:colcon.colcon_core.environment:checking '/home/dsh/Documents/work_logs/code/SFUISE/sfuise_ws/install/sfuise/lib'
[64.411s] Level 1:colcon.colcon_core.environment:checking '/home/dsh/Documents/work_logs/code/SFUISE/sfuise_ws/install/sfuise/bin'
[64.411s] Level 1:colcon.colcon_core.environment:checking '/home/dsh/Documents/work_logs/code/SFUISE/sfuise_ws/install/sfuise/lib/pkgconfig/sfuise.pc'
[64.412s] Level 1:colcon.colcon_core.environment:checking '/home/dsh/Documents/work_logs/code/SFUISE/sfuise_ws/install/sfuise/lib/python3.10/site-packages'
[64.412s] Level 1:colcon.colcon_core.environment:checking '/home/dsh/Documents/work_logs/code/SFUISE/sfuise_ws/install/sfuise/bin'
[64.412s] INFO:colcon.colcon_core.shell:Creating package script '/home/dsh/Documents/work_logs/code/SFUISE/sfuise_ws/install/sfuise/share/sfuise/package.ps1'
[64.413s] INFO:colcon.colcon_core.shell:Creating package descriptor '/home/dsh/Documents/work_logs/code/SFUISE/sfuise_ws/install/sfuise/share/sfuise/package.dsv'
[64.414s] INFO:colcon.colcon_core.shell:Creating package script '/home/dsh/Documents/work_logs/code/SFUISE/sfuise_ws/install/sfuise/share/sfuise/package.sh'
[64.414s] INFO:colcon.colcon_core.shell:Creating package script '/home/dsh/Documents/work_logs/code/SFUISE/sfuise_ws/install/sfuise/share/sfuise/package.bash'
[64.415s] INFO:colcon.colcon_core.shell:Creating package script '/home/dsh/Documents/work_logs/code/SFUISE/sfuise_ws/install/sfuise/share/sfuise/package.zsh'
[64.415s] Level 1:colcon.colcon_core.environment:create_file_with_runtime_dependencies(/home/dsh/Documents/work_logs/code/SFUISE/sfuise_ws/install/sfuise/share/colcon-core/packages/sfuise)
[64.416s] Level 1:colcon.colcon_core.environment:create_environment_scripts_only(sfuise)
[64.416s] Level 1:colcon.colcon_core.environment:checking '/home/dsh/Documents/work_logs/code/SFUISE/sfuise_ws/install/sfuise' for CMake module files
[64.417s] Level 1:colcon.colcon_core.environment:checking '/home/dsh/Documents/work_logs/code/SFUISE/sfuise_ws/install/sfuise' for CMake config files
[64.417s] Level 1:colcon.colcon_core.shell:create_environment_hook('sfuise', 'cmake_prefix_path')
[64.417s] INFO:colcon.colcon_core.shell:Creating environment hook '/home/dsh/Documents/work_logs/code/SFUISE/sfuise_ws/install/sfuise/share/sfuise/hook/cmake_prefix_path.ps1'
[64.418s] INFO:colcon.colcon_core.shell:Creating environment descriptor '/home/dsh/Documents/work_logs/code/SFUISE/sfuise_ws/install/sfuise/share/sfuise/hook/cmake_prefix_path.dsv'
[64.418s] INFO:colcon.colcon_core.shell:Creating environment hook '/home/dsh/Documents/work_logs/code/SFUISE/sfuise_ws/install/sfuise/share/sfuise/hook/cmake_prefix_path.sh'
[64.419s] Level 1:colcon.colcon_core.environment:checking '/home/dsh/Documents/work_logs/code/SFUISE/sfuise_ws/install/sfuise/lib'
[64.419s] Level 1:colcon.colcon_core.environment:checking '/home/dsh/Documents/work_logs/code/SFUISE/sfuise_ws/install/sfuise/bin'
[64.419s] Level 1:colcon.colcon_core.environment:checking '/home/dsh/Documents/work_logs/code/SFUISE/sfuise_ws/install/sfuise/lib/pkgconfig/sfuise.pc'
[64.420s] Level 1:colcon.colcon_core.environment:checking '/home/dsh/Documents/work_logs/code/SFUISE/sfuise_ws/install/sfuise/lib/python3.10/site-packages'
[64.420s] Level 1:colcon.colcon_core.environment:checking '/home/dsh/Documents/work_logs/code/SFUISE/sfuise_ws/install/sfuise/bin'
[64.420s] INFO:colcon.colcon_core.shell:Creating package script '/home/dsh/Documents/work_logs/code/SFUISE/sfuise_ws/install/sfuise/share/sfuise/package.ps1'
[64.421s] INFO:colcon.colcon_core.shell:Creating package descriptor '/home/dsh/Documents/work_logs/code/SFUISE/sfuise_ws/install/sfuise/share/sfuise/package.dsv'
[64.422s] INFO:colcon.colcon_core.shell:Creating package script '/home/dsh/Documents/work_logs/code/SFUISE/sfuise_ws/install/sfuise/share/sfuise/package.sh'
[64.422s] INFO:colcon.colcon_core.shell:Creating package script '/home/dsh/Documents/work_logs/code/SFUISE/sfuise_ws/install/sfuise/share/sfuise/package.bash'
[64.423s] INFO:colcon.colcon_core.shell:Creating package script '/home/dsh/Documents/work_logs/code/SFUISE/sfuise_ws/install/sfuise/share/sfuise/package.zsh'
[64.423s] Level 1:colcon.colcon_core.environment:create_file_with_runtime_dependencies(/home/dsh/Documents/work_logs/code/SFUISE/sfuise_ws/install/sfuise/share/colcon-core/packages/sfuise)
[64.424s] DEBUG:colcon.colcon_parallel_executor.executor.parallel:closing loop
[64.424s] DEBUG:colcon.colcon_parallel_executor.executor.parallel:loop closed
[64.424s] DEBUG:colcon.colcon_parallel_executor.executor.parallel:run_until_complete finished with '0'
[64.425s] DEBUG:colcon.colcon_core.event_reactor:joining thread
[64.433s] INFO:colcon.colcon_core.plugin_system:Skipping extension 'colcon_notification.desktop_notification.terminal_notifier': Not used on non-Darwin systems
[64.433s] INFO:colcon.colcon_core.plugin_system:Skipping extension 'colcon_notification.desktop_notification.win32': Not used on non-Windows systems
[64.433s] INFO:colcon.colcon_notification.desktop_notification:Sending desktop notification using 'notify2'
[64.455s] DEBUG:colcon.colcon_core.event_reactor:joined thread
[64.456s] INFO:colcon.colcon_core.shell:Creating prefix script '/home/dsh/Documents/work_logs/code/SFUISE/sfuise_ws/install/local_setup.ps1'
[64.457s] INFO:colcon.colcon_core.shell:Creating prefix util module '/home/dsh/Documents/work_logs/code/SFUISE/sfuise_ws/install/_local_setup_util_ps1.py'
[64.459s] INFO:colcon.colcon_core.shell:Creating prefix chain script '/home/dsh/Documents/work_logs/code/SFUISE/sfuise_ws/install/setup.ps1'
[64.461s] INFO:colcon.colcon_core.shell:Creating prefix script '/home/dsh/Documents/work_logs/code/SFUISE/sfuise_ws/install/local_setup.sh'
[64.462s] INFO:colcon.colcon_core.shell:Creating prefix util module '/home/dsh/Documents/work_logs/code/SFUISE/sfuise_ws/install/_local_setup_util_sh.py'
[64.463s] INFO:colcon.colcon_core.shell:Creating prefix chain script '/home/dsh/Documents/work_logs/code/SFUISE/sfuise_ws/install/setup.sh'
[64.465s] INFO:colcon.colcon_core.shell:Creating prefix script '/home/dsh/Documents/work_logs/code/SFUISE/sfuise_ws/install/local_setup.bash'
[64.465s] INFO:colcon.colcon_core.shell:Creating prefix chain script '/home/dsh/Documents/work_logs/code/SFUISE/sfuise_ws/install/setup.bash'
[64.467s] INFO:colcon.colcon_core.shell:Creating prefix script '/home/dsh/Documents/work_logs/code/SFUISE/sfuise_ws/install/local_setup.zsh'
[64.468s] INFO:colcon.colcon_core.shell:Creating prefix chain script '/home/dsh/Documents/work_logs/code/SFUISE/sfuise_ws/install/setup.zsh'
