[0.026s] Invoking command in '/home/dsh/Documents/work_logs/code/SFUISE/sfuise_ws/build/sfuise_msgs': CMAKE_PREFIX_PATH=${CMAKE_PREFIX_PATH}:/opt/ros/humble /usr/bin/cmake --build /home/dsh/Documents/work_logs/code/SFUISE/sfuise_ws/build/sfuise_msgs -- -j20 -l20
[0.125s] [  1%] Built target sfuise_msgs__cpp
[0.135s] [ 12%] Built target sfuise_msgs__rosidl_generator_c
[0.145s] [ 12%] Built target ament_cmake_python_copy_sfuise_msgs
[0.205s] [ 23%] Built target sfuise_msgs__rosidl_typesupport_fastrtps_cpp
[0.206s] [ 34%] Built target sfuise_msgs__rosidl_typesupport_introspection_cpp
[0.208s] [ 46%] Built target sfuise_msgs__rosidl_typesupport_c
[0.209s] [ 61%] Built target sfuise_msgs__rosidl_typesupport_introspection_c
[0.210s] [ 68%] Built target sfuise_msgs__rosidl_typesupport_cpp
[0.213s] [ 79%] Built target sfuise_msgs__rosidl_typesupport_fastrtps_c
[0.275s] [ 79%] Built target sfuise_msgs
[0.352s] [ 80%] Built target sfuise_msgs__py
[0.425s] [ 90%] Built target sfuise_msgs__rosidl_generator_py
[0.486s] [ 93%] Built target sfuise_msgs__rosidl_typesupport_introspection_c__pyext
[0.497s] [ 98%] Built target sfuise_msgs__rosidl_typesupport_c__pyext
[0.497s] [100%] Built target sfuise_msgs__rosidl_typesupport_fastrtps_c__pyext
[0.793s] running egg_info
[0.795s] writing sfuise_msgs.egg-info/PKG-INFO
[0.795s] writing dependency_links to sfuise_msgs.egg-info/dependency_links.txt
[0.795s] writing top-level names to sfuise_msgs.egg-info/top_level.txt
[0.800s] reading manifest file 'sfuise_msgs.egg-info/SOURCES.txt'
[0.801s] writing manifest file 'sfuise_msgs.egg-info/SOURCES.txt'
[0.871s] [100%] Built target ament_cmake_python_build_sfuise_msgs_egg
[0.925s] Invoked command in '/home/dsh/Documents/work_logs/code/SFUISE/sfuise_ws/build/sfuise_msgs' returned '0': CMAKE_PREFIX_PATH=${CMAKE_PREFIX_PATH}:/opt/ros/humble /usr/bin/cmake --build /home/dsh/Documents/work_logs/code/SFUISE/sfuise_ws/build/sfuise_msgs -- -j20 -l20
[0.926s] Invoking command in '/home/dsh/Documents/work_logs/code/SFUISE/sfuise_ws/build/sfuise_msgs': CMAKE_PREFIX_PATH=${CMAKE_PREFIX_PATH}:/opt/ros/humble /usr/bin/cmake --install /home/dsh/Documents/work_logs/code/SFUISE/sfuise_ws/build/sfuise_msgs
[0.938s] -- Install configuration: ""
[0.938s] -- Up-to-date: /home/dsh/Documents/work_logs/code/SFUISE/sfuise_ws/install/sfuise_msgs/share/ament_index/resource_index/rosidl_interfaces/sfuise_msgs
[0.939s] -- Up-to-date: /home/dsh/Documents/work_logs/code/SFUISE/sfuise_ws/install/sfuise_msgs/include/sfuise_msgs/sfuise_msgs
[0.939s] -- Up-to-date: /home/dsh/Documents/work_logs/code/SFUISE/sfuise_ws/install/sfuise_msgs/include/sfuise_msgs/sfuise_msgs/msg
[0.939s] -- Up-to-date: /home/dsh/Documents/work_logs/code/SFUISE/sfuise_ws/install/sfuise_msgs/include/sfuise_msgs/sfuise_msgs/msg/offset.h
[0.939s] -- Up-to-date: /home/dsh/Documents/work_logs/code/SFUISE/sfuise_ws/install/sfuise_msgs/include/sfuise_msgs/sfuise_msgs/msg/knot.h
[0.939s] -- Up-to-date: /home/dsh/Documents/work_logs/code/SFUISE/sfuise_ws/install/sfuise_msgs/include/sfuise_msgs/sfuise_msgs/msg/detail
[0.939s] -- Up-to-date: /home/dsh/Documents/work_logs/code/SFUISE/sfuise_ws/install/sfuise_msgs/include/sfuise_msgs/sfuise_msgs/msg/detail/estimate__functions.c
[0.940s] -- Up-to-date: /home/dsh/Documents/work_logs/code/SFUISE/sfuise_ws/install/sfuise_msgs/include/sfuise_msgs/sfuise_msgs/msg/detail/knot__functions.h
[0.940s] -- Up-to-date: /home/dsh/Documents/work_logs/code/SFUISE/sfuise_ws/install/sfuise_msgs/include/sfuise_msgs/sfuise_msgs/msg/detail/knot__functions.c
[0.940s] -- Up-to-date: /home/dsh/Documents/work_logs/code/SFUISE/sfuise_ws/install/sfuise_msgs/include/sfuise_msgs/sfuise_msgs/msg/detail/offset__functions.h
[0.941s] -- Up-to-date: /home/dsh/Documents/work_logs/code/SFUISE/sfuise_ws/install/sfuise_msgs/include/sfuise_msgs/sfuise_msgs/msg/detail/offset__struct.h
[0.942s] -- Up-to-date: /home/dsh/Documents/work_logs/code/SFUISE/sfuise_ws/install/sfuise_msgs/include/sfuise_msgs/sfuise_msgs/msg/detail/estimate__functions.h
[0.942s] -- Up-to-date: /home/dsh/Documents/work_logs/code/SFUISE/sfuise_ws/install/sfuise_msgs/include/sfuise_msgs/sfuise_msgs/msg/detail/offset__type_support.h
[0.942s] -- Up-to-date: /home/dsh/Documents/work_logs/code/SFUISE/sfuise_ws/install/sfuise_msgs/include/sfuise_msgs/sfuise_msgs/msg/detail/knot__struct.h
[0.943s] -- Up-to-date: /home/dsh/Documents/work_logs/code/SFUISE/sfuise_ws/install/sfuise_msgs/include/sfuise_msgs/sfuise_msgs/msg/detail/spline__struct.h
[0.943s] -- Up-to-date: /home/dsh/Documents/work_logs/code/SFUISE/sfuise_ws/install/sfuise_msgs/include/sfuise_msgs/sfuise_msgs/msg/detail/calib__functions.c
[0.943s] -- Up-to-date: /home/dsh/Documents/work_logs/code/SFUISE/sfuise_ws/install/sfuise_msgs/include/sfuise_msgs/sfuise_msgs/msg/detail/spline__functions.h
[0.943s] -- Up-to-date: /home/dsh/Documents/work_logs/code/SFUISE/sfuise_ws/install/sfuise_msgs/include/sfuise_msgs/sfuise_msgs/msg/detail/estimate__type_support.h
[0.943s] -- Up-to-date: /home/dsh/Documents/work_logs/code/SFUISE/sfuise_ws/install/sfuise_msgs/include/sfuise_msgs/sfuise_msgs/msg/detail/knot__type_support.h
[0.944s] -- Up-to-date: /home/dsh/Documents/work_logs/code/SFUISE/sfuise_ws/install/sfuise_msgs/include/sfuise_msgs/sfuise_msgs/msg/detail/estimate__struct.h
[0.944s] -- Up-to-date: /home/dsh/Documents/work_logs/code/SFUISE/sfuise_ws/install/sfuise_msgs/include/sfuise_msgs/sfuise_msgs/msg/detail/calib__functions.h
[0.944s] -- Up-to-date: /home/dsh/Documents/work_logs/code/SFUISE/sfuise_ws/install/sfuise_msgs/include/sfuise_msgs/sfuise_msgs/msg/detail/spline__functions.c
[0.944s] -- Up-to-date: /home/dsh/Documents/work_logs/code/SFUISE/sfuise_ws/install/sfuise_msgs/include/sfuise_msgs/sfuise_msgs/msg/detail/calib__struct.h
[0.944s] -- Up-to-date: /home/dsh/Documents/work_logs/code/SFUISE/sfuise_ws/install/sfuise_msgs/include/sfuise_msgs/sfuise_msgs/msg/detail/calib__type_support.h
[0.944s] -- Up-to-date: /home/dsh/Documents/work_logs/code/SFUISE/sfuise_ws/install/sfuise_msgs/include/sfuise_msgs/sfuise_msgs/msg/detail/spline__type_support.h
[0.944s] -- Up-to-date: /home/dsh/Documents/work_logs/code/SFUISE/sfuise_ws/install/sfuise_msgs/include/sfuise_msgs/sfuise_msgs/msg/detail/offset__functions.c
[0.944s] -- Up-to-date: /home/dsh/Documents/work_logs/code/SFUISE/sfuise_ws/install/sfuise_msgs/include/sfuise_msgs/sfuise_msgs/msg/spline.h
[0.944s] -- Up-to-date: /home/dsh/Documents/work_logs/code/SFUISE/sfuise_ws/install/sfuise_msgs/include/sfuise_msgs/sfuise_msgs/msg/rosidl_generator_c__visibility_control.h
[0.945s] -- Up-to-date: /home/dsh/Documents/work_logs/code/SFUISE/sfuise_ws/install/sfuise_msgs/include/sfuise_msgs/sfuise_msgs/msg/estimate.h
[0.945s] -- Up-to-date: /home/dsh/Documents/work_logs/code/SFUISE/sfuise_ws/install/sfuise_msgs/include/sfuise_msgs/sfuise_msgs/msg/calib.h
[0.945s] -- Up-to-date: /home/dsh/Documents/work_logs/code/SFUISE/sfuise_ws/install/sfuise_msgs/share/sfuise_msgs/environment/library_path.sh
[0.945s] -- Up-to-date: /home/dsh/Documents/work_logs/code/SFUISE/sfuise_ws/install/sfuise_msgs/share/sfuise_msgs/environment/library_path.dsv
[0.945s] -- Up-to-date: /home/dsh/Documents/work_logs/code/SFUISE/sfuise_ws/install/sfuise_msgs/lib/libsfuise_msgs__rosidl_generator_c.so
[0.945s] -- Up-to-date: /home/dsh/Documents/work_logs/code/SFUISE/sfuise_ws/install/sfuise_msgs/include/sfuise_msgs/sfuise_msgs
[0.945s] -- Up-to-date: /home/dsh/Documents/work_logs/code/SFUISE/sfuise_ws/install/sfuise_msgs/include/sfuise_msgs/sfuise_msgs/msg
[0.945s] -- Up-to-date: /home/dsh/Documents/work_logs/code/SFUISE/sfuise_ws/install/sfuise_msgs/include/sfuise_msgs/sfuise_msgs/msg/rosidl_typesupport_fastrtps_c__visibility_control.h
[0.945s] -- Up-to-date: /home/dsh/Documents/work_logs/code/SFUISE/sfuise_ws/install/sfuise_msgs/include/sfuise_msgs/sfuise_msgs/msg/detail
[0.945s] -- Up-to-date: /home/dsh/Documents/work_logs/code/SFUISE/sfuise_ws/install/sfuise_msgs/include/sfuise_msgs/sfuise_msgs/msg/detail/knot__rosidl_typesupport_fastrtps_c.h
[0.946s] -- Up-to-date: /home/dsh/Documents/work_logs/code/SFUISE/sfuise_ws/install/sfuise_msgs/include/sfuise_msgs/sfuise_msgs/msg/detail/estimate__rosidl_typesupport_fastrtps_c.h
[0.946s] -- Up-to-date: /home/dsh/Documents/work_logs/code/SFUISE/sfuise_ws/install/sfuise_msgs/include/sfuise_msgs/sfuise_msgs/msg/detail/calib__rosidl_typesupport_fastrtps_c.h
[0.946s] -- Up-to-date: /home/dsh/Documents/work_logs/code/SFUISE/sfuise_ws/install/sfuise_msgs/include/sfuise_msgs/sfuise_msgs/msg/detail/spline__rosidl_typesupport_fastrtps_c.h
[0.946s] -- Up-to-date: /home/dsh/Documents/work_logs/code/SFUISE/sfuise_ws/install/sfuise_msgs/include/sfuise_msgs/sfuise_msgs/msg/detail/offset__rosidl_typesupport_fastrtps_c.h
[0.946s] -- Up-to-date: /home/dsh/Documents/work_logs/code/SFUISE/sfuise_ws/install/sfuise_msgs/lib/libsfuise_msgs__rosidl_typesupport_fastrtps_c.so
[0.946s] -- Up-to-date: /home/dsh/Documents/work_logs/code/SFUISE/sfuise_ws/install/sfuise_msgs/include/sfuise_msgs/sfuise_msgs
[0.946s] -- Up-to-date: /home/dsh/Documents/work_logs/code/SFUISE/sfuise_ws/install/sfuise_msgs/include/sfuise_msgs/sfuise_msgs/msg
[0.946s] -- Up-to-date: /home/dsh/Documents/work_logs/code/SFUISE/sfuise_ws/install/sfuise_msgs/include/sfuise_msgs/sfuise_msgs/msg/knot.hpp
[0.946s] -- Up-to-date: /home/dsh/Documents/work_logs/code/SFUISE/sfuise_ws/install/sfuise_msgs/include/sfuise_msgs/sfuise_msgs/msg/detail
[0.946s] -- Up-to-date: /home/dsh/Documents/work_logs/code/SFUISE/sfuise_ws/install/sfuise_msgs/include/sfuise_msgs/sfuise_msgs/msg/detail/calib__builder.hpp
[0.947s] -- Up-to-date: /home/dsh/Documents/work_logs/code/SFUISE/sfuise_ws/install/sfuise_msgs/include/sfuise_msgs/sfuise_msgs/msg/detail/offset__type_support.hpp
[0.947s] -- Up-to-date: /home/dsh/Documents/work_logs/code/SFUISE/sfuise_ws/install/sfuise_msgs/include/sfuise_msgs/sfuise_msgs/msg/detail/spline__struct.hpp
[0.947s] -- Up-to-date: /home/dsh/Documents/work_logs/code/SFUISE/sfuise_ws/install/sfuise_msgs/include/sfuise_msgs/sfuise_msgs/msg/detail/spline__builder.hpp
[0.947s] -- Up-to-date: /home/dsh/Documents/work_logs/code/SFUISE/sfuise_ws/install/sfuise_msgs/include/sfuise_msgs/sfuise_msgs/msg/detail/knot__type_support.hpp
[0.947s] -- Up-to-date: /home/dsh/Documents/work_logs/code/SFUISE/sfuise_ws/install/sfuise_msgs/include/sfuise_msgs/sfuise_msgs/msg/detail/calib__traits.hpp
[0.947s] -- Up-to-date: /home/dsh/Documents/work_logs/code/SFUISE/sfuise_ws/install/sfuise_msgs/include/sfuise_msgs/sfuise_msgs/msg/detail/spline__traits.hpp
[0.947s] -- Up-to-date: /home/dsh/Documents/work_logs/code/SFUISE/sfuise_ws/install/sfuise_msgs/include/sfuise_msgs/sfuise_msgs/msg/detail/offset__traits.hpp
[0.947s] -- Up-to-date: /home/dsh/Documents/work_logs/code/SFUISE/sfuise_ws/install/sfuise_msgs/include/sfuise_msgs/sfuise_msgs/msg/detail/offset__builder.hpp
[0.947s] -- Up-to-date: /home/dsh/Documents/work_logs/code/SFUISE/sfuise_ws/install/sfuise_msgs/include/sfuise_msgs/sfuise_msgs/msg/detail/estimate__struct.hpp
[0.947s] -- Up-to-date: /home/dsh/Documents/work_logs/code/SFUISE/sfuise_ws/install/sfuise_msgs/include/sfuise_msgs/sfuise_msgs/msg/detail/knot__builder.hpp
[0.947s] -- Up-to-date: /home/dsh/Documents/work_logs/code/SFUISE/sfuise_ws/install/sfuise_msgs/include/sfuise_msgs/sfuise_msgs/msg/detail/calib__struct.hpp
[0.947s] -- Up-to-date: /home/dsh/Documents/work_logs/code/SFUISE/sfuise_ws/install/sfuise_msgs/include/sfuise_msgs/sfuise_msgs/msg/detail/calib__type_support.hpp
[0.948s] -- Up-to-date: /home/dsh/Documents/work_logs/code/SFUISE/sfuise_ws/install/sfuise_msgs/include/sfuise_msgs/sfuise_msgs/msg/detail/knot__traits.hpp
[0.948s] -- Up-to-date: /home/dsh/Documents/work_logs/code/SFUISE/sfuise_ws/install/sfuise_msgs/include/sfuise_msgs/sfuise_msgs/msg/detail/estimate__type_support.hpp
[0.948s] -- Up-to-date: /home/dsh/Documents/work_logs/code/SFUISE/sfuise_ws/install/sfuise_msgs/include/sfuise_msgs/sfuise_msgs/msg/detail/estimate__traits.hpp
[0.948s] -- Up-to-date: /home/dsh/Documents/work_logs/code/SFUISE/sfuise_ws/install/sfuise_msgs/include/sfuise_msgs/sfuise_msgs/msg/detail/spline__type_support.hpp
[0.948s] -- Up-to-date: /home/dsh/Documents/work_logs/code/SFUISE/sfuise_ws/install/sfuise_msgs/include/sfuise_msgs/sfuise_msgs/msg/detail/knot__struct.hpp
[0.948s] -- Up-to-date: /home/dsh/Documents/work_logs/code/SFUISE/sfuise_ws/install/sfuise_msgs/include/sfuise_msgs/sfuise_msgs/msg/detail/estimate__builder.hpp
[0.948s] -- Up-to-date: /home/dsh/Documents/work_logs/code/SFUISE/sfuise_ws/install/sfuise_msgs/include/sfuise_msgs/sfuise_msgs/msg/detail/offset__struct.hpp
[0.948s] -- Up-to-date: /home/dsh/Documents/work_logs/code/SFUISE/sfuise_ws/install/sfuise_msgs/include/sfuise_msgs/sfuise_msgs/msg/spline.hpp
[0.948s] -- Up-to-date: /home/dsh/Documents/work_logs/code/SFUISE/sfuise_ws/install/sfuise_msgs/include/sfuise_msgs/sfuise_msgs/msg/calib.hpp
[0.948s] -- Up-to-date: /home/dsh/Documents/work_logs/code/SFUISE/sfuise_ws/install/sfuise_msgs/include/sfuise_msgs/sfuise_msgs/msg/estimate.hpp
[0.948s] -- Up-to-date: /home/dsh/Documents/work_logs/code/SFUISE/sfuise_ws/install/sfuise_msgs/include/sfuise_msgs/sfuise_msgs/msg/offset.hpp
[0.948s] -- Up-to-date: /home/dsh/Documents/work_logs/code/SFUISE/sfuise_ws/install/sfuise_msgs/include/sfuise_msgs/sfuise_msgs/msg/rosidl_generator_cpp__visibility_control.hpp
[0.949s] -- Up-to-date: /home/dsh/Documents/work_logs/code/SFUISE/sfuise_ws/install/sfuise_msgs/include/sfuise_msgs/sfuise_msgs
[0.949s] -- Up-to-date: /home/dsh/Documents/work_logs/code/SFUISE/sfuise_ws/install/sfuise_msgs/include/sfuise_msgs/sfuise_msgs/msg
[0.949s] -- Up-to-date: /home/dsh/Documents/work_logs/code/SFUISE/sfuise_ws/install/sfuise_msgs/include/sfuise_msgs/sfuise_msgs/msg/detail
[0.949s] -- Up-to-date: /home/dsh/Documents/work_logs/code/SFUISE/sfuise_ws/install/sfuise_msgs/include/sfuise_msgs/sfuise_msgs/msg/detail/offset__rosidl_typesupport_fastrtps_cpp.hpp
[0.949s] -- Up-to-date: /home/dsh/Documents/work_logs/code/SFUISE/sfuise_ws/install/sfuise_msgs/include/sfuise_msgs/sfuise_msgs/msg/detail/dds_fastrtps
[0.949s] -- Up-to-date: /home/dsh/Documents/work_logs/code/SFUISE/sfuise_ws/install/sfuise_msgs/include/sfuise_msgs/sfuise_msgs/msg/detail/calib__rosidl_typesupport_fastrtps_cpp.hpp
[0.949s] -- Up-to-date: /home/dsh/Documents/work_logs/code/SFUISE/sfuise_ws/install/sfuise_msgs/include/sfuise_msgs/sfuise_msgs/msg/detail/spline__rosidl_typesupport_fastrtps_cpp.hpp
[0.949s] -- Up-to-date: /home/dsh/Documents/work_logs/code/SFUISE/sfuise_ws/install/sfuise_msgs/include/sfuise_msgs/sfuise_msgs/msg/detail/estimate__rosidl_typesupport_fastrtps_cpp.hpp
[0.949s] -- Up-to-date: /home/dsh/Documents/work_logs/code/SFUISE/sfuise_ws/install/sfuise_msgs/include/sfuise_msgs/sfuise_msgs/msg/detail/knot__rosidl_typesupport_fastrtps_cpp.hpp
[0.949s] -- Up-to-date: /home/dsh/Documents/work_logs/code/SFUISE/sfuise_ws/install/sfuise_msgs/include/sfuise_msgs/sfuise_msgs/msg/rosidl_typesupport_fastrtps_cpp__visibility_control.h
[0.949s] -- Up-to-date: /home/dsh/Documents/work_logs/code/SFUISE/sfuise_ws/install/sfuise_msgs/lib/libsfuise_msgs__rosidl_typesupport_fastrtps_cpp.so
[0.949s] -- Up-to-date: /home/dsh/Documents/work_logs/code/SFUISE/sfuise_ws/install/sfuise_msgs/include/sfuise_msgs/sfuise_msgs
[0.949s] -- Up-to-date: /home/dsh/Documents/work_logs/code/SFUISE/sfuise_ws/install/sfuise_msgs/include/sfuise_msgs/sfuise_msgs/msg
[0.950s] -- Up-to-date: /home/dsh/Documents/work_logs/code/SFUISE/sfuise_ws/install/sfuise_msgs/include/sfuise_msgs/sfuise_msgs/msg/detail
[0.950s] -- Up-to-date: /home/dsh/Documents/work_logs/code/SFUISE/sfuise_ws/install/sfuise_msgs/include/sfuise_msgs/sfuise_msgs/msg/detail/spline__rosidl_typesupport_introspection_c.h
[0.950s] -- Up-to-date: /home/dsh/Documents/work_logs/code/SFUISE/sfuise_ws/install/sfuise_msgs/include/sfuise_msgs/sfuise_msgs/msg/detail/knot__rosidl_typesupport_introspection_c.h
[0.950s] -- Up-to-date: /home/dsh/Documents/work_logs/code/SFUISE/sfuise_ws/install/sfuise_msgs/include/sfuise_msgs/sfuise_msgs/msg/detail/offset__rosidl_typesupport_introspection_c.h
[0.950s] -- Up-to-date: /home/dsh/Documents/work_logs/code/SFUISE/sfuise_ws/install/sfuise_msgs/include/sfuise_msgs/sfuise_msgs/msg/detail/calib__type_support.c
[0.950s] -- Up-to-date: /home/dsh/Documents/work_logs/code/SFUISE/sfuise_ws/install/sfuise_msgs/include/sfuise_msgs/sfuise_msgs/msg/detail/estimate__rosidl_typesupport_introspection_c.h
[0.950s] -- Up-to-date: /home/dsh/Documents/work_logs/code/SFUISE/sfuise_ws/install/sfuise_msgs/include/sfuise_msgs/sfuise_msgs/msg/detail/knot__type_support.c
[0.950s] -- Up-to-date: /home/dsh/Documents/work_logs/code/SFUISE/sfuise_ws/install/sfuise_msgs/include/sfuise_msgs/sfuise_msgs/msg/detail/spline__type_support.c
[0.950s] -- Up-to-date: /home/dsh/Documents/work_logs/code/SFUISE/sfuise_ws/install/sfuise_msgs/include/sfuise_msgs/sfuise_msgs/msg/detail/estimate__type_support.c
[0.950s] -- Up-to-date: /home/dsh/Documents/work_logs/code/SFUISE/sfuise_ws/install/sfuise_msgs/include/sfuise_msgs/sfuise_msgs/msg/detail/offset__type_support.c
[0.950s] -- Up-to-date: /home/dsh/Documents/work_logs/code/SFUISE/sfuise_ws/install/sfuise_msgs/include/sfuise_msgs/sfuise_msgs/msg/detail/calib__rosidl_typesupport_introspection_c.h
[0.950s] -- Up-to-date: /home/dsh/Documents/work_logs/code/SFUISE/sfuise_ws/install/sfuise_msgs/include/sfuise_msgs/sfuise_msgs/msg/rosidl_typesupport_introspection_c__visibility_control.h
[0.950s] -- Up-to-date: /home/dsh/Documents/work_logs/code/SFUISE/sfuise_ws/install/sfuise_msgs/lib/libsfuise_msgs__rosidl_typesupport_introspection_c.so
[0.950s] -- Up-to-date: /home/dsh/Documents/work_logs/code/SFUISE/sfuise_ws/install/sfuise_msgs/lib/libsfuise_msgs__rosidl_typesupport_c.so
[0.951s] -- Up-to-date: /home/dsh/Documents/work_logs/code/SFUISE/sfuise_ws/install/sfuise_msgs/include/sfuise_msgs/sfuise_msgs
[0.951s] -- Up-to-date: /home/dsh/Documents/work_logs/code/SFUISE/sfuise_ws/install/sfuise_msgs/include/sfuise_msgs/sfuise_msgs/msg
[0.951s] -- Up-to-date: /home/dsh/Documents/work_logs/code/SFUISE/sfuise_ws/install/sfuise_msgs/include/sfuise_msgs/sfuise_msgs/msg/detail
[0.951s] -- Up-to-date: /home/dsh/Documents/work_logs/code/SFUISE/sfuise_ws/install/sfuise_msgs/include/sfuise_msgs/sfuise_msgs/msg/detail/offset__rosidl_typesupport_introspection_cpp.hpp
[0.951s] -- Up-to-date: /home/dsh/Documents/work_logs/code/SFUISE/sfuise_ws/install/sfuise_msgs/include/sfuise_msgs/sfuise_msgs/msg/detail/estimate__rosidl_typesupport_introspection_cpp.hpp
[0.951s] -- Up-to-date: /home/dsh/Documents/work_logs/code/SFUISE/sfuise_ws/install/sfuise_msgs/include/sfuise_msgs/sfuise_msgs/msg/detail/knot__type_support.cpp
[0.951s] -- Up-to-date: /home/dsh/Documents/work_logs/code/SFUISE/sfuise_ws/install/sfuise_msgs/include/sfuise_msgs/sfuise_msgs/msg/detail/spline__rosidl_typesupport_introspection_cpp.hpp
[0.951s] -- Up-to-date: /home/dsh/Documents/work_logs/code/SFUISE/sfuise_ws/install/sfuise_msgs/include/sfuise_msgs/sfuise_msgs/msg/detail/calib__type_support.cpp
[0.951s] -- Up-to-date: /home/dsh/Documents/work_logs/code/SFUISE/sfuise_ws/install/sfuise_msgs/include/sfuise_msgs/sfuise_msgs/msg/detail/knot__rosidl_typesupport_introspection_cpp.hpp
[0.951s] -- Up-to-date: /home/dsh/Documents/work_logs/code/SFUISE/sfuise_ws/install/sfuise_msgs/include/sfuise_msgs/sfuise_msgs/msg/detail/estimate__type_support.cpp
[0.951s] -- Up-to-date: /home/dsh/Documents/work_logs/code/SFUISE/sfuise_ws/install/sfuise_msgs/include/sfuise_msgs/sfuise_msgs/msg/detail/offset__type_support.cpp
[0.951s] -- Up-to-date: /home/dsh/Documents/work_logs/code/SFUISE/sfuise_ws/install/sfuise_msgs/include/sfuise_msgs/sfuise_msgs/msg/detail/calib__rosidl_typesupport_introspection_cpp.hpp
[0.951s] -- Up-to-date: /home/dsh/Documents/work_logs/code/SFUISE/sfuise_ws/install/sfuise_msgs/include/sfuise_msgs/sfuise_msgs/msg/detail/spline__type_support.cpp
[0.951s] -- Up-to-date: /home/dsh/Documents/work_logs/code/SFUISE/sfuise_ws/install/sfuise_msgs/lib/libsfuise_msgs__rosidl_typesupport_introspection_cpp.so
[0.952s] -- Up-to-date: /home/dsh/Documents/work_logs/code/SFUISE/sfuise_ws/install/sfuise_msgs/lib/libsfuise_msgs__rosidl_typesupport_cpp.so
[0.952s] -- Up-to-date: /home/dsh/Documents/work_logs/code/SFUISE/sfuise_ws/install/sfuise_msgs/share/sfuise_msgs/environment/pythonpath.sh
[0.952s] -- Up-to-date: /home/dsh/Documents/work_logs/code/SFUISE/sfuise_ws/install/sfuise_msgs/share/sfuise_msgs/environment/pythonpath.dsv
[0.952s] -- Up-to-date: /home/dsh/Documents/work_logs/code/SFUISE/sfuise_ws/install/sfuise_msgs/local/lib/python3.10/dist-packages/sfuise_msgs-0.0.0-py3.10.egg-info
[0.952s] -- Installing: /home/dsh/Documents/work_logs/code/SFUISE/sfuise_ws/install/sfuise_msgs/local/lib/python3.10/dist-packages/sfuise_msgs-0.0.0-py3.10.egg-info/SOURCES.txt
[0.952s] -- Installing: /home/dsh/Documents/work_logs/code/SFUISE/sfuise_ws/install/sfuise_msgs/local/lib/python3.10/dist-packages/sfuise_msgs-0.0.0-py3.10.egg-info/PKG-INFO
[0.952s] -- Installing: /home/dsh/Documents/work_logs/code/SFUISE/sfuise_ws/install/sfuise_msgs/local/lib/python3.10/dist-packages/sfuise_msgs-0.0.0-py3.10.egg-info/top_level.txt
[0.952s] -- Installing: /home/dsh/Documents/work_logs/code/SFUISE/sfuise_ws/install/sfuise_msgs/local/lib/python3.10/dist-packages/sfuise_msgs-0.0.0-py3.10.egg-info/dependency_links.txt
[0.952s] -- Up-to-date: /home/dsh/Documents/work_logs/code/SFUISE/sfuise_ws/install/sfuise_msgs/local/lib/python3.10/dist-packages/sfuise_msgs
[0.952s] -- Up-to-date: /home/dsh/Documents/work_logs/code/SFUISE/sfuise_ws/install/sfuise_msgs/local/lib/python3.10/dist-packages/sfuise_msgs/_sfuise_msgs_s.ep.rosidl_typesupport_c.c
[0.952s] -- Up-to-date: /home/dsh/Documents/work_logs/code/SFUISE/sfuise_ws/install/sfuise_msgs/local/lib/python3.10/dist-packages/sfuise_msgs/libsfuise_msgs__rosidl_generator_py.so
[0.952s] -- Up-to-date: /home/dsh/Documents/work_logs/code/SFUISE/sfuise_ws/install/sfuise_msgs/local/lib/python3.10/dist-packages/sfuise_msgs/sfuise_msgs_s__rosidl_typesupport_c.cpython-310-x86_64-linux-gnu.so
[0.952s] -- Up-to-date: /home/dsh/Documents/work_logs/code/SFUISE/sfuise_ws/install/sfuise_msgs/local/lib/python3.10/dist-packages/sfuise_msgs/__init__.py
[0.952s] -- Up-to-date: /home/dsh/Documents/work_logs/code/SFUISE/sfuise_ws/install/sfuise_msgs/local/lib/python3.10/dist-packages/sfuise_msgs/_sfuise_msgs_s.ep.rosidl_typesupport_fastrtps_c.c
[0.953s] -- Up-to-date: /home/dsh/Documents/work_logs/code/SFUISE/sfuise_ws/install/sfuise_msgs/local/lib/python3.10/dist-packages/sfuise_msgs/sfuise_msgs_s__rosidl_typesupport_fastrtps_c.cpython-310-x86_64-linux-gnu.so
[0.953s] -- Up-to-date: /home/dsh/Documents/work_logs/code/SFUISE/sfuise_ws/install/sfuise_msgs/local/lib/python3.10/dist-packages/sfuise_msgs/msg
[0.953s] -- Up-to-date: /home/dsh/Documents/work_logs/code/SFUISE/sfuise_ws/install/sfuise_msgs/local/lib/python3.10/dist-packages/sfuise_msgs/msg/_offset_s.c
[0.953s] -- Up-to-date: /home/dsh/Documents/work_logs/code/SFUISE/sfuise_ws/install/sfuise_msgs/local/lib/python3.10/dist-packages/sfuise_msgs/msg/_estimate.py
[0.953s] -- Up-to-date: /home/dsh/Documents/work_logs/code/SFUISE/sfuise_ws/install/sfuise_msgs/local/lib/python3.10/dist-packages/sfuise_msgs/msg/_spline_s.c
[0.953s] -- Up-to-date: /home/dsh/Documents/work_logs/code/SFUISE/sfuise_ws/install/sfuise_msgs/local/lib/python3.10/dist-packages/sfuise_msgs/msg/_spline.py
[0.953s] -- Up-to-date: /home/dsh/Documents/work_logs/code/SFUISE/sfuise_ws/install/sfuise_msgs/local/lib/python3.10/dist-packages/sfuise_msgs/msg/_calib_s.c
[0.953s] -- Up-to-date: /home/dsh/Documents/work_logs/code/SFUISE/sfuise_ws/install/sfuise_msgs/local/lib/python3.10/dist-packages/sfuise_msgs/msg/__init__.py
[0.953s] -- Up-to-date: /home/dsh/Documents/work_logs/code/SFUISE/sfuise_ws/install/sfuise_msgs/local/lib/python3.10/dist-packages/sfuise_msgs/msg/_offset.py
[0.953s] -- Up-to-date: /home/dsh/Documents/work_logs/code/SFUISE/sfuise_ws/install/sfuise_msgs/local/lib/python3.10/dist-packages/sfuise_msgs/msg/_calib.py
[0.953s] -- Up-to-date: /home/dsh/Documents/work_logs/code/SFUISE/sfuise_ws/install/sfuise_msgs/local/lib/python3.10/dist-packages/sfuise_msgs/msg/_knot.py
[0.953s] -- Up-to-date: /home/dsh/Documents/work_logs/code/SFUISE/sfuise_ws/install/sfuise_msgs/local/lib/python3.10/dist-packages/sfuise_msgs/msg/_knot_s.c
[0.953s] -- Up-to-date: /home/dsh/Documents/work_logs/code/SFUISE/sfuise_ws/install/sfuise_msgs/local/lib/python3.10/dist-packages/sfuise_msgs/msg/_estimate_s.c
[0.953s] -- Up-to-date: /home/dsh/Documents/work_logs/code/SFUISE/sfuise_ws/install/sfuise_msgs/local/lib/python3.10/dist-packages/sfuise_msgs/sfuise_msgs_s__rosidl_typesupport_introspection_c.cpython-310-x86_64-linux-gnu.so
[0.954s] -- Up-to-date: /home/dsh/Documents/work_logs/code/SFUISE/sfuise_ws/install/sfuise_msgs/local/lib/python3.10/dist-packages/sfuise_msgs/_sfuise_msgs_s.ep.rosidl_typesupport_introspection_c.c
[1.007s] Listing '/home/dsh/Documents/work_logs/code/SFUISE/sfuise_ws/install/sfuise_msgs/local/lib/python3.10/dist-packages/sfuise_msgs'...
[1.010s] Listing '/home/dsh/Documents/work_logs/code/SFUISE/sfuise_ws/install/sfuise_msgs/local/lib/python3.10/dist-packages/sfuise_msgs/msg'...
[1.018s] -- Up-to-date: /home/dsh/Documents/work_logs/code/SFUISE/sfuise_ws/install/sfuise_msgs/local/lib/python3.10/dist-packages/sfuise_msgs/sfuise_msgs_s__rosidl_typesupport_fastrtps_c.cpython-310-x86_64-linux-gnu.so
[1.018s] -- Up-to-date: /home/dsh/Documents/work_logs/code/SFUISE/sfuise_ws/install/sfuise_msgs/local/lib/python3.10/dist-packages/sfuise_msgs/sfuise_msgs_s__rosidl_typesupport_introspection_c.cpython-310-x86_64-linux-gnu.so
[1.019s] -- Up-to-date: /home/dsh/Documents/work_logs/code/SFUISE/sfuise_ws/install/sfuise_msgs/local/lib/python3.10/dist-packages/sfuise_msgs/sfuise_msgs_s__rosidl_typesupport_c.cpython-310-x86_64-linux-gnu.so
[1.020s] -- Up-to-date: /home/dsh/Documents/work_logs/code/SFUISE/sfuise_ws/install/sfuise_msgs/lib/libsfuise_msgs__rosidl_generator_py.so
[1.020s] -- Up-to-date: /home/dsh/Documents/work_logs/code/SFUISE/sfuise_ws/install/sfuise_msgs/share/sfuise_msgs/msg/Calib.idl
[1.021s] -- Up-to-date: /home/dsh/Documents/work_logs/code/SFUISE/sfuise_ws/install/sfuise_msgs/share/sfuise_msgs/msg/Estimate.idl
[1.021s] -- Up-to-date: /home/dsh/Documents/work_logs/code/SFUISE/sfuise_ws/install/sfuise_msgs/share/sfuise_msgs/msg/Knot.idl
[1.021s] -- Up-to-date: /home/dsh/Documents/work_logs/code/SFUISE/sfuise_ws/install/sfuise_msgs/share/sfuise_msgs/msg/Offset.idl
[1.021s] -- Up-to-date: /home/dsh/Documents/work_logs/code/SFUISE/sfuise_ws/install/sfuise_msgs/share/sfuise_msgs/msg/Spline.idl
[1.021s] -- Up-to-date: /home/dsh/Documents/work_logs/code/SFUISE/sfuise_ws/install/sfuise_msgs/share/sfuise_msgs/msg/Calib.msg
[1.022s] -- Up-to-date: /home/dsh/Documents/work_logs/code/SFUISE/sfuise_ws/install/sfuise_msgs/share/sfuise_msgs/msg/Estimate.msg
[1.022s] -- Up-to-date: /home/dsh/Documents/work_logs/code/SFUISE/sfuise_ws/install/sfuise_msgs/share/sfuise_msgs/msg/Knot.msg
[1.022s] -- Up-to-date: /home/dsh/Documents/work_logs/code/SFUISE/sfuise_ws/install/sfuise_msgs/share/sfuise_msgs/msg/Offset.msg
[1.023s] -- Up-to-date: /home/dsh/Documents/work_logs/code/SFUISE/sfuise_ws/install/sfuise_msgs/share/sfuise_msgs/msg/Spline.msg
[1.023s] -- Up-to-date: /home/dsh/Documents/work_logs/code/SFUISE/sfuise_ws/install/sfuise_msgs/share/ament_index/resource_index/package_run_dependencies/sfuise_msgs
[1.023s] -- Up-to-date: /home/dsh/Documents/work_logs/code/SFUISE/sfuise_ws/install/sfuise_msgs/share/ament_index/resource_index/parent_prefix_path/sfuise_msgs
[1.023s] -- Up-to-date: /home/dsh/Documents/work_logs/code/SFUISE/sfuise_ws/install/sfuise_msgs/share/sfuise_msgs/environment/ament_prefix_path.sh
[1.023s] -- Up-to-date: /home/dsh/Documents/work_logs/code/SFUISE/sfuise_ws/install/sfuise_msgs/share/sfuise_msgs/environment/ament_prefix_path.dsv
[1.023s] -- Up-to-date: /home/dsh/Documents/work_logs/code/SFUISE/sfuise_ws/install/sfuise_msgs/share/sfuise_msgs/environment/path.sh
[1.024s] -- Up-to-date: /home/dsh/Documents/work_logs/code/SFUISE/sfuise_ws/install/sfuise_msgs/share/sfuise_msgs/environment/path.dsv
[1.024s] -- Up-to-date: /home/dsh/Documents/work_logs/code/SFUISE/sfuise_ws/install/sfuise_msgs/share/sfuise_msgs/local_setup.bash
[1.024s] -- Up-to-date: /home/dsh/Documents/work_logs/code/SFUISE/sfuise_ws/install/sfuise_msgs/share/sfuise_msgs/local_setup.sh
[1.024s] -- Up-to-date: /home/dsh/Documents/work_logs/code/SFUISE/sfuise_ws/install/sfuise_msgs/share/sfuise_msgs/local_setup.zsh
[1.024s] -- Up-to-date: /home/dsh/Documents/work_logs/code/SFUISE/sfuise_ws/install/sfuise_msgs/share/sfuise_msgs/local_setup.dsv
[1.024s] -- Installing: /home/dsh/Documents/work_logs/code/SFUISE/sfuise_ws/install/sfuise_msgs/share/sfuise_msgs/package.dsv
[1.024s] -- Up-to-date: /home/dsh/Documents/work_logs/code/SFUISE/sfuise_ws/install/sfuise_msgs/share/ament_index/resource_index/packages/sfuise_msgs
[1.024s] -- Up-to-date: /home/dsh/Documents/work_logs/code/SFUISE/sfuise_ws/install/sfuise_msgs/share/sfuise_msgs/cmake/export_sfuise_msgs__rosidl_generator_cExport.cmake
[1.024s] -- Up-to-date: /home/dsh/Documents/work_logs/code/SFUISE/sfuise_ws/install/sfuise_msgs/share/sfuise_msgs/cmake/export_sfuise_msgs__rosidl_generator_cExport-noconfig.cmake
[1.024s] -- Up-to-date: /home/dsh/Documents/work_logs/code/SFUISE/sfuise_ws/install/sfuise_msgs/share/sfuise_msgs/cmake/export_sfuise_msgs__rosidl_typesupport_fastrtps_cExport.cmake
[1.025s] -- Up-to-date: /home/dsh/Documents/work_logs/code/SFUISE/sfuise_ws/install/sfuise_msgs/share/sfuise_msgs/cmake/export_sfuise_msgs__rosidl_typesupport_fastrtps_cExport-noconfig.cmake
[1.025s] -- Up-to-date: /home/dsh/Documents/work_logs/code/SFUISE/sfuise_ws/install/sfuise_msgs/share/sfuise_msgs/cmake/export_sfuise_msgs__rosidl_generator_cppExport.cmake
[1.025s] -- Up-to-date: /home/dsh/Documents/work_logs/code/SFUISE/sfuise_ws/install/sfuise_msgs/share/sfuise_msgs/cmake/export_sfuise_msgs__rosidl_typesupport_fastrtps_cppExport.cmake
[1.026s] -- Up-to-date: /home/dsh/Documents/work_logs/code/SFUISE/sfuise_ws/install/sfuise_msgs/share/sfuise_msgs/cmake/export_sfuise_msgs__rosidl_typesupport_fastrtps_cppExport-noconfig.cmake
[1.026s] -- Up-to-date: /home/dsh/Documents/work_logs/code/SFUISE/sfuise_ws/install/sfuise_msgs/share/sfuise_msgs/cmake/sfuise_msgs__rosidl_typesupport_introspection_cExport.cmake
[1.026s] -- Up-to-date: /home/dsh/Documents/work_logs/code/SFUISE/sfuise_ws/install/sfuise_msgs/share/sfuise_msgs/cmake/sfuise_msgs__rosidl_typesupport_introspection_cExport-noconfig.cmake
[1.026s] -- Up-to-date: /home/dsh/Documents/work_logs/code/SFUISE/sfuise_ws/install/sfuise_msgs/share/sfuise_msgs/cmake/sfuise_msgs__rosidl_typesupport_cExport.cmake
[1.026s] -- Up-to-date: /home/dsh/Documents/work_logs/code/SFUISE/sfuise_ws/install/sfuise_msgs/share/sfuise_msgs/cmake/sfuise_msgs__rosidl_typesupport_cExport-noconfig.cmake
[1.026s] -- Up-to-date: /home/dsh/Documents/work_logs/code/SFUISE/sfuise_ws/install/sfuise_msgs/share/sfuise_msgs/cmake/sfuise_msgs__rosidl_typesupport_introspection_cppExport.cmake
[1.028s] -- Up-to-date: /home/dsh/Documents/work_logs/code/SFUISE/sfuise_ws/install/sfuise_msgs/share/sfuise_msgs/cmake/sfuise_msgs__rosidl_typesupport_introspection_cppExport-noconfig.cmake
[1.028s] -- Up-to-date: /home/dsh/Documents/work_logs/code/SFUISE/sfuise_ws/install/sfuise_msgs/share/sfuise_msgs/cmake/sfuise_msgs__rosidl_typesupport_cppExport.cmake
[1.029s] -- Up-to-date: /home/dsh/Documents/work_logs/code/SFUISE/sfuise_ws/install/sfuise_msgs/share/sfuise_msgs/cmake/sfuise_msgs__rosidl_typesupport_cppExport-noconfig.cmake
[1.029s] -- Up-to-date: /home/dsh/Documents/work_logs/code/SFUISE/sfuise_ws/install/sfuise_msgs/share/sfuise_msgs/cmake/export_sfuise_msgs__rosidl_generator_pyExport.cmake
[1.029s] -- Up-to-date: /home/dsh/Documents/work_logs/code/SFUISE/sfuise_ws/install/sfuise_msgs/share/sfuise_msgs/cmake/export_sfuise_msgs__rosidl_generator_pyExport-noconfig.cmake
[1.029s] -- Up-to-date: /home/dsh/Documents/work_logs/code/SFUISE/sfuise_ws/install/sfuise_msgs/share/sfuise_msgs/cmake/rosidl_cmake-extras.cmake
[1.029s] -- Up-to-date: /home/dsh/Documents/work_logs/code/SFUISE/sfuise_ws/install/sfuise_msgs/share/sfuise_msgs/cmake/ament_cmake_export_dependencies-extras.cmake
[1.029s] -- Up-to-date: /home/dsh/Documents/work_logs/code/SFUISE/sfuise_ws/install/sfuise_msgs/share/sfuise_msgs/cmake/ament_cmake_export_include_directories-extras.cmake
[1.030s] -- Up-to-date: /home/dsh/Documents/work_logs/code/SFUISE/sfuise_ws/install/sfuise_msgs/share/sfuise_msgs/cmake/ament_cmake_export_libraries-extras.cmake
[1.030s] -- Up-to-date: /home/dsh/Documents/work_logs/code/SFUISE/sfuise_ws/install/sfuise_msgs/share/sfuise_msgs/cmake/ament_cmake_export_targets-extras.cmake
[1.031s] -- Up-to-date: /home/dsh/Documents/work_logs/code/SFUISE/sfuise_ws/install/sfuise_msgs/share/sfuise_msgs/cmake/rosidl_cmake_export_typesupport_targets-extras.cmake
[1.032s] -- Up-to-date: /home/dsh/Documents/work_logs/code/SFUISE/sfuise_ws/install/sfuise_msgs/share/sfuise_msgs/cmake/rosidl_cmake_export_typesupport_libraries-extras.cmake
[1.032s] -- Up-to-date: /home/dsh/Documents/work_logs/code/SFUISE/sfuise_ws/install/sfuise_msgs/share/sfuise_msgs/cmake/sfuise_msgsConfig.cmake
[1.034s] -- Up-to-date: /home/dsh/Documents/work_logs/code/SFUISE/sfuise_ws/install/sfuise_msgs/share/sfuise_msgs/cmake/sfuise_msgsConfig-version.cmake
[1.034s] -- Up-to-date: /home/dsh/Documents/work_logs/code/SFUISE/sfuise_ws/install/sfuise_msgs/share/sfuise_msgs/package.xml
[1.070s] Invoked command in '/home/dsh/Documents/work_logs/code/SFUISE/sfuise_ws/build/sfuise_msgs' returned '0': CMAKE_PREFIX_PATH=${CMAKE_PREFIX_PATH}:/opt/ros/humble /usr/bin/cmake --install /home/dsh/Documents/work_logs/code/SFUISE/sfuise_ws/build/sfuise_msgs
