[35m[1mConsolidate compiler generated dependencies of target EstimationInterface[0m
[35m[1mConsolidate compiler generated dependencies of target SplineFusion[0m
[ 25%] [32mBuilding CXX object CMakeFiles/SplineFusion.dir/src/SplineFusion.cpp.o[0m
[ 50%] [32mBuilding CXX object CMakeFiles/EstimationInterface.dir/src/EstimationInterface.cpp.o[0m
[01m[K/home/dsh/Documents/work_logs/code/SFUISE/sfuise_ws/src/sfuise/src/EstimationInterface.cpp:[m[K In member function ‘[01m[Kvoid EstimationInterface::getToaISASCallback(isas_msgs::msg::RTLSStick_<std::allocator<void> >::SharedPtr)[m[K’:
[01m[K/home/dsh/Documents/work_logs/code/SFUISE/sfuise_ws/src/sfuise/src/EstimationInterface.cpp:308:22:[m[K [01;31m[Kerror: [m[K‘[01m[Kusing element_type = class rclcpp::PublisherBase[m[K’ {aka ‘[01m[Kclass rclcpp::PublisherBase[m[K’} has no member named ‘[01m[Kpublish[m[K’
  308 |             pub_uwb->[01;31m[Kpublish[m[K(*uwb_msg); // 发布UWB数据
      |                      [01;31m[K^~~~~~~[m[K
[01m[K/home/dsh/Documents/work_logs/code/SFUISE/sfuise_ws/src/sfuise/src/EstimationInterface.cpp:[m[K In member function ‘[01m[Kvoid EstimationInterface::getTdoaUTILCallback(cf_msgs::msg::Tdoa_<std::allocator<void> >::SharedPtr)[m[K’:
[01m[K/home/dsh/Documents/work_logs/code/SFUISE/sfuise_ws/src/sfuise/src/EstimationInterface.cpp:321:35:[m[K [01;31m[Kerror: [m[K‘[01m[Kusing element_type = class rclcpp::PublisherBase[m[K’ {aka ‘[01m[Kclass rclcpp::PublisherBase[m[K’} has no member named ‘[01m[Kpublish[m[K’
  321 |             if (pub_uwb) pub_uwb->[01;31m[Kpublish[m[K(*msg); // 发布TDOA数据
      |                                   [01;31m[K^~~~~~~[m[K
[01m[K/home/dsh/Documents/work_logs/code/SFUISE/sfuise_ws/src/sfuise/src/SplineFusion.cpp:[m[K In constructor ‘[01m[KSplineFusion::SplineFusion(std::shared_ptr<rclcpp::Node>)[m[K’:
[01m[K/home/dsh/Documents/work_logs/code/SFUISE/sfuise_ws/src/sfuise/src/SplineFusion.cpp:45:136:[m[K [01;31m[Kerror: [m[Kno match for ‘[01m[Koperator=[m[K’ (operand types are ‘[01m[Krclcpp::Subscription<cf_msgs::msg::Tdoa_<std::allocator<void> > >::SharedPtr[m[K’ {aka ‘[01m[Kstd::shared_ptr<rclcpp::Subscription<cf_msgs::msg::Tdoa_<std::allocator<void> > > >[m[K’} and ‘[01m[Kstd::shared_ptr<rclcpp::Subscription<isas_msgs::msg::RTLSStick_<std::allocator<void> >, std::allocator<void>, isas_msgs::msg::RTLSStick_<std::allocator<void> >, isas_msgs::msg::RTLSStick_<std::allocator<void> >, rclcpp::message_memory_strategy::MessageMemoryStrategy<isas_msgs::msg::RTLSStick_<std::allocator<void> >, std::allocator<void> > > >[m[K’)
   45 |                 "/EstimationInterface/toa_ds", rclcpp::QoS(1000), std::bind(&SplineFusion::getToaCallback, this, std::placeholders::_1)[01;31m[K)[m[K;
      |                                                                                                                                        [01;31m[K^[m[K
In file included from [01m[K/usr/include/c++/11/memory:77[m[K,
                 from [01m[K/opt/ros/humble/include/rclcpp/rclcpp/rclcpp.hpp:153[m[K,
                 from [01m[K/home/dsh/Documents/work_logs/code/SFUISE/sfuise_ws/src/sfuise/src/SplineFusion.cpp:1[m[K:
[01m[K/usr/include/c++/11/bits/shared_ptr.h:363:9:[m[K [01;36m[Knote: [m[Kcandidate: ‘[01m[Ktemplate<class _Yp> std::shared_ptr<_Tp>::_Assignable<const std::shared_ptr<_Yp>&> std::shared_ptr<_Tp>::operator=(const std::shared_ptr<_Yp>&) [with _Yp = _Yp; _Tp = rclcpp::Subscription<cf_msgs::msg::Tdoa_<std::allocator<void> > >][m[K’
  363 |         [01;36m[Koperator[m[K=(const shared_ptr<_Yp>& __r) noexcept
      |         [01;36m[K^~~~~~~~[m[K
[01m[K/usr/include/c++/11/bits/shared_ptr.h:363:9:[m[K [01;36m[Knote: [m[K  template argument deduction/substitution failed:
/usr/include/c++/11/bits/shared_ptr.h: In substitution of ‘[01m[Ktemplate<class _Tp> template<class _Arg> using _Assignable = typename std::enable_if<std::is_assignable<std::__shared_ptr<_Tp>&, _Arg>::value, std::shared_ptr<_Tp>&>::type [with _Arg = const std::shared_ptr<rclcpp::Subscription<isas_msgs::msg::RTLSStick_<std::allocator<void> >, std::allocator<void>, isas_msgs::msg::RTLSStick_<std::allocator<void> >, isas_msgs::msg::RTLSStick_<std::allocator<void> >, rclcpp::message_memory_strategy::MessageMemoryStrategy<isas_msgs::msg::RTLSStick_<std::allocator<void> >, std::allocator<void> > > >&; _Tp = rclcpp::Subscription<cf_msgs::msg::Tdoa_<std::allocator<void> > >][m[K’:
[01m[K/usr/include/c++/11/bits/shared_ptr.h:363:2:[m[K   required by substitution of ‘[01m[Ktemplate<class _Yp> std::shared_ptr<rclcpp::Subscription<cf_msgs::msg::Tdoa_<std::allocator<void> > > >::_Assignable<const std::shared_ptr<_Tp>&> std::shared_ptr<rclcpp::Subscription<cf_msgs::msg::Tdoa_<std::allocator<void> > > >::operator=<_Yp>(const std::shared_ptr<_Tp>&) [with _Yp = rclcpp::Subscription<isas_msgs::msg::RTLSStick_<std::allocator<void> >, std::allocator<void>, isas_msgs::msg::RTLSStick_<std::allocator<void> >, isas_msgs::msg::RTLSStick_<std::allocator<void> >, rclcpp::message_memory_strategy::MessageMemoryStrategy<isas_msgs::msg::RTLSStick_<std::allocator<void> >, std::allocator<void> > >][m[K’
[01m[K/home/dsh/Documents/work_logs/code/SFUISE/sfuise_ws/src/sfuise/src/SplineFusion.cpp:45:136:[m[K   required from here
[01m[K/usr/include/c++/11/bits/shared_ptr.h:130:15:[m[K [01;31m[Kerror: [m[Kno type named ‘[01m[Ktype[m[K’ in ‘[01m[Kstruct std::enable_if<false, std::shared_ptr<rclcpp::Subscription<cf_msgs::msg::Tdoa_<std::allocator<void> > > >&>[m[K’
  130 |         using [01;31m[K_Assignable[m[K = typename enable_if<
      |               [01;31m[K^~~~~~~~~~~[m[K
[01m[K/usr/include/c++/11/bits/shared_ptr.h:374:9:[m[K [01;36m[Knote: [m[Kcandidate: ‘[01m[Ktemplate<class _Yp> std::shared_ptr<_Tp>::_Assignable<std::auto_ptr<_Up> > std::shared_ptr<_Tp>::operator=(std::auto_ptr<_Up>&&) [with _Yp = _Yp; _Tp = rclcpp::Subscription<cf_msgs::msg::Tdoa_<std::allocator<void> > >][m[K’
  374 |         [01;36m[Koperator[m[K=(auto_ptr<_Yp>&& __r)
      |         [01;36m[K^~~~~~~~[m[K
[01m[K/usr/include/c++/11/bits/shared_ptr.h:374:9:[m[K [01;36m[Knote: [m[K  template argument deduction/substitution failed:
[01m[K/home/dsh/Documents/work_logs/code/SFUISE/sfuise_ws/src/sfuise/src/SplineFusion.cpp:45:136:[m[K [01;36m[Knote: [m[K  ‘[01m[Kstd::shared_ptr<rclcpp::Subscription<isas_msgs::msg::RTLSStick_<std::allocator<void> >, std::allocator<void>, isas_msgs::msg::RTLSStick_<std::allocator<void> >, isas_msgs::msg::RTLSStick_<std::allocator<void> >, rclcpp::message_memory_strategy::MessageMemoryStrategy<isas_msgs::msg::RTLSStick_<std::allocator<void> >, std::allocator<void> > > >[m[K’ is not derived from ‘[01m[Kstd::auto_ptr<_Up>[m[K’
   45 |                 "/EstimationInterface/toa_ds", rclcpp::QoS(1000), std::bind(&SplineFusion::getToaCallback, this, std::placeholders::_1)[01;36m[K)[m[K;
      |                                                                                                                                        [01;36m[K^[m[K
In file included from [01m[K/usr/include/c++/11/memory:77[m[K,
                 from [01m[K/opt/ros/humble/include/rclcpp/rclcpp/rclcpp.hpp:153[m[K,
                 from [01m[K/home/dsh/Documents/work_logs/code/SFUISE/sfuise_ws/src/sfuise/src/SplineFusion.cpp:1[m[K:
[01m[K/usr/include/c++/11/bits/shared_ptr.h:391:9:[m[K [01;36m[Knote: [m[Kcandidate: ‘[01m[Ktemplate<class _Yp> std::shared_ptr<_Tp>::_Assignable<std::shared_ptr<_Yp> > std::shared_ptr<_Tp>::operator=(std::shared_ptr<_Yp>&&) [with _Yp = _Yp; _Tp = rclcpp::Subscription<cf_msgs::msg::Tdoa_<std::allocator<void> > >][m[K’
  391 |         [01;36m[Koperator[m[K=(shared_ptr<_Yp>&& __r) noexcept
      |         [01;36m[K^~~~~~~~[m[K
[01m[K/usr/include/c++/11/bits/shared_ptr.h:391:9:[m[K [01;36m[Knote: [m[K  template argument deduction/substitution failed:
/usr/include/c++/11/bits/shared_ptr.h: In substitution of ‘[01m[Ktemplate<class _Tp> template<class _Arg> using _Assignable = typename std::enable_if<std::is_assignable<std::__shared_ptr<_Tp>&, _Arg>::value, std::shared_ptr<_Tp>&>::type [with _Arg = std::shared_ptr<rclcpp::Subscription<isas_msgs::msg::RTLSStick_<std::allocator<void> >, std::allocator<void>, isas_msgs::msg::RTLSStick_<std::allocator<void> >, isas_msgs::msg::RTLSStick_<std::allocator<void> >, rclcpp::message_memory_strategy::MessageMemoryStrategy<isas_msgs::msg::RTLSStick_<std::allocator<void> >, std::allocator<void> > > >; _Tp = rclcpp::Subscription<cf_msgs::msg::Tdoa_<std::allocator<void> > >][m[K’:
[01m[K/usr/include/c++/11/bits/shared_ptr.h:391:2:[m[K   required by substitution of ‘[01m[Ktemplate<class _Yp> std::shared_ptr<rclcpp::Subscription<cf_msgs::msg::Tdoa_<std::allocator<void> > > >::_Assignable<std::shared_ptr<_Tp> > std::shared_ptr<rclcpp::Subscription<cf_msgs::msg::Tdoa_<std::allocator<void> > > >::operator=<_Yp>(std::shared_ptr<_Tp>&&) [with _Yp = rclcpp::Subscription<isas_msgs::msg::RTLSStick_<std::allocator<void> >, std::allocator<void>, isas_msgs::msg::RTLSStick_<std::allocator<void> >, isas_msgs::msg::RTLSStick_<std::allocator<void> >, rclcpp::message_memory_strategy::MessageMemoryStrategy<isas_msgs::msg::RTLSStick_<std::allocator<void> >, std::allocator<void> > >][m[K’
[01m[K/home/dsh/Documents/work_logs/code/SFUISE/sfuise_ws/src/sfuise/src/SplineFusion.cpp:45:136:[m[K   required from here
[01m[K/usr/include/c++/11/bits/shared_ptr.h:130:15:[m[K [01;31m[Kerror: [m[Kno type named ‘[01m[Ktype[m[K’ in ‘[01m[Kstruct std::enable_if<false, std::shared_ptr<rclcpp::Subscription<cf_msgs::msg::Tdoa_<std::allocator<void> > > >&>[m[K’
  130 |         using [01;31m[K_Assignable[m[K = typename enable_if<
      |               [01;31m[K^~~~~~~~~~~[m[K
[01m[K/usr/include/c++/11/bits/shared_ptr.h:399:9:[m[K [01;36m[Knote: [m[Kcandidate: ‘[01m[Ktemplate<class _Yp, class _Del> std::shared_ptr<_Tp>::_Assignable<std::unique_ptr<_Up, _Ep> > std::shared_ptr<_Tp>::operator=(std::unique_ptr<_Up, _Ep>&&) [with _Yp = _Yp; _Del = _Del; _Tp = rclcpp::Subscription<cf_msgs::msg::Tdoa_<std::allocator<void> > >][m[K’
  399 |         [01;36m[Koperator[m[K=(unique_ptr<_Yp, _Del>&& __r)
      |         [01;36m[K^~~~~~~~[m[K
[01m[K/usr/include/c++/11/bits/shared_ptr.h:399:9:[m[K [01;36m[Knote: [m[K  template argument deduction/substitution failed:
[01m[K/home/dsh/Documents/work_logs/code/SFUISE/sfuise_ws/src/sfuise/src/SplineFusion.cpp:45:136:[m[K [01;36m[Knote: [m[K  ‘[01m[Kstd::shared_ptr<rclcpp::Subscription<isas_msgs::msg::RTLSStick_<std::allocator<void> >, std::allocator<void>, isas_msgs::msg::RTLSStick_<std::allocator<void> >, isas_msgs::msg::RTLSStick_<std::allocator<void> >, rclcpp::message_memory_strategy::MessageMemoryStrategy<isas_msgs::msg::RTLSStick_<std::allocator<void> >, std::allocator<void> > > >[m[K’ is not derived from ‘[01m[Kstd::unique_ptr<_Tp, _Dp>[m[K’
   45 |                 "/EstimationInterface/toa_ds", rclcpp::QoS(1000), std::bind(&SplineFusion::getToaCallback, this, std::placeholders::_1)[01;36m[K)[m[K;
      |                                                                                                                                        [01;36m[K^[m[K
In file included from [01m[K/usr/include/c++/11/memory:77[m[K,
                 from [01m[K/opt/ros/humble/include/rclcpp/rclcpp/rclcpp.hpp:153[m[K,
                 from [01m[K/home/dsh/Documents/work_logs/code/SFUISE/sfuise_ws/src/sfuise/src/SplineFusion.cpp:1[m[K:
[01m[K/usr/include/c++/11/bits/shared_ptr.h:359:19:[m[K [01;36m[Knote: [m[Kcandidate: ‘[01m[Kstd::shared_ptr<_Tp>& std::shared_ptr<_Tp>::operator=(const std::shared_ptr<_Tp>&) [with _Tp = rclcpp::Subscription<cf_msgs::msg::Tdoa_<std::allocator<void> > >][m[K’
  359 |       shared_ptr& [01;36m[Koperator[m[K=(const shared_ptr&) noexcept = default;
      |                   [01;36m[K^~~~~~~~[m[K
[01m[K/usr/include/c++/11/bits/shared_ptr.h:359:29:[m[K [01;36m[Knote: [m[K  no known conversion for argument 1 from ‘[01m[Kstd::shared_ptr<rclcpp::Subscription<isas_msgs::msg::RTLSStick_<std::allocator<void> >, std::allocator<void>, isas_msgs::msg::RTLSStick_<std::allocator<void> >, isas_msgs::msg::RTLSStick_<std::allocator<void> >, rclcpp::message_memory_strategy::MessageMemoryStrategy<isas_msgs::msg::RTLSStick_<std::allocator<void> >, std::allocator<void> > > >[m[K’ to ‘[01m[Kconst std::shared_ptr<rclcpp::Subscription<cf_msgs::msg::Tdoa_<std::allocator<void> > > >&[m[K’
  359 |       shared_ptr& operator=([01;36m[Kconst shared_ptr&[m[K) noexcept = default;
      |                             [01;36m[K^~~~~~~~~~~~~~~~~[m[K
[01m[K/usr/include/c++/11/bits/shared_ptr.h:383:7:[m[K [01;36m[Knote: [m[Kcandidate: ‘[01m[Kstd::shared_ptr<_Tp>& std::shared_ptr<_Tp>::operator=(std::shared_ptr<_Tp>&&) [with _Tp = rclcpp::Subscription<cf_msgs::msg::Tdoa_<std::allocator<void> > >][m[K’
  383 |       [01;36m[Koperator[m[K=(shared_ptr&& __r) noexcept
      |       [01;36m[K^~~~~~~~[m[K
[01m[K/usr/include/c++/11/bits/shared_ptr.h:383:30:[m[K [01;36m[Knote: [m[K  no known conversion for argument 1 from ‘[01m[Kstd::shared_ptr<rclcpp::Subscription<isas_msgs::msg::RTLSStick_<std::allocator<void> >, std::allocator<void>, isas_msgs::msg::RTLSStick_<std::allocator<void> >, isas_msgs::msg::RTLSStick_<std::allocator<void> >, rclcpp::message_memory_strategy::MessageMemoryStrategy<isas_msgs::msg::RTLSStick_<std::allocator<void> >, std::allocator<void> > > >[m[K’ to ‘[01m[Kstd::shared_ptr<rclcpp::Subscription<cf_msgs::msg::Tdoa_<std::allocator<void> > > >&&[m[K’
  383 |       operator=([01;36m[Kshared_ptr&& __r[m[K) noexcept
      |                 [01;36m[K~~~~~~~~~~~~~^~~[m[K
[01m[K/home/dsh/Documents/work_logs/code/SFUISE/sfuise_ws/src/sfuise/src/SplineFusion.cpp:[m[K In member function ‘[01m[Kvoid SplineFusion::run()[m[K’:
[01m[K/home/dsh/Documents/work_logs/code/SFUISE/sfuise_ws/src/sfuise/src/SplineFusion.cpp:68:39:[m[K [01;31m[Kerror: [m[K‘[01m[Knode[m[K’ was not declared in this scope; did you mean ‘[01m[KNode[m[K’?
   68 |         rclcpp::Time t_window_start = [01;31m[Knode[m[K->get_clock()->now();  // 获取当前时间
      |                                       [01;31m[K^~~~[m[K
      |                                       [32m[KNode[m[K
gmake[2]: *** [CMakeFiles/EstimationInterface.dir/build.make:76: CMakeFiles/EstimationInterface.dir/src/EstimationInterface.cpp.o] Error 1
gmake[1]: *** [CMakeFiles/Makefile2:139: CMakeFiles/EstimationInterface.dir/all] Error 2
gmake[1]: *** Waiting for unfinished jobs....
gmake[2]: *** [CMakeFiles/SplineFusion.dir/build.make:76: CMakeFiles/SplineFusion.dir/src/SplineFusion.cpp.o] Error 1
gmake[1]: *** [CMakeFiles/Makefile2:165: CMakeFiles/SplineFusion.dir/all] Error 2
gmake: *** [Makefile:146: all] Error 2
