[0.027s] Invoking command in '/home/dsh/Documents/work_logs/code/SFUISE/sfuise_ws/build/cf_msgs': CMAKE_PREFIX_PATH=/opt/ros/humble /usr/bin/cmake --build /home/dsh/Documents/work_logs/code/SFUISE/sfuise_ws/build/cf_msgs -- -j20 -l20
[0.123s] [  1%] Built target cf_msgs__cpp
[0.128s] [ 12%] Built target cf_msgs__rosidl_generator_c
[0.149s] [ 12%] Built target ament_cmake_python_copy_cf_msgs
[0.201s] [ 24%] Built target cf_msgs__rosidl_typesupport_c
[0.202s] [ 36%] Built target cf_msgs__rosidl_typesupport_introspection_c
[0.203s] [ 48%] Built target cf_msgs__rosidl_typesupport_fastrtps_c
[0.206s] [ 60%] Built target cf_msgs__rosidl_typesupport_introspection_cpp
[0.210s] [ 69%] Built target cf_msgs__rosidl_typesupport_fastrtps_cpp
[0.216s] [ 81%] Built target cf_msgs__rosidl_typesupport_cpp
[0.259s] [ 81%] Built target cf_msgs
[0.301s] [ 82%] Built target cf_msgs__py
[0.363s] [ 92%] Built target cf_msgs__rosidl_generator_py
[0.427s] [ 94%] Built target cf_msgs__rosidl_typesupport_fastrtps_c__pyext
[0.428s] [ 97%] Built target cf_msgs__rosidl_typesupport_introspection_c__pyext
[0.432s] [100%] Built target cf_msgs__rosidl_typesupport_c__pyext
[0.817s] running egg_info
[0.820s] writing cf_msgs.egg-info/PKG-INFO
[0.821s] writing dependency_links to cf_msgs.egg-info/dependency_links.txt
[0.823s] writing top-level names to cf_msgs.egg-info/top_level.txt
[0.833s] reading manifest file 'cf_msgs.egg-info/SOURCES.txt'
[0.835s] writing manifest file 'cf_msgs.egg-info/SOURCES.txt'
[0.952s] [100%] Built target ament_cmake_python_build_cf_msgs_egg
[0.994s] Invoked command in '/home/dsh/Documents/work_logs/code/SFUISE/sfuise_ws/build/cf_msgs' returned '0': CMAKE_PREFIX_PATH=/opt/ros/humble /usr/bin/cmake --build /home/dsh/Documents/work_logs/code/SFUISE/sfuise_ws/build/cf_msgs -- -j20 -l20
[0.997s] Invoking command in '/home/dsh/Documents/work_logs/code/SFUISE/sfuise_ws/build/cf_msgs': CMAKE_PREFIX_PATH=/opt/ros/humble /usr/bin/cmake --install /home/dsh/Documents/work_logs/code/SFUISE/sfuise_ws/build/cf_msgs
[0.998s] -- Install configuration: ""
[0.999s] -- Up-to-date: /home/dsh/Documents/work_logs/code/SFUISE/sfuise_ws/install/cf_msgs/share/ament_index/resource_index/rosidl_interfaces/cf_msgs
[0.999s] -- Up-to-date: /home/dsh/Documents/work_logs/code/SFUISE/sfuise_ws/install/cf_msgs/include/cf_msgs/cf_msgs
[1.000s] -- Up-to-date: /home/dsh/Documents/work_logs/code/SFUISE/sfuise_ws/install/cf_msgs/include/cf_msgs/cf_msgs/msg
[1.000s] -- Up-to-date: /home/dsh/Documents/work_logs/code/SFUISE/sfuise_ws/install/cf_msgs/include/cf_msgs/cf_msgs/msg/flow.h
[1.000s] -- Up-to-date: /home/dsh/Documents/work_logs/code/SFUISE/sfuise_ws/install/cf_msgs/include/cf_msgs/cf_msgs/msg/tdoa.h
[1.000s] -- Up-to-date: /home/dsh/Documents/work_logs/code/SFUISE/sfuise_ws/install/cf_msgs/include/cf_msgs/cf_msgs/msg/accel.h
[1.001s] -- Up-to-date: /home/dsh/Documents/work_logs/code/SFUISE/sfuise_ws/install/cf_msgs/include/cf_msgs/cf_msgs/msg/detail
[1.001s] -- Up-to-date: /home/dsh/Documents/work_logs/code/SFUISE/sfuise_ws/install/cf_msgs/include/cf_msgs/cf_msgs/msg/detail/baro__type_support.h
[1.001s] -- Up-to-date: /home/dsh/Documents/work_logs/code/SFUISE/sfuise_ws/install/cf_msgs/include/cf_msgs/cf_msgs/msg/detail/twr__struct.h
[1.002s] -- Up-to-date: /home/dsh/Documents/work_logs/code/SFUISE/sfuise_ws/install/cf_msgs/include/cf_msgs/cf_msgs/msg/detail/gyro__struct.h
[1.002s] -- Up-to-date: /home/dsh/Documents/work_logs/code/SFUISE/sfuise_ws/install/cf_msgs/include/cf_msgs/cf_msgs/msg/detail/flow__functions.c
[1.003s] -- Up-to-date: /home/dsh/Documents/work_logs/code/SFUISE/sfuise_ws/install/cf_msgs/include/cf_msgs/cf_msgs/msg/detail/tdoa__type_support.h
[1.003s] -- Up-to-date: /home/dsh/Documents/work_logs/code/SFUISE/sfuise_ws/install/cf_msgs/include/cf_msgs/cf_msgs/msg/detail/baro__struct.h
[1.003s] -- Up-to-date: /home/dsh/Documents/work_logs/code/SFUISE/sfuise_ws/install/cf_msgs/include/cf_msgs/cf_msgs/msg/detail/accel__functions.h
[1.004s] -- Up-to-date: /home/dsh/Documents/work_logs/code/SFUISE/sfuise_ws/install/cf_msgs/include/cf_msgs/cf_msgs/msg/detail/twr__functions.c
[1.004s] -- Up-to-date: /home/dsh/Documents/work_logs/code/SFUISE/sfuise_ws/install/cf_msgs/include/cf_msgs/cf_msgs/msg/detail/twr__functions.h
[1.005s] -- Up-to-date: /home/dsh/Documents/work_logs/code/SFUISE/sfuise_ws/install/cf_msgs/include/cf_msgs/cf_msgs/msg/detail/flow__struct.h
[1.005s] -- Up-to-date: /home/dsh/Documents/work_logs/code/SFUISE/sfuise_ws/install/cf_msgs/include/cf_msgs/cf_msgs/msg/detail/tof__type_support.h
[1.005s] -- Up-to-date: /home/dsh/Documents/work_logs/code/SFUISE/sfuise_ws/install/cf_msgs/include/cf_msgs/cf_msgs/msg/detail/tof__functions.h
[1.005s] -- Up-to-date: /home/dsh/Documents/work_logs/code/SFUISE/sfuise_ws/install/cf_msgs/include/cf_msgs/cf_msgs/msg/detail/tdoa__functions.h
[1.006s] -- Up-to-date: /home/dsh/Documents/work_logs/code/SFUISE/sfuise_ws/install/cf_msgs/include/cf_msgs/cf_msgs/msg/detail/baro__functions.h
[1.006s] -- Up-to-date: /home/dsh/Documents/work_logs/code/SFUISE/sfuise_ws/install/cf_msgs/include/cf_msgs/cf_msgs/msg/detail/flow__functions.h
[1.006s] -- Up-to-date: /home/dsh/Documents/work_logs/code/SFUISE/sfuise_ws/install/cf_msgs/include/cf_msgs/cf_msgs/msg/detail/twr__type_support.h
[1.006s] -- Up-to-date: /home/dsh/Documents/work_logs/code/SFUISE/sfuise_ws/install/cf_msgs/include/cf_msgs/cf_msgs/msg/detail/accel__functions.c
[1.007s] -- Up-to-date: /home/dsh/Documents/work_logs/code/SFUISE/sfuise_ws/install/cf_msgs/include/cf_msgs/cf_msgs/msg/detail/tdoa__functions.c
[1.007s] -- Up-to-date: /home/dsh/Documents/work_logs/code/SFUISE/sfuise_ws/install/cf_msgs/include/cf_msgs/cf_msgs/msg/detail/accel__struct.h
[1.007s] -- Up-to-date: /home/dsh/Documents/work_logs/code/SFUISE/sfuise_ws/install/cf_msgs/include/cf_msgs/cf_msgs/msg/detail/gyro__type_support.h
[1.007s] -- Up-to-date: /home/dsh/Documents/work_logs/code/SFUISE/sfuise_ws/install/cf_msgs/include/cf_msgs/cf_msgs/msg/detail/gyro__functions.h
[1.008s] -- Up-to-date: /home/dsh/Documents/work_logs/code/SFUISE/sfuise_ws/install/cf_msgs/include/cf_msgs/cf_msgs/msg/detail/tof__functions.c
[1.008s] -- Up-to-date: /home/dsh/Documents/work_logs/code/SFUISE/sfuise_ws/install/cf_msgs/include/cf_msgs/cf_msgs/msg/detail/accel__type_support.h
[1.008s] -- Up-to-date: /home/dsh/Documents/work_logs/code/SFUISE/sfuise_ws/install/cf_msgs/include/cf_msgs/cf_msgs/msg/detail/gyro__functions.c
[1.008s] -- Up-to-date: /home/dsh/Documents/work_logs/code/SFUISE/sfuise_ws/install/cf_msgs/include/cf_msgs/cf_msgs/msg/detail/tdoa__struct.h
[1.008s] -- Up-to-date: /home/dsh/Documents/work_logs/code/SFUISE/sfuise_ws/install/cf_msgs/include/cf_msgs/cf_msgs/msg/detail/flow__type_support.h
[1.009s] -- Up-to-date: /home/dsh/Documents/work_logs/code/SFUISE/sfuise_ws/install/cf_msgs/include/cf_msgs/cf_msgs/msg/detail/baro__functions.c
[1.009s] -- Up-to-date: /home/dsh/Documents/work_logs/code/SFUISE/sfuise_ws/install/cf_msgs/include/cf_msgs/cf_msgs/msg/detail/tof__struct.h
[1.009s] -- Up-to-date: /home/dsh/Documents/work_logs/code/SFUISE/sfuise_ws/install/cf_msgs/include/cf_msgs/cf_msgs/msg/tof.h
[1.009s] -- Up-to-date: /home/dsh/Documents/work_logs/code/SFUISE/sfuise_ws/install/cf_msgs/include/cf_msgs/cf_msgs/msg/gyro.h
[1.010s] -- Up-to-date: /home/dsh/Documents/work_logs/code/SFUISE/sfuise_ws/install/cf_msgs/include/cf_msgs/cf_msgs/msg/twr.h
[1.010s] -- Up-to-date: /home/dsh/Documents/work_logs/code/SFUISE/sfuise_ws/install/cf_msgs/include/cf_msgs/cf_msgs/msg/rosidl_generator_c__visibility_control.h
[1.010s] -- Up-to-date: /home/dsh/Documents/work_logs/code/SFUISE/sfuise_ws/install/cf_msgs/include/cf_msgs/cf_msgs/msg/baro.h
[1.010s] -- Up-to-date: /home/dsh/Documents/work_logs/code/SFUISE/sfuise_ws/install/cf_msgs/share/cf_msgs/environment/library_path.sh
[1.010s] -- Up-to-date: /home/dsh/Documents/work_logs/code/SFUISE/sfuise_ws/install/cf_msgs/share/cf_msgs/environment/library_path.dsv
[1.011s] -- Up-to-date: /home/dsh/Documents/work_logs/code/SFUISE/sfuise_ws/install/cf_msgs/lib/libcf_msgs__rosidl_generator_c.so
[1.011s] -- Up-to-date: /home/dsh/Documents/work_logs/code/SFUISE/sfuise_ws/install/cf_msgs/include/cf_msgs/cf_msgs
[1.011s] -- Up-to-date: /home/dsh/Documents/work_logs/code/SFUISE/sfuise_ws/install/cf_msgs/include/cf_msgs/cf_msgs/msg
[1.011s] -- Up-to-date: /home/dsh/Documents/work_logs/code/SFUISE/sfuise_ws/install/cf_msgs/include/cf_msgs/cf_msgs/msg/rosidl_typesupport_fastrtps_c__visibility_control.h
[1.011s] -- Up-to-date: /home/dsh/Documents/work_logs/code/SFUISE/sfuise_ws/install/cf_msgs/include/cf_msgs/cf_msgs/msg/detail
[1.012s] -- Up-to-date: /home/dsh/Documents/work_logs/code/SFUISE/sfuise_ws/install/cf_msgs/include/cf_msgs/cf_msgs/msg/detail/flow__rosidl_typesupport_fastrtps_c.h
[1.012s] -- Up-to-date: /home/dsh/Documents/work_logs/code/SFUISE/sfuise_ws/install/cf_msgs/include/cf_msgs/cf_msgs/msg/detail/tdoa__rosidl_typesupport_fastrtps_c.h
[1.012s] -- Up-to-date: /home/dsh/Documents/work_logs/code/SFUISE/sfuise_ws/install/cf_msgs/include/cf_msgs/cf_msgs/msg/detail/gyro__rosidl_typesupport_fastrtps_c.h
[1.012s] -- Up-to-date: /home/dsh/Documents/work_logs/code/SFUISE/sfuise_ws/install/cf_msgs/include/cf_msgs/cf_msgs/msg/detail/tof__rosidl_typesupport_fastrtps_c.h
[1.012s] -- Up-to-date: /home/dsh/Documents/work_logs/code/SFUISE/sfuise_ws/install/cf_msgs/include/cf_msgs/cf_msgs/msg/detail/twr__rosidl_typesupport_fastrtps_c.h
[1.013s] -- Up-to-date: /home/dsh/Documents/work_logs/code/SFUISE/sfuise_ws/install/cf_msgs/include/cf_msgs/cf_msgs/msg/detail/accel__rosidl_typesupport_fastrtps_c.h
[1.013s] -- Up-to-date: /home/dsh/Documents/work_logs/code/SFUISE/sfuise_ws/install/cf_msgs/include/cf_msgs/cf_msgs/msg/detail/baro__rosidl_typesupport_fastrtps_c.h
[1.013s] -- Up-to-date: /home/dsh/Documents/work_logs/code/SFUISE/sfuise_ws/install/cf_msgs/lib/libcf_msgs__rosidl_typesupport_fastrtps_c.so
[1.013s] -- Up-to-date: /home/dsh/Documents/work_logs/code/SFUISE/sfuise_ws/install/cf_msgs/include/cf_msgs/cf_msgs
[1.013s] -- Up-to-date: /home/dsh/Documents/work_logs/code/SFUISE/sfuise_ws/install/cf_msgs/include/cf_msgs/cf_msgs/msg
[1.014s] -- Up-to-date: /home/dsh/Documents/work_logs/code/SFUISE/sfuise_ws/install/cf_msgs/include/cf_msgs/cf_msgs/msg/detail
[1.014s] -- Up-to-date: /home/dsh/Documents/work_logs/code/SFUISE/sfuise_ws/install/cf_msgs/include/cf_msgs/cf_msgs/msg/detail/twr__traits.hpp
[1.014s] -- Up-to-date: /home/dsh/Documents/work_logs/code/SFUISE/sfuise_ws/install/cf_msgs/include/cf_msgs/cf_msgs/msg/detail/baro__struct.hpp
[1.014s] -- Up-to-date: /home/dsh/Documents/work_logs/code/SFUISE/sfuise_ws/install/cf_msgs/include/cf_msgs/cf_msgs/msg/detail/gyro__traits.hpp
[1.014s] -- Up-to-date: /home/dsh/Documents/work_logs/code/SFUISE/sfuise_ws/install/cf_msgs/include/cf_msgs/cf_msgs/msg/detail/accel__struct.hpp
[1.015s] -- Up-to-date: /home/dsh/Documents/work_logs/code/SFUISE/sfuise_ws/install/cf_msgs/include/cf_msgs/cf_msgs/msg/detail/flow__type_support.hpp
[1.015s] -- Up-to-date: /home/dsh/Documents/work_logs/code/SFUISE/sfuise_ws/install/cf_msgs/include/cf_msgs/cf_msgs/msg/detail/baro__builder.hpp
[1.015s] -- Up-to-date: /home/dsh/Documents/work_logs/code/SFUISE/sfuise_ws/install/cf_msgs/include/cf_msgs/cf_msgs/msg/detail/tdoa__traits.hpp
[1.015s] -- Up-to-date: /home/dsh/Documents/work_logs/code/SFUISE/sfuise_ws/install/cf_msgs/include/cf_msgs/cf_msgs/msg/detail/accel__builder.hpp
[1.015s] -- Up-to-date: /home/dsh/Documents/work_logs/code/SFUISE/sfuise_ws/install/cf_msgs/include/cf_msgs/cf_msgs/msg/detail/tdoa__struct.hpp
[1.016s] -- Up-to-date: /home/dsh/Documents/work_logs/code/SFUISE/sfuise_ws/install/cf_msgs/include/cf_msgs/cf_msgs/msg/detail/tof__builder.hpp
[1.016s] -- Up-to-date: /home/dsh/Documents/work_logs/code/SFUISE/sfuise_ws/install/cf_msgs/include/cf_msgs/cf_msgs/msg/detail/twr__builder.hpp
[1.016s] -- Up-to-date: /home/dsh/Documents/work_logs/code/SFUISE/sfuise_ws/install/cf_msgs/include/cf_msgs/cf_msgs/msg/detail/twr__type_support.hpp
[1.016s] -- Up-to-date: /home/dsh/Documents/work_logs/code/SFUISE/sfuise_ws/install/cf_msgs/include/cf_msgs/cf_msgs/msg/detail/tdoa__type_support.hpp
[1.016s] -- Up-to-date: /home/dsh/Documents/work_logs/code/SFUISE/sfuise_ws/install/cf_msgs/include/cf_msgs/cf_msgs/msg/detail/accel__type_support.hpp
[1.017s] -- Up-to-date: /home/dsh/Documents/work_logs/code/SFUISE/sfuise_ws/install/cf_msgs/include/cf_msgs/cf_msgs/msg/detail/twr__struct.hpp
[1.017s] -- Up-to-date: /home/dsh/Documents/work_logs/code/SFUISE/sfuise_ws/install/cf_msgs/include/cf_msgs/cf_msgs/msg/detail/gyro__builder.hpp
[1.017s] -- Up-to-date: /home/dsh/Documents/work_logs/code/SFUISE/sfuise_ws/install/cf_msgs/include/cf_msgs/cf_msgs/msg/detail/tdoa__builder.hpp
[1.017s] -- Up-to-date: /home/dsh/Documents/work_logs/code/SFUISE/sfuise_ws/install/cf_msgs/include/cf_msgs/cf_msgs/msg/detail/flow__traits.hpp
[1.017s] -- Up-to-date: /home/dsh/Documents/work_logs/code/SFUISE/sfuise_ws/install/cf_msgs/include/cf_msgs/cf_msgs/msg/detail/flow__struct.hpp
[1.018s] -- Up-to-date: /home/dsh/Documents/work_logs/code/SFUISE/sfuise_ws/install/cf_msgs/include/cf_msgs/cf_msgs/msg/detail/gyro__struct.hpp
[1.018s] -- Up-to-date: /home/dsh/Documents/work_logs/code/SFUISE/sfuise_ws/install/cf_msgs/include/cf_msgs/cf_msgs/msg/detail/baro__traits.hpp
[1.018s] -- Up-to-date: /home/dsh/Documents/work_logs/code/SFUISE/sfuise_ws/install/cf_msgs/include/cf_msgs/cf_msgs/msg/detail/gyro__type_support.hpp
[1.018s] -- Up-to-date: /home/dsh/Documents/work_logs/code/SFUISE/sfuise_ws/install/cf_msgs/include/cf_msgs/cf_msgs/msg/detail/tof__type_support.hpp
[1.018s] -- Up-to-date: /home/dsh/Documents/work_logs/code/SFUISE/sfuise_ws/install/cf_msgs/include/cf_msgs/cf_msgs/msg/detail/flow__builder.hpp
[1.019s] -- Up-to-date: /home/dsh/Documents/work_logs/code/SFUISE/sfuise_ws/install/cf_msgs/include/cf_msgs/cf_msgs/msg/detail/tof__traits.hpp
[1.019s] -- Up-to-date: /home/dsh/Documents/work_logs/code/SFUISE/sfuise_ws/install/cf_msgs/include/cf_msgs/cf_msgs/msg/detail/tof__struct.hpp
[1.019s] -- Up-to-date: /home/dsh/Documents/work_logs/code/SFUISE/sfuise_ws/install/cf_msgs/include/cf_msgs/cf_msgs/msg/detail/accel__traits.hpp
[1.019s] -- Up-to-date: /home/dsh/Documents/work_logs/code/SFUISE/sfuise_ws/install/cf_msgs/include/cf_msgs/cf_msgs/msg/detail/baro__type_support.hpp
[1.019s] -- Up-to-date: /home/dsh/Documents/work_logs/code/SFUISE/sfuise_ws/install/cf_msgs/include/cf_msgs/cf_msgs/msg/accel.hpp
[1.020s] -- Up-to-date: /home/dsh/Documents/work_logs/code/SFUISE/sfuise_ws/install/cf_msgs/include/cf_msgs/cf_msgs/msg/gyro.hpp
[1.020s] -- Up-to-date: /home/dsh/Documents/work_logs/code/SFUISE/sfuise_ws/install/cf_msgs/include/cf_msgs/cf_msgs/msg/twr.hpp
[1.020s] -- Up-to-date: /home/dsh/Documents/work_logs/code/SFUISE/sfuise_ws/install/cf_msgs/include/cf_msgs/cf_msgs/msg/tdoa.hpp
[1.020s] -- Up-to-date: /home/dsh/Documents/work_logs/code/SFUISE/sfuise_ws/install/cf_msgs/include/cf_msgs/cf_msgs/msg/baro.hpp
[1.020s] -- Up-to-date: /home/dsh/Documents/work_logs/code/SFUISE/sfuise_ws/install/cf_msgs/include/cf_msgs/cf_msgs/msg/flow.hpp
[1.021s] -- Up-to-date: /home/dsh/Documents/work_logs/code/SFUISE/sfuise_ws/install/cf_msgs/include/cf_msgs/cf_msgs/msg/rosidl_generator_cpp__visibility_control.hpp
[1.021s] -- Up-to-date: /home/dsh/Documents/work_logs/code/SFUISE/sfuise_ws/install/cf_msgs/include/cf_msgs/cf_msgs/msg/tof.hpp
[1.021s] -- Up-to-date: /home/dsh/Documents/work_logs/code/SFUISE/sfuise_ws/install/cf_msgs/include/cf_msgs/cf_msgs
[1.021s] -- Up-to-date: /home/dsh/Documents/work_logs/code/SFUISE/sfuise_ws/install/cf_msgs/include/cf_msgs/cf_msgs/msg
[1.022s] -- Up-to-date: /home/dsh/Documents/work_logs/code/SFUISE/sfuise_ws/install/cf_msgs/include/cf_msgs/cf_msgs/msg/detail
[1.022s] -- Up-to-date: /home/dsh/Documents/work_logs/code/SFUISE/sfuise_ws/install/cf_msgs/include/cf_msgs/cf_msgs/msg/detail/accel__rosidl_typesupport_fastrtps_cpp.hpp
[1.022s] -- Up-to-date: /home/dsh/Documents/work_logs/code/SFUISE/sfuise_ws/install/cf_msgs/include/cf_msgs/cf_msgs/msg/detail/gyro__rosidl_typesupport_fastrtps_cpp.hpp
[1.022s] -- Up-to-date: /home/dsh/Documents/work_logs/code/SFUISE/sfuise_ws/install/cf_msgs/include/cf_msgs/cf_msgs/msg/detail/twr__rosidl_typesupport_fastrtps_cpp.hpp
[1.022s] -- Up-to-date: /home/dsh/Documents/work_logs/code/SFUISE/sfuise_ws/install/cf_msgs/include/cf_msgs/cf_msgs/msg/detail/tof__rosidl_typesupport_fastrtps_cpp.hpp
[1.023s] -- Up-to-date: /home/dsh/Documents/work_logs/code/SFUISE/sfuise_ws/install/cf_msgs/include/cf_msgs/cf_msgs/msg/detail/tdoa__rosidl_typesupport_fastrtps_cpp.hpp
[1.023s] -- Up-to-date: /home/dsh/Documents/work_logs/code/SFUISE/sfuise_ws/install/cf_msgs/include/cf_msgs/cf_msgs/msg/detail/baro__rosidl_typesupport_fastrtps_cpp.hpp
[1.023s] -- Up-to-date: /home/dsh/Documents/work_logs/code/SFUISE/sfuise_ws/install/cf_msgs/include/cf_msgs/cf_msgs/msg/detail/dds_fastrtps
[1.023s] -- Up-to-date: /home/dsh/Documents/work_logs/code/SFUISE/sfuise_ws/install/cf_msgs/include/cf_msgs/cf_msgs/msg/detail/flow__rosidl_typesupport_fastrtps_cpp.hpp
[1.024s] -- Up-to-date: /home/dsh/Documents/work_logs/code/SFUISE/sfuise_ws/install/cf_msgs/include/cf_msgs/cf_msgs/msg/rosidl_typesupport_fastrtps_cpp__visibility_control.h
[1.024s] -- Up-to-date: /home/dsh/Documents/work_logs/code/SFUISE/sfuise_ws/install/cf_msgs/lib/libcf_msgs__rosidl_typesupport_fastrtps_cpp.so
[1.024s] -- Up-to-date: /home/dsh/Documents/work_logs/code/SFUISE/sfuise_ws/install/cf_msgs/include/cf_msgs/cf_msgs
[1.024s] -- Up-to-date: /home/dsh/Documents/work_logs/code/SFUISE/sfuise_ws/install/cf_msgs/include/cf_msgs/cf_msgs/msg
[1.025s] -- Up-to-date: /home/dsh/Documents/work_logs/code/SFUISE/sfuise_ws/install/cf_msgs/include/cf_msgs/cf_msgs/msg/detail
[1.025s] -- Up-to-date: /home/dsh/Documents/work_logs/code/SFUISE/sfuise_ws/install/cf_msgs/include/cf_msgs/cf_msgs/msg/detail/tof__type_support.c
[1.025s] -- Up-to-date: /home/dsh/Documents/work_logs/code/SFUISE/sfuise_ws/install/cf_msgs/include/cf_msgs/cf_msgs/msg/detail/accel__rosidl_typesupport_introspection_c.h
[1.025s] -- Up-to-date: /home/dsh/Documents/work_logs/code/SFUISE/sfuise_ws/install/cf_msgs/include/cf_msgs/cf_msgs/msg/detail/twr__rosidl_typesupport_introspection_c.h
[1.026s] -- Up-to-date: /home/dsh/Documents/work_logs/code/SFUISE/sfuise_ws/install/cf_msgs/include/cf_msgs/cf_msgs/msg/detail/flow__type_support.c
[1.026s] -- Up-to-date: /home/dsh/Documents/work_logs/code/SFUISE/sfuise_ws/install/cf_msgs/include/cf_msgs/cf_msgs/msg/detail/tdoa__type_support.c
[1.026s] -- Up-to-date: /home/dsh/Documents/work_logs/code/SFUISE/sfuise_ws/install/cf_msgs/include/cf_msgs/cf_msgs/msg/detail/tdoa__rosidl_typesupport_introspection_c.h
[1.026s] -- Up-to-date: /home/dsh/Documents/work_logs/code/SFUISE/sfuise_ws/install/cf_msgs/include/cf_msgs/cf_msgs/msg/detail/twr__type_support.c
[1.026s] -- Up-to-date: /home/dsh/Documents/work_logs/code/SFUISE/sfuise_ws/install/cf_msgs/include/cf_msgs/cf_msgs/msg/detail/flow__rosidl_typesupport_introspection_c.h
[1.027s] -- Up-to-date: /home/dsh/Documents/work_logs/code/SFUISE/sfuise_ws/install/cf_msgs/include/cf_msgs/cf_msgs/msg/detail/accel__type_support.c
[1.027s] -- Up-to-date: /home/dsh/Documents/work_logs/code/SFUISE/sfuise_ws/install/cf_msgs/include/cf_msgs/cf_msgs/msg/detail/baro__type_support.c
[1.027s] -- Up-to-date: /home/dsh/Documents/work_logs/code/SFUISE/sfuise_ws/install/cf_msgs/include/cf_msgs/cf_msgs/msg/detail/tof__rosidl_typesupport_introspection_c.h
[1.027s] -- Up-to-date: /home/dsh/Documents/work_logs/code/SFUISE/sfuise_ws/install/cf_msgs/include/cf_msgs/cf_msgs/msg/detail/gyro__type_support.c
[1.028s] -- Up-to-date: /home/dsh/Documents/work_logs/code/SFUISE/sfuise_ws/install/cf_msgs/include/cf_msgs/cf_msgs/msg/detail/baro__rosidl_typesupport_introspection_c.h
[1.028s] -- Up-to-date: /home/dsh/Documents/work_logs/code/SFUISE/sfuise_ws/install/cf_msgs/include/cf_msgs/cf_msgs/msg/detail/gyro__rosidl_typesupport_introspection_c.h
[1.028s] -- Up-to-date: /home/dsh/Documents/work_logs/code/SFUISE/sfuise_ws/install/cf_msgs/include/cf_msgs/cf_msgs/msg/rosidl_typesupport_introspection_c__visibility_control.h
[1.029s] -- Up-to-date: /home/dsh/Documents/work_logs/code/SFUISE/sfuise_ws/install/cf_msgs/lib/libcf_msgs__rosidl_typesupport_introspection_c.so
[1.029s] -- Up-to-date: /home/dsh/Documents/work_logs/code/SFUISE/sfuise_ws/install/cf_msgs/lib/libcf_msgs__rosidl_typesupport_c.so
[1.029s] -- Up-to-date: /home/dsh/Documents/work_logs/code/SFUISE/sfuise_ws/install/cf_msgs/include/cf_msgs/cf_msgs
[1.029s] -- Up-to-date: /home/dsh/Documents/work_logs/code/SFUISE/sfuise_ws/install/cf_msgs/include/cf_msgs/cf_msgs/msg
[1.029s] -- Up-to-date: /home/dsh/Documents/work_logs/code/SFUISE/sfuise_ws/install/cf_msgs/include/cf_msgs/cf_msgs/msg/detail
[1.030s] -- Up-to-date: /home/dsh/Documents/work_logs/code/SFUISE/sfuise_ws/install/cf_msgs/include/cf_msgs/cf_msgs/msg/detail/tdoa__type_support.cpp
[1.030s] -- Up-to-date: /home/dsh/Documents/work_logs/code/SFUISE/sfuise_ws/install/cf_msgs/include/cf_msgs/cf_msgs/msg/detail/baro__rosidl_typesupport_introspection_cpp.hpp
[1.030s] -- Up-to-date: /home/dsh/Documents/work_logs/code/SFUISE/sfuise_ws/install/cf_msgs/include/cf_msgs/cf_msgs/msg/detail/tof__rosidl_typesupport_introspection_cpp.hpp
[1.030s] -- Up-to-date: /home/dsh/Documents/work_logs/code/SFUISE/sfuise_ws/install/cf_msgs/include/cf_msgs/cf_msgs/msg/detail/tdoa__rosidl_typesupport_introspection_cpp.hpp
[1.030s] -- Up-to-date: /home/dsh/Documents/work_logs/code/SFUISE/sfuise_ws/install/cf_msgs/include/cf_msgs/cf_msgs/msg/detail/accel__type_support.cpp
[1.031s] -- Up-to-date: /home/dsh/Documents/work_logs/code/SFUISE/sfuise_ws/install/cf_msgs/include/cf_msgs/cf_msgs/msg/detail/gyro__rosidl_typesupport_introspection_cpp.hpp
[1.031s] -- Up-to-date: /home/dsh/Documents/work_logs/code/SFUISE/sfuise_ws/install/cf_msgs/include/cf_msgs/cf_msgs/msg/detail/tof__type_support.cpp
[1.031s] -- Up-to-date: /home/dsh/Documents/work_logs/code/SFUISE/sfuise_ws/install/cf_msgs/include/cf_msgs/cf_msgs/msg/detail/gyro__type_support.cpp
[1.031s] -- Up-to-date: /home/dsh/Documents/work_logs/code/SFUISE/sfuise_ws/install/cf_msgs/include/cf_msgs/cf_msgs/msg/detail/baro__type_support.cpp
[1.032s] -- Up-to-date: /home/dsh/Documents/work_logs/code/SFUISE/sfuise_ws/install/cf_msgs/include/cf_msgs/cf_msgs/msg/detail/twr__rosidl_typesupport_introspection_cpp.hpp
[1.032s] -- Up-to-date: /home/dsh/Documents/work_logs/code/SFUISE/sfuise_ws/install/cf_msgs/include/cf_msgs/cf_msgs/msg/detail/flow__rosidl_typesupport_introspection_cpp.hpp
[1.032s] -- Up-to-date: /home/dsh/Documents/work_logs/code/SFUISE/sfuise_ws/install/cf_msgs/include/cf_msgs/cf_msgs/msg/detail/twr__type_support.cpp
[1.033s] -- Up-to-date: /home/dsh/Documents/work_logs/code/SFUISE/sfuise_ws/install/cf_msgs/include/cf_msgs/cf_msgs/msg/detail/accel__rosidl_typesupport_introspection_cpp.hpp
[1.033s] -- Up-to-date: /home/dsh/Documents/work_logs/code/SFUISE/sfuise_ws/install/cf_msgs/include/cf_msgs/cf_msgs/msg/detail/flow__type_support.cpp
[1.033s] -- Up-to-date: /home/dsh/Documents/work_logs/code/SFUISE/sfuise_ws/install/cf_msgs/lib/libcf_msgs__rosidl_typesupport_introspection_cpp.so
[1.033s] -- Up-to-date: /home/dsh/Documents/work_logs/code/SFUISE/sfuise_ws/install/cf_msgs/lib/libcf_msgs__rosidl_typesupport_cpp.so
[1.034s] -- Up-to-date: /home/dsh/Documents/work_logs/code/SFUISE/sfuise_ws/install/cf_msgs/share/cf_msgs/environment/pythonpath.sh
[1.035s] -- Up-to-date: /home/dsh/Documents/work_logs/code/SFUISE/sfuise_ws/install/cf_msgs/share/cf_msgs/environment/pythonpath.dsv
[1.035s] -- Up-to-date: /home/dsh/Documents/work_logs/code/SFUISE/sfuise_ws/install/cf_msgs/local/lib/python3.10/dist-packages/cf_msgs-0.0.0-py3.10.egg-info
[1.035s] -- Installing: /home/dsh/Documents/work_logs/code/SFUISE/sfuise_ws/install/cf_msgs/local/lib/python3.10/dist-packages/cf_msgs-0.0.0-py3.10.egg-info/SOURCES.txt
[1.035s] -- Installing: /home/dsh/Documents/work_logs/code/SFUISE/sfuise_ws/install/cf_msgs/local/lib/python3.10/dist-packages/cf_msgs-0.0.0-py3.10.egg-info/PKG-INFO
[1.036s] -- Installing: /home/dsh/Documents/work_logs/code/SFUISE/sfuise_ws/install/cf_msgs/local/lib/python3.10/dist-packages/cf_msgs-0.0.0-py3.10.egg-info/top_level.txt
[1.036s] -- Installing: /home/dsh/Documents/work_logs/code/SFUISE/sfuise_ws/install/cf_msgs/local/lib/python3.10/dist-packages/cf_msgs-0.0.0-py3.10.egg-info/dependency_links.txt
[1.036s] -- Up-to-date: /home/dsh/Documents/work_logs/code/SFUISE/sfuise_ws/install/cf_msgs/local/lib/python3.10/dist-packages/cf_msgs
[1.036s] -- Up-to-date: /home/dsh/Documents/work_logs/code/SFUISE/sfuise_ws/install/cf_msgs/local/lib/python3.10/dist-packages/cf_msgs/__init__.py
[1.037s] -- Up-to-date: /home/dsh/Documents/work_logs/code/SFUISE/sfuise_ws/install/cf_msgs/local/lib/python3.10/dist-packages/cf_msgs/libcf_msgs__rosidl_generator_py.so
[1.037s] -- Up-to-date: /home/dsh/Documents/work_logs/code/SFUISE/sfuise_ws/install/cf_msgs/local/lib/python3.10/dist-packages/cf_msgs/_cf_msgs_s.ep.rosidl_typesupport_fastrtps_c.c
[1.037s] -- Up-to-date: /home/dsh/Documents/work_logs/code/SFUISE/sfuise_ws/install/cf_msgs/local/lib/python3.10/dist-packages/cf_msgs/msg
[1.038s] -- Up-to-date: /home/dsh/Documents/work_logs/code/SFUISE/sfuise_ws/install/cf_msgs/local/lib/python3.10/dist-packages/cf_msgs/msg/_flow.py
[1.038s] -- Up-to-date: /home/dsh/Documents/work_logs/code/SFUISE/sfuise_ws/install/cf_msgs/local/lib/python3.10/dist-packages/cf_msgs/msg/_flow_s.c
[1.038s] -- Up-to-date: /home/dsh/Documents/work_logs/code/SFUISE/sfuise_ws/install/cf_msgs/local/lib/python3.10/dist-packages/cf_msgs/msg/_accel.py
[1.038s] -- Up-to-date: /home/dsh/Documents/work_logs/code/SFUISE/sfuise_ws/install/cf_msgs/local/lib/python3.10/dist-packages/cf_msgs/msg/_gyro.py
[1.038s] -- Up-to-date: /home/dsh/Documents/work_logs/code/SFUISE/sfuise_ws/install/cf_msgs/local/lib/python3.10/dist-packages/cf_msgs/msg/_tdoa.py
[1.038s] -- Up-to-date: /home/dsh/Documents/work_logs/code/SFUISE/sfuise_ws/install/cf_msgs/local/lib/python3.10/dist-packages/cf_msgs/msg/__init__.py
[1.038s] -- Up-to-date: /home/dsh/Documents/work_logs/code/SFUISE/sfuise_ws/install/cf_msgs/local/lib/python3.10/dist-packages/cf_msgs/msg/_twr.py
[1.039s] -- Up-to-date: /home/dsh/Documents/work_logs/code/SFUISE/sfuise_ws/install/cf_msgs/local/lib/python3.10/dist-packages/cf_msgs/msg/_gyro_s.c
[1.039s] -- Up-to-date: /home/dsh/Documents/work_logs/code/SFUISE/sfuise_ws/install/cf_msgs/local/lib/python3.10/dist-packages/cf_msgs/msg/_baro_s.c
[1.039s] -- Up-to-date: /home/dsh/Documents/work_logs/code/SFUISE/sfuise_ws/install/cf_msgs/local/lib/python3.10/dist-packages/cf_msgs/msg/_tof.py
[1.039s] -- Up-to-date: /home/dsh/Documents/work_logs/code/SFUISE/sfuise_ws/install/cf_msgs/local/lib/python3.10/dist-packages/cf_msgs/msg/_twr_s.c
[1.039s] -- Up-to-date: /home/dsh/Documents/work_logs/code/SFUISE/sfuise_ws/install/cf_msgs/local/lib/python3.10/dist-packages/cf_msgs/msg/_tdoa_s.c
[1.039s] -- Up-to-date: /home/dsh/Documents/work_logs/code/SFUISE/sfuise_ws/install/cf_msgs/local/lib/python3.10/dist-packages/cf_msgs/msg/_accel_s.c
[1.039s] -- Up-to-date: /home/dsh/Documents/work_logs/code/SFUISE/sfuise_ws/install/cf_msgs/local/lib/python3.10/dist-packages/cf_msgs/msg/_baro.py
[1.039s] -- Up-to-date: /home/dsh/Documents/work_logs/code/SFUISE/sfuise_ws/install/cf_msgs/local/lib/python3.10/dist-packages/cf_msgs/msg/_tof_s.c
[1.039s] -- Up-to-date: /home/dsh/Documents/work_logs/code/SFUISE/sfuise_ws/install/cf_msgs/local/lib/python3.10/dist-packages/cf_msgs/_cf_msgs_s.ep.rosidl_typesupport_introspection_c.c
[1.040s] -- Up-to-date: /home/dsh/Documents/work_logs/code/SFUISE/sfuise_ws/install/cf_msgs/local/lib/python3.10/dist-packages/cf_msgs/cf_msgs_s__rosidl_typesupport_introspection_c.cpython-310-x86_64-linux-gnu.so
[1.040s] -- Up-to-date: /home/dsh/Documents/work_logs/code/SFUISE/sfuise_ws/install/cf_msgs/local/lib/python3.10/dist-packages/cf_msgs/cf_msgs_s__rosidl_typesupport_c.cpython-310-x86_64-linux-gnu.so
[1.040s] -- Up-to-date: /home/dsh/Documents/work_logs/code/SFUISE/sfuise_ws/install/cf_msgs/local/lib/python3.10/dist-packages/cf_msgs/_cf_msgs_s.ep.rosidl_typesupport_c.c
[1.040s] -- Up-to-date: /home/dsh/Documents/work_logs/code/SFUISE/sfuise_ws/install/cf_msgs/local/lib/python3.10/dist-packages/cf_msgs/cf_msgs_s__rosidl_typesupport_fastrtps_c.cpython-310-x86_64-linux-gnu.so
[1.079s] Listing '/home/dsh/Documents/work_logs/code/SFUISE/sfuise_ws/install/cf_msgs/local/lib/python3.10/dist-packages/cf_msgs'...
[1.079s] Listing '/home/dsh/Documents/work_logs/code/SFUISE/sfuise_ws/install/cf_msgs/local/lib/python3.10/dist-packages/cf_msgs/msg'...
[1.088s] -- Up-to-date: /home/dsh/Documents/work_logs/code/SFUISE/sfuise_ws/install/cf_msgs/local/lib/python3.10/dist-packages/cf_msgs/cf_msgs_s__rosidl_typesupport_fastrtps_c.cpython-310-x86_64-linux-gnu.so
[1.089s] -- Up-to-date: /home/dsh/Documents/work_logs/code/SFUISE/sfuise_ws/install/cf_msgs/local/lib/python3.10/dist-packages/cf_msgs/cf_msgs_s__rosidl_typesupport_introspection_c.cpython-310-x86_64-linux-gnu.so
[1.090s] -- Up-to-date: /home/dsh/Documents/work_logs/code/SFUISE/sfuise_ws/install/cf_msgs/local/lib/python3.10/dist-packages/cf_msgs/cf_msgs_s__rosidl_typesupport_c.cpython-310-x86_64-linux-gnu.so
[1.091s] -- Up-to-date: /home/dsh/Documents/work_logs/code/SFUISE/sfuise_ws/install/cf_msgs/lib/libcf_msgs__rosidl_generator_py.so
[1.093s] -- Up-to-date: /home/dsh/Documents/work_logs/code/SFUISE/sfuise_ws/install/cf_msgs/share/cf_msgs/msg/Accel.idl
[1.094s] -- Up-to-date: /home/dsh/Documents/work_logs/code/SFUISE/sfuise_ws/install/cf_msgs/share/cf_msgs/msg/Baro.idl
[1.094s] -- Up-to-date: /home/dsh/Documents/work_logs/code/SFUISE/sfuise_ws/install/cf_msgs/share/cf_msgs/msg/Flow.idl
[1.094s] -- Up-to-date: /home/dsh/Documents/work_logs/code/SFUISE/sfuise_ws/install/cf_msgs/share/cf_msgs/msg/Gyro.idl
[1.094s] -- Up-to-date: /home/dsh/Documents/work_logs/code/SFUISE/sfuise_ws/install/cf_msgs/share/cf_msgs/msg/Tdoa.idl
[1.094s] -- Up-to-date: /home/dsh/Documents/work_logs/code/SFUISE/sfuise_ws/install/cf_msgs/share/cf_msgs/msg/Tof.idl
[1.094s] -- Up-to-date: /home/dsh/Documents/work_logs/code/SFUISE/sfuise_ws/install/cf_msgs/share/cf_msgs/msg/Twr.idl
[1.095s] -- Up-to-date: /home/dsh/Documents/work_logs/code/SFUISE/sfuise_ws/install/cf_msgs/share/cf_msgs/msg/Accel.msg
[1.095s] -- Up-to-date: /home/dsh/Documents/work_logs/code/SFUISE/sfuise_ws/install/cf_msgs/share/cf_msgs/msg/Baro.msg
[1.095s] -- Up-to-date: /home/dsh/Documents/work_logs/code/SFUISE/sfuise_ws/install/cf_msgs/share/cf_msgs/msg/Flow.msg
[1.095s] -- Up-to-date: /home/dsh/Documents/work_logs/code/SFUISE/sfuise_ws/install/cf_msgs/share/cf_msgs/msg/Gyro.msg
[1.095s] -- Up-to-date: /home/dsh/Documents/work_logs/code/SFUISE/sfuise_ws/install/cf_msgs/share/cf_msgs/msg/Tdoa.msg
[1.095s] -- Up-to-date: /home/dsh/Documents/work_logs/code/SFUISE/sfuise_ws/install/cf_msgs/share/cf_msgs/msg/Tof.msg
[1.095s] -- Up-to-date: /home/dsh/Documents/work_logs/code/SFUISE/sfuise_ws/install/cf_msgs/share/cf_msgs/msg/Twr.msg
[1.095s] -- Up-to-date: /home/dsh/Documents/work_logs/code/SFUISE/sfuise_ws/install/cf_msgs/share/ament_index/resource_index/package_run_dependencies/cf_msgs
[1.096s] -- Up-to-date: /home/dsh/Documents/work_logs/code/SFUISE/sfuise_ws/install/cf_msgs/share/ament_index/resource_index/parent_prefix_path/cf_msgs
[1.096s] -- Up-to-date: /home/dsh/Documents/work_logs/code/SFUISE/sfuise_ws/install/cf_msgs/share/cf_msgs/environment/ament_prefix_path.sh
[1.096s] -- Up-to-date: /home/dsh/Documents/work_logs/code/SFUISE/sfuise_ws/install/cf_msgs/share/cf_msgs/environment/ament_prefix_path.dsv
[1.096s] -- Up-to-date: /home/dsh/Documents/work_logs/code/SFUISE/sfuise_ws/install/cf_msgs/share/cf_msgs/environment/path.sh
[1.096s] -- Up-to-date: /home/dsh/Documents/work_logs/code/SFUISE/sfuise_ws/install/cf_msgs/share/cf_msgs/environment/path.dsv
[1.096s] -- Up-to-date: /home/dsh/Documents/work_logs/code/SFUISE/sfuise_ws/install/cf_msgs/share/cf_msgs/local_setup.bash
[1.096s] -- Up-to-date: /home/dsh/Documents/work_logs/code/SFUISE/sfuise_ws/install/cf_msgs/share/cf_msgs/local_setup.sh
[1.097s] -- Up-to-date: /home/dsh/Documents/work_logs/code/SFUISE/sfuise_ws/install/cf_msgs/share/cf_msgs/local_setup.zsh
[1.098s] -- Up-to-date: /home/dsh/Documents/work_logs/code/SFUISE/sfuise_ws/install/cf_msgs/share/cf_msgs/local_setup.dsv
[1.098s] -- Installing: /home/dsh/Documents/work_logs/code/SFUISE/sfuise_ws/install/cf_msgs/share/cf_msgs/package.dsv
[1.098s] -- Up-to-date: /home/dsh/Documents/work_logs/code/SFUISE/sfuise_ws/install/cf_msgs/share/ament_index/resource_index/packages/cf_msgs
[1.098s] -- Up-to-date: /home/dsh/Documents/work_logs/code/SFUISE/sfuise_ws/install/cf_msgs/share/cf_msgs/cmake/export_cf_msgs__rosidl_generator_cExport.cmake
[1.099s] -- Up-to-date: /home/dsh/Documents/work_logs/code/SFUISE/sfuise_ws/install/cf_msgs/share/cf_msgs/cmake/export_cf_msgs__rosidl_generator_cExport-noconfig.cmake
[1.099s] -- Up-to-date: /home/dsh/Documents/work_logs/code/SFUISE/sfuise_ws/install/cf_msgs/share/cf_msgs/cmake/export_cf_msgs__rosidl_typesupport_fastrtps_cExport.cmake
[1.099s] -- Up-to-date: /home/dsh/Documents/work_logs/code/SFUISE/sfuise_ws/install/cf_msgs/share/cf_msgs/cmake/export_cf_msgs__rosidl_typesupport_fastrtps_cExport-noconfig.cmake
[1.099s] -- Up-to-date: /home/dsh/Documents/work_logs/code/SFUISE/sfuise_ws/install/cf_msgs/share/cf_msgs/cmake/export_cf_msgs__rosidl_generator_cppExport.cmake
[1.099s] -- Up-to-date: /home/dsh/Documents/work_logs/code/SFUISE/sfuise_ws/install/cf_msgs/share/cf_msgs/cmake/export_cf_msgs__rosidl_typesupport_fastrtps_cppExport.cmake
[1.099s] -- Up-to-date: /home/dsh/Documents/work_logs/code/SFUISE/sfuise_ws/install/cf_msgs/share/cf_msgs/cmake/export_cf_msgs__rosidl_typesupport_fastrtps_cppExport-noconfig.cmake
[1.099s] -- Up-to-date: /home/dsh/Documents/work_logs/code/SFUISE/sfuise_ws/install/cf_msgs/share/cf_msgs/cmake/cf_msgs__rosidl_typesupport_introspection_cExport.cmake
[1.099s] -- Up-to-date: /home/dsh/Documents/work_logs/code/SFUISE/sfuise_ws/install/cf_msgs/share/cf_msgs/cmake/cf_msgs__rosidl_typesupport_introspection_cExport-noconfig.cmake
[1.099s] -- Up-to-date: /home/dsh/Documents/work_logs/code/SFUISE/sfuise_ws/install/cf_msgs/share/cf_msgs/cmake/cf_msgs__rosidl_typesupport_cExport.cmake
[1.100s] -- Up-to-date: /home/dsh/Documents/work_logs/code/SFUISE/sfuise_ws/install/cf_msgs/share/cf_msgs/cmake/cf_msgs__rosidl_typesupport_cExport-noconfig.cmake
[1.100s] -- Up-to-date: /home/dsh/Documents/work_logs/code/SFUISE/sfuise_ws/install/cf_msgs/share/cf_msgs/cmake/cf_msgs__rosidl_typesupport_introspection_cppExport.cmake
[1.100s] -- Up-to-date: /home/dsh/Documents/work_logs/code/SFUISE/sfuise_ws/install/cf_msgs/share/cf_msgs/cmake/cf_msgs__rosidl_typesupport_introspection_cppExport-noconfig.cmake
[1.100s] -- Up-to-date: /home/dsh/Documents/work_logs/code/SFUISE/sfuise_ws/install/cf_msgs/share/cf_msgs/cmake/cf_msgs__rosidl_typesupport_cppExport.cmake
[1.100s] -- Up-to-date: /home/dsh/Documents/work_logs/code/SFUISE/sfuise_ws/install/cf_msgs/share/cf_msgs/cmake/cf_msgs__rosidl_typesupport_cppExport-noconfig.cmake
[1.100s] -- Up-to-date: /home/dsh/Documents/work_logs/code/SFUISE/sfuise_ws/install/cf_msgs/share/cf_msgs/cmake/export_cf_msgs__rosidl_generator_pyExport.cmake
[1.100s] -- Up-to-date: /home/dsh/Documents/work_logs/code/SFUISE/sfuise_ws/install/cf_msgs/share/cf_msgs/cmake/export_cf_msgs__rosidl_generator_pyExport-noconfig.cmake
[1.100s] -- Up-to-date: /home/dsh/Documents/work_logs/code/SFUISE/sfuise_ws/install/cf_msgs/share/cf_msgs/cmake/rosidl_cmake-extras.cmake
[1.101s] -- Up-to-date: /home/dsh/Documents/work_logs/code/SFUISE/sfuise_ws/install/cf_msgs/share/cf_msgs/cmake/ament_cmake_export_dependencies-extras.cmake
[1.101s] -- Up-to-date: /home/dsh/Documents/work_logs/code/SFUISE/sfuise_ws/install/cf_msgs/share/cf_msgs/cmake/ament_cmake_export_include_directories-extras.cmake
[1.101s] -- Up-to-date: /home/dsh/Documents/work_logs/code/SFUISE/sfuise_ws/install/cf_msgs/share/cf_msgs/cmake/ament_cmake_export_libraries-extras.cmake
[1.101s] -- Up-to-date: /home/dsh/Documents/work_logs/code/SFUISE/sfuise_ws/install/cf_msgs/share/cf_msgs/cmake/ament_cmake_export_targets-extras.cmake
[1.101s] -- Up-to-date: /home/dsh/Documents/work_logs/code/SFUISE/sfuise_ws/install/cf_msgs/share/cf_msgs/cmake/rosidl_cmake_export_typesupport_targets-extras.cmake
[1.101s] -- Up-to-date: /home/dsh/Documents/work_logs/code/SFUISE/sfuise_ws/install/cf_msgs/share/cf_msgs/cmake/rosidl_cmake_export_typesupport_libraries-extras.cmake
[1.101s] -- Up-to-date: /home/dsh/Documents/work_logs/code/SFUISE/sfuise_ws/install/cf_msgs/share/cf_msgs/cmake/cf_msgsConfig.cmake
[1.101s] -- Up-to-date: /home/dsh/Documents/work_logs/code/SFUISE/sfuise_ws/install/cf_msgs/share/cf_msgs/cmake/cf_msgsConfig-version.cmake
[1.101s] -- Up-to-date: /home/dsh/Documents/work_logs/code/SFUISE/sfuise_ws/install/cf_msgs/share/cf_msgs/package.xml
[1.151s] Invoked command in '/home/dsh/Documents/work_logs/code/SFUISE/sfuise_ws/build/cf_msgs' returned '0': CMAKE_PREFIX_PATH=/opt/ros/humble /usr/bin/cmake --install /home/dsh/Documents/work_logs/code/SFUISE/sfuise_ws/build/cf_msgs
