[0.101s] DEBUG:colcon:Command line arguments: ['/usr/bin/colcon', 'build']
[0.101s] DEBUG:colcon:Parsed command line arguments: Namespace(log_base=None, log_level=None, verb_name='build', build_base='build', install_base='install', merge_install=False, symlink_install=False, test_result_base=None, continue_on_error=False, executor='parallel', parallel_workers=20, event_handlers=None, ignore_user_meta=False, metas=['./colcon.meta'], base_paths=['.'], packages_ignore=None, packages_ignore_regex=None, paths=None, packages_up_to=None, packages_up_to_regex=None, packages_above=None, packages_above_and_dependencies=None, packages_above_depth=None, packages_select_by_dep=None, packages_skip_by_dep=None, packages_skip_up_to=None, packages_select_build_failed=False, packages_skip_build_finished=False, packages_select_test_failures=False, packages_skip_test_passed=False, packages_select=None, packages_skip=None, packages_select_regex=None, packages_skip_regex=None, packages_start=None, packages_end=None, allow_overriding=[], cmake_args=None, cmake_target=None, cmake_target_skip_unavailable=False, cmake_clean_cache=False, cmake_clean_first=False, cmake_force_configure=False, ament_cmake_args=None, catkin_cmake_args=None, catkin_skip_building_tests=False, verb_parser=<colcon_defaults.argument_parser.defaults.DefaultArgumentsDecorator object at 0x75d468214e50>, verb_extension=<colcon_core.verb.build.BuildVerb object at 0x75d468214940>, main=<bound method BuildVerb.main of <colcon_core.verb.build.BuildVerb object at 0x75d468214940>>)
[0.276s] Level 1:colcon.colcon_core.package_discovery:discover_packages(colcon_meta) check parameters
[0.276s] Level 1:colcon.colcon_core.package_discovery:discover_packages(recursive) check parameters
[0.276s] Level 1:colcon.colcon_core.package_discovery:discover_packages(ignore) check parameters
[0.276s] Level 1:colcon.colcon_core.package_discovery:discover_packages(path) check parameters
[0.276s] Level 1:colcon.colcon_core.package_discovery:discover_packages(colcon_meta) discover
[0.276s] Level 1:colcon.colcon_core.package_discovery:discover_packages(recursive) discover
[0.277s] INFO:colcon.colcon_core.package_discovery:Crawling recursively for packages in '/home/dsh/Documents/work_logs/code/SFUISE/sfuise_ws'
[0.277s] Level 1:colcon.colcon_core.package_identification:_identify(.) by extensions ['ignore', 'ignore_ament_install']
[0.277s] Level 1:colcon.colcon_core.package_identification:_identify(.) by extension 'ignore'
[0.277s] Level 1:colcon.colcon_core.package_identification:_identify(.) by extension 'ignore_ament_install'
[0.277s] Level 1:colcon.colcon_core.package_identification:_identify(.) by extensions ['colcon_pkg']
[0.277s] Level 1:colcon.colcon_core.package_identification:_identify(.) by extension 'colcon_pkg'
[0.277s] Level 1:colcon.colcon_core.package_identification:_identify(.) by extensions ['colcon_meta']
[0.277s] Level 1:colcon.colcon_core.package_identification:_identify(.) by extension 'colcon_meta'
[0.277s] Level 1:colcon.colcon_core.package_identification:_identify(.) by extensions ['ros']
[0.277s] Level 1:colcon.colcon_core.package_identification:_identify(.) by extension 'ros'
[0.290s] Level 1:colcon.colcon_core.package_identification:_identify(.) by extensions ['cmake', 'python']
[0.291s] Level 1:colcon.colcon_core.package_identification:_identify(.) by extension 'cmake'
[0.291s] Level 1:colcon.colcon_core.package_identification:_identify(.) by extension 'python'
[0.291s] Level 1:colcon.colcon_core.package_identification:_identify(.) by extensions ['python_setup_py']
[0.291s] Level 1:colcon.colcon_core.package_identification:_identify(.) by extension 'python_setup_py'
[0.291s] Level 1:colcon.colcon_core.package_identification:_identify(build) by extensions ['ignore', 'ignore_ament_install']
[0.291s] Level 1:colcon.colcon_core.package_identification:_identify(build) by extension 'ignore'
[0.291s] Level 1:colcon.colcon_core.package_identification:_identify(build) ignored
[0.291s] Level 1:colcon.colcon_core.package_identification:_identify(install) by extensions ['ignore', 'ignore_ament_install']
[0.291s] Level 1:colcon.colcon_core.package_identification:_identify(install) by extension 'ignore'
[0.291s] Level 1:colcon.colcon_core.package_identification:_identify(install) ignored
[0.291s] Level 1:colcon.colcon_core.package_identification:_identify(log) by extensions ['ignore', 'ignore_ament_install']
[0.292s] Level 1:colcon.colcon_core.package_identification:_identify(log) by extension 'ignore'
[0.292s] Level 1:colcon.colcon_core.package_identification:_identify(log) ignored
[0.292s] Level 1:colcon.colcon_core.package_identification:_identify(src) by extensions ['ignore', 'ignore_ament_install']
[0.292s] Level 1:colcon.colcon_core.package_identification:_identify(src) by extension 'ignore'
[0.292s] Level 1:colcon.colcon_core.package_identification:_identify(src) by extension 'ignore_ament_install'
[0.292s] Level 1:colcon.colcon_core.package_identification:_identify(src) by extensions ['colcon_pkg']
[0.292s] Level 1:colcon.colcon_core.package_identification:_identify(src) by extension 'colcon_pkg'
[0.292s] Level 1:colcon.colcon_core.package_identification:_identify(src) by extensions ['colcon_meta']
[0.292s] Level 1:colcon.colcon_core.package_identification:_identify(src) by extension 'colcon_meta'
[0.292s] Level 1:colcon.colcon_core.package_identification:_identify(src) by extensions ['ros']
[0.292s] Level 1:colcon.colcon_core.package_identification:_identify(src) by extension 'ros'
[0.292s] Level 1:colcon.colcon_core.package_identification:_identify(src) by extensions ['cmake', 'python']
[0.292s] Level 1:colcon.colcon_core.package_identification:_identify(src) by extension 'cmake'
[0.292s] Level 1:colcon.colcon_core.package_identification:_identify(src) by extension 'python'
[0.292s] Level 1:colcon.colcon_core.package_identification:_identify(src) by extensions ['python_setup_py']
[0.292s] Level 1:colcon.colcon_core.package_identification:_identify(src) by extension 'python_setup_py'
[0.292s] Level 1:colcon.colcon_core.package_identification:_identify(src/cf_msgs) by extensions ['ignore', 'ignore_ament_install']
[0.292s] Level 1:colcon.colcon_core.package_identification:_identify(src/cf_msgs) by extension 'ignore'
[0.292s] Level 1:colcon.colcon_core.package_identification:_identify(src/cf_msgs) by extension 'ignore_ament_install'
[0.292s] Level 1:colcon.colcon_core.package_identification:_identify(src/cf_msgs) by extensions ['colcon_pkg']
[0.293s] Level 1:colcon.colcon_core.package_identification:_identify(src/cf_msgs) by extension 'colcon_pkg'
[0.293s] Level 1:colcon.colcon_core.package_identification:_identify(src/cf_msgs) by extensions ['colcon_meta']
[0.293s] Level 1:colcon.colcon_core.package_identification:_identify(src/cf_msgs) by extension 'colcon_meta'
[0.293s] Level 1:colcon.colcon_core.package_identification:_identify(src/cf_msgs) by extensions ['ros']
[0.293s] Level 1:colcon.colcon_core.package_identification:_identify(src/cf_msgs) by extension 'ros'
[0.296s] DEBUG:colcon.colcon_core.package_identification:Package 'src/cf_msgs' with type 'ros.ament_cmake' and name 'cf_msgs'
[0.296s] Level 1:colcon.colcon_core.package_identification:_identify(src/dataset) by extensions ['ignore', 'ignore_ament_install']
[0.296s] Level 1:colcon.colcon_core.package_identification:_identify(src/dataset) by extension 'ignore'
[0.296s] Level 1:colcon.colcon_core.package_identification:_identify(src/dataset) by extension 'ignore_ament_install'
[0.296s] Level 1:colcon.colcon_core.package_identification:_identify(src/dataset) by extensions ['colcon_pkg']
[0.296s] Level 1:colcon.colcon_core.package_identification:_identify(src/dataset) by extension 'colcon_pkg'
[0.296s] Level 1:colcon.colcon_core.package_identification:_identify(src/dataset) by extensions ['colcon_meta']
[0.296s] Level 1:colcon.colcon_core.package_identification:_identify(src/dataset) by extension 'colcon_meta'
[0.296s] Level 1:colcon.colcon_core.package_identification:_identify(src/dataset) by extensions ['ros']
[0.296s] Level 1:colcon.colcon_core.package_identification:_identify(src/dataset) by extension 'ros'
[0.296s] Level 1:colcon.colcon_core.package_identification:_identify(src/dataset) by extensions ['cmake', 'python']
[0.296s] Level 1:colcon.colcon_core.package_identification:_identify(src/dataset) by extension 'cmake'
[0.296s] Level 1:colcon.colcon_core.package_identification:_identify(src/dataset) by extension 'python'
[0.296s] Level 1:colcon.colcon_core.package_identification:_identify(src/dataset) by extensions ['python_setup_py']
[0.296s] Level 1:colcon.colcon_core.package_identification:_identify(src/dataset) by extension 'python_setup_py'
[0.296s] Level 1:colcon.colcon_core.package_identification:_identify(src/dataset/ros2-walk1) by extensions ['ignore', 'ignore_ament_install']
[0.297s] Level 1:colcon.colcon_core.package_identification:_identify(src/dataset/ros2-walk1) by extension 'ignore'
[0.297s] Level 1:colcon.colcon_core.package_identification:_identify(src/dataset/ros2-walk1) by extension 'ignore_ament_install'
[0.297s] Level 1:colcon.colcon_core.package_identification:_identify(src/dataset/ros2-walk1) by extensions ['colcon_pkg']
[0.297s] Level 1:colcon.colcon_core.package_identification:_identify(src/dataset/ros2-walk1) by extension 'colcon_pkg'
[0.297s] Level 1:colcon.colcon_core.package_identification:_identify(src/dataset/ros2-walk1) by extensions ['colcon_meta']
[0.297s] Level 1:colcon.colcon_core.package_identification:_identify(src/dataset/ros2-walk1) by extension 'colcon_meta'
[0.297s] Level 1:colcon.colcon_core.package_identification:_identify(src/dataset/ros2-walk1) by extensions ['ros']
[0.297s] Level 1:colcon.colcon_core.package_identification:_identify(src/dataset/ros2-walk1) by extension 'ros'
[0.297s] Level 1:colcon.colcon_core.package_identification:_identify(src/dataset/ros2-walk1) by extensions ['cmake', 'python']
[0.297s] Level 1:colcon.colcon_core.package_identification:_identify(src/dataset/ros2-walk1) by extension 'cmake'
[0.297s] Level 1:colcon.colcon_core.package_identification:_identify(src/dataset/ros2-walk1) by extension 'python'
[0.297s] Level 1:colcon.colcon_core.package_identification:_identify(src/dataset/ros2-walk1) by extensions ['python_setup_py']
[0.297s] Level 1:colcon.colcon_core.package_identification:_identify(src/dataset/ros2-walk1) by extension 'python_setup_py'
[0.297s] Level 1:colcon.colcon_core.package_identification:_identify(src/dataset/ros2-walk2) by extensions ['ignore', 'ignore_ament_install']
[0.297s] Level 1:colcon.colcon_core.package_identification:_identify(src/dataset/ros2-walk2) by extension 'ignore'
[0.297s] Level 1:colcon.colcon_core.package_identification:_identify(src/dataset/ros2-walk2) by extension 'ignore_ament_install'
[0.297s] Level 1:colcon.colcon_core.package_identification:_identify(src/dataset/ros2-walk2) by extensions ['colcon_pkg']
[0.297s] Level 1:colcon.colcon_core.package_identification:_identify(src/dataset/ros2-walk2) by extension 'colcon_pkg'
[0.297s] Level 1:colcon.colcon_core.package_identification:_identify(src/dataset/ros2-walk2) by extensions ['colcon_meta']
[0.297s] Level 1:colcon.colcon_core.package_identification:_identify(src/dataset/ros2-walk2) by extension 'colcon_meta'
[0.297s] Level 1:colcon.colcon_core.package_identification:_identify(src/dataset/ros2-walk2) by extensions ['ros']
[0.297s] Level 1:colcon.colcon_core.package_identification:_identify(src/dataset/ros2-walk2) by extension 'ros'
[0.297s] Level 1:colcon.colcon_core.package_identification:_identify(src/dataset/ros2-walk2) by extensions ['cmake', 'python']
[0.297s] Level 1:colcon.colcon_core.package_identification:_identify(src/dataset/ros2-walk2) by extension 'cmake'
[0.298s] Level 1:colcon.colcon_core.package_identification:_identify(src/dataset/ros2-walk2) by extension 'python'
[0.298s] Level 1:colcon.colcon_core.package_identification:_identify(src/dataset/ros2-walk2) by extensions ['python_setup_py']
[0.298s] Level 1:colcon.colcon_core.package_identification:_identify(src/dataset/ros2-walk2) by extension 'python_setup_py'
[0.298s] Level 1:colcon.colcon_core.package_identification:_identify(src/dataset/ros2-walk3) by extensions ['ignore', 'ignore_ament_install']
[0.298s] Level 1:colcon.colcon_core.package_identification:_identify(src/dataset/ros2-walk3) by extension 'ignore'
[0.298s] Level 1:colcon.colcon_core.package_identification:_identify(src/dataset/ros2-walk3) by extension 'ignore_ament_install'
[0.298s] Level 1:colcon.colcon_core.package_identification:_identify(src/dataset/ros2-walk3) by extensions ['colcon_pkg']
[0.298s] Level 1:colcon.colcon_core.package_identification:_identify(src/dataset/ros2-walk3) by extension 'colcon_pkg'
[0.298s] Level 1:colcon.colcon_core.package_identification:_identify(src/dataset/ros2-walk3) by extensions ['colcon_meta']
[0.298s] Level 1:colcon.colcon_core.package_identification:_identify(src/dataset/ros2-walk3) by extension 'colcon_meta'
[0.298s] Level 1:colcon.colcon_core.package_identification:_identify(src/dataset/ros2-walk3) by extensions ['ros']
[0.298s] Level 1:colcon.colcon_core.package_identification:_identify(src/dataset/ros2-walk3) by extension 'ros'
[0.298s] Level 1:colcon.colcon_core.package_identification:_identify(src/dataset/ros2-walk3) by extensions ['cmake', 'python']
[0.298s] Level 1:colcon.colcon_core.package_identification:_identify(src/dataset/ros2-walk3) by extension 'cmake'
[0.298s] Level 1:colcon.colcon_core.package_identification:_identify(src/dataset/ros2-walk3) by extension 'python'
[0.298s] Level 1:colcon.colcon_core.package_identification:_identify(src/dataset/ros2-walk3) by extensions ['python_setup_py']
[0.298s] Level 1:colcon.colcon_core.package_identification:_identify(src/dataset/ros2-walk3) by extension 'python_setup_py'
[0.298s] Level 1:colcon.colcon_core.package_identification:_identify(src/isas_msgs) by extensions ['ignore', 'ignore_ament_install']
[0.298s] Level 1:colcon.colcon_core.package_identification:_identify(src/isas_msgs) by extension 'ignore'
[0.298s] Level 1:colcon.colcon_core.package_identification:_identify(src/isas_msgs) by extension 'ignore_ament_install'
[0.298s] Level 1:colcon.colcon_core.package_identification:_identify(src/isas_msgs) by extensions ['colcon_pkg']
[0.298s] Level 1:colcon.colcon_core.package_identification:_identify(src/isas_msgs) by extension 'colcon_pkg'
[0.298s] Level 1:colcon.colcon_core.package_identification:_identify(src/isas_msgs) by extensions ['colcon_meta']
[0.298s] Level 1:colcon.colcon_core.package_identification:_identify(src/isas_msgs) by extension 'colcon_meta'
[0.299s] Level 1:colcon.colcon_core.package_identification:_identify(src/isas_msgs) by extensions ['ros']
[0.299s] Level 1:colcon.colcon_core.package_identification:_identify(src/isas_msgs) by extension 'ros'
[0.300s] DEBUG:colcon.colcon_core.package_identification:Package 'src/isas_msgs' with type 'ros.ament_cmake' and name 'isas_msgs'
[0.300s] Level 1:colcon.colcon_core.package_identification:_identify(src/sfuise) by extensions ['ignore', 'ignore_ament_install']
[0.300s] Level 1:colcon.colcon_core.package_identification:_identify(src/sfuise) by extension 'ignore'
[0.300s] Level 1:colcon.colcon_core.package_identification:_identify(src/sfuise) by extension 'ignore_ament_install'
[0.300s] Level 1:colcon.colcon_core.package_identification:_identify(src/sfuise) by extensions ['colcon_pkg']
[0.300s] Level 1:colcon.colcon_core.package_identification:_identify(src/sfuise) by extension 'colcon_pkg'
[0.300s] Level 1:colcon.colcon_core.package_identification:_identify(src/sfuise) by extensions ['colcon_meta']
[0.300s] Level 1:colcon.colcon_core.package_identification:_identify(src/sfuise) by extension 'colcon_meta'
[0.300s] Level 1:colcon.colcon_core.package_identification:_identify(src/sfuise) by extensions ['ros']
[0.300s] Level 1:colcon.colcon_core.package_identification:_identify(src/sfuise) by extension 'ros'
[0.302s] DEBUG:colcon.colcon_core.package_identification:Package 'src/sfuise' with type 'ros.ament_cmake' and name 'sfuise'
[0.302s] Level 1:colcon.colcon_core.package_identification:_identify(src/sfuise_msgs) by extensions ['ignore', 'ignore_ament_install']
[0.302s] Level 1:colcon.colcon_core.package_identification:_identify(src/sfuise_msgs) by extension 'ignore'
[0.302s] Level 1:colcon.colcon_core.package_identification:_identify(src/sfuise_msgs) by extension 'ignore_ament_install'
[0.302s] Level 1:colcon.colcon_core.package_identification:_identify(src/sfuise_msgs) by extensions ['colcon_pkg']
[0.302s] Level 1:colcon.colcon_core.package_identification:_identify(src/sfuise_msgs) by extension 'colcon_pkg'
[0.302s] Level 1:colcon.colcon_core.package_identification:_identify(src/sfuise_msgs) by extensions ['colcon_meta']
[0.302s] Level 1:colcon.colcon_core.package_identification:_identify(src/sfuise_msgs) by extension 'colcon_meta'
[0.302s] Level 1:colcon.colcon_core.package_identification:_identify(src/sfuise_msgs) by extensions ['ros']
[0.302s] Level 1:colcon.colcon_core.package_identification:_identify(src/sfuise_msgs) by extension 'ros'
[0.303s] DEBUG:colcon.colcon_core.package_identification:Package 'src/sfuise_msgs' with type 'ros.ament_cmake' and name 'sfuise_msgs'
[0.303s] Level 1:colcon.colcon_core.package_discovery:discover_packages(recursive) using defaults
[0.303s] Level 1:colcon.colcon_core.package_discovery:discover_packages(ignore) discover
[0.303s] Level 1:colcon.colcon_core.package_discovery:discover_packages(ignore) using defaults
[0.303s] Level 1:colcon.colcon_core.package_discovery:discover_packages(path) discover
[0.303s] Level 1:colcon.colcon_core.package_discovery:discover_packages(path) using defaults
[0.346s] Level 1:colcon.colcon_core.package_discovery:discover_packages(prefix_path) check parameters
[0.346s] Level 1:colcon.colcon_core.package_discovery:discover_packages(prefix_path) discover
[0.348s] DEBUG:colcon.colcon_installed_package_information.package_discovery:Found 4 installed packages in /home/dsh/Documents/work_logs/code/SFUISE/sfuise_ws/install
[0.350s] DEBUG:colcon.colcon_installed_package_information.package_discovery:Found 362 installed packages in /opt/ros/humble
[0.353s] Level 1:colcon.colcon_core.package_discovery:discover_packages(prefix_path) using defaults
[0.422s] Level 5:colcon.colcon_core.verb:set package 'cf_msgs' build argument 'cmake_args' from command line to 'None'
[0.422s] Level 5:colcon.colcon_core.verb:set package 'cf_msgs' build argument 'cmake_target' from command line to 'None'
[0.422s] Level 5:colcon.colcon_core.verb:set package 'cf_msgs' build argument 'cmake_target_skip_unavailable' from command line to 'False'
[0.422s] Level 5:colcon.colcon_core.verb:set package 'cf_msgs' build argument 'cmake_clean_cache' from command line to 'False'
[0.422s] Level 5:colcon.colcon_core.verb:set package 'cf_msgs' build argument 'cmake_clean_first' from command line to 'False'
[0.422s] Level 5:colcon.colcon_core.verb:set package 'cf_msgs' build argument 'cmake_force_configure' from command line to 'False'
[0.422s] Level 5:colcon.colcon_core.verb:set package 'cf_msgs' build argument 'ament_cmake_args' from command line to 'None'
[0.422s] Level 5:colcon.colcon_core.verb:set package 'cf_msgs' build argument 'catkin_cmake_args' from command line to 'None'
[0.422s] Level 5:colcon.colcon_core.verb:set package 'cf_msgs' build argument 'catkin_skip_building_tests' from command line to 'False'
[0.422s] DEBUG:colcon.colcon_core.verb:Building package 'cf_msgs' with the following arguments: {'ament_cmake_args': None, 'build_base': '/home/dsh/Documents/work_logs/code/SFUISE/sfuise_ws/build/cf_msgs', 'catkin_cmake_args': None, 'catkin_skip_building_tests': False, 'cmake_args': None, 'cmake_clean_cache': False, 'cmake_clean_first': False, 'cmake_force_configure': False, 'cmake_target': None, 'cmake_target_skip_unavailable': False, 'install_base': '/home/dsh/Documents/work_logs/code/SFUISE/sfuise_ws/install/cf_msgs', 'merge_install': False, 'path': '/home/dsh/Documents/work_logs/code/SFUISE/sfuise_ws/src/cf_msgs', 'symlink_install': False, 'test_result_base': None}
[0.423s] Level 5:colcon.colcon_core.verb:set package 'isas_msgs' build argument 'cmake_args' from command line to 'None'
[0.423s] Level 5:colcon.colcon_core.verb:set package 'isas_msgs' build argument 'cmake_target' from command line to 'None'
[0.423s] Level 5:colcon.colcon_core.verb:set package 'isas_msgs' build argument 'cmake_target_skip_unavailable' from command line to 'False'
[0.423s] Level 5:colcon.colcon_core.verb:set package 'isas_msgs' build argument 'cmake_clean_cache' from command line to 'False'
[0.423s] Level 5:colcon.colcon_core.verb:set package 'isas_msgs' build argument 'cmake_clean_first' from command line to 'False'
[0.423s] Level 5:colcon.colcon_core.verb:set package 'isas_msgs' build argument 'cmake_force_configure' from command line to 'False'
[0.423s] Level 5:colcon.colcon_core.verb:set package 'isas_msgs' build argument 'ament_cmake_args' from command line to 'None'
[0.423s] Level 5:colcon.colcon_core.verb:set package 'isas_msgs' build argument 'catkin_cmake_args' from command line to 'None'
[0.423s] Level 5:colcon.colcon_core.verb:set package 'isas_msgs' build argument 'catkin_skip_building_tests' from command line to 'False'
[0.423s] DEBUG:colcon.colcon_core.verb:Building package 'isas_msgs' with the following arguments: {'ament_cmake_args': None, 'build_base': '/home/dsh/Documents/work_logs/code/SFUISE/sfuise_ws/build/isas_msgs', 'catkin_cmake_args': None, 'catkin_skip_building_tests': False, 'cmake_args': None, 'cmake_clean_cache': False, 'cmake_clean_first': False, 'cmake_force_configure': False, 'cmake_target': None, 'cmake_target_skip_unavailable': False, 'install_base': '/home/dsh/Documents/work_logs/code/SFUISE/sfuise_ws/install/isas_msgs', 'merge_install': False, 'path': '/home/dsh/Documents/work_logs/code/SFUISE/sfuise_ws/src/isas_msgs', 'symlink_install': False, 'test_result_base': None}
[0.424s] Level 5:colcon.colcon_core.verb:set package 'sfuise_msgs' build argument 'cmake_args' from command line to 'None'
[0.424s] Level 5:colcon.colcon_core.verb:set package 'sfuise_msgs' build argument 'cmake_target' from command line to 'None'
[0.424s] Level 5:colcon.colcon_core.verb:set package 'sfuise_msgs' build argument 'cmake_target_skip_unavailable' from command line to 'False'
[0.424s] Level 5:colcon.colcon_core.verb:set package 'sfuise_msgs' build argument 'cmake_clean_cache' from command line to 'False'
[0.424s] Level 5:colcon.colcon_core.verb:set package 'sfuise_msgs' build argument 'cmake_clean_first' from command line to 'False'
[0.424s] Level 5:colcon.colcon_core.verb:set package 'sfuise_msgs' build argument 'cmake_force_configure' from command line to 'False'
[0.424s] Level 5:colcon.colcon_core.verb:set package 'sfuise_msgs' build argument 'ament_cmake_args' from command line to 'None'
[0.424s] Level 5:colcon.colcon_core.verb:set package 'sfuise_msgs' build argument 'catkin_cmake_args' from command line to 'None'
[0.424s] Level 5:colcon.colcon_core.verb:set package 'sfuise_msgs' build argument 'catkin_skip_building_tests' from command line to 'False'
[0.424s] DEBUG:colcon.colcon_core.verb:Building package 'sfuise_msgs' with the following arguments: {'ament_cmake_args': None, 'build_base': '/home/dsh/Documents/work_logs/code/SFUISE/sfuise_ws/build/sfuise_msgs', 'catkin_cmake_args': None, 'catkin_skip_building_tests': False, 'cmake_args': None, 'cmake_clean_cache': False, 'cmake_clean_first': False, 'cmake_force_configure': False, 'cmake_target': None, 'cmake_target_skip_unavailable': False, 'install_base': '/home/dsh/Documents/work_logs/code/SFUISE/sfuise_ws/install/sfuise_msgs', 'merge_install': False, 'path': '/home/dsh/Documents/work_logs/code/SFUISE/sfuise_ws/src/sfuise_msgs', 'symlink_install': False, 'test_result_base': None}
[0.424s] Level 5:colcon.colcon_core.verb:set package 'sfuise' build argument 'cmake_args' from command line to 'None'
[0.425s] Level 5:colcon.colcon_core.verb:set package 'sfuise' build argument 'cmake_target' from command line to 'None'
[0.425s] Level 5:colcon.colcon_core.verb:set package 'sfuise' build argument 'cmake_target_skip_unavailable' from command line to 'False'
[0.425s] Level 5:colcon.colcon_core.verb:set package 'sfuise' build argument 'cmake_clean_cache' from command line to 'False'
[0.425s] Level 5:colcon.colcon_core.verb:set package 'sfuise' build argument 'cmake_clean_first' from command line to 'False'
[0.425s] Level 5:colcon.colcon_core.verb:set package 'sfuise' build argument 'cmake_force_configure' from command line to 'False'
[0.425s] Level 5:colcon.colcon_core.verb:set package 'sfuise' build argument 'ament_cmake_args' from command line to 'None'
[0.425s] Level 5:colcon.colcon_core.verb:set package 'sfuise' build argument 'catkin_cmake_args' from command line to 'None'
[0.425s] Level 5:colcon.colcon_core.verb:set package 'sfuise' build argument 'catkin_skip_building_tests' from command line to 'False'
[0.425s] DEBUG:colcon.colcon_core.verb:Building package 'sfuise' with the following arguments: {'ament_cmake_args': None, 'build_base': '/home/dsh/Documents/work_logs/code/SFUISE/sfuise_ws/build/sfuise', 'catkin_cmake_args': None, 'catkin_skip_building_tests': False, 'cmake_args': None, 'cmake_clean_cache': False, 'cmake_clean_first': False, 'cmake_force_configure': False, 'cmake_target': None, 'cmake_target_skip_unavailable': False, 'install_base': '/home/dsh/Documents/work_logs/code/SFUISE/sfuise_ws/install/sfuise', 'merge_install': False, 'path': '/home/dsh/Documents/work_logs/code/SFUISE/sfuise_ws/src/sfuise', 'symlink_install': False, 'test_result_base': None}
[0.425s] INFO:colcon.colcon_core.executor:Executing jobs using 'parallel' executor
[0.427s] DEBUG:colcon.colcon_parallel_executor.executor.parallel:run_until_complete
[0.427s] INFO:colcon.colcon_ros.task.ament_cmake.build:Building ROS package in '/home/dsh/Documents/work_logs/code/SFUISE/sfuise_ws/src/cf_msgs' with build type 'ament_cmake'
[0.427s] INFO:colcon.colcon_cmake.task.cmake.build:Building CMake package in '/home/dsh/Documents/work_logs/code/SFUISE/sfuise_ws/src/cf_msgs'
[0.431s] INFO:colcon.colcon_core.plugin_system:Skipping extension 'colcon_core.shell.bat': Not used on non-Windows systems
[0.431s] INFO:colcon.colcon_core.shell:Skip shell extension 'powershell' for command environment: Not usable outside of PowerShell
[0.431s] DEBUG:colcon.colcon_core.shell:Skip shell extension 'dsv' for command environment
[0.437s] INFO:colcon.colcon_ros.task.ament_cmake.build:Building ROS package in '/home/dsh/Documents/work_logs/code/SFUISE/sfuise_ws/src/isas_msgs' with build type 'ament_cmake'
[0.438s] INFO:colcon.colcon_cmake.task.cmake.build:Building CMake package in '/home/dsh/Documents/work_logs/code/SFUISE/sfuise_ws/src/isas_msgs'
[0.438s] INFO:colcon.colcon_core.shell:Skip shell extension 'powershell' for command environment: Not usable outside of PowerShell
[0.438s] DEBUG:colcon.colcon_core.shell:Skip shell extension 'dsv' for command environment
[0.444s] INFO:colcon.colcon_ros.task.ament_cmake.build:Building ROS package in '/home/dsh/Documents/work_logs/code/SFUISE/sfuise_ws/src/sfuise_msgs' with build type 'ament_cmake'
[0.444s] INFO:colcon.colcon_cmake.task.cmake.build:Building CMake package in '/home/dsh/Documents/work_logs/code/SFUISE/sfuise_ws/src/sfuise_msgs'
[0.444s] INFO:colcon.colcon_core.shell:Skip shell extension 'powershell' for command environment: Not usable outside of PowerShell
[0.444s] DEBUG:colcon.colcon_core.shell:Skip shell extension 'dsv' for command environment
[0.461s] DEBUG:colcon.colcon_core.event_handler.log_command:Invoking command in '/home/dsh/Documents/work_logs/code/SFUISE/sfuise_ws/build/cf_msgs': CMAKE_PREFIX_PATH=${CMAKE_PREFIX_PATH}:/opt/ros/humble /usr/bin/cmake --build /home/dsh/Documents/work_logs/code/SFUISE/sfuise_ws/build/cf_msgs -- -j20 -l20
[0.469s] DEBUG:colcon.colcon_core.event_handler.log_command:Invoking command in '/home/dsh/Documents/work_logs/code/SFUISE/sfuise_ws/build/isas_msgs': CMAKE_PREFIX_PATH=${CMAKE_PREFIX_PATH}:/opt/ros/humble /usr/bin/cmake --build /home/dsh/Documents/work_logs/code/SFUISE/sfuise_ws/build/isas_msgs -- -j20 -l20
[0.475s] DEBUG:colcon.colcon_core.event_handler.log_command:Invoking command in '/home/dsh/Documents/work_logs/code/SFUISE/sfuise_ws/build/sfuise_msgs': CMAKE_PREFIX_PATH=${CMAKE_PREFIX_PATH}:/opt/ros/humble /usr/bin/cmake --build /home/dsh/Documents/work_logs/code/SFUISE/sfuise_ws/build/sfuise_msgs -- -j20 -l20
[1.206s] DEBUG:colcon.colcon_core.event_handler.log_command:Invoked command in '/home/dsh/Documents/work_logs/code/SFUISE/sfuise_ws/build/cf_msgs' returned '0': CMAKE_PREFIX_PATH=${CMAKE_PREFIX_PATH}:/opt/ros/humble /usr/bin/cmake --build /home/dsh/Documents/work_logs/code/SFUISE/sfuise_ws/build/cf_msgs -- -j20 -l20
[1.230s] DEBUG:colcon.colcon_core.event_handler.log_command:Invoking command in '/home/dsh/Documents/work_logs/code/SFUISE/sfuise_ws/build/cf_msgs': CMAKE_PREFIX_PATH=${CMAKE_PREFIX_PATH}:/opt/ros/humble /usr/bin/cmake --install /home/dsh/Documents/work_logs/code/SFUISE/sfuise_ws/build/cf_msgs
[1.244s] DEBUG:colcon.colcon_core.event_handler.log_command:Invoked command in '/home/dsh/Documents/work_logs/code/SFUISE/sfuise_ws/build/isas_msgs' returned '0': CMAKE_PREFIX_PATH=${CMAKE_PREFIX_PATH}:/opt/ros/humble /usr/bin/cmake --build /home/dsh/Documents/work_logs/code/SFUISE/sfuise_ws/build/isas_msgs -- -j20 -l20
[1.251s] DEBUG:colcon.colcon_core.event_handler.log_command:Invoking command in '/home/dsh/Documents/work_logs/code/SFUISE/sfuise_ws/build/isas_msgs': CMAKE_PREFIX_PATH=${CMAKE_PREFIX_PATH}:/opt/ros/humble /usr/bin/cmake --install /home/dsh/Documents/work_logs/code/SFUISE/sfuise_ws/build/isas_msgs
[1.321s] DEBUG:colcon.colcon_core.event_handler.log_command:Invoked command in '/home/dsh/Documents/work_logs/code/SFUISE/sfuise_ws/build/sfuise_msgs' returned '0': CMAKE_PREFIX_PATH=${CMAKE_PREFIX_PATH}:/opt/ros/humble /usr/bin/cmake --build /home/dsh/Documents/work_logs/code/SFUISE/sfuise_ws/build/sfuise_msgs -- -j20 -l20
[1.324s] DEBUG:colcon.colcon_core.event_handler.log_command:Invoking command in '/home/dsh/Documents/work_logs/code/SFUISE/sfuise_ws/build/sfuise_msgs': CMAKE_PREFIX_PATH=${CMAKE_PREFIX_PATH}:/opt/ros/humble /usr/bin/cmake --install /home/dsh/Documents/work_logs/code/SFUISE/sfuise_ws/build/sfuise_msgs
[1.348s] Level 1:colcon.colcon_core.environment:create_environment_scripts_only(cf_msgs)
[1.371s] DEBUG:colcon.colcon_core.event_handler.log_command:Invoked command in '/home/dsh/Documents/work_logs/code/SFUISE/sfuise_ws/build/cf_msgs' returned '0': CMAKE_PREFIX_PATH=${CMAKE_PREFIX_PATH}:/opt/ros/humble /usr/bin/cmake --install /home/dsh/Documents/work_logs/code/SFUISE/sfuise_ws/build/cf_msgs
[1.380s] Level 1:colcon.colcon_core.environment:checking '/home/dsh/Documents/work_logs/code/SFUISE/sfuise_ws/install/cf_msgs' for CMake module files
[1.382s] Level 1:colcon.colcon_core.environment:checking '/home/dsh/Documents/work_logs/code/SFUISE/sfuise_ws/install/cf_msgs' for CMake config files
[1.383s] Level 1:colcon.colcon_core.shell:create_environment_hook('cf_msgs', 'cmake_prefix_path')
[1.383s] INFO:colcon.colcon_core.shell:Creating environment hook '/home/dsh/Documents/work_logs/code/SFUISE/sfuise_ws/install/cf_msgs/share/cf_msgs/hook/cmake_prefix_path.ps1'
[1.385s] INFO:colcon.colcon_core.shell:Creating environment descriptor '/home/dsh/Documents/work_logs/code/SFUISE/sfuise_ws/install/cf_msgs/share/cf_msgs/hook/cmake_prefix_path.dsv'
[1.385s] INFO:colcon.colcon_core.shell:Creating environment hook '/home/dsh/Documents/work_logs/code/SFUISE/sfuise_ws/install/cf_msgs/share/cf_msgs/hook/cmake_prefix_path.sh'
[1.387s] Level 1:colcon.colcon_core.environment:checking '/home/dsh/Documents/work_logs/code/SFUISE/sfuise_ws/install/cf_msgs/lib'
[1.387s] Level 1:colcon.colcon_core.shell:create_environment_hook('cf_msgs', 'ld_library_path_lib')
[1.388s] INFO:colcon.colcon_core.shell:Creating environment hook '/home/dsh/Documents/work_logs/code/SFUISE/sfuise_ws/install/cf_msgs/share/cf_msgs/hook/ld_library_path_lib.ps1'
[1.389s] INFO:colcon.colcon_core.shell:Creating environment descriptor '/home/dsh/Documents/work_logs/code/SFUISE/sfuise_ws/install/cf_msgs/share/cf_msgs/hook/ld_library_path_lib.dsv'
[1.389s] INFO:colcon.colcon_core.shell:Creating environment hook '/home/dsh/Documents/work_logs/code/SFUISE/sfuise_ws/install/cf_msgs/share/cf_msgs/hook/ld_library_path_lib.sh'
[1.390s] Level 1:colcon.colcon_core.environment:checking '/home/dsh/Documents/work_logs/code/SFUISE/sfuise_ws/install/cf_msgs/bin'
[1.390s] Level 1:colcon.colcon_core.environment:checking '/home/dsh/Documents/work_logs/code/SFUISE/sfuise_ws/install/cf_msgs/lib/pkgconfig/cf_msgs.pc'
[1.390s] Level 1:colcon.colcon_core.environment:checking '/home/dsh/Documents/work_logs/code/SFUISE/sfuise_ws/install/cf_msgs/lib/python3.10/site-packages'
[1.391s] Level 1:colcon.colcon_core.environment:checking '/home/dsh/Documents/work_logs/code/SFUISE/sfuise_ws/install/cf_msgs/bin'
[1.391s] INFO:colcon.colcon_core.shell:Creating package script '/home/dsh/Documents/work_logs/code/SFUISE/sfuise_ws/install/cf_msgs/share/cf_msgs/package.ps1'
[1.393s] INFO:colcon.colcon_core.shell:Creating package descriptor '/home/dsh/Documents/work_logs/code/SFUISE/sfuise_ws/install/cf_msgs/share/cf_msgs/package.dsv'
[1.393s] INFO:colcon.colcon_core.shell:Creating package script '/home/dsh/Documents/work_logs/code/SFUISE/sfuise_ws/install/cf_msgs/share/cf_msgs/package.sh'
[1.395s] INFO:colcon.colcon_core.shell:Creating package script '/home/dsh/Documents/work_logs/code/SFUISE/sfuise_ws/install/cf_msgs/share/cf_msgs/package.bash'
[1.396s] INFO:colcon.colcon_core.shell:Creating package script '/home/dsh/Documents/work_logs/code/SFUISE/sfuise_ws/install/cf_msgs/share/cf_msgs/package.zsh'
[1.397s] Level 1:colcon.colcon_core.environment:create_file_with_runtime_dependencies(/home/dsh/Documents/work_logs/code/SFUISE/sfuise_ws/install/cf_msgs/share/colcon-core/packages/cf_msgs)
[1.398s] Level 1:colcon.colcon_core.environment:create_environment_scripts_only(cf_msgs)
[1.398s] Level 1:colcon.colcon_core.environment:checking '/home/dsh/Documents/work_logs/code/SFUISE/sfuise_ws/install/cf_msgs' for CMake module files
[1.399s] Level 1:colcon.colcon_core.environment:checking '/home/dsh/Documents/work_logs/code/SFUISE/sfuise_ws/install/cf_msgs' for CMake config files
[1.400s] Level 1:colcon.colcon_core.shell:create_environment_hook('cf_msgs', 'cmake_prefix_path')
[1.400s] INFO:colcon.colcon_core.shell:Creating environment hook '/home/dsh/Documents/work_logs/code/SFUISE/sfuise_ws/install/cf_msgs/share/cf_msgs/hook/cmake_prefix_path.ps1'
[1.401s] INFO:colcon.colcon_core.shell:Creating environment descriptor '/home/dsh/Documents/work_logs/code/SFUISE/sfuise_ws/install/cf_msgs/share/cf_msgs/hook/cmake_prefix_path.dsv'
[1.401s] INFO:colcon.colcon_core.shell:Creating environment hook '/home/dsh/Documents/work_logs/code/SFUISE/sfuise_ws/install/cf_msgs/share/cf_msgs/hook/cmake_prefix_path.sh'
[1.402s] Level 1:colcon.colcon_core.environment:checking '/home/dsh/Documents/work_logs/code/SFUISE/sfuise_ws/install/cf_msgs/lib'
[1.402s] Level 1:colcon.colcon_core.shell:create_environment_hook('cf_msgs', 'ld_library_path_lib')
[1.403s] INFO:colcon.colcon_core.shell:Creating environment hook '/home/dsh/Documents/work_logs/code/SFUISE/sfuise_ws/install/cf_msgs/share/cf_msgs/hook/ld_library_path_lib.ps1'
[1.403s] INFO:colcon.colcon_core.shell:Creating environment descriptor '/home/dsh/Documents/work_logs/code/SFUISE/sfuise_ws/install/cf_msgs/share/cf_msgs/hook/ld_library_path_lib.dsv'
[1.404s] INFO:colcon.colcon_core.shell:Creating environment hook '/home/dsh/Documents/work_logs/code/SFUISE/sfuise_ws/install/cf_msgs/share/cf_msgs/hook/ld_library_path_lib.sh'
[1.405s] Level 1:colcon.colcon_core.environment:checking '/home/dsh/Documents/work_logs/code/SFUISE/sfuise_ws/install/cf_msgs/bin'
[1.405s] Level 1:colcon.colcon_core.environment:checking '/home/dsh/Documents/work_logs/code/SFUISE/sfuise_ws/install/cf_msgs/lib/pkgconfig/cf_msgs.pc'
[1.405s] Level 1:colcon.colcon_core.environment:checking '/home/dsh/Documents/work_logs/code/SFUISE/sfuise_ws/install/cf_msgs/lib/python3.10/site-packages'
[1.406s] Level 1:colcon.colcon_core.environment:checking '/home/dsh/Documents/work_logs/code/SFUISE/sfuise_ws/install/cf_msgs/bin'
[1.406s] INFO:colcon.colcon_core.shell:Creating package script '/home/dsh/Documents/work_logs/code/SFUISE/sfuise_ws/install/cf_msgs/share/cf_msgs/package.ps1'
[1.407s] INFO:colcon.colcon_core.shell:Creating package descriptor '/home/dsh/Documents/work_logs/code/SFUISE/sfuise_ws/install/cf_msgs/share/cf_msgs/package.dsv'
[1.408s] INFO:colcon.colcon_core.shell:Creating package script '/home/dsh/Documents/work_logs/code/SFUISE/sfuise_ws/install/cf_msgs/share/cf_msgs/package.sh'
[1.408s] INFO:colcon.colcon_core.shell:Creating package script '/home/dsh/Documents/work_logs/code/SFUISE/sfuise_ws/install/cf_msgs/share/cf_msgs/package.bash'
[1.409s] INFO:colcon.colcon_core.shell:Creating package script '/home/dsh/Documents/work_logs/code/SFUISE/sfuise_ws/install/cf_msgs/share/cf_msgs/package.zsh'
[1.409s] Level 1:colcon.colcon_core.environment:create_file_with_runtime_dependencies(/home/dsh/Documents/work_logs/code/SFUISE/sfuise_ws/install/cf_msgs/share/colcon-core/packages/cf_msgs)
[1.411s] Level 1:colcon.colcon_core.environment:create_environment_scripts_only(isas_msgs)
[1.412s] Level 1:colcon.colcon_core.environment:checking '/home/dsh/Documents/work_logs/code/SFUISE/sfuise_ws/install/isas_msgs' for CMake module files
[1.413s] DEBUG:colcon.colcon_core.event_handler.log_command:Invoked command in '/home/dsh/Documents/work_logs/code/SFUISE/sfuise_ws/build/isas_msgs' returned '0': CMAKE_PREFIX_PATH=${CMAKE_PREFIX_PATH}:/opt/ros/humble /usr/bin/cmake --install /home/dsh/Documents/work_logs/code/SFUISE/sfuise_ws/build/isas_msgs
[1.414s] Level 1:colcon.colcon_core.environment:checking '/home/dsh/Documents/work_logs/code/SFUISE/sfuise_ws/install/isas_msgs' for CMake config files
[1.415s] Level 1:colcon.colcon_core.shell:create_environment_hook('isas_msgs', 'cmake_prefix_path')
[1.416s] INFO:colcon.colcon_core.shell:Creating environment hook '/home/dsh/Documents/work_logs/code/SFUISE/sfuise_ws/install/isas_msgs/share/isas_msgs/hook/cmake_prefix_path.ps1'
[1.416s] INFO:colcon.colcon_core.shell:Creating environment descriptor '/home/dsh/Documents/work_logs/code/SFUISE/sfuise_ws/install/isas_msgs/share/isas_msgs/hook/cmake_prefix_path.dsv'
[1.417s] INFO:colcon.colcon_core.shell:Creating environment hook '/home/dsh/Documents/work_logs/code/SFUISE/sfuise_ws/install/isas_msgs/share/isas_msgs/hook/cmake_prefix_path.sh'
[1.418s] Level 1:colcon.colcon_core.environment:checking '/home/dsh/Documents/work_logs/code/SFUISE/sfuise_ws/install/isas_msgs/lib'
[1.418s] Level 1:colcon.colcon_core.shell:create_environment_hook('isas_msgs', 'ld_library_path_lib')
[1.419s] INFO:colcon.colcon_core.shell:Creating environment hook '/home/dsh/Documents/work_logs/code/SFUISE/sfuise_ws/install/isas_msgs/share/isas_msgs/hook/ld_library_path_lib.ps1'
[1.420s] INFO:colcon.colcon_core.shell:Creating environment descriptor '/home/dsh/Documents/work_logs/code/SFUISE/sfuise_ws/install/isas_msgs/share/isas_msgs/hook/ld_library_path_lib.dsv'
[1.420s] INFO:colcon.colcon_core.shell:Creating environment hook '/home/dsh/Documents/work_logs/code/SFUISE/sfuise_ws/install/isas_msgs/share/isas_msgs/hook/ld_library_path_lib.sh'
[1.421s] Level 1:colcon.colcon_core.environment:checking '/home/dsh/Documents/work_logs/code/SFUISE/sfuise_ws/install/isas_msgs/bin'
[1.421s] Level 1:colcon.colcon_core.environment:checking '/home/dsh/Documents/work_logs/code/SFUISE/sfuise_ws/install/isas_msgs/lib/pkgconfig/isas_msgs.pc'
[1.421s] Level 1:colcon.colcon_core.environment:checking '/home/dsh/Documents/work_logs/code/SFUISE/sfuise_ws/install/isas_msgs/lib/python3.10/site-packages'
[1.422s] Level 1:colcon.colcon_core.environment:checking '/home/dsh/Documents/work_logs/code/SFUISE/sfuise_ws/install/isas_msgs/bin'
[1.422s] INFO:colcon.colcon_core.shell:Creating package script '/home/dsh/Documents/work_logs/code/SFUISE/sfuise_ws/install/isas_msgs/share/isas_msgs/package.ps1'
[1.423s] INFO:colcon.colcon_core.shell:Creating package descriptor '/home/dsh/Documents/work_logs/code/SFUISE/sfuise_ws/install/isas_msgs/share/isas_msgs/package.dsv'
[1.425s] INFO:colcon.colcon_core.shell:Creating package script '/home/dsh/Documents/work_logs/code/SFUISE/sfuise_ws/install/isas_msgs/share/isas_msgs/package.sh'
[1.426s] INFO:colcon.colcon_core.shell:Creating package script '/home/dsh/Documents/work_logs/code/SFUISE/sfuise_ws/install/isas_msgs/share/isas_msgs/package.bash'
[1.429s] INFO:colcon.colcon_core.shell:Creating package script '/home/dsh/Documents/work_logs/code/SFUISE/sfuise_ws/install/isas_msgs/share/isas_msgs/package.zsh'
[1.431s] Level 1:colcon.colcon_core.environment:create_file_with_runtime_dependencies(/home/dsh/Documents/work_logs/code/SFUISE/sfuise_ws/install/isas_msgs/share/colcon-core/packages/isas_msgs)
[1.432s] Level 1:colcon.colcon_core.environment:create_environment_scripts_only(isas_msgs)
[1.433s] Level 1:colcon.colcon_core.environment:checking '/home/dsh/Documents/work_logs/code/SFUISE/sfuise_ws/install/isas_msgs' for CMake module files
[1.433s] Level 1:colcon.colcon_core.environment:checking '/home/dsh/Documents/work_logs/code/SFUISE/sfuise_ws/install/isas_msgs' for CMake config files
[1.434s] Level 1:colcon.colcon_core.shell:create_environment_hook('isas_msgs', 'cmake_prefix_path')
[1.435s] INFO:colcon.colcon_core.shell:Creating environment hook '/home/dsh/Documents/work_logs/code/SFUISE/sfuise_ws/install/isas_msgs/share/isas_msgs/hook/cmake_prefix_path.ps1'
[1.436s] INFO:colcon.colcon_core.shell:Creating environment descriptor '/home/dsh/Documents/work_logs/code/SFUISE/sfuise_ws/install/isas_msgs/share/isas_msgs/hook/cmake_prefix_path.dsv'
[1.437s] INFO:colcon.colcon_core.shell:Creating environment hook '/home/dsh/Documents/work_logs/code/SFUISE/sfuise_ws/install/isas_msgs/share/isas_msgs/hook/cmake_prefix_path.sh'
[1.438s] Level 1:colcon.colcon_core.environment:checking '/home/dsh/Documents/work_logs/code/SFUISE/sfuise_ws/install/isas_msgs/lib'
[1.438s] Level 1:colcon.colcon_core.shell:create_environment_hook('isas_msgs', 'ld_library_path_lib')
[1.438s] INFO:colcon.colcon_core.shell:Creating environment hook '/home/dsh/Documents/work_logs/code/SFUISE/sfuise_ws/install/isas_msgs/share/isas_msgs/hook/ld_library_path_lib.ps1'
[1.439s] INFO:colcon.colcon_core.shell:Creating environment descriptor '/home/dsh/Documents/work_logs/code/SFUISE/sfuise_ws/install/isas_msgs/share/isas_msgs/hook/ld_library_path_lib.dsv'
[1.439s] INFO:colcon.colcon_core.shell:Creating environment hook '/home/dsh/Documents/work_logs/code/SFUISE/sfuise_ws/install/isas_msgs/share/isas_msgs/hook/ld_library_path_lib.sh'
[1.440s] Level 1:colcon.colcon_core.environment:checking '/home/dsh/Documents/work_logs/code/SFUISE/sfuise_ws/install/isas_msgs/bin'
[1.440s] Level 1:colcon.colcon_core.environment:checking '/home/dsh/Documents/work_logs/code/SFUISE/sfuise_ws/install/isas_msgs/lib/pkgconfig/isas_msgs.pc'
[1.441s] Level 1:colcon.colcon_core.environment:checking '/home/dsh/Documents/work_logs/code/SFUISE/sfuise_ws/install/isas_msgs/lib/python3.10/site-packages'
[1.441s] Level 1:colcon.colcon_core.environment:checking '/home/dsh/Documents/work_logs/code/SFUISE/sfuise_ws/install/isas_msgs/bin'
[1.441s] INFO:colcon.colcon_core.shell:Creating package script '/home/dsh/Documents/work_logs/code/SFUISE/sfuise_ws/install/isas_msgs/share/isas_msgs/package.ps1'
[1.442s] INFO:colcon.colcon_core.shell:Creating package descriptor '/home/dsh/Documents/work_logs/code/SFUISE/sfuise_ws/install/isas_msgs/share/isas_msgs/package.dsv'
[1.443s] INFO:colcon.colcon_core.shell:Creating package script '/home/dsh/Documents/work_logs/code/SFUISE/sfuise_ws/install/isas_msgs/share/isas_msgs/package.sh'
[1.444s] INFO:colcon.colcon_core.shell:Creating package script '/home/dsh/Documents/work_logs/code/SFUISE/sfuise_ws/install/isas_msgs/share/isas_msgs/package.bash'
[1.444s] INFO:colcon.colcon_core.shell:Creating package script '/home/dsh/Documents/work_logs/code/SFUISE/sfuise_ws/install/isas_msgs/share/isas_msgs/package.zsh'
[1.445s] Level 1:colcon.colcon_core.environment:create_file_with_runtime_dependencies(/home/dsh/Documents/work_logs/code/SFUISE/sfuise_ws/install/isas_msgs/share/colcon-core/packages/isas_msgs)
[1.447s] Level 1:colcon.colcon_core.environment:create_environment_scripts_only(sfuise_msgs)
[1.448s] Level 1:colcon.colcon_core.environment:checking '/home/dsh/Documents/work_logs/code/SFUISE/sfuise_ws/install/sfuise_msgs' for CMake module files
[1.448s] DEBUG:colcon.colcon_core.event_handler.log_command:Invoked command in '/home/dsh/Documents/work_logs/code/SFUISE/sfuise_ws/build/sfuise_msgs' returned '0': CMAKE_PREFIX_PATH=${CMAKE_PREFIX_PATH}:/opt/ros/humble /usr/bin/cmake --install /home/dsh/Documents/work_logs/code/SFUISE/sfuise_ws/build/sfuise_msgs
[1.449s] Level 1:colcon.colcon_core.environment:checking '/home/dsh/Documents/work_logs/code/SFUISE/sfuise_ws/install/sfuise_msgs' for CMake config files
[1.450s] Level 1:colcon.colcon_core.shell:create_environment_hook('sfuise_msgs', 'cmake_prefix_path')
[1.450s] INFO:colcon.colcon_core.shell:Creating environment hook '/home/dsh/Documents/work_logs/code/SFUISE/sfuise_ws/install/sfuise_msgs/share/sfuise_msgs/hook/cmake_prefix_path.ps1'
[1.451s] INFO:colcon.colcon_core.shell:Creating environment descriptor '/home/dsh/Documents/work_logs/code/SFUISE/sfuise_ws/install/sfuise_msgs/share/sfuise_msgs/hook/cmake_prefix_path.dsv'
[1.451s] INFO:colcon.colcon_core.shell:Creating environment hook '/home/dsh/Documents/work_logs/code/SFUISE/sfuise_ws/install/sfuise_msgs/share/sfuise_msgs/hook/cmake_prefix_path.sh'
[1.452s] Level 1:colcon.colcon_core.environment:checking '/home/dsh/Documents/work_logs/code/SFUISE/sfuise_ws/install/sfuise_msgs/lib'
[1.452s] Level 1:colcon.colcon_core.shell:create_environment_hook('sfuise_msgs', 'ld_library_path_lib')
[1.453s] INFO:colcon.colcon_core.shell:Creating environment hook '/home/dsh/Documents/work_logs/code/SFUISE/sfuise_ws/install/sfuise_msgs/share/sfuise_msgs/hook/ld_library_path_lib.ps1'
[1.454s] INFO:colcon.colcon_core.shell:Creating environment descriptor '/home/dsh/Documents/work_logs/code/SFUISE/sfuise_ws/install/sfuise_msgs/share/sfuise_msgs/hook/ld_library_path_lib.dsv'
[1.454s] INFO:colcon.colcon_core.shell:Creating environment hook '/home/dsh/Documents/work_logs/code/SFUISE/sfuise_ws/install/sfuise_msgs/share/sfuise_msgs/hook/ld_library_path_lib.sh'
[1.455s] Level 1:colcon.colcon_core.environment:checking '/home/dsh/Documents/work_logs/code/SFUISE/sfuise_ws/install/sfuise_msgs/bin'
[1.455s] Level 1:colcon.colcon_core.environment:checking '/home/dsh/Documents/work_logs/code/SFUISE/sfuise_ws/install/sfuise_msgs/lib/pkgconfig/sfuise_msgs.pc'
[1.455s] Level 1:colcon.colcon_core.environment:checking '/home/dsh/Documents/work_logs/code/SFUISE/sfuise_ws/install/sfuise_msgs/lib/python3.10/site-packages'
[1.456s] Level 1:colcon.colcon_core.environment:checking '/home/dsh/Documents/work_logs/code/SFUISE/sfuise_ws/install/sfuise_msgs/bin'
[1.456s] INFO:colcon.colcon_core.shell:Creating package script '/home/dsh/Documents/work_logs/code/SFUISE/sfuise_ws/install/sfuise_msgs/share/sfuise_msgs/package.ps1'
[1.457s] INFO:colcon.colcon_core.shell:Creating package descriptor '/home/dsh/Documents/work_logs/code/SFUISE/sfuise_ws/install/sfuise_msgs/share/sfuise_msgs/package.dsv'
[1.458s] INFO:colcon.colcon_core.shell:Creating package script '/home/dsh/Documents/work_logs/code/SFUISE/sfuise_ws/install/sfuise_msgs/share/sfuise_msgs/package.sh'
[1.458s] INFO:colcon.colcon_core.shell:Creating package script '/home/dsh/Documents/work_logs/code/SFUISE/sfuise_ws/install/sfuise_msgs/share/sfuise_msgs/package.bash'
[1.459s] INFO:colcon.colcon_core.shell:Creating package script '/home/dsh/Documents/work_logs/code/SFUISE/sfuise_ws/install/sfuise_msgs/share/sfuise_msgs/package.zsh'
[1.459s] Level 1:colcon.colcon_core.environment:create_file_with_runtime_dependencies(/home/dsh/Documents/work_logs/code/SFUISE/sfuise_ws/install/sfuise_msgs/share/colcon-core/packages/sfuise_msgs)
[1.460s] Level 1:colcon.colcon_core.environment:create_environment_scripts_only(sfuise_msgs)
[1.460s] Level 1:colcon.colcon_core.environment:checking '/home/dsh/Documents/work_logs/code/SFUISE/sfuise_ws/install/sfuise_msgs' for CMake module files
[1.461s] Level 1:colcon.colcon_core.environment:checking '/home/dsh/Documents/work_logs/code/SFUISE/sfuise_ws/install/sfuise_msgs' for CMake config files
[1.462s] Level 1:colcon.colcon_core.shell:create_environment_hook('sfuise_msgs', 'cmake_prefix_path')
[1.462s] INFO:colcon.colcon_core.shell:Creating environment hook '/home/dsh/Documents/work_logs/code/SFUISE/sfuise_ws/install/sfuise_msgs/share/sfuise_msgs/hook/cmake_prefix_path.ps1'
[1.463s] INFO:colcon.colcon_core.shell:Creating environment descriptor '/home/dsh/Documents/work_logs/code/SFUISE/sfuise_ws/install/sfuise_msgs/share/sfuise_msgs/hook/cmake_prefix_path.dsv'
[1.463s] INFO:colcon.colcon_core.shell:Creating environment hook '/home/dsh/Documents/work_logs/code/SFUISE/sfuise_ws/install/sfuise_msgs/share/sfuise_msgs/hook/cmake_prefix_path.sh'
[1.464s] Level 1:colcon.colcon_core.environment:checking '/home/dsh/Documents/work_logs/code/SFUISE/sfuise_ws/install/sfuise_msgs/lib'
[1.464s] Level 1:colcon.colcon_core.shell:create_environment_hook('sfuise_msgs', 'ld_library_path_lib')
[1.464s] INFO:colcon.colcon_core.shell:Creating environment hook '/home/dsh/Documents/work_logs/code/SFUISE/sfuise_ws/install/sfuise_msgs/share/sfuise_msgs/hook/ld_library_path_lib.ps1'
[1.465s] INFO:colcon.colcon_core.shell:Creating environment descriptor '/home/dsh/Documents/work_logs/code/SFUISE/sfuise_ws/install/sfuise_msgs/share/sfuise_msgs/hook/ld_library_path_lib.dsv'
[1.465s] INFO:colcon.colcon_core.shell:Creating environment hook '/home/dsh/Documents/work_logs/code/SFUISE/sfuise_ws/install/sfuise_msgs/share/sfuise_msgs/hook/ld_library_path_lib.sh'
[1.466s] Level 1:colcon.colcon_core.environment:checking '/home/dsh/Documents/work_logs/code/SFUISE/sfuise_ws/install/sfuise_msgs/bin'
[1.466s] Level 1:colcon.colcon_core.environment:checking '/home/dsh/Documents/work_logs/code/SFUISE/sfuise_ws/install/sfuise_msgs/lib/pkgconfig/sfuise_msgs.pc'
[1.466s] Level 1:colcon.colcon_core.environment:checking '/home/dsh/Documents/work_logs/code/SFUISE/sfuise_ws/install/sfuise_msgs/lib/python3.10/site-packages'
[1.467s] Level 1:colcon.colcon_core.environment:checking '/home/dsh/Documents/work_logs/code/SFUISE/sfuise_ws/install/sfuise_msgs/bin'
[1.467s] INFO:colcon.colcon_core.shell:Creating package script '/home/dsh/Documents/work_logs/code/SFUISE/sfuise_ws/install/sfuise_msgs/share/sfuise_msgs/package.ps1'
[1.468s] INFO:colcon.colcon_core.shell:Creating package descriptor '/home/dsh/Documents/work_logs/code/SFUISE/sfuise_ws/install/sfuise_msgs/share/sfuise_msgs/package.dsv'
[1.469s] INFO:colcon.colcon_core.shell:Creating package script '/home/dsh/Documents/work_logs/code/SFUISE/sfuise_ws/install/sfuise_msgs/share/sfuise_msgs/package.sh'
[1.469s] INFO:colcon.colcon_core.shell:Creating package script '/home/dsh/Documents/work_logs/code/SFUISE/sfuise_ws/install/sfuise_msgs/share/sfuise_msgs/package.bash'
[1.470s] INFO:colcon.colcon_core.shell:Creating package script '/home/dsh/Documents/work_logs/code/SFUISE/sfuise_ws/install/sfuise_msgs/share/sfuise_msgs/package.zsh'
[1.470s] Level 1:colcon.colcon_core.environment:create_file_with_runtime_dependencies(/home/dsh/Documents/work_logs/code/SFUISE/sfuise_ws/install/sfuise_msgs/share/colcon-core/packages/sfuise_msgs)
[1.471s] INFO:colcon.colcon_ros.task.ament_cmake.build:Building ROS package in '/home/dsh/Documents/work_logs/code/SFUISE/sfuise_ws/src/sfuise' with build type 'ament_cmake'
[1.471s] INFO:colcon.colcon_cmake.task.cmake.build:Building CMake package in '/home/dsh/Documents/work_logs/code/SFUISE/sfuise_ws/src/sfuise'
[1.472s] INFO:colcon.colcon_core.shell:Skip shell extension 'powershell' for command environment: Not usable outside of PowerShell
[1.472s] DEBUG:colcon.colcon_core.shell:Skip shell extension 'dsv' for command environment
[1.500s] DEBUG:colcon.colcon_core.event_handler.log_command:Invoking command in '/home/dsh/Documents/work_logs/code/SFUISE/sfuise_ws/build/sfuise': CMAKE_PREFIX_PATH=/home/dsh/Documents/work_logs/code/SFUISE/sfuise_ws/install/sfuise_msgs:/home/dsh/Documents/work_logs/code/SFUISE/sfuise_ws/install/isas_msgs:/home/dsh/Documents/work_logs/code/SFUISE/sfuise_ws/install/cf_msgs:/home/dsh/Documents/work_logs/code/SFUISE/sfuise_ws/install/sfuise:/opt/ros/humble /usr/bin/cmake --build /home/dsh/Documents/work_logs/code/SFUISE/sfuise_ws/build/sfuise -- -j20 -l20
[56.503s] DEBUG:colcon.colcon_core.event_handler.log_command:Invoked command in '/home/dsh/Documents/work_logs/code/SFUISE/sfuise_ws/build/sfuise' returned '0': CMAKE_PREFIX_PATH=/home/dsh/Documents/work_logs/code/SFUISE/sfuise_ws/install/sfuise_msgs:/home/dsh/Documents/work_logs/code/SFUISE/sfuise_ws/install/isas_msgs:/home/dsh/Documents/work_logs/code/SFUISE/sfuise_ws/install/cf_msgs:/home/dsh/Documents/work_logs/code/SFUISE/sfuise_ws/install/sfuise:/opt/ros/humble /usr/bin/cmake --build /home/dsh/Documents/work_logs/code/SFUISE/sfuise_ws/build/sfuise -- -j20 -l20
[56.507s] DEBUG:colcon.colcon_core.event_handler.log_command:Invoking command in '/home/dsh/Documents/work_logs/code/SFUISE/sfuise_ws/build/sfuise': CMAKE_PREFIX_PATH=/home/dsh/Documents/work_logs/code/SFUISE/sfuise_ws/install/sfuise_msgs:/home/dsh/Documents/work_logs/code/SFUISE/sfuise_ws/install/isas_msgs:/home/dsh/Documents/work_logs/code/SFUISE/sfuise_ws/install/cf_msgs:/home/dsh/Documents/work_logs/code/SFUISE/sfuise_ws/install/sfuise:/opt/ros/humble /usr/bin/cmake --install /home/dsh/Documents/work_logs/code/SFUISE/sfuise_ws/build/sfuise
[56.525s] Level 1:colcon.colcon_core.environment:create_environment_scripts_only(sfuise)
[56.526s] Level 1:colcon.colcon_core.environment:checking '/home/dsh/Documents/work_logs/code/SFUISE/sfuise_ws/install/sfuise' for CMake module files
[56.527s] DEBUG:colcon.colcon_core.event_handler.log_command:Invoked command in '/home/dsh/Documents/work_logs/code/SFUISE/sfuise_ws/build/sfuise' returned '0': CMAKE_PREFIX_PATH=/home/dsh/Documents/work_logs/code/SFUISE/sfuise_ws/install/sfuise_msgs:/home/dsh/Documents/work_logs/code/SFUISE/sfuise_ws/install/isas_msgs:/home/dsh/Documents/work_logs/code/SFUISE/sfuise_ws/install/cf_msgs:/home/dsh/Documents/work_logs/code/SFUISE/sfuise_ws/install/sfuise:/opt/ros/humble /usr/bin/cmake --install /home/dsh/Documents/work_logs/code/SFUISE/sfuise_ws/build/sfuise
[56.527s] Level 1:colcon.colcon_core.environment:checking '/home/dsh/Documents/work_logs/code/SFUISE/sfuise_ws/install/sfuise' for CMake config files
[56.528s] Level 1:colcon.colcon_core.shell:create_environment_hook('sfuise', 'cmake_prefix_path')
[56.528s] INFO:colcon.colcon_core.shell:Creating environment hook '/home/dsh/Documents/work_logs/code/SFUISE/sfuise_ws/install/sfuise/share/sfuise/hook/cmake_prefix_path.ps1'
[56.529s] INFO:colcon.colcon_core.shell:Creating environment descriptor '/home/dsh/Documents/work_logs/code/SFUISE/sfuise_ws/install/sfuise/share/sfuise/hook/cmake_prefix_path.dsv'
[56.529s] INFO:colcon.colcon_core.shell:Creating environment hook '/home/dsh/Documents/work_logs/code/SFUISE/sfuise_ws/install/sfuise/share/sfuise/hook/cmake_prefix_path.sh'
[56.530s] Level 1:colcon.colcon_core.environment:checking '/home/dsh/Documents/work_logs/code/SFUISE/sfuise_ws/install/sfuise/lib'
[56.530s] Level 1:colcon.colcon_core.environment:checking '/home/dsh/Documents/work_logs/code/SFUISE/sfuise_ws/install/sfuise/bin'
[56.530s] Level 1:colcon.colcon_core.environment:checking '/home/dsh/Documents/work_logs/code/SFUISE/sfuise_ws/install/sfuise/lib/pkgconfig/sfuise.pc'
[56.531s] Level 1:colcon.colcon_core.environment:checking '/home/dsh/Documents/work_logs/code/SFUISE/sfuise_ws/install/sfuise/lib/python3.10/site-packages'
[56.531s] Level 1:colcon.colcon_core.environment:checking '/home/dsh/Documents/work_logs/code/SFUISE/sfuise_ws/install/sfuise/bin'
[56.532s] INFO:colcon.colcon_core.shell:Creating package script '/home/dsh/Documents/work_logs/code/SFUISE/sfuise_ws/install/sfuise/share/sfuise/package.ps1'
[56.532s] INFO:colcon.colcon_core.shell:Creating package descriptor '/home/dsh/Documents/work_logs/code/SFUISE/sfuise_ws/install/sfuise/share/sfuise/package.dsv'
[56.533s] INFO:colcon.colcon_core.shell:Creating package script '/home/dsh/Documents/work_logs/code/SFUISE/sfuise_ws/install/sfuise/share/sfuise/package.sh'
[56.533s] INFO:colcon.colcon_core.shell:Creating package script '/home/dsh/Documents/work_logs/code/SFUISE/sfuise_ws/install/sfuise/share/sfuise/package.bash'
[56.534s] INFO:colcon.colcon_core.shell:Creating package script '/home/dsh/Documents/work_logs/code/SFUISE/sfuise_ws/install/sfuise/share/sfuise/package.zsh'
[56.534s] Level 1:colcon.colcon_core.environment:create_file_with_runtime_dependencies(/home/dsh/Documents/work_logs/code/SFUISE/sfuise_ws/install/sfuise/share/colcon-core/packages/sfuise)
[56.535s] Level 1:colcon.colcon_core.environment:create_environment_scripts_only(sfuise)
[56.535s] Level 1:colcon.colcon_core.environment:checking '/home/dsh/Documents/work_logs/code/SFUISE/sfuise_ws/install/sfuise' for CMake module files
[56.536s] Level 1:colcon.colcon_core.environment:checking '/home/dsh/Documents/work_logs/code/SFUISE/sfuise_ws/install/sfuise' for CMake config files
[56.536s] Level 1:colcon.colcon_core.shell:create_environment_hook('sfuise', 'cmake_prefix_path')
[56.536s] INFO:colcon.colcon_core.shell:Creating environment hook '/home/dsh/Documents/work_logs/code/SFUISE/sfuise_ws/install/sfuise/share/sfuise/hook/cmake_prefix_path.ps1'
[56.537s] INFO:colcon.colcon_core.shell:Creating environment descriptor '/home/dsh/Documents/work_logs/code/SFUISE/sfuise_ws/install/sfuise/share/sfuise/hook/cmake_prefix_path.dsv'
[56.537s] INFO:colcon.colcon_core.shell:Creating environment hook '/home/dsh/Documents/work_logs/code/SFUISE/sfuise_ws/install/sfuise/share/sfuise/hook/cmake_prefix_path.sh'
[56.538s] Level 1:colcon.colcon_core.environment:checking '/home/dsh/Documents/work_logs/code/SFUISE/sfuise_ws/install/sfuise/lib'
[56.538s] Level 1:colcon.colcon_core.environment:checking '/home/dsh/Documents/work_logs/code/SFUISE/sfuise_ws/install/sfuise/bin'
[56.538s] Level 1:colcon.colcon_core.environment:checking '/home/dsh/Documents/work_logs/code/SFUISE/sfuise_ws/install/sfuise/lib/pkgconfig/sfuise.pc'
[56.539s] Level 1:colcon.colcon_core.environment:checking '/home/dsh/Documents/work_logs/code/SFUISE/sfuise_ws/install/sfuise/lib/python3.10/site-packages'
[56.539s] Level 1:colcon.colcon_core.environment:checking '/home/dsh/Documents/work_logs/code/SFUISE/sfuise_ws/install/sfuise/bin'
[56.539s] INFO:colcon.colcon_core.shell:Creating package script '/home/dsh/Documents/work_logs/code/SFUISE/sfuise_ws/install/sfuise/share/sfuise/package.ps1'
[56.540s] INFO:colcon.colcon_core.shell:Creating package descriptor '/home/dsh/Documents/work_logs/code/SFUISE/sfuise_ws/install/sfuise/share/sfuise/package.dsv'
[56.541s] INFO:colcon.colcon_core.shell:Creating package script '/home/dsh/Documents/work_logs/code/SFUISE/sfuise_ws/install/sfuise/share/sfuise/package.sh'
[56.541s] INFO:colcon.colcon_core.shell:Creating package script '/home/dsh/Documents/work_logs/code/SFUISE/sfuise_ws/install/sfuise/share/sfuise/package.bash'
[56.542s] INFO:colcon.colcon_core.shell:Creating package script '/home/dsh/Documents/work_logs/code/SFUISE/sfuise_ws/install/sfuise/share/sfuise/package.zsh'
[56.543s] Level 1:colcon.colcon_core.environment:create_file_with_runtime_dependencies(/home/dsh/Documents/work_logs/code/SFUISE/sfuise_ws/install/sfuise/share/colcon-core/packages/sfuise)
[56.543s] DEBUG:colcon.colcon_parallel_executor.executor.parallel:closing loop
[56.544s] DEBUG:colcon.colcon_parallel_executor.executor.parallel:loop closed
[56.544s] DEBUG:colcon.colcon_parallel_executor.executor.parallel:run_until_complete finished with '0'
[56.544s] DEBUG:colcon.colcon_core.event_reactor:joining thread
[56.552s] INFO:colcon.colcon_core.plugin_system:Skipping extension 'colcon_notification.desktop_notification.terminal_notifier': Not used on non-Darwin systems
[56.552s] INFO:colcon.colcon_core.plugin_system:Skipping extension 'colcon_notification.desktop_notification.win32': Not used on non-Windows systems
[56.552s] INFO:colcon.colcon_notification.desktop_notification:Sending desktop notification using 'notify2'
[56.578s] DEBUG:colcon.colcon_core.event_reactor:joined thread
[56.578s] INFO:colcon.colcon_core.shell:Creating prefix script '/home/dsh/Documents/work_logs/code/SFUISE/sfuise_ws/install/local_setup.ps1'
[56.580s] INFO:colcon.colcon_core.shell:Creating prefix util module '/home/dsh/Documents/work_logs/code/SFUISE/sfuise_ws/install/_local_setup_util_ps1.py'
[56.582s] INFO:colcon.colcon_core.shell:Creating prefix chain script '/home/dsh/Documents/work_logs/code/SFUISE/sfuise_ws/install/setup.ps1'
[56.583s] INFO:colcon.colcon_core.shell:Creating prefix script '/home/dsh/Documents/work_logs/code/SFUISE/sfuise_ws/install/local_setup.sh'
[56.584s] INFO:colcon.colcon_core.shell:Creating prefix util module '/home/dsh/Documents/work_logs/code/SFUISE/sfuise_ws/install/_local_setup_util_sh.py'
[56.585s] INFO:colcon.colcon_core.shell:Creating prefix chain script '/home/dsh/Documents/work_logs/code/SFUISE/sfuise_ws/install/setup.sh'
[56.587s] INFO:colcon.colcon_core.shell:Creating prefix script '/home/dsh/Documents/work_logs/code/SFUISE/sfuise_ws/install/local_setup.bash'
[56.587s] INFO:colcon.colcon_core.shell:Creating prefix chain script '/home/dsh/Documents/work_logs/code/SFUISE/sfuise_ws/install/setup.bash'
[56.589s] INFO:colcon.colcon_core.shell:Creating prefix script '/home/dsh/Documents/work_logs/code/SFUISE/sfuise_ws/install/local_setup.zsh'
[56.590s] INFO:colcon.colcon_core.shell:Creating prefix chain script '/home/dsh/Documents/work_logs/code/SFUISE/sfuise_ws/install/setup.zsh'
