-- The C compiler identification is GNU 11.4.0
-- The CXX compiler identification is GNU 11.4.0
-- Detecting C compiler ABI info
-- Detecting C compiler ABI info - done
-- Check for working C compiler: /usr/bin/cc - skipped
-- Detecting C compile features
-- Detecting C compile features - done
-- Detecting CXX compiler ABI info
-- Detecting CXX compiler ABI info - done
-- Check for working CXX compiler: /usr/bin/c++ - skipped
-- Detecting CXX compile features
-- Detecting CXX compile features - done
-- Found ament_cmake: 1.3.11 (/opt/ros/humble/share/ament_cmake/cmake)
-- Found Python3: /usr/bin/python3 (found version "3.10.12") found components: Interpreter 
-- Found ament_lint_auto: 0.12.11 (/opt/ros/humble/share/ament_lint_auto/cmake)
-- Found geometry_msgs: 4.2.4 (/opt/ros/humble/share/geometry_msgs/cmake)
-- Found rosidl_generator_c: 3.1.6 (/opt/ros/humble/share/rosidl_generator_c/cmake)
-- Found rosidl_adapter: 3.1.6 (/opt/ros/humble/share/rosidl_adapter/cmake)
-- Found rosidl_generator_cpp: 3.1.6 (/opt/ros/humble/share/rosidl_generator_cpp/cmake)
-- Using all available rosidl_typesupport_c: rosidl_typesupport_fastrtps_c;rosidl_typesupport_introspection_c
-- Using all available rosidl_typesupport_cpp: rosidl_typesupport_fastrtps_cpp;rosidl_typesupport_introspection_cpp
-- Found rosidl_default_generators: 1.2.0 (/opt/ros/humble/share/rosidl_default_generators/cmake)
-- Found ament_cmake_ros: 0.10.0 (/opt/ros/humble/share/ament_cmake_ros/cmake)
-- Using all available rosidl_typesupport_c: rosidl_typesupport_fastrtps_c;rosidl_typesupport_introspection_c
-- Using all available rosidl_typesupport_cpp: rosidl_typesupport_fastrtps_cpp;rosidl_typesupport_introspection_cpp
-- Found PythonInterp: /usr/bin/python3 (found suitable version "3.10.12", minimum required is "3.6") 
-- Found python_cmake_module: 0.10.0 (/opt/ros/humble/share/python_cmake_module/cmake)
-- Found PythonLibs: /usr/lib/x86_64-linux-gnu/libpython3.10.so (found suitable version "3.10.12", minimum required is "3.5") 
-- Using PYTHON_EXECUTABLE: /usr/bin/python3
-- Using PYTHON_INCLUDE_DIRS: /usr/include/python3.10
-- Using PYTHON_LIBRARIES: /usr/lib/x86_64-linux-gnu/libpython3.10.so
-- Found PythonExtra: .so  
-- Added test 'lint_cmake' to check CMake code style
-- Added test 'xmllint' to check XML markup files
-- Configuring done
-- Generating done
-- Build files have been written to: /home/dsh/Documents/work_logs/code/SFUISE/sfuise_ws/build/isas_msgs
[  1%] [34m[1mGenerating C code for ROS interfaces[0m
[  3%] [34m[1mGenerating C++ code for ROS interfaces[0m
[  3%] Built target ament_cmake_python_copy_isas_msgs
running egg_info
creating isas_msgs.egg-info
writing isas_msgs.egg-info/PKG-INFO
writing dependency_links to isas_msgs.egg-info/dependency_links.txt
writing top-level names to isas_msgs.egg-info/top_level.txt
writing manifest file 'isas_msgs.egg-info/SOURCES.txt'
reading manifest file 'isas_msgs.egg-info/SOURCES.txt'
writing manifest file 'isas_msgs.egg-info/SOURCES.txt'
[  3%] Built target ament_cmake_python_build_isas_msgs_egg
[  3%] Built target isas_msgs__cpp
[  5%] [32mBuilding C object CMakeFiles/isas_msgs__rosidl_generator_c.dir/rosidl_generator_c/isas_msgs/msg/detail/anchor_position__functions.c.o[0m
[  9%] [32mBuilding C object CMakeFiles/isas_msgs__rosidl_generator_c.dir/rosidl_generator_c/isas_msgs/msg/detail/rtls_range__functions.c.o[0m
[  9%] [32mBuilding C object CMakeFiles/isas_msgs__rosidl_generator_c.dir/rosidl_generator_c/isas_msgs/msg/detail/rtls_stick__functions.c.o[0m
[ 10%] [32mBuilding C object CMakeFiles/isas_msgs__rosidl_generator_c.dir/rosidl_generator_c/isas_msgs/msg/detail/anchorlist__functions.c.o[0m
[ 12%] [34m[1mGenerating C++ type support dispatch for ROS interfaces[0m
[ 14%] [34m[1mGenerating C++ type support for eProsima Fast-RTPS[0m
[ 16%] [34m[1mGenerating C++ introspection for ROS interfaces[0m
In file included from [01m[K/home/dsh/Documents/work_logs/code/SFUISE/sfuise_ws/build/isas_msgs/rosidl_generator_c/isas_msgs/msg/detail/rtls_stick__functions.h:19[m[K,
                 from [01m[K/home/dsh/Documents/work_logs/code/SFUISE/sfuise_ws/build/isas_msgs/rosidl_generator_c/isas_msgs/msg/detail/rtls_stick__functions.c:4[m[K:
[01m[K/home/dsh/Documents/work_logs/code/SFUISE/sfuise_ws/build/isas_msgs/rosidl_generator_c/isas_msgs/msg/detail/rtls_stick__struct.h:22:10:[m[K [01;31m[Kfatal error: [m[Kisas_msgs/msg/detail/header__struct.h: No such file or directory
   22 | #include [01;31m[K"isas_msgs/msg/detail/header__struct.h"[m[K
      |          [01;31m[K^~~~~~~~~~~~~~~~~~~~~~~~~~~~~~~~~~~~~~~[m[K
compilation terminated.
gmake[2]: *** [CMakeFiles/isas_msgs__rosidl_generator_c.dir/build.make:255: CMakeFiles/isas_msgs__rosidl_generator_c.dir/rosidl_generator_c/isas_msgs/msg/detail/rtls_stick__functions.c.o] Error 1
gmake[2]: *** Waiting for unfinished jobs....
gmake[1]: *** [CMakeFiles/Makefile2:213: CMakeFiles/isas_msgs__rosidl_generator_c.dir/all] Error 2
gmake[1]: *** Waiting for unfinished jobs....
[ 18%] [32mBuilding CXX object CMakeFiles/isas_msgs__rosidl_typesupport_cpp.dir/rosidl_typesupport_cpp/isas_msgs/msg/anchorlist__type_support.cpp.o[0m
[ 20%] [32mBuilding CXX object CMakeFiles/isas_msgs__rosidl_typesupport_cpp.dir/rosidl_typesupport_cpp/isas_msgs/msg/rtls_stick__type_support.cpp.o[0m
[ 21%] [32mBuilding CXX object CMakeFiles/isas_msgs__rosidl_typesupport_cpp.dir/rosidl_typesupport_cpp/isas_msgs/msg/anchor_position__type_support.cpp.o[0m
[ 23%] [32mBuilding CXX object CMakeFiles/isas_msgs__rosidl_typesupport_cpp.dir/rosidl_typesupport_cpp/isas_msgs/msg/rtls_range__type_support.cpp.o[0m
[ 25%] [32mBuilding CXX object CMakeFiles/isas_msgs__rosidl_typesupport_introspection_cpp.dir/rosidl_typesupport_introspection_cpp/isas_msgs/msg/detail/anchor_position__type_support.cpp.o[0m
[ 27%] [32mBuilding CXX object CMakeFiles/isas_msgs__rosidl_typesupport_introspection_cpp.dir/rosidl_typesupport_introspection_cpp/isas_msgs/msg/detail/anchorlist__type_support.cpp.o[0m
[ 29%] [32mBuilding CXX object CMakeFiles/isas_msgs__rosidl_typesupport_introspection_cpp.dir/rosidl_typesupport_introspection_cpp/isas_msgs/msg/detail/rtls_stick__type_support.cpp.o[0m
[ 30%] [32mBuilding CXX object CMakeFiles/isas_msgs__rosidl_typesupport_introspection_cpp.dir/rosidl_typesupport_introspection_cpp/isas_msgs/msg/detail/rtls_range__type_support.cpp.o[0m
In file included from [01m[K/home/dsh/Documents/work_logs/code/SFUISE/sfuise_ws/build/isas_msgs/rosidl_typesupport_cpp/isas_msgs/msg/rtls_stick__type_support.cpp:7[m[K:
[01m[K/home/dsh/Documents/work_logs/code/SFUISE/sfuise_ws/build/isas_msgs/rosidl_generator_cpp/isas_msgs/msg/detail/rtls_stick__struct.hpp:20:10:[m[K [01;31m[Kfatal error: [m[Kisas_msgs/msg/detail/header__struct.hpp: No such file or directory
   20 | #include [01;31m[K"isas_msgs/msg/detail/header__struct.hpp"[m[K
      |          [01;31m[K^~~~~~~~~~~~~~~~~~~~~~~~~~~~~~~~~~~~~~~~~[m[K
compilation terminated.
gmake[2]: *** [CMakeFiles/isas_msgs__rosidl_typesupport_cpp.dir/build.make:200: CMakeFiles/isas_msgs__rosidl_typesupport_cpp.dir/rosidl_typesupport_cpp/isas_msgs/msg/rtls_stick__type_support.cpp.o] Error 1
gmake[2]: *** Waiting for unfinished jobs....
[ 32%] [32mBuilding CXX object CMakeFiles/isas_msgs__rosidl_typesupport_fastrtps_cpp.dir/rosidl_typesupport_fastrtps_cpp/isas_msgs/msg/detail/dds_fastrtps/anchorlist__type_support.cpp.o[0m
[ 34%] [32mBuilding CXX object CMakeFiles/isas_msgs__rosidl_typesupport_fastrtps_cpp.dir/rosidl_typesupport_fastrtps_cpp/isas_msgs/msg/detail/dds_fastrtps/rtls_stick__type_support.cpp.o[0m
[ 36%] [32mBuilding CXX object CMakeFiles/isas_msgs__rosidl_typesupport_fastrtps_cpp.dir/rosidl_typesupport_fastrtps_cpp/isas_msgs/msg/detail/dds_fastrtps/anchor_position__type_support.cpp.o[0m
[ 38%] [32mBuilding CXX object CMakeFiles/isas_msgs__rosidl_typesupport_fastrtps_cpp.dir/rosidl_typesupport_fastrtps_cpp/isas_msgs/msg/detail/dds_fastrtps/rtls_range__type_support.cpp.o[0m
In file included from [01m[K/home/dsh/Documents/work_logs/code/SFUISE/sfuise_ws/build/isas_msgs/rosidl_typesupport_introspection_cpp/isas_msgs/msg/detail/rtls_stick__type_support.cpp:12[m[K:
[01m[K/home/dsh/Documents/work_logs/code/SFUISE/sfuise_ws/build/isas_msgs/rosidl_generator_cpp/isas_msgs/msg/detail/rtls_stick__struct.hpp:20:10:[m[K [01;31m[Kfatal error: [m[Kisas_msgs/msg/detail/header__struct.hpp: No such file or directory
   20 | #include [01;31m[K"isas_msgs/msg/detail/header__struct.hpp"[m[K
      |          [01;31m[K^~~~~~~~~~~~~~~~~~~~~~~~~~~~~~~~~~~~~~~~~[m[K
compilation terminated.
gmake[2]: *** [CMakeFiles/isas_msgs__rosidl_typesupport_introspection_cpp.dir/build.make:214: CMakeFiles/isas_msgs__rosidl_typesupport_introspection_cpp.dir/rosidl_typesupport_introspection_cpp/isas_msgs/msg/detail/rtls_stick__type_support.cpp.o] Error 1
gmake[2]: *** Waiting for unfinished jobs....
In file included from [01m[K/home/dsh/Documents/work_logs/code/SFUISE/sfuise_ws/build/isas_msgs/rosidl_typesupport_fastrtps_cpp/isas_msgs/msg/detail/rtls_stick__rosidl_typesupport_fastrtps_cpp.hpp:11[m[K,
                 from [01m[K/home/dsh/Documents/work_logs/code/SFUISE/sfuise_ws/build/isas_msgs/rosidl_typesupport_fastrtps_cpp/isas_msgs/msg/detail/dds_fastrtps/rtls_stick__type_support.cpp:4[m[K:
[01m[K/home/dsh/Documents/work_logs/code/SFUISE/sfuise_ws/build/isas_msgs/rosidl_generator_cpp/isas_msgs/msg/detail/rtls_stick__struct.hpp:20:10:[m[K [01;31m[Kfatal error: [m[Kisas_msgs/msg/detail/header__struct.hpp: No such file or directory
   20 | #include [01;31m[K"isas_msgs/msg/detail/header__struct.hpp"[m[K
      |          [01;31m[K^~~~~~~~~~~~~~~~~~~~~~~~~~~~~~~~~~~~~~~~~[m[K
compilation terminated.
gmake[2]: *** [CMakeFiles/isas_msgs__rosidl_typesupport_fastrtps_cpp.dir/build.make:214: CMakeFiles/isas_msgs__rosidl_typesupport_fastrtps_cpp.dir/rosidl_typesupport_fastrtps_cpp/isas_msgs/msg/detail/dds_fastrtps/rtls_stick__type_support.cpp.o] Error 1
gmake[2]: *** Waiting for unfinished jobs....
gmake[1]: *** [CMakeFiles/Makefile2:395: CMakeFiles/isas_msgs__rosidl_typesupport_cpp.dir/all] Error 2
gmake[1]: *** [CMakeFiles/Makefile2:369: CMakeFiles/isas_msgs__rosidl_typesupport_introspection_cpp.dir/all] Error 2
gmake[1]: *** [CMakeFiles/Makefile2:291: CMakeFiles/isas_msgs__rosidl_typesupport_fastrtps_cpp.dir/all] Error 2
gmake: *** [Makefile:146: all] Error 2
