[0.102s] DEBUG:colcon:Command line arguments: ['/usr/bin/colcon', 'build']
[0.102s] DEBUG:colcon:Parsed command line arguments: Namespace(log_base=None, log_level=None, verb_name='build', build_base='build', install_base='install', merge_install=False, symlink_install=False, test_result_base=None, continue_on_error=False, executor='parallel', parallel_workers=20, event_handlers=None, ignore_user_meta=False, metas=['./colcon.meta'], base_paths=['.'], packages_ignore=None, packages_ignore_regex=None, paths=None, packages_up_to=None, packages_up_to_regex=None, packages_above=None, packages_above_and_dependencies=None, packages_above_depth=None, packages_select_by_dep=None, packages_skip_by_dep=None, packages_skip_up_to=None, packages_select_build_failed=False, packages_skip_build_finished=False, packages_select_test_failures=False, packages_skip_test_passed=False, packages_select=None, packages_skip=None, packages_select_regex=None, packages_skip_regex=None, packages_start=None, packages_end=None, allow_overriding=[], cmake_args=None, cmake_target=None, cmake_target_skip_unavailable=False, cmake_clean_cache=False, cmake_clean_first=False, cmake_force_configure=False, ament_cmake_args=None, catkin_cmake_args=None, catkin_skip_building_tests=False, verb_parser=<colcon_defaults.argument_parser.defaults.DefaultArgumentsDecorator object at 0x7f669b318e50>, verb_extension=<colcon_core.verb.build.BuildVerb object at 0x7f669b318940>, main=<bound method BuildVerb.main of <colcon_core.verb.build.BuildVerb object at 0x7f669b318940>>)
[0.284s] Level 1:colcon.colcon_core.package_discovery:discover_packages(colcon_meta) check parameters
[0.284s] Level 1:colcon.colcon_core.package_discovery:discover_packages(recursive) check parameters
[0.284s] Level 1:colcon.colcon_core.package_discovery:discover_packages(ignore) check parameters
[0.284s] Level 1:colcon.colcon_core.package_discovery:discover_packages(path) check parameters
[0.284s] Level 1:colcon.colcon_core.package_discovery:discover_packages(colcon_meta) discover
[0.284s] Level 1:colcon.colcon_core.package_discovery:discover_packages(recursive) discover
[0.285s] INFO:colcon.colcon_core.package_discovery:Crawling recursively for packages in '/home/dsh/Documents/work_logs/code/SFUISE/sfuise_ws'
[0.285s] Level 1:colcon.colcon_core.package_identification:_identify(.) by extensions ['ignore', 'ignore_ament_install']
[0.285s] Level 1:colcon.colcon_core.package_identification:_identify(.) by extension 'ignore'
[0.285s] Level 1:colcon.colcon_core.package_identification:_identify(.) by extension 'ignore_ament_install'
[0.285s] Level 1:colcon.colcon_core.package_identification:_identify(.) by extensions ['colcon_pkg']
[0.285s] Level 1:colcon.colcon_core.package_identification:_identify(.) by extension 'colcon_pkg'
[0.285s] Level 1:colcon.colcon_core.package_identification:_identify(.) by extensions ['colcon_meta']
[0.285s] Level 1:colcon.colcon_core.package_identification:_identify(.) by extension 'colcon_meta'
[0.285s] Level 1:colcon.colcon_core.package_identification:_identify(.) by extensions ['ros']
[0.285s] Level 1:colcon.colcon_core.package_identification:_identify(.) by extension 'ros'
[0.300s] Level 1:colcon.colcon_core.package_identification:_identify(.) by extensions ['cmake', 'python']
[0.301s] Level 1:colcon.colcon_core.package_identification:_identify(.) by extension 'cmake'
[0.301s] Level 1:colcon.colcon_core.package_identification:_identify(.) by extension 'python'
[0.301s] Level 1:colcon.colcon_core.package_identification:_identify(.) by extensions ['python_setup_py']
[0.301s] Level 1:colcon.colcon_core.package_identification:_identify(.) by extension 'python_setup_py'
[0.301s] Level 1:colcon.colcon_core.package_identification:_identify(build) by extensions ['ignore', 'ignore_ament_install']
[0.301s] Level 1:colcon.colcon_core.package_identification:_identify(build) by extension 'ignore'
[0.301s] Level 1:colcon.colcon_core.package_identification:_identify(build) ignored
[0.301s] Level 1:colcon.colcon_core.package_identification:_identify(install) by extensions ['ignore', 'ignore_ament_install']
[0.301s] Level 1:colcon.colcon_core.package_identification:_identify(install) by extension 'ignore'
[0.301s] Level 1:colcon.colcon_core.package_identification:_identify(install) ignored
[0.301s] Level 1:colcon.colcon_core.package_identification:_identify(log) by extensions ['ignore', 'ignore_ament_install']
[0.302s] Level 1:colcon.colcon_core.package_identification:_identify(log) by extension 'ignore'
[0.302s] Level 1:colcon.colcon_core.package_identification:_identify(log) ignored
[0.302s] Level 1:colcon.colcon_core.package_identification:_identify(src) by extensions ['ignore', 'ignore_ament_install']
[0.302s] Level 1:colcon.colcon_core.package_identification:_identify(src) by extension 'ignore'
[0.302s] Level 1:colcon.colcon_core.package_identification:_identify(src) by extension 'ignore_ament_install'
[0.302s] Level 1:colcon.colcon_core.package_identification:_identify(src) by extensions ['colcon_pkg']
[0.302s] Level 1:colcon.colcon_core.package_identification:_identify(src) by extension 'colcon_pkg'
[0.302s] Level 1:colcon.colcon_core.package_identification:_identify(src) by extensions ['colcon_meta']
[0.302s] Level 1:colcon.colcon_core.package_identification:_identify(src) by extension 'colcon_meta'
[0.302s] Level 1:colcon.colcon_core.package_identification:_identify(src) by extensions ['ros']
[0.302s] Level 1:colcon.colcon_core.package_identification:_identify(src) by extension 'ros'
[0.302s] Level 1:colcon.colcon_core.package_identification:_identify(src) by extensions ['cmake', 'python']
[0.302s] Level 1:colcon.colcon_core.package_identification:_identify(src) by extension 'cmake'
[0.302s] Level 1:colcon.colcon_core.package_identification:_identify(src) by extension 'python'
[0.302s] Level 1:colcon.colcon_core.package_identification:_identify(src) by extensions ['python_setup_py']
[0.302s] Level 1:colcon.colcon_core.package_identification:_identify(src) by extension 'python_setup_py'
[0.302s] Level 1:colcon.colcon_core.package_identification:_identify(src/cf_msgs) by extensions ['ignore', 'ignore_ament_install']
[0.302s] Level 1:colcon.colcon_core.package_identification:_identify(src/cf_msgs) by extension 'ignore'
[0.303s] Level 1:colcon.colcon_core.package_identification:_identify(src/cf_msgs) by extension 'ignore_ament_install'
[0.303s] Level 1:colcon.colcon_core.package_identification:_identify(src/cf_msgs) by extensions ['colcon_pkg']
[0.303s] Level 1:colcon.colcon_core.package_identification:_identify(src/cf_msgs) by extension 'colcon_pkg'
[0.303s] Level 1:colcon.colcon_core.package_identification:_identify(src/cf_msgs) by extensions ['colcon_meta']
[0.303s] Level 1:colcon.colcon_core.package_identification:_identify(src/cf_msgs) by extension 'colcon_meta'
[0.303s] Level 1:colcon.colcon_core.package_identification:_identify(src/cf_msgs) by extensions ['ros']
[0.303s] Level 1:colcon.colcon_core.package_identification:_identify(src/cf_msgs) by extension 'ros'
[0.306s] DEBUG:colcon.colcon_core.package_identification:Package 'src/cf_msgs' with type 'ros.ament_cmake' and name 'cf_msgs'
[0.306s] Level 1:colcon.colcon_core.package_identification:_identify(src/dataset) by extensions ['ignore', 'ignore_ament_install']
[0.306s] Level 1:colcon.colcon_core.package_identification:_identify(src/dataset) by extension 'ignore'
[0.306s] Level 1:colcon.colcon_core.package_identification:_identify(src/dataset) by extension 'ignore_ament_install'
[0.306s] Level 1:colcon.colcon_core.package_identification:_identify(src/dataset) by extensions ['colcon_pkg']
[0.306s] Level 1:colcon.colcon_core.package_identification:_identify(src/dataset) by extension 'colcon_pkg'
[0.306s] Level 1:colcon.colcon_core.package_identification:_identify(src/dataset) by extensions ['colcon_meta']
[0.306s] Level 1:colcon.colcon_core.package_identification:_identify(src/dataset) by extension 'colcon_meta'
[0.306s] Level 1:colcon.colcon_core.package_identification:_identify(src/dataset) by extensions ['ros']
[0.306s] Level 1:colcon.colcon_core.package_identification:_identify(src/dataset) by extension 'ros'
[0.307s] Level 1:colcon.colcon_core.package_identification:_identify(src/dataset) by extensions ['cmake', 'python']
[0.307s] Level 1:colcon.colcon_core.package_identification:_identify(src/dataset) by extension 'cmake'
[0.307s] Level 1:colcon.colcon_core.package_identification:_identify(src/dataset) by extension 'python'
[0.307s] Level 1:colcon.colcon_core.package_identification:_identify(src/dataset) by extensions ['python_setup_py']
[0.307s] Level 1:colcon.colcon_core.package_identification:_identify(src/dataset) by extension 'python_setup_py'
[0.307s] Level 1:colcon.colcon_core.package_identification:_identify(src/dataset/ros2-walk1) by extensions ['ignore', 'ignore_ament_install']
[0.307s] Level 1:colcon.colcon_core.package_identification:_identify(src/dataset/ros2-walk1) by extension 'ignore'
[0.307s] Level 1:colcon.colcon_core.package_identification:_identify(src/dataset/ros2-walk1) by extension 'ignore_ament_install'
[0.307s] Level 1:colcon.colcon_core.package_identification:_identify(src/dataset/ros2-walk1) by extensions ['colcon_pkg']
[0.307s] Level 1:colcon.colcon_core.package_identification:_identify(src/dataset/ros2-walk1) by extension 'colcon_pkg'
[0.307s] Level 1:colcon.colcon_core.package_identification:_identify(src/dataset/ros2-walk1) by extensions ['colcon_meta']
[0.307s] Level 1:colcon.colcon_core.package_identification:_identify(src/dataset/ros2-walk1) by extension 'colcon_meta'
[0.307s] Level 1:colcon.colcon_core.package_identification:_identify(src/dataset/ros2-walk1) by extensions ['ros']
[0.307s] Level 1:colcon.colcon_core.package_identification:_identify(src/dataset/ros2-walk1) by extension 'ros'
[0.307s] Level 1:colcon.colcon_core.package_identification:_identify(src/dataset/ros2-walk1) by extensions ['cmake', 'python']
[0.307s] Level 1:colcon.colcon_core.package_identification:_identify(src/dataset/ros2-walk1) by extension 'cmake'
[0.307s] Level 1:colcon.colcon_core.package_identification:_identify(src/dataset/ros2-walk1) by extension 'python'
[0.307s] Level 1:colcon.colcon_core.package_identification:_identify(src/dataset/ros2-walk1) by extensions ['python_setup_py']
[0.307s] Level 1:colcon.colcon_core.package_identification:_identify(src/dataset/ros2-walk1) by extension 'python_setup_py'
[0.308s] Level 1:colcon.colcon_core.package_identification:_identify(src/dataset/ros2-walk2) by extensions ['ignore', 'ignore_ament_install']
[0.308s] Level 1:colcon.colcon_core.package_identification:_identify(src/dataset/ros2-walk2) by extension 'ignore'
[0.308s] Level 1:colcon.colcon_core.package_identification:_identify(src/dataset/ros2-walk2) by extension 'ignore_ament_install'
[0.308s] Level 1:colcon.colcon_core.package_identification:_identify(src/dataset/ros2-walk2) by extensions ['colcon_pkg']
[0.308s] Level 1:colcon.colcon_core.package_identification:_identify(src/dataset/ros2-walk2) by extension 'colcon_pkg'
[0.308s] Level 1:colcon.colcon_core.package_identification:_identify(src/dataset/ros2-walk2) by extensions ['colcon_meta']
[0.308s] Level 1:colcon.colcon_core.package_identification:_identify(src/dataset/ros2-walk2) by extension 'colcon_meta'
[0.308s] Level 1:colcon.colcon_core.package_identification:_identify(src/dataset/ros2-walk2) by extensions ['ros']
[0.308s] Level 1:colcon.colcon_core.package_identification:_identify(src/dataset/ros2-walk2) by extension 'ros'
[0.308s] Level 1:colcon.colcon_core.package_identification:_identify(src/dataset/ros2-walk2) by extensions ['cmake', 'python']
[0.308s] Level 1:colcon.colcon_core.package_identification:_identify(src/dataset/ros2-walk2) by extension 'cmake'
[0.308s] Level 1:colcon.colcon_core.package_identification:_identify(src/dataset/ros2-walk2) by extension 'python'
[0.308s] Level 1:colcon.colcon_core.package_identification:_identify(src/dataset/ros2-walk2) by extensions ['python_setup_py']
[0.308s] Level 1:colcon.colcon_core.package_identification:_identify(src/dataset/ros2-walk2) by extension 'python_setup_py'
[0.308s] Level 1:colcon.colcon_core.package_identification:_identify(src/dataset/ros2-walk3) by extensions ['ignore', 'ignore_ament_install']
[0.308s] Level 1:colcon.colcon_core.package_identification:_identify(src/dataset/ros2-walk3) by extension 'ignore'
[0.308s] Level 1:colcon.colcon_core.package_identification:_identify(src/dataset/ros2-walk3) by extension 'ignore_ament_install'
[0.308s] Level 1:colcon.colcon_core.package_identification:_identify(src/dataset/ros2-walk3) by extensions ['colcon_pkg']
[0.308s] Level 1:colcon.colcon_core.package_identification:_identify(src/dataset/ros2-walk3) by extension 'colcon_pkg'
[0.309s] Level 1:colcon.colcon_core.package_identification:_identify(src/dataset/ros2-walk3) by extensions ['colcon_meta']
[0.309s] Level 1:colcon.colcon_core.package_identification:_identify(src/dataset/ros2-walk3) by extension 'colcon_meta'
[0.309s] Level 1:colcon.colcon_core.package_identification:_identify(src/dataset/ros2-walk3) by extensions ['ros']
[0.309s] Level 1:colcon.colcon_core.package_identification:_identify(src/dataset/ros2-walk3) by extension 'ros'
[0.309s] Level 1:colcon.colcon_core.package_identification:_identify(src/dataset/ros2-walk3) by extensions ['cmake', 'python']
[0.309s] Level 1:colcon.colcon_core.package_identification:_identify(src/dataset/ros2-walk3) by extension 'cmake'
[0.309s] Level 1:colcon.colcon_core.package_identification:_identify(src/dataset/ros2-walk3) by extension 'python'
[0.309s] Level 1:colcon.colcon_core.package_identification:_identify(src/dataset/ros2-walk3) by extensions ['python_setup_py']
[0.309s] Level 1:colcon.colcon_core.package_identification:_identify(src/dataset/ros2-walk3) by extension 'python_setup_py'
[0.309s] Level 1:colcon.colcon_core.package_identification:_identify(src/isas_msgs) by extensions ['ignore', 'ignore_ament_install']
[0.309s] Level 1:colcon.colcon_core.package_identification:_identify(src/isas_msgs) by extension 'ignore'
[0.309s] Level 1:colcon.colcon_core.package_identification:_identify(src/isas_msgs) by extension 'ignore_ament_install'
[0.309s] Level 1:colcon.colcon_core.package_identification:_identify(src/isas_msgs) by extensions ['colcon_pkg']
[0.309s] Level 1:colcon.colcon_core.package_identification:_identify(src/isas_msgs) by extension 'colcon_pkg'
[0.309s] Level 1:colcon.colcon_core.package_identification:_identify(src/isas_msgs) by extensions ['colcon_meta']
[0.309s] Level 1:colcon.colcon_core.package_identification:_identify(src/isas_msgs) by extension 'colcon_meta'
[0.309s] Level 1:colcon.colcon_core.package_identification:_identify(src/isas_msgs) by extensions ['ros']
[0.309s] Level 1:colcon.colcon_core.package_identification:_identify(src/isas_msgs) by extension 'ros'
[0.311s] DEBUG:colcon.colcon_core.package_identification:Package 'src/isas_msgs' with type 'ros.ament_cmake' and name 'isas_msgs'
[0.311s] Level 1:colcon.colcon_core.package_identification:_identify(src/sfuise) by extensions ['ignore', 'ignore_ament_install']
[0.311s] Level 1:colcon.colcon_core.package_identification:_identify(src/sfuise) by extension 'ignore'
[0.311s] Level 1:colcon.colcon_core.package_identification:_identify(src/sfuise) by extension 'ignore_ament_install'
[0.311s] Level 1:colcon.colcon_core.package_identification:_identify(src/sfuise) by extensions ['colcon_pkg']
[0.311s] Level 1:colcon.colcon_core.package_identification:_identify(src/sfuise) by extension 'colcon_pkg'
[0.311s] Level 1:colcon.colcon_core.package_identification:_identify(src/sfuise) by extensions ['colcon_meta']
[0.311s] Level 1:colcon.colcon_core.package_identification:_identify(src/sfuise) by extension 'colcon_meta'
[0.311s] Level 1:colcon.colcon_core.package_identification:_identify(src/sfuise) by extensions ['ros']
[0.311s] Level 1:colcon.colcon_core.package_identification:_identify(src/sfuise) by extension 'ros'
[0.313s] DEBUG:colcon.colcon_core.package_identification:Package 'src/sfuise' with type 'ros.ament_cmake' and name 'sfuise'
[0.314s] Level 1:colcon.colcon_core.package_identification:_identify(src/sfuise_msgs) by extensions ['ignore', 'ignore_ament_install']
[0.314s] Level 1:colcon.colcon_core.package_identification:_identify(src/sfuise_msgs) by extension 'ignore'
[0.314s] Level 1:colcon.colcon_core.package_identification:_identify(src/sfuise_msgs) by extension 'ignore_ament_install'
[0.314s] Level 1:colcon.colcon_core.package_identification:_identify(src/sfuise_msgs) by extensions ['colcon_pkg']
[0.314s] Level 1:colcon.colcon_core.package_identification:_identify(src/sfuise_msgs) by extension 'colcon_pkg'
[0.314s] Level 1:colcon.colcon_core.package_identification:_identify(src/sfuise_msgs) by extensions ['colcon_meta']
[0.314s] Level 1:colcon.colcon_core.package_identification:_identify(src/sfuise_msgs) by extension 'colcon_meta'
[0.314s] Level 1:colcon.colcon_core.package_identification:_identify(src/sfuise_msgs) by extensions ['ros']
[0.314s] Level 1:colcon.colcon_core.package_identification:_identify(src/sfuise_msgs) by extension 'ros'
[0.316s] DEBUG:colcon.colcon_core.package_identification:Package 'src/sfuise_msgs' with type 'ros.ament_cmake' and name 'sfuise_msgs'
[0.316s] Level 1:colcon.colcon_core.package_discovery:discover_packages(recursive) using defaults
[0.316s] Level 1:colcon.colcon_core.package_discovery:discover_packages(ignore) discover
[0.316s] Level 1:colcon.colcon_core.package_discovery:discover_packages(ignore) using defaults
[0.316s] Level 1:colcon.colcon_core.package_discovery:discover_packages(path) discover
[0.316s] Level 1:colcon.colcon_core.package_discovery:discover_packages(path) using defaults
[0.365s] Level 1:colcon.colcon_core.package_discovery:discover_packages(prefix_path) check parameters
[0.365s] Level 1:colcon.colcon_core.package_discovery:discover_packages(prefix_path) discover
[0.368s] DEBUG:colcon.colcon_installed_package_information.package_discovery:Found 4 installed packages in /home/dsh/Documents/work_logs/code/SFUISE/sfuise_ws/install
[0.370s] DEBUG:colcon.colcon_installed_package_information.package_discovery:Found 362 installed packages in /opt/ros/humble
[0.373s] Level 1:colcon.colcon_core.package_discovery:discover_packages(prefix_path) using defaults
[0.442s] Level 5:colcon.colcon_core.verb:set package 'cf_msgs' build argument 'cmake_args' from command line to 'None'
[0.443s] Level 5:colcon.colcon_core.verb:set package 'cf_msgs' build argument 'cmake_target' from command line to 'None'
[0.443s] Level 5:colcon.colcon_core.verb:set package 'cf_msgs' build argument 'cmake_target_skip_unavailable' from command line to 'False'
[0.443s] Level 5:colcon.colcon_core.verb:set package 'cf_msgs' build argument 'cmake_clean_cache' from command line to 'False'
[0.443s] Level 5:colcon.colcon_core.verb:set package 'cf_msgs' build argument 'cmake_clean_first' from command line to 'False'
[0.443s] Level 5:colcon.colcon_core.verb:set package 'cf_msgs' build argument 'cmake_force_configure' from command line to 'False'
[0.443s] Level 5:colcon.colcon_core.verb:set package 'cf_msgs' build argument 'ament_cmake_args' from command line to 'None'
[0.443s] Level 5:colcon.colcon_core.verb:set package 'cf_msgs' build argument 'catkin_cmake_args' from command line to 'None'
[0.443s] Level 5:colcon.colcon_core.verb:set package 'cf_msgs' build argument 'catkin_skip_building_tests' from command line to 'False'
[0.443s] DEBUG:colcon.colcon_core.verb:Building package 'cf_msgs' with the following arguments: {'ament_cmake_args': None, 'build_base': '/home/dsh/Documents/work_logs/code/SFUISE/sfuise_ws/build/cf_msgs', 'catkin_cmake_args': None, 'catkin_skip_building_tests': False, 'cmake_args': None, 'cmake_clean_cache': False, 'cmake_clean_first': False, 'cmake_force_configure': False, 'cmake_target': None, 'cmake_target_skip_unavailable': False, 'install_base': '/home/dsh/Documents/work_logs/code/SFUISE/sfuise_ws/install/cf_msgs', 'merge_install': False, 'path': '/home/dsh/Documents/work_logs/code/SFUISE/sfuise_ws/src/cf_msgs', 'symlink_install': False, 'test_result_base': None}
[0.444s] Level 5:colcon.colcon_core.verb:set package 'isas_msgs' build argument 'cmake_args' from command line to 'None'
[0.444s] Level 5:colcon.colcon_core.verb:set package 'isas_msgs' build argument 'cmake_target' from command line to 'None'
[0.444s] Level 5:colcon.colcon_core.verb:set package 'isas_msgs' build argument 'cmake_target_skip_unavailable' from command line to 'False'
[0.444s] Level 5:colcon.colcon_core.verb:set package 'isas_msgs' build argument 'cmake_clean_cache' from command line to 'False'
[0.444s] Level 5:colcon.colcon_core.verb:set package 'isas_msgs' build argument 'cmake_clean_first' from command line to 'False'
[0.444s] Level 5:colcon.colcon_core.verb:set package 'isas_msgs' build argument 'cmake_force_configure' from command line to 'False'
[0.444s] Level 5:colcon.colcon_core.verb:set package 'isas_msgs' build argument 'ament_cmake_args' from command line to 'None'
[0.444s] Level 5:colcon.colcon_core.verb:set package 'isas_msgs' build argument 'catkin_cmake_args' from command line to 'None'
[0.444s] Level 5:colcon.colcon_core.verb:set package 'isas_msgs' build argument 'catkin_skip_building_tests' from command line to 'False'
[0.444s] DEBUG:colcon.colcon_core.verb:Building package 'isas_msgs' with the following arguments: {'ament_cmake_args': None, 'build_base': '/home/dsh/Documents/work_logs/code/SFUISE/sfuise_ws/build/isas_msgs', 'catkin_cmake_args': None, 'catkin_skip_building_tests': False, 'cmake_args': None, 'cmake_clean_cache': False, 'cmake_clean_first': False, 'cmake_force_configure': False, 'cmake_target': None, 'cmake_target_skip_unavailable': False, 'install_base': '/home/dsh/Documents/work_logs/code/SFUISE/sfuise_ws/install/isas_msgs', 'merge_install': False, 'path': '/home/dsh/Documents/work_logs/code/SFUISE/sfuise_ws/src/isas_msgs', 'symlink_install': False, 'test_result_base': None}
[0.444s] Level 5:colcon.colcon_core.verb:set package 'sfuise_msgs' build argument 'cmake_args' from command line to 'None'
[0.444s] Level 5:colcon.colcon_core.verb:set package 'sfuise_msgs' build argument 'cmake_target' from command line to 'None'
[0.444s] Level 5:colcon.colcon_core.verb:set package 'sfuise_msgs' build argument 'cmake_target_skip_unavailable' from command line to 'False'
[0.444s] Level 5:colcon.colcon_core.verb:set package 'sfuise_msgs' build argument 'cmake_clean_cache' from command line to 'False'
[0.444s] Level 5:colcon.colcon_core.verb:set package 'sfuise_msgs' build argument 'cmake_clean_first' from command line to 'False'
[0.444s] Level 5:colcon.colcon_core.verb:set package 'sfuise_msgs' build argument 'cmake_force_configure' from command line to 'False'
[0.445s] Level 5:colcon.colcon_core.verb:set package 'sfuise_msgs' build argument 'ament_cmake_args' from command line to 'None'
[0.445s] Level 5:colcon.colcon_core.verb:set package 'sfuise_msgs' build argument 'catkin_cmake_args' from command line to 'None'
[0.445s] Level 5:colcon.colcon_core.verb:set package 'sfuise_msgs' build argument 'catkin_skip_building_tests' from command line to 'False'
[0.445s] DEBUG:colcon.colcon_core.verb:Building package 'sfuise_msgs' with the following arguments: {'ament_cmake_args': None, 'build_base': '/home/dsh/Documents/work_logs/code/SFUISE/sfuise_ws/build/sfuise_msgs', 'catkin_cmake_args': None, 'catkin_skip_building_tests': False, 'cmake_args': None, 'cmake_clean_cache': False, 'cmake_clean_first': False, 'cmake_force_configure': False, 'cmake_target': None, 'cmake_target_skip_unavailable': False, 'install_base': '/home/dsh/Documents/work_logs/code/SFUISE/sfuise_ws/install/sfuise_msgs', 'merge_install': False, 'path': '/home/dsh/Documents/work_logs/code/SFUISE/sfuise_ws/src/sfuise_msgs', 'symlink_install': False, 'test_result_base': None}
[0.445s] Level 5:colcon.colcon_core.verb:set package 'sfuise' build argument 'cmake_args' from command line to 'None'
[0.445s] Level 5:colcon.colcon_core.verb:set package 'sfuise' build argument 'cmake_target' from command line to 'None'
[0.445s] Level 5:colcon.colcon_core.verb:set package 'sfuise' build argument 'cmake_target_skip_unavailable' from command line to 'False'
[0.445s] Level 5:colcon.colcon_core.verb:set package 'sfuise' build argument 'cmake_clean_cache' from command line to 'False'
[0.445s] Level 5:colcon.colcon_core.verb:set package 'sfuise' build argument 'cmake_clean_first' from command line to 'False'
[0.445s] Level 5:colcon.colcon_core.verb:set package 'sfuise' build argument 'cmake_force_configure' from command line to 'False'
[0.445s] Level 5:colcon.colcon_core.verb:set package 'sfuise' build argument 'ament_cmake_args' from command line to 'None'
[0.445s] Level 5:colcon.colcon_core.verb:set package 'sfuise' build argument 'catkin_cmake_args' from command line to 'None'
[0.445s] Level 5:colcon.colcon_core.verb:set package 'sfuise' build argument 'catkin_skip_building_tests' from command line to 'False'
[0.445s] DEBUG:colcon.colcon_core.verb:Building package 'sfuise' with the following arguments: {'ament_cmake_args': None, 'build_base': '/home/dsh/Documents/work_logs/code/SFUISE/sfuise_ws/build/sfuise', 'catkin_cmake_args': None, 'catkin_skip_building_tests': False, 'cmake_args': None, 'cmake_clean_cache': False, 'cmake_clean_first': False, 'cmake_force_configure': False, 'cmake_target': None, 'cmake_target_skip_unavailable': False, 'install_base': '/home/dsh/Documents/work_logs/code/SFUISE/sfuise_ws/install/sfuise', 'merge_install': False, 'path': '/home/dsh/Documents/work_logs/code/SFUISE/sfuise_ws/src/sfuise', 'symlink_install': False, 'test_result_base': None}
[0.446s] INFO:colcon.colcon_core.executor:Executing jobs using 'parallel' executor
[0.447s] DEBUG:colcon.colcon_parallel_executor.executor.parallel:run_until_complete
[0.448s] INFO:colcon.colcon_ros.task.ament_cmake.build:Building ROS package in '/home/dsh/Documents/work_logs/code/SFUISE/sfuise_ws/src/cf_msgs' with build type 'ament_cmake'
[0.448s] INFO:colcon.colcon_cmake.task.cmake.build:Building CMake package in '/home/dsh/Documents/work_logs/code/SFUISE/sfuise_ws/src/cf_msgs'
[0.451s] INFO:colcon.colcon_core.plugin_system:Skipping extension 'colcon_core.shell.bat': Not used on non-Windows systems
[0.451s] INFO:colcon.colcon_core.shell:Skip shell extension 'powershell' for command environment: Not usable outside of PowerShell
[0.451s] DEBUG:colcon.colcon_core.shell:Skip shell extension 'dsv' for command environment
[0.456s] INFO:colcon.colcon_ros.task.ament_cmake.build:Building ROS package in '/home/dsh/Documents/work_logs/code/SFUISE/sfuise_ws/src/isas_msgs' with build type 'ament_cmake'
[0.456s] INFO:colcon.colcon_cmake.task.cmake.build:Building CMake package in '/home/dsh/Documents/work_logs/code/SFUISE/sfuise_ws/src/isas_msgs'
[0.457s] INFO:colcon.colcon_core.shell:Skip shell extension 'powershell' for command environment: Not usable outside of PowerShell
[0.457s] DEBUG:colcon.colcon_core.shell:Skip shell extension 'dsv' for command environment
[0.462s] INFO:colcon.colcon_ros.task.ament_cmake.build:Building ROS package in '/home/dsh/Documents/work_logs/code/SFUISE/sfuise_ws/src/sfuise_msgs' with build type 'ament_cmake'
[0.462s] INFO:colcon.colcon_cmake.task.cmake.build:Building CMake package in '/home/dsh/Documents/work_logs/code/SFUISE/sfuise_ws/src/sfuise_msgs'
[0.462s] INFO:colcon.colcon_core.shell:Skip shell extension 'powershell' for command environment: Not usable outside of PowerShell
[0.462s] DEBUG:colcon.colcon_core.shell:Skip shell extension 'dsv' for command environment
[0.476s] DEBUG:colcon.colcon_core.event_handler.log_command:Invoking command in '/home/dsh/Documents/work_logs/code/SFUISE/sfuise_ws/build/cf_msgs': CMAKE_PREFIX_PATH=${CMAKE_PREFIX_PATH}:/opt/ros/humble /usr/bin/cmake --build /home/dsh/Documents/work_logs/code/SFUISE/sfuise_ws/build/cf_msgs -- -j20 -l20
[0.481s] DEBUG:colcon.colcon_core.event_handler.log_command:Invoking command in '/home/dsh/Documents/work_logs/code/SFUISE/sfuise_ws/build/isas_msgs': CMAKE_PREFIX_PATH=${CMAKE_PREFIX_PATH}:/opt/ros/humble /usr/bin/cmake --build /home/dsh/Documents/work_logs/code/SFUISE/sfuise_ws/build/isas_msgs -- -j20 -l20
[0.488s] DEBUG:colcon.colcon_core.event_handler.log_command:Invoking command in '/home/dsh/Documents/work_logs/code/SFUISE/sfuise_ws/build/sfuise_msgs': CMAKE_PREFIX_PATH=${CMAKE_PREFIX_PATH}:/opt/ros/humble /usr/bin/cmake --build /home/dsh/Documents/work_logs/code/SFUISE/sfuise_ws/build/sfuise_msgs -- -j20 -l20
[1.296s] DEBUG:colcon.colcon_core.event_handler.log_command:Invoked command in '/home/dsh/Documents/work_logs/code/SFUISE/sfuise_ws/build/isas_msgs' returned '0': CMAKE_PREFIX_PATH=${CMAKE_PREFIX_PATH}:/opt/ros/humble /usr/bin/cmake --build /home/dsh/Documents/work_logs/code/SFUISE/sfuise_ws/build/isas_msgs -- -j20 -l20
[1.321s] DEBUG:colcon.colcon_core.event_handler.log_command:Invoking command in '/home/dsh/Documents/work_logs/code/SFUISE/sfuise_ws/build/isas_msgs': CMAKE_PREFIX_PATH=${CMAKE_PREFIX_PATH}:/opt/ros/humble /usr/bin/cmake --install /home/dsh/Documents/work_logs/code/SFUISE/sfuise_ws/build/isas_msgs
[1.325s] DEBUG:colcon.colcon_core.event_handler.log_command:Invoked command in '/home/dsh/Documents/work_logs/code/SFUISE/sfuise_ws/build/cf_msgs' returned '0': CMAKE_PREFIX_PATH=${CMAKE_PREFIX_PATH}:/opt/ros/humble /usr/bin/cmake --build /home/dsh/Documents/work_logs/code/SFUISE/sfuise_ws/build/cf_msgs -- -j20 -l20
[1.330s] DEBUG:colcon.colcon_core.event_handler.log_command:Invoking command in '/home/dsh/Documents/work_logs/code/SFUISE/sfuise_ws/build/cf_msgs': CMAKE_PREFIX_PATH=${CMAKE_PREFIX_PATH}:/opt/ros/humble /usr/bin/cmake --install /home/dsh/Documents/work_logs/code/SFUISE/sfuise_ws/build/cf_msgs
[1.331s] DEBUG:colcon.colcon_core.event_handler.log_command:Invoked command in '/home/dsh/Documents/work_logs/code/SFUISE/sfuise_ws/build/sfuise_msgs' returned '0': CMAKE_PREFIX_PATH=${CMAKE_PREFIX_PATH}:/opt/ros/humble /usr/bin/cmake --build /home/dsh/Documents/work_logs/code/SFUISE/sfuise_ws/build/sfuise_msgs -- -j20 -l20
[1.336s] DEBUG:colcon.colcon_core.event_handler.log_command:Invoking command in '/home/dsh/Documents/work_logs/code/SFUISE/sfuise_ws/build/sfuise_msgs': CMAKE_PREFIX_PATH=${CMAKE_PREFIX_PATH}:/opt/ros/humble /usr/bin/cmake --install /home/dsh/Documents/work_logs/code/SFUISE/sfuise_ws/build/sfuise_msgs
[1.449s] Level 1:colcon.colcon_core.environment:create_environment_scripts_only(isas_msgs)
[1.469s] DEBUG:colcon.colcon_core.event_handler.log_command:Invoked command in '/home/dsh/Documents/work_logs/code/SFUISE/sfuise_ws/build/isas_msgs' returned '0': CMAKE_PREFIX_PATH=${CMAKE_PREFIX_PATH}:/opt/ros/humble /usr/bin/cmake --install /home/dsh/Documents/work_logs/code/SFUISE/sfuise_ws/build/isas_msgs
[1.472s] Level 1:colcon.colcon_core.environment:checking '/home/dsh/Documents/work_logs/code/SFUISE/sfuise_ws/install/isas_msgs' for CMake module files
[1.474s] Level 1:colcon.colcon_core.environment:checking '/home/dsh/Documents/work_logs/code/SFUISE/sfuise_ws/install/isas_msgs' for CMake config files
[1.475s] Level 1:colcon.colcon_core.shell:create_environment_hook('isas_msgs', 'cmake_prefix_path')
[1.476s] INFO:colcon.colcon_core.shell:Creating environment hook '/home/dsh/Documents/work_logs/code/SFUISE/sfuise_ws/install/isas_msgs/share/isas_msgs/hook/cmake_prefix_path.ps1'
[1.477s] INFO:colcon.colcon_core.shell:Creating environment descriptor '/home/dsh/Documents/work_logs/code/SFUISE/sfuise_ws/install/isas_msgs/share/isas_msgs/hook/cmake_prefix_path.dsv'
[1.478s] INFO:colcon.colcon_core.shell:Creating environment hook '/home/dsh/Documents/work_logs/code/SFUISE/sfuise_ws/install/isas_msgs/share/isas_msgs/hook/cmake_prefix_path.sh'
[1.480s] Level 1:colcon.colcon_core.environment:checking '/home/dsh/Documents/work_logs/code/SFUISE/sfuise_ws/install/isas_msgs/lib'
[1.481s] Level 1:colcon.colcon_core.shell:create_environment_hook('isas_msgs', 'ld_library_path_lib')
[1.481s] INFO:colcon.colcon_core.shell:Creating environment hook '/home/dsh/Documents/work_logs/code/SFUISE/sfuise_ws/install/isas_msgs/share/isas_msgs/hook/ld_library_path_lib.ps1'
[1.482s] INFO:colcon.colcon_core.shell:Creating environment descriptor '/home/dsh/Documents/work_logs/code/SFUISE/sfuise_ws/install/isas_msgs/share/isas_msgs/hook/ld_library_path_lib.dsv'
[1.482s] INFO:colcon.colcon_core.shell:Creating environment hook '/home/dsh/Documents/work_logs/code/SFUISE/sfuise_ws/install/isas_msgs/share/isas_msgs/hook/ld_library_path_lib.sh'
[1.483s] Level 1:colcon.colcon_core.environment:checking '/home/dsh/Documents/work_logs/code/SFUISE/sfuise_ws/install/isas_msgs/bin'
[1.483s] Level 1:colcon.colcon_core.environment:checking '/home/dsh/Documents/work_logs/code/SFUISE/sfuise_ws/install/isas_msgs/lib/pkgconfig/isas_msgs.pc'
[1.483s] Level 1:colcon.colcon_core.environment:checking '/home/dsh/Documents/work_logs/code/SFUISE/sfuise_ws/install/isas_msgs/lib/python3.10/site-packages'
[1.484s] Level 1:colcon.colcon_core.environment:checking '/home/dsh/Documents/work_logs/code/SFUISE/sfuise_ws/install/isas_msgs/bin'
[1.484s] INFO:colcon.colcon_core.shell:Creating package script '/home/dsh/Documents/work_logs/code/SFUISE/sfuise_ws/install/isas_msgs/share/isas_msgs/package.ps1'
[1.486s] INFO:colcon.colcon_core.shell:Creating package descriptor '/home/dsh/Documents/work_logs/code/SFUISE/sfuise_ws/install/isas_msgs/share/isas_msgs/package.dsv'
[1.487s] INFO:colcon.colcon_core.shell:Creating package script '/home/dsh/Documents/work_logs/code/SFUISE/sfuise_ws/install/isas_msgs/share/isas_msgs/package.sh'
[1.488s] INFO:colcon.colcon_core.shell:Creating package script '/home/dsh/Documents/work_logs/code/SFUISE/sfuise_ws/install/isas_msgs/share/isas_msgs/package.bash'
[1.490s] INFO:colcon.colcon_core.shell:Creating package script '/home/dsh/Documents/work_logs/code/SFUISE/sfuise_ws/install/isas_msgs/share/isas_msgs/package.zsh'
[1.491s] Level 1:colcon.colcon_core.environment:create_file_with_runtime_dependencies(/home/dsh/Documents/work_logs/code/SFUISE/sfuise_ws/install/isas_msgs/share/colcon-core/packages/isas_msgs)
[1.492s] Level 1:colcon.colcon_core.environment:create_environment_scripts_only(isas_msgs)
[1.493s] Level 1:colcon.colcon_core.environment:checking '/home/dsh/Documents/work_logs/code/SFUISE/sfuise_ws/install/isas_msgs' for CMake module files
[1.495s] Level 1:colcon.colcon_core.environment:checking '/home/dsh/Documents/work_logs/code/SFUISE/sfuise_ws/install/isas_msgs' for CMake config files
[1.495s] Level 1:colcon.colcon_core.shell:create_environment_hook('isas_msgs', 'cmake_prefix_path')
[1.496s] INFO:colcon.colcon_core.shell:Creating environment hook '/home/dsh/Documents/work_logs/code/SFUISE/sfuise_ws/install/isas_msgs/share/isas_msgs/hook/cmake_prefix_path.ps1'
[1.496s] INFO:colcon.colcon_core.shell:Creating environment descriptor '/home/dsh/Documents/work_logs/code/SFUISE/sfuise_ws/install/isas_msgs/share/isas_msgs/hook/cmake_prefix_path.dsv'
[1.497s] INFO:colcon.colcon_core.shell:Creating environment hook '/home/dsh/Documents/work_logs/code/SFUISE/sfuise_ws/install/isas_msgs/share/isas_msgs/hook/cmake_prefix_path.sh'
[1.497s] Level 1:colcon.colcon_core.environment:checking '/home/dsh/Documents/work_logs/code/SFUISE/sfuise_ws/install/isas_msgs/lib'
[1.498s] Level 1:colcon.colcon_core.shell:create_environment_hook('isas_msgs', 'ld_library_path_lib')
[1.498s] INFO:colcon.colcon_core.shell:Creating environment hook '/home/dsh/Documents/work_logs/code/SFUISE/sfuise_ws/install/isas_msgs/share/isas_msgs/hook/ld_library_path_lib.ps1'
[1.498s] INFO:colcon.colcon_core.shell:Creating environment descriptor '/home/dsh/Documents/work_logs/code/SFUISE/sfuise_ws/install/isas_msgs/share/isas_msgs/hook/ld_library_path_lib.dsv'
[1.499s] INFO:colcon.colcon_core.shell:Creating environment hook '/home/dsh/Documents/work_logs/code/SFUISE/sfuise_ws/install/isas_msgs/share/isas_msgs/hook/ld_library_path_lib.sh'
[1.499s] Level 1:colcon.colcon_core.environment:checking '/home/dsh/Documents/work_logs/code/SFUISE/sfuise_ws/install/isas_msgs/bin'
[1.500s] Level 1:colcon.colcon_core.environment:checking '/home/dsh/Documents/work_logs/code/SFUISE/sfuise_ws/install/isas_msgs/lib/pkgconfig/isas_msgs.pc'
[1.500s] Level 1:colcon.colcon_core.environment:checking '/home/dsh/Documents/work_logs/code/SFUISE/sfuise_ws/install/isas_msgs/lib/python3.10/site-packages'
[1.500s] Level 1:colcon.colcon_core.environment:checking '/home/dsh/Documents/work_logs/code/SFUISE/sfuise_ws/install/isas_msgs/bin'
[1.501s] INFO:colcon.colcon_core.shell:Creating package script '/home/dsh/Documents/work_logs/code/SFUISE/sfuise_ws/install/isas_msgs/share/isas_msgs/package.ps1'
[1.502s] INFO:colcon.colcon_core.shell:Creating package descriptor '/home/dsh/Documents/work_logs/code/SFUISE/sfuise_ws/install/isas_msgs/share/isas_msgs/package.dsv'
[1.503s] INFO:colcon.colcon_core.shell:Creating package script '/home/dsh/Documents/work_logs/code/SFUISE/sfuise_ws/install/isas_msgs/share/isas_msgs/package.sh'
[1.504s] INFO:colcon.colcon_core.shell:Creating package script '/home/dsh/Documents/work_logs/code/SFUISE/sfuise_ws/install/isas_msgs/share/isas_msgs/package.bash'
[1.504s] INFO:colcon.colcon_core.shell:Creating package script '/home/dsh/Documents/work_logs/code/SFUISE/sfuise_ws/install/isas_msgs/share/isas_msgs/package.zsh'
[1.505s] Level 1:colcon.colcon_core.environment:create_file_with_runtime_dependencies(/home/dsh/Documents/work_logs/code/SFUISE/sfuise_ws/install/isas_msgs/share/colcon-core/packages/isas_msgs)
[1.508s] Level 1:colcon.colcon_core.environment:create_environment_scripts_only(sfuise_msgs)
[1.508s] Level 1:colcon.colcon_core.environment:checking '/home/dsh/Documents/work_logs/code/SFUISE/sfuise_ws/install/sfuise_msgs' for CMake module files
[1.510s] DEBUG:colcon.colcon_core.event_handler.log_command:Invoked command in '/home/dsh/Documents/work_logs/code/SFUISE/sfuise_ws/build/sfuise_msgs' returned '0': CMAKE_PREFIX_PATH=${CMAKE_PREFIX_PATH}:/opt/ros/humble /usr/bin/cmake --install /home/dsh/Documents/work_logs/code/SFUISE/sfuise_ws/build/sfuise_msgs
[1.511s] Level 1:colcon.colcon_core.environment:checking '/home/dsh/Documents/work_logs/code/SFUISE/sfuise_ws/install/sfuise_msgs' for CMake config files
[1.512s] Level 1:colcon.colcon_core.shell:create_environment_hook('sfuise_msgs', 'cmake_prefix_path')
[1.513s] INFO:colcon.colcon_core.shell:Creating environment hook '/home/dsh/Documents/work_logs/code/SFUISE/sfuise_ws/install/sfuise_msgs/share/sfuise_msgs/hook/cmake_prefix_path.ps1'
[1.513s] INFO:colcon.colcon_core.shell:Creating environment descriptor '/home/dsh/Documents/work_logs/code/SFUISE/sfuise_ws/install/sfuise_msgs/share/sfuise_msgs/hook/cmake_prefix_path.dsv'
[1.514s] INFO:colcon.colcon_core.shell:Creating environment hook '/home/dsh/Documents/work_logs/code/SFUISE/sfuise_ws/install/sfuise_msgs/share/sfuise_msgs/hook/cmake_prefix_path.sh'
[1.515s] Level 1:colcon.colcon_core.environment:checking '/home/dsh/Documents/work_logs/code/SFUISE/sfuise_ws/install/sfuise_msgs/lib'
[1.515s] Level 1:colcon.colcon_core.shell:create_environment_hook('sfuise_msgs', 'ld_library_path_lib')
[1.516s] INFO:colcon.colcon_core.shell:Creating environment hook '/home/dsh/Documents/work_logs/code/SFUISE/sfuise_ws/install/sfuise_msgs/share/sfuise_msgs/hook/ld_library_path_lib.ps1'
[1.517s] INFO:colcon.colcon_core.shell:Creating environment descriptor '/home/dsh/Documents/work_logs/code/SFUISE/sfuise_ws/install/sfuise_msgs/share/sfuise_msgs/hook/ld_library_path_lib.dsv'
[1.517s] INFO:colcon.colcon_core.shell:Creating environment hook '/home/dsh/Documents/work_logs/code/SFUISE/sfuise_ws/install/sfuise_msgs/share/sfuise_msgs/hook/ld_library_path_lib.sh'
[1.518s] Level 1:colcon.colcon_core.environment:checking '/home/dsh/Documents/work_logs/code/SFUISE/sfuise_ws/install/sfuise_msgs/bin'
[1.518s] Level 1:colcon.colcon_core.environment:checking '/home/dsh/Documents/work_logs/code/SFUISE/sfuise_ws/install/sfuise_msgs/lib/pkgconfig/sfuise_msgs.pc'
[1.518s] Level 1:colcon.colcon_core.environment:checking '/home/dsh/Documents/work_logs/code/SFUISE/sfuise_ws/install/sfuise_msgs/lib/python3.10/site-packages'
[1.519s] Level 1:colcon.colcon_core.environment:checking '/home/dsh/Documents/work_logs/code/SFUISE/sfuise_ws/install/sfuise_msgs/bin'
[1.519s] INFO:colcon.colcon_core.shell:Creating package script '/home/dsh/Documents/work_logs/code/SFUISE/sfuise_ws/install/sfuise_msgs/share/sfuise_msgs/package.ps1'
[1.520s] INFO:colcon.colcon_core.shell:Creating package descriptor '/home/dsh/Documents/work_logs/code/SFUISE/sfuise_ws/install/sfuise_msgs/share/sfuise_msgs/package.dsv'
[1.521s] INFO:colcon.colcon_core.shell:Creating package script '/home/dsh/Documents/work_logs/code/SFUISE/sfuise_ws/install/sfuise_msgs/share/sfuise_msgs/package.sh'
[1.521s] INFO:colcon.colcon_core.shell:Creating package script '/home/dsh/Documents/work_logs/code/SFUISE/sfuise_ws/install/sfuise_msgs/share/sfuise_msgs/package.bash'
[1.522s] INFO:colcon.colcon_core.shell:Creating package script '/home/dsh/Documents/work_logs/code/SFUISE/sfuise_ws/install/sfuise_msgs/share/sfuise_msgs/package.zsh'
[1.522s] Level 1:colcon.colcon_core.environment:create_file_with_runtime_dependencies(/home/dsh/Documents/work_logs/code/SFUISE/sfuise_ws/install/sfuise_msgs/share/colcon-core/packages/sfuise_msgs)
[1.523s] Level 1:colcon.colcon_core.environment:create_environment_scripts_only(sfuise_msgs)
[1.525s] Level 1:colcon.colcon_core.environment:checking '/home/dsh/Documents/work_logs/code/SFUISE/sfuise_ws/install/sfuise_msgs' for CMake module files
[1.526s] Level 1:colcon.colcon_core.environment:checking '/home/dsh/Documents/work_logs/code/SFUISE/sfuise_ws/install/sfuise_msgs' for CMake config files
[1.526s] Level 1:colcon.colcon_core.shell:create_environment_hook('sfuise_msgs', 'cmake_prefix_path')
[1.527s] INFO:colcon.colcon_core.shell:Creating environment hook '/home/dsh/Documents/work_logs/code/SFUISE/sfuise_ws/install/sfuise_msgs/share/sfuise_msgs/hook/cmake_prefix_path.ps1'
[1.527s] INFO:colcon.colcon_core.shell:Creating environment descriptor '/home/dsh/Documents/work_logs/code/SFUISE/sfuise_ws/install/sfuise_msgs/share/sfuise_msgs/hook/cmake_prefix_path.dsv'
[1.528s] INFO:colcon.colcon_core.shell:Creating environment hook '/home/dsh/Documents/work_logs/code/SFUISE/sfuise_ws/install/sfuise_msgs/share/sfuise_msgs/hook/cmake_prefix_path.sh'
[1.528s] Level 1:colcon.colcon_core.environment:checking '/home/dsh/Documents/work_logs/code/SFUISE/sfuise_ws/install/sfuise_msgs/lib'
[1.529s] Level 1:colcon.colcon_core.shell:create_environment_hook('sfuise_msgs', 'ld_library_path_lib')
[1.529s] INFO:colcon.colcon_core.shell:Creating environment hook '/home/dsh/Documents/work_logs/code/SFUISE/sfuise_ws/install/sfuise_msgs/share/sfuise_msgs/hook/ld_library_path_lib.ps1'
[1.529s] INFO:colcon.colcon_core.shell:Creating environment descriptor '/home/dsh/Documents/work_logs/code/SFUISE/sfuise_ws/install/sfuise_msgs/share/sfuise_msgs/hook/ld_library_path_lib.dsv'
[1.530s] INFO:colcon.colcon_core.shell:Creating environment hook '/home/dsh/Documents/work_logs/code/SFUISE/sfuise_ws/install/sfuise_msgs/share/sfuise_msgs/hook/ld_library_path_lib.sh'
[1.530s] Level 1:colcon.colcon_core.environment:checking '/home/dsh/Documents/work_logs/code/SFUISE/sfuise_ws/install/sfuise_msgs/bin'
[1.530s] Level 1:colcon.colcon_core.environment:checking '/home/dsh/Documents/work_logs/code/SFUISE/sfuise_ws/install/sfuise_msgs/lib/pkgconfig/sfuise_msgs.pc'
[1.531s] Level 1:colcon.colcon_core.environment:checking '/home/dsh/Documents/work_logs/code/SFUISE/sfuise_ws/install/sfuise_msgs/lib/python3.10/site-packages'
[1.532s] Level 1:colcon.colcon_core.environment:checking '/home/dsh/Documents/work_logs/code/SFUISE/sfuise_ws/install/sfuise_msgs/bin'
[1.532s] INFO:colcon.colcon_core.shell:Creating package script '/home/dsh/Documents/work_logs/code/SFUISE/sfuise_ws/install/sfuise_msgs/share/sfuise_msgs/package.ps1'
[1.533s] INFO:colcon.colcon_core.shell:Creating package descriptor '/home/dsh/Documents/work_logs/code/SFUISE/sfuise_ws/install/sfuise_msgs/share/sfuise_msgs/package.dsv'
[1.534s] INFO:colcon.colcon_core.shell:Creating package script '/home/dsh/Documents/work_logs/code/SFUISE/sfuise_ws/install/sfuise_msgs/share/sfuise_msgs/package.sh'
[1.534s] INFO:colcon.colcon_core.shell:Creating package script '/home/dsh/Documents/work_logs/code/SFUISE/sfuise_ws/install/sfuise_msgs/share/sfuise_msgs/package.bash'
[1.535s] INFO:colcon.colcon_core.shell:Creating package script '/home/dsh/Documents/work_logs/code/SFUISE/sfuise_ws/install/sfuise_msgs/share/sfuise_msgs/package.zsh'
[1.535s] Level 1:colcon.colcon_core.environment:create_file_with_runtime_dependencies(/home/dsh/Documents/work_logs/code/SFUISE/sfuise_ws/install/sfuise_msgs/share/colcon-core/packages/sfuise_msgs)
[1.536s] Level 1:colcon.colcon_core.environment:create_environment_scripts_only(cf_msgs)
[1.536s] Level 1:colcon.colcon_core.environment:checking '/home/dsh/Documents/work_logs/code/SFUISE/sfuise_ws/install/cf_msgs' for CMake module files
[1.538s] DEBUG:colcon.colcon_core.event_handler.log_command:Invoked command in '/home/dsh/Documents/work_logs/code/SFUISE/sfuise_ws/build/cf_msgs' returned '0': CMAKE_PREFIX_PATH=${CMAKE_PREFIX_PATH}:/opt/ros/humble /usr/bin/cmake --install /home/dsh/Documents/work_logs/code/SFUISE/sfuise_ws/build/cf_msgs
[1.539s] Level 1:colcon.colcon_core.environment:checking '/home/dsh/Documents/work_logs/code/SFUISE/sfuise_ws/install/cf_msgs' for CMake config files
[1.540s] Level 1:colcon.colcon_core.shell:create_environment_hook('cf_msgs', 'cmake_prefix_path')
[1.541s] INFO:colcon.colcon_core.shell:Creating environment hook '/home/dsh/Documents/work_logs/code/SFUISE/sfuise_ws/install/cf_msgs/share/cf_msgs/hook/cmake_prefix_path.ps1'
[1.541s] INFO:colcon.colcon_core.shell:Creating environment descriptor '/home/dsh/Documents/work_logs/code/SFUISE/sfuise_ws/install/cf_msgs/share/cf_msgs/hook/cmake_prefix_path.dsv'
[1.542s] INFO:colcon.colcon_core.shell:Creating environment hook '/home/dsh/Documents/work_logs/code/SFUISE/sfuise_ws/install/cf_msgs/share/cf_msgs/hook/cmake_prefix_path.sh'
[1.543s] Level 1:colcon.colcon_core.environment:checking '/home/dsh/Documents/work_logs/code/SFUISE/sfuise_ws/install/cf_msgs/lib'
[1.543s] Level 1:colcon.colcon_core.shell:create_environment_hook('cf_msgs', 'ld_library_path_lib')
[1.544s] INFO:colcon.colcon_core.shell:Creating environment hook '/home/dsh/Documents/work_logs/code/SFUISE/sfuise_ws/install/cf_msgs/share/cf_msgs/hook/ld_library_path_lib.ps1'
[1.544s] INFO:colcon.colcon_core.shell:Creating environment descriptor '/home/dsh/Documents/work_logs/code/SFUISE/sfuise_ws/install/cf_msgs/share/cf_msgs/hook/ld_library_path_lib.dsv'
[1.545s] INFO:colcon.colcon_core.shell:Creating environment hook '/home/dsh/Documents/work_logs/code/SFUISE/sfuise_ws/install/cf_msgs/share/cf_msgs/hook/ld_library_path_lib.sh'
[1.547s] Level 1:colcon.colcon_core.environment:checking '/home/dsh/Documents/work_logs/code/SFUISE/sfuise_ws/install/cf_msgs/bin'
[1.547s] Level 1:colcon.colcon_core.environment:checking '/home/dsh/Documents/work_logs/code/SFUISE/sfuise_ws/install/cf_msgs/lib/pkgconfig/cf_msgs.pc'
[1.547s] Level 1:colcon.colcon_core.environment:checking '/home/dsh/Documents/work_logs/code/SFUISE/sfuise_ws/install/cf_msgs/lib/python3.10/site-packages'
[1.548s] Level 1:colcon.colcon_core.environment:checking '/home/dsh/Documents/work_logs/code/SFUISE/sfuise_ws/install/cf_msgs/bin'
[1.548s] INFO:colcon.colcon_core.shell:Creating package script '/home/dsh/Documents/work_logs/code/SFUISE/sfuise_ws/install/cf_msgs/share/cf_msgs/package.ps1'
[1.549s] INFO:colcon.colcon_core.shell:Creating package descriptor '/home/dsh/Documents/work_logs/code/SFUISE/sfuise_ws/install/cf_msgs/share/cf_msgs/package.dsv'
[1.550s] INFO:colcon.colcon_core.shell:Creating package script '/home/dsh/Documents/work_logs/code/SFUISE/sfuise_ws/install/cf_msgs/share/cf_msgs/package.sh'
[1.550s] INFO:colcon.colcon_core.shell:Creating package script '/home/dsh/Documents/work_logs/code/SFUISE/sfuise_ws/install/cf_msgs/share/cf_msgs/package.bash'
[1.551s] INFO:colcon.colcon_core.shell:Creating package script '/home/dsh/Documents/work_logs/code/SFUISE/sfuise_ws/install/cf_msgs/share/cf_msgs/package.zsh'
[1.551s] Level 1:colcon.colcon_core.environment:create_file_with_runtime_dependencies(/home/dsh/Documents/work_logs/code/SFUISE/sfuise_ws/install/cf_msgs/share/colcon-core/packages/cf_msgs)
[1.552s] Level 1:colcon.colcon_core.environment:create_environment_scripts_only(cf_msgs)
[1.553s] Level 1:colcon.colcon_core.environment:checking '/home/dsh/Documents/work_logs/code/SFUISE/sfuise_ws/install/cf_msgs' for CMake module files
[1.555s] Level 1:colcon.colcon_core.environment:checking '/home/dsh/Documents/work_logs/code/SFUISE/sfuise_ws/install/cf_msgs' for CMake config files
[1.556s] Level 1:colcon.colcon_core.shell:create_environment_hook('cf_msgs', 'cmake_prefix_path')
[1.556s] INFO:colcon.colcon_core.shell:Creating environment hook '/home/dsh/Documents/work_logs/code/SFUISE/sfuise_ws/install/cf_msgs/share/cf_msgs/hook/cmake_prefix_path.ps1'
[1.557s] INFO:colcon.colcon_core.shell:Creating environment descriptor '/home/dsh/Documents/work_logs/code/SFUISE/sfuise_ws/install/cf_msgs/share/cf_msgs/hook/cmake_prefix_path.dsv'
[1.557s] INFO:colcon.colcon_core.shell:Creating environment hook '/home/dsh/Documents/work_logs/code/SFUISE/sfuise_ws/install/cf_msgs/share/cf_msgs/hook/cmake_prefix_path.sh'
[1.558s] Level 1:colcon.colcon_core.environment:checking '/home/dsh/Documents/work_logs/code/SFUISE/sfuise_ws/install/cf_msgs/lib'
[1.559s] Level 1:colcon.colcon_core.shell:create_environment_hook('cf_msgs', 'ld_library_path_lib')
[1.559s] INFO:colcon.colcon_core.shell:Creating environment hook '/home/dsh/Documents/work_logs/code/SFUISE/sfuise_ws/install/cf_msgs/share/cf_msgs/hook/ld_library_path_lib.ps1'
[1.560s] INFO:colcon.colcon_core.shell:Creating environment descriptor '/home/dsh/Documents/work_logs/code/SFUISE/sfuise_ws/install/cf_msgs/share/cf_msgs/hook/ld_library_path_lib.dsv'
[1.560s] INFO:colcon.colcon_core.shell:Creating environment hook '/home/dsh/Documents/work_logs/code/SFUISE/sfuise_ws/install/cf_msgs/share/cf_msgs/hook/ld_library_path_lib.sh'
[1.561s] Level 1:colcon.colcon_core.environment:checking '/home/dsh/Documents/work_logs/code/SFUISE/sfuise_ws/install/cf_msgs/bin'
[1.561s] Level 1:colcon.colcon_core.environment:checking '/home/dsh/Documents/work_logs/code/SFUISE/sfuise_ws/install/cf_msgs/lib/pkgconfig/cf_msgs.pc'
[1.562s] Level 1:colcon.colcon_core.environment:checking '/home/dsh/Documents/work_logs/code/SFUISE/sfuise_ws/install/cf_msgs/lib/python3.10/site-packages'
[1.562s] Level 1:colcon.colcon_core.environment:checking '/home/dsh/Documents/work_logs/code/SFUISE/sfuise_ws/install/cf_msgs/bin'
[1.563s] INFO:colcon.colcon_core.shell:Creating package script '/home/dsh/Documents/work_logs/code/SFUISE/sfuise_ws/install/cf_msgs/share/cf_msgs/package.ps1'
[1.563s] INFO:colcon.colcon_core.shell:Creating package descriptor '/home/dsh/Documents/work_logs/code/SFUISE/sfuise_ws/install/cf_msgs/share/cf_msgs/package.dsv'
[1.564s] INFO:colcon.colcon_core.shell:Creating package script '/home/dsh/Documents/work_logs/code/SFUISE/sfuise_ws/install/cf_msgs/share/cf_msgs/package.sh'
[1.565s] INFO:colcon.colcon_core.shell:Creating package script '/home/dsh/Documents/work_logs/code/SFUISE/sfuise_ws/install/cf_msgs/share/cf_msgs/package.bash'
[1.565s] INFO:colcon.colcon_core.shell:Creating package script '/home/dsh/Documents/work_logs/code/SFUISE/sfuise_ws/install/cf_msgs/share/cf_msgs/package.zsh'
[1.567s] Level 1:colcon.colcon_core.environment:create_file_with_runtime_dependencies(/home/dsh/Documents/work_logs/code/SFUISE/sfuise_ws/install/cf_msgs/share/colcon-core/packages/cf_msgs)
[1.567s] INFO:colcon.colcon_ros.task.ament_cmake.build:Building ROS package in '/home/dsh/Documents/work_logs/code/SFUISE/sfuise_ws/src/sfuise' with build type 'ament_cmake'
[1.567s] INFO:colcon.colcon_cmake.task.cmake.build:Building CMake package in '/home/dsh/Documents/work_logs/code/SFUISE/sfuise_ws/src/sfuise'
[1.568s] INFO:colcon.colcon_core.shell:Skip shell extension 'powershell' for command environment: Not usable outside of PowerShell
[1.568s] DEBUG:colcon.colcon_core.shell:Skip shell extension 'dsv' for command environment
[1.599s] DEBUG:colcon.colcon_core.event_handler.log_command:Invoking command in '/home/dsh/Documents/work_logs/code/SFUISE/sfuise_ws/build/sfuise': CMAKE_PREFIX_PATH=/home/dsh/Documents/work_logs/code/SFUISE/sfuise_ws/install/sfuise_msgs:/home/dsh/Documents/work_logs/code/SFUISE/sfuise_ws/install/isas_msgs:/home/dsh/Documents/work_logs/code/SFUISE/sfuise_ws/install/cf_msgs:/home/dsh/Documents/work_logs/code/SFUISE/sfuise_ws/install/sfuise:/opt/ros/humble /usr/bin/cmake --build /home/dsh/Documents/work_logs/code/SFUISE/sfuise_ws/build/sfuise -- -j20 -l20
[1.748s] DEBUG:colcon.colcon_core.event_handler.log_command:Invoked command in '/home/dsh/Documents/work_logs/code/SFUISE/sfuise_ws/build/sfuise' returned '0': CMAKE_PREFIX_PATH=/home/dsh/Documents/work_logs/code/SFUISE/sfuise_ws/install/sfuise_msgs:/home/dsh/Documents/work_logs/code/SFUISE/sfuise_ws/install/isas_msgs:/home/dsh/Documents/work_logs/code/SFUISE/sfuise_ws/install/cf_msgs:/home/dsh/Documents/work_logs/code/SFUISE/sfuise_ws/install/sfuise:/opt/ros/humble /usr/bin/cmake --build /home/dsh/Documents/work_logs/code/SFUISE/sfuise_ws/build/sfuise -- -j20 -l20
[1.751s] DEBUG:colcon.colcon_core.event_handler.log_command:Invoking command in '/home/dsh/Documents/work_logs/code/SFUISE/sfuise_ws/build/sfuise': CMAKE_PREFIX_PATH=/home/dsh/Documents/work_logs/code/SFUISE/sfuise_ws/install/sfuise_msgs:/home/dsh/Documents/work_logs/code/SFUISE/sfuise_ws/install/isas_msgs:/home/dsh/Documents/work_logs/code/SFUISE/sfuise_ws/install/cf_msgs:/home/dsh/Documents/work_logs/code/SFUISE/sfuise_ws/install/sfuise:/opt/ros/humble /usr/bin/cmake --install /home/dsh/Documents/work_logs/code/SFUISE/sfuise_ws/build/sfuise
[1.768s] Level 1:colcon.colcon_core.environment:create_environment_scripts_only(sfuise)
[1.769s] Level 1:colcon.colcon_core.environment:checking '/home/dsh/Documents/work_logs/code/SFUISE/sfuise_ws/install/sfuise' for CMake module files
[1.770s] DEBUG:colcon.colcon_core.event_handler.log_command:Invoked command in '/home/dsh/Documents/work_logs/code/SFUISE/sfuise_ws/build/sfuise' returned '0': CMAKE_PREFIX_PATH=/home/dsh/Documents/work_logs/code/SFUISE/sfuise_ws/install/sfuise_msgs:/home/dsh/Documents/work_logs/code/SFUISE/sfuise_ws/install/isas_msgs:/home/dsh/Documents/work_logs/code/SFUISE/sfuise_ws/install/cf_msgs:/home/dsh/Documents/work_logs/code/SFUISE/sfuise_ws/install/sfuise:/opt/ros/humble /usr/bin/cmake --install /home/dsh/Documents/work_logs/code/SFUISE/sfuise_ws/build/sfuise
[1.771s] Level 1:colcon.colcon_core.environment:checking '/home/dsh/Documents/work_logs/code/SFUISE/sfuise_ws/install/sfuise' for CMake config files
[1.771s] Level 1:colcon.colcon_core.shell:create_environment_hook('sfuise', 'cmake_prefix_path')
[1.771s] INFO:colcon.colcon_core.shell:Creating environment hook '/home/dsh/Documents/work_logs/code/SFUISE/sfuise_ws/install/sfuise/share/sfuise/hook/cmake_prefix_path.ps1'
[1.772s] INFO:colcon.colcon_core.shell:Creating environment descriptor '/home/dsh/Documents/work_logs/code/SFUISE/sfuise_ws/install/sfuise/share/sfuise/hook/cmake_prefix_path.dsv'
[1.773s] INFO:colcon.colcon_core.shell:Creating environment hook '/home/dsh/Documents/work_logs/code/SFUISE/sfuise_ws/install/sfuise/share/sfuise/hook/cmake_prefix_path.sh'
[1.774s] Level 1:colcon.colcon_core.environment:checking '/home/dsh/Documents/work_logs/code/SFUISE/sfuise_ws/install/sfuise/lib'
[1.774s] Level 1:colcon.colcon_core.environment:checking '/home/dsh/Documents/work_logs/code/SFUISE/sfuise_ws/install/sfuise/bin'
[1.774s] Level 1:colcon.colcon_core.environment:checking '/home/dsh/Documents/work_logs/code/SFUISE/sfuise_ws/install/sfuise/lib/pkgconfig/sfuise.pc'
[1.775s] Level 1:colcon.colcon_core.environment:checking '/home/dsh/Documents/work_logs/code/SFUISE/sfuise_ws/install/sfuise/lib/python3.10/site-packages'
[1.775s] Level 1:colcon.colcon_core.environment:checking '/home/dsh/Documents/work_logs/code/SFUISE/sfuise_ws/install/sfuise/bin'
[1.776s] INFO:colcon.colcon_core.shell:Creating package script '/home/dsh/Documents/work_logs/code/SFUISE/sfuise_ws/install/sfuise/share/sfuise/package.ps1'
[1.776s] INFO:colcon.colcon_core.shell:Creating package descriptor '/home/dsh/Documents/work_logs/code/SFUISE/sfuise_ws/install/sfuise/share/sfuise/package.dsv'
[1.778s] INFO:colcon.colcon_core.shell:Creating package script '/home/dsh/Documents/work_logs/code/SFUISE/sfuise_ws/install/sfuise/share/sfuise/package.sh'
[1.778s] INFO:colcon.colcon_core.shell:Creating package script '/home/dsh/Documents/work_logs/code/SFUISE/sfuise_ws/install/sfuise/share/sfuise/package.bash'
[1.779s] INFO:colcon.colcon_core.shell:Creating package script '/home/dsh/Documents/work_logs/code/SFUISE/sfuise_ws/install/sfuise/share/sfuise/package.zsh'
[1.779s] Level 1:colcon.colcon_core.environment:create_file_with_runtime_dependencies(/home/dsh/Documents/work_logs/code/SFUISE/sfuise_ws/install/sfuise/share/colcon-core/packages/sfuise)
[1.780s] Level 1:colcon.colcon_core.environment:create_environment_scripts_only(sfuise)
[1.781s] Level 1:colcon.colcon_core.environment:checking '/home/dsh/Documents/work_logs/code/SFUISE/sfuise_ws/install/sfuise' for CMake module files
[1.781s] Level 1:colcon.colcon_core.environment:checking '/home/dsh/Documents/work_logs/code/SFUISE/sfuise_ws/install/sfuise' for CMake config files
[1.782s] Level 1:colcon.colcon_core.shell:create_environment_hook('sfuise', 'cmake_prefix_path')
[1.782s] INFO:colcon.colcon_core.shell:Creating environment hook '/home/dsh/Documents/work_logs/code/SFUISE/sfuise_ws/install/sfuise/share/sfuise/hook/cmake_prefix_path.ps1'
[1.782s] INFO:colcon.colcon_core.shell:Creating environment descriptor '/home/dsh/Documents/work_logs/code/SFUISE/sfuise_ws/install/sfuise/share/sfuise/hook/cmake_prefix_path.dsv'
[1.783s] INFO:colcon.colcon_core.shell:Creating environment hook '/home/dsh/Documents/work_logs/code/SFUISE/sfuise_ws/install/sfuise/share/sfuise/hook/cmake_prefix_path.sh'
[1.784s] Level 1:colcon.colcon_core.environment:checking '/home/dsh/Documents/work_logs/code/SFUISE/sfuise_ws/install/sfuise/lib'
[1.784s] Level 1:colcon.colcon_core.environment:checking '/home/dsh/Documents/work_logs/code/SFUISE/sfuise_ws/install/sfuise/bin'
[1.784s] Level 1:colcon.colcon_core.environment:checking '/home/dsh/Documents/work_logs/code/SFUISE/sfuise_ws/install/sfuise/lib/pkgconfig/sfuise.pc'
[1.785s] Level 1:colcon.colcon_core.environment:checking '/home/dsh/Documents/work_logs/code/SFUISE/sfuise_ws/install/sfuise/lib/python3.10/site-packages'
[1.785s] Level 1:colcon.colcon_core.environment:checking '/home/dsh/Documents/work_logs/code/SFUISE/sfuise_ws/install/sfuise/bin'
[1.786s] INFO:colcon.colcon_core.shell:Creating package script '/home/dsh/Documents/work_logs/code/SFUISE/sfuise_ws/install/sfuise/share/sfuise/package.ps1'
[1.787s] INFO:colcon.colcon_core.shell:Creating package descriptor '/home/dsh/Documents/work_logs/code/SFUISE/sfuise_ws/install/sfuise/share/sfuise/package.dsv'
[1.787s] INFO:colcon.colcon_core.shell:Creating package script '/home/dsh/Documents/work_logs/code/SFUISE/sfuise_ws/install/sfuise/share/sfuise/package.sh'
[1.788s] INFO:colcon.colcon_core.shell:Creating package script '/home/dsh/Documents/work_logs/code/SFUISE/sfuise_ws/install/sfuise/share/sfuise/package.bash'
[1.788s] INFO:colcon.colcon_core.shell:Creating package script '/home/dsh/Documents/work_logs/code/SFUISE/sfuise_ws/install/sfuise/share/sfuise/package.zsh'
[1.789s] Level 1:colcon.colcon_core.environment:create_file_with_runtime_dependencies(/home/dsh/Documents/work_logs/code/SFUISE/sfuise_ws/install/sfuise/share/colcon-core/packages/sfuise)
[1.789s] DEBUG:colcon.colcon_parallel_executor.executor.parallel:closing loop
[1.790s] DEBUG:colcon.colcon_parallel_executor.executor.parallel:loop closed
[1.790s] DEBUG:colcon.colcon_parallel_executor.executor.parallel:run_until_complete finished with '0'
[1.790s] DEBUG:colcon.colcon_core.event_reactor:joining thread
[1.799s] INFO:colcon.colcon_core.plugin_system:Skipping extension 'colcon_notification.desktop_notification.terminal_notifier': Not used on non-Darwin systems
[1.799s] INFO:colcon.colcon_core.plugin_system:Skipping extension 'colcon_notification.desktop_notification.win32': Not used on non-Windows systems
[1.799s] INFO:colcon.colcon_notification.desktop_notification:Sending desktop notification using 'notify2'
[1.821s] DEBUG:colcon.colcon_core.event_reactor:joined thread
[1.823s] INFO:colcon.colcon_core.shell:Creating prefix script '/home/dsh/Documents/work_logs/code/SFUISE/sfuise_ws/install/local_setup.ps1'
[1.825s] INFO:colcon.colcon_core.shell:Creating prefix util module '/home/dsh/Documents/work_logs/code/SFUISE/sfuise_ws/install/_local_setup_util_ps1.py'
[1.827s] INFO:colcon.colcon_core.shell:Creating prefix chain script '/home/dsh/Documents/work_logs/code/SFUISE/sfuise_ws/install/setup.ps1'
[1.829s] INFO:colcon.colcon_core.shell:Creating prefix script '/home/dsh/Documents/work_logs/code/SFUISE/sfuise_ws/install/local_setup.sh'
[1.830s] INFO:colcon.colcon_core.shell:Creating prefix util module '/home/dsh/Documents/work_logs/code/SFUISE/sfuise_ws/install/_local_setup_util_sh.py'
[1.831s] INFO:colcon.colcon_core.shell:Creating prefix chain script '/home/dsh/Documents/work_logs/code/SFUISE/sfuise_ws/install/setup.sh'
[1.833s] INFO:colcon.colcon_core.shell:Creating prefix script '/home/dsh/Documents/work_logs/code/SFUISE/sfuise_ws/install/local_setup.bash'
[1.833s] INFO:colcon.colcon_core.shell:Creating prefix chain script '/home/dsh/Documents/work_logs/code/SFUISE/sfuise_ws/install/setup.bash'
[1.835s] INFO:colcon.colcon_core.shell:Creating prefix script '/home/dsh/Documents/work_logs/code/SFUISE/sfuise_ws/install/local_setup.zsh'
[1.836s] INFO:colcon.colcon_core.shell:Creating prefix chain script '/home/dsh/Documents/work_logs/code/SFUISE/sfuise_ws/install/setup.zsh'
