[0.033s] Invoking command in '/home/dsh/Documents/work_logs/code/SFUISE/sfuise_ws/build/sfuise_msgs': CMAKE_PREFIX_PATH=/opt/ros/humble /usr/bin/cmake --build /home/dsh/Documents/work_logs/code/SFUISE/sfuise_ws/build/sfuise_msgs -- -j20 -l20
[0.137s] [  1%] Built target sfuise_msgs__cpp
[0.162s] [  1%] Built target ament_cmake_python_copy_sfuise_msgs
[0.165s] [ 12%] Built target sfuise_msgs__rosidl_generator_c
[0.220s] [ 36%] Built target sfuise_msgs__rosidl_typesupport_cpp
[0.221s] [ 36%] Built target sfuise_msgs__rosidl_typesupport_introspection_cpp
[0.221s] [ 46%] Built target sfuise_msgs__rosidl_typesupport_fastrtps_cpp
[0.239s] [ 57%] Built target sfuise_msgs__rosidl_typesupport_c
[0.240s] [ 68%] Built target sfuise_msgs__rosidl_typesupport_introspection_c
[0.242s] [ 79%] Built target sfuise_msgs__rosidl_typesupport_fastrtps_c
[0.290s] [ 79%] Built target sfuise_msgs
[0.344s] [ 80%] Built target sfuise_msgs__py
[0.410s] [ 90%] Built target sfuise_msgs__rosidl_generator_py
[0.472s] [ 93%] Built target sfuise_msgs__rosidl_typesupport_c__pyext
[0.473s] [ 98%] Built target sfuise_msgs__rosidl_typesupport_introspection_c__pyext
[0.473s] [100%] Built target sfuise_msgs__rosidl_typesupport_fastrtps_c__pyext
[0.917s] running egg_info
[0.920s] writing sfuise_msgs.egg-info/PKG-INFO
[0.921s] writing dependency_links to sfuise_msgs.egg-info/dependency_links.txt
[0.921s] writing top-level names to sfuise_msgs.egg-info/top_level.txt
[0.928s] reading manifest file 'sfuise_msgs.egg-info/SOURCES.txt'
[0.929s] writing manifest file 'sfuise_msgs.egg-info/SOURCES.txt'
[1.018s] [100%] Built target ament_cmake_python_build_sfuise_msgs_egg
[1.076s] Invoked command in '/home/dsh/Documents/work_logs/code/SFUISE/sfuise_ws/build/sfuise_msgs' returned '0': CMAKE_PREFIX_PATH=/opt/ros/humble /usr/bin/cmake --build /home/dsh/Documents/work_logs/code/SFUISE/sfuise_ws/build/sfuise_msgs -- -j20 -l20
[1.125s] Invoking command in '/home/dsh/Documents/work_logs/code/SFUISE/sfuise_ws/build/sfuise_msgs': CMAKE_PREFIX_PATH=/opt/ros/humble /usr/bin/cmake --install /home/dsh/Documents/work_logs/code/SFUISE/sfuise_ws/build/sfuise_msgs
[1.142s] -- Install configuration: ""
[1.142s] -- Up-to-date: /home/dsh/Documents/work_logs/code/SFUISE/sfuise_ws/install/sfuise_msgs/share/ament_index/resource_index/rosidl_interfaces/sfuise_msgs
[1.143s] -- Up-to-date: /home/dsh/Documents/work_logs/code/SFUISE/sfuise_ws/install/sfuise_msgs/include/sfuise_msgs/sfuise_msgs
[1.143s] -- Up-to-date: /home/dsh/Documents/work_logs/code/SFUISE/sfuise_ws/install/sfuise_msgs/include/sfuise_msgs/sfuise_msgs/msg
[1.143s] -- Up-to-date: /home/dsh/Documents/work_logs/code/SFUISE/sfuise_ws/install/sfuise_msgs/include/sfuise_msgs/sfuise_msgs/msg/offset.h
[1.143s] -- Up-to-date: /home/dsh/Documents/work_logs/code/SFUISE/sfuise_ws/install/sfuise_msgs/include/sfuise_msgs/sfuise_msgs/msg/knot.h
[1.143s] -- Up-to-date: /home/dsh/Documents/work_logs/code/SFUISE/sfuise_ws/install/sfuise_msgs/include/sfuise_msgs/sfuise_msgs/msg/detail
[1.143s] -- Up-to-date: /home/dsh/Documents/work_logs/code/SFUISE/sfuise_ws/install/sfuise_msgs/include/sfuise_msgs/sfuise_msgs/msg/detail/estimate__functions.c
[1.143s] -- Up-to-date: /home/dsh/Documents/work_logs/code/SFUISE/sfuise_ws/install/sfuise_msgs/include/sfuise_msgs/sfuise_msgs/msg/detail/knot__functions.h
[1.143s] -- Up-to-date: /home/dsh/Documents/work_logs/code/SFUISE/sfuise_ws/install/sfuise_msgs/include/sfuise_msgs/sfuise_msgs/msg/detail/knot__functions.c
[1.143s] -- Up-to-date: /home/dsh/Documents/work_logs/code/SFUISE/sfuise_ws/install/sfuise_msgs/include/sfuise_msgs/sfuise_msgs/msg/detail/offset__functions.h
[1.143s] -- Up-to-date: /home/dsh/Documents/work_logs/code/SFUISE/sfuise_ws/install/sfuise_msgs/include/sfuise_msgs/sfuise_msgs/msg/detail/offset__struct.h
[1.144s] -- Up-to-date: /home/dsh/Documents/work_logs/code/SFUISE/sfuise_ws/install/sfuise_msgs/include/sfuise_msgs/sfuise_msgs/msg/detail/estimate__functions.h
[1.144s] -- Up-to-date: /home/dsh/Documents/work_logs/code/SFUISE/sfuise_ws/install/sfuise_msgs/include/sfuise_msgs/sfuise_msgs/msg/detail/offset__type_support.h
[1.144s] -- Up-to-date: /home/dsh/Documents/work_logs/code/SFUISE/sfuise_ws/install/sfuise_msgs/include/sfuise_msgs/sfuise_msgs/msg/detail/knot__struct.h
[1.144s] -- Up-to-date: /home/dsh/Documents/work_logs/code/SFUISE/sfuise_ws/install/sfuise_msgs/include/sfuise_msgs/sfuise_msgs/msg/detail/spline__struct.h
[1.144s] -- Up-to-date: /home/dsh/Documents/work_logs/code/SFUISE/sfuise_ws/install/sfuise_msgs/include/sfuise_msgs/sfuise_msgs/msg/detail/calib__functions.c
[1.144s] -- Up-to-date: /home/dsh/Documents/work_logs/code/SFUISE/sfuise_ws/install/sfuise_msgs/include/sfuise_msgs/sfuise_msgs/msg/detail/spline__functions.h
[1.144s] -- Up-to-date: /home/dsh/Documents/work_logs/code/SFUISE/sfuise_ws/install/sfuise_msgs/include/sfuise_msgs/sfuise_msgs/msg/detail/estimate__type_support.h
[1.144s] -- Up-to-date: /home/dsh/Documents/work_logs/code/SFUISE/sfuise_ws/install/sfuise_msgs/include/sfuise_msgs/sfuise_msgs/msg/detail/knot__type_support.h
[1.144s] -- Up-to-date: /home/dsh/Documents/work_logs/code/SFUISE/sfuise_ws/install/sfuise_msgs/include/sfuise_msgs/sfuise_msgs/msg/detail/estimate__struct.h
[1.145s] -- Up-to-date: /home/dsh/Documents/work_logs/code/SFUISE/sfuise_ws/install/sfuise_msgs/include/sfuise_msgs/sfuise_msgs/msg/detail/calib__functions.h
[1.145s] -- Up-to-date: /home/dsh/Documents/work_logs/code/SFUISE/sfuise_ws/install/sfuise_msgs/include/sfuise_msgs/sfuise_msgs/msg/detail/spline__functions.c
[1.145s] -- Up-to-date: /home/dsh/Documents/work_logs/code/SFUISE/sfuise_ws/install/sfuise_msgs/include/sfuise_msgs/sfuise_msgs/msg/detail/calib__struct.h
[1.145s] -- Up-to-date: /home/dsh/Documents/work_logs/code/SFUISE/sfuise_ws/install/sfuise_msgs/include/sfuise_msgs/sfuise_msgs/msg/detail/calib__type_support.h
[1.145s] -- Up-to-date: /home/dsh/Documents/work_logs/code/SFUISE/sfuise_ws/install/sfuise_msgs/include/sfuise_msgs/sfuise_msgs/msg/detail/spline__type_support.h
[1.145s] -- Up-to-date: /home/dsh/Documents/work_logs/code/SFUISE/sfuise_ws/install/sfuise_msgs/include/sfuise_msgs/sfuise_msgs/msg/detail/offset__functions.c
[1.145s] -- Up-to-date: /home/dsh/Documents/work_logs/code/SFUISE/sfuise_ws/install/sfuise_msgs/include/sfuise_msgs/sfuise_msgs/msg/spline.h
[1.145s] -- Up-to-date: /home/dsh/Documents/work_logs/code/SFUISE/sfuise_ws/install/sfuise_msgs/include/sfuise_msgs/sfuise_msgs/msg/rosidl_generator_c__visibility_control.h
[1.145s] -- Up-to-date: /home/dsh/Documents/work_logs/code/SFUISE/sfuise_ws/install/sfuise_msgs/include/sfuise_msgs/sfuise_msgs/msg/estimate.h
[1.145s] -- Up-to-date: /home/dsh/Documents/work_logs/code/SFUISE/sfuise_ws/install/sfuise_msgs/include/sfuise_msgs/sfuise_msgs/msg/calib.h
[1.146s] -- Up-to-date: /home/dsh/Documents/work_logs/code/SFUISE/sfuise_ws/install/sfuise_msgs/share/sfuise_msgs/environment/library_path.sh
[1.146s] -- Up-to-date: /home/dsh/Documents/work_logs/code/SFUISE/sfuise_ws/install/sfuise_msgs/share/sfuise_msgs/environment/library_path.dsv
[1.146s] -- Up-to-date: /home/dsh/Documents/work_logs/code/SFUISE/sfuise_ws/install/sfuise_msgs/lib/libsfuise_msgs__rosidl_generator_c.so
[1.146s] -- Up-to-date: /home/dsh/Documents/work_logs/code/SFUISE/sfuise_ws/install/sfuise_msgs/include/sfuise_msgs/sfuise_msgs
[1.146s] -- Up-to-date: /home/dsh/Documents/work_logs/code/SFUISE/sfuise_ws/install/sfuise_msgs/include/sfuise_msgs/sfuise_msgs/msg
[1.146s] -- Up-to-date: /home/dsh/Documents/work_logs/code/SFUISE/sfuise_ws/install/sfuise_msgs/include/sfuise_msgs/sfuise_msgs/msg/rosidl_typesupport_fastrtps_c__visibility_control.h
[1.146s] -- Up-to-date: /home/dsh/Documents/work_logs/code/SFUISE/sfuise_ws/install/sfuise_msgs/include/sfuise_msgs/sfuise_msgs/msg/detail
[1.146s] -- Up-to-date: /home/dsh/Documents/work_logs/code/SFUISE/sfuise_ws/install/sfuise_msgs/include/sfuise_msgs/sfuise_msgs/msg/detail/knot__rosidl_typesupport_fastrtps_c.h
[1.146s] -- Up-to-date: /home/dsh/Documents/work_logs/code/SFUISE/sfuise_ws/install/sfuise_msgs/include/sfuise_msgs/sfuise_msgs/msg/detail/estimate__rosidl_typesupport_fastrtps_c.h
[1.146s] -- Up-to-date: /home/dsh/Documents/work_logs/code/SFUISE/sfuise_ws/install/sfuise_msgs/include/sfuise_msgs/sfuise_msgs/msg/detail/calib__rosidl_typesupport_fastrtps_c.h
[1.147s] -- Up-to-date: /home/dsh/Documents/work_logs/code/SFUISE/sfuise_ws/install/sfuise_msgs/include/sfuise_msgs/sfuise_msgs/msg/detail/spline__rosidl_typesupport_fastrtps_c.h
[1.147s] -- Up-to-date: /home/dsh/Documents/work_logs/code/SFUISE/sfuise_ws/install/sfuise_msgs/include/sfuise_msgs/sfuise_msgs/msg/detail/offset__rosidl_typesupport_fastrtps_c.h
[1.147s] -- Up-to-date: /home/dsh/Documents/work_logs/code/SFUISE/sfuise_ws/install/sfuise_msgs/lib/libsfuise_msgs__rosidl_typesupport_fastrtps_c.so
[1.147s] -- Up-to-date: /home/dsh/Documents/work_logs/code/SFUISE/sfuise_ws/install/sfuise_msgs/include/sfuise_msgs/sfuise_msgs
[1.147s] -- Up-to-date: /home/dsh/Documents/work_logs/code/SFUISE/sfuise_ws/install/sfuise_msgs/include/sfuise_msgs/sfuise_msgs/msg
[1.147s] -- Up-to-date: /home/dsh/Documents/work_logs/code/SFUISE/sfuise_ws/install/sfuise_msgs/include/sfuise_msgs/sfuise_msgs/msg/knot.hpp
[1.147s] -- Up-to-date: /home/dsh/Documents/work_logs/code/SFUISE/sfuise_ws/install/sfuise_msgs/include/sfuise_msgs/sfuise_msgs/msg/detail
[1.147s] -- Up-to-date: /home/dsh/Documents/work_logs/code/SFUISE/sfuise_ws/install/sfuise_msgs/include/sfuise_msgs/sfuise_msgs/msg/detail/calib__builder.hpp
[1.147s] -- Up-to-date: /home/dsh/Documents/work_logs/code/SFUISE/sfuise_ws/install/sfuise_msgs/include/sfuise_msgs/sfuise_msgs/msg/detail/offset__type_support.hpp
[1.147s] -- Up-to-date: /home/dsh/Documents/work_logs/code/SFUISE/sfuise_ws/install/sfuise_msgs/include/sfuise_msgs/sfuise_msgs/msg/detail/spline__struct.hpp
[1.147s] -- Up-to-date: /home/dsh/Documents/work_logs/code/SFUISE/sfuise_ws/install/sfuise_msgs/include/sfuise_msgs/sfuise_msgs/msg/detail/spline__builder.hpp
[1.148s] -- Up-to-date: /home/dsh/Documents/work_logs/code/SFUISE/sfuise_ws/install/sfuise_msgs/include/sfuise_msgs/sfuise_msgs/msg/detail/knot__type_support.hpp
[1.148s] -- Up-to-date: /home/dsh/Documents/work_logs/code/SFUISE/sfuise_ws/install/sfuise_msgs/include/sfuise_msgs/sfuise_msgs/msg/detail/calib__traits.hpp
[1.148s] -- Up-to-date: /home/dsh/Documents/work_logs/code/SFUISE/sfuise_ws/install/sfuise_msgs/include/sfuise_msgs/sfuise_msgs/msg/detail/spline__traits.hpp
[1.148s] -- Up-to-date: /home/dsh/Documents/work_logs/code/SFUISE/sfuise_ws/install/sfuise_msgs/include/sfuise_msgs/sfuise_msgs/msg/detail/offset__traits.hpp
[1.148s] -- Up-to-date: /home/dsh/Documents/work_logs/code/SFUISE/sfuise_ws/install/sfuise_msgs/include/sfuise_msgs/sfuise_msgs/msg/detail/offset__builder.hpp
[1.148s] -- Up-to-date: /home/dsh/Documents/work_logs/code/SFUISE/sfuise_ws/install/sfuise_msgs/include/sfuise_msgs/sfuise_msgs/msg/detail/estimate__struct.hpp
[1.148s] -- Up-to-date: /home/dsh/Documents/work_logs/code/SFUISE/sfuise_ws/install/sfuise_msgs/include/sfuise_msgs/sfuise_msgs/msg/detail/knot__builder.hpp
[1.148s] -- Up-to-date: /home/dsh/Documents/work_logs/code/SFUISE/sfuise_ws/install/sfuise_msgs/include/sfuise_msgs/sfuise_msgs/msg/detail/calib__struct.hpp
[1.148s] -- Up-to-date: /home/dsh/Documents/work_logs/code/SFUISE/sfuise_ws/install/sfuise_msgs/include/sfuise_msgs/sfuise_msgs/msg/detail/calib__type_support.hpp
[1.148s] -- Up-to-date: /home/dsh/Documents/work_logs/code/SFUISE/sfuise_ws/install/sfuise_msgs/include/sfuise_msgs/sfuise_msgs/msg/detail/knot__traits.hpp
[1.149s] -- Up-to-date: /home/dsh/Documents/work_logs/code/SFUISE/sfuise_ws/install/sfuise_msgs/include/sfuise_msgs/sfuise_msgs/msg/detail/estimate__type_support.hpp
[1.149s] -- Up-to-date: /home/dsh/Documents/work_logs/code/SFUISE/sfuise_ws/install/sfuise_msgs/include/sfuise_msgs/sfuise_msgs/msg/detail/estimate__traits.hpp
[1.149s] -- Up-to-date: /home/dsh/Documents/work_logs/code/SFUISE/sfuise_ws/install/sfuise_msgs/include/sfuise_msgs/sfuise_msgs/msg/detail/spline__type_support.hpp
[1.149s] -- Up-to-date: /home/dsh/Documents/work_logs/code/SFUISE/sfuise_ws/install/sfuise_msgs/include/sfuise_msgs/sfuise_msgs/msg/detail/knot__struct.hpp
[1.149s] -- Up-to-date: /home/dsh/Documents/work_logs/code/SFUISE/sfuise_ws/install/sfuise_msgs/include/sfuise_msgs/sfuise_msgs/msg/detail/estimate__builder.hpp
[1.149s] -- Up-to-date: /home/dsh/Documents/work_logs/code/SFUISE/sfuise_ws/install/sfuise_msgs/include/sfuise_msgs/sfuise_msgs/msg/detail/offset__struct.hpp
[1.149s] -- Up-to-date: /home/dsh/Documents/work_logs/code/SFUISE/sfuise_ws/install/sfuise_msgs/include/sfuise_msgs/sfuise_msgs/msg/spline.hpp
[1.150s] -- Up-to-date: /home/dsh/Documents/work_logs/code/SFUISE/sfuise_ws/install/sfuise_msgs/include/sfuise_msgs/sfuise_msgs/msg/calib.hpp
[1.150s] -- Up-to-date: /home/dsh/Documents/work_logs/code/SFUISE/sfuise_ws/install/sfuise_msgs/include/sfuise_msgs/sfuise_msgs/msg/estimate.hpp
[1.150s] -- Up-to-date: /home/dsh/Documents/work_logs/code/SFUISE/sfuise_ws/install/sfuise_msgs/include/sfuise_msgs/sfuise_msgs/msg/offset.hpp
[1.150s] -- Up-to-date: /home/dsh/Documents/work_logs/code/SFUISE/sfuise_ws/install/sfuise_msgs/include/sfuise_msgs/sfuise_msgs/msg/rosidl_generator_cpp__visibility_control.hpp
[1.150s] -- Up-to-date: /home/dsh/Documents/work_logs/code/SFUISE/sfuise_ws/install/sfuise_msgs/include/sfuise_msgs/sfuise_msgs
[1.150s] -- Up-to-date: /home/dsh/Documents/work_logs/code/SFUISE/sfuise_ws/install/sfuise_msgs/include/sfuise_msgs/sfuise_msgs/msg
[1.150s] -- Up-to-date: /home/dsh/Documents/work_logs/code/SFUISE/sfuise_ws/install/sfuise_msgs/include/sfuise_msgs/sfuise_msgs/msg/detail
[1.150s] -- Up-to-date: /home/dsh/Documents/work_logs/code/SFUISE/sfuise_ws/install/sfuise_msgs/include/sfuise_msgs/sfuise_msgs/msg/detail/offset__rosidl_typesupport_fastrtps_cpp.hpp
[1.150s] -- Up-to-date: /home/dsh/Documents/work_logs/code/SFUISE/sfuise_ws/install/sfuise_msgs/include/sfuise_msgs/sfuise_msgs/msg/detail/dds_fastrtps
[1.151s] -- Up-to-date: /home/dsh/Documents/work_logs/code/SFUISE/sfuise_ws/install/sfuise_msgs/include/sfuise_msgs/sfuise_msgs/msg/detail/calib__rosidl_typesupport_fastrtps_cpp.hpp
[1.151s] -- Up-to-date: /home/dsh/Documents/work_logs/code/SFUISE/sfuise_ws/install/sfuise_msgs/include/sfuise_msgs/sfuise_msgs/msg/detail/spline__rosidl_typesupport_fastrtps_cpp.hpp
[1.151s] -- Up-to-date: /home/dsh/Documents/work_logs/code/SFUISE/sfuise_ws/install/sfuise_msgs/include/sfuise_msgs/sfuise_msgs/msg/detail/estimate__rosidl_typesupport_fastrtps_cpp.hpp
[1.151s] -- Up-to-date: /home/dsh/Documents/work_logs/code/SFUISE/sfuise_ws/install/sfuise_msgs/include/sfuise_msgs/sfuise_msgs/msg/detail/knot__rosidl_typesupport_fastrtps_cpp.hpp
[1.151s] -- Up-to-date: /home/dsh/Documents/work_logs/code/SFUISE/sfuise_ws/install/sfuise_msgs/include/sfuise_msgs/sfuise_msgs/msg/rosidl_typesupport_fastrtps_cpp__visibility_control.h
[1.151s] -- Up-to-date: /home/dsh/Documents/work_logs/code/SFUISE/sfuise_ws/install/sfuise_msgs/lib/libsfuise_msgs__rosidl_typesupport_fastrtps_cpp.so
[1.151s] -- Up-to-date: /home/dsh/Documents/work_logs/code/SFUISE/sfuise_ws/install/sfuise_msgs/include/sfuise_msgs/sfuise_msgs
[1.151s] -- Up-to-date: /home/dsh/Documents/work_logs/code/SFUISE/sfuise_ws/install/sfuise_msgs/include/sfuise_msgs/sfuise_msgs/msg
[1.151s] -- Up-to-date: /home/dsh/Documents/work_logs/code/SFUISE/sfuise_ws/install/sfuise_msgs/include/sfuise_msgs/sfuise_msgs/msg/detail
[1.151s] -- Up-to-date: /home/dsh/Documents/work_logs/code/SFUISE/sfuise_ws/install/sfuise_msgs/include/sfuise_msgs/sfuise_msgs/msg/detail/spline__rosidl_typesupport_introspection_c.h
[1.151s] -- Up-to-date: /home/dsh/Documents/work_logs/code/SFUISE/sfuise_ws/install/sfuise_msgs/include/sfuise_msgs/sfuise_msgs/msg/detail/knot__rosidl_typesupport_introspection_c.h
[1.152s] -- Up-to-date: /home/dsh/Documents/work_logs/code/SFUISE/sfuise_ws/install/sfuise_msgs/include/sfuise_msgs/sfuise_msgs/msg/detail/offset__rosidl_typesupport_introspection_c.h
[1.152s] -- Up-to-date: /home/dsh/Documents/work_logs/code/SFUISE/sfuise_ws/install/sfuise_msgs/include/sfuise_msgs/sfuise_msgs/msg/detail/calib__type_support.c
[1.152s] -- Up-to-date: /home/dsh/Documents/work_logs/code/SFUISE/sfuise_ws/install/sfuise_msgs/include/sfuise_msgs/sfuise_msgs/msg/detail/estimate__rosidl_typesupport_introspection_c.h
[1.152s] -- Up-to-date: /home/dsh/Documents/work_logs/code/SFUISE/sfuise_ws/install/sfuise_msgs/include/sfuise_msgs/sfuise_msgs/msg/detail/knot__type_support.c
[1.152s] -- Up-to-date: /home/dsh/Documents/work_logs/code/SFUISE/sfuise_ws/install/sfuise_msgs/include/sfuise_msgs/sfuise_msgs/msg/detail/spline__type_support.c
[1.152s] -- Up-to-date: /home/dsh/Documents/work_logs/code/SFUISE/sfuise_ws/install/sfuise_msgs/include/sfuise_msgs/sfuise_msgs/msg/detail/estimate__type_support.c
[1.152s] -- Up-to-date: /home/dsh/Documents/work_logs/code/SFUISE/sfuise_ws/install/sfuise_msgs/include/sfuise_msgs/sfuise_msgs/msg/detail/offset__type_support.c
[1.152s] -- Up-to-date: /home/dsh/Documents/work_logs/code/SFUISE/sfuise_ws/install/sfuise_msgs/include/sfuise_msgs/sfuise_msgs/msg/detail/calib__rosidl_typesupport_introspection_c.h
[1.152s] -- Up-to-date: /home/dsh/Documents/work_logs/code/SFUISE/sfuise_ws/install/sfuise_msgs/include/sfuise_msgs/sfuise_msgs/msg/rosidl_typesupport_introspection_c__visibility_control.h
[1.152s] -- Up-to-date: /home/dsh/Documents/work_logs/code/SFUISE/sfuise_ws/install/sfuise_msgs/lib/libsfuise_msgs__rosidl_typesupport_introspection_c.so
[1.153s] -- Up-to-date: /home/dsh/Documents/work_logs/code/SFUISE/sfuise_ws/install/sfuise_msgs/lib/libsfuise_msgs__rosidl_typesupport_c.so
[1.153s] -- Up-to-date: /home/dsh/Documents/work_logs/code/SFUISE/sfuise_ws/install/sfuise_msgs/include/sfuise_msgs/sfuise_msgs
[1.153s] -- Up-to-date: /home/dsh/Documents/work_logs/code/SFUISE/sfuise_ws/install/sfuise_msgs/include/sfuise_msgs/sfuise_msgs/msg
[1.153s] -- Up-to-date: /home/dsh/Documents/work_logs/code/SFUISE/sfuise_ws/install/sfuise_msgs/include/sfuise_msgs/sfuise_msgs/msg/detail
[1.153s] -- Up-to-date: /home/dsh/Documents/work_logs/code/SFUISE/sfuise_ws/install/sfuise_msgs/include/sfuise_msgs/sfuise_msgs/msg/detail/offset__rosidl_typesupport_introspection_cpp.hpp
[1.153s] -- Up-to-date: /home/dsh/Documents/work_logs/code/SFUISE/sfuise_ws/install/sfuise_msgs/include/sfuise_msgs/sfuise_msgs/msg/detail/estimate__rosidl_typesupport_introspection_cpp.hpp
[1.153s] -- Up-to-date: /home/dsh/Documents/work_logs/code/SFUISE/sfuise_ws/install/sfuise_msgs/include/sfuise_msgs/sfuise_msgs/msg/detail/knot__type_support.cpp
[1.153s] -- Up-to-date: /home/dsh/Documents/work_logs/code/SFUISE/sfuise_ws/install/sfuise_msgs/include/sfuise_msgs/sfuise_msgs/msg/detail/spline__rosidl_typesupport_introspection_cpp.hpp
[1.153s] -- Up-to-date: /home/dsh/Documents/work_logs/code/SFUISE/sfuise_ws/install/sfuise_msgs/include/sfuise_msgs/sfuise_msgs/msg/detail/calib__type_support.cpp
[1.154s] -- Up-to-date: /home/dsh/Documents/work_logs/code/SFUISE/sfuise_ws/install/sfuise_msgs/include/sfuise_msgs/sfuise_msgs/msg/detail/knot__rosidl_typesupport_introspection_cpp.hpp
[1.154s] -- Up-to-date: /home/dsh/Documents/work_logs/code/SFUISE/sfuise_ws/install/sfuise_msgs/include/sfuise_msgs/sfuise_msgs/msg/detail/estimate__type_support.cpp
[1.154s] -- Up-to-date: /home/dsh/Documents/work_logs/code/SFUISE/sfuise_ws/install/sfuise_msgs/include/sfuise_msgs/sfuise_msgs/msg/detail/offset__type_support.cpp
[1.154s] -- Up-to-date: /home/dsh/Documents/work_logs/code/SFUISE/sfuise_ws/install/sfuise_msgs/include/sfuise_msgs/sfuise_msgs/msg/detail/calib__rosidl_typesupport_introspection_cpp.hpp
[1.154s] -- Up-to-date: /home/dsh/Documents/work_logs/code/SFUISE/sfuise_ws/install/sfuise_msgs/include/sfuise_msgs/sfuise_msgs/msg/detail/spline__type_support.cpp
[1.154s] -- Up-to-date: /home/dsh/Documents/work_logs/code/SFUISE/sfuise_ws/install/sfuise_msgs/lib/libsfuise_msgs__rosidl_typesupport_introspection_cpp.so
[1.154s] -- Up-to-date: /home/dsh/Documents/work_logs/code/SFUISE/sfuise_ws/install/sfuise_msgs/lib/libsfuise_msgs__rosidl_typesupport_cpp.so
[1.154s] -- Up-to-date: /home/dsh/Documents/work_logs/code/SFUISE/sfuise_ws/install/sfuise_msgs/share/sfuise_msgs/environment/pythonpath.sh
[1.154s] -- Up-to-date: /home/dsh/Documents/work_logs/code/SFUISE/sfuise_ws/install/sfuise_msgs/share/sfuise_msgs/environment/pythonpath.dsv
[1.154s] -- Up-to-date: /home/dsh/Documents/work_logs/code/SFUISE/sfuise_ws/install/sfuise_msgs/local/lib/python3.10/dist-packages/sfuise_msgs-0.0.0-py3.10.egg-info
[1.155s] -- Installing: /home/dsh/Documents/work_logs/code/SFUISE/sfuise_ws/install/sfuise_msgs/local/lib/python3.10/dist-packages/sfuise_msgs-0.0.0-py3.10.egg-info/SOURCES.txt
[1.155s] -- Installing: /home/dsh/Documents/work_logs/code/SFUISE/sfuise_ws/install/sfuise_msgs/local/lib/python3.10/dist-packages/sfuise_msgs-0.0.0-py3.10.egg-info/PKG-INFO
[1.155s] -- Installing: /home/dsh/Documents/work_logs/code/SFUISE/sfuise_ws/install/sfuise_msgs/local/lib/python3.10/dist-packages/sfuise_msgs-0.0.0-py3.10.egg-info/top_level.txt
[1.155s] -- Installing: /home/dsh/Documents/work_logs/code/SFUISE/sfuise_ws/install/sfuise_msgs/local/lib/python3.10/dist-packages/sfuise_msgs-0.0.0-py3.10.egg-info/dependency_links.txt
[1.155s] -- Up-to-date: /home/dsh/Documents/work_logs/code/SFUISE/sfuise_ws/install/sfuise_msgs/local/lib/python3.10/dist-packages/sfuise_msgs
[1.155s] -- Up-to-date: /home/dsh/Documents/work_logs/code/SFUISE/sfuise_ws/install/sfuise_msgs/local/lib/python3.10/dist-packages/sfuise_msgs/_sfuise_msgs_s.ep.rosidl_typesupport_c.c
[1.155s] -- Up-to-date: /home/dsh/Documents/work_logs/code/SFUISE/sfuise_ws/install/sfuise_msgs/local/lib/python3.10/dist-packages/sfuise_msgs/libsfuise_msgs__rosidl_generator_py.so
[1.155s] -- Up-to-date: /home/dsh/Documents/work_logs/code/SFUISE/sfuise_ws/install/sfuise_msgs/local/lib/python3.10/dist-packages/sfuise_msgs/sfuise_msgs_s__rosidl_typesupport_c.cpython-310-x86_64-linux-gnu.so
[1.155s] -- Up-to-date: /home/dsh/Documents/work_logs/code/SFUISE/sfuise_ws/install/sfuise_msgs/local/lib/python3.10/dist-packages/sfuise_msgs/__init__.py
[1.155s] -- Up-to-date: /home/dsh/Documents/work_logs/code/SFUISE/sfuise_ws/install/sfuise_msgs/local/lib/python3.10/dist-packages/sfuise_msgs/_sfuise_msgs_s.ep.rosidl_typesupport_fastrtps_c.c
[1.156s] -- Up-to-date: /home/dsh/Documents/work_logs/code/SFUISE/sfuise_ws/install/sfuise_msgs/local/lib/python3.10/dist-packages/sfuise_msgs/sfuise_msgs_s__rosidl_typesupport_fastrtps_c.cpython-310-x86_64-linux-gnu.so
[1.156s] -- Up-to-date: /home/dsh/Documents/work_logs/code/SFUISE/sfuise_ws/install/sfuise_msgs/local/lib/python3.10/dist-packages/sfuise_msgs/msg
[1.157s] -- Up-to-date: /home/dsh/Documents/work_logs/code/SFUISE/sfuise_ws/install/sfuise_msgs/local/lib/python3.10/dist-packages/sfuise_msgs/msg/_offset_s.c
[1.157s] -- Up-to-date: /home/dsh/Documents/work_logs/code/SFUISE/sfuise_ws/install/sfuise_msgs/local/lib/python3.10/dist-packages/sfuise_msgs/msg/_estimate.py
[1.157s] -- Up-to-date: /home/dsh/Documents/work_logs/code/SFUISE/sfuise_ws/install/sfuise_msgs/local/lib/python3.10/dist-packages/sfuise_msgs/msg/_spline_s.c
[1.157s] -- Up-to-date: /home/dsh/Documents/work_logs/code/SFUISE/sfuise_ws/install/sfuise_msgs/local/lib/python3.10/dist-packages/sfuise_msgs/msg/_spline.py
[1.157s] -- Up-to-date: /home/dsh/Documents/work_logs/code/SFUISE/sfuise_ws/install/sfuise_msgs/local/lib/python3.10/dist-packages/sfuise_msgs/msg/_calib_s.c
[1.157s] -- Up-to-date: /home/dsh/Documents/work_logs/code/SFUISE/sfuise_ws/install/sfuise_msgs/local/lib/python3.10/dist-packages/sfuise_msgs/msg/__init__.py
[1.157s] -- Up-to-date: /home/dsh/Documents/work_logs/code/SFUISE/sfuise_ws/install/sfuise_msgs/local/lib/python3.10/dist-packages/sfuise_msgs/msg/_offset.py
[1.157s] -- Up-to-date: /home/dsh/Documents/work_logs/code/SFUISE/sfuise_ws/install/sfuise_msgs/local/lib/python3.10/dist-packages/sfuise_msgs/msg/_calib.py
[1.158s] -- Up-to-date: /home/dsh/Documents/work_logs/code/SFUISE/sfuise_ws/install/sfuise_msgs/local/lib/python3.10/dist-packages/sfuise_msgs/msg/_knot.py
[1.158s] -- Up-to-date: /home/dsh/Documents/work_logs/code/SFUISE/sfuise_ws/install/sfuise_msgs/local/lib/python3.10/dist-packages/sfuise_msgs/msg/_knot_s.c
[1.158s] -- Up-to-date: /home/dsh/Documents/work_logs/code/SFUISE/sfuise_ws/install/sfuise_msgs/local/lib/python3.10/dist-packages/sfuise_msgs/msg/_estimate_s.c
[1.158s] -- Up-to-date: /home/dsh/Documents/work_logs/code/SFUISE/sfuise_ws/install/sfuise_msgs/local/lib/python3.10/dist-packages/sfuise_msgs/sfuise_msgs_s__rosidl_typesupport_introspection_c.cpython-310-x86_64-linux-gnu.so
[1.158s] -- Up-to-date: /home/dsh/Documents/work_logs/code/SFUISE/sfuise_ws/install/sfuise_msgs/local/lib/python3.10/dist-packages/sfuise_msgs/_sfuise_msgs_s.ep.rosidl_typesupport_introspection_c.c
[1.214s] Listing '/home/dsh/Documents/work_logs/code/SFUISE/sfuise_ws/install/sfuise_msgs/local/lib/python3.10/dist-packages/sfuise_msgs'...
[1.215s] Listing '/home/dsh/Documents/work_logs/code/SFUISE/sfuise_ws/install/sfuise_msgs/local/lib/python3.10/dist-packages/sfuise_msgs/msg'...
[1.236s] -- Up-to-date: /home/dsh/Documents/work_logs/code/SFUISE/sfuise_ws/install/sfuise_msgs/local/lib/python3.10/dist-packages/sfuise_msgs/sfuise_msgs_s__rosidl_typesupport_fastrtps_c.cpython-310-x86_64-linux-gnu.so
[1.239s] -- Up-to-date: /home/dsh/Documents/work_logs/code/SFUISE/sfuise_ws/install/sfuise_msgs/local/lib/python3.10/dist-packages/sfuise_msgs/sfuise_msgs_s__rosidl_typesupport_introspection_c.cpython-310-x86_64-linux-gnu.so
[1.240s] -- Up-to-date: /home/dsh/Documents/work_logs/code/SFUISE/sfuise_ws/install/sfuise_msgs/local/lib/python3.10/dist-packages/sfuise_msgs/sfuise_msgs_s__rosidl_typesupport_c.cpython-310-x86_64-linux-gnu.so
[1.243s] -- Up-to-date: /home/dsh/Documents/work_logs/code/SFUISE/sfuise_ws/install/sfuise_msgs/lib/libsfuise_msgs__rosidl_generator_py.so
[1.244s] -- Up-to-date: /home/dsh/Documents/work_logs/code/SFUISE/sfuise_ws/install/sfuise_msgs/share/sfuise_msgs/msg/Calib.idl
[1.246s] -- Up-to-date: /home/dsh/Documents/work_logs/code/SFUISE/sfuise_ws/install/sfuise_msgs/share/sfuise_msgs/msg/Estimate.idl
[1.247s] -- Up-to-date: /home/dsh/Documents/work_logs/code/SFUISE/sfuise_ws/install/sfuise_msgs/share/sfuise_msgs/msg/Knot.idl
[1.247s] -- Up-to-date: /home/dsh/Documents/work_logs/code/SFUISE/sfuise_ws/install/sfuise_msgs/share/sfuise_msgs/msg/Offset.idl
[1.247s] -- Up-to-date: /home/dsh/Documents/work_logs/code/SFUISE/sfuise_ws/install/sfuise_msgs/share/sfuise_msgs/msg/Spline.idl
[1.248s] -- Up-to-date: /home/dsh/Documents/work_logs/code/SFUISE/sfuise_ws/install/sfuise_msgs/share/sfuise_msgs/msg/Calib.msg
[1.248s] -- Up-to-date: /home/dsh/Documents/work_logs/code/SFUISE/sfuise_ws/install/sfuise_msgs/share/sfuise_msgs/msg/Estimate.msg
[1.248s] -- Up-to-date: /home/dsh/Documents/work_logs/code/SFUISE/sfuise_ws/install/sfuise_msgs/share/sfuise_msgs/msg/Knot.msg
[1.251s] -- Up-to-date: /home/dsh/Documents/work_logs/code/SFUISE/sfuise_ws/install/sfuise_msgs/share/sfuise_msgs/msg/Offset.msg
[1.252s] -- Up-to-date: /home/dsh/Documents/work_logs/code/SFUISE/sfuise_ws/install/sfuise_msgs/share/sfuise_msgs/msg/Spline.msg
[1.253s] -- Up-to-date: /home/dsh/Documents/work_logs/code/SFUISE/sfuise_ws/install/sfuise_msgs/share/ament_index/resource_index/package_run_dependencies/sfuise_msgs
[1.253s] -- Up-to-date: /home/dsh/Documents/work_logs/code/SFUISE/sfuise_ws/install/sfuise_msgs/share/ament_index/resource_index/parent_prefix_path/sfuise_msgs
[1.253s] -- Up-to-date: /home/dsh/Documents/work_logs/code/SFUISE/sfuise_ws/install/sfuise_msgs/share/sfuise_msgs/environment/ament_prefix_path.sh
[1.253s] -- Up-to-date: /home/dsh/Documents/work_logs/code/SFUISE/sfuise_ws/install/sfuise_msgs/share/sfuise_msgs/environment/ament_prefix_path.dsv
[1.253s] -- Up-to-date: /home/dsh/Documents/work_logs/code/SFUISE/sfuise_ws/install/sfuise_msgs/share/sfuise_msgs/environment/path.sh
[1.253s] -- Up-to-date: /home/dsh/Documents/work_logs/code/SFUISE/sfuise_ws/install/sfuise_msgs/share/sfuise_msgs/environment/path.dsv
[1.253s] -- Up-to-date: /home/dsh/Documents/work_logs/code/SFUISE/sfuise_ws/install/sfuise_msgs/share/sfuise_msgs/local_setup.bash
[1.254s] -- Up-to-date: /home/dsh/Documents/work_logs/code/SFUISE/sfuise_ws/install/sfuise_msgs/share/sfuise_msgs/local_setup.sh
[1.254s] -- Up-to-date: /home/dsh/Documents/work_logs/code/SFUISE/sfuise_ws/install/sfuise_msgs/share/sfuise_msgs/local_setup.zsh
[1.254s] -- Up-to-date: /home/dsh/Documents/work_logs/code/SFUISE/sfuise_ws/install/sfuise_msgs/share/sfuise_msgs/local_setup.dsv
[1.255s] -- Installing: /home/dsh/Documents/work_logs/code/SFUISE/sfuise_ws/install/sfuise_msgs/share/sfuise_msgs/package.dsv
[1.256s] -- Up-to-date: /home/dsh/Documents/work_logs/code/SFUISE/sfuise_ws/install/sfuise_msgs/share/ament_index/resource_index/packages/sfuise_msgs
[1.256s] -- Up-to-date: /home/dsh/Documents/work_logs/code/SFUISE/sfuise_ws/install/sfuise_msgs/share/sfuise_msgs/cmake/export_sfuise_msgs__rosidl_generator_cExport.cmake
[1.256s] -- Up-to-date: /home/dsh/Documents/work_logs/code/SFUISE/sfuise_ws/install/sfuise_msgs/share/sfuise_msgs/cmake/export_sfuise_msgs__rosidl_generator_cExport-noconfig.cmake
[1.256s] -- Up-to-date: /home/dsh/Documents/work_logs/code/SFUISE/sfuise_ws/install/sfuise_msgs/share/sfuise_msgs/cmake/export_sfuise_msgs__rosidl_typesupport_fastrtps_cExport.cmake
[1.256s] -- Up-to-date: /home/dsh/Documents/work_logs/code/SFUISE/sfuise_ws/install/sfuise_msgs/share/sfuise_msgs/cmake/export_sfuise_msgs__rosidl_typesupport_fastrtps_cExport-noconfig.cmake
[1.257s] -- Up-to-date: /home/dsh/Documents/work_logs/code/SFUISE/sfuise_ws/install/sfuise_msgs/share/sfuise_msgs/cmake/export_sfuise_msgs__rosidl_generator_cppExport.cmake
[1.257s] -- Up-to-date: /home/dsh/Documents/work_logs/code/SFUISE/sfuise_ws/install/sfuise_msgs/share/sfuise_msgs/cmake/export_sfuise_msgs__rosidl_typesupport_fastrtps_cppExport.cmake
[1.257s] -- Up-to-date: /home/dsh/Documents/work_logs/code/SFUISE/sfuise_ws/install/sfuise_msgs/share/sfuise_msgs/cmake/export_sfuise_msgs__rosidl_typesupport_fastrtps_cppExport-noconfig.cmake
[1.257s] -- Up-to-date: /home/dsh/Documents/work_logs/code/SFUISE/sfuise_ws/install/sfuise_msgs/share/sfuise_msgs/cmake/sfuise_msgs__rosidl_typesupport_introspection_cExport.cmake
[1.257s] -- Up-to-date: /home/dsh/Documents/work_logs/code/SFUISE/sfuise_ws/install/sfuise_msgs/share/sfuise_msgs/cmake/sfuise_msgs__rosidl_typesupport_introspection_cExport-noconfig.cmake
[1.258s] -- Up-to-date: /home/dsh/Documents/work_logs/code/SFUISE/sfuise_ws/install/sfuise_msgs/share/sfuise_msgs/cmake/sfuise_msgs__rosidl_typesupport_cExport.cmake
[1.258s] -- Up-to-date: /home/dsh/Documents/work_logs/code/SFUISE/sfuise_ws/install/sfuise_msgs/share/sfuise_msgs/cmake/sfuise_msgs__rosidl_typesupport_cExport-noconfig.cmake
[1.259s] -- Up-to-date: /home/dsh/Documents/work_logs/code/SFUISE/sfuise_ws/install/sfuise_msgs/share/sfuise_msgs/cmake/sfuise_msgs__rosidl_typesupport_introspection_cppExport.cmake
[1.259s] -- Up-to-date: /home/dsh/Documents/work_logs/code/SFUISE/sfuise_ws/install/sfuise_msgs/share/sfuise_msgs/cmake/sfuise_msgs__rosidl_typesupport_introspection_cppExport-noconfig.cmake
[1.260s] -- Up-to-date: /home/dsh/Documents/work_logs/code/SFUISE/sfuise_ws/install/sfuise_msgs/share/sfuise_msgs/cmake/sfuise_msgs__rosidl_typesupport_cppExport.cmake
[1.260s] -- Up-to-date: /home/dsh/Documents/work_logs/code/SFUISE/sfuise_ws/install/sfuise_msgs/share/sfuise_msgs/cmake/sfuise_msgs__rosidl_typesupport_cppExport-noconfig.cmake
[1.260s] -- Up-to-date: /home/dsh/Documents/work_logs/code/SFUISE/sfuise_ws/install/sfuise_msgs/share/sfuise_msgs/cmake/export_sfuise_msgs__rosidl_generator_pyExport.cmake
[1.261s] -- Up-to-date: /home/dsh/Documents/work_logs/code/SFUISE/sfuise_ws/install/sfuise_msgs/share/sfuise_msgs/cmake/export_sfuise_msgs__rosidl_generator_pyExport-noconfig.cmake
[1.264s] -- Up-to-date: /home/dsh/Documents/work_logs/code/SFUISE/sfuise_ws/install/sfuise_msgs/share/sfuise_msgs/cmake/rosidl_cmake-extras.cmake
[1.264s] -- Up-to-date: /home/dsh/Documents/work_logs/code/SFUISE/sfuise_ws/install/sfuise_msgs/share/sfuise_msgs/cmake/ament_cmake_export_dependencies-extras.cmake
[1.265s] -- Up-to-date: /home/dsh/Documents/work_logs/code/SFUISE/sfuise_ws/install/sfuise_msgs/share/sfuise_msgs/cmake/ament_cmake_export_include_directories-extras.cmake
[1.265s] -- Up-to-date: /home/dsh/Documents/work_logs/code/SFUISE/sfuise_ws/install/sfuise_msgs/share/sfuise_msgs/cmake/ament_cmake_export_libraries-extras.cmake
[1.265s] -- Up-to-date: /home/dsh/Documents/work_logs/code/SFUISE/sfuise_ws/install/sfuise_msgs/share/sfuise_msgs/cmake/ament_cmake_export_targets-extras.cmake
[1.266s] -- Up-to-date: /home/dsh/Documents/work_logs/code/SFUISE/sfuise_ws/install/sfuise_msgs/share/sfuise_msgs/cmake/rosidl_cmake_export_typesupport_targets-extras.cmake
[1.267s] -- Up-to-date: /home/dsh/Documents/work_logs/code/SFUISE/sfuise_ws/install/sfuise_msgs/share/sfuise_msgs/cmake/rosidl_cmake_export_typesupport_libraries-extras.cmake
[1.267s] -- Up-to-date: /home/dsh/Documents/work_logs/code/SFUISE/sfuise_ws/install/sfuise_msgs/share/sfuise_msgs/cmake/sfuise_msgsConfig.cmake
[1.268s] -- Up-to-date: /home/dsh/Documents/work_logs/code/SFUISE/sfuise_ws/install/sfuise_msgs/share/sfuise_msgs/cmake/sfuise_msgsConfig-version.cmake
[1.268s] -- Up-to-date: /home/dsh/Documents/work_logs/code/SFUISE/sfuise_ws/install/sfuise_msgs/share/sfuise_msgs/package.xml
[1.369s] Invoked command in '/home/dsh/Documents/work_logs/code/SFUISE/sfuise_ws/build/sfuise_msgs' returned '0': CMAKE_PREFIX_PATH=/opt/ros/humble /usr/bin/cmake --install /home/dsh/Documents/work_logs/code/SFUISE/sfuise_ws/build/sfuise_msgs
