[0.037s] Invoking command in '/home/dsh/Documents/work_logs/code/SFUISE/sfuise_ws/build/isas_msgs': CMAKE_PREFIX_PATH=${CMAKE_PREFIX_PATH}:/opt/ros/humble /usr/bin/cmake --build /home/dsh/Documents/work_logs/code/SFUISE/sfuise_ws/build/isas_msgs -- -j20 -l20
[0.157s] [  1%] Built target isas_msgs__cpp
[0.160s] [ 12%] Built target isas_msgs__rosidl_generator_c
[0.193s] [ 12%] Built target ament_cmake_python_copy_isas_msgs
[0.231s] [ 23%] Built target isas_msgs__rosidl_typesupport_c
[0.232s] [ 34%] Built target isas_msgs__rosidl_typesupport_cpp
[0.236s] [ 45%] Built target isas_msgs__rosidl_typesupport_fastrtps_cpp
[0.237s] [ 56%] Built target isas_msgs__rosidl_typesupport_fastrtps_c
[0.240s] [ 67%] Built target isas_msgs__rosidl_typesupport_introspection_cpp
[0.241s] [ 78%] Built target isas_msgs__rosidl_typesupport_introspection_c
[0.293s] [ 78%] Built target isas_msgs
[0.335s] [ 80%] Built target isas_msgs__py
[0.385s] [ 89%] Built target isas_msgs__rosidl_generator_py
[0.438s] [ 92%] Built target isas_msgs__rosidl_typesupport_fastrtps_c__pyext
[0.439s] [ 96%] Built target isas_msgs__rosidl_typesupport_introspection_c__pyext
[0.445s] [100%] Built target isas_msgs__rosidl_typesupport_c__pyext
[0.868s] running egg_info
[0.872s] writing isas_msgs.egg-info/PKG-INFO
[0.874s] writing dependency_links to isas_msgs.egg-info/dependency_links.txt
[0.875s] writing top-level names to isas_msgs.egg-info/top_level.txt
[0.877s] reading manifest file 'isas_msgs.egg-info/SOURCES.txt'
[0.879s] writing manifest file 'isas_msgs.egg-info/SOURCES.txt'
[0.966s] [100%] Built target ament_cmake_python_build_isas_msgs_egg
[0.978s] Invoked command in '/home/dsh/Documents/work_logs/code/SFUISE/sfuise_ws/build/isas_msgs' returned '0': CMAKE_PREFIX_PATH=${CMAKE_PREFIX_PATH}:/opt/ros/humble /usr/bin/cmake --build /home/dsh/Documents/work_logs/code/SFUISE/sfuise_ws/build/isas_msgs -- -j20 -l20
[0.981s] Invoking command in '/home/dsh/Documents/work_logs/code/SFUISE/sfuise_ws/build/isas_msgs': CMAKE_PREFIX_PATH=${CMAKE_PREFIX_PATH}:/opt/ros/humble /usr/bin/cmake --install /home/dsh/Documents/work_logs/code/SFUISE/sfuise_ws/build/isas_msgs
[0.998s] -- Install configuration: ""
[0.998s] -- Up-to-date: /home/dsh/Documents/work_logs/code/SFUISE/sfuise_ws/install/isas_msgs/share/ament_index/resource_index/rosidl_interfaces/isas_msgs
[0.999s] -- Up-to-date: /home/dsh/Documents/work_logs/code/SFUISE/sfuise_ws/install/isas_msgs/include/isas_msgs/isas_msgs
[0.999s] -- Up-to-date: /home/dsh/Documents/work_logs/code/SFUISE/sfuise_ws/install/isas_msgs/include/isas_msgs/isas_msgs/msg
[0.999s] -- Up-to-date: /home/dsh/Documents/work_logs/code/SFUISE/sfuise_ws/install/isas_msgs/include/isas_msgs/isas_msgs/msg/detail
[0.999s] -- Up-to-date: /home/dsh/Documents/work_logs/code/SFUISE/sfuise_ws/install/isas_msgs/include/isas_msgs/isas_msgs/msg/detail/anchor_position__type_support.h
[0.999s] -- Up-to-date: /home/dsh/Documents/work_logs/code/SFUISE/sfuise_ws/install/isas_msgs/include/isas_msgs/isas_msgs/msg/detail/rtls_stick__functions.c
[0.999s] -- Up-to-date: /home/dsh/Documents/work_logs/code/SFUISE/sfuise_ws/install/isas_msgs/include/isas_msgs/isas_msgs/msg/detail/anchorlist__functions.c
[1.000s] -- Up-to-date: /home/dsh/Documents/work_logs/code/SFUISE/sfuise_ws/install/isas_msgs/include/isas_msgs/isas_msgs/msg/detail/anchorlist__type_support.h
[1.000s] -- Up-to-date: /home/dsh/Documents/work_logs/code/SFUISE/sfuise_ws/install/isas_msgs/include/isas_msgs/isas_msgs/msg/detail/rtls_stick__type_support.h
[1.000s] -- Up-to-date: /home/dsh/Documents/work_logs/code/SFUISE/sfuise_ws/install/isas_msgs/include/isas_msgs/isas_msgs/msg/detail/rtls_range__type_support.h
[1.000s] -- Up-to-date: /home/dsh/Documents/work_logs/code/SFUISE/sfuise_ws/install/isas_msgs/include/isas_msgs/isas_msgs/msg/detail/rtls_stick__struct.h
[1.000s] -- Up-to-date: /home/dsh/Documents/work_logs/code/SFUISE/sfuise_ws/install/isas_msgs/include/isas_msgs/isas_msgs/msg/detail/rtls_stick__functions.h
[1.001s] -- Up-to-date: /home/dsh/Documents/work_logs/code/SFUISE/sfuise_ws/install/isas_msgs/include/isas_msgs/isas_msgs/msg/detail/rtls_range__functions.c
[1.001s] -- Up-to-date: /home/dsh/Documents/work_logs/code/SFUISE/sfuise_ws/install/isas_msgs/include/isas_msgs/isas_msgs/msg/detail/rtls_range__struct.h
[1.001s] -- Up-to-date: /home/dsh/Documents/work_logs/code/SFUISE/sfuise_ws/install/isas_msgs/include/isas_msgs/isas_msgs/msg/detail/rtls_range__functions.h
[1.001s] -- Up-to-date: /home/dsh/Documents/work_logs/code/SFUISE/sfuise_ws/install/isas_msgs/include/isas_msgs/isas_msgs/msg/detail/anchorlist__functions.h
[1.001s] -- Up-to-date: /home/dsh/Documents/work_logs/code/SFUISE/sfuise_ws/install/isas_msgs/include/isas_msgs/isas_msgs/msg/detail/anchor_position__functions.h
[1.002s] -- Up-to-date: /home/dsh/Documents/work_logs/code/SFUISE/sfuise_ws/install/isas_msgs/include/isas_msgs/isas_msgs/msg/detail/anchor_position__struct.h
[1.002s] -- Up-to-date: /home/dsh/Documents/work_logs/code/SFUISE/sfuise_ws/install/isas_msgs/include/isas_msgs/isas_msgs/msg/detail/anchorlist__struct.h
[1.002s] -- Up-to-date: /home/dsh/Documents/work_logs/code/SFUISE/sfuise_ws/install/isas_msgs/include/isas_msgs/isas_msgs/msg/detail/anchor_position__functions.c
[1.002s] -- Up-to-date: /home/dsh/Documents/work_logs/code/SFUISE/sfuise_ws/install/isas_msgs/include/isas_msgs/isas_msgs/msg/anchor_position.h
[1.002s] -- Up-to-date: /home/dsh/Documents/work_logs/code/SFUISE/sfuise_ws/install/isas_msgs/include/isas_msgs/isas_msgs/msg/rtls_stick.h
[1.002s] -- Up-to-date: /home/dsh/Documents/work_logs/code/SFUISE/sfuise_ws/install/isas_msgs/include/isas_msgs/isas_msgs/msg/rtls_range.h
[1.003s] -- Up-to-date: /home/dsh/Documents/work_logs/code/SFUISE/sfuise_ws/install/isas_msgs/include/isas_msgs/isas_msgs/msg/rosidl_generator_c__visibility_control.h
[1.003s] -- Up-to-date: /home/dsh/Documents/work_logs/code/SFUISE/sfuise_ws/install/isas_msgs/include/isas_msgs/isas_msgs/msg/anchorlist.h
[1.003s] -- Up-to-date: /home/dsh/Documents/work_logs/code/SFUISE/sfuise_ws/install/isas_msgs/share/isas_msgs/environment/library_path.sh
[1.003s] -- Up-to-date: /home/dsh/Documents/work_logs/code/SFUISE/sfuise_ws/install/isas_msgs/share/isas_msgs/environment/library_path.dsv
[1.003s] -- Up-to-date: /home/dsh/Documents/work_logs/code/SFUISE/sfuise_ws/install/isas_msgs/lib/libisas_msgs__rosidl_generator_c.so
[1.003s] -- Up-to-date: /home/dsh/Documents/work_logs/code/SFUISE/sfuise_ws/install/isas_msgs/include/isas_msgs/isas_msgs
[1.003s] -- Up-to-date: /home/dsh/Documents/work_logs/code/SFUISE/sfuise_ws/install/isas_msgs/include/isas_msgs/isas_msgs/msg
[1.004s] -- Up-to-date: /home/dsh/Documents/work_logs/code/SFUISE/sfuise_ws/install/isas_msgs/include/isas_msgs/isas_msgs/msg/rosidl_typesupport_fastrtps_c__visibility_control.h
[1.004s] -- Up-to-date: /home/dsh/Documents/work_logs/code/SFUISE/sfuise_ws/install/isas_msgs/include/isas_msgs/isas_msgs/msg/detail
[1.004s] -- Up-to-date: /home/dsh/Documents/work_logs/code/SFUISE/sfuise_ws/install/isas_msgs/include/isas_msgs/isas_msgs/msg/detail/anchor_position__rosidl_typesupport_fastrtps_c.h
[1.005s] -- Up-to-date: /home/dsh/Documents/work_logs/code/SFUISE/sfuise_ws/install/isas_msgs/include/isas_msgs/isas_msgs/msg/detail/rtls_stick__rosidl_typesupport_fastrtps_c.h
[1.005s] -- Up-to-date: /home/dsh/Documents/work_logs/code/SFUISE/sfuise_ws/install/isas_msgs/include/isas_msgs/isas_msgs/msg/detail/anchorlist__rosidl_typesupport_fastrtps_c.h
[1.005s] -- Up-to-date: /home/dsh/Documents/work_logs/code/SFUISE/sfuise_ws/install/isas_msgs/include/isas_msgs/isas_msgs/msg/detail/rtls_range__rosidl_typesupport_fastrtps_c.h
[1.005s] -- Up-to-date: /home/dsh/Documents/work_logs/code/SFUISE/sfuise_ws/install/isas_msgs/lib/libisas_msgs__rosidl_typesupport_fastrtps_c.so
[1.005s] -- Up-to-date: /home/dsh/Documents/work_logs/code/SFUISE/sfuise_ws/install/isas_msgs/include/isas_msgs/isas_msgs
[1.006s] -- Up-to-date: /home/dsh/Documents/work_logs/code/SFUISE/sfuise_ws/install/isas_msgs/include/isas_msgs/isas_msgs/msg
[1.006s] -- Up-to-date: /home/dsh/Documents/work_logs/code/SFUISE/sfuise_ws/install/isas_msgs/include/isas_msgs/isas_msgs/msg/detail
[1.006s] -- Up-to-date: /home/dsh/Documents/work_logs/code/SFUISE/sfuise_ws/install/isas_msgs/include/isas_msgs/isas_msgs/msg/detail/anchorlist__type_support.hpp
[1.006s] -- Up-to-date: /home/dsh/Documents/work_logs/code/SFUISE/sfuise_ws/install/isas_msgs/include/isas_msgs/isas_msgs/msg/detail/rtls_stick__struct.hpp
[1.006s] -- Up-to-date: /home/dsh/Documents/work_logs/code/SFUISE/sfuise_ws/install/isas_msgs/include/isas_msgs/isas_msgs/msg/detail/anchor_position__traits.hpp
[1.006s] -- Up-to-date: /home/dsh/Documents/work_logs/code/SFUISE/sfuise_ws/install/isas_msgs/include/isas_msgs/isas_msgs/msg/detail/anchorlist__traits.hpp
[1.007s] -- Up-to-date: /home/dsh/Documents/work_logs/code/SFUISE/sfuise_ws/install/isas_msgs/include/isas_msgs/isas_msgs/msg/detail/anchorlist__builder.hpp
[1.007s] -- Up-to-date: /home/dsh/Documents/work_logs/code/SFUISE/sfuise_ws/install/isas_msgs/include/isas_msgs/isas_msgs/msg/detail/rtls_stick__builder.hpp
[1.007s] -- Up-to-date: /home/dsh/Documents/work_logs/code/SFUISE/sfuise_ws/install/isas_msgs/include/isas_msgs/isas_msgs/msg/detail/rtls_range__struct.hpp
[1.007s] -- Up-to-date: /home/dsh/Documents/work_logs/code/SFUISE/sfuise_ws/install/isas_msgs/include/isas_msgs/isas_msgs/msg/detail/anchor_position__struct.hpp
[1.007s] -- Up-to-date: /home/dsh/Documents/work_logs/code/SFUISE/sfuise_ws/install/isas_msgs/include/isas_msgs/isas_msgs/msg/detail/rtls_range__builder.hpp
[1.007s] -- Up-to-date: /home/dsh/Documents/work_logs/code/SFUISE/sfuise_ws/install/isas_msgs/include/isas_msgs/isas_msgs/msg/detail/anchorlist__struct.hpp
[1.008s] -- Up-to-date: /home/dsh/Documents/work_logs/code/SFUISE/sfuise_ws/install/isas_msgs/include/isas_msgs/isas_msgs/msg/detail/rtls_stick__traits.hpp
[1.008s] -- Up-to-date: /home/dsh/Documents/work_logs/code/SFUISE/sfuise_ws/install/isas_msgs/include/isas_msgs/isas_msgs/msg/detail/anchor_position__builder.hpp
[1.008s] -- Up-to-date: /home/dsh/Documents/work_logs/code/SFUISE/sfuise_ws/install/isas_msgs/include/isas_msgs/isas_msgs/msg/detail/anchor_position__type_support.hpp
[1.008s] -- Up-to-date: /home/dsh/Documents/work_logs/code/SFUISE/sfuise_ws/install/isas_msgs/include/isas_msgs/isas_msgs/msg/detail/rtls_range__type_support.hpp
[1.008s] -- Up-to-date: /home/dsh/Documents/work_logs/code/SFUISE/sfuise_ws/install/isas_msgs/include/isas_msgs/isas_msgs/msg/detail/rtls_range__traits.hpp
[1.008s] -- Up-to-date: /home/dsh/Documents/work_logs/code/SFUISE/sfuise_ws/install/isas_msgs/include/isas_msgs/isas_msgs/msg/detail/rtls_stick__type_support.hpp
[1.009s] -- Up-to-date: /home/dsh/Documents/work_logs/code/SFUISE/sfuise_ws/install/isas_msgs/include/isas_msgs/isas_msgs/msg/anchor_position.hpp
[1.009s] -- Up-to-date: /home/dsh/Documents/work_logs/code/SFUISE/sfuise_ws/install/isas_msgs/include/isas_msgs/isas_msgs/msg/anchorlist.hpp
[1.009s] -- Up-to-date: /home/dsh/Documents/work_logs/code/SFUISE/sfuise_ws/install/isas_msgs/include/isas_msgs/isas_msgs/msg/rtls_range.hpp
[1.009s] -- Up-to-date: /home/dsh/Documents/work_logs/code/SFUISE/sfuise_ws/install/isas_msgs/include/isas_msgs/isas_msgs/msg/rtls_stick.hpp
[1.009s] -- Up-to-date: /home/dsh/Documents/work_logs/code/SFUISE/sfuise_ws/install/isas_msgs/include/isas_msgs/isas_msgs/msg/rosidl_generator_cpp__visibility_control.hpp
[1.009s] -- Up-to-date: /home/dsh/Documents/work_logs/code/SFUISE/sfuise_ws/install/isas_msgs/include/isas_msgs/isas_msgs
[1.010s] -- Up-to-date: /home/dsh/Documents/work_logs/code/SFUISE/sfuise_ws/install/isas_msgs/include/isas_msgs/isas_msgs/msg
[1.010s] -- Up-to-date: /home/dsh/Documents/work_logs/code/SFUISE/sfuise_ws/install/isas_msgs/include/isas_msgs/isas_msgs/msg/detail
[1.010s] -- Up-to-date: /home/dsh/Documents/work_logs/code/SFUISE/sfuise_ws/install/isas_msgs/include/isas_msgs/isas_msgs/msg/detail/anchorlist__rosidl_typesupport_fastrtps_cpp.hpp
[1.010s] -- Up-to-date: /home/dsh/Documents/work_logs/code/SFUISE/sfuise_ws/install/isas_msgs/include/isas_msgs/isas_msgs/msg/detail/dds_fastrtps
[1.010s] -- Up-to-date: /home/dsh/Documents/work_logs/code/SFUISE/sfuise_ws/install/isas_msgs/include/isas_msgs/isas_msgs/msg/detail/rtls_stick__rosidl_typesupport_fastrtps_cpp.hpp
[1.010s] -- Up-to-date: /home/dsh/Documents/work_logs/code/SFUISE/sfuise_ws/install/isas_msgs/include/isas_msgs/isas_msgs/msg/detail/rtls_range__rosidl_typesupport_fastrtps_cpp.hpp
[1.011s] -- Up-to-date: /home/dsh/Documents/work_logs/code/SFUISE/sfuise_ws/install/isas_msgs/include/isas_msgs/isas_msgs/msg/detail/anchor_position__rosidl_typesupport_fastrtps_cpp.hpp
[1.011s] -- Up-to-date: /home/dsh/Documents/work_logs/code/SFUISE/sfuise_ws/install/isas_msgs/include/isas_msgs/isas_msgs/msg/rosidl_typesupport_fastrtps_cpp__visibility_control.h
[1.011s] -- Up-to-date: /home/dsh/Documents/work_logs/code/SFUISE/sfuise_ws/install/isas_msgs/lib/libisas_msgs__rosidl_typesupport_fastrtps_cpp.so
[1.011s] -- Up-to-date: /home/dsh/Documents/work_logs/code/SFUISE/sfuise_ws/install/isas_msgs/include/isas_msgs/isas_msgs
[1.011s] -- Up-to-date: /home/dsh/Documents/work_logs/code/SFUISE/sfuise_ws/install/isas_msgs/include/isas_msgs/isas_msgs/msg
[1.012s] -- Up-to-date: /home/dsh/Documents/work_logs/code/SFUISE/sfuise_ws/install/isas_msgs/include/isas_msgs/isas_msgs/msg/detail
[1.012s] -- Up-to-date: /home/dsh/Documents/work_logs/code/SFUISE/sfuise_ws/install/isas_msgs/include/isas_msgs/isas_msgs/msg/detail/rtls_stick__type_support.c
[1.012s] -- Up-to-date: /home/dsh/Documents/work_logs/code/SFUISE/sfuise_ws/install/isas_msgs/include/isas_msgs/isas_msgs/msg/detail/anchor_position__type_support.c
[1.012s] -- Up-to-date: /home/dsh/Documents/work_logs/code/SFUISE/sfuise_ws/install/isas_msgs/include/isas_msgs/isas_msgs/msg/detail/rtls_range__rosidl_typesupport_introspection_c.h
[1.012s] -- Up-to-date: /home/dsh/Documents/work_logs/code/SFUISE/sfuise_ws/install/isas_msgs/include/isas_msgs/isas_msgs/msg/detail/anchor_position__rosidl_typesupport_introspection_c.h
[1.013s] -- Up-to-date: /home/dsh/Documents/work_logs/code/SFUISE/sfuise_ws/install/isas_msgs/include/isas_msgs/isas_msgs/msg/detail/rtls_stick__rosidl_typesupport_introspection_c.h
[1.013s] -- Up-to-date: /home/dsh/Documents/work_logs/code/SFUISE/sfuise_ws/install/isas_msgs/include/isas_msgs/isas_msgs/msg/detail/anchorlist__type_support.c
[1.013s] -- Up-to-date: /home/dsh/Documents/work_logs/code/SFUISE/sfuise_ws/install/isas_msgs/include/isas_msgs/isas_msgs/msg/detail/rtls_range__type_support.c
[1.013s] -- Up-to-date: /home/dsh/Documents/work_logs/code/SFUISE/sfuise_ws/install/isas_msgs/include/isas_msgs/isas_msgs/msg/detail/anchorlist__rosidl_typesupport_introspection_c.h
[1.013s] -- Up-to-date: /home/dsh/Documents/work_logs/code/SFUISE/sfuise_ws/install/isas_msgs/include/isas_msgs/isas_msgs/msg/rosidl_typesupport_introspection_c__visibility_control.h
[1.013s] -- Up-to-date: /home/dsh/Documents/work_logs/code/SFUISE/sfuise_ws/install/isas_msgs/lib/libisas_msgs__rosidl_typesupport_introspection_c.so
[1.013s] -- Up-to-date: /home/dsh/Documents/work_logs/code/SFUISE/sfuise_ws/install/isas_msgs/lib/libisas_msgs__rosidl_typesupport_c.so
[1.013s] -- Up-to-date: /home/dsh/Documents/work_logs/code/SFUISE/sfuise_ws/install/isas_msgs/include/isas_msgs/isas_msgs
[1.013s] -- Up-to-date: /home/dsh/Documents/work_logs/code/SFUISE/sfuise_ws/install/isas_msgs/include/isas_msgs/isas_msgs/msg
[1.013s] -- Up-to-date: /home/dsh/Documents/work_logs/code/SFUISE/sfuise_ws/install/isas_msgs/include/isas_msgs/isas_msgs/msg/detail
[1.013s] -- Up-to-date: /home/dsh/Documents/work_logs/code/SFUISE/sfuise_ws/install/isas_msgs/include/isas_msgs/isas_msgs/msg/detail/anchorlist__rosidl_typesupport_introspection_cpp.hpp
[1.013s] -- Up-to-date: /home/dsh/Documents/work_logs/code/SFUISE/sfuise_ws/install/isas_msgs/include/isas_msgs/isas_msgs/msg/detail/anchor_position__rosidl_typesupport_introspection_cpp.hpp
[1.013s] -- Up-to-date: /home/dsh/Documents/work_logs/code/SFUISE/sfuise_ws/install/isas_msgs/include/isas_msgs/isas_msgs/msg/detail/rtls_range__rosidl_typesupport_introspection_cpp.hpp
[1.014s] -- Up-to-date: /home/dsh/Documents/work_logs/code/SFUISE/sfuise_ws/install/isas_msgs/include/isas_msgs/isas_msgs/msg/detail/rtls_range__type_support.cpp
[1.014s] -- Up-to-date: /home/dsh/Documents/work_logs/code/SFUISE/sfuise_ws/install/isas_msgs/include/isas_msgs/isas_msgs/msg/detail/anchorlist__type_support.cpp
[1.014s] -- Up-to-date: /home/dsh/Documents/work_logs/code/SFUISE/sfuise_ws/install/isas_msgs/include/isas_msgs/isas_msgs/msg/detail/anchor_position__type_support.cpp
[1.014s] -- Up-to-date: /home/dsh/Documents/work_logs/code/SFUISE/sfuise_ws/install/isas_msgs/include/isas_msgs/isas_msgs/msg/detail/rtls_stick__rosidl_typesupport_introspection_cpp.hpp
[1.014s] -- Up-to-date: /home/dsh/Documents/work_logs/code/SFUISE/sfuise_ws/install/isas_msgs/include/isas_msgs/isas_msgs/msg/detail/rtls_stick__type_support.cpp
[1.014s] -- Up-to-date: /home/dsh/Documents/work_logs/code/SFUISE/sfuise_ws/install/isas_msgs/lib/libisas_msgs__rosidl_typesupport_introspection_cpp.so
[1.014s] -- Up-to-date: /home/dsh/Documents/work_logs/code/SFUISE/sfuise_ws/install/isas_msgs/lib/libisas_msgs__rosidl_typesupport_cpp.so
[1.014s] -- Up-to-date: /home/dsh/Documents/work_logs/code/SFUISE/sfuise_ws/install/isas_msgs/share/isas_msgs/environment/pythonpath.sh
[1.014s] -- Up-to-date: /home/dsh/Documents/work_logs/code/SFUISE/sfuise_ws/install/isas_msgs/share/isas_msgs/environment/pythonpath.dsv
[1.014s] -- Up-to-date: /home/dsh/Documents/work_logs/code/SFUISE/sfuise_ws/install/isas_msgs/local/lib/python3.10/dist-packages/isas_msgs-0.0.0-py3.10.egg-info
[1.015s] -- Installing: /home/dsh/Documents/work_logs/code/SFUISE/sfuise_ws/install/isas_msgs/local/lib/python3.10/dist-packages/isas_msgs-0.0.0-py3.10.egg-info/SOURCES.txt
[1.015s] -- Installing: /home/dsh/Documents/work_logs/code/SFUISE/sfuise_ws/install/isas_msgs/local/lib/python3.10/dist-packages/isas_msgs-0.0.0-py3.10.egg-info/PKG-INFO
[1.015s] -- Installing: /home/dsh/Documents/work_logs/code/SFUISE/sfuise_ws/install/isas_msgs/local/lib/python3.10/dist-packages/isas_msgs-0.0.0-py3.10.egg-info/top_level.txt
[1.015s] -- Installing: /home/dsh/Documents/work_logs/code/SFUISE/sfuise_ws/install/isas_msgs/local/lib/python3.10/dist-packages/isas_msgs-0.0.0-py3.10.egg-info/dependency_links.txt
[1.016s] -- Up-to-date: /home/dsh/Documents/work_logs/code/SFUISE/sfuise_ws/install/isas_msgs/local/lib/python3.10/dist-packages/isas_msgs
[1.016s] -- Up-to-date: /home/dsh/Documents/work_logs/code/SFUISE/sfuise_ws/install/isas_msgs/local/lib/python3.10/dist-packages/isas_msgs/libisas_msgs__rosidl_generator_py.so
[1.016s] -- Up-to-date: /home/dsh/Documents/work_logs/code/SFUISE/sfuise_ws/install/isas_msgs/local/lib/python3.10/dist-packages/isas_msgs/isas_msgs_s__rosidl_typesupport_c.cpython-310-x86_64-linux-gnu.so
[1.017s] -- Up-to-date: /home/dsh/Documents/work_logs/code/SFUISE/sfuise_ws/install/isas_msgs/local/lib/python3.10/dist-packages/isas_msgs/_isas_msgs_s.ep.rosidl_typesupport_c.c
[1.017s] -- Up-to-date: /home/dsh/Documents/work_logs/code/SFUISE/sfuise_ws/install/isas_msgs/local/lib/python3.10/dist-packages/isas_msgs/__init__.py
[1.017s] -- Up-to-date: /home/dsh/Documents/work_logs/code/SFUISE/sfuise_ws/install/isas_msgs/local/lib/python3.10/dist-packages/isas_msgs/_isas_msgs_s.ep.rosidl_typesupport_fastrtps_c.c
[1.017s] -- Up-to-date: /home/dsh/Documents/work_logs/code/SFUISE/sfuise_ws/install/isas_msgs/local/lib/python3.10/dist-packages/isas_msgs/msg
[1.018s] -- Up-to-date: /home/dsh/Documents/work_logs/code/SFUISE/sfuise_ws/install/isas_msgs/local/lib/python3.10/dist-packages/isas_msgs/msg/_rtls_range_s.c
[1.018s] -- Up-to-date: /home/dsh/Documents/work_logs/code/SFUISE/sfuise_ws/install/isas_msgs/local/lib/python3.10/dist-packages/isas_msgs/msg/_anchorlist_s.c
[1.018s] -- Up-to-date: /home/dsh/Documents/work_logs/code/SFUISE/sfuise_ws/install/isas_msgs/local/lib/python3.10/dist-packages/isas_msgs/msg/__init__.py
[1.018s] -- Up-to-date: /home/dsh/Documents/work_logs/code/SFUISE/sfuise_ws/install/isas_msgs/local/lib/python3.10/dist-packages/isas_msgs/msg/_rtls_range.py
[1.018s] -- Up-to-date: /home/dsh/Documents/work_logs/code/SFUISE/sfuise_ws/install/isas_msgs/local/lib/python3.10/dist-packages/isas_msgs/msg/_anchor_position_s.c
[1.018s] -- Up-to-date: /home/dsh/Documents/work_logs/code/SFUISE/sfuise_ws/install/isas_msgs/local/lib/python3.10/dist-packages/isas_msgs/msg/_anchor_position.py
[1.018s] -- Up-to-date: /home/dsh/Documents/work_logs/code/SFUISE/sfuise_ws/install/isas_msgs/local/lib/python3.10/dist-packages/isas_msgs/msg/_rtls_stick.py
[1.019s] -- Up-to-date: /home/dsh/Documents/work_logs/code/SFUISE/sfuise_ws/install/isas_msgs/local/lib/python3.10/dist-packages/isas_msgs/msg/_rtls_stick_s.c
[1.019s] -- Up-to-date: /home/dsh/Documents/work_logs/code/SFUISE/sfuise_ws/install/isas_msgs/local/lib/python3.10/dist-packages/isas_msgs/msg/_anchorlist.py
[1.019s] -- Up-to-date: /home/dsh/Documents/work_logs/code/SFUISE/sfuise_ws/install/isas_msgs/local/lib/python3.10/dist-packages/isas_msgs/isas_msgs_s__rosidl_typesupport_fastrtps_c.cpython-310-x86_64-linux-gnu.so
[1.019s] -- Up-to-date: /home/dsh/Documents/work_logs/code/SFUISE/sfuise_ws/install/isas_msgs/local/lib/python3.10/dist-packages/isas_msgs/_isas_msgs_s.ep.rosidl_typesupport_introspection_c.c
[1.019s] -- Up-to-date: /home/dsh/Documents/work_logs/code/SFUISE/sfuise_ws/install/isas_msgs/local/lib/python3.10/dist-packages/isas_msgs/isas_msgs_s__rosidl_typesupport_introspection_c.cpython-310-x86_64-linux-gnu.so
[1.066s] Listing '/home/dsh/Documents/work_logs/code/SFUISE/sfuise_ws/install/isas_msgs/local/lib/python3.10/dist-packages/isas_msgs'...
[1.066s] Listing '/home/dsh/Documents/work_logs/code/SFUISE/sfuise_ws/install/isas_msgs/local/lib/python3.10/dist-packages/isas_msgs/msg'...
[1.074s] -- Up-to-date: /home/dsh/Documents/work_logs/code/SFUISE/sfuise_ws/install/isas_msgs/local/lib/python3.10/dist-packages/isas_msgs/isas_msgs_s__rosidl_typesupport_fastrtps_c.cpython-310-x86_64-linux-gnu.so
[1.074s] -- Up-to-date: /home/dsh/Documents/work_logs/code/SFUISE/sfuise_ws/install/isas_msgs/local/lib/python3.10/dist-packages/isas_msgs/isas_msgs_s__rosidl_typesupport_introspection_c.cpython-310-x86_64-linux-gnu.so
[1.076s] -- Up-to-date: /home/dsh/Documents/work_logs/code/SFUISE/sfuise_ws/install/isas_msgs/local/lib/python3.10/dist-packages/isas_msgs/isas_msgs_s__rosidl_typesupport_c.cpython-310-x86_64-linux-gnu.so
[1.077s] -- Up-to-date: /home/dsh/Documents/work_logs/code/SFUISE/sfuise_ws/install/isas_msgs/lib/libisas_msgs__rosidl_generator_py.so
[1.077s] -- Up-to-date: /home/dsh/Documents/work_logs/code/SFUISE/sfuise_ws/install/isas_msgs/share/isas_msgs/msg/Anchorlist.idl
[1.077s] -- Up-to-date: /home/dsh/Documents/work_logs/code/SFUISE/sfuise_ws/install/isas_msgs/share/isas_msgs/msg/AnchorPosition.idl
[1.077s] -- Up-to-date: /home/dsh/Documents/work_logs/code/SFUISE/sfuise_ws/install/isas_msgs/share/isas_msgs/msg/RTLSRange.idl
[1.077s] -- Up-to-date: /home/dsh/Documents/work_logs/code/SFUISE/sfuise_ws/install/isas_msgs/share/isas_msgs/msg/RTLSStick.idl
[1.077s] -- Up-to-date: /home/dsh/Documents/work_logs/code/SFUISE/sfuise_ws/install/isas_msgs/share/isas_msgs/msg/Anchorlist.msg
[1.078s] -- Up-to-date: /home/dsh/Documents/work_logs/code/SFUISE/sfuise_ws/install/isas_msgs/share/isas_msgs/msg/AnchorPosition.msg
[1.078s] -- Up-to-date: /home/dsh/Documents/work_logs/code/SFUISE/sfuise_ws/install/isas_msgs/share/isas_msgs/msg/RTLSRange.msg
[1.078s] -- Up-to-date: /home/dsh/Documents/work_logs/code/SFUISE/sfuise_ws/install/isas_msgs/share/isas_msgs/msg/RTLSStick.msg
[1.078s] -- Up-to-date: /home/dsh/Documents/work_logs/code/SFUISE/sfuise_ws/install/isas_msgs/share/ament_index/resource_index/package_run_dependencies/isas_msgs
[1.078s] -- Up-to-date: /home/dsh/Documents/work_logs/code/SFUISE/sfuise_ws/install/isas_msgs/share/ament_index/resource_index/parent_prefix_path/isas_msgs
[1.078s] -- Up-to-date: /home/dsh/Documents/work_logs/code/SFUISE/sfuise_ws/install/isas_msgs/share/isas_msgs/environment/ament_prefix_path.sh
[1.078s] -- Up-to-date: /home/dsh/Documents/work_logs/code/SFUISE/sfuise_ws/install/isas_msgs/share/isas_msgs/environment/ament_prefix_path.dsv
[1.078s] -- Up-to-date: /home/dsh/Documents/work_logs/code/SFUISE/sfuise_ws/install/isas_msgs/share/isas_msgs/environment/path.sh
[1.078s] -- Up-to-date: /home/dsh/Documents/work_logs/code/SFUISE/sfuise_ws/install/isas_msgs/share/isas_msgs/environment/path.dsv
[1.078s] -- Up-to-date: /home/dsh/Documents/work_logs/code/SFUISE/sfuise_ws/install/isas_msgs/share/isas_msgs/local_setup.bash
[1.078s] -- Up-to-date: /home/dsh/Documents/work_logs/code/SFUISE/sfuise_ws/install/isas_msgs/share/isas_msgs/local_setup.sh
[1.078s] -- Up-to-date: /home/dsh/Documents/work_logs/code/SFUISE/sfuise_ws/install/isas_msgs/share/isas_msgs/local_setup.zsh
[1.078s] -- Up-to-date: /home/dsh/Documents/work_logs/code/SFUISE/sfuise_ws/install/isas_msgs/share/isas_msgs/local_setup.dsv
[1.079s] -- Installing: /home/dsh/Documents/work_logs/code/SFUISE/sfuise_ws/install/isas_msgs/share/isas_msgs/package.dsv
[1.079s] -- Up-to-date: /home/dsh/Documents/work_logs/code/SFUISE/sfuise_ws/install/isas_msgs/share/ament_index/resource_index/packages/isas_msgs
[1.079s] -- Up-to-date: /home/dsh/Documents/work_logs/code/SFUISE/sfuise_ws/install/isas_msgs/share/isas_msgs/cmake/export_isas_msgs__rosidl_generator_cExport.cmake
[1.079s] -- Up-to-date: /home/dsh/Documents/work_logs/code/SFUISE/sfuise_ws/install/isas_msgs/share/isas_msgs/cmake/export_isas_msgs__rosidl_generator_cExport-noconfig.cmake
[1.079s] -- Up-to-date: /home/dsh/Documents/work_logs/code/SFUISE/sfuise_ws/install/isas_msgs/share/isas_msgs/cmake/export_isas_msgs__rosidl_typesupport_fastrtps_cExport.cmake
[1.079s] -- Up-to-date: /home/dsh/Documents/work_logs/code/SFUISE/sfuise_ws/install/isas_msgs/share/isas_msgs/cmake/export_isas_msgs__rosidl_typesupport_fastrtps_cExport-noconfig.cmake
[1.079s] -- Up-to-date: /home/dsh/Documents/work_logs/code/SFUISE/sfuise_ws/install/isas_msgs/share/isas_msgs/cmake/export_isas_msgs__rosidl_generator_cppExport.cmake
[1.079s] -- Up-to-date: /home/dsh/Documents/work_logs/code/SFUISE/sfuise_ws/install/isas_msgs/share/isas_msgs/cmake/export_isas_msgs__rosidl_typesupport_fastrtps_cppExport.cmake
[1.080s] -- Up-to-date: /home/dsh/Documents/work_logs/code/SFUISE/sfuise_ws/install/isas_msgs/share/isas_msgs/cmake/export_isas_msgs__rosidl_typesupport_fastrtps_cppExport-noconfig.cmake
[1.080s] -- Up-to-date: /home/dsh/Documents/work_logs/code/SFUISE/sfuise_ws/install/isas_msgs/share/isas_msgs/cmake/isas_msgs__rosidl_typesupport_introspection_cExport.cmake
[1.080s] -- Up-to-date: /home/dsh/Documents/work_logs/code/SFUISE/sfuise_ws/install/isas_msgs/share/isas_msgs/cmake/isas_msgs__rosidl_typesupport_introspection_cExport-noconfig.cmake
[1.080s] -- Up-to-date: /home/dsh/Documents/work_logs/code/SFUISE/sfuise_ws/install/isas_msgs/share/isas_msgs/cmake/isas_msgs__rosidl_typesupport_cExport.cmake
[1.080s] -- Up-to-date: /home/dsh/Documents/work_logs/code/SFUISE/sfuise_ws/install/isas_msgs/share/isas_msgs/cmake/isas_msgs__rosidl_typesupport_cExport-noconfig.cmake
[1.080s] -- Up-to-date: /home/dsh/Documents/work_logs/code/SFUISE/sfuise_ws/install/isas_msgs/share/isas_msgs/cmake/isas_msgs__rosidl_typesupport_introspection_cppExport.cmake
[1.080s] -- Up-to-date: /home/dsh/Documents/work_logs/code/SFUISE/sfuise_ws/install/isas_msgs/share/isas_msgs/cmake/isas_msgs__rosidl_typesupport_introspection_cppExport-noconfig.cmake
[1.080s] -- Up-to-date: /home/dsh/Documents/work_logs/code/SFUISE/sfuise_ws/install/isas_msgs/share/isas_msgs/cmake/isas_msgs__rosidl_typesupport_cppExport.cmake
[1.080s] -- Up-to-date: /home/dsh/Documents/work_logs/code/SFUISE/sfuise_ws/install/isas_msgs/share/isas_msgs/cmake/isas_msgs__rosidl_typesupport_cppExport-noconfig.cmake
[1.080s] -- Up-to-date: /home/dsh/Documents/work_logs/code/SFUISE/sfuise_ws/install/isas_msgs/share/isas_msgs/cmake/export_isas_msgs__rosidl_generator_pyExport.cmake
[1.080s] -- Up-to-date: /home/dsh/Documents/work_logs/code/SFUISE/sfuise_ws/install/isas_msgs/share/isas_msgs/cmake/export_isas_msgs__rosidl_generator_pyExport-noconfig.cmake
[1.080s] -- Up-to-date: /home/dsh/Documents/work_logs/code/SFUISE/sfuise_ws/install/isas_msgs/share/isas_msgs/cmake/rosidl_cmake-extras.cmake
[1.080s] -- Up-to-date: /home/dsh/Documents/work_logs/code/SFUISE/sfuise_ws/install/isas_msgs/share/isas_msgs/cmake/ament_cmake_export_dependencies-extras.cmake
[1.081s] -- Up-to-date: /home/dsh/Documents/work_logs/code/SFUISE/sfuise_ws/install/isas_msgs/share/isas_msgs/cmake/ament_cmake_export_include_directories-extras.cmake
[1.081s] -- Up-to-date: /home/dsh/Documents/work_logs/code/SFUISE/sfuise_ws/install/isas_msgs/share/isas_msgs/cmake/ament_cmake_export_libraries-extras.cmake
[1.081s] -- Up-to-date: /home/dsh/Documents/work_logs/code/SFUISE/sfuise_ws/install/isas_msgs/share/isas_msgs/cmake/ament_cmake_export_targets-extras.cmake
[1.081s] -- Up-to-date: /home/dsh/Documents/work_logs/code/SFUISE/sfuise_ws/install/isas_msgs/share/isas_msgs/cmake/rosidl_cmake_export_typesupport_targets-extras.cmake
[1.081s] -- Up-to-date: /home/dsh/Documents/work_logs/code/SFUISE/sfuise_ws/install/isas_msgs/share/isas_msgs/cmake/rosidl_cmake_export_typesupport_libraries-extras.cmake
[1.081s] -- Up-to-date: /home/dsh/Documents/work_logs/code/SFUISE/sfuise_ws/install/isas_msgs/share/isas_msgs/cmake/isas_msgsConfig.cmake
[1.081s] -- Up-to-date: /home/dsh/Documents/work_logs/code/SFUISE/sfuise_ws/install/isas_msgs/share/isas_msgs/cmake/isas_msgsConfig-version.cmake
[1.081s] -- Up-to-date: /home/dsh/Documents/work_logs/code/SFUISE/sfuise_ws/install/isas_msgs/share/isas_msgs/package.xml
[1.108s] Invoked command in '/home/dsh/Documents/work_logs/code/SFUISE/sfuise_ws/build/isas_msgs' returned '0': CMAKE_PREFIX_PATH=${CMAKE_PREFIX_PATH}:/opt/ros/humble /usr/bin/cmake --install /home/dsh/Documents/work_logs/code/SFUISE/sfuise_ws/build/isas_msgs
