[0.027s] Invoking command in '/home/dsh/Documents/work_logs/code/SFUISE/sfuise_ws/build/cf_msgs': CMAKE_PREFIX_PATH=/opt/ros/humble /usr/bin/cmake --build /home/dsh/Documents/work_logs/code/SFUISE/sfuise_ws/build/cf_msgs -- -j20 -l20
[0.132s] [  1%] Built target cf_msgs__cpp
[0.133s] [ 12%] Built target cf_msgs__rosidl_generator_c
[0.170s] [ 12%] Built target ament_cmake_python_copy_cf_msgs
[0.210s] [ 24%] Built target cf_msgs__rosidl_typesupport_cpp
[0.218s] [ 35%] Built target cf_msgs__rosidl_typesupport_fastrtps_cpp
[0.224s] [ 46%] Built target cf_msgs__rosidl_typesupport_introspection_cpp
[0.242s] [ 58%] Built target cf_msgs__rosidl_typesupport_c
[0.243s] [ 69%] Built target cf_msgs__rosidl_typesupport_introspection_c
[0.251s] [ 81%] Built target cf_msgs__rosidl_typesupport_fastrtps_c
[0.300s] [ 81%] Built target cf_msgs
[0.345s] [ 82%] Built target cf_msgs__py
[0.397s] [ 92%] Built target cf_msgs__rosidl_generator_py
[0.445s] [ 94%] Built target cf_msgs__rosidl_typesupport_fastrtps_c__pyext
[0.448s] [ 97%] Built target cf_msgs__rosidl_typesupport_c__pyext
[0.452s] [100%] Built target cf_msgs__rosidl_typesupport_introspection_c__pyext
[0.707s] running egg_info
[0.708s] writing cf_msgs.egg-info/PKG-INFO
[0.709s] writing dependency_links to cf_msgs.egg-info/dependency_links.txt
[0.709s] writing top-level names to cf_msgs.egg-info/top_level.txt
[0.713s] reading manifest file 'cf_msgs.egg-info/SOURCES.txt'
[0.714s] writing manifest file 'cf_msgs.egg-info/SOURCES.txt'
[0.782s] [100%] Built target ament_cmake_python_build_cf_msgs_egg
[0.802s] Invoked command in '/home/dsh/Documents/work_logs/code/SFUISE/sfuise_ws/build/cf_msgs' returned '0': CMAKE_PREFIX_PATH=/opt/ros/humble /usr/bin/cmake --build /home/dsh/Documents/work_logs/code/SFUISE/sfuise_ws/build/cf_msgs -- -j20 -l20
[0.806s] Invoking command in '/home/dsh/Documents/work_logs/code/SFUISE/sfuise_ws/build/cf_msgs': CMAKE_PREFIX_PATH=/opt/ros/humble /usr/bin/cmake --install /home/dsh/Documents/work_logs/code/SFUISE/sfuise_ws/build/cf_msgs
[0.821s] -- Install configuration: ""
[0.823s] -- Up-to-date: /home/dsh/Documents/work_logs/code/SFUISE/sfuise_ws/install/cf_msgs/share/ament_index/resource_index/rosidl_interfaces/cf_msgs
[0.823s] -- Up-to-date: /home/dsh/Documents/work_logs/code/SFUISE/sfuise_ws/install/cf_msgs/include/cf_msgs/cf_msgs
[0.823s] -- Up-to-date: /home/dsh/Documents/work_logs/code/SFUISE/sfuise_ws/install/cf_msgs/include/cf_msgs/cf_msgs/msg
[0.824s] -- Up-to-date: /home/dsh/Documents/work_logs/code/SFUISE/sfuise_ws/install/cf_msgs/include/cf_msgs/cf_msgs/msg/flow.h
[0.824s] -- Up-to-date: /home/dsh/Documents/work_logs/code/SFUISE/sfuise_ws/install/cf_msgs/include/cf_msgs/cf_msgs/msg/tdoa.h
[0.825s] -- Up-to-date: /home/dsh/Documents/work_logs/code/SFUISE/sfuise_ws/install/cf_msgs/include/cf_msgs/cf_msgs/msg/accel.h
[0.825s] -- Up-to-date: /home/dsh/Documents/work_logs/code/SFUISE/sfuise_ws/install/cf_msgs/include/cf_msgs/cf_msgs/msg/detail
[0.825s] -- Up-to-date: /home/dsh/Documents/work_logs/code/SFUISE/sfuise_ws/install/cf_msgs/include/cf_msgs/cf_msgs/msg/detail/baro__type_support.h
[0.829s] -- Up-to-date: /home/dsh/Documents/work_logs/code/SFUISE/sfuise_ws/install/cf_msgs/include/cf_msgs/cf_msgs/msg/detail/twr__struct.h
[0.829s] -- Up-to-date: /home/dsh/Documents/work_logs/code/SFUISE/sfuise_ws/install/cf_msgs/include/cf_msgs/cf_msgs/msg/detail/gyro__struct.h
[0.830s] -- Up-to-date: /home/dsh/Documents/work_logs/code/SFUISE/sfuise_ws/install/cf_msgs/include/cf_msgs/cf_msgs/msg/detail/flow__functions.c
[0.830s] -- Up-to-date: /home/dsh/Documents/work_logs/code/SFUISE/sfuise_ws/install/cf_msgs/include/cf_msgs/cf_msgs/msg/detail/tdoa__type_support.h
[0.830s] -- Up-to-date: /home/dsh/Documents/work_logs/code/SFUISE/sfuise_ws/install/cf_msgs/include/cf_msgs/cf_msgs/msg/detail/baro__struct.h
[0.830s] -- Up-to-date: /home/dsh/Documents/work_logs/code/SFUISE/sfuise_ws/install/cf_msgs/include/cf_msgs/cf_msgs/msg/detail/accel__functions.h
[0.830s] -- Up-to-date: /home/dsh/Documents/work_logs/code/SFUISE/sfuise_ws/install/cf_msgs/include/cf_msgs/cf_msgs/msg/detail/twr__functions.c
[0.831s] -- Up-to-date: /home/dsh/Documents/work_logs/code/SFUISE/sfuise_ws/install/cf_msgs/include/cf_msgs/cf_msgs/msg/detail/twr__functions.h
[0.831s] -- Up-to-date: /home/dsh/Documents/work_logs/code/SFUISE/sfuise_ws/install/cf_msgs/include/cf_msgs/cf_msgs/msg/detail/flow__struct.h
[0.831s] -- Up-to-date: /home/dsh/Documents/work_logs/code/SFUISE/sfuise_ws/install/cf_msgs/include/cf_msgs/cf_msgs/msg/detail/tof__type_support.h
[0.831s] -- Up-to-date: /home/dsh/Documents/work_logs/code/SFUISE/sfuise_ws/install/cf_msgs/include/cf_msgs/cf_msgs/msg/detail/tof__functions.h
[0.831s] -- Up-to-date: /home/dsh/Documents/work_logs/code/SFUISE/sfuise_ws/install/cf_msgs/include/cf_msgs/cf_msgs/msg/detail/tdoa__functions.h
[0.831s] -- Up-to-date: /home/dsh/Documents/work_logs/code/SFUISE/sfuise_ws/install/cf_msgs/include/cf_msgs/cf_msgs/msg/detail/baro__functions.h
[0.832s] -- Up-to-date: /home/dsh/Documents/work_logs/code/SFUISE/sfuise_ws/install/cf_msgs/include/cf_msgs/cf_msgs/msg/detail/flow__functions.h
[0.832s] -- Up-to-date: /home/dsh/Documents/work_logs/code/SFUISE/sfuise_ws/install/cf_msgs/include/cf_msgs/cf_msgs/msg/detail/twr__type_support.h
[0.832s] -- Up-to-date: /home/dsh/Documents/work_logs/code/SFUISE/sfuise_ws/install/cf_msgs/include/cf_msgs/cf_msgs/msg/detail/accel__functions.c
[0.832s] -- Up-to-date: /home/dsh/Documents/work_logs/code/SFUISE/sfuise_ws/install/cf_msgs/include/cf_msgs/cf_msgs/msg/detail/tdoa__functions.c
[0.832s] -- Up-to-date: /home/dsh/Documents/work_logs/code/SFUISE/sfuise_ws/install/cf_msgs/include/cf_msgs/cf_msgs/msg/detail/accel__struct.h
[0.832s] -- Up-to-date: /home/dsh/Documents/work_logs/code/SFUISE/sfuise_ws/install/cf_msgs/include/cf_msgs/cf_msgs/msg/detail/gyro__type_support.h
[0.832s] -- Up-to-date: /home/dsh/Documents/work_logs/code/SFUISE/sfuise_ws/install/cf_msgs/include/cf_msgs/cf_msgs/msg/detail/gyro__functions.h
[0.832s] -- Up-to-date: /home/dsh/Documents/work_logs/code/SFUISE/sfuise_ws/install/cf_msgs/include/cf_msgs/cf_msgs/msg/detail/tof__functions.c
[0.833s] -- Up-to-date: /home/dsh/Documents/work_logs/code/SFUISE/sfuise_ws/install/cf_msgs/include/cf_msgs/cf_msgs/msg/detail/accel__type_support.h
[0.833s] -- Up-to-date: /home/dsh/Documents/work_logs/code/SFUISE/sfuise_ws/install/cf_msgs/include/cf_msgs/cf_msgs/msg/detail/gyro__functions.c
[0.833s] -- Up-to-date: /home/dsh/Documents/work_logs/code/SFUISE/sfuise_ws/install/cf_msgs/include/cf_msgs/cf_msgs/msg/detail/tdoa__struct.h
[0.833s] -- Up-to-date: /home/dsh/Documents/work_logs/code/SFUISE/sfuise_ws/install/cf_msgs/include/cf_msgs/cf_msgs/msg/detail/flow__type_support.h
[0.833s] -- Up-to-date: /home/dsh/Documents/work_logs/code/SFUISE/sfuise_ws/install/cf_msgs/include/cf_msgs/cf_msgs/msg/detail/baro__functions.c
[0.833s] -- Up-to-date: /home/dsh/Documents/work_logs/code/SFUISE/sfuise_ws/install/cf_msgs/include/cf_msgs/cf_msgs/msg/detail/tof__struct.h
[0.834s] -- Up-to-date: /home/dsh/Documents/work_logs/code/SFUISE/sfuise_ws/install/cf_msgs/include/cf_msgs/cf_msgs/msg/tof.h
[0.834s] -- Up-to-date: /home/dsh/Documents/work_logs/code/SFUISE/sfuise_ws/install/cf_msgs/include/cf_msgs/cf_msgs/msg/gyro.h
[0.834s] -- Up-to-date: /home/dsh/Documents/work_logs/code/SFUISE/sfuise_ws/install/cf_msgs/include/cf_msgs/cf_msgs/msg/twr.h
[0.834s] -- Up-to-date: /home/dsh/Documents/work_logs/code/SFUISE/sfuise_ws/install/cf_msgs/include/cf_msgs/cf_msgs/msg/rosidl_generator_c__visibility_control.h
[0.834s] -- Up-to-date: /home/dsh/Documents/work_logs/code/SFUISE/sfuise_ws/install/cf_msgs/include/cf_msgs/cf_msgs/msg/baro.h
[0.834s] -- Up-to-date: /home/dsh/Documents/work_logs/code/SFUISE/sfuise_ws/install/cf_msgs/share/cf_msgs/environment/library_path.sh
[0.834s] -- Up-to-date: /home/dsh/Documents/work_logs/code/SFUISE/sfuise_ws/install/cf_msgs/share/cf_msgs/environment/library_path.dsv
[0.834s] -- Up-to-date: /home/dsh/Documents/work_logs/code/SFUISE/sfuise_ws/install/cf_msgs/lib/libcf_msgs__rosidl_generator_c.so
[0.834s] -- Up-to-date: /home/dsh/Documents/work_logs/code/SFUISE/sfuise_ws/install/cf_msgs/include/cf_msgs/cf_msgs
[0.834s] -- Up-to-date: /home/dsh/Documents/work_logs/code/SFUISE/sfuise_ws/install/cf_msgs/include/cf_msgs/cf_msgs/msg
[0.834s] -- Up-to-date: /home/dsh/Documents/work_logs/code/SFUISE/sfuise_ws/install/cf_msgs/include/cf_msgs/cf_msgs/msg/rosidl_typesupport_fastrtps_c__visibility_control.h
[0.834s] -- Up-to-date: /home/dsh/Documents/work_logs/code/SFUISE/sfuise_ws/install/cf_msgs/include/cf_msgs/cf_msgs/msg/detail
[0.834s] -- Up-to-date: /home/dsh/Documents/work_logs/code/SFUISE/sfuise_ws/install/cf_msgs/include/cf_msgs/cf_msgs/msg/detail/flow__rosidl_typesupport_fastrtps_c.h
[0.834s] -- Up-to-date: /home/dsh/Documents/work_logs/code/SFUISE/sfuise_ws/install/cf_msgs/include/cf_msgs/cf_msgs/msg/detail/tdoa__rosidl_typesupport_fastrtps_c.h
[0.834s] -- Up-to-date: /home/dsh/Documents/work_logs/code/SFUISE/sfuise_ws/install/cf_msgs/include/cf_msgs/cf_msgs/msg/detail/gyro__rosidl_typesupport_fastrtps_c.h
[0.835s] -- Up-to-date: /home/dsh/Documents/work_logs/code/SFUISE/sfuise_ws/install/cf_msgs/include/cf_msgs/cf_msgs/msg/detail/tof__rosidl_typesupport_fastrtps_c.h
[0.835s] -- Up-to-date: /home/dsh/Documents/work_logs/code/SFUISE/sfuise_ws/install/cf_msgs/include/cf_msgs/cf_msgs/msg/detail/twr__rosidl_typesupport_fastrtps_c.h
[0.835s] -- Up-to-date: /home/dsh/Documents/work_logs/code/SFUISE/sfuise_ws/install/cf_msgs/include/cf_msgs/cf_msgs/msg/detail/accel__rosidl_typesupport_fastrtps_c.h
[0.835s] -- Up-to-date: /home/dsh/Documents/work_logs/code/SFUISE/sfuise_ws/install/cf_msgs/include/cf_msgs/cf_msgs/msg/detail/baro__rosidl_typesupport_fastrtps_c.h
[0.835s] -- Up-to-date: /home/dsh/Documents/work_logs/code/SFUISE/sfuise_ws/install/cf_msgs/lib/libcf_msgs__rosidl_typesupport_fastrtps_c.so
[0.835s] -- Up-to-date: /home/dsh/Documents/work_logs/code/SFUISE/sfuise_ws/install/cf_msgs/include/cf_msgs/cf_msgs
[0.835s] -- Up-to-date: /home/dsh/Documents/work_logs/code/SFUISE/sfuise_ws/install/cf_msgs/include/cf_msgs/cf_msgs/msg
[0.835s] -- Up-to-date: /home/dsh/Documents/work_logs/code/SFUISE/sfuise_ws/install/cf_msgs/include/cf_msgs/cf_msgs/msg/detail
[0.835s] -- Up-to-date: /home/dsh/Documents/work_logs/code/SFUISE/sfuise_ws/install/cf_msgs/include/cf_msgs/cf_msgs/msg/detail/twr__traits.hpp
[0.835s] -- Up-to-date: /home/dsh/Documents/work_logs/code/SFUISE/sfuise_ws/install/cf_msgs/include/cf_msgs/cf_msgs/msg/detail/baro__struct.hpp
[0.835s] -- Up-to-date: /home/dsh/Documents/work_logs/code/SFUISE/sfuise_ws/install/cf_msgs/include/cf_msgs/cf_msgs/msg/detail/gyro__traits.hpp
[0.835s] -- Up-to-date: /home/dsh/Documents/work_logs/code/SFUISE/sfuise_ws/install/cf_msgs/include/cf_msgs/cf_msgs/msg/detail/accel__struct.hpp
[0.835s] -- Up-to-date: /home/dsh/Documents/work_logs/code/SFUISE/sfuise_ws/install/cf_msgs/include/cf_msgs/cf_msgs/msg/detail/flow__type_support.hpp
[0.835s] -- Up-to-date: /home/dsh/Documents/work_logs/code/SFUISE/sfuise_ws/install/cf_msgs/include/cf_msgs/cf_msgs/msg/detail/baro__builder.hpp
[0.835s] -- Up-to-date: /home/dsh/Documents/work_logs/code/SFUISE/sfuise_ws/install/cf_msgs/include/cf_msgs/cf_msgs/msg/detail/tdoa__traits.hpp
[0.836s] -- Up-to-date: /home/dsh/Documents/work_logs/code/SFUISE/sfuise_ws/install/cf_msgs/include/cf_msgs/cf_msgs/msg/detail/accel__builder.hpp
[0.836s] -- Up-to-date: /home/dsh/Documents/work_logs/code/SFUISE/sfuise_ws/install/cf_msgs/include/cf_msgs/cf_msgs/msg/detail/tdoa__struct.hpp
[0.836s] -- Up-to-date: /home/dsh/Documents/work_logs/code/SFUISE/sfuise_ws/install/cf_msgs/include/cf_msgs/cf_msgs/msg/detail/tof__builder.hpp
[0.836s] -- Up-to-date: /home/dsh/Documents/work_logs/code/SFUISE/sfuise_ws/install/cf_msgs/include/cf_msgs/cf_msgs/msg/detail/twr__builder.hpp
[0.836s] -- Up-to-date: /home/dsh/Documents/work_logs/code/SFUISE/sfuise_ws/install/cf_msgs/include/cf_msgs/cf_msgs/msg/detail/twr__type_support.hpp
[0.836s] -- Up-to-date: /home/dsh/Documents/work_logs/code/SFUISE/sfuise_ws/install/cf_msgs/include/cf_msgs/cf_msgs/msg/detail/tdoa__type_support.hpp
[0.836s] -- Up-to-date: /home/dsh/Documents/work_logs/code/SFUISE/sfuise_ws/install/cf_msgs/include/cf_msgs/cf_msgs/msg/detail/accel__type_support.hpp
[0.836s] -- Up-to-date: /home/dsh/Documents/work_logs/code/SFUISE/sfuise_ws/install/cf_msgs/include/cf_msgs/cf_msgs/msg/detail/twr__struct.hpp
[0.836s] -- Up-to-date: /home/dsh/Documents/work_logs/code/SFUISE/sfuise_ws/install/cf_msgs/include/cf_msgs/cf_msgs/msg/detail/gyro__builder.hpp
[0.836s] -- Up-to-date: /home/dsh/Documents/work_logs/code/SFUISE/sfuise_ws/install/cf_msgs/include/cf_msgs/cf_msgs/msg/detail/tdoa__builder.hpp
[0.836s] -- Up-to-date: /home/dsh/Documents/work_logs/code/SFUISE/sfuise_ws/install/cf_msgs/include/cf_msgs/cf_msgs/msg/detail/flow__traits.hpp
[0.836s] -- Up-to-date: /home/dsh/Documents/work_logs/code/SFUISE/sfuise_ws/install/cf_msgs/include/cf_msgs/cf_msgs/msg/detail/flow__struct.hpp
[0.836s] -- Up-to-date: /home/dsh/Documents/work_logs/code/SFUISE/sfuise_ws/install/cf_msgs/include/cf_msgs/cf_msgs/msg/detail/gyro__struct.hpp
[0.837s] -- Up-to-date: /home/dsh/Documents/work_logs/code/SFUISE/sfuise_ws/install/cf_msgs/include/cf_msgs/cf_msgs/msg/detail/baro__traits.hpp
[0.837s] -- Up-to-date: /home/dsh/Documents/work_logs/code/SFUISE/sfuise_ws/install/cf_msgs/include/cf_msgs/cf_msgs/msg/detail/gyro__type_support.hpp
[0.837s] -- Up-to-date: /home/dsh/Documents/work_logs/code/SFUISE/sfuise_ws/install/cf_msgs/include/cf_msgs/cf_msgs/msg/detail/tof__type_support.hpp
[0.837s] -- Up-to-date: /home/dsh/Documents/work_logs/code/SFUISE/sfuise_ws/install/cf_msgs/include/cf_msgs/cf_msgs/msg/detail/flow__builder.hpp
[0.837s] -- Up-to-date: /home/dsh/Documents/work_logs/code/SFUISE/sfuise_ws/install/cf_msgs/include/cf_msgs/cf_msgs/msg/detail/tof__traits.hpp
[0.837s] -- Up-to-date: /home/dsh/Documents/work_logs/code/SFUISE/sfuise_ws/install/cf_msgs/include/cf_msgs/cf_msgs/msg/detail/tof__struct.hpp
[0.838s] -- Up-to-date: /home/dsh/Documents/work_logs/code/SFUISE/sfuise_ws/install/cf_msgs/include/cf_msgs/cf_msgs/msg/detail/accel__traits.hpp
[0.838s] -- Up-to-date: /home/dsh/Documents/work_logs/code/SFUISE/sfuise_ws/install/cf_msgs/include/cf_msgs/cf_msgs/msg/detail/baro__type_support.hpp
[0.838s] -- Up-to-date: /home/dsh/Documents/work_logs/code/SFUISE/sfuise_ws/install/cf_msgs/include/cf_msgs/cf_msgs/msg/accel.hpp
[0.838s] -- Up-to-date: /home/dsh/Documents/work_logs/code/SFUISE/sfuise_ws/install/cf_msgs/include/cf_msgs/cf_msgs/msg/gyro.hpp
[0.838s] -- Up-to-date: /home/dsh/Documents/work_logs/code/SFUISE/sfuise_ws/install/cf_msgs/include/cf_msgs/cf_msgs/msg/twr.hpp
[0.838s] -- Up-to-date: /home/dsh/Documents/work_logs/code/SFUISE/sfuise_ws/install/cf_msgs/include/cf_msgs/cf_msgs/msg/tdoa.hpp
[0.839s] -- Up-to-date: /home/dsh/Documents/work_logs/code/SFUISE/sfuise_ws/install/cf_msgs/include/cf_msgs/cf_msgs/msg/baro.hpp
[0.839s] -- Up-to-date: /home/dsh/Documents/work_logs/code/SFUISE/sfuise_ws/install/cf_msgs/include/cf_msgs/cf_msgs/msg/flow.hpp
[0.839s] -- Up-to-date: /home/dsh/Documents/work_logs/code/SFUISE/sfuise_ws/install/cf_msgs/include/cf_msgs/cf_msgs/msg/rosidl_generator_cpp__visibility_control.hpp
[0.839s] -- Up-to-date: /home/dsh/Documents/work_logs/code/SFUISE/sfuise_ws/install/cf_msgs/include/cf_msgs/cf_msgs/msg/tof.hpp
[0.839s] -- Up-to-date: /home/dsh/Documents/work_logs/code/SFUISE/sfuise_ws/install/cf_msgs/include/cf_msgs/cf_msgs
[0.839s] -- Up-to-date: /home/dsh/Documents/work_logs/code/SFUISE/sfuise_ws/install/cf_msgs/include/cf_msgs/cf_msgs/msg
[0.839s] -- Up-to-date: /home/dsh/Documents/work_logs/code/SFUISE/sfuise_ws/install/cf_msgs/include/cf_msgs/cf_msgs/msg/detail
[0.840s] -- Up-to-date: /home/dsh/Documents/work_logs/code/SFUISE/sfuise_ws/install/cf_msgs/include/cf_msgs/cf_msgs/msg/detail/accel__rosidl_typesupport_fastrtps_cpp.hpp
[0.840s] -- Up-to-date: /home/dsh/Documents/work_logs/code/SFUISE/sfuise_ws/install/cf_msgs/include/cf_msgs/cf_msgs/msg/detail/gyro__rosidl_typesupport_fastrtps_cpp.hpp
[0.840s] -- Up-to-date: /home/dsh/Documents/work_logs/code/SFUISE/sfuise_ws/install/cf_msgs/include/cf_msgs/cf_msgs/msg/detail/twr__rosidl_typesupport_fastrtps_cpp.hpp
[0.840s] -- Up-to-date: /home/dsh/Documents/work_logs/code/SFUISE/sfuise_ws/install/cf_msgs/include/cf_msgs/cf_msgs/msg/detail/tof__rosidl_typesupport_fastrtps_cpp.hpp
[0.840s] -- Up-to-date: /home/dsh/Documents/work_logs/code/SFUISE/sfuise_ws/install/cf_msgs/include/cf_msgs/cf_msgs/msg/detail/tdoa__rosidl_typesupport_fastrtps_cpp.hpp
[0.840s] -- Up-to-date: /home/dsh/Documents/work_logs/code/SFUISE/sfuise_ws/install/cf_msgs/include/cf_msgs/cf_msgs/msg/detail/baro__rosidl_typesupport_fastrtps_cpp.hpp
[0.840s] -- Up-to-date: /home/dsh/Documents/work_logs/code/SFUISE/sfuise_ws/install/cf_msgs/include/cf_msgs/cf_msgs/msg/detail/dds_fastrtps
[0.840s] -- Up-to-date: /home/dsh/Documents/work_logs/code/SFUISE/sfuise_ws/install/cf_msgs/include/cf_msgs/cf_msgs/msg/detail/flow__rosidl_typesupport_fastrtps_cpp.hpp
[0.840s] -- Up-to-date: /home/dsh/Documents/work_logs/code/SFUISE/sfuise_ws/install/cf_msgs/include/cf_msgs/cf_msgs/msg/rosidl_typesupport_fastrtps_cpp__visibility_control.h
[0.841s] -- Up-to-date: /home/dsh/Documents/work_logs/code/SFUISE/sfuise_ws/install/cf_msgs/lib/libcf_msgs__rosidl_typesupport_fastrtps_cpp.so
[0.841s] -- Up-to-date: /home/dsh/Documents/work_logs/code/SFUISE/sfuise_ws/install/cf_msgs/include/cf_msgs/cf_msgs
[0.842s] -- Up-to-date: /home/dsh/Documents/work_logs/code/SFUISE/sfuise_ws/install/cf_msgs/include/cf_msgs/cf_msgs/msg
[0.842s] -- Up-to-date: /home/dsh/Documents/work_logs/code/SFUISE/sfuise_ws/install/cf_msgs/include/cf_msgs/cf_msgs/msg/detail
[0.842s] -- Up-to-date: /home/dsh/Documents/work_logs/code/SFUISE/sfuise_ws/install/cf_msgs/include/cf_msgs/cf_msgs/msg/detail/tof__type_support.c
[0.842s] -- Up-to-date: /home/dsh/Documents/work_logs/code/SFUISE/sfuise_ws/install/cf_msgs/include/cf_msgs/cf_msgs/msg/detail/accel__rosidl_typesupport_introspection_c.h
[0.842s] -- Up-to-date: /home/dsh/Documents/work_logs/code/SFUISE/sfuise_ws/install/cf_msgs/include/cf_msgs/cf_msgs/msg/detail/twr__rosidl_typesupport_introspection_c.h
[0.842s] -- Up-to-date: /home/dsh/Documents/work_logs/code/SFUISE/sfuise_ws/install/cf_msgs/include/cf_msgs/cf_msgs/msg/detail/flow__type_support.c
[0.842s] -- Up-to-date: /home/dsh/Documents/work_logs/code/SFUISE/sfuise_ws/install/cf_msgs/include/cf_msgs/cf_msgs/msg/detail/tdoa__type_support.c
[0.842s] -- Up-to-date: /home/dsh/Documents/work_logs/code/SFUISE/sfuise_ws/install/cf_msgs/include/cf_msgs/cf_msgs/msg/detail/tdoa__rosidl_typesupport_introspection_c.h
[0.842s] -- Up-to-date: /home/dsh/Documents/work_logs/code/SFUISE/sfuise_ws/install/cf_msgs/include/cf_msgs/cf_msgs/msg/detail/twr__type_support.c
[0.843s] -- Up-to-date: /home/dsh/Documents/work_logs/code/SFUISE/sfuise_ws/install/cf_msgs/include/cf_msgs/cf_msgs/msg/detail/flow__rosidl_typesupport_introspection_c.h
[0.843s] -- Up-to-date: /home/dsh/Documents/work_logs/code/SFUISE/sfuise_ws/install/cf_msgs/include/cf_msgs/cf_msgs/msg/detail/accel__type_support.c
[0.843s] -- Up-to-date: /home/dsh/Documents/work_logs/code/SFUISE/sfuise_ws/install/cf_msgs/include/cf_msgs/cf_msgs/msg/detail/baro__type_support.c
[0.843s] -- Up-to-date: /home/dsh/Documents/work_logs/code/SFUISE/sfuise_ws/install/cf_msgs/include/cf_msgs/cf_msgs/msg/detail/tof__rosidl_typesupport_introspection_c.h
[0.843s] -- Up-to-date: /home/dsh/Documents/work_logs/code/SFUISE/sfuise_ws/install/cf_msgs/include/cf_msgs/cf_msgs/msg/detail/gyro__type_support.c
[0.843s] -- Up-to-date: /home/dsh/Documents/work_logs/code/SFUISE/sfuise_ws/install/cf_msgs/include/cf_msgs/cf_msgs/msg/detail/baro__rosidl_typesupport_introspection_c.h
[0.844s] -- Up-to-date: /home/dsh/Documents/work_logs/code/SFUISE/sfuise_ws/install/cf_msgs/include/cf_msgs/cf_msgs/msg/detail/gyro__rosidl_typesupport_introspection_c.h
[0.844s] -- Up-to-date: /home/dsh/Documents/work_logs/code/SFUISE/sfuise_ws/install/cf_msgs/include/cf_msgs/cf_msgs/msg/rosidl_typesupport_introspection_c__visibility_control.h
[0.844s] -- Up-to-date: /home/dsh/Documents/work_logs/code/SFUISE/sfuise_ws/install/cf_msgs/lib/libcf_msgs__rosidl_typesupport_introspection_c.so
[0.845s] -- Up-to-date: /home/dsh/Documents/work_logs/code/SFUISE/sfuise_ws/install/cf_msgs/lib/libcf_msgs__rosidl_typesupport_c.so
[0.845s] -- Up-to-date: /home/dsh/Documents/work_logs/code/SFUISE/sfuise_ws/install/cf_msgs/include/cf_msgs/cf_msgs
[0.845s] -- Up-to-date: /home/dsh/Documents/work_logs/code/SFUISE/sfuise_ws/install/cf_msgs/include/cf_msgs/cf_msgs/msg
[0.846s] -- Up-to-date: /home/dsh/Documents/work_logs/code/SFUISE/sfuise_ws/install/cf_msgs/include/cf_msgs/cf_msgs/msg/detail
[0.847s] -- Up-to-date: /home/dsh/Documents/work_logs/code/SFUISE/sfuise_ws/install/cf_msgs/include/cf_msgs/cf_msgs/msg/detail/tdoa__type_support.cpp
[0.847s] -- Up-to-date: /home/dsh/Documents/work_logs/code/SFUISE/sfuise_ws/install/cf_msgs/include/cf_msgs/cf_msgs/msg/detail/baro__rosidl_typesupport_introspection_cpp.hpp
[0.847s] -- Up-to-date: /home/dsh/Documents/work_logs/code/SFUISE/sfuise_ws/install/cf_msgs/include/cf_msgs/cf_msgs/msg/detail/tof__rosidl_typesupport_introspection_cpp.hpp
[0.847s] -- Up-to-date: /home/dsh/Documents/work_logs/code/SFUISE/sfuise_ws/install/cf_msgs/include/cf_msgs/cf_msgs/msg/detail/tdoa__rosidl_typesupport_introspection_cpp.hpp
[0.847s] -- Up-to-date: /home/dsh/Documents/work_logs/code/SFUISE/sfuise_ws/install/cf_msgs/include/cf_msgs/cf_msgs/msg/detail/accel__type_support.cpp
[0.847s] -- Up-to-date: /home/dsh/Documents/work_logs/code/SFUISE/sfuise_ws/install/cf_msgs/include/cf_msgs/cf_msgs/msg/detail/gyro__rosidl_typesupport_introspection_cpp.hpp
[0.847s] -- Up-to-date: /home/dsh/Documents/work_logs/code/SFUISE/sfuise_ws/install/cf_msgs/include/cf_msgs/cf_msgs/msg/detail/tof__type_support.cpp
[0.847s] -- Up-to-date: /home/dsh/Documents/work_logs/code/SFUISE/sfuise_ws/install/cf_msgs/include/cf_msgs/cf_msgs/msg/detail/gyro__type_support.cpp
[0.848s] -- Up-to-date: /home/dsh/Documents/work_logs/code/SFUISE/sfuise_ws/install/cf_msgs/include/cf_msgs/cf_msgs/msg/detail/baro__type_support.cpp
[0.848s] -- Up-to-date: /home/dsh/Documents/work_logs/code/SFUISE/sfuise_ws/install/cf_msgs/include/cf_msgs/cf_msgs/msg/detail/twr__rosidl_typesupport_introspection_cpp.hpp
[0.848s] -- Up-to-date: /home/dsh/Documents/work_logs/code/SFUISE/sfuise_ws/install/cf_msgs/include/cf_msgs/cf_msgs/msg/detail/flow__rosidl_typesupport_introspection_cpp.hpp
[0.848s] -- Up-to-date: /home/dsh/Documents/work_logs/code/SFUISE/sfuise_ws/install/cf_msgs/include/cf_msgs/cf_msgs/msg/detail/twr__type_support.cpp
[0.848s] -- Up-to-date: /home/dsh/Documents/work_logs/code/SFUISE/sfuise_ws/install/cf_msgs/include/cf_msgs/cf_msgs/msg/detail/accel__rosidl_typesupport_introspection_cpp.hpp
[0.849s] -- Up-to-date: /home/dsh/Documents/work_logs/code/SFUISE/sfuise_ws/install/cf_msgs/include/cf_msgs/cf_msgs/msg/detail/flow__type_support.cpp
[0.849s] -- Up-to-date: /home/dsh/Documents/work_logs/code/SFUISE/sfuise_ws/install/cf_msgs/lib/libcf_msgs__rosidl_typesupport_introspection_cpp.so
[0.849s] -- Up-to-date: /home/dsh/Documents/work_logs/code/SFUISE/sfuise_ws/install/cf_msgs/lib/libcf_msgs__rosidl_typesupport_cpp.so
[0.849s] -- Up-to-date: /home/dsh/Documents/work_logs/code/SFUISE/sfuise_ws/install/cf_msgs/share/cf_msgs/environment/pythonpath.sh
[0.849s] -- Up-to-date: /home/dsh/Documents/work_logs/code/SFUISE/sfuise_ws/install/cf_msgs/share/cf_msgs/environment/pythonpath.dsv
[0.849s] -- Up-to-date: /home/dsh/Documents/work_logs/code/SFUISE/sfuise_ws/install/cf_msgs/local/lib/python3.10/dist-packages/cf_msgs-0.0.0-py3.10.egg-info
[0.850s] -- Installing: /home/dsh/Documents/work_logs/code/SFUISE/sfuise_ws/install/cf_msgs/local/lib/python3.10/dist-packages/cf_msgs-0.0.0-py3.10.egg-info/SOURCES.txt
[0.850s] -- Installing: /home/dsh/Documents/work_logs/code/SFUISE/sfuise_ws/install/cf_msgs/local/lib/python3.10/dist-packages/cf_msgs-0.0.0-py3.10.egg-info/PKG-INFO
[0.850s] -- Installing: /home/dsh/Documents/work_logs/code/SFUISE/sfuise_ws/install/cf_msgs/local/lib/python3.10/dist-packages/cf_msgs-0.0.0-py3.10.egg-info/top_level.txt
[0.850s] -- Installing: /home/dsh/Documents/work_logs/code/SFUISE/sfuise_ws/install/cf_msgs/local/lib/python3.10/dist-packages/cf_msgs-0.0.0-py3.10.egg-info/dependency_links.txt
[0.850s] -- Up-to-date: /home/dsh/Documents/work_logs/code/SFUISE/sfuise_ws/install/cf_msgs/local/lib/python3.10/dist-packages/cf_msgs
[0.850s] -- Up-to-date: /home/dsh/Documents/work_logs/code/SFUISE/sfuise_ws/install/cf_msgs/local/lib/python3.10/dist-packages/cf_msgs/__init__.py
[0.850s] -- Up-to-date: /home/dsh/Documents/work_logs/code/SFUISE/sfuise_ws/install/cf_msgs/local/lib/python3.10/dist-packages/cf_msgs/libcf_msgs__rosidl_generator_py.so
[0.850s] -- Up-to-date: /home/dsh/Documents/work_logs/code/SFUISE/sfuise_ws/install/cf_msgs/local/lib/python3.10/dist-packages/cf_msgs/_cf_msgs_s.ep.rosidl_typesupport_fastrtps_c.c
[0.851s] -- Up-to-date: /home/dsh/Documents/work_logs/code/SFUISE/sfuise_ws/install/cf_msgs/local/lib/python3.10/dist-packages/cf_msgs/msg
[0.851s] -- Up-to-date: /home/dsh/Documents/work_logs/code/SFUISE/sfuise_ws/install/cf_msgs/local/lib/python3.10/dist-packages/cf_msgs/msg/_flow.py
[0.851s] -- Up-to-date: /home/dsh/Documents/work_logs/code/SFUISE/sfuise_ws/install/cf_msgs/local/lib/python3.10/dist-packages/cf_msgs/msg/_flow_s.c
[0.851s] -- Up-to-date: /home/dsh/Documents/work_logs/code/SFUISE/sfuise_ws/install/cf_msgs/local/lib/python3.10/dist-packages/cf_msgs/msg/_accel.py
[0.851s] -- Up-to-date: /home/dsh/Documents/work_logs/code/SFUISE/sfuise_ws/install/cf_msgs/local/lib/python3.10/dist-packages/cf_msgs/msg/_gyro.py
[0.851s] -- Up-to-date: /home/dsh/Documents/work_logs/code/SFUISE/sfuise_ws/install/cf_msgs/local/lib/python3.10/dist-packages/cf_msgs/msg/_tdoa.py
[0.851s] -- Up-to-date: /home/dsh/Documents/work_logs/code/SFUISE/sfuise_ws/install/cf_msgs/local/lib/python3.10/dist-packages/cf_msgs/msg/__init__.py
[0.851s] -- Up-to-date: /home/dsh/Documents/work_logs/code/SFUISE/sfuise_ws/install/cf_msgs/local/lib/python3.10/dist-packages/cf_msgs/msg/_twr.py
[0.851s] -- Up-to-date: /home/dsh/Documents/work_logs/code/SFUISE/sfuise_ws/install/cf_msgs/local/lib/python3.10/dist-packages/cf_msgs/msg/_gyro_s.c
[0.852s] -- Up-to-date: /home/dsh/Documents/work_logs/code/SFUISE/sfuise_ws/install/cf_msgs/local/lib/python3.10/dist-packages/cf_msgs/msg/_baro_s.c
[0.852s] -- Up-to-date: /home/dsh/Documents/work_logs/code/SFUISE/sfuise_ws/install/cf_msgs/local/lib/python3.10/dist-packages/cf_msgs/msg/_tof.py
[0.852s] -- Up-to-date: /home/dsh/Documents/work_logs/code/SFUISE/sfuise_ws/install/cf_msgs/local/lib/python3.10/dist-packages/cf_msgs/msg/_twr_s.c
[0.853s] -- Up-to-date: /home/dsh/Documents/work_logs/code/SFUISE/sfuise_ws/install/cf_msgs/local/lib/python3.10/dist-packages/cf_msgs/msg/_tdoa_s.c
[0.853s] -- Up-to-date: /home/dsh/Documents/work_logs/code/SFUISE/sfuise_ws/install/cf_msgs/local/lib/python3.10/dist-packages/cf_msgs/msg/_accel_s.c
[0.853s] -- Up-to-date: /home/dsh/Documents/work_logs/code/SFUISE/sfuise_ws/install/cf_msgs/local/lib/python3.10/dist-packages/cf_msgs/msg/_baro.py
[0.853s] -- Up-to-date: /home/dsh/Documents/work_logs/code/SFUISE/sfuise_ws/install/cf_msgs/local/lib/python3.10/dist-packages/cf_msgs/msg/_tof_s.c
[0.854s] -- Up-to-date: /home/dsh/Documents/work_logs/code/SFUISE/sfuise_ws/install/cf_msgs/local/lib/python3.10/dist-packages/cf_msgs/_cf_msgs_s.ep.rosidl_typesupport_introspection_c.c
[0.854s] -- Up-to-date: /home/dsh/Documents/work_logs/code/SFUISE/sfuise_ws/install/cf_msgs/local/lib/python3.10/dist-packages/cf_msgs/cf_msgs_s__rosidl_typesupport_introspection_c.cpython-310-x86_64-linux-gnu.so
[0.854s] -- Up-to-date: /home/dsh/Documents/work_logs/code/SFUISE/sfuise_ws/install/cf_msgs/local/lib/python3.10/dist-packages/cf_msgs/cf_msgs_s__rosidl_typesupport_c.cpython-310-x86_64-linux-gnu.so
[0.854s] -- Up-to-date: /home/dsh/Documents/work_logs/code/SFUISE/sfuise_ws/install/cf_msgs/local/lib/python3.10/dist-packages/cf_msgs/_cf_msgs_s.ep.rosidl_typesupport_c.c
[0.855s] -- Up-to-date: /home/dsh/Documents/work_logs/code/SFUISE/sfuise_ws/install/cf_msgs/local/lib/python3.10/dist-packages/cf_msgs/cf_msgs_s__rosidl_typesupport_fastrtps_c.cpython-310-x86_64-linux-gnu.so
[0.903s] Listing '/home/dsh/Documents/work_logs/code/SFUISE/sfuise_ws/install/cf_msgs/local/lib/python3.10/dist-packages/cf_msgs'...
[0.904s] Listing '/home/dsh/Documents/work_logs/code/SFUISE/sfuise_ws/install/cf_msgs/local/lib/python3.10/dist-packages/cf_msgs/msg'...
[0.914s] -- Up-to-date: /home/dsh/Documents/work_logs/code/SFUISE/sfuise_ws/install/cf_msgs/local/lib/python3.10/dist-packages/cf_msgs/cf_msgs_s__rosidl_typesupport_fastrtps_c.cpython-310-x86_64-linux-gnu.so
[0.916s] -- Up-to-date: /home/dsh/Documents/work_logs/code/SFUISE/sfuise_ws/install/cf_msgs/local/lib/python3.10/dist-packages/cf_msgs/cf_msgs_s__rosidl_typesupport_introspection_c.cpython-310-x86_64-linux-gnu.so
[0.917s] -- Up-to-date: /home/dsh/Documents/work_logs/code/SFUISE/sfuise_ws/install/cf_msgs/local/lib/python3.10/dist-packages/cf_msgs/cf_msgs_s__rosidl_typesupport_c.cpython-310-x86_64-linux-gnu.so
[0.917s] -- Up-to-date: /home/dsh/Documents/work_logs/code/SFUISE/sfuise_ws/install/cf_msgs/lib/libcf_msgs__rosidl_generator_py.so
[0.918s] -- Up-to-date: /home/dsh/Documents/work_logs/code/SFUISE/sfuise_ws/install/cf_msgs/share/cf_msgs/msg/Accel.idl
[0.918s] -- Up-to-date: /home/dsh/Documents/work_logs/code/SFUISE/sfuise_ws/install/cf_msgs/share/cf_msgs/msg/Baro.idl
[0.919s] -- Up-to-date: /home/dsh/Documents/work_logs/code/SFUISE/sfuise_ws/install/cf_msgs/share/cf_msgs/msg/Flow.idl
[0.919s] -- Up-to-date: /home/dsh/Documents/work_logs/code/SFUISE/sfuise_ws/install/cf_msgs/share/cf_msgs/msg/Gyro.idl
[0.919s] -- Up-to-date: /home/dsh/Documents/work_logs/code/SFUISE/sfuise_ws/install/cf_msgs/share/cf_msgs/msg/Tdoa.idl
[0.919s] -- Up-to-date: /home/dsh/Documents/work_logs/code/SFUISE/sfuise_ws/install/cf_msgs/share/cf_msgs/msg/Tof.idl
[0.920s] -- Up-to-date: /home/dsh/Documents/work_logs/code/SFUISE/sfuise_ws/install/cf_msgs/share/cf_msgs/msg/Twr.idl
[0.920s] -- Up-to-date: /home/dsh/Documents/work_logs/code/SFUISE/sfuise_ws/install/cf_msgs/share/cf_msgs/msg/Accel.msg
[0.920s] -- Up-to-date: /home/dsh/Documents/work_logs/code/SFUISE/sfuise_ws/install/cf_msgs/share/cf_msgs/msg/Baro.msg
[0.920s] -- Up-to-date: /home/dsh/Documents/work_logs/code/SFUISE/sfuise_ws/install/cf_msgs/share/cf_msgs/msg/Flow.msg
[0.921s] -- Up-to-date: /home/dsh/Documents/work_logs/code/SFUISE/sfuise_ws/install/cf_msgs/share/cf_msgs/msg/Gyro.msg
[0.921s] -- Up-to-date: /home/dsh/Documents/work_logs/code/SFUISE/sfuise_ws/install/cf_msgs/share/cf_msgs/msg/Tdoa.msg
[0.921s] -- Up-to-date: /home/dsh/Documents/work_logs/code/SFUISE/sfuise_ws/install/cf_msgs/share/cf_msgs/msg/Tof.msg
[0.921s] -- Up-to-date: /home/dsh/Documents/work_logs/code/SFUISE/sfuise_ws/install/cf_msgs/share/cf_msgs/msg/Twr.msg
[0.922s] -- Up-to-date: /home/dsh/Documents/work_logs/code/SFUISE/sfuise_ws/install/cf_msgs/share/ament_index/resource_index/package_run_dependencies/cf_msgs
[0.925s] -- Up-to-date: /home/dsh/Documents/work_logs/code/SFUISE/sfuise_ws/install/cf_msgs/share/ament_index/resource_index/parent_prefix_path/cf_msgs
[0.926s] -- Up-to-date: /home/dsh/Documents/work_logs/code/SFUISE/sfuise_ws/install/cf_msgs/share/cf_msgs/environment/ament_prefix_path.sh
[0.926s] -- Up-to-date: /home/dsh/Documents/work_logs/code/SFUISE/sfuise_ws/install/cf_msgs/share/cf_msgs/environment/ament_prefix_path.dsv
[0.926s] -- Up-to-date: /home/dsh/Documents/work_logs/code/SFUISE/sfuise_ws/install/cf_msgs/share/cf_msgs/environment/path.sh
[0.926s] -- Up-to-date: /home/dsh/Documents/work_logs/code/SFUISE/sfuise_ws/install/cf_msgs/share/cf_msgs/environment/path.dsv
[0.926s] -- Up-to-date: /home/dsh/Documents/work_logs/code/SFUISE/sfuise_ws/install/cf_msgs/share/cf_msgs/local_setup.bash
[0.926s] -- Up-to-date: /home/dsh/Documents/work_logs/code/SFUISE/sfuise_ws/install/cf_msgs/share/cf_msgs/local_setup.sh
[0.926s] -- Up-to-date: /home/dsh/Documents/work_logs/code/SFUISE/sfuise_ws/install/cf_msgs/share/cf_msgs/local_setup.zsh
[0.926s] -- Up-to-date: /home/dsh/Documents/work_logs/code/SFUISE/sfuise_ws/install/cf_msgs/share/cf_msgs/local_setup.dsv
[0.926s] -- Installing: /home/dsh/Documents/work_logs/code/SFUISE/sfuise_ws/install/cf_msgs/share/cf_msgs/package.dsv
[0.927s] -- Up-to-date: /home/dsh/Documents/work_logs/code/SFUISE/sfuise_ws/install/cf_msgs/share/ament_index/resource_index/packages/cf_msgs
[0.927s] -- Up-to-date: /home/dsh/Documents/work_logs/code/SFUISE/sfuise_ws/install/cf_msgs/share/cf_msgs/cmake/export_cf_msgs__rosidl_generator_cExport.cmake
[0.927s] -- Up-to-date: /home/dsh/Documents/work_logs/code/SFUISE/sfuise_ws/install/cf_msgs/share/cf_msgs/cmake/export_cf_msgs__rosidl_generator_cExport-noconfig.cmake
[0.927s] -- Up-to-date: /home/dsh/Documents/work_logs/code/SFUISE/sfuise_ws/install/cf_msgs/share/cf_msgs/cmake/export_cf_msgs__rosidl_typesupport_fastrtps_cExport.cmake
[0.927s] -- Up-to-date: /home/dsh/Documents/work_logs/code/SFUISE/sfuise_ws/install/cf_msgs/share/cf_msgs/cmake/export_cf_msgs__rosidl_typesupport_fastrtps_cExport-noconfig.cmake
[0.927s] -- Up-to-date: /home/dsh/Documents/work_logs/code/SFUISE/sfuise_ws/install/cf_msgs/share/cf_msgs/cmake/export_cf_msgs__rosidl_generator_cppExport.cmake
[0.928s] -- Up-to-date: /home/dsh/Documents/work_logs/code/SFUISE/sfuise_ws/install/cf_msgs/share/cf_msgs/cmake/export_cf_msgs__rosidl_typesupport_fastrtps_cppExport.cmake
[0.928s] -- Up-to-date: /home/dsh/Documents/work_logs/code/SFUISE/sfuise_ws/install/cf_msgs/share/cf_msgs/cmake/export_cf_msgs__rosidl_typesupport_fastrtps_cppExport-noconfig.cmake
[0.928s] -- Up-to-date: /home/dsh/Documents/work_logs/code/SFUISE/sfuise_ws/install/cf_msgs/share/cf_msgs/cmake/cf_msgs__rosidl_typesupport_introspection_cExport.cmake
[0.928s] -- Up-to-date: /home/dsh/Documents/work_logs/code/SFUISE/sfuise_ws/install/cf_msgs/share/cf_msgs/cmake/cf_msgs__rosidl_typesupport_introspection_cExport-noconfig.cmake
[0.928s] -- Up-to-date: /home/dsh/Documents/work_logs/code/SFUISE/sfuise_ws/install/cf_msgs/share/cf_msgs/cmake/cf_msgs__rosidl_typesupport_cExport.cmake
[0.928s] -- Up-to-date: /home/dsh/Documents/work_logs/code/SFUISE/sfuise_ws/install/cf_msgs/share/cf_msgs/cmake/cf_msgs__rosidl_typesupport_cExport-noconfig.cmake
[0.928s] -- Up-to-date: /home/dsh/Documents/work_logs/code/SFUISE/sfuise_ws/install/cf_msgs/share/cf_msgs/cmake/cf_msgs__rosidl_typesupport_introspection_cppExport.cmake
[0.928s] -- Up-to-date: /home/dsh/Documents/work_logs/code/SFUISE/sfuise_ws/install/cf_msgs/share/cf_msgs/cmake/cf_msgs__rosidl_typesupport_introspection_cppExport-noconfig.cmake
[0.929s] -- Up-to-date: /home/dsh/Documents/work_logs/code/SFUISE/sfuise_ws/install/cf_msgs/share/cf_msgs/cmake/cf_msgs__rosidl_typesupport_cppExport.cmake
[0.929s] -- Up-to-date: /home/dsh/Documents/work_logs/code/SFUISE/sfuise_ws/install/cf_msgs/share/cf_msgs/cmake/cf_msgs__rosidl_typesupport_cppExport-noconfig.cmake
[0.929s] -- Up-to-date: /home/dsh/Documents/work_logs/code/SFUISE/sfuise_ws/install/cf_msgs/share/cf_msgs/cmake/export_cf_msgs__rosidl_generator_pyExport.cmake
[0.929s] -- Up-to-date: /home/dsh/Documents/work_logs/code/SFUISE/sfuise_ws/install/cf_msgs/share/cf_msgs/cmake/export_cf_msgs__rosidl_generator_pyExport-noconfig.cmake
[0.929s] -- Up-to-date: /home/dsh/Documents/work_logs/code/SFUISE/sfuise_ws/install/cf_msgs/share/cf_msgs/cmake/rosidl_cmake-extras.cmake
[0.929s] -- Up-to-date: /home/dsh/Documents/work_logs/code/SFUISE/sfuise_ws/install/cf_msgs/share/cf_msgs/cmake/ament_cmake_export_dependencies-extras.cmake
[0.929s] -- Up-to-date: /home/dsh/Documents/work_logs/code/SFUISE/sfuise_ws/install/cf_msgs/share/cf_msgs/cmake/ament_cmake_export_include_directories-extras.cmake
[0.929s] -- Up-to-date: /home/dsh/Documents/work_logs/code/SFUISE/sfuise_ws/install/cf_msgs/share/cf_msgs/cmake/ament_cmake_export_libraries-extras.cmake
[0.929s] -- Up-to-date: /home/dsh/Documents/work_logs/code/SFUISE/sfuise_ws/install/cf_msgs/share/cf_msgs/cmake/ament_cmake_export_targets-extras.cmake
[0.929s] -- Up-to-date: /home/dsh/Documents/work_logs/code/SFUISE/sfuise_ws/install/cf_msgs/share/cf_msgs/cmake/rosidl_cmake_export_typesupport_targets-extras.cmake
[0.930s] -- Up-to-date: /home/dsh/Documents/work_logs/code/SFUISE/sfuise_ws/install/cf_msgs/share/cf_msgs/cmake/rosidl_cmake_export_typesupport_libraries-extras.cmake
[0.930s] -- Up-to-date: /home/dsh/Documents/work_logs/code/SFUISE/sfuise_ws/install/cf_msgs/share/cf_msgs/cmake/cf_msgsConfig.cmake
[0.930s] -- Up-to-date: /home/dsh/Documents/work_logs/code/SFUISE/sfuise_ws/install/cf_msgs/share/cf_msgs/cmake/cf_msgsConfig-version.cmake
[0.930s] -- Up-to-date: /home/dsh/Documents/work_logs/code/SFUISE/sfuise_ws/install/cf_msgs/share/cf_msgs/package.xml
[1.009s] Invoked command in '/home/dsh/Documents/work_logs/code/SFUISE/sfuise_ws/build/cf_msgs' returned '0': CMAKE_PREFIX_PATH=/opt/ros/humble /usr/bin/cmake --install /home/dsh/Documents/work_logs/code/SFUISE/sfuise_ws/build/cf_msgs
