[0.029s] Invoking command in '/home/dsh/Documents/work_logs/code/SFUISE/sfuise_ws/build/sfuise_msgs': CMAKE_PREFIX_PATH=${CMAKE_PREFIX_PATH}:/opt/ros/humble /usr/bin/cmake --build /home/dsh/Documents/work_logs/code/SFUISE/sfuise_ws/build/sfuise_msgs -- -j20 -l20
[0.150s] [  1%] Built target sfuise_msgs__cpp
[0.157s] [ 12%] Built target sfuise_msgs__rosidl_generator_c
[0.179s] [ 12%] Built target ament_cmake_python_copy_sfuise_msgs
[0.229s] [ 23%] Built target sfuise_msgs__rosidl_typesupport_cpp
[0.230s] [ 34%] Built target sfuise_msgs__rosidl_typesupport_introspection_cpp
[0.235s] [ 46%] Built target sfuise_msgs__rosidl_typesupport_fastrtps_cpp
[0.244s] [ 57%] Built target sfuise_msgs__rosidl_typesupport_introspection_c
[0.245s] [ 68%] Built target sfuise_msgs__rosidl_typesupport_c
[0.246s] [ 79%] Built target sfuise_msgs__rosidl_typesupport_fastrtps_c
[0.294s] [ 79%] Built target sfuise_msgs
[0.344s] [ 80%] Built target sfuise_msgs__py
[0.405s] [ 90%] Built target sfuise_msgs__rosidl_generator_py
[0.458s] [ 93%] Built target sfuise_msgs__rosidl_typesupport_fastrtps_c__pyext
[0.458s] [ 96%] Built target sfuise_msgs__rosidl_typesupport_introspection_c__pyext
[0.467s] [100%] Built target sfuise_msgs__rosidl_typesupport_c__pyext
[0.725s] running egg_info
[0.727s] writing sfuise_msgs.egg-info/PKG-INFO
[0.727s] writing dependency_links to sfuise_msgs.egg-info/dependency_links.txt
[0.727s] writing top-level names to sfuise_msgs.egg-info/top_level.txt
[0.731s] reading manifest file 'sfuise_msgs.egg-info/SOURCES.txt'
[0.732s] writing manifest file 'sfuise_msgs.egg-info/SOURCES.txt'
[0.788s] [100%] Built target ament_cmake_python_build_sfuise_msgs_egg
[0.859s] Invoked command in '/home/dsh/Documents/work_logs/code/SFUISE/sfuise_ws/build/sfuise_msgs' returned '0': CMAKE_PREFIX_PATH=${CMAKE_PREFIX_PATH}:/opt/ros/humble /usr/bin/cmake --build /home/dsh/Documents/work_logs/code/SFUISE/sfuise_ws/build/sfuise_msgs -- -j20 -l20
[0.862s] Invoking command in '/home/dsh/Documents/work_logs/code/SFUISE/sfuise_ws/build/sfuise_msgs': CMAKE_PREFIX_PATH=${CMAKE_PREFIX_PATH}:/opt/ros/humble /usr/bin/cmake --install /home/dsh/Documents/work_logs/code/SFUISE/sfuise_ws/build/sfuise_msgs
[0.884s] -- Install configuration: ""
[0.884s] -- Up-to-date: /home/dsh/Documents/work_logs/code/SFUISE/sfuise_ws/install/sfuise_msgs/share/ament_index/resource_index/rosidl_interfaces/sfuise_msgs
[0.884s] -- Up-to-date: /home/dsh/Documents/work_logs/code/SFUISE/sfuise_ws/install/sfuise_msgs/include/sfuise_msgs/sfuise_msgs
[0.884s] -- Up-to-date: /home/dsh/Documents/work_logs/code/SFUISE/sfuise_ws/install/sfuise_msgs/include/sfuise_msgs/sfuise_msgs/msg
[0.884s] -- Up-to-date: /home/dsh/Documents/work_logs/code/SFUISE/sfuise_ws/install/sfuise_msgs/include/sfuise_msgs/sfuise_msgs/msg/offset.h
[0.884s] -- Up-to-date: /home/dsh/Documents/work_logs/code/SFUISE/sfuise_ws/install/sfuise_msgs/include/sfuise_msgs/sfuise_msgs/msg/knot.h
[0.884s] -- Up-to-date: /home/dsh/Documents/work_logs/code/SFUISE/sfuise_ws/install/sfuise_msgs/include/sfuise_msgs/sfuise_msgs/msg/detail
[0.884s] -- Up-to-date: /home/dsh/Documents/work_logs/code/SFUISE/sfuise_ws/install/sfuise_msgs/include/sfuise_msgs/sfuise_msgs/msg/detail/estimate__functions.c
[0.885s] -- Up-to-date: /home/dsh/Documents/work_logs/code/SFUISE/sfuise_ws/install/sfuise_msgs/include/sfuise_msgs/sfuise_msgs/msg/detail/knot__functions.h
[0.885s] -- Up-to-date: /home/dsh/Documents/work_logs/code/SFUISE/sfuise_ws/install/sfuise_msgs/include/sfuise_msgs/sfuise_msgs/msg/detail/knot__functions.c
[0.885s] -- Up-to-date: /home/dsh/Documents/work_logs/code/SFUISE/sfuise_ws/install/sfuise_msgs/include/sfuise_msgs/sfuise_msgs/msg/detail/offset__functions.h
[0.885s] -- Up-to-date: /home/dsh/Documents/work_logs/code/SFUISE/sfuise_ws/install/sfuise_msgs/include/sfuise_msgs/sfuise_msgs/msg/detail/offset__struct.h
[0.885s] -- Up-to-date: /home/dsh/Documents/work_logs/code/SFUISE/sfuise_ws/install/sfuise_msgs/include/sfuise_msgs/sfuise_msgs/msg/detail/estimate__functions.h
[0.885s] -- Up-to-date: /home/dsh/Documents/work_logs/code/SFUISE/sfuise_ws/install/sfuise_msgs/include/sfuise_msgs/sfuise_msgs/msg/detail/offset__type_support.h
[0.885s] -- Up-to-date: /home/dsh/Documents/work_logs/code/SFUISE/sfuise_ws/install/sfuise_msgs/include/sfuise_msgs/sfuise_msgs/msg/detail/knot__struct.h
[0.885s] -- Up-to-date: /home/dsh/Documents/work_logs/code/SFUISE/sfuise_ws/install/sfuise_msgs/include/sfuise_msgs/sfuise_msgs/msg/detail/spline__struct.h
[0.885s] -- Up-to-date: /home/dsh/Documents/work_logs/code/SFUISE/sfuise_ws/install/sfuise_msgs/include/sfuise_msgs/sfuise_msgs/msg/detail/calib__functions.c
[0.885s] -- Up-to-date: /home/dsh/Documents/work_logs/code/SFUISE/sfuise_ws/install/sfuise_msgs/include/sfuise_msgs/sfuise_msgs/msg/detail/spline__functions.h
[0.886s] -- Up-to-date: /home/dsh/Documents/work_logs/code/SFUISE/sfuise_ws/install/sfuise_msgs/include/sfuise_msgs/sfuise_msgs/msg/detail/estimate__type_support.h
[0.886s] -- Up-to-date: /home/dsh/Documents/work_logs/code/SFUISE/sfuise_ws/install/sfuise_msgs/include/sfuise_msgs/sfuise_msgs/msg/detail/knot__type_support.h
[0.886s] -- Up-to-date: /home/dsh/Documents/work_logs/code/SFUISE/sfuise_ws/install/sfuise_msgs/include/sfuise_msgs/sfuise_msgs/msg/detail/estimate__struct.h
[0.886s] -- Up-to-date: /home/dsh/Documents/work_logs/code/SFUISE/sfuise_ws/install/sfuise_msgs/include/sfuise_msgs/sfuise_msgs/msg/detail/calib__functions.h
[0.886s] -- Up-to-date: /home/dsh/Documents/work_logs/code/SFUISE/sfuise_ws/install/sfuise_msgs/include/sfuise_msgs/sfuise_msgs/msg/detail/spline__functions.c
[0.886s] -- Up-to-date: /home/dsh/Documents/work_logs/code/SFUISE/sfuise_ws/install/sfuise_msgs/include/sfuise_msgs/sfuise_msgs/msg/detail/calib__struct.h
[0.886s] -- Up-to-date: /home/dsh/Documents/work_logs/code/SFUISE/sfuise_ws/install/sfuise_msgs/include/sfuise_msgs/sfuise_msgs/msg/detail/calib__type_support.h
[0.886s] -- Up-to-date: /home/dsh/Documents/work_logs/code/SFUISE/sfuise_ws/install/sfuise_msgs/include/sfuise_msgs/sfuise_msgs/msg/detail/spline__type_support.h
[0.886s] -- Up-to-date: /home/dsh/Documents/work_logs/code/SFUISE/sfuise_ws/install/sfuise_msgs/include/sfuise_msgs/sfuise_msgs/msg/detail/offset__functions.c
[0.886s] -- Up-to-date: /home/dsh/Documents/work_logs/code/SFUISE/sfuise_ws/install/sfuise_msgs/include/sfuise_msgs/sfuise_msgs/msg/spline.h
[0.886s] -- Up-to-date: /home/dsh/Documents/work_logs/code/SFUISE/sfuise_ws/install/sfuise_msgs/include/sfuise_msgs/sfuise_msgs/msg/rosidl_generator_c__visibility_control.h
[0.887s] -- Up-to-date: /home/dsh/Documents/work_logs/code/SFUISE/sfuise_ws/install/sfuise_msgs/include/sfuise_msgs/sfuise_msgs/msg/estimate.h
[0.887s] -- Up-to-date: /home/dsh/Documents/work_logs/code/SFUISE/sfuise_ws/install/sfuise_msgs/include/sfuise_msgs/sfuise_msgs/msg/calib.h
[0.887s] -- Up-to-date: /home/dsh/Documents/work_logs/code/SFUISE/sfuise_ws/install/sfuise_msgs/share/sfuise_msgs/environment/library_path.sh
[0.887s] -- Up-to-date: /home/dsh/Documents/work_logs/code/SFUISE/sfuise_ws/install/sfuise_msgs/share/sfuise_msgs/environment/library_path.dsv
[0.887s] -- Up-to-date: /home/dsh/Documents/work_logs/code/SFUISE/sfuise_ws/install/sfuise_msgs/lib/libsfuise_msgs__rosidl_generator_c.so
[0.887s] -- Up-to-date: /home/dsh/Documents/work_logs/code/SFUISE/sfuise_ws/install/sfuise_msgs/include/sfuise_msgs/sfuise_msgs
[0.887s] -- Up-to-date: /home/dsh/Documents/work_logs/code/SFUISE/sfuise_ws/install/sfuise_msgs/include/sfuise_msgs/sfuise_msgs/msg
[0.887s] -- Up-to-date: /home/dsh/Documents/work_logs/code/SFUISE/sfuise_ws/install/sfuise_msgs/include/sfuise_msgs/sfuise_msgs/msg/rosidl_typesupport_fastrtps_c__visibility_control.h
[0.887s] -- Up-to-date: /home/dsh/Documents/work_logs/code/SFUISE/sfuise_ws/install/sfuise_msgs/include/sfuise_msgs/sfuise_msgs/msg/detail
[0.887s] -- Up-to-date: /home/dsh/Documents/work_logs/code/SFUISE/sfuise_ws/install/sfuise_msgs/include/sfuise_msgs/sfuise_msgs/msg/detail/knot__rosidl_typesupport_fastrtps_c.h
[0.888s] -- Up-to-date: /home/dsh/Documents/work_logs/code/SFUISE/sfuise_ws/install/sfuise_msgs/include/sfuise_msgs/sfuise_msgs/msg/detail/estimate__rosidl_typesupport_fastrtps_c.h
[0.888s] -- Up-to-date: /home/dsh/Documents/work_logs/code/SFUISE/sfuise_ws/install/sfuise_msgs/include/sfuise_msgs/sfuise_msgs/msg/detail/calib__rosidl_typesupport_fastrtps_c.h
[0.888s] -- Up-to-date: /home/dsh/Documents/work_logs/code/SFUISE/sfuise_ws/install/sfuise_msgs/include/sfuise_msgs/sfuise_msgs/msg/detail/spline__rosidl_typesupport_fastrtps_c.h
[0.888s] -- Up-to-date: /home/dsh/Documents/work_logs/code/SFUISE/sfuise_ws/install/sfuise_msgs/include/sfuise_msgs/sfuise_msgs/msg/detail/offset__rosidl_typesupport_fastrtps_c.h
[0.888s] -- Up-to-date: /home/dsh/Documents/work_logs/code/SFUISE/sfuise_ws/install/sfuise_msgs/lib/libsfuise_msgs__rosidl_typesupport_fastrtps_c.so
[0.888s] -- Up-to-date: /home/dsh/Documents/work_logs/code/SFUISE/sfuise_ws/install/sfuise_msgs/include/sfuise_msgs/sfuise_msgs
[0.888s] -- Up-to-date: /home/dsh/Documents/work_logs/code/SFUISE/sfuise_ws/install/sfuise_msgs/include/sfuise_msgs/sfuise_msgs/msg
[0.888s] -- Up-to-date: /home/dsh/Documents/work_logs/code/SFUISE/sfuise_ws/install/sfuise_msgs/include/sfuise_msgs/sfuise_msgs/msg/knot.hpp
[0.888s] -- Up-to-date: /home/dsh/Documents/work_logs/code/SFUISE/sfuise_ws/install/sfuise_msgs/include/sfuise_msgs/sfuise_msgs/msg/detail
[0.888s] -- Up-to-date: /home/dsh/Documents/work_logs/code/SFUISE/sfuise_ws/install/sfuise_msgs/include/sfuise_msgs/sfuise_msgs/msg/detail/calib__builder.hpp
[0.888s] -- Up-to-date: /home/dsh/Documents/work_logs/code/SFUISE/sfuise_ws/install/sfuise_msgs/include/sfuise_msgs/sfuise_msgs/msg/detail/offset__type_support.hpp
[0.889s] -- Up-to-date: /home/dsh/Documents/work_logs/code/SFUISE/sfuise_ws/install/sfuise_msgs/include/sfuise_msgs/sfuise_msgs/msg/detail/spline__struct.hpp
[0.889s] -- Up-to-date: /home/dsh/Documents/work_logs/code/SFUISE/sfuise_ws/install/sfuise_msgs/include/sfuise_msgs/sfuise_msgs/msg/detail/spline__builder.hpp
[0.889s] -- Up-to-date: /home/dsh/Documents/work_logs/code/SFUISE/sfuise_ws/install/sfuise_msgs/include/sfuise_msgs/sfuise_msgs/msg/detail/knot__type_support.hpp
[0.889s] -- Up-to-date: /home/dsh/Documents/work_logs/code/SFUISE/sfuise_ws/install/sfuise_msgs/include/sfuise_msgs/sfuise_msgs/msg/detail/calib__traits.hpp
[0.889s] -- Up-to-date: /home/dsh/Documents/work_logs/code/SFUISE/sfuise_ws/install/sfuise_msgs/include/sfuise_msgs/sfuise_msgs/msg/detail/spline__traits.hpp
[0.889s] -- Up-to-date: /home/dsh/Documents/work_logs/code/SFUISE/sfuise_ws/install/sfuise_msgs/include/sfuise_msgs/sfuise_msgs/msg/detail/offset__traits.hpp
[0.889s] -- Up-to-date: /home/dsh/Documents/work_logs/code/SFUISE/sfuise_ws/install/sfuise_msgs/include/sfuise_msgs/sfuise_msgs/msg/detail/offset__builder.hpp
[0.889s] -- Up-to-date: /home/dsh/Documents/work_logs/code/SFUISE/sfuise_ws/install/sfuise_msgs/include/sfuise_msgs/sfuise_msgs/msg/detail/estimate__struct.hpp
[0.889s] -- Up-to-date: /home/dsh/Documents/work_logs/code/SFUISE/sfuise_ws/install/sfuise_msgs/include/sfuise_msgs/sfuise_msgs/msg/detail/knot__builder.hpp
[0.889s] -- Up-to-date: /home/dsh/Documents/work_logs/code/SFUISE/sfuise_ws/install/sfuise_msgs/include/sfuise_msgs/sfuise_msgs/msg/detail/calib__struct.hpp
[0.889s] -- Up-to-date: /home/dsh/Documents/work_logs/code/SFUISE/sfuise_ws/install/sfuise_msgs/include/sfuise_msgs/sfuise_msgs/msg/detail/calib__type_support.hpp
[0.890s] -- Up-to-date: /home/dsh/Documents/work_logs/code/SFUISE/sfuise_ws/install/sfuise_msgs/include/sfuise_msgs/sfuise_msgs/msg/detail/knot__traits.hpp
[0.890s] -- Up-to-date: /home/dsh/Documents/work_logs/code/SFUISE/sfuise_ws/install/sfuise_msgs/include/sfuise_msgs/sfuise_msgs/msg/detail/estimate__type_support.hpp
[0.890s] -- Up-to-date: /home/dsh/Documents/work_logs/code/SFUISE/sfuise_ws/install/sfuise_msgs/include/sfuise_msgs/sfuise_msgs/msg/detail/estimate__traits.hpp
[0.890s] -- Up-to-date: /home/dsh/Documents/work_logs/code/SFUISE/sfuise_ws/install/sfuise_msgs/include/sfuise_msgs/sfuise_msgs/msg/detail/spline__type_support.hpp
[0.890s] -- Up-to-date: /home/dsh/Documents/work_logs/code/SFUISE/sfuise_ws/install/sfuise_msgs/include/sfuise_msgs/sfuise_msgs/msg/detail/knot__struct.hpp
[0.890s] -- Up-to-date: /home/dsh/Documents/work_logs/code/SFUISE/sfuise_ws/install/sfuise_msgs/include/sfuise_msgs/sfuise_msgs/msg/detail/estimate__builder.hpp
[0.890s] -- Up-to-date: /home/dsh/Documents/work_logs/code/SFUISE/sfuise_ws/install/sfuise_msgs/include/sfuise_msgs/sfuise_msgs/msg/detail/offset__struct.hpp
[0.890s] -- Up-to-date: /home/dsh/Documents/work_logs/code/SFUISE/sfuise_ws/install/sfuise_msgs/include/sfuise_msgs/sfuise_msgs/msg/spline.hpp
[0.890s] -- Up-to-date: /home/dsh/Documents/work_logs/code/SFUISE/sfuise_ws/install/sfuise_msgs/include/sfuise_msgs/sfuise_msgs/msg/calib.hpp
[0.890s] -- Up-to-date: /home/dsh/Documents/work_logs/code/SFUISE/sfuise_ws/install/sfuise_msgs/include/sfuise_msgs/sfuise_msgs/msg/estimate.hpp
[0.890s] -- Up-to-date: /home/dsh/Documents/work_logs/code/SFUISE/sfuise_ws/install/sfuise_msgs/include/sfuise_msgs/sfuise_msgs/msg/offset.hpp
[0.890s] -- Up-to-date: /home/dsh/Documents/work_logs/code/SFUISE/sfuise_ws/install/sfuise_msgs/include/sfuise_msgs/sfuise_msgs/msg/rosidl_generator_cpp__visibility_control.hpp
[0.891s] -- Up-to-date: /home/dsh/Documents/work_logs/code/SFUISE/sfuise_ws/install/sfuise_msgs/include/sfuise_msgs/sfuise_msgs
[0.891s] -- Up-to-date: /home/dsh/Documents/work_logs/code/SFUISE/sfuise_ws/install/sfuise_msgs/include/sfuise_msgs/sfuise_msgs/msg
[0.891s] -- Up-to-date: /home/dsh/Documents/work_logs/code/SFUISE/sfuise_ws/install/sfuise_msgs/include/sfuise_msgs/sfuise_msgs/msg/detail
[0.891s] -- Up-to-date: /home/dsh/Documents/work_logs/code/SFUISE/sfuise_ws/install/sfuise_msgs/include/sfuise_msgs/sfuise_msgs/msg/detail/offset__rosidl_typesupport_fastrtps_cpp.hpp
[0.891s] -- Up-to-date: /home/dsh/Documents/work_logs/code/SFUISE/sfuise_ws/install/sfuise_msgs/include/sfuise_msgs/sfuise_msgs/msg/detail/dds_fastrtps
[0.891s] -- Up-to-date: /home/dsh/Documents/work_logs/code/SFUISE/sfuise_ws/install/sfuise_msgs/include/sfuise_msgs/sfuise_msgs/msg/detail/calib__rosidl_typesupport_fastrtps_cpp.hpp
[0.891s] -- Up-to-date: /home/dsh/Documents/work_logs/code/SFUISE/sfuise_ws/install/sfuise_msgs/include/sfuise_msgs/sfuise_msgs/msg/detail/spline__rosidl_typesupport_fastrtps_cpp.hpp
[0.891s] -- Up-to-date: /home/dsh/Documents/work_logs/code/SFUISE/sfuise_ws/install/sfuise_msgs/include/sfuise_msgs/sfuise_msgs/msg/detail/estimate__rosidl_typesupport_fastrtps_cpp.hpp
[0.891s] -- Up-to-date: /home/dsh/Documents/work_logs/code/SFUISE/sfuise_ws/install/sfuise_msgs/include/sfuise_msgs/sfuise_msgs/msg/detail/knot__rosidl_typesupport_fastrtps_cpp.hpp
[0.891s] -- Up-to-date: /home/dsh/Documents/work_logs/code/SFUISE/sfuise_ws/install/sfuise_msgs/include/sfuise_msgs/sfuise_msgs/msg/rosidl_typesupport_fastrtps_cpp__visibility_control.h
[0.891s] -- Up-to-date: /home/dsh/Documents/work_logs/code/SFUISE/sfuise_ws/install/sfuise_msgs/lib/libsfuise_msgs__rosidl_typesupport_fastrtps_cpp.so
[0.892s] -- Up-to-date: /home/dsh/Documents/work_logs/code/SFUISE/sfuise_ws/install/sfuise_msgs/include/sfuise_msgs/sfuise_msgs
[0.892s] -- Up-to-date: /home/dsh/Documents/work_logs/code/SFUISE/sfuise_ws/install/sfuise_msgs/include/sfuise_msgs/sfuise_msgs/msg
[0.892s] -- Up-to-date: /home/dsh/Documents/work_logs/code/SFUISE/sfuise_ws/install/sfuise_msgs/include/sfuise_msgs/sfuise_msgs/msg/detail
[0.892s] -- Up-to-date: /home/dsh/Documents/work_logs/code/SFUISE/sfuise_ws/install/sfuise_msgs/include/sfuise_msgs/sfuise_msgs/msg/detail/spline__rosidl_typesupport_introspection_c.h
[0.892s] -- Up-to-date: /home/dsh/Documents/work_logs/code/SFUISE/sfuise_ws/install/sfuise_msgs/include/sfuise_msgs/sfuise_msgs/msg/detail/knot__rosidl_typesupport_introspection_c.h
[0.892s] -- Up-to-date: /home/dsh/Documents/work_logs/code/SFUISE/sfuise_ws/install/sfuise_msgs/include/sfuise_msgs/sfuise_msgs/msg/detail/offset__rosidl_typesupport_introspection_c.h
[0.892s] -- Up-to-date: /home/dsh/Documents/work_logs/code/SFUISE/sfuise_ws/install/sfuise_msgs/include/sfuise_msgs/sfuise_msgs/msg/detail/calib__type_support.c
[0.892s] -- Up-to-date: /home/dsh/Documents/work_logs/code/SFUISE/sfuise_ws/install/sfuise_msgs/include/sfuise_msgs/sfuise_msgs/msg/detail/estimate__rosidl_typesupport_introspection_c.h
[0.892s] -- Up-to-date: /home/dsh/Documents/work_logs/code/SFUISE/sfuise_ws/install/sfuise_msgs/include/sfuise_msgs/sfuise_msgs/msg/detail/knot__type_support.c
[0.892s] -- Up-to-date: /home/dsh/Documents/work_logs/code/SFUISE/sfuise_ws/install/sfuise_msgs/include/sfuise_msgs/sfuise_msgs/msg/detail/spline__type_support.c
[0.893s] -- Up-to-date: /home/dsh/Documents/work_logs/code/SFUISE/sfuise_ws/install/sfuise_msgs/include/sfuise_msgs/sfuise_msgs/msg/detail/estimate__type_support.c
[0.893s] -- Up-to-date: /home/dsh/Documents/work_logs/code/SFUISE/sfuise_ws/install/sfuise_msgs/include/sfuise_msgs/sfuise_msgs/msg/detail/offset__type_support.c
[0.893s] -- Up-to-date: /home/dsh/Documents/work_logs/code/SFUISE/sfuise_ws/install/sfuise_msgs/include/sfuise_msgs/sfuise_msgs/msg/detail/calib__rosidl_typesupport_introspection_c.h
[0.893s] -- Up-to-date: /home/dsh/Documents/work_logs/code/SFUISE/sfuise_ws/install/sfuise_msgs/include/sfuise_msgs/sfuise_msgs/msg/rosidl_typesupport_introspection_c__visibility_control.h
[0.893s] -- Up-to-date: /home/dsh/Documents/work_logs/code/SFUISE/sfuise_ws/install/sfuise_msgs/lib/libsfuise_msgs__rosidl_typesupport_introspection_c.so
[0.893s] -- Up-to-date: /home/dsh/Documents/work_logs/code/SFUISE/sfuise_ws/install/sfuise_msgs/lib/libsfuise_msgs__rosidl_typesupport_c.so
[0.893s] -- Up-to-date: /home/dsh/Documents/work_logs/code/SFUISE/sfuise_ws/install/sfuise_msgs/include/sfuise_msgs/sfuise_msgs
[0.893s] -- Up-to-date: /home/dsh/Documents/work_logs/code/SFUISE/sfuise_ws/install/sfuise_msgs/include/sfuise_msgs/sfuise_msgs/msg
[0.893s] -- Up-to-date: /home/dsh/Documents/work_logs/code/SFUISE/sfuise_ws/install/sfuise_msgs/include/sfuise_msgs/sfuise_msgs/msg/detail
[0.893s] -- Up-to-date: /home/dsh/Documents/work_logs/code/SFUISE/sfuise_ws/install/sfuise_msgs/include/sfuise_msgs/sfuise_msgs/msg/detail/offset__rosidl_typesupport_introspection_cpp.hpp
[0.894s] -- Up-to-date: /home/dsh/Documents/work_logs/code/SFUISE/sfuise_ws/install/sfuise_msgs/include/sfuise_msgs/sfuise_msgs/msg/detail/estimate__rosidl_typesupport_introspection_cpp.hpp
[0.894s] -- Up-to-date: /home/dsh/Documents/work_logs/code/SFUISE/sfuise_ws/install/sfuise_msgs/include/sfuise_msgs/sfuise_msgs/msg/detail/knot__type_support.cpp
[0.894s] -- Up-to-date: /home/dsh/Documents/work_logs/code/SFUISE/sfuise_ws/install/sfuise_msgs/include/sfuise_msgs/sfuise_msgs/msg/detail/spline__rosidl_typesupport_introspection_cpp.hpp
[0.894s] -- Up-to-date: /home/dsh/Documents/work_logs/code/SFUISE/sfuise_ws/install/sfuise_msgs/include/sfuise_msgs/sfuise_msgs/msg/detail/calib__type_support.cpp
[0.894s] -- Up-to-date: /home/dsh/Documents/work_logs/code/SFUISE/sfuise_ws/install/sfuise_msgs/include/sfuise_msgs/sfuise_msgs/msg/detail/knot__rosidl_typesupport_introspection_cpp.hpp
[0.894s] -- Up-to-date: /home/dsh/Documents/work_logs/code/SFUISE/sfuise_ws/install/sfuise_msgs/include/sfuise_msgs/sfuise_msgs/msg/detail/estimate__type_support.cpp
[0.894s] -- Up-to-date: /home/dsh/Documents/work_logs/code/SFUISE/sfuise_ws/install/sfuise_msgs/include/sfuise_msgs/sfuise_msgs/msg/detail/offset__type_support.cpp
[0.894s] -- Up-to-date: /home/dsh/Documents/work_logs/code/SFUISE/sfuise_ws/install/sfuise_msgs/include/sfuise_msgs/sfuise_msgs/msg/detail/calib__rosidl_typesupport_introspection_cpp.hpp
[0.894s] -- Up-to-date: /home/dsh/Documents/work_logs/code/SFUISE/sfuise_ws/install/sfuise_msgs/include/sfuise_msgs/sfuise_msgs/msg/detail/spline__type_support.cpp
[0.894s] -- Up-to-date: /home/dsh/Documents/work_logs/code/SFUISE/sfuise_ws/install/sfuise_msgs/lib/libsfuise_msgs__rosidl_typesupport_introspection_cpp.so
[0.894s] -- Up-to-date: /home/dsh/Documents/work_logs/code/SFUISE/sfuise_ws/install/sfuise_msgs/lib/libsfuise_msgs__rosidl_typesupport_cpp.so
[0.895s] -- Up-to-date: /home/dsh/Documents/work_logs/code/SFUISE/sfuise_ws/install/sfuise_msgs/share/sfuise_msgs/environment/pythonpath.sh
[0.895s] -- Up-to-date: /home/dsh/Documents/work_logs/code/SFUISE/sfuise_ws/install/sfuise_msgs/share/sfuise_msgs/environment/pythonpath.dsv
[0.895s] -- Up-to-date: /home/dsh/Documents/work_logs/code/SFUISE/sfuise_ws/install/sfuise_msgs/local/lib/python3.10/dist-packages/sfuise_msgs-0.0.0-py3.10.egg-info
[0.895s] -- Installing: /home/dsh/Documents/work_logs/code/SFUISE/sfuise_ws/install/sfuise_msgs/local/lib/python3.10/dist-packages/sfuise_msgs-0.0.0-py3.10.egg-info/SOURCES.txt
[0.895s] -- Installing: /home/dsh/Documents/work_logs/code/SFUISE/sfuise_ws/install/sfuise_msgs/local/lib/python3.10/dist-packages/sfuise_msgs-0.0.0-py3.10.egg-info/PKG-INFO
[0.895s] -- Installing: /home/dsh/Documents/work_logs/code/SFUISE/sfuise_ws/install/sfuise_msgs/local/lib/python3.10/dist-packages/sfuise_msgs-0.0.0-py3.10.egg-info/top_level.txt
[0.895s] -- Installing: /home/dsh/Documents/work_logs/code/SFUISE/sfuise_ws/install/sfuise_msgs/local/lib/python3.10/dist-packages/sfuise_msgs-0.0.0-py3.10.egg-info/dependency_links.txt
[0.895s] -- Up-to-date: /home/dsh/Documents/work_logs/code/SFUISE/sfuise_ws/install/sfuise_msgs/local/lib/python3.10/dist-packages/sfuise_msgs
[0.895s] -- Up-to-date: /home/dsh/Documents/work_logs/code/SFUISE/sfuise_ws/install/sfuise_msgs/local/lib/python3.10/dist-packages/sfuise_msgs/_sfuise_msgs_s.ep.rosidl_typesupport_c.c
[0.895s] -- Up-to-date: /home/dsh/Documents/work_logs/code/SFUISE/sfuise_ws/install/sfuise_msgs/local/lib/python3.10/dist-packages/sfuise_msgs/libsfuise_msgs__rosidl_generator_py.so
[0.896s] -- Up-to-date: /home/dsh/Documents/work_logs/code/SFUISE/sfuise_ws/install/sfuise_msgs/local/lib/python3.10/dist-packages/sfuise_msgs/sfuise_msgs_s__rosidl_typesupport_c.cpython-310-x86_64-linux-gnu.so
[0.896s] -- Up-to-date: /home/dsh/Documents/work_logs/code/SFUISE/sfuise_ws/install/sfuise_msgs/local/lib/python3.10/dist-packages/sfuise_msgs/__init__.py
[0.896s] -- Up-to-date: /home/dsh/Documents/work_logs/code/SFUISE/sfuise_ws/install/sfuise_msgs/local/lib/python3.10/dist-packages/sfuise_msgs/_sfuise_msgs_s.ep.rosidl_typesupport_fastrtps_c.c
[0.896s] -- Up-to-date: /home/dsh/Documents/work_logs/code/SFUISE/sfuise_ws/install/sfuise_msgs/local/lib/python3.10/dist-packages/sfuise_msgs/sfuise_msgs_s__rosidl_typesupport_fastrtps_c.cpython-310-x86_64-linux-gnu.so
[0.896s] -- Up-to-date: /home/dsh/Documents/work_logs/code/SFUISE/sfuise_ws/install/sfuise_msgs/local/lib/python3.10/dist-packages/sfuise_msgs/msg
[0.896s] -- Up-to-date: /home/dsh/Documents/work_logs/code/SFUISE/sfuise_ws/install/sfuise_msgs/local/lib/python3.10/dist-packages/sfuise_msgs/msg/_offset_s.c
[0.896s] -- Up-to-date: /home/dsh/Documents/work_logs/code/SFUISE/sfuise_ws/install/sfuise_msgs/local/lib/python3.10/dist-packages/sfuise_msgs/msg/_estimate.py
[0.896s] -- Up-to-date: /home/dsh/Documents/work_logs/code/SFUISE/sfuise_ws/install/sfuise_msgs/local/lib/python3.10/dist-packages/sfuise_msgs/msg/_spline_s.c
[0.896s] -- Up-to-date: /home/dsh/Documents/work_logs/code/SFUISE/sfuise_ws/install/sfuise_msgs/local/lib/python3.10/dist-packages/sfuise_msgs/msg/_spline.py
[0.896s] -- Up-to-date: /home/dsh/Documents/work_logs/code/SFUISE/sfuise_ws/install/sfuise_msgs/local/lib/python3.10/dist-packages/sfuise_msgs/msg/_calib_s.c
[0.897s] -- Up-to-date: /home/dsh/Documents/work_logs/code/SFUISE/sfuise_ws/install/sfuise_msgs/local/lib/python3.10/dist-packages/sfuise_msgs/msg/__init__.py
[0.897s] -- Up-to-date: /home/dsh/Documents/work_logs/code/SFUISE/sfuise_ws/install/sfuise_msgs/local/lib/python3.10/dist-packages/sfuise_msgs/msg/_offset.py
[0.897s] -- Up-to-date: /home/dsh/Documents/work_logs/code/SFUISE/sfuise_ws/install/sfuise_msgs/local/lib/python3.10/dist-packages/sfuise_msgs/msg/_calib.py
[0.897s] -- Up-to-date: /home/dsh/Documents/work_logs/code/SFUISE/sfuise_ws/install/sfuise_msgs/local/lib/python3.10/dist-packages/sfuise_msgs/msg/_knot.py
[0.897s] -- Up-to-date: /home/dsh/Documents/work_logs/code/SFUISE/sfuise_ws/install/sfuise_msgs/local/lib/python3.10/dist-packages/sfuise_msgs/msg/_knot_s.c
[0.897s] -- Up-to-date: /home/dsh/Documents/work_logs/code/SFUISE/sfuise_ws/install/sfuise_msgs/local/lib/python3.10/dist-packages/sfuise_msgs/msg/_estimate_s.c
[0.897s] -- Up-to-date: /home/dsh/Documents/work_logs/code/SFUISE/sfuise_ws/install/sfuise_msgs/local/lib/python3.10/dist-packages/sfuise_msgs/sfuise_msgs_s__rosidl_typesupport_introspection_c.cpython-310-x86_64-linux-gnu.so
[0.897s] -- Up-to-date: /home/dsh/Documents/work_logs/code/SFUISE/sfuise_ws/install/sfuise_msgs/local/lib/python3.10/dist-packages/sfuise_msgs/_sfuise_msgs_s.ep.rosidl_typesupport_introspection_c.c
[0.949s] Listing '/home/dsh/Documents/work_logs/code/SFUISE/sfuise_ws/install/sfuise_msgs/local/lib/python3.10/dist-packages/sfuise_msgs'...
[0.949s] Listing '/home/dsh/Documents/work_logs/code/SFUISE/sfuise_ws/install/sfuise_msgs/local/lib/python3.10/dist-packages/sfuise_msgs/msg'...
[0.960s] -- Up-to-date: /home/dsh/Documents/work_logs/code/SFUISE/sfuise_ws/install/sfuise_msgs/local/lib/python3.10/dist-packages/sfuise_msgs/sfuise_msgs_s__rosidl_typesupport_fastrtps_c.cpython-310-x86_64-linux-gnu.so
[0.960s] -- Up-to-date: /home/dsh/Documents/work_logs/code/SFUISE/sfuise_ws/install/sfuise_msgs/local/lib/python3.10/dist-packages/sfuise_msgs/sfuise_msgs_s__rosidl_typesupport_introspection_c.cpython-310-x86_64-linux-gnu.so
[0.961s] -- Up-to-date: /home/dsh/Documents/work_logs/code/SFUISE/sfuise_ws/install/sfuise_msgs/local/lib/python3.10/dist-packages/sfuise_msgs/sfuise_msgs_s__rosidl_typesupport_c.cpython-310-x86_64-linux-gnu.so
[0.963s] -- Up-to-date: /home/dsh/Documents/work_logs/code/SFUISE/sfuise_ws/install/sfuise_msgs/lib/libsfuise_msgs__rosidl_generator_py.so
[0.963s] -- Up-to-date: /home/dsh/Documents/work_logs/code/SFUISE/sfuise_ws/install/sfuise_msgs/share/sfuise_msgs/msg/Calib.idl
[0.964s] -- Up-to-date: /home/dsh/Documents/work_logs/code/SFUISE/sfuise_ws/install/sfuise_msgs/share/sfuise_msgs/msg/Estimate.idl
[0.966s] -- Up-to-date: /home/dsh/Documents/work_logs/code/SFUISE/sfuise_ws/install/sfuise_msgs/share/sfuise_msgs/msg/Knot.idl
[0.967s] -- Up-to-date: /home/dsh/Documents/work_logs/code/SFUISE/sfuise_ws/install/sfuise_msgs/share/sfuise_msgs/msg/Offset.idl
[0.968s] -- Up-to-date: /home/dsh/Documents/work_logs/code/SFUISE/sfuise_ws/install/sfuise_msgs/share/sfuise_msgs/msg/Spline.idl
[0.968s] -- Up-to-date: /home/dsh/Documents/work_logs/code/SFUISE/sfuise_ws/install/sfuise_msgs/share/sfuise_msgs/msg/Calib.msg
[0.969s] -- Up-to-date: /home/dsh/Documents/work_logs/code/SFUISE/sfuise_ws/install/sfuise_msgs/share/sfuise_msgs/msg/Estimate.msg
[0.970s] -- Up-to-date: /home/dsh/Documents/work_logs/code/SFUISE/sfuise_ws/install/sfuise_msgs/share/sfuise_msgs/msg/Knot.msg
[0.970s] -- Up-to-date: /home/dsh/Documents/work_logs/code/SFUISE/sfuise_ws/install/sfuise_msgs/share/sfuise_msgs/msg/Offset.msg
[0.970s] -- Up-to-date: /home/dsh/Documents/work_logs/code/SFUISE/sfuise_ws/install/sfuise_msgs/share/sfuise_msgs/msg/Spline.msg
[0.970s] -- Up-to-date: /home/dsh/Documents/work_logs/code/SFUISE/sfuise_ws/install/sfuise_msgs/share/ament_index/resource_index/package_run_dependencies/sfuise_msgs
[0.971s] -- Up-to-date: /home/dsh/Documents/work_logs/code/SFUISE/sfuise_ws/install/sfuise_msgs/share/ament_index/resource_index/parent_prefix_path/sfuise_msgs
[0.971s] -- Up-to-date: /home/dsh/Documents/work_logs/code/SFUISE/sfuise_ws/install/sfuise_msgs/share/sfuise_msgs/environment/ament_prefix_path.sh
[0.971s] -- Up-to-date: /home/dsh/Documents/work_logs/code/SFUISE/sfuise_ws/install/sfuise_msgs/share/sfuise_msgs/environment/ament_prefix_path.dsv
[0.971s] -- Up-to-date: /home/dsh/Documents/work_logs/code/SFUISE/sfuise_ws/install/sfuise_msgs/share/sfuise_msgs/environment/path.sh
[0.974s] -- Up-to-date: /home/dsh/Documents/work_logs/code/SFUISE/sfuise_ws/install/sfuise_msgs/share/sfuise_msgs/environment/path.dsv
[0.974s] -- Up-to-date: /home/dsh/Documents/work_logs/code/SFUISE/sfuise_ws/install/sfuise_msgs/share/sfuise_msgs/local_setup.bash
[0.975s] -- Up-to-date: /home/dsh/Documents/work_logs/code/SFUISE/sfuise_ws/install/sfuise_msgs/share/sfuise_msgs/local_setup.sh
[0.975s] -- Up-to-date: /home/dsh/Documents/work_logs/code/SFUISE/sfuise_ws/install/sfuise_msgs/share/sfuise_msgs/local_setup.zsh
[0.976s] -- Up-to-date: /home/dsh/Documents/work_logs/code/SFUISE/sfuise_ws/install/sfuise_msgs/share/sfuise_msgs/local_setup.dsv
[0.977s] -- Installing: /home/dsh/Documents/work_logs/code/SFUISE/sfuise_ws/install/sfuise_msgs/share/sfuise_msgs/package.dsv
[0.978s] -- Up-to-date: /home/dsh/Documents/work_logs/code/SFUISE/sfuise_ws/install/sfuise_msgs/share/ament_index/resource_index/packages/sfuise_msgs
[0.978s] -- Up-to-date: /home/dsh/Documents/work_logs/code/SFUISE/sfuise_ws/install/sfuise_msgs/share/sfuise_msgs/cmake/export_sfuise_msgs__rosidl_generator_cExport.cmake
[0.978s] -- Up-to-date: /home/dsh/Documents/work_logs/code/SFUISE/sfuise_ws/install/sfuise_msgs/share/sfuise_msgs/cmake/export_sfuise_msgs__rosidl_generator_cExport-noconfig.cmake
[0.979s] -- Up-to-date: /home/dsh/Documents/work_logs/code/SFUISE/sfuise_ws/install/sfuise_msgs/share/sfuise_msgs/cmake/export_sfuise_msgs__rosidl_typesupport_fastrtps_cExport.cmake
[0.979s] -- Up-to-date: /home/dsh/Documents/work_logs/code/SFUISE/sfuise_ws/install/sfuise_msgs/share/sfuise_msgs/cmake/export_sfuise_msgs__rosidl_typesupport_fastrtps_cExport-noconfig.cmake
[0.980s] -- Up-to-date: /home/dsh/Documents/work_logs/code/SFUISE/sfuise_ws/install/sfuise_msgs/share/sfuise_msgs/cmake/export_sfuise_msgs__rosidl_generator_cppExport.cmake
[0.980s] -- Up-to-date: /home/dsh/Documents/work_logs/code/SFUISE/sfuise_ws/install/sfuise_msgs/share/sfuise_msgs/cmake/export_sfuise_msgs__rosidl_typesupport_fastrtps_cppExport.cmake
[0.980s] -- Up-to-date: /home/dsh/Documents/work_logs/code/SFUISE/sfuise_ws/install/sfuise_msgs/share/sfuise_msgs/cmake/export_sfuise_msgs__rosidl_typesupport_fastrtps_cppExport-noconfig.cmake
[0.980s] -- Up-to-date: /home/dsh/Documents/work_logs/code/SFUISE/sfuise_ws/install/sfuise_msgs/share/sfuise_msgs/cmake/sfuise_msgs__rosidl_typesupport_introspection_cExport.cmake
[0.980s] -- Up-to-date: /home/dsh/Documents/work_logs/code/SFUISE/sfuise_ws/install/sfuise_msgs/share/sfuise_msgs/cmake/sfuise_msgs__rosidl_typesupport_introspection_cExport-noconfig.cmake
[0.981s] -- Up-to-date: /home/dsh/Documents/work_logs/code/SFUISE/sfuise_ws/install/sfuise_msgs/share/sfuise_msgs/cmake/sfuise_msgs__rosidl_typesupport_cExport.cmake
[0.981s] -- Up-to-date: /home/dsh/Documents/work_logs/code/SFUISE/sfuise_ws/install/sfuise_msgs/share/sfuise_msgs/cmake/sfuise_msgs__rosidl_typesupport_cExport-noconfig.cmake
[0.981s] -- Up-to-date: /home/dsh/Documents/work_logs/code/SFUISE/sfuise_ws/install/sfuise_msgs/share/sfuise_msgs/cmake/sfuise_msgs__rosidl_typesupport_introspection_cppExport.cmake
[0.981s] -- Up-to-date: /home/dsh/Documents/work_logs/code/SFUISE/sfuise_ws/install/sfuise_msgs/share/sfuise_msgs/cmake/sfuise_msgs__rosidl_typesupport_introspection_cppExport-noconfig.cmake
[0.981s] -- Up-to-date: /home/dsh/Documents/work_logs/code/SFUISE/sfuise_ws/install/sfuise_msgs/share/sfuise_msgs/cmake/sfuise_msgs__rosidl_typesupport_cppExport.cmake
[0.981s] -- Up-to-date: /home/dsh/Documents/work_logs/code/SFUISE/sfuise_ws/install/sfuise_msgs/share/sfuise_msgs/cmake/sfuise_msgs__rosidl_typesupport_cppExport-noconfig.cmake
[0.982s] -- Up-to-date: /home/dsh/Documents/work_logs/code/SFUISE/sfuise_ws/install/sfuise_msgs/share/sfuise_msgs/cmake/export_sfuise_msgs__rosidl_generator_pyExport.cmake
[0.982s] -- Up-to-date: /home/dsh/Documents/work_logs/code/SFUISE/sfuise_ws/install/sfuise_msgs/share/sfuise_msgs/cmake/export_sfuise_msgs__rosidl_generator_pyExport-noconfig.cmake
[0.982s] -- Up-to-date: /home/dsh/Documents/work_logs/code/SFUISE/sfuise_ws/install/sfuise_msgs/share/sfuise_msgs/cmake/rosidl_cmake-extras.cmake
[0.982s] -- Up-to-date: /home/dsh/Documents/work_logs/code/SFUISE/sfuise_ws/install/sfuise_msgs/share/sfuise_msgs/cmake/ament_cmake_export_dependencies-extras.cmake
[0.982s] -- Up-to-date: /home/dsh/Documents/work_logs/code/SFUISE/sfuise_ws/install/sfuise_msgs/share/sfuise_msgs/cmake/ament_cmake_export_include_directories-extras.cmake
[0.983s] -- Up-to-date: /home/dsh/Documents/work_logs/code/SFUISE/sfuise_ws/install/sfuise_msgs/share/sfuise_msgs/cmake/ament_cmake_export_libraries-extras.cmake
[0.983s] -- Up-to-date: /home/dsh/Documents/work_logs/code/SFUISE/sfuise_ws/install/sfuise_msgs/share/sfuise_msgs/cmake/ament_cmake_export_targets-extras.cmake
[0.983s] -- Up-to-date: /home/dsh/Documents/work_logs/code/SFUISE/sfuise_ws/install/sfuise_msgs/share/sfuise_msgs/cmake/rosidl_cmake_export_typesupport_targets-extras.cmake
[0.983s] -- Up-to-date: /home/dsh/Documents/work_logs/code/SFUISE/sfuise_ws/install/sfuise_msgs/share/sfuise_msgs/cmake/rosidl_cmake_export_typesupport_libraries-extras.cmake
[0.983s] -- Up-to-date: /home/dsh/Documents/work_logs/code/SFUISE/sfuise_ws/install/sfuise_msgs/share/sfuise_msgs/cmake/sfuise_msgsConfig.cmake
[0.983s] -- Up-to-date: /home/dsh/Documents/work_logs/code/SFUISE/sfuise_ws/install/sfuise_msgs/share/sfuise_msgs/cmake/sfuise_msgsConfig-version.cmake
[0.983s] -- Up-to-date: /home/dsh/Documents/work_logs/code/SFUISE/sfuise_ws/install/sfuise_msgs/share/sfuise_msgs/package.xml
[1.035s] Invoked command in '/home/dsh/Documents/work_logs/code/SFUISE/sfuise_ws/build/sfuise_msgs' returned '0': CMAKE_PREFIX_PATH=${CMAKE_PREFIX_PATH}:/opt/ros/humble /usr/bin/cmake --install /home/dsh/Documents/work_logs/code/SFUISE/sfuise_ws/build/sfuise_msgs
