[0.023s] Invoking command in '/home/dsh/Documents/work_logs/code/SFUISE/sfuise_ws/build/isas_msgs': CMAKE_PREFIX_PATH=/opt/ros/humble /usr/bin/cmake --build /home/dsh/Documents/work_logs/code/SFUISE/sfuise_ws/build/isas_msgs -- -j20 -l20
[0.108s] [ 10%] Built target isas_msgs__rosidl_generator_c
[0.108s] [ 12%] Built target isas_msgs__cpp
[0.128s] [ 12%] Built target ament_cmake_python_copy_isas_msgs
[0.183s] [ 23%] Built target isas_msgs__rosidl_typesupport_fastrtps_c
[0.187s] [ 36%] Built target isas_msgs__rosidl_typesupport_c
[0.188s] [ 47%] Built target isas_msgs__rosidl_typesupport_cpp
[0.188s] [ 56%] Built target isas_msgs__rosidl_typesupport_fastrtps_cpp
[0.195s] [ 74%] Built target isas_msgs__rosidl_typesupport_introspection_c
[0.195s] [ 78%] Built target isas_msgs__rosidl_typesupport_introspection_cpp
[0.253s] [ 78%] Built target isas_msgs
[0.300s] [ 80%] Built target isas_msgs__py
[0.353s] [ 89%] Built target isas_msgs__rosidl_generator_py
[0.400s] [ 96%] Built target isas_msgs__rosidl_typesupport_fastrtps_c__pyext
[0.400s] [ 96%] Built target isas_msgs__rosidl_typesupport_c__pyext
[0.405s] [100%] Built target isas_msgs__rosidl_typesupport_introspection_c__pyext
[0.647s] running egg_info
[0.648s] writing isas_msgs.egg-info/PKG-INFO
[0.648s] writing dependency_links to isas_msgs.egg-info/dependency_links.txt
[0.649s] writing top-level names to isas_msgs.egg-info/top_level.txt
[0.652s] reading manifest file 'isas_msgs.egg-info/SOURCES.txt'
[0.653s] writing manifest file 'isas_msgs.egg-info/SOURCES.txt'
[0.708s] [100%] Built target ament_cmake_python_build_isas_msgs_egg
[0.746s] Invoked command in '/home/dsh/Documents/work_logs/code/SFUISE/sfuise_ws/build/isas_msgs' returned '0': CMAKE_PREFIX_PATH=/opt/ros/humble /usr/bin/cmake --build /home/dsh/Documents/work_logs/code/SFUISE/sfuise_ws/build/isas_msgs -- -j20 -l20
[0.748s] Invoking command in '/home/dsh/Documents/work_logs/code/SFUISE/sfuise_ws/build/isas_msgs': CMAKE_PREFIX_PATH=/opt/ros/humble /usr/bin/cmake --install /home/dsh/Documents/work_logs/code/SFUISE/sfuise_ws/build/isas_msgs
[0.770s] -- Install configuration: ""
[0.772s] -- Up-to-date: /home/dsh/Documents/work_logs/code/SFUISE/sfuise_ws/install/isas_msgs/share/ament_index/resource_index/rosidl_interfaces/isas_msgs
[0.773s] -- Up-to-date: /home/dsh/Documents/work_logs/code/SFUISE/sfuise_ws/install/isas_msgs/include/isas_msgs/isas_msgs
[0.773s] -- Up-to-date: /home/dsh/Documents/work_logs/code/SFUISE/sfuise_ws/install/isas_msgs/include/isas_msgs/isas_msgs/msg
[0.773s] -- Up-to-date: /home/dsh/Documents/work_logs/code/SFUISE/sfuise_ws/install/isas_msgs/include/isas_msgs/isas_msgs/msg/detail
[0.773s] -- Up-to-date: /home/dsh/Documents/work_logs/code/SFUISE/sfuise_ws/install/isas_msgs/include/isas_msgs/isas_msgs/msg/detail/anchor_position__type_support.h
[0.773s] -- Up-to-date: /home/dsh/Documents/work_logs/code/SFUISE/sfuise_ws/install/isas_msgs/include/isas_msgs/isas_msgs/msg/detail/rtls_stick__functions.c
[0.773s] -- Up-to-date: /home/dsh/Documents/work_logs/code/SFUISE/sfuise_ws/install/isas_msgs/include/isas_msgs/isas_msgs/msg/detail/anchorlist__functions.c
[0.773s] -- Up-to-date: /home/dsh/Documents/work_logs/code/SFUISE/sfuise_ws/install/isas_msgs/include/isas_msgs/isas_msgs/msg/detail/anchorlist__type_support.h
[0.773s] -- Up-to-date: /home/dsh/Documents/work_logs/code/SFUISE/sfuise_ws/install/isas_msgs/include/isas_msgs/isas_msgs/msg/detail/rtls_stick__type_support.h
[0.773s] -- Up-to-date: /home/dsh/Documents/work_logs/code/SFUISE/sfuise_ws/install/isas_msgs/include/isas_msgs/isas_msgs/msg/detail/rtls_range__type_support.h
[0.773s] -- Up-to-date: /home/dsh/Documents/work_logs/code/SFUISE/sfuise_ws/install/isas_msgs/include/isas_msgs/isas_msgs/msg/detail/rtls_stick__struct.h
[0.773s] -- Up-to-date: /home/dsh/Documents/work_logs/code/SFUISE/sfuise_ws/install/isas_msgs/include/isas_msgs/isas_msgs/msg/detail/rtls_stick__functions.h
[0.774s] -- Up-to-date: /home/dsh/Documents/work_logs/code/SFUISE/sfuise_ws/install/isas_msgs/include/isas_msgs/isas_msgs/msg/detail/rtls_range__functions.c
[0.774s] -- Up-to-date: /home/dsh/Documents/work_logs/code/SFUISE/sfuise_ws/install/isas_msgs/include/isas_msgs/isas_msgs/msg/detail/rtls_range__struct.h
[0.778s] -- Up-to-date: /home/dsh/Documents/work_logs/code/SFUISE/sfuise_ws/install/isas_msgs/include/isas_msgs/isas_msgs/msg/detail/rtls_range__functions.h
[0.778s] -- Up-to-date: /home/dsh/Documents/work_logs/code/SFUISE/sfuise_ws/install/isas_msgs/include/isas_msgs/isas_msgs/msg/detail/anchorlist__functions.h
[0.778s] -- Up-to-date: /home/dsh/Documents/work_logs/code/SFUISE/sfuise_ws/install/isas_msgs/include/isas_msgs/isas_msgs/msg/detail/anchor_position__functions.h
[0.778s] -- Up-to-date: /home/dsh/Documents/work_logs/code/SFUISE/sfuise_ws/install/isas_msgs/include/isas_msgs/isas_msgs/msg/detail/anchor_position__struct.h
[0.778s] -- Up-to-date: /home/dsh/Documents/work_logs/code/SFUISE/sfuise_ws/install/isas_msgs/include/isas_msgs/isas_msgs/msg/detail/anchorlist__struct.h
[0.779s] -- Up-to-date: /home/dsh/Documents/work_logs/code/SFUISE/sfuise_ws/install/isas_msgs/include/isas_msgs/isas_msgs/msg/detail/anchor_position__functions.c
[0.779s] -- Up-to-date: /home/dsh/Documents/work_logs/code/SFUISE/sfuise_ws/install/isas_msgs/include/isas_msgs/isas_msgs/msg/anchor_position.h
[0.779s] -- Up-to-date: /home/dsh/Documents/work_logs/code/SFUISE/sfuise_ws/install/isas_msgs/include/isas_msgs/isas_msgs/msg/rtls_stick.h
[0.779s] -- Up-to-date: /home/dsh/Documents/work_logs/code/SFUISE/sfuise_ws/install/isas_msgs/include/isas_msgs/isas_msgs/msg/rtls_range.h
[0.779s] -- Up-to-date: /home/dsh/Documents/work_logs/code/SFUISE/sfuise_ws/install/isas_msgs/include/isas_msgs/isas_msgs/msg/rosidl_generator_c__visibility_control.h
[0.779s] -- Up-to-date: /home/dsh/Documents/work_logs/code/SFUISE/sfuise_ws/install/isas_msgs/include/isas_msgs/isas_msgs/msg/anchorlist.h
[0.780s] -- Up-to-date: /home/dsh/Documents/work_logs/code/SFUISE/sfuise_ws/install/isas_msgs/share/isas_msgs/environment/library_path.sh
[0.780s] -- Up-to-date: /home/dsh/Documents/work_logs/code/SFUISE/sfuise_ws/install/isas_msgs/share/isas_msgs/environment/library_path.dsv
[0.780s] -- Up-to-date: /home/dsh/Documents/work_logs/code/SFUISE/sfuise_ws/install/isas_msgs/lib/libisas_msgs__rosidl_generator_c.so
[0.780s] -- Up-to-date: /home/dsh/Documents/work_logs/code/SFUISE/sfuise_ws/install/isas_msgs/include/isas_msgs/isas_msgs
[0.780s] -- Up-to-date: /home/dsh/Documents/work_logs/code/SFUISE/sfuise_ws/install/isas_msgs/include/isas_msgs/isas_msgs/msg
[0.780s] -- Up-to-date: /home/dsh/Documents/work_logs/code/SFUISE/sfuise_ws/install/isas_msgs/include/isas_msgs/isas_msgs/msg/rosidl_typesupport_fastrtps_c__visibility_control.h
[0.780s] -- Up-to-date: /home/dsh/Documents/work_logs/code/SFUISE/sfuise_ws/install/isas_msgs/include/isas_msgs/isas_msgs/msg/detail
[0.781s] -- Up-to-date: /home/dsh/Documents/work_logs/code/SFUISE/sfuise_ws/install/isas_msgs/include/isas_msgs/isas_msgs/msg/detail/anchor_position__rosidl_typesupport_fastrtps_c.h
[0.781s] -- Up-to-date: /home/dsh/Documents/work_logs/code/SFUISE/sfuise_ws/install/isas_msgs/include/isas_msgs/isas_msgs/msg/detail/rtls_stick__rosidl_typesupport_fastrtps_c.h
[0.781s] -- Up-to-date: /home/dsh/Documents/work_logs/code/SFUISE/sfuise_ws/install/isas_msgs/include/isas_msgs/isas_msgs/msg/detail/anchorlist__rosidl_typesupport_fastrtps_c.h
[0.781s] -- Up-to-date: /home/dsh/Documents/work_logs/code/SFUISE/sfuise_ws/install/isas_msgs/include/isas_msgs/isas_msgs/msg/detail/rtls_range__rosidl_typesupport_fastrtps_c.h
[0.781s] -- Up-to-date: /home/dsh/Documents/work_logs/code/SFUISE/sfuise_ws/install/isas_msgs/lib/libisas_msgs__rosidl_typesupport_fastrtps_c.so
[0.781s] -- Up-to-date: /home/dsh/Documents/work_logs/code/SFUISE/sfuise_ws/install/isas_msgs/include/isas_msgs/isas_msgs
[0.781s] -- Up-to-date: /home/dsh/Documents/work_logs/code/SFUISE/sfuise_ws/install/isas_msgs/include/isas_msgs/isas_msgs/msg
[0.782s] -- Up-to-date: /home/dsh/Documents/work_logs/code/SFUISE/sfuise_ws/install/isas_msgs/include/isas_msgs/isas_msgs/msg/detail
[0.782s] -- Up-to-date: /home/dsh/Documents/work_logs/code/SFUISE/sfuise_ws/install/isas_msgs/include/isas_msgs/isas_msgs/msg/detail/anchorlist__type_support.hpp
[0.782s] -- Up-to-date: /home/dsh/Documents/work_logs/code/SFUISE/sfuise_ws/install/isas_msgs/include/isas_msgs/isas_msgs/msg/detail/rtls_stick__struct.hpp
[0.782s] -- Up-to-date: /home/dsh/Documents/work_logs/code/SFUISE/sfuise_ws/install/isas_msgs/include/isas_msgs/isas_msgs/msg/detail/anchor_position__traits.hpp
[0.782s] -- Up-to-date: /home/dsh/Documents/work_logs/code/SFUISE/sfuise_ws/install/isas_msgs/include/isas_msgs/isas_msgs/msg/detail/anchorlist__traits.hpp
[0.782s] -- Up-to-date: /home/dsh/Documents/work_logs/code/SFUISE/sfuise_ws/install/isas_msgs/include/isas_msgs/isas_msgs/msg/detail/anchorlist__builder.hpp
[0.782s] -- Up-to-date: /home/dsh/Documents/work_logs/code/SFUISE/sfuise_ws/install/isas_msgs/include/isas_msgs/isas_msgs/msg/detail/rtls_stick__builder.hpp
[0.783s] -- Up-to-date: /home/dsh/Documents/work_logs/code/SFUISE/sfuise_ws/install/isas_msgs/include/isas_msgs/isas_msgs/msg/detail/rtls_range__struct.hpp
[0.783s] -- Up-to-date: /home/dsh/Documents/work_logs/code/SFUISE/sfuise_ws/install/isas_msgs/include/isas_msgs/isas_msgs/msg/detail/anchor_position__struct.hpp
[0.783s] -- Up-to-date: /home/dsh/Documents/work_logs/code/SFUISE/sfuise_ws/install/isas_msgs/include/isas_msgs/isas_msgs/msg/detail/rtls_range__builder.hpp
[0.783s] -- Up-to-date: /home/dsh/Documents/work_logs/code/SFUISE/sfuise_ws/install/isas_msgs/include/isas_msgs/isas_msgs/msg/detail/anchorlist__struct.hpp
[0.785s] -- Up-to-date: /home/dsh/Documents/work_logs/code/SFUISE/sfuise_ws/install/isas_msgs/include/isas_msgs/isas_msgs/msg/detail/rtls_stick__traits.hpp
[0.785s] -- Up-to-date: /home/dsh/Documents/work_logs/code/SFUISE/sfuise_ws/install/isas_msgs/include/isas_msgs/isas_msgs/msg/detail/anchor_position__builder.hpp
[0.785s] -- Up-to-date: /home/dsh/Documents/work_logs/code/SFUISE/sfuise_ws/install/isas_msgs/include/isas_msgs/isas_msgs/msg/detail/anchor_position__type_support.hpp
[0.785s] -- Up-to-date: /home/dsh/Documents/work_logs/code/SFUISE/sfuise_ws/install/isas_msgs/include/isas_msgs/isas_msgs/msg/detail/rtls_range__type_support.hpp
[0.785s] -- Up-to-date: /home/dsh/Documents/work_logs/code/SFUISE/sfuise_ws/install/isas_msgs/include/isas_msgs/isas_msgs/msg/detail/rtls_range__traits.hpp
[0.785s] -- Up-to-date: /home/dsh/Documents/work_logs/code/SFUISE/sfuise_ws/install/isas_msgs/include/isas_msgs/isas_msgs/msg/detail/rtls_stick__type_support.hpp
[0.786s] -- Up-to-date: /home/dsh/Documents/work_logs/code/SFUISE/sfuise_ws/install/isas_msgs/include/isas_msgs/isas_msgs/msg/anchor_position.hpp
[0.786s] -- Up-to-date: /home/dsh/Documents/work_logs/code/SFUISE/sfuise_ws/install/isas_msgs/include/isas_msgs/isas_msgs/msg/anchorlist.hpp
[0.786s] -- Up-to-date: /home/dsh/Documents/work_logs/code/SFUISE/sfuise_ws/install/isas_msgs/include/isas_msgs/isas_msgs/msg/rtls_range.hpp
[0.786s] -- Up-to-date: /home/dsh/Documents/work_logs/code/SFUISE/sfuise_ws/install/isas_msgs/include/isas_msgs/isas_msgs/msg/rtls_stick.hpp
[0.786s] -- Up-to-date: /home/dsh/Documents/work_logs/code/SFUISE/sfuise_ws/install/isas_msgs/include/isas_msgs/isas_msgs/msg/rosidl_generator_cpp__visibility_control.hpp
[0.786s] -- Up-to-date: /home/dsh/Documents/work_logs/code/SFUISE/sfuise_ws/install/isas_msgs/include/isas_msgs/isas_msgs
[0.786s] -- Up-to-date: /home/dsh/Documents/work_logs/code/SFUISE/sfuise_ws/install/isas_msgs/include/isas_msgs/isas_msgs/msg
[0.786s] -- Up-to-date: /home/dsh/Documents/work_logs/code/SFUISE/sfuise_ws/install/isas_msgs/include/isas_msgs/isas_msgs/msg/detail
[0.787s] -- Up-to-date: /home/dsh/Documents/work_logs/code/SFUISE/sfuise_ws/install/isas_msgs/include/isas_msgs/isas_msgs/msg/detail/anchorlist__rosidl_typesupport_fastrtps_cpp.hpp
[0.787s] -- Up-to-date: /home/dsh/Documents/work_logs/code/SFUISE/sfuise_ws/install/isas_msgs/include/isas_msgs/isas_msgs/msg/detail/dds_fastrtps
[0.787s] -- Up-to-date: /home/dsh/Documents/work_logs/code/SFUISE/sfuise_ws/install/isas_msgs/include/isas_msgs/isas_msgs/msg/detail/rtls_stick__rosidl_typesupport_fastrtps_cpp.hpp
[0.787s] -- Up-to-date: /home/dsh/Documents/work_logs/code/SFUISE/sfuise_ws/install/isas_msgs/include/isas_msgs/isas_msgs/msg/detail/rtls_range__rosidl_typesupport_fastrtps_cpp.hpp
[0.787s] -- Up-to-date: /home/dsh/Documents/work_logs/code/SFUISE/sfuise_ws/install/isas_msgs/include/isas_msgs/isas_msgs/msg/detail/anchor_position__rosidl_typesupport_fastrtps_cpp.hpp
[0.787s] -- Up-to-date: /home/dsh/Documents/work_logs/code/SFUISE/sfuise_ws/install/isas_msgs/include/isas_msgs/isas_msgs/msg/rosidl_typesupport_fastrtps_cpp__visibility_control.h
[0.787s] -- Up-to-date: /home/dsh/Documents/work_logs/code/SFUISE/sfuise_ws/install/isas_msgs/lib/libisas_msgs__rosidl_typesupport_fastrtps_cpp.so
[0.788s] -- Up-to-date: /home/dsh/Documents/work_logs/code/SFUISE/sfuise_ws/install/isas_msgs/include/isas_msgs/isas_msgs
[0.788s] -- Up-to-date: /home/dsh/Documents/work_logs/code/SFUISE/sfuise_ws/install/isas_msgs/include/isas_msgs/isas_msgs/msg
[0.788s] -- Up-to-date: /home/dsh/Documents/work_logs/code/SFUISE/sfuise_ws/install/isas_msgs/include/isas_msgs/isas_msgs/msg/detail
[0.788s] -- Up-to-date: /home/dsh/Documents/work_logs/code/SFUISE/sfuise_ws/install/isas_msgs/include/isas_msgs/isas_msgs/msg/detail/rtls_stick__type_support.c
[0.788s] -- Up-to-date: /home/dsh/Documents/work_logs/code/SFUISE/sfuise_ws/install/isas_msgs/include/isas_msgs/isas_msgs/msg/detail/anchor_position__type_support.c
[0.788s] -- Up-to-date: /home/dsh/Documents/work_logs/code/SFUISE/sfuise_ws/install/isas_msgs/include/isas_msgs/isas_msgs/msg/detail/rtls_range__rosidl_typesupport_introspection_c.h
[0.789s] -- Up-to-date: /home/dsh/Documents/work_logs/code/SFUISE/sfuise_ws/install/isas_msgs/include/isas_msgs/isas_msgs/msg/detail/anchor_position__rosidl_typesupport_introspection_c.h
[0.789s] -- Up-to-date: /home/dsh/Documents/work_logs/code/SFUISE/sfuise_ws/install/isas_msgs/include/isas_msgs/isas_msgs/msg/detail/rtls_stick__rosidl_typesupport_introspection_c.h
[0.789s] -- Up-to-date: /home/dsh/Documents/work_logs/code/SFUISE/sfuise_ws/install/isas_msgs/include/isas_msgs/isas_msgs/msg/detail/anchorlist__type_support.c
[0.789s] -- Up-to-date: /home/dsh/Documents/work_logs/code/SFUISE/sfuise_ws/install/isas_msgs/include/isas_msgs/isas_msgs/msg/detail/rtls_range__type_support.c
[0.789s] -- Up-to-date: /home/dsh/Documents/work_logs/code/SFUISE/sfuise_ws/install/isas_msgs/include/isas_msgs/isas_msgs/msg/detail/anchorlist__rosidl_typesupport_introspection_c.h
[0.789s] -- Up-to-date: /home/dsh/Documents/work_logs/code/SFUISE/sfuise_ws/install/isas_msgs/include/isas_msgs/isas_msgs/msg/rosidl_typesupport_introspection_c__visibility_control.h
[0.789s] -- Up-to-date: /home/dsh/Documents/work_logs/code/SFUISE/sfuise_ws/install/isas_msgs/lib/libisas_msgs__rosidl_typesupport_introspection_c.so
[0.790s] -- Up-to-date: /home/dsh/Documents/work_logs/code/SFUISE/sfuise_ws/install/isas_msgs/lib/libisas_msgs__rosidl_typesupport_c.so
[0.790s] -- Up-to-date: /home/dsh/Documents/work_logs/code/SFUISE/sfuise_ws/install/isas_msgs/include/isas_msgs/isas_msgs
[0.790s] -- Up-to-date: /home/dsh/Documents/work_logs/code/SFUISE/sfuise_ws/install/isas_msgs/include/isas_msgs/isas_msgs/msg
[0.790s] -- Up-to-date: /home/dsh/Documents/work_logs/code/SFUISE/sfuise_ws/install/isas_msgs/include/isas_msgs/isas_msgs/msg/detail
[0.792s] -- Up-to-date: /home/dsh/Documents/work_logs/code/SFUISE/sfuise_ws/install/isas_msgs/include/isas_msgs/isas_msgs/msg/detail/anchorlist__rosidl_typesupport_introspection_cpp.hpp
[0.792s] -- Up-to-date: /home/dsh/Documents/work_logs/code/SFUISE/sfuise_ws/install/isas_msgs/include/isas_msgs/isas_msgs/msg/detail/anchor_position__rosidl_typesupport_introspection_cpp.hpp
[0.792s] -- Up-to-date: /home/dsh/Documents/work_logs/code/SFUISE/sfuise_ws/install/isas_msgs/include/isas_msgs/isas_msgs/msg/detail/rtls_range__rosidl_typesupport_introspection_cpp.hpp
[0.792s] -- Up-to-date: /home/dsh/Documents/work_logs/code/SFUISE/sfuise_ws/install/isas_msgs/include/isas_msgs/isas_msgs/msg/detail/rtls_range__type_support.cpp
[0.792s] -- Up-to-date: /home/dsh/Documents/work_logs/code/SFUISE/sfuise_ws/install/isas_msgs/include/isas_msgs/isas_msgs/msg/detail/anchorlist__type_support.cpp
[0.793s] -- Up-to-date: /home/dsh/Documents/work_logs/code/SFUISE/sfuise_ws/install/isas_msgs/include/isas_msgs/isas_msgs/msg/detail/anchor_position__type_support.cpp
[0.793s] -- Up-to-date: /home/dsh/Documents/work_logs/code/SFUISE/sfuise_ws/install/isas_msgs/include/isas_msgs/isas_msgs/msg/detail/rtls_stick__rosidl_typesupport_introspection_cpp.hpp
[0.793s] -- Up-to-date: /home/dsh/Documents/work_logs/code/SFUISE/sfuise_ws/install/isas_msgs/include/isas_msgs/isas_msgs/msg/detail/rtls_stick__type_support.cpp
[0.793s] -- Up-to-date: /home/dsh/Documents/work_logs/code/SFUISE/sfuise_ws/install/isas_msgs/lib/libisas_msgs__rosidl_typesupport_introspection_cpp.so
[0.793s] -- Up-to-date: /home/dsh/Documents/work_logs/code/SFUISE/sfuise_ws/install/isas_msgs/lib/libisas_msgs__rosidl_typesupport_cpp.so
[0.797s] -- Up-to-date: /home/dsh/Documents/work_logs/code/SFUISE/sfuise_ws/install/isas_msgs/share/isas_msgs/environment/pythonpath.sh
[0.800s] -- Up-to-date: /home/dsh/Documents/work_logs/code/SFUISE/sfuise_ws/install/isas_msgs/share/isas_msgs/environment/pythonpath.dsv
[0.800s] -- Up-to-date: /home/dsh/Documents/work_logs/code/SFUISE/sfuise_ws/install/isas_msgs/local/lib/python3.10/dist-packages/isas_msgs-0.0.0-py3.10.egg-info
[0.800s] -- Installing: /home/dsh/Documents/work_logs/code/SFUISE/sfuise_ws/install/isas_msgs/local/lib/python3.10/dist-packages/isas_msgs-0.0.0-py3.10.egg-info/SOURCES.txt
[0.800s] -- Installing: /home/dsh/Documents/work_logs/code/SFUISE/sfuise_ws/install/isas_msgs/local/lib/python3.10/dist-packages/isas_msgs-0.0.0-py3.10.egg-info/PKG-INFO
[0.800s] -- Installing: /home/dsh/Documents/work_logs/code/SFUISE/sfuise_ws/install/isas_msgs/local/lib/python3.10/dist-packages/isas_msgs-0.0.0-py3.10.egg-info/top_level.txt
[0.800s] -- Installing: /home/dsh/Documents/work_logs/code/SFUISE/sfuise_ws/install/isas_msgs/local/lib/python3.10/dist-packages/isas_msgs-0.0.0-py3.10.egg-info/dependency_links.txt
[0.800s] -- Up-to-date: /home/dsh/Documents/work_logs/code/SFUISE/sfuise_ws/install/isas_msgs/local/lib/python3.10/dist-packages/isas_msgs
[0.800s] -- Up-to-date: /home/dsh/Documents/work_logs/code/SFUISE/sfuise_ws/install/isas_msgs/local/lib/python3.10/dist-packages/isas_msgs/libisas_msgs__rosidl_generator_py.so
[0.801s] -- Up-to-date: /home/dsh/Documents/work_logs/code/SFUISE/sfuise_ws/install/isas_msgs/local/lib/python3.10/dist-packages/isas_msgs/isas_msgs_s__rosidl_typesupport_c.cpython-310-x86_64-linux-gnu.so
[0.801s] -- Up-to-date: /home/dsh/Documents/work_logs/code/SFUISE/sfuise_ws/install/isas_msgs/local/lib/python3.10/dist-packages/isas_msgs/_isas_msgs_s.ep.rosidl_typesupport_c.c
[0.801s] -- Up-to-date: /home/dsh/Documents/work_logs/code/SFUISE/sfuise_ws/install/isas_msgs/local/lib/python3.10/dist-packages/isas_msgs/__init__.py
[0.801s] -- Up-to-date: /home/dsh/Documents/work_logs/code/SFUISE/sfuise_ws/install/isas_msgs/local/lib/python3.10/dist-packages/isas_msgs/_isas_msgs_s.ep.rosidl_typesupport_fastrtps_c.c
[0.801s] -- Up-to-date: /home/dsh/Documents/work_logs/code/SFUISE/sfuise_ws/install/isas_msgs/local/lib/python3.10/dist-packages/isas_msgs/msg
[0.801s] -- Up-to-date: /home/dsh/Documents/work_logs/code/SFUISE/sfuise_ws/install/isas_msgs/local/lib/python3.10/dist-packages/isas_msgs/msg/_rtls_range_s.c
[0.801s] -- Up-to-date: /home/dsh/Documents/work_logs/code/SFUISE/sfuise_ws/install/isas_msgs/local/lib/python3.10/dist-packages/isas_msgs/msg/_anchorlist_s.c
[0.801s] -- Up-to-date: /home/dsh/Documents/work_logs/code/SFUISE/sfuise_ws/install/isas_msgs/local/lib/python3.10/dist-packages/isas_msgs/msg/__init__.py
[0.801s] -- Up-to-date: /home/dsh/Documents/work_logs/code/SFUISE/sfuise_ws/install/isas_msgs/local/lib/python3.10/dist-packages/isas_msgs/msg/_rtls_range.py
[0.801s] -- Up-to-date: /home/dsh/Documents/work_logs/code/SFUISE/sfuise_ws/install/isas_msgs/local/lib/python3.10/dist-packages/isas_msgs/msg/_anchor_position_s.c
[0.801s] -- Up-to-date: /home/dsh/Documents/work_logs/code/SFUISE/sfuise_ws/install/isas_msgs/local/lib/python3.10/dist-packages/isas_msgs/msg/_anchor_position.py
[0.801s] -- Up-to-date: /home/dsh/Documents/work_logs/code/SFUISE/sfuise_ws/install/isas_msgs/local/lib/python3.10/dist-packages/isas_msgs/msg/_rtls_stick.py
[0.801s] -- Up-to-date: /home/dsh/Documents/work_logs/code/SFUISE/sfuise_ws/install/isas_msgs/local/lib/python3.10/dist-packages/isas_msgs/msg/_rtls_stick_s.c
[0.801s] -- Up-to-date: /home/dsh/Documents/work_logs/code/SFUISE/sfuise_ws/install/isas_msgs/local/lib/python3.10/dist-packages/isas_msgs/msg/_anchorlist.py
[0.801s] -- Up-to-date: /home/dsh/Documents/work_logs/code/SFUISE/sfuise_ws/install/isas_msgs/local/lib/python3.10/dist-packages/isas_msgs/isas_msgs_s__rosidl_typesupport_fastrtps_c.cpython-310-x86_64-linux-gnu.so
[0.802s] -- Up-to-date: /home/dsh/Documents/work_logs/code/SFUISE/sfuise_ws/install/isas_msgs/local/lib/python3.10/dist-packages/isas_msgs/_isas_msgs_s.ep.rosidl_typesupport_introspection_c.c
[0.802s] -- Up-to-date: /home/dsh/Documents/work_logs/code/SFUISE/sfuise_ws/install/isas_msgs/local/lib/python3.10/dist-packages/isas_msgs/isas_msgs_s__rosidl_typesupport_introspection_c.cpython-310-x86_64-linux-gnu.so
[0.832s] Listing '/home/dsh/Documents/work_logs/code/SFUISE/sfuise_ws/install/isas_msgs/local/lib/python3.10/dist-packages/isas_msgs'...
[0.832s] Listing '/home/dsh/Documents/work_logs/code/SFUISE/sfuise_ws/install/isas_msgs/local/lib/python3.10/dist-packages/isas_msgs/msg'...
[0.842s] -- Up-to-date: /home/dsh/Documents/work_logs/code/SFUISE/sfuise_ws/install/isas_msgs/local/lib/python3.10/dist-packages/isas_msgs/isas_msgs_s__rosidl_typesupport_fastrtps_c.cpython-310-x86_64-linux-gnu.so
[0.843s] -- Up-to-date: /home/dsh/Documents/work_logs/code/SFUISE/sfuise_ws/install/isas_msgs/local/lib/python3.10/dist-packages/isas_msgs/isas_msgs_s__rosidl_typesupport_introspection_c.cpython-310-x86_64-linux-gnu.so
[0.844s] -- Up-to-date: /home/dsh/Documents/work_logs/code/SFUISE/sfuise_ws/install/isas_msgs/local/lib/python3.10/dist-packages/isas_msgs/isas_msgs_s__rosidl_typesupport_c.cpython-310-x86_64-linux-gnu.so
[0.845s] -- Up-to-date: /home/dsh/Documents/work_logs/code/SFUISE/sfuise_ws/install/isas_msgs/lib/libisas_msgs__rosidl_generator_py.so
[0.845s] -- Up-to-date: /home/dsh/Documents/work_logs/code/SFUISE/sfuise_ws/install/isas_msgs/share/isas_msgs/msg/Anchorlist.idl
[0.845s] -- Up-to-date: /home/dsh/Documents/work_logs/code/SFUISE/sfuise_ws/install/isas_msgs/share/isas_msgs/msg/AnchorPosition.idl
[0.846s] -- Up-to-date: /home/dsh/Documents/work_logs/code/SFUISE/sfuise_ws/install/isas_msgs/share/isas_msgs/msg/RTLSRange.idl
[0.846s] -- Up-to-date: /home/dsh/Documents/work_logs/code/SFUISE/sfuise_ws/install/isas_msgs/share/isas_msgs/msg/RTLSStick.idl
[0.847s] -- Up-to-date: /home/dsh/Documents/work_logs/code/SFUISE/sfuise_ws/install/isas_msgs/share/isas_msgs/msg/Anchorlist.msg
[0.847s] -- Up-to-date: /home/dsh/Documents/work_logs/code/SFUISE/sfuise_ws/install/isas_msgs/share/isas_msgs/msg/AnchorPosition.msg
[0.847s] -- Up-to-date: /home/dsh/Documents/work_logs/code/SFUISE/sfuise_ws/install/isas_msgs/share/isas_msgs/msg/RTLSRange.msg
[0.849s] -- Up-to-date: /home/dsh/Documents/work_logs/code/SFUISE/sfuise_ws/install/isas_msgs/share/isas_msgs/msg/RTLSStick.msg
[0.849s] -- Up-to-date: /home/dsh/Documents/work_logs/code/SFUISE/sfuise_ws/install/isas_msgs/share/ament_index/resource_index/package_run_dependencies/isas_msgs
[0.850s] -- Up-to-date: /home/dsh/Documents/work_logs/code/SFUISE/sfuise_ws/install/isas_msgs/share/ament_index/resource_index/parent_prefix_path/isas_msgs
[0.850s] -- Up-to-date: /home/dsh/Documents/work_logs/code/SFUISE/sfuise_ws/install/isas_msgs/share/isas_msgs/environment/ament_prefix_path.sh
[0.850s] -- Up-to-date: /home/dsh/Documents/work_logs/code/SFUISE/sfuise_ws/install/isas_msgs/share/isas_msgs/environment/ament_prefix_path.dsv
[0.850s] -- Up-to-date: /home/dsh/Documents/work_logs/code/SFUISE/sfuise_ws/install/isas_msgs/share/isas_msgs/environment/path.sh
[0.850s] -- Up-to-date: /home/dsh/Documents/work_logs/code/SFUISE/sfuise_ws/install/isas_msgs/share/isas_msgs/environment/path.dsv
[0.851s] -- Up-to-date: /home/dsh/Documents/work_logs/code/SFUISE/sfuise_ws/install/isas_msgs/share/isas_msgs/local_setup.bash
[0.851s] -- Up-to-date: /home/dsh/Documents/work_logs/code/SFUISE/sfuise_ws/install/isas_msgs/share/isas_msgs/local_setup.sh
[0.851s] -- Up-to-date: /home/dsh/Documents/work_logs/code/SFUISE/sfuise_ws/install/isas_msgs/share/isas_msgs/local_setup.zsh
[0.851s] -- Up-to-date: /home/dsh/Documents/work_logs/code/SFUISE/sfuise_ws/install/isas_msgs/share/isas_msgs/local_setup.dsv
[0.851s] -- Installing: /home/dsh/Documents/work_logs/code/SFUISE/sfuise_ws/install/isas_msgs/share/isas_msgs/package.dsv
[0.851s] -- Up-to-date: /home/dsh/Documents/work_logs/code/SFUISE/sfuise_ws/install/isas_msgs/share/ament_index/resource_index/packages/isas_msgs
[0.851s] -- Up-to-date: /home/dsh/Documents/work_logs/code/SFUISE/sfuise_ws/install/isas_msgs/share/isas_msgs/cmake/export_isas_msgs__rosidl_generator_cExport.cmake
[0.852s] -- Up-to-date: /home/dsh/Documents/work_logs/code/SFUISE/sfuise_ws/install/isas_msgs/share/isas_msgs/cmake/export_isas_msgs__rosidl_generator_cExport-noconfig.cmake
[0.852s] -- Up-to-date: /home/dsh/Documents/work_logs/code/SFUISE/sfuise_ws/install/isas_msgs/share/isas_msgs/cmake/export_isas_msgs__rosidl_typesupport_fastrtps_cExport.cmake
[0.852s] -- Up-to-date: /home/dsh/Documents/work_logs/code/SFUISE/sfuise_ws/install/isas_msgs/share/isas_msgs/cmake/export_isas_msgs__rosidl_typesupport_fastrtps_cExport-noconfig.cmake
[0.853s] -- Up-to-date: /home/dsh/Documents/work_logs/code/SFUISE/sfuise_ws/install/isas_msgs/share/isas_msgs/cmake/export_isas_msgs__rosidl_generator_cppExport.cmake
[0.853s] -- Up-to-date: /home/dsh/Documents/work_logs/code/SFUISE/sfuise_ws/install/isas_msgs/share/isas_msgs/cmake/export_isas_msgs__rosidl_typesupport_fastrtps_cppExport.cmake
[0.853s] -- Up-to-date: /home/dsh/Documents/work_logs/code/SFUISE/sfuise_ws/install/isas_msgs/share/isas_msgs/cmake/export_isas_msgs__rosidl_typesupport_fastrtps_cppExport-noconfig.cmake
[0.853s] -- Up-to-date: /home/dsh/Documents/work_logs/code/SFUISE/sfuise_ws/install/isas_msgs/share/isas_msgs/cmake/isas_msgs__rosidl_typesupport_introspection_cExport.cmake
[0.853s] -- Up-to-date: /home/dsh/Documents/work_logs/code/SFUISE/sfuise_ws/install/isas_msgs/share/isas_msgs/cmake/isas_msgs__rosidl_typesupport_introspection_cExport-noconfig.cmake
[0.853s] -- Up-to-date: /home/dsh/Documents/work_logs/code/SFUISE/sfuise_ws/install/isas_msgs/share/isas_msgs/cmake/isas_msgs__rosidl_typesupport_cExport.cmake
[0.854s] -- Up-to-date: /home/dsh/Documents/work_logs/code/SFUISE/sfuise_ws/install/isas_msgs/share/isas_msgs/cmake/isas_msgs__rosidl_typesupport_cExport-noconfig.cmake
[0.854s] -- Up-to-date: /home/dsh/Documents/work_logs/code/SFUISE/sfuise_ws/install/isas_msgs/share/isas_msgs/cmake/isas_msgs__rosidl_typesupport_introspection_cppExport.cmake
[0.854s] -- Up-to-date: /home/dsh/Documents/work_logs/code/SFUISE/sfuise_ws/install/isas_msgs/share/isas_msgs/cmake/isas_msgs__rosidl_typesupport_introspection_cppExport-noconfig.cmake
[0.854s] -- Up-to-date: /home/dsh/Documents/work_logs/code/SFUISE/sfuise_ws/install/isas_msgs/share/isas_msgs/cmake/isas_msgs__rosidl_typesupport_cppExport.cmake
[0.854s] -- Up-to-date: /home/dsh/Documents/work_logs/code/SFUISE/sfuise_ws/install/isas_msgs/share/isas_msgs/cmake/isas_msgs__rosidl_typesupport_cppExport-noconfig.cmake
[0.854s] -- Up-to-date: /home/dsh/Documents/work_logs/code/SFUISE/sfuise_ws/install/isas_msgs/share/isas_msgs/cmake/export_isas_msgs__rosidl_generator_pyExport.cmake
[0.854s] -- Up-to-date: /home/dsh/Documents/work_logs/code/SFUISE/sfuise_ws/install/isas_msgs/share/isas_msgs/cmake/export_isas_msgs__rosidl_generator_pyExport-noconfig.cmake
[0.854s] -- Up-to-date: /home/dsh/Documents/work_logs/code/SFUISE/sfuise_ws/install/isas_msgs/share/isas_msgs/cmake/rosidl_cmake-extras.cmake
[0.854s] -- Up-to-date: /home/dsh/Documents/work_logs/code/SFUISE/sfuise_ws/install/isas_msgs/share/isas_msgs/cmake/ament_cmake_export_dependencies-extras.cmake
[0.855s] -- Up-to-date: /home/dsh/Documents/work_logs/code/SFUISE/sfuise_ws/install/isas_msgs/share/isas_msgs/cmake/ament_cmake_export_include_directories-extras.cmake
[0.855s] -- Up-to-date: /home/dsh/Documents/work_logs/code/SFUISE/sfuise_ws/install/isas_msgs/share/isas_msgs/cmake/ament_cmake_export_libraries-extras.cmake
[0.855s] -- Up-to-date: /home/dsh/Documents/work_logs/code/SFUISE/sfuise_ws/install/isas_msgs/share/isas_msgs/cmake/ament_cmake_export_targets-extras.cmake
[0.855s] -- Up-to-date: /home/dsh/Documents/work_logs/code/SFUISE/sfuise_ws/install/isas_msgs/share/isas_msgs/cmake/rosidl_cmake_export_typesupport_targets-extras.cmake
[0.855s] -- Up-to-date: /home/dsh/Documents/work_logs/code/SFUISE/sfuise_ws/install/isas_msgs/share/isas_msgs/cmake/rosidl_cmake_export_typesupport_libraries-extras.cmake
[0.855s] -- Up-to-date: /home/dsh/Documents/work_logs/code/SFUISE/sfuise_ws/install/isas_msgs/share/isas_msgs/cmake/isas_msgsConfig.cmake
[0.855s] -- Up-to-date: /home/dsh/Documents/work_logs/code/SFUISE/sfuise_ws/install/isas_msgs/share/isas_msgs/cmake/isas_msgsConfig-version.cmake
[0.855s] -- Up-to-date: /home/dsh/Documents/work_logs/code/SFUISE/sfuise_ws/install/isas_msgs/share/isas_msgs/package.xml
[0.924s] Invoked command in '/home/dsh/Documents/work_logs/code/SFUISE/sfuise_ws/build/isas_msgs' returned '0': CMAKE_PREFIX_PATH=/opt/ros/humble /usr/bin/cmake --install /home/dsh/Documents/work_logs/code/SFUISE/sfuise_ws/build/isas_msgs
