[0.785s] Invoking command in '/home/dsh/Documents/work_logs/1_3二维码定位/code/ros2_publishers_ws/src/webots_demo': PYTHONPATH=/home/dsh/Documents/work_logs/1_3二维码定位/code/ros2_publishers_ws/build/webots_demo/prefix_override:/usr/lib/python3/dist-packages/colcon_core/task/python/colcon_distutils_commands:/home/dsh/Documents/work_logs/1_3二维码定位/code/ros2_publishers_ws/install/webots_demo/lib/python3.10/site-packages:${PYTHONPATH} /usr/bin/python3 -W ignore:setup.py install is deprecated -W ignore:easy_install command is deprecated setup.py egg_info --egg-base ../../build/webots_demo build --build-base /home/dsh/Documents/work_logs/1_3二维码定位/code/ros2_publishers_ws/build/webots_demo/build install --record /home/dsh/Documents/work_logs/1_3二维码定位/code/ros2_publishers_ws/build/webots_demo/install.log --single-version-externally-managed install_data
[1.078s] running egg_info
[1.079s] writing ../../build/webots_demo/webots_demo.egg-info/PKG-INFO
[1.079s] writing dependency_links to ../../build/webots_demo/webots_demo.egg-info/dependency_links.txt
[1.080s] writing entry points to ../../build/webots_demo/webots_demo.egg-info/entry_points.txt
[1.080s] writing requirements to ../../build/webots_demo/webots_demo.egg-info/requires.txt
[1.080s] writing top-level names to ../../build/webots_demo/webots_demo.egg-info/top_level.txt
[1.082s] reading manifest file '../../build/webots_demo/webots_demo.egg-info/SOURCES.txt'
[1.083s] writing manifest file '../../build/webots_demo/webots_demo.egg-info/SOURCES.txt'
[1.083s] running build
[1.083s] running build_py
[1.083s] copying webots_demo/identify_qr_code.py -> /home/dsh/Documents/work_logs/1_3二维码定位/code/ros2_publishers_ws/build/webots_demo/build/lib/webots_demo
[1.084s] running install
[1.084s] running install_lib
[1.086s] copying /home/dsh/Documents/work_logs/1_3二维码定位/code/ros2_publishers_ws/build/webots_demo/build/lib/webots_demo/identify_qr_code.py -> /home/dsh/Documents/work_logs/1_3二维码定位/code/ros2_publishers_ws/install/webots_demo/lib/python3.10/site-packages/webots_demo
[1.086s] byte-compiling /home/dsh/Documents/work_logs/1_3二维码定位/code/ros2_publishers_ws/install/webots_demo/lib/python3.10/site-packages/webots_demo/identify_qr_code.py to identify_qr_code.cpython-310.pyc
[1.089s] running install_data
[1.089s] running install_egg_info
[1.091s] removing '/home/dsh/Documents/work_logs/1_3二维码定位/code/ros2_publishers_ws/install/webots_demo/lib/python3.10/site-packages/webots_demo-0.0.0-py3.10.egg-info' (and everything under it)
[1.092s] Copying ../../build/webots_demo/webots_demo.egg-info to /home/dsh/Documents/work_logs/1_3二维码定位/code/ros2_publishers_ws/install/webots_demo/lib/python3.10/site-packages/webots_demo-0.0.0-py3.10.egg-info
[1.093s] running install_scripts
[1.123s] Installing camera_xyz script to /home/dsh/Documents/work_logs/1_3二维码定位/code/ros2_publishers_ws/install/webots_demo/lib/webots_demo
[1.123s] Installing camera_xyz2 script to /home/dsh/Documents/work_logs/1_3二维码定位/code/ros2_publishers_ws/install/webots_demo/lib/webots_demo
[1.123s] Installing epuck_scan script to /home/dsh/Documents/work_logs/1_3二维码定位/code/ros2_publishers_ws/install/webots_demo/lib/webots_demo
[1.124s] Installing identify_qr_code script to /home/dsh/Documents/work_logs/1_3二维码定位/code/ros2_publishers_ws/install/webots_demo/lib/webots_demo
[1.124s] Installing location_rviz script to /home/dsh/Documents/work_logs/1_3二维码定位/code/ros2_publishers_ws/install/webots_demo/lib/webots_demo
[1.124s] Installing random_walk script to /home/dsh/Documents/work_logs/1_3二维码定位/code/ros2_publishers_ws/install/webots_demo/lib/webots_demo
[1.124s] writing list of installed files to '/home/dsh/Documents/work_logs/1_3二维码定位/code/ros2_publishers_ws/build/webots_demo/install.log'
[1.164s] Invoked command in '/home/dsh/Documents/work_logs/1_3二维码定位/code/ros2_publishers_ws/src/webots_demo' returned '0': PYTHONPATH=/home/dsh/Documents/work_logs/1_3二维码定位/code/ros2_publishers_ws/build/webots_demo/prefix_override:/usr/lib/python3/dist-packages/colcon_core/task/python/colcon_distutils_commands:/home/dsh/Documents/work_logs/1_3二维码定位/code/ros2_publishers_ws/install/webots_demo/lib/python3.10/site-packages:${PYTHONPATH} /usr/bin/python3 -W ignore:setup.py install is deprecated -W ignore:easy_install command is deprecated setup.py egg_info --egg-base ../../build/webots_demo build --build-base /home/dsh/Documents/work_logs/1_3二维码定位/code/ros2_publishers_ws/build/webots_demo/build install --record /home/dsh/Documents/work_logs/1_3二维码定位/code/ros2_publishers_ws/build/webots_demo/install.log --single-version-externally-managed install_data
