[0.015s] Invoking command in '/home/dsh/Documents/work_logs/code/SFUISE/sfuise_ws/build/isas_msgs': CMAKE_PREFIX_PATH=${CMAKE_PREFIX_PATH}:/opt/ros/humble /usr/bin/cmake /home/dsh/Documents/work_logs/code/SFUISE/sfuise_ws/src/isas_msgs -DCMAKE_INSTALL_PREFIX=/home/dsh/Documents/work_logs/code/SFUISE/sfuise_ws/install/isas_msgs
[0.101s] -- The C compiler identification is GNU 11.4.0
[0.191s] -- The CXX compiler identification is GNU 11.4.0
[0.202s] -- Detecting C compiler ABI info
[0.319s] -- Detecting C compiler ABI info - done
[0.332s] -- Check for working C compiler: /usr/bin/cc - skipped
[0.333s] -- Detecting C compile features
[0.333s] -- Detecting C compile features - done
[0.339s] -- Detecting CXX compiler ABI info
[0.484s] -- Detecting CXX compiler ABI info - done
[0.497s] -- Check for working CXX compiler: /usr/bin/c++ - skipped
[0.498s] -- Detecting CXX compile features
[0.499s] -- Detecting CXX compile features - done
[0.502s] -- Found ament_cmake: 1.3.11 (/opt/ros/humble/share/ament_cmake/cmake)
[0.766s] -- Found Python3: /usr/bin/python3 (found version "3.10.12") found components: Interpreter 
[0.896s] -- Found ament_lint_auto: 0.12.11 (/opt/ros/humble/share/ament_lint_auto/cmake)
[1.032s] -- Found geometry_msgs: 4.2.4 (/opt/ros/humble/share/geometry_msgs/cmake)
[1.089s] -- Found rosidl_generator_c: 3.1.6 (/opt/ros/humble/share/rosidl_generator_c/cmake)
[1.096s] -- Found rosidl_adapter: 3.1.6 (/opt/ros/humble/share/rosidl_adapter/cmake)
[1.107s] -- Found rosidl_generator_cpp: 3.1.6 (/opt/ros/humble/share/rosidl_generator_cpp/cmake)
[1.124s] -- Using all available rosidl_typesupport_c: rosidl_typesupport_fastrtps_c;rosidl_typesupport_introspection_c
[1.148s] -- Using all available rosidl_typesupport_cpp: rosidl_typesupport_fastrtps_cpp;rosidl_typesupport_introspection_cpp
[1.207s] -- Found rosidl_default_generators: 1.2.0 (/opt/ros/humble/share/rosidl_default_generators/cmake)
[1.588s] -- Found ament_cmake_ros: 0.10.0 (/opt/ros/humble/share/ament_cmake_ros/cmake)
[2.312s] -- Using all available rosidl_typesupport_c: rosidl_typesupport_fastrtps_c;rosidl_typesupport_introspection_c
[2.565s] -- Using all available rosidl_typesupport_cpp: rosidl_typesupport_fastrtps_cpp;rosidl_typesupport_introspection_cpp
[2.603s] -- Found PythonInterp: /usr/bin/python3 (found suitable version "3.10.12", minimum required is "3.6") 
[2.605s] -- Found python_cmake_module: 0.10.0 (/opt/ros/humble/share/python_cmake_module/cmake)
[2.651s] -- Found PythonLibs: /usr/lib/x86_64-linux-gnu/libpython3.10.so (found suitable version "3.10.12", minimum required is "3.5") 
[2.652s] -- Using PYTHON_EXECUTABLE: /usr/bin/python3
[2.652s] -- Using PYTHON_INCLUDE_DIRS: /usr/include/python3.10
[2.652s] -- Using PYTHON_LIBRARIES: /usr/lib/x86_64-linux-gnu/libpython3.10.so
[2.688s] -- Found PythonExtra: .so  
[2.793s] -- Added test 'lint_cmake' to check CMake code style
[2.794s] -- Added test 'xmllint' to check XML markup files
[2.800s] -- Configuring done
[2.860s] -- Generating done
[2.880s] -- Build files have been written to: /home/dsh/Documents/work_logs/code/SFUISE/sfuise_ws/build/isas_msgs
[2.899s] Invoked command in '/home/dsh/Documents/work_logs/code/SFUISE/sfuise_ws/build/isas_msgs' returned '0': CMAKE_PREFIX_PATH=${CMAKE_PREFIX_PATH}:/opt/ros/humble /usr/bin/cmake /home/dsh/Documents/work_logs/code/SFUISE/sfuise_ws/src/isas_msgs -DCMAKE_INSTALL_PREFIX=/home/dsh/Documents/work_logs/code/SFUISE/sfuise_ws/install/isas_msgs
[2.902s] Invoking command in '/home/dsh/Documents/work_logs/code/SFUISE/sfuise_ws/build/isas_msgs': CMAKE_PREFIX_PATH=${CMAKE_PREFIX_PATH}:/opt/ros/humble /usr/bin/cmake --build /home/dsh/Documents/work_logs/code/SFUISE/sfuise_ws/build/isas_msgs -- -j20 -l20
[2.974s] [  1%] [34m[1mGenerating C code for ROS interfaces[0m
[2.998s] [  3%] [34m[1mGenerating C++ code for ROS interfaces[0m
[3.002s] [  3%] Built target ament_cmake_python_copy_isas_msgs
[3.437s] running egg_info
[3.438s] creating isas_msgs.egg-info
[3.439s] writing isas_msgs.egg-info/PKG-INFO
[3.439s] writing dependency_links to isas_msgs.egg-info/dependency_links.txt
[3.439s] writing top-level names to isas_msgs.egg-info/top_level.txt
[3.440s] writing manifest file 'isas_msgs.egg-info/SOURCES.txt'
[3.443s] reading manifest file 'isas_msgs.egg-info/SOURCES.txt'
[3.444s] writing manifest file 'isas_msgs.egg-info/SOURCES.txt'
[3.496s] [  3%] Built target ament_cmake_python_build_isas_msgs_egg
[4.042s] [  3%] Built target isas_msgs__cpp
[4.071s] [  5%] [34m[1mGenerating C++ type support dispatch for ROS interfaces[0m
[4.072s] [  7%] [34m[1mGenerating C++ type support for eProsima Fast-RTPS[0m
[4.073s] [  9%] [34m[1mGenerating C++ introspection for ROS interfaces[0m
[4.110s] [ 12%] [32mBuilding C object CMakeFiles/isas_msgs__rosidl_generator_c.dir/rosidl_generator_c/isas_msgs/msg/detail/anchorlist__functions.c.o[0m
[4.111s] [ 12%] [32mBuilding C object CMakeFiles/isas_msgs__rosidl_generator_c.dir/rosidl_generator_c/isas_msgs/msg/detail/rtls_stick__functions.c.o[0m
[4.111s] [ 16%] [32mBuilding C object CMakeFiles/isas_msgs__rosidl_generator_c.dir/rosidl_generator_c/isas_msgs/msg/detail/rtls_range__functions.c.o[0m
[4.111s] [ 16%] [32mBuilding C object CMakeFiles/isas_msgs__rosidl_generator_c.dir/rosidl_generator_c/isas_msgs/msg/detail/anchor_position__functions.c.o[0m
[4.256s] [ 18%] [32m[1mLinking C shared library libisas_msgs__rosidl_generator_c.so[0m
[4.354s] [ 18%] Built target isas_msgs__rosidl_generator_c
[4.378s] [ 20%] [34m[1mGenerating C type support for eProsima Fast-RTPS[0m
[4.380s] [ 21%] [34m[1mGenerating C introspection for ROS interfaces[0m
[4.380s] [ 23%] [34m[1mGenerating C type support dispatch for ROS interfaces[0m
[6.890s] [ 27%] [32mBuilding CXX object CMakeFiles/isas_msgs__rosidl_typesupport_cpp.dir/rosidl_typesupport_cpp/isas_msgs/msg/anchorlist__type_support.cpp.o[0m
[6.895s] [ 27%] [32mBuilding CXX object CMakeFiles/isas_msgs__rosidl_typesupport_cpp.dir/rosidl_typesupport_cpp/isas_msgs/msg/anchor_position__type_support.cpp.o[0m
[6.912s] [ 29%] [32mBuilding CXX object CMakeFiles/isas_msgs__rosidl_typesupport_cpp.dir/rosidl_typesupport_cpp/isas_msgs/msg/rtls_range__type_support.cpp.o[0m
[6.927s] [ 30%] [32mBuilding CXX object CMakeFiles/isas_msgs__rosidl_typesupport_c.dir/rosidl_typesupport_c/isas_msgs/msg/anchorlist__type_support.cpp.o[0m
[6.947s] [ 32%] [32mBuilding CXX object CMakeFiles/isas_msgs__rosidl_typesupport_cpp.dir/rosidl_typesupport_cpp/isas_msgs/msg/rtls_stick__type_support.cpp.o[0m
[6.949s] [ 34%] [32mBuilding CXX object CMakeFiles/isas_msgs__rosidl_typesupport_c.dir/rosidl_typesupport_c/isas_msgs/msg/anchor_position__type_support.cpp.o[0m
[6.961s] [ 36%] [32mBuilding CXX object CMakeFiles/isas_msgs__rosidl_typesupport_c.dir/rosidl_typesupport_c/isas_msgs/msg/rtls_range__type_support.cpp.o[0m
[6.964s] [ 38%] [32mBuilding CXX object CMakeFiles/isas_msgs__rosidl_typesupport_c.dir/rosidl_typesupport_c/isas_msgs/msg/rtls_stick__type_support.cpp.o[0m
[7.270s] [ 40%] [32m[1mLinking CXX shared library libisas_msgs__rosidl_typesupport_c.so[0m
[7.363s] [ 41%] [32mBuilding CXX object CMakeFiles/isas_msgs__rosidl_typesupport_fastrtps_cpp.dir/rosidl_typesupport_fastrtps_cpp/isas_msgs/msg/detail/dds_fastrtps/rtls_range__type_support.cpp.o[0m
[7.364s] [ 43%] [32mBuilding CXX object CMakeFiles/isas_msgs__rosidl_typesupport_fastrtps_cpp.dir/rosidl_typesupport_fastrtps_cpp/isas_msgs/msg/detail/dds_fastrtps/anchorlist__type_support.cpp.o[0m
[7.370s] [ 45%] [32mBuilding CXX object CMakeFiles/isas_msgs__rosidl_typesupport_fastrtps_cpp.dir/rosidl_typesupport_fastrtps_cpp/isas_msgs/msg/detail/dds_fastrtps/anchor_position__type_support.cpp.o[0m
[7.399s] [ 47%] [32mBuilding CXX object CMakeFiles/isas_msgs__rosidl_typesupport_fastrtps_cpp.dir/rosidl_typesupport_fastrtps_cpp/isas_msgs/msg/detail/dds_fastrtps/rtls_stick__type_support.cpp.o[0m
[7.678s] [ 47%] Built target isas_msgs__rosidl_typesupport_c
[7.742s] [ 49%] [32mBuilding CXX object CMakeFiles/isas_msgs__rosidl_typesupport_introspection_cpp.dir/rosidl_typesupport_introspection_cpp/isas_msgs/msg/detail/anchorlist__type_support.cpp.o[0m
[7.772s] [ 50%] [32mBuilding CXX object CMakeFiles/isas_msgs__rosidl_typesupport_introspection_cpp.dir/rosidl_typesupport_introspection_cpp/isas_msgs/msg/detail/rtls_range__type_support.cpp.o[0m
[7.778s] [ 52%] [32mBuilding CXX object CMakeFiles/isas_msgs__rosidl_typesupport_introspection_cpp.dir/rosidl_typesupport_introspection_cpp/isas_msgs/msg/detail/rtls_stick__type_support.cpp.o[0m
[7.783s] [ 54%] [32mBuilding CXX object CMakeFiles/isas_msgs__rosidl_typesupport_introspection_cpp.dir/rosidl_typesupport_introspection_cpp/isas_msgs/msg/detail/anchor_position__type_support.cpp.o[0m
[8.435s] [ 56%] [32mBuilding C object CMakeFiles/isas_msgs__rosidl_typesupport_introspection_c.dir/rosidl_typesupport_introspection_c/isas_msgs/msg/detail/rtls_range__type_support.c.o[0m
[8.448s] [ 58%] [32mBuilding C object CMakeFiles/isas_msgs__rosidl_typesupport_introspection_c.dir/rosidl_typesupport_introspection_c/isas_msgs/msg/detail/anchorlist__type_support.c.o[0m
[8.462s] [ 60%] [32mBuilding C object CMakeFiles/isas_msgs__rosidl_typesupport_introspection_c.dir/rosidl_typesupport_introspection_c/isas_msgs/msg/detail/anchor_position__type_support.c.o[0m
[8.477s] [ 61%] [32mBuilding C object CMakeFiles/isas_msgs__rosidl_typesupport_introspection_c.dir/rosidl_typesupport_introspection_c/isas_msgs/msg/detail/rtls_stick__type_support.c.o[0m
[8.747s] [ 63%] [32m[1mLinking C shared library libisas_msgs__rosidl_typesupport_introspection_c.so[0m
[8.991s] [ 63%] Built target isas_msgs__rosidl_typesupport_introspection_c
[9.064s] [ 65%] [32mBuilding CXX object CMakeFiles/isas_msgs__rosidl_typesupport_fastrtps_c.dir/rosidl_typesupport_fastrtps_c/isas_msgs/msg/detail/rtls_stick__type_support_c.cpp.o[0m
[9.074s] [ 67%] [32mBuilding CXX object CMakeFiles/isas_msgs__rosidl_typesupport_fastrtps_c.dir/rosidl_typesupport_fastrtps_c/isas_msgs/msg/detail/anchorlist__type_support_c.cpp.o[0m
[9.091s] [ 69%] [32mBuilding CXX object CMakeFiles/isas_msgs__rosidl_typesupport_fastrtps_c.dir/rosidl_typesupport_fastrtps_c/isas_msgs/msg/detail/rtls_range__type_support_c.cpp.o[0m
[9.109s] [ 70%] [32mBuilding CXX object CMakeFiles/isas_msgs__rosidl_typesupport_fastrtps_c.dir/rosidl_typesupport_fastrtps_c/isas_msgs/msg/detail/anchor_position__type_support_c.cpp.o[0m
[9.619s] [ 72%] [32m[1mLinking CXX shared library libisas_msgs__rosidl_typesupport_cpp.so[0m
[9.753s] [ 72%] Built target isas_msgs__rosidl_typesupport_cpp
[9.960s] [ 74%] [32m[1mLinking CXX shared library libisas_msgs__rosidl_typesupport_fastrtps_cpp.so[0m
[10.112s] [ 74%] Built target isas_msgs__rosidl_typesupport_fastrtps_cpp
[10.185s] [ 76%] [32m[1mLinking CXX shared library libisas_msgs__rosidl_typesupport_introspection_cpp.so[0m
[10.187s] [ 78%] [32m[1mLinking CXX shared library libisas_msgs__rosidl_typesupport_fastrtps_c.so[0m
[10.302s] [ 78%] Built target isas_msgs__rosidl_typesupport_introspection_cpp
[10.307s] [ 78%] Built target isas_msgs__rosidl_typesupport_fastrtps_c
[10.339s] [ 78%] Built target isas_msgs
[10.371s] [ 80%] [34m[1mGenerating Python code for ROS interfaces[0m
[11.781s] [ 80%] Built target isas_msgs__py
[11.812s] [ 81%] [32mBuilding C object CMakeFiles/isas_msgs__rosidl_generator_py.dir/rosidl_generator_py/isas_msgs/msg/_anchorlist_s.c.o[0m
[11.814s] [ 83%] [32mBuilding C object CMakeFiles/isas_msgs__rosidl_generator_py.dir/rosidl_generator_py/isas_msgs/msg/_rtls_stick_s.c.o[0m
[11.815s] [ 85%] [32mBuilding C object CMakeFiles/isas_msgs__rosidl_generator_py.dir/rosidl_generator_py/isas_msgs/msg/_rtls_range_s.c.o[0m
[11.816s] [ 87%] [32mBuilding C object CMakeFiles/isas_msgs__rosidl_generator_py.dir/rosidl_generator_py/isas_msgs/msg/_anchor_position_s.c.o[0m
[11.981s] [ 89%] [32m[1mLinking C shared library rosidl_generator_py/isas_msgs/libisas_msgs__rosidl_generator_py.so[0m
[12.042s] [ 89%] Built target isas_msgs__rosidl_generator_py
[12.074s] [ 90%] [32mBuilding C object CMakeFiles/isas_msgs__rosidl_typesupport_c__pyext.dir/rosidl_generator_py/isas_msgs/_isas_msgs_s.ep.rosidl_typesupport_c.c.o[0m
[12.074s] [ 92%] [32mBuilding C object CMakeFiles/isas_msgs__rosidl_typesupport_fastrtps_c__pyext.dir/rosidl_generator_py/isas_msgs/_isas_msgs_s.ep.rosidl_typesupport_fastrtps_c.c.o[0m
[12.074s] [ 94%] [32mBuilding C object CMakeFiles/isas_msgs__rosidl_typesupport_introspection_c__pyext.dir/rosidl_generator_py/isas_msgs/_isas_msgs_s.ep.rosidl_typesupport_introspection_c.c.o[0m
[12.218s] [ 96%] [32m[1mLinking C shared library rosidl_generator_py/isas_msgs/isas_msgs_s__rosidl_typesupport_fastrtps_c.cpython-310-x86_64-linux-gnu.so[0m
[12.219s] [ 98%] [32m[1mLinking C shared library rosidl_generator_py/isas_msgs/isas_msgs_s__rosidl_typesupport_introspection_c.cpython-310-x86_64-linux-gnu.so[0m
[12.219s] [100%] [32m[1mLinking C shared library rosidl_generator_py/isas_msgs/isas_msgs_s__rosidl_typesupport_c.cpython-310-x86_64-linux-gnu.so[0m
[12.283s] [100%] Built target isas_msgs__rosidl_typesupport_c__pyext
[12.286s] [100%] Built target isas_msgs__rosidl_typesupport_introspection_c__pyext
[12.287s] [100%] Built target isas_msgs__rosidl_typesupport_fastrtps_c__pyext
[12.303s] Invoked command in '/home/dsh/Documents/work_logs/code/SFUISE/sfuise_ws/build/isas_msgs' returned '0': CMAKE_PREFIX_PATH=${CMAKE_PREFIX_PATH}:/opt/ros/humble /usr/bin/cmake --build /home/dsh/Documents/work_logs/code/SFUISE/sfuise_ws/build/isas_msgs -- -j20 -l20
[12.306s] Invoking command in '/home/dsh/Documents/work_logs/code/SFUISE/sfuise_ws/build/isas_msgs': CMAKE_PREFIX_PATH=${CMAKE_PREFIX_PATH}:/opt/ros/humble /usr/bin/cmake --install /home/dsh/Documents/work_logs/code/SFUISE/sfuise_ws/build/isas_msgs
[12.316s] -- Install configuration: ""
[12.317s] -- Installing: /home/dsh/Documents/work_logs/code/SFUISE/sfuise_ws/install/isas_msgs/share/ament_index/resource_index/rosidl_interfaces/isas_msgs
[12.317s] -- Installing: /home/dsh/Documents/work_logs/code/SFUISE/sfuise_ws/install/isas_msgs/include/isas_msgs/isas_msgs
[12.317s] -- Installing: /home/dsh/Documents/work_logs/code/SFUISE/sfuise_ws/install/isas_msgs/include/isas_msgs/isas_msgs/msg
[12.317s] -- Installing: /home/dsh/Documents/work_logs/code/SFUISE/sfuise_ws/install/isas_msgs/include/isas_msgs/isas_msgs/msg/detail
[12.317s] -- Installing: /home/dsh/Documents/work_logs/code/SFUISE/sfuise_ws/install/isas_msgs/include/isas_msgs/isas_msgs/msg/detail/anchor_position__type_support.h
[12.317s] -- Installing: /home/dsh/Documents/work_logs/code/SFUISE/sfuise_ws/install/isas_msgs/include/isas_msgs/isas_msgs/msg/detail/rtls_stick__functions.c
[12.317s] -- Installing: /home/dsh/Documents/work_logs/code/SFUISE/sfuise_ws/install/isas_msgs/include/isas_msgs/isas_msgs/msg/detail/anchorlist__functions.c
[12.317s] -- Installing: /home/dsh/Documents/work_logs/code/SFUISE/sfuise_ws/install/isas_msgs/include/isas_msgs/isas_msgs/msg/detail/anchorlist__type_support.h
[12.317s] -- Installing: /home/dsh/Documents/work_logs/code/SFUISE/sfuise_ws/install/isas_msgs/include/isas_msgs/isas_msgs/msg/detail/rtls_stick__type_support.h
[12.318s] -- Installing: /home/dsh/Documents/work_logs/code/SFUISE/sfuise_ws/install/isas_msgs/include/isas_msgs/isas_msgs/msg/detail/rtls_range__type_support.h
[12.318s] -- Installing: /home/dsh/Documents/work_logs/code/SFUISE/sfuise_ws/install/isas_msgs/include/isas_msgs/isas_msgs/msg/detail/rtls_stick__struct.h
[12.318s] -- Installing: /home/dsh/Documents/work_logs/code/SFUISE/sfuise_ws/install/isas_msgs/include/isas_msgs/isas_msgs/msg/detail/rtls_stick__functions.h
[12.318s] -- Installing: /home/dsh/Documents/work_logs/code/SFUISE/sfuise_ws/install/isas_msgs/include/isas_msgs/isas_msgs/msg/detail/rtls_range__functions.c
[12.318s] -- Installing: /home/dsh/Documents/work_logs/code/SFUISE/sfuise_ws/install/isas_msgs/include/isas_msgs/isas_msgs/msg/detail/rtls_range__struct.h
[12.318s] -- Installing: /home/dsh/Documents/work_logs/code/SFUISE/sfuise_ws/install/isas_msgs/include/isas_msgs/isas_msgs/msg/detail/rtls_range__functions.h
[12.318s] -- Installing: /home/dsh/Documents/work_logs/code/SFUISE/sfuise_ws/install/isas_msgs/include/isas_msgs/isas_msgs/msg/detail/anchorlist__functions.h
[12.318s] -- Installing: /home/dsh/Documents/work_logs/code/SFUISE/sfuise_ws/install/isas_msgs/include/isas_msgs/isas_msgs/msg/detail/anchor_position__functions.h
[12.318s] -- Installing: /home/dsh/Documents/work_logs/code/SFUISE/sfuise_ws/install/isas_msgs/include/isas_msgs/isas_msgs/msg/detail/anchor_position__struct.h
[12.318s] -- Installing: /home/dsh/Documents/work_logs/code/SFUISE/sfuise_ws/install/isas_msgs/include/isas_msgs/isas_msgs/msg/detail/anchorlist__struct.h
[12.318s] -- Installing: /home/dsh/Documents/work_logs/code/SFUISE/sfuise_ws/install/isas_msgs/include/isas_msgs/isas_msgs/msg/detail/anchor_position__functions.c
[12.318s] -- Installing: /home/dsh/Documents/work_logs/code/SFUISE/sfuise_ws/install/isas_msgs/include/isas_msgs/isas_msgs/msg/anchor_position.h
[12.319s] -- Installing: /home/dsh/Documents/work_logs/code/SFUISE/sfuise_ws/install/isas_msgs/include/isas_msgs/isas_msgs/msg/rtls_stick.h
[12.319s] -- Installing: /home/dsh/Documents/work_logs/code/SFUISE/sfuise_ws/install/isas_msgs/include/isas_msgs/isas_msgs/msg/rtls_range.h
[12.319s] -- Installing: /home/dsh/Documents/work_logs/code/SFUISE/sfuise_ws/install/isas_msgs/include/isas_msgs/isas_msgs/msg/rosidl_generator_c__visibility_control.h
[12.319s] -- Installing: /home/dsh/Documents/work_logs/code/SFUISE/sfuise_ws/install/isas_msgs/include/isas_msgs/isas_msgs/msg/anchorlist.h
[12.319s] -- Installing: /home/dsh/Documents/work_logs/code/SFUISE/sfuise_ws/install/isas_msgs/share/isas_msgs/environment/library_path.sh
[12.319s] -- Installing: /home/dsh/Documents/work_logs/code/SFUISE/sfuise_ws/install/isas_msgs/share/isas_msgs/environment/library_path.dsv
[12.319s] -- Installing: /home/dsh/Documents/work_logs/code/SFUISE/sfuise_ws/install/isas_msgs/lib/libisas_msgs__rosidl_generator_c.so
[12.319s] -- Set runtime path of "/home/dsh/Documents/work_logs/code/SFUISE/sfuise_ws/install/isas_msgs/lib/libisas_msgs__rosidl_generator_c.so" to ""
[12.319s] -- Up-to-date: /home/dsh/Documents/work_logs/code/SFUISE/sfuise_ws/install/isas_msgs/include/isas_msgs/isas_msgs
[12.319s] -- Up-to-date: /home/dsh/Documents/work_logs/code/SFUISE/sfuise_ws/install/isas_msgs/include/isas_msgs/isas_msgs/msg
[12.320s] -- Installing: /home/dsh/Documents/work_logs/code/SFUISE/sfuise_ws/install/isas_msgs/include/isas_msgs/isas_msgs/msg/rosidl_typesupport_fastrtps_c__visibility_control.h
[12.320s] -- Up-to-date: /home/dsh/Documents/work_logs/code/SFUISE/sfuise_ws/install/isas_msgs/include/isas_msgs/isas_msgs/msg/detail
[12.320s] -- Installing: /home/dsh/Documents/work_logs/code/SFUISE/sfuise_ws/install/isas_msgs/include/isas_msgs/isas_msgs/msg/detail/anchor_position__rosidl_typesupport_fastrtps_c.h
[12.320s] -- Installing: /home/dsh/Documents/work_logs/code/SFUISE/sfuise_ws/install/isas_msgs/include/isas_msgs/isas_msgs/msg/detail/rtls_stick__rosidl_typesupport_fastrtps_c.h
[12.320s] -- Installing: /home/dsh/Documents/work_logs/code/SFUISE/sfuise_ws/install/isas_msgs/include/isas_msgs/isas_msgs/msg/detail/anchorlist__rosidl_typesupport_fastrtps_c.h
[12.320s] -- Installing: /home/dsh/Documents/work_logs/code/SFUISE/sfuise_ws/install/isas_msgs/include/isas_msgs/isas_msgs/msg/detail/rtls_range__rosidl_typesupport_fastrtps_c.h
[12.320s] -- Installing: /home/dsh/Documents/work_logs/code/SFUISE/sfuise_ws/install/isas_msgs/lib/libisas_msgs__rosidl_typesupport_fastrtps_c.so
[12.320s] -- Set runtime path of "/home/dsh/Documents/work_logs/code/SFUISE/sfuise_ws/install/isas_msgs/lib/libisas_msgs__rosidl_typesupport_fastrtps_c.so" to ""
[12.320s] -- Up-to-date: /home/dsh/Documents/work_logs/code/SFUISE/sfuise_ws/install/isas_msgs/include/isas_msgs/isas_msgs
[12.320s] -- Up-to-date: /home/dsh/Documents/work_logs/code/SFUISE/sfuise_ws/install/isas_msgs/include/isas_msgs/isas_msgs/msg
[12.321s] -- Up-to-date: /home/dsh/Documents/work_logs/code/SFUISE/sfuise_ws/install/isas_msgs/include/isas_msgs/isas_msgs/msg/detail
[12.321s] -- Installing: /home/dsh/Documents/work_logs/code/SFUISE/sfuise_ws/install/isas_msgs/include/isas_msgs/isas_msgs/msg/detail/anchorlist__type_support.hpp
[12.321s] -- Installing: /home/dsh/Documents/work_logs/code/SFUISE/sfuise_ws/install/isas_msgs/include/isas_msgs/isas_msgs/msg/detail/rtls_stick__struct.hpp
[12.321s] -- Installing: /home/dsh/Documents/work_logs/code/SFUISE/sfuise_ws/install/isas_msgs/include/isas_msgs/isas_msgs/msg/detail/anchor_position__traits.hpp
[12.321s] -- Installing: /home/dsh/Documents/work_logs/code/SFUISE/sfuise_ws/install/isas_msgs/include/isas_msgs/isas_msgs/msg/detail/anchorlist__traits.hpp
[12.321s] -- Installing: /home/dsh/Documents/work_logs/code/SFUISE/sfuise_ws/install/isas_msgs/include/isas_msgs/isas_msgs/msg/detail/anchorlist__builder.hpp
[12.321s] -- Installing: /home/dsh/Documents/work_logs/code/SFUISE/sfuise_ws/install/isas_msgs/include/isas_msgs/isas_msgs/msg/detail/rtls_stick__builder.hpp
[12.321s] -- Installing: /home/dsh/Documents/work_logs/code/SFUISE/sfuise_ws/install/isas_msgs/include/isas_msgs/isas_msgs/msg/detail/rtls_range__struct.hpp
[12.321s] -- Installing: /home/dsh/Documents/work_logs/code/SFUISE/sfuise_ws/install/isas_msgs/include/isas_msgs/isas_msgs/msg/detail/anchor_position__struct.hpp
[12.321s] -- Installing: /home/dsh/Documents/work_logs/code/SFUISE/sfuise_ws/install/isas_msgs/include/isas_msgs/isas_msgs/msg/detail/rtls_range__builder.hpp
[12.321s] -- Installing: /home/dsh/Documents/work_logs/code/SFUISE/sfuise_ws/install/isas_msgs/include/isas_msgs/isas_msgs/msg/detail/anchorlist__struct.hpp
[12.322s] -- Installing: /home/dsh/Documents/work_logs/code/SFUISE/sfuise_ws/install/isas_msgs/include/isas_msgs/isas_msgs/msg/detail/rtls_stick__traits.hpp
[12.322s] -- Installing: /home/dsh/Documents/work_logs/code/SFUISE/sfuise_ws/install/isas_msgs/include/isas_msgs/isas_msgs/msg/detail/anchor_position__builder.hpp
[12.322s] -- Installing: /home/dsh/Documents/work_logs/code/SFUISE/sfuise_ws/install/isas_msgs/include/isas_msgs/isas_msgs/msg/detail/anchor_position__type_support.hpp
[12.322s] -- Installing: /home/dsh/Documents/work_logs/code/SFUISE/sfuise_ws/install/isas_msgs/include/isas_msgs/isas_msgs/msg/detail/rtls_range__type_support.hpp
[12.322s] -- Installing: /home/dsh/Documents/work_logs/code/SFUISE/sfuise_ws/install/isas_msgs/include/isas_msgs/isas_msgs/msg/detail/rtls_range__traits.hpp
[12.322s] -- Installing: /home/dsh/Documents/work_logs/code/SFUISE/sfuise_ws/install/isas_msgs/include/isas_msgs/isas_msgs/msg/detail/rtls_stick__type_support.hpp
[12.322s] -- Installing: /home/dsh/Documents/work_logs/code/SFUISE/sfuise_ws/install/isas_msgs/include/isas_msgs/isas_msgs/msg/anchor_position.hpp
[12.322s] -- Installing: /home/dsh/Documents/work_logs/code/SFUISE/sfuise_ws/install/isas_msgs/include/isas_msgs/isas_msgs/msg/anchorlist.hpp
[12.322s] -- Installing: /home/dsh/Documents/work_logs/code/SFUISE/sfuise_ws/install/isas_msgs/include/isas_msgs/isas_msgs/msg/rtls_range.hpp
[12.322s] -- Installing: /home/dsh/Documents/work_logs/code/SFUISE/sfuise_ws/install/isas_msgs/include/isas_msgs/isas_msgs/msg/rtls_stick.hpp
[12.322s] -- Installing: /home/dsh/Documents/work_logs/code/SFUISE/sfuise_ws/install/isas_msgs/include/isas_msgs/isas_msgs/msg/rosidl_generator_cpp__visibility_control.hpp
[12.322s] -- Up-to-date: /home/dsh/Documents/work_logs/code/SFUISE/sfuise_ws/install/isas_msgs/include/isas_msgs/isas_msgs
[12.323s] -- Up-to-date: /home/dsh/Documents/work_logs/code/SFUISE/sfuise_ws/install/isas_msgs/include/isas_msgs/isas_msgs/msg
[12.323s] -- Up-to-date: /home/dsh/Documents/work_logs/code/SFUISE/sfuise_ws/install/isas_msgs/include/isas_msgs/isas_msgs/msg/detail
[12.323s] -- Installing: /home/dsh/Documents/work_logs/code/SFUISE/sfuise_ws/install/isas_msgs/include/isas_msgs/isas_msgs/msg/detail/anchorlist__rosidl_typesupport_fastrtps_cpp.hpp
[12.323s] -- Installing: /home/dsh/Documents/work_logs/code/SFUISE/sfuise_ws/install/isas_msgs/include/isas_msgs/isas_msgs/msg/detail/dds_fastrtps
[12.323s] -- Installing: /home/dsh/Documents/work_logs/code/SFUISE/sfuise_ws/install/isas_msgs/include/isas_msgs/isas_msgs/msg/detail/rtls_stick__rosidl_typesupport_fastrtps_cpp.hpp
[12.323s] -- Installing: /home/dsh/Documents/work_logs/code/SFUISE/sfuise_ws/install/isas_msgs/include/isas_msgs/isas_msgs/msg/detail/rtls_range__rosidl_typesupport_fastrtps_cpp.hpp
[12.323s] -- Installing: /home/dsh/Documents/work_logs/code/SFUISE/sfuise_ws/install/isas_msgs/include/isas_msgs/isas_msgs/msg/detail/anchor_position__rosidl_typesupport_fastrtps_cpp.hpp
[12.323s] -- Installing: /home/dsh/Documents/work_logs/code/SFUISE/sfuise_ws/install/isas_msgs/include/isas_msgs/isas_msgs/msg/rosidl_typesupport_fastrtps_cpp__visibility_control.h
[12.323s] -- Installing: /home/dsh/Documents/work_logs/code/SFUISE/sfuise_ws/install/isas_msgs/lib/libisas_msgs__rosidl_typesupport_fastrtps_cpp.so
[12.323s] -- Set runtime path of "/home/dsh/Documents/work_logs/code/SFUISE/sfuise_ws/install/isas_msgs/lib/libisas_msgs__rosidl_typesupport_fastrtps_cpp.so" to ""
[12.323s] -- Up-to-date: /home/dsh/Documents/work_logs/code/SFUISE/sfuise_ws/install/isas_msgs/include/isas_msgs/isas_msgs
[12.324s] -- Up-to-date: /home/dsh/Documents/work_logs/code/SFUISE/sfuise_ws/install/isas_msgs/include/isas_msgs/isas_msgs/msg
[12.324s] -- Up-to-date: /home/dsh/Documents/work_logs/code/SFUISE/sfuise_ws/install/isas_msgs/include/isas_msgs/isas_msgs/msg/detail
[12.324s] -- Installing: /home/dsh/Documents/work_logs/code/SFUISE/sfuise_ws/install/isas_msgs/include/isas_msgs/isas_msgs/msg/detail/rtls_stick__type_support.c
[12.325s] -- Installing: /home/dsh/Documents/work_logs/code/SFUISE/sfuise_ws/install/isas_msgs/include/isas_msgs/isas_msgs/msg/detail/anchor_position__type_support.c
[12.325s] -- Installing: /home/dsh/Documents/work_logs/code/SFUISE/sfuise_ws/install/isas_msgs/include/isas_msgs/isas_msgs/msg/detail/rtls_range__rosidl_typesupport_introspection_c.h
[12.325s] -- Installing: /home/dsh/Documents/work_logs/code/SFUISE/sfuise_ws/install/isas_msgs/include/isas_msgs/isas_msgs/msg/detail/anchor_position__rosidl_typesupport_introspection_c.h
[12.325s] -- Installing: /home/dsh/Documents/work_logs/code/SFUISE/sfuise_ws/install/isas_msgs/include/isas_msgs/isas_msgs/msg/detail/rtls_stick__rosidl_typesupport_introspection_c.h
[12.325s] -- Installing: /home/dsh/Documents/work_logs/code/SFUISE/sfuise_ws/install/isas_msgs/include/isas_msgs/isas_msgs/msg/detail/anchorlist__type_support.c
[12.325s] -- Installing: /home/dsh/Documents/work_logs/code/SFUISE/sfuise_ws/install/isas_msgs/include/isas_msgs/isas_msgs/msg/detail/rtls_range__type_support.c
[12.325s] -- Installing: /home/dsh/Documents/work_logs/code/SFUISE/sfuise_ws/install/isas_msgs/include/isas_msgs/isas_msgs/msg/detail/anchorlist__rosidl_typesupport_introspection_c.h
[12.325s] -- Installing: /home/dsh/Documents/work_logs/code/SFUISE/sfuise_ws/install/isas_msgs/include/isas_msgs/isas_msgs/msg/rosidl_typesupport_introspection_c__visibility_control.h
[12.325s] -- Installing: /home/dsh/Documents/work_logs/code/SFUISE/sfuise_ws/install/isas_msgs/lib/libisas_msgs__rosidl_typesupport_introspection_c.so
[12.325s] -- Set runtime path of "/home/dsh/Documents/work_logs/code/SFUISE/sfuise_ws/install/isas_msgs/lib/libisas_msgs__rosidl_typesupport_introspection_c.so" to ""
[12.326s] -- Installing: /home/dsh/Documents/work_logs/code/SFUISE/sfuise_ws/install/isas_msgs/lib/libisas_msgs__rosidl_typesupport_c.so
[12.326s] -- Set runtime path of "/home/dsh/Documents/work_logs/code/SFUISE/sfuise_ws/install/isas_msgs/lib/libisas_msgs__rosidl_typesupport_c.so" to ""
[12.326s] -- Up-to-date: /home/dsh/Documents/work_logs/code/SFUISE/sfuise_ws/install/isas_msgs/include/isas_msgs/isas_msgs
[12.326s] -- Up-to-date: /home/dsh/Documents/work_logs/code/SFUISE/sfuise_ws/install/isas_msgs/include/isas_msgs/isas_msgs/msg
[12.326s] -- Up-to-date: /home/dsh/Documents/work_logs/code/SFUISE/sfuise_ws/install/isas_msgs/include/isas_msgs/isas_msgs/msg/detail
[12.326s] -- Installing: /home/dsh/Documents/work_logs/code/SFUISE/sfuise_ws/install/isas_msgs/include/isas_msgs/isas_msgs/msg/detail/anchorlist__rosidl_typesupport_introspection_cpp.hpp
[12.326s] -- Installing: /home/dsh/Documents/work_logs/code/SFUISE/sfuise_ws/install/isas_msgs/include/isas_msgs/isas_msgs/msg/detail/anchor_position__rosidl_typesupport_introspection_cpp.hpp
[12.326s] -- Installing: /home/dsh/Documents/work_logs/code/SFUISE/sfuise_ws/install/isas_msgs/include/isas_msgs/isas_msgs/msg/detail/rtls_range__rosidl_typesupport_introspection_cpp.hpp
[12.326s] -- Installing: /home/dsh/Documents/work_logs/code/SFUISE/sfuise_ws/install/isas_msgs/include/isas_msgs/isas_msgs/msg/detail/rtls_range__type_support.cpp
[12.326s] -- Installing: /home/dsh/Documents/work_logs/code/SFUISE/sfuise_ws/install/isas_msgs/include/isas_msgs/isas_msgs/msg/detail/anchorlist__type_support.cpp
[12.326s] -- Installing: /home/dsh/Documents/work_logs/code/SFUISE/sfuise_ws/install/isas_msgs/include/isas_msgs/isas_msgs/msg/detail/anchor_position__type_support.cpp
[12.326s] -- Installing: /home/dsh/Documents/work_logs/code/SFUISE/sfuise_ws/install/isas_msgs/include/isas_msgs/isas_msgs/msg/detail/rtls_stick__rosidl_typesupport_introspection_cpp.hpp
[12.327s] -- Installing: /home/dsh/Documents/work_logs/code/SFUISE/sfuise_ws/install/isas_msgs/include/isas_msgs/isas_msgs/msg/detail/rtls_stick__type_support.cpp
[12.327s] -- Installing: /home/dsh/Documents/work_logs/code/SFUISE/sfuise_ws/install/isas_msgs/lib/libisas_msgs__rosidl_typesupport_introspection_cpp.so
[12.327s] -- Set runtime path of "/home/dsh/Documents/work_logs/code/SFUISE/sfuise_ws/install/isas_msgs/lib/libisas_msgs__rosidl_typesupport_introspection_cpp.so" to ""
[12.327s] -- Installing: /home/dsh/Documents/work_logs/code/SFUISE/sfuise_ws/install/isas_msgs/lib/libisas_msgs__rosidl_typesupport_cpp.so
[12.327s] -- Set runtime path of "/home/dsh/Documents/work_logs/code/SFUISE/sfuise_ws/install/isas_msgs/lib/libisas_msgs__rosidl_typesupport_cpp.so" to ""
[12.327s] -- Installing: /home/dsh/Documents/work_logs/code/SFUISE/sfuise_ws/install/isas_msgs/share/isas_msgs/environment/pythonpath.sh
[12.327s] -- Installing: /home/dsh/Documents/work_logs/code/SFUISE/sfuise_ws/install/isas_msgs/share/isas_msgs/environment/pythonpath.dsv
[12.327s] -- Installing: /home/dsh/Documents/work_logs/code/SFUISE/sfuise_ws/install/isas_msgs/local/lib/python3.10/dist-packages/isas_msgs-0.0.0-py3.10.egg-info
[12.327s] -- Installing: /home/dsh/Documents/work_logs/code/SFUISE/sfuise_ws/install/isas_msgs/local/lib/python3.10/dist-packages/isas_msgs-0.0.0-py3.10.egg-info/SOURCES.txt
[12.327s] -- Installing: /home/dsh/Documents/work_logs/code/SFUISE/sfuise_ws/install/isas_msgs/local/lib/python3.10/dist-packages/isas_msgs-0.0.0-py3.10.egg-info/PKG-INFO
[12.328s] -- Installing: /home/dsh/Documents/work_logs/code/SFUISE/sfuise_ws/install/isas_msgs/local/lib/python3.10/dist-packages/isas_msgs-0.0.0-py3.10.egg-info/top_level.txt
[12.328s] -- Installing: /home/dsh/Documents/work_logs/code/SFUISE/sfuise_ws/install/isas_msgs/local/lib/python3.10/dist-packages/isas_msgs-0.0.0-py3.10.egg-info/dependency_links.txt
[12.328s] -- Installing: /home/dsh/Documents/work_logs/code/SFUISE/sfuise_ws/install/isas_msgs/local/lib/python3.10/dist-packages/isas_msgs
[12.328s] -- Installing: /home/dsh/Documents/work_logs/code/SFUISE/sfuise_ws/install/isas_msgs/local/lib/python3.10/dist-packages/isas_msgs/libisas_msgs__rosidl_generator_py.so
[12.328s] -- Installing: /home/dsh/Documents/work_logs/code/SFUISE/sfuise_ws/install/isas_msgs/local/lib/python3.10/dist-packages/isas_msgs/isas_msgs_s__rosidl_typesupport_c.cpython-310-x86_64-linux-gnu.so
[12.328s] -- Installing: /home/dsh/Documents/work_logs/code/SFUISE/sfuise_ws/install/isas_msgs/local/lib/python3.10/dist-packages/isas_msgs/_isas_msgs_s.ep.rosidl_typesupport_c.c
[12.328s] -- Installing: /home/dsh/Documents/work_logs/code/SFUISE/sfuise_ws/install/isas_msgs/local/lib/python3.10/dist-packages/isas_msgs/__init__.py
[12.328s] -- Installing: /home/dsh/Documents/work_logs/code/SFUISE/sfuise_ws/install/isas_msgs/local/lib/python3.10/dist-packages/isas_msgs/_isas_msgs_s.ep.rosidl_typesupport_fastrtps_c.c
[12.328s] -- Installing: /home/dsh/Documents/work_logs/code/SFUISE/sfuise_ws/install/isas_msgs/local/lib/python3.10/dist-packages/isas_msgs/msg
[12.328s] -- Installing: /home/dsh/Documents/work_logs/code/SFUISE/sfuise_ws/install/isas_msgs/local/lib/python3.10/dist-packages/isas_msgs/msg/_rtls_range_s.c
[12.328s] -- Installing: /home/dsh/Documents/work_logs/code/SFUISE/sfuise_ws/install/isas_msgs/local/lib/python3.10/dist-packages/isas_msgs/msg/_anchorlist_s.c
[12.329s] -- Installing: /home/dsh/Documents/work_logs/code/SFUISE/sfuise_ws/install/isas_msgs/local/lib/python3.10/dist-packages/isas_msgs/msg/__init__.py
[12.329s] -- Installing: /home/dsh/Documents/work_logs/code/SFUISE/sfuise_ws/install/isas_msgs/local/lib/python3.10/dist-packages/isas_msgs/msg/_rtls_range.py
[12.329s] -- Installing: /home/dsh/Documents/work_logs/code/SFUISE/sfuise_ws/install/isas_msgs/local/lib/python3.10/dist-packages/isas_msgs/msg/_anchor_position_s.c
[12.329s] -- Installing: /home/dsh/Documents/work_logs/code/SFUISE/sfuise_ws/install/isas_msgs/local/lib/python3.10/dist-packages/isas_msgs/msg/_anchor_position.py
[12.329s] -- Installing: /home/dsh/Documents/work_logs/code/SFUISE/sfuise_ws/install/isas_msgs/local/lib/python3.10/dist-packages/isas_msgs/msg/_rtls_stick.py
[12.329s] -- Installing: /home/dsh/Documents/work_logs/code/SFUISE/sfuise_ws/install/isas_msgs/local/lib/python3.10/dist-packages/isas_msgs/msg/_rtls_stick_s.c
[12.329s] -- Installing: /home/dsh/Documents/work_logs/code/SFUISE/sfuise_ws/install/isas_msgs/local/lib/python3.10/dist-packages/isas_msgs/msg/_anchorlist.py
[12.329s] -- Installing: /home/dsh/Documents/work_logs/code/SFUISE/sfuise_ws/install/isas_msgs/local/lib/python3.10/dist-packages/isas_msgs/isas_msgs_s__rosidl_typesupport_fastrtps_c.cpython-310-x86_64-linux-gnu.so
[12.329s] -- Installing: /home/dsh/Documents/work_logs/code/SFUISE/sfuise_ws/install/isas_msgs/local/lib/python3.10/dist-packages/isas_msgs/_isas_msgs_s.ep.rosidl_typesupport_introspection_c.c
[12.329s] -- Installing: /home/dsh/Documents/work_logs/code/SFUISE/sfuise_ws/install/isas_msgs/local/lib/python3.10/dist-packages/isas_msgs/isas_msgs_s__rosidl_typesupport_introspection_c.cpython-310-x86_64-linux-gnu.so
[12.378s] Listing '/home/dsh/Documents/work_logs/code/SFUISE/sfuise_ws/install/isas_msgs/local/lib/python3.10/dist-packages/isas_msgs'...
[12.378s] Compiling '/home/dsh/Documents/work_logs/code/SFUISE/sfuise_ws/install/isas_msgs/local/lib/python3.10/dist-packages/isas_msgs/__init__.py'...
[12.378s] Listing '/home/dsh/Documents/work_logs/code/SFUISE/sfuise_ws/install/isas_msgs/local/lib/python3.10/dist-packages/isas_msgs/msg'...
[12.378s] Compiling '/home/dsh/Documents/work_logs/code/SFUISE/sfuise_ws/install/isas_msgs/local/lib/python3.10/dist-packages/isas_msgs/msg/__init__.py'...
[12.378s] Compiling '/home/dsh/Documents/work_logs/code/SFUISE/sfuise_ws/install/isas_msgs/local/lib/python3.10/dist-packages/isas_msgs/msg/_anchor_position.py'...
[12.378s] Compiling '/home/dsh/Documents/work_logs/code/SFUISE/sfuise_ws/install/isas_msgs/local/lib/python3.10/dist-packages/isas_msgs/msg/_anchorlist.py'...
[12.379s] Compiling '/home/dsh/Documents/work_logs/code/SFUISE/sfuise_ws/install/isas_msgs/local/lib/python3.10/dist-packages/isas_msgs/msg/_rtls_range.py'...
[12.379s] Compiling '/home/dsh/Documents/work_logs/code/SFUISE/sfuise_ws/install/isas_msgs/local/lib/python3.10/dist-packages/isas_msgs/msg/_rtls_stick.py'...
[12.384s] -- Installing: /home/dsh/Documents/work_logs/code/SFUISE/sfuise_ws/install/isas_msgs/local/lib/python3.10/dist-packages/isas_msgs/isas_msgs_s__rosidl_typesupport_fastrtps_c.cpython-310-x86_64-linux-gnu.so
[12.384s] -- Set runtime path of "/home/dsh/Documents/work_logs/code/SFUISE/sfuise_ws/install/isas_msgs/local/lib/python3.10/dist-packages/isas_msgs/isas_msgs_s__rosidl_typesupport_fastrtps_c.cpython-310-x86_64-linux-gnu.so" to ""
[12.384s] -- Installing: /home/dsh/Documents/work_logs/code/SFUISE/sfuise_ws/install/isas_msgs/local/lib/python3.10/dist-packages/isas_msgs/isas_msgs_s__rosidl_typesupport_introspection_c.cpython-310-x86_64-linux-gnu.so
[12.384s] -- Set runtime path of "/home/dsh/Documents/work_logs/code/SFUISE/sfuise_ws/install/isas_msgs/local/lib/python3.10/dist-packages/isas_msgs/isas_msgs_s__rosidl_typesupport_introspection_c.cpython-310-x86_64-linux-gnu.so" to ""
[12.384s] -- Installing: /home/dsh/Documents/work_logs/code/SFUISE/sfuise_ws/install/isas_msgs/local/lib/python3.10/dist-packages/isas_msgs/isas_msgs_s__rosidl_typesupport_c.cpython-310-x86_64-linux-gnu.so
[12.385s] -- Set runtime path of "/home/dsh/Documents/work_logs/code/SFUISE/sfuise_ws/install/isas_msgs/local/lib/python3.10/dist-packages/isas_msgs/isas_msgs_s__rosidl_typesupport_c.cpython-310-x86_64-linux-gnu.so" to ""
[12.385s] -- Installing: /home/dsh/Documents/work_logs/code/SFUISE/sfuise_ws/install/isas_msgs/lib/libisas_msgs__rosidl_generator_py.so
[12.385s] -- Set runtime path of "/home/dsh/Documents/work_logs/code/SFUISE/sfuise_ws/install/isas_msgs/lib/libisas_msgs__rosidl_generator_py.so" to ""
[12.385s] -- Installing: /home/dsh/Documents/work_logs/code/SFUISE/sfuise_ws/install/isas_msgs/share/isas_msgs/msg/Anchorlist.idl
[12.385s] -- Installing: /home/dsh/Documents/work_logs/code/SFUISE/sfuise_ws/install/isas_msgs/share/isas_msgs/msg/AnchorPosition.idl
[12.385s] -- Installing: /home/dsh/Documents/work_logs/code/SFUISE/sfuise_ws/install/isas_msgs/share/isas_msgs/msg/RTLSRange.idl
[12.385s] -- Installing: /home/dsh/Documents/work_logs/code/SFUISE/sfuise_ws/install/isas_msgs/share/isas_msgs/msg/RTLSStick.idl
[12.385s] -- Installing: /home/dsh/Documents/work_logs/code/SFUISE/sfuise_ws/install/isas_msgs/share/isas_msgs/msg/Anchorlist.msg
[12.385s] -- Installing: /home/dsh/Documents/work_logs/code/SFUISE/sfuise_ws/install/isas_msgs/share/isas_msgs/msg/AnchorPosition.msg
[12.385s] -- Installing: /home/dsh/Documents/work_logs/code/SFUISE/sfuise_ws/install/isas_msgs/share/isas_msgs/msg/RTLSRange.msg
[12.386s] -- Installing: /home/dsh/Documents/work_logs/code/SFUISE/sfuise_ws/install/isas_msgs/share/isas_msgs/msg/RTLSStick.msg
[12.386s] -- Installing: /home/dsh/Documents/work_logs/code/SFUISE/sfuise_ws/install/isas_msgs/share/ament_index/resource_index/package_run_dependencies/isas_msgs
[12.386s] -- Installing: /home/dsh/Documents/work_logs/code/SFUISE/sfuise_ws/install/isas_msgs/share/ament_index/resource_index/parent_prefix_path/isas_msgs
[12.386s] -- Installing: /home/dsh/Documents/work_logs/code/SFUISE/sfuise_ws/install/isas_msgs/share/isas_msgs/environment/ament_prefix_path.sh
[12.386s] -- Installing: /home/dsh/Documents/work_logs/code/SFUISE/sfuise_ws/install/isas_msgs/share/isas_msgs/environment/ament_prefix_path.dsv
[12.386s] -- Installing: /home/dsh/Documents/work_logs/code/SFUISE/sfuise_ws/install/isas_msgs/share/isas_msgs/environment/path.sh
[12.386s] -- Installing: /home/dsh/Documents/work_logs/code/SFUISE/sfuise_ws/install/isas_msgs/share/isas_msgs/environment/path.dsv
[12.386s] -- Installing: /home/dsh/Documents/work_logs/code/SFUISE/sfuise_ws/install/isas_msgs/share/isas_msgs/local_setup.bash
[12.386s] -- Installing: /home/dsh/Documents/work_logs/code/SFUISE/sfuise_ws/install/isas_msgs/share/isas_msgs/local_setup.sh
[12.386s] -- Installing: /home/dsh/Documents/work_logs/code/SFUISE/sfuise_ws/install/isas_msgs/share/isas_msgs/local_setup.zsh
[12.386s] -- Installing: /home/dsh/Documents/work_logs/code/SFUISE/sfuise_ws/install/isas_msgs/share/isas_msgs/local_setup.dsv
[12.387s] -- Installing: /home/dsh/Documents/work_logs/code/SFUISE/sfuise_ws/install/isas_msgs/share/isas_msgs/package.dsv
[12.387s] -- Installing: /home/dsh/Documents/work_logs/code/SFUISE/sfuise_ws/install/isas_msgs/share/ament_index/resource_index/packages/isas_msgs
[12.387s] -- Installing: /home/dsh/Documents/work_logs/code/SFUISE/sfuise_ws/install/isas_msgs/share/isas_msgs/cmake/export_isas_msgs__rosidl_generator_cExport.cmake
[12.387s] -- Installing: /home/dsh/Documents/work_logs/code/SFUISE/sfuise_ws/install/isas_msgs/share/isas_msgs/cmake/export_isas_msgs__rosidl_generator_cExport-noconfig.cmake
[12.387s] -- Installing: /home/dsh/Documents/work_logs/code/SFUISE/sfuise_ws/install/isas_msgs/share/isas_msgs/cmake/export_isas_msgs__rosidl_typesupport_fastrtps_cExport.cmake
[12.387s] -- Installing: /home/dsh/Documents/work_logs/code/SFUISE/sfuise_ws/install/isas_msgs/share/isas_msgs/cmake/export_isas_msgs__rosidl_typesupport_fastrtps_cExport-noconfig.cmake
[12.387s] -- Installing: /home/dsh/Documents/work_logs/code/SFUISE/sfuise_ws/install/isas_msgs/share/isas_msgs/cmake/export_isas_msgs__rosidl_generator_cppExport.cmake
[12.387s] -- Installing: /home/dsh/Documents/work_logs/code/SFUISE/sfuise_ws/install/isas_msgs/share/isas_msgs/cmake/export_isas_msgs__rosidl_typesupport_fastrtps_cppExport.cmake
[12.387s] -- Installing: /home/dsh/Documents/work_logs/code/SFUISE/sfuise_ws/install/isas_msgs/share/isas_msgs/cmake/export_isas_msgs__rosidl_typesupport_fastrtps_cppExport-noconfig.cmake
[12.387s] -- Installing: /home/dsh/Documents/work_logs/code/SFUISE/sfuise_ws/install/isas_msgs/share/isas_msgs/cmake/isas_msgs__rosidl_typesupport_introspection_cExport.cmake
[12.388s] -- Installing: /home/dsh/Documents/work_logs/code/SFUISE/sfuise_ws/install/isas_msgs/share/isas_msgs/cmake/isas_msgs__rosidl_typesupport_introspection_cExport-noconfig.cmake
[12.388s] -- Installing: /home/dsh/Documents/work_logs/code/SFUISE/sfuise_ws/install/isas_msgs/share/isas_msgs/cmake/isas_msgs__rosidl_typesupport_cExport.cmake
[12.388s] -- Installing: /home/dsh/Documents/work_logs/code/SFUISE/sfuise_ws/install/isas_msgs/share/isas_msgs/cmake/isas_msgs__rosidl_typesupport_cExport-noconfig.cmake
[12.388s] -- Installing: /home/dsh/Documents/work_logs/code/SFUISE/sfuise_ws/install/isas_msgs/share/isas_msgs/cmake/isas_msgs__rosidl_typesupport_introspection_cppExport.cmake
[12.388s] -- Installing: /home/dsh/Documents/work_logs/code/SFUISE/sfuise_ws/install/isas_msgs/share/isas_msgs/cmake/isas_msgs__rosidl_typesupport_introspection_cppExport-noconfig.cmake
[12.388s] -- Installing: /home/dsh/Documents/work_logs/code/SFUISE/sfuise_ws/install/isas_msgs/share/isas_msgs/cmake/isas_msgs__rosidl_typesupport_cppExport.cmake
[12.388s] -- Installing: /home/dsh/Documents/work_logs/code/SFUISE/sfuise_ws/install/isas_msgs/share/isas_msgs/cmake/isas_msgs__rosidl_typesupport_cppExport-noconfig.cmake
[12.388s] -- Installing: /home/dsh/Documents/work_logs/code/SFUISE/sfuise_ws/install/isas_msgs/share/isas_msgs/cmake/export_isas_msgs__rosidl_generator_pyExport.cmake
[12.388s] -- Installing: /home/dsh/Documents/work_logs/code/SFUISE/sfuise_ws/install/isas_msgs/share/isas_msgs/cmake/export_isas_msgs__rosidl_generator_pyExport-noconfig.cmake
[12.388s] -- Installing: /home/dsh/Documents/work_logs/code/SFUISE/sfuise_ws/install/isas_msgs/share/isas_msgs/cmake/rosidl_cmake-extras.cmake
[12.389s] -- Installing: /home/dsh/Documents/work_logs/code/SFUISE/sfuise_ws/install/isas_msgs/share/isas_msgs/cmake/ament_cmake_export_dependencies-extras.cmake
[12.389s] -- Installing: /home/dsh/Documents/work_logs/code/SFUISE/sfuise_ws/install/isas_msgs/share/isas_msgs/cmake/ament_cmake_export_include_directories-extras.cmake
[12.389s] -- Installing: /home/dsh/Documents/work_logs/code/SFUISE/sfuise_ws/install/isas_msgs/share/isas_msgs/cmake/ament_cmake_export_libraries-extras.cmake
[12.389s] -- Installing: /home/dsh/Documents/work_logs/code/SFUISE/sfuise_ws/install/isas_msgs/share/isas_msgs/cmake/ament_cmake_export_targets-extras.cmake
[12.389s] -- Installing: /home/dsh/Documents/work_logs/code/SFUISE/sfuise_ws/install/isas_msgs/share/isas_msgs/cmake/rosidl_cmake_export_typesupport_targets-extras.cmake
[12.389s] -- Installing: /home/dsh/Documents/work_logs/code/SFUISE/sfuise_ws/install/isas_msgs/share/isas_msgs/cmake/rosidl_cmake_export_typesupport_libraries-extras.cmake
[12.389s] -- Installing: /home/dsh/Documents/work_logs/code/SFUISE/sfuise_ws/install/isas_msgs/share/isas_msgs/cmake/isas_msgsConfig.cmake
[12.389s] -- Installing: /home/dsh/Documents/work_logs/code/SFUISE/sfuise_ws/install/isas_msgs/share/isas_msgs/cmake/isas_msgsConfig-version.cmake
[12.389s] -- Installing: /home/dsh/Documents/work_logs/code/SFUISE/sfuise_ws/install/isas_msgs/share/isas_msgs/package.xml
[12.392s] Invoked command in '/home/dsh/Documents/work_logs/code/SFUISE/sfuise_ws/build/isas_msgs' returned '0': CMAKE_PREFIX_PATH=${CMAKE_PREFIX_PATH}:/opt/ros/humble /usr/bin/cmake --install /home/dsh/Documents/work_logs/code/SFUISE/sfuise_ws/build/isas_msgs
