[0.033s] Invoking command in '/home/dsh/Documents/work_logs/code/SFUISE/sfuise_ws/build/isas_msgs': CMAKE_PREFIX_PATH=/opt/ros/humble /usr/bin/cmake --build /home/dsh/Documents/work_logs/code/SFUISE/sfuise_ws/build/isas_msgs -- -j20 -l20
[0.137s] [  1%] Built target isas_msgs__cpp
[0.143s] [ 12%] Built target isas_msgs__rosidl_generator_c
[0.161s] [ 12%] Built target ament_cmake_python_copy_isas_msgs
[0.209s] [ 23%] Built target isas_msgs__rosidl_typesupport_cpp
[0.213s] [ 34%] Built target isas_msgs__rosidl_typesupport_c
[0.215s] [ 45%] Built target isas_msgs__rosidl_typesupport_fastrtps_cpp
[0.221s] [ 63%] Built target isas_msgs__rosidl_typesupport_introspection_cpp
[0.223s] [ 67%] Built target isas_msgs__rosidl_typesupport_fastrtps_c
[0.226s] [ 78%] Built target isas_msgs__rosidl_typesupport_introspection_c
[0.283s] [ 78%] Built target isas_msgs
[0.331s] [ 80%] Built target isas_msgs__py
[0.379s] [ 89%] Built target isas_msgs__rosidl_generator_py
[0.435s] [ 98%] Built target isas_msgs__rosidl_typesupport_c__pyext
[0.436s] [100%] Built target isas_msgs__rosidl_typesupport_introspection_c__pyext
[0.436s] [100%] Built target isas_msgs__rosidl_typesupport_fastrtps_c__pyext
[0.691s] running egg_info
[0.693s] writing isas_msgs.egg-info/PKG-INFO
[0.694s] writing dependency_links to isas_msgs.egg-info/dependency_links.txt
[0.694s] writing top-level names to isas_msgs.egg-info/top_level.txt
[0.700s] reading manifest file 'isas_msgs.egg-info/SOURCES.txt'
[0.701s] writing manifest file 'isas_msgs.egg-info/SOURCES.txt'
[0.775s] [100%] Built target ament_cmake_python_build_isas_msgs_egg
[0.801s] Invoked command in '/home/dsh/Documents/work_logs/code/SFUISE/sfuise_ws/build/isas_msgs' returned '0': CMAKE_PREFIX_PATH=/opt/ros/humble /usr/bin/cmake --build /home/dsh/Documents/work_logs/code/SFUISE/sfuise_ws/build/isas_msgs -- -j20 -l20
[0.822s] Invoking command in '/home/dsh/Documents/work_logs/code/SFUISE/sfuise_ws/build/isas_msgs': CMAKE_PREFIX_PATH=/opt/ros/humble /usr/bin/cmake --install /home/dsh/Documents/work_logs/code/SFUISE/sfuise_ws/build/isas_msgs
[0.839s] -- Install configuration: ""
[0.840s] -- Up-to-date: /home/dsh/Documents/work_logs/code/SFUISE/sfuise_ws/install/isas_msgs/share/ament_index/resource_index/rosidl_interfaces/isas_msgs
[0.840s] -- Up-to-date: /home/dsh/Documents/work_logs/code/SFUISE/sfuise_ws/install/isas_msgs/include/isas_msgs/isas_msgs
[0.841s] -- Up-to-date: /home/dsh/Documents/work_logs/code/SFUISE/sfuise_ws/install/isas_msgs/include/isas_msgs/isas_msgs/msg
[0.841s] -- Up-to-date: /home/dsh/Documents/work_logs/code/SFUISE/sfuise_ws/install/isas_msgs/include/isas_msgs/isas_msgs/msg/detail
[0.841s] -- Up-to-date: /home/dsh/Documents/work_logs/code/SFUISE/sfuise_ws/install/isas_msgs/include/isas_msgs/isas_msgs/msg/detail/anchor_position__type_support.h
[0.842s] -- Up-to-date: /home/dsh/Documents/work_logs/code/SFUISE/sfuise_ws/install/isas_msgs/include/isas_msgs/isas_msgs/msg/detail/rtls_stick__functions.c
[0.843s] -- Up-to-date: /home/dsh/Documents/work_logs/code/SFUISE/sfuise_ws/install/isas_msgs/include/isas_msgs/isas_msgs/msg/detail/anchorlist__functions.c
[0.844s] -- Up-to-date: /home/dsh/Documents/work_logs/code/SFUISE/sfuise_ws/install/isas_msgs/include/isas_msgs/isas_msgs/msg/detail/anchorlist__type_support.h
[0.845s] -- Up-to-date: /home/dsh/Documents/work_logs/code/SFUISE/sfuise_ws/install/isas_msgs/include/isas_msgs/isas_msgs/msg/detail/rtls_stick__type_support.h
[0.846s] -- Up-to-date: /home/dsh/Documents/work_logs/code/SFUISE/sfuise_ws/install/isas_msgs/include/isas_msgs/isas_msgs/msg/detail/rtls_range__type_support.h
[0.847s] -- Up-to-date: /home/dsh/Documents/work_logs/code/SFUISE/sfuise_ws/install/isas_msgs/include/isas_msgs/isas_msgs/msg/detail/rtls_stick__struct.h
[0.848s] -- Up-to-date: /home/dsh/Documents/work_logs/code/SFUISE/sfuise_ws/install/isas_msgs/include/isas_msgs/isas_msgs/msg/detail/rtls_stick__functions.h
[0.848s] -- Up-to-date: /home/dsh/Documents/work_logs/code/SFUISE/sfuise_ws/install/isas_msgs/include/isas_msgs/isas_msgs/msg/detail/rtls_range__functions.c
[0.849s] -- Up-to-date: /home/dsh/Documents/work_logs/code/SFUISE/sfuise_ws/install/isas_msgs/include/isas_msgs/isas_msgs/msg/detail/rtls_range__struct.h
[0.849s] -- Up-to-date: /home/dsh/Documents/work_logs/code/SFUISE/sfuise_ws/install/isas_msgs/include/isas_msgs/isas_msgs/msg/detail/rtls_range__functions.h
[0.849s] -- Up-to-date: /home/dsh/Documents/work_logs/code/SFUISE/sfuise_ws/install/isas_msgs/include/isas_msgs/isas_msgs/msg/detail/anchorlist__functions.h
[0.850s] -- Up-to-date: /home/dsh/Documents/work_logs/code/SFUISE/sfuise_ws/install/isas_msgs/include/isas_msgs/isas_msgs/msg/detail/anchor_position__functions.h
[0.850s] -- Up-to-date: /home/dsh/Documents/work_logs/code/SFUISE/sfuise_ws/install/isas_msgs/include/isas_msgs/isas_msgs/msg/detail/anchor_position__struct.h
[0.850s] -- Up-to-date: /home/dsh/Documents/work_logs/code/SFUISE/sfuise_ws/install/isas_msgs/include/isas_msgs/isas_msgs/msg/detail/anchorlist__struct.h
[0.851s] -- Up-to-date: /home/dsh/Documents/work_logs/code/SFUISE/sfuise_ws/install/isas_msgs/include/isas_msgs/isas_msgs/msg/detail/anchor_position__functions.c
[0.852s] -- Up-to-date: /home/dsh/Documents/work_logs/code/SFUISE/sfuise_ws/install/isas_msgs/include/isas_msgs/isas_msgs/msg/anchor_position.h
[0.853s] -- Up-to-date: /home/dsh/Documents/work_logs/code/SFUISE/sfuise_ws/install/isas_msgs/include/isas_msgs/isas_msgs/msg/rtls_stick.h
[0.853s] -- Up-to-date: /home/dsh/Documents/work_logs/code/SFUISE/sfuise_ws/install/isas_msgs/include/isas_msgs/isas_msgs/msg/rtls_range.h
[0.853s] -- Up-to-date: /home/dsh/Documents/work_logs/code/SFUISE/sfuise_ws/install/isas_msgs/include/isas_msgs/isas_msgs/msg/rosidl_generator_c__visibility_control.h
[0.853s] -- Up-to-date: /home/dsh/Documents/work_logs/code/SFUISE/sfuise_ws/install/isas_msgs/include/isas_msgs/isas_msgs/msg/anchorlist.h
[0.853s] -- Up-to-date: /home/dsh/Documents/work_logs/code/SFUISE/sfuise_ws/install/isas_msgs/share/isas_msgs/environment/library_path.sh
[0.853s] -- Up-to-date: /home/dsh/Documents/work_logs/code/SFUISE/sfuise_ws/install/isas_msgs/share/isas_msgs/environment/library_path.dsv
[0.854s] -- Up-to-date: /home/dsh/Documents/work_logs/code/SFUISE/sfuise_ws/install/isas_msgs/lib/libisas_msgs__rosidl_generator_c.so
[0.855s] -- Up-to-date: /home/dsh/Documents/work_logs/code/SFUISE/sfuise_ws/install/isas_msgs/include/isas_msgs/isas_msgs
[0.855s] -- Up-to-date: /home/dsh/Documents/work_logs/code/SFUISE/sfuise_ws/install/isas_msgs/include/isas_msgs/isas_msgs/msg
[0.855s] -- Up-to-date: /home/dsh/Documents/work_logs/code/SFUISE/sfuise_ws/install/isas_msgs/include/isas_msgs/isas_msgs/msg/rosidl_typesupport_fastrtps_c__visibility_control.h
[0.855s] -- Up-to-date: /home/dsh/Documents/work_logs/code/SFUISE/sfuise_ws/install/isas_msgs/include/isas_msgs/isas_msgs/msg/detail
[0.856s] -- Up-to-date: /home/dsh/Documents/work_logs/code/SFUISE/sfuise_ws/install/isas_msgs/include/isas_msgs/isas_msgs/msg/detail/anchor_position__rosidl_typesupport_fastrtps_c.h
[0.856s] -- Up-to-date: /home/dsh/Documents/work_logs/code/SFUISE/sfuise_ws/install/isas_msgs/include/isas_msgs/isas_msgs/msg/detail/rtls_stick__rosidl_typesupport_fastrtps_c.h
[0.856s] -- Up-to-date: /home/dsh/Documents/work_logs/code/SFUISE/sfuise_ws/install/isas_msgs/include/isas_msgs/isas_msgs/msg/detail/anchorlist__rosidl_typesupport_fastrtps_c.h
[0.856s] -- Up-to-date: /home/dsh/Documents/work_logs/code/SFUISE/sfuise_ws/install/isas_msgs/include/isas_msgs/isas_msgs/msg/detail/rtls_range__rosidl_typesupport_fastrtps_c.h
[0.857s] -- Up-to-date: /home/dsh/Documents/work_logs/code/SFUISE/sfuise_ws/install/isas_msgs/lib/libisas_msgs__rosidl_typesupport_fastrtps_c.so
[0.857s] -- Up-to-date: /home/dsh/Documents/work_logs/code/SFUISE/sfuise_ws/install/isas_msgs/include/isas_msgs/isas_msgs
[0.858s] -- Up-to-date: /home/dsh/Documents/work_logs/code/SFUISE/sfuise_ws/install/isas_msgs/include/isas_msgs/isas_msgs/msg
[0.858s] -- Up-to-date: /home/dsh/Documents/work_logs/code/SFUISE/sfuise_ws/install/isas_msgs/include/isas_msgs/isas_msgs/msg/detail
[0.858s] -- Up-to-date: /home/dsh/Documents/work_logs/code/SFUISE/sfuise_ws/install/isas_msgs/include/isas_msgs/isas_msgs/msg/detail/anchorlist__type_support.hpp
[0.859s] -- Up-to-date: /home/dsh/Documents/work_logs/code/SFUISE/sfuise_ws/install/isas_msgs/include/isas_msgs/isas_msgs/msg/detail/rtls_stick__struct.hpp
[0.859s] -- Up-to-date: /home/dsh/Documents/work_logs/code/SFUISE/sfuise_ws/install/isas_msgs/include/isas_msgs/isas_msgs/msg/detail/anchor_position__traits.hpp
[0.859s] -- Up-to-date: /home/dsh/Documents/work_logs/code/SFUISE/sfuise_ws/install/isas_msgs/include/isas_msgs/isas_msgs/msg/detail/anchorlist__traits.hpp
[0.859s] -- Up-to-date: /home/dsh/Documents/work_logs/code/SFUISE/sfuise_ws/install/isas_msgs/include/isas_msgs/isas_msgs/msg/detail/anchorlist__builder.hpp
[0.860s] -- Up-to-date: /home/dsh/Documents/work_logs/code/SFUISE/sfuise_ws/install/isas_msgs/include/isas_msgs/isas_msgs/msg/detail/rtls_stick__builder.hpp
[0.860s] -- Up-to-date: /home/dsh/Documents/work_logs/code/SFUISE/sfuise_ws/install/isas_msgs/include/isas_msgs/isas_msgs/msg/detail/rtls_range__struct.hpp
[0.860s] -- Up-to-date: /home/dsh/Documents/work_logs/code/SFUISE/sfuise_ws/install/isas_msgs/include/isas_msgs/isas_msgs/msg/detail/anchor_position__struct.hpp
[0.861s] -- Up-to-date: /home/dsh/Documents/work_logs/code/SFUISE/sfuise_ws/install/isas_msgs/include/isas_msgs/isas_msgs/msg/detail/rtls_range__builder.hpp
[0.861s] -- Up-to-date: /home/dsh/Documents/work_logs/code/SFUISE/sfuise_ws/install/isas_msgs/include/isas_msgs/isas_msgs/msg/detail/anchorlist__struct.hpp
[0.861s] -- Up-to-date: /home/dsh/Documents/work_logs/code/SFUISE/sfuise_ws/install/isas_msgs/include/isas_msgs/isas_msgs/msg/detail/rtls_stick__traits.hpp
[0.862s] -- Up-to-date: /home/dsh/Documents/work_logs/code/SFUISE/sfuise_ws/install/isas_msgs/include/isas_msgs/isas_msgs/msg/detail/anchor_position__builder.hpp
[0.862s] -- Up-to-date: /home/dsh/Documents/work_logs/code/SFUISE/sfuise_ws/install/isas_msgs/include/isas_msgs/isas_msgs/msg/detail/anchor_position__type_support.hpp
[0.862s] -- Up-to-date: /home/dsh/Documents/work_logs/code/SFUISE/sfuise_ws/install/isas_msgs/include/isas_msgs/isas_msgs/msg/detail/rtls_range__type_support.hpp
[0.862s] -- Up-to-date: /home/dsh/Documents/work_logs/code/SFUISE/sfuise_ws/install/isas_msgs/include/isas_msgs/isas_msgs/msg/detail/rtls_range__traits.hpp
[0.863s] -- Up-to-date: /home/dsh/Documents/work_logs/code/SFUISE/sfuise_ws/install/isas_msgs/include/isas_msgs/isas_msgs/msg/detail/rtls_stick__type_support.hpp
[0.863s] -- Up-to-date: /home/dsh/Documents/work_logs/code/SFUISE/sfuise_ws/install/isas_msgs/include/isas_msgs/isas_msgs/msg/anchor_position.hpp
[0.863s] -- Up-to-date: /home/dsh/Documents/work_logs/code/SFUISE/sfuise_ws/install/isas_msgs/include/isas_msgs/isas_msgs/msg/anchorlist.hpp
[0.863s] -- Up-to-date: /home/dsh/Documents/work_logs/code/SFUISE/sfuise_ws/install/isas_msgs/include/isas_msgs/isas_msgs/msg/rtls_range.hpp
[0.864s] -- Up-to-date: /home/dsh/Documents/work_logs/code/SFUISE/sfuise_ws/install/isas_msgs/include/isas_msgs/isas_msgs/msg/rtls_stick.hpp
[0.864s] -- Up-to-date: /home/dsh/Documents/work_logs/code/SFUISE/sfuise_ws/install/isas_msgs/include/isas_msgs/isas_msgs/msg/rosidl_generator_cpp__visibility_control.hpp
[0.864s] -- Up-to-date: /home/dsh/Documents/work_logs/code/SFUISE/sfuise_ws/install/isas_msgs/include/isas_msgs/isas_msgs
[0.864s] -- Up-to-date: /home/dsh/Documents/work_logs/code/SFUISE/sfuise_ws/install/isas_msgs/include/isas_msgs/isas_msgs/msg
[0.865s] -- Up-to-date: /home/dsh/Documents/work_logs/code/SFUISE/sfuise_ws/install/isas_msgs/include/isas_msgs/isas_msgs/msg/detail
[0.865s] -- Up-to-date: /home/dsh/Documents/work_logs/code/SFUISE/sfuise_ws/install/isas_msgs/include/isas_msgs/isas_msgs/msg/detail/anchorlist__rosidl_typesupport_fastrtps_cpp.hpp
[0.865s] -- Up-to-date: /home/dsh/Documents/work_logs/code/SFUISE/sfuise_ws/install/isas_msgs/include/isas_msgs/isas_msgs/msg/detail/dds_fastrtps
[0.865s] -- Up-to-date: /home/dsh/Documents/work_logs/code/SFUISE/sfuise_ws/install/isas_msgs/include/isas_msgs/isas_msgs/msg/detail/rtls_stick__rosidl_typesupport_fastrtps_cpp.hpp
[0.866s] -- Up-to-date: /home/dsh/Documents/work_logs/code/SFUISE/sfuise_ws/install/isas_msgs/include/isas_msgs/isas_msgs/msg/detail/rtls_range__rosidl_typesupport_fastrtps_cpp.hpp
[0.866s] -- Up-to-date: /home/dsh/Documents/work_logs/code/SFUISE/sfuise_ws/install/isas_msgs/include/isas_msgs/isas_msgs/msg/detail/anchor_position__rosidl_typesupport_fastrtps_cpp.hpp
[0.866s] -- Up-to-date: /home/dsh/Documents/work_logs/code/SFUISE/sfuise_ws/install/isas_msgs/include/isas_msgs/isas_msgs/msg/rosidl_typesupport_fastrtps_cpp__visibility_control.h
[0.866s] -- Up-to-date: /home/dsh/Documents/work_logs/code/SFUISE/sfuise_ws/install/isas_msgs/lib/libisas_msgs__rosidl_typesupport_fastrtps_cpp.so
[0.867s] -- Up-to-date: /home/dsh/Documents/work_logs/code/SFUISE/sfuise_ws/install/isas_msgs/include/isas_msgs/isas_msgs
[0.867s] -- Up-to-date: /home/dsh/Documents/work_logs/code/SFUISE/sfuise_ws/install/isas_msgs/include/isas_msgs/isas_msgs/msg
[0.869s] -- Up-to-date: /home/dsh/Documents/work_logs/code/SFUISE/sfuise_ws/install/isas_msgs/include/isas_msgs/isas_msgs/msg/detail
[0.869s] -- Up-to-date: /home/dsh/Documents/work_logs/code/SFUISE/sfuise_ws/install/isas_msgs/include/isas_msgs/isas_msgs/msg/detail/rtls_stick__type_support.c
[0.869s] -- Up-to-date: /home/dsh/Documents/work_logs/code/SFUISE/sfuise_ws/install/isas_msgs/include/isas_msgs/isas_msgs/msg/detail/anchor_position__type_support.c
[0.869s] -- Up-to-date: /home/dsh/Documents/work_logs/code/SFUISE/sfuise_ws/install/isas_msgs/include/isas_msgs/isas_msgs/msg/detail/rtls_range__rosidl_typesupport_introspection_c.h
[0.869s] -- Up-to-date: /home/dsh/Documents/work_logs/code/SFUISE/sfuise_ws/install/isas_msgs/include/isas_msgs/isas_msgs/msg/detail/anchor_position__rosidl_typesupport_introspection_c.h
[0.870s] -- Up-to-date: /home/dsh/Documents/work_logs/code/SFUISE/sfuise_ws/install/isas_msgs/include/isas_msgs/isas_msgs/msg/detail/rtls_stick__rosidl_typesupport_introspection_c.h
[0.870s] -- Up-to-date: /home/dsh/Documents/work_logs/code/SFUISE/sfuise_ws/install/isas_msgs/include/isas_msgs/isas_msgs/msg/detail/anchorlist__type_support.c
[0.870s] -- Up-to-date: /home/dsh/Documents/work_logs/code/SFUISE/sfuise_ws/install/isas_msgs/include/isas_msgs/isas_msgs/msg/detail/rtls_range__type_support.c
[0.870s] -- Up-to-date: /home/dsh/Documents/work_logs/code/SFUISE/sfuise_ws/install/isas_msgs/include/isas_msgs/isas_msgs/msg/detail/anchorlist__rosidl_typesupport_introspection_c.h
[0.870s] -- Up-to-date: /home/dsh/Documents/work_logs/code/SFUISE/sfuise_ws/install/isas_msgs/include/isas_msgs/isas_msgs/msg/rosidl_typesupport_introspection_c__visibility_control.h
[0.871s] -- Up-to-date: /home/dsh/Documents/work_logs/code/SFUISE/sfuise_ws/install/isas_msgs/lib/libisas_msgs__rosidl_typesupport_introspection_c.so
[0.876s] -- Up-to-date: /home/dsh/Documents/work_logs/code/SFUISE/sfuise_ws/install/isas_msgs/lib/libisas_msgs__rosidl_typesupport_c.so
[0.877s] -- Up-to-date: /home/dsh/Documents/work_logs/code/SFUISE/sfuise_ws/install/isas_msgs/include/isas_msgs/isas_msgs
[0.877s] -- Up-to-date: /home/dsh/Documents/work_logs/code/SFUISE/sfuise_ws/install/isas_msgs/include/isas_msgs/isas_msgs/msg
[0.877s] -- Up-to-date: /home/dsh/Documents/work_logs/code/SFUISE/sfuise_ws/install/isas_msgs/include/isas_msgs/isas_msgs/msg/detail
[0.877s] -- Up-to-date: /home/dsh/Documents/work_logs/code/SFUISE/sfuise_ws/install/isas_msgs/include/isas_msgs/isas_msgs/msg/detail/anchorlist__rosidl_typesupport_introspection_cpp.hpp
[0.878s] -- Up-to-date: /home/dsh/Documents/work_logs/code/SFUISE/sfuise_ws/install/isas_msgs/include/isas_msgs/isas_msgs/msg/detail/anchor_position__rosidl_typesupport_introspection_cpp.hpp
[0.878s] -- Up-to-date: /home/dsh/Documents/work_logs/code/SFUISE/sfuise_ws/install/isas_msgs/include/isas_msgs/isas_msgs/msg/detail/rtls_range__rosidl_typesupport_introspection_cpp.hpp
[0.878s] -- Up-to-date: /home/dsh/Documents/work_logs/code/SFUISE/sfuise_ws/install/isas_msgs/include/isas_msgs/isas_msgs/msg/detail/rtls_range__type_support.cpp
[0.880s] -- Up-to-date: /home/dsh/Documents/work_logs/code/SFUISE/sfuise_ws/install/isas_msgs/include/isas_msgs/isas_msgs/msg/detail/anchorlist__type_support.cpp
[0.880s] -- Up-to-date: /home/dsh/Documents/work_logs/code/SFUISE/sfuise_ws/install/isas_msgs/include/isas_msgs/isas_msgs/msg/detail/anchor_position__type_support.cpp
[0.880s] -- Up-to-date: /home/dsh/Documents/work_logs/code/SFUISE/sfuise_ws/install/isas_msgs/include/isas_msgs/isas_msgs/msg/detail/rtls_stick__rosidl_typesupport_introspection_cpp.hpp
[0.880s] -- Up-to-date: /home/dsh/Documents/work_logs/code/SFUISE/sfuise_ws/install/isas_msgs/include/isas_msgs/isas_msgs/msg/detail/rtls_stick__type_support.cpp
[0.881s] -- Up-to-date: /home/dsh/Documents/work_logs/code/SFUISE/sfuise_ws/install/isas_msgs/lib/libisas_msgs__rosidl_typesupport_introspection_cpp.so
[0.883s] -- Up-to-date: /home/dsh/Documents/work_logs/code/SFUISE/sfuise_ws/install/isas_msgs/lib/libisas_msgs__rosidl_typesupport_cpp.so
[0.885s] -- Up-to-date: /home/dsh/Documents/work_logs/code/SFUISE/sfuise_ws/install/isas_msgs/share/isas_msgs/environment/pythonpath.sh
[0.886s] -- Up-to-date: /home/dsh/Documents/work_logs/code/SFUISE/sfuise_ws/install/isas_msgs/share/isas_msgs/environment/pythonpath.dsv
[0.886s] -- Up-to-date: /home/dsh/Documents/work_logs/code/SFUISE/sfuise_ws/install/isas_msgs/local/lib/python3.10/dist-packages/isas_msgs-0.0.0-py3.10.egg-info
[0.886s] -- Installing: /home/dsh/Documents/work_logs/code/SFUISE/sfuise_ws/install/isas_msgs/local/lib/python3.10/dist-packages/isas_msgs-0.0.0-py3.10.egg-info/SOURCES.txt
[0.888s] -- Installing: /home/dsh/Documents/work_logs/code/SFUISE/sfuise_ws/install/isas_msgs/local/lib/python3.10/dist-packages/isas_msgs-0.0.0-py3.10.egg-info/PKG-INFO
[0.889s] -- Installing: /home/dsh/Documents/work_logs/code/SFUISE/sfuise_ws/install/isas_msgs/local/lib/python3.10/dist-packages/isas_msgs-0.0.0-py3.10.egg-info/top_level.txt
[0.889s] -- Installing: /home/dsh/Documents/work_logs/code/SFUISE/sfuise_ws/install/isas_msgs/local/lib/python3.10/dist-packages/isas_msgs-0.0.0-py3.10.egg-info/dependency_links.txt
[0.890s] -- Up-to-date: /home/dsh/Documents/work_logs/code/SFUISE/sfuise_ws/install/isas_msgs/local/lib/python3.10/dist-packages/isas_msgs
[0.890s] -- Up-to-date: /home/dsh/Documents/work_logs/code/SFUISE/sfuise_ws/install/isas_msgs/local/lib/python3.10/dist-packages/isas_msgs/libisas_msgs__rosidl_generator_py.so
[0.891s] -- Up-to-date: /home/dsh/Documents/work_logs/code/SFUISE/sfuise_ws/install/isas_msgs/local/lib/python3.10/dist-packages/isas_msgs/isas_msgs_s__rosidl_typesupport_c.cpython-310-x86_64-linux-gnu.so
[0.891s] -- Up-to-date: /home/dsh/Documents/work_logs/code/SFUISE/sfuise_ws/install/isas_msgs/local/lib/python3.10/dist-packages/isas_msgs/_isas_msgs_s.ep.rosidl_typesupport_c.c
[0.891s] -- Up-to-date: /home/dsh/Documents/work_logs/code/SFUISE/sfuise_ws/install/isas_msgs/local/lib/python3.10/dist-packages/isas_msgs/__init__.py
[0.892s] -- Up-to-date: /home/dsh/Documents/work_logs/code/SFUISE/sfuise_ws/install/isas_msgs/local/lib/python3.10/dist-packages/isas_msgs/_isas_msgs_s.ep.rosidl_typesupport_fastrtps_c.c
[0.892s] -- Up-to-date: /home/dsh/Documents/work_logs/code/SFUISE/sfuise_ws/install/isas_msgs/local/lib/python3.10/dist-packages/isas_msgs/msg
[0.892s] -- Up-to-date: /home/dsh/Documents/work_logs/code/SFUISE/sfuise_ws/install/isas_msgs/local/lib/python3.10/dist-packages/isas_msgs/msg/_rtls_range_s.c
[0.892s] -- Up-to-date: /home/dsh/Documents/work_logs/code/SFUISE/sfuise_ws/install/isas_msgs/local/lib/python3.10/dist-packages/isas_msgs/msg/_anchorlist_s.c
[0.892s] -- Up-to-date: /home/dsh/Documents/work_logs/code/SFUISE/sfuise_ws/install/isas_msgs/local/lib/python3.10/dist-packages/isas_msgs/msg/__init__.py
[0.892s] -- Up-to-date: /home/dsh/Documents/work_logs/code/SFUISE/sfuise_ws/install/isas_msgs/local/lib/python3.10/dist-packages/isas_msgs/msg/_rtls_range.py
[0.893s] -- Up-to-date: /home/dsh/Documents/work_logs/code/SFUISE/sfuise_ws/install/isas_msgs/local/lib/python3.10/dist-packages/isas_msgs/msg/_anchor_position_s.c
[0.893s] -- Up-to-date: /home/dsh/Documents/work_logs/code/SFUISE/sfuise_ws/install/isas_msgs/local/lib/python3.10/dist-packages/isas_msgs/msg/_anchor_position.py
[0.893s] -- Up-to-date: /home/dsh/Documents/work_logs/code/SFUISE/sfuise_ws/install/isas_msgs/local/lib/python3.10/dist-packages/isas_msgs/msg/_rtls_stick.py
[0.893s] -- Up-to-date: /home/dsh/Documents/work_logs/code/SFUISE/sfuise_ws/install/isas_msgs/local/lib/python3.10/dist-packages/isas_msgs/msg/_rtls_stick_s.c
[0.894s] -- Up-to-date: /home/dsh/Documents/work_logs/code/SFUISE/sfuise_ws/install/isas_msgs/local/lib/python3.10/dist-packages/isas_msgs/msg/_anchorlist.py
[0.894s] -- Up-to-date: /home/dsh/Documents/work_logs/code/SFUISE/sfuise_ws/install/isas_msgs/local/lib/python3.10/dist-packages/isas_msgs/isas_msgs_s__rosidl_typesupport_fastrtps_c.cpython-310-x86_64-linux-gnu.so
[0.894s] -- Up-to-date: /home/dsh/Documents/work_logs/code/SFUISE/sfuise_ws/install/isas_msgs/local/lib/python3.10/dist-packages/isas_msgs/_isas_msgs_s.ep.rosidl_typesupport_introspection_c.c
[0.894s] -- Up-to-date: /home/dsh/Documents/work_logs/code/SFUISE/sfuise_ws/install/isas_msgs/local/lib/python3.10/dist-packages/isas_msgs/isas_msgs_s__rosidl_typesupport_introspection_c.cpython-310-x86_64-linux-gnu.so
[0.936s] Listing '/home/dsh/Documents/work_logs/code/SFUISE/sfuise_ws/install/isas_msgs/local/lib/python3.10/dist-packages/isas_msgs'...
[0.936s] Listing '/home/dsh/Documents/work_logs/code/SFUISE/sfuise_ws/install/isas_msgs/local/lib/python3.10/dist-packages/isas_msgs/msg'...
[0.938s] -- Up-to-date: /home/dsh/Documents/work_logs/code/SFUISE/sfuise_ws/install/isas_msgs/local/lib/python3.10/dist-packages/isas_msgs/isas_msgs_s__rosidl_typesupport_fastrtps_c.cpython-310-x86_64-linux-gnu.so
[0.938s] -- Up-to-date: /home/dsh/Documents/work_logs/code/SFUISE/sfuise_ws/install/isas_msgs/local/lib/python3.10/dist-packages/isas_msgs/isas_msgs_s__rosidl_typesupport_introspection_c.cpython-310-x86_64-linux-gnu.so
[0.939s] -- Up-to-date: /home/dsh/Documents/work_logs/code/SFUISE/sfuise_ws/install/isas_msgs/local/lib/python3.10/dist-packages/isas_msgs/isas_msgs_s__rosidl_typesupport_c.cpython-310-x86_64-linux-gnu.so
[0.939s] -- Up-to-date: /home/dsh/Documents/work_logs/code/SFUISE/sfuise_ws/install/isas_msgs/lib/libisas_msgs__rosidl_generator_py.so
[0.939s] -- Up-to-date: /home/dsh/Documents/work_logs/code/SFUISE/sfuise_ws/install/isas_msgs/share/isas_msgs/msg/Anchorlist.idl
[0.940s] -- Up-to-date: /home/dsh/Documents/work_logs/code/SFUISE/sfuise_ws/install/isas_msgs/share/isas_msgs/msg/AnchorPosition.idl
[0.940s] -- Up-to-date: /home/dsh/Documents/work_logs/code/SFUISE/sfuise_ws/install/isas_msgs/share/isas_msgs/msg/RTLSRange.idl
[0.941s] -- Up-to-date: /home/dsh/Documents/work_logs/code/SFUISE/sfuise_ws/install/isas_msgs/share/isas_msgs/msg/RTLSStick.idl
[0.941s] -- Up-to-date: /home/dsh/Documents/work_logs/code/SFUISE/sfuise_ws/install/isas_msgs/share/isas_msgs/msg/Anchorlist.msg
[0.941s] -- Up-to-date: /home/dsh/Documents/work_logs/code/SFUISE/sfuise_ws/install/isas_msgs/share/isas_msgs/msg/AnchorPosition.msg
[0.942s] -- Up-to-date: /home/dsh/Documents/work_logs/code/SFUISE/sfuise_ws/install/isas_msgs/share/isas_msgs/msg/RTLSRange.msg
[0.943s] -- Up-to-date: /home/dsh/Documents/work_logs/code/SFUISE/sfuise_ws/install/isas_msgs/share/isas_msgs/msg/RTLSStick.msg
[0.944s] -- Up-to-date: /home/dsh/Documents/work_logs/code/SFUISE/sfuise_ws/install/isas_msgs/share/ament_index/resource_index/package_run_dependencies/isas_msgs
[0.944s] -- Up-to-date: /home/dsh/Documents/work_logs/code/SFUISE/sfuise_ws/install/isas_msgs/share/ament_index/resource_index/parent_prefix_path/isas_msgs
[0.944s] -- Up-to-date: /home/dsh/Documents/work_logs/code/SFUISE/sfuise_ws/install/isas_msgs/share/isas_msgs/environment/ament_prefix_path.sh
[0.944s] -- Up-to-date: /home/dsh/Documents/work_logs/code/SFUISE/sfuise_ws/install/isas_msgs/share/isas_msgs/environment/ament_prefix_path.dsv
[0.945s] -- Up-to-date: /home/dsh/Documents/work_logs/code/SFUISE/sfuise_ws/install/isas_msgs/share/isas_msgs/environment/path.sh
[0.945s] -- Up-to-date: /home/dsh/Documents/work_logs/code/SFUISE/sfuise_ws/install/isas_msgs/share/isas_msgs/environment/path.dsv
[0.946s] -- Up-to-date: /home/dsh/Documents/work_logs/code/SFUISE/sfuise_ws/install/isas_msgs/share/isas_msgs/local_setup.bash
[0.946s] -- Up-to-date: /home/dsh/Documents/work_logs/code/SFUISE/sfuise_ws/install/isas_msgs/share/isas_msgs/local_setup.sh
[0.946s] -- Up-to-date: /home/dsh/Documents/work_logs/code/SFUISE/sfuise_ws/install/isas_msgs/share/isas_msgs/local_setup.zsh
[0.946s] -- Up-to-date: /home/dsh/Documents/work_logs/code/SFUISE/sfuise_ws/install/isas_msgs/share/isas_msgs/local_setup.dsv
[0.946s] -- Installing: /home/dsh/Documents/work_logs/code/SFUISE/sfuise_ws/install/isas_msgs/share/isas_msgs/package.dsv
[0.947s] -- Up-to-date: /home/dsh/Documents/work_logs/code/SFUISE/sfuise_ws/install/isas_msgs/share/ament_index/resource_index/packages/isas_msgs
[0.948s] -- Up-to-date: /home/dsh/Documents/work_logs/code/SFUISE/sfuise_ws/install/isas_msgs/share/isas_msgs/cmake/export_isas_msgs__rosidl_generator_cExport.cmake
[0.948s] -- Up-to-date: /home/dsh/Documents/work_logs/code/SFUISE/sfuise_ws/install/isas_msgs/share/isas_msgs/cmake/export_isas_msgs__rosidl_generator_cExport-noconfig.cmake
[0.948s] -- Up-to-date: /home/dsh/Documents/work_logs/code/SFUISE/sfuise_ws/install/isas_msgs/share/isas_msgs/cmake/export_isas_msgs__rosidl_typesupport_fastrtps_cExport.cmake
[0.948s] -- Up-to-date: /home/dsh/Documents/work_logs/code/SFUISE/sfuise_ws/install/isas_msgs/share/isas_msgs/cmake/export_isas_msgs__rosidl_typesupport_fastrtps_cExport-noconfig.cmake
[0.948s] -- Up-to-date: /home/dsh/Documents/work_logs/code/SFUISE/sfuise_ws/install/isas_msgs/share/isas_msgs/cmake/export_isas_msgs__rosidl_generator_cppExport.cmake
[0.949s] -- Up-to-date: /home/dsh/Documents/work_logs/code/SFUISE/sfuise_ws/install/isas_msgs/share/isas_msgs/cmake/export_isas_msgs__rosidl_typesupport_fastrtps_cppExport.cmake
[0.949s] -- Up-to-date: /home/dsh/Documents/work_logs/code/SFUISE/sfuise_ws/install/isas_msgs/share/isas_msgs/cmake/export_isas_msgs__rosidl_typesupport_fastrtps_cppExport-noconfig.cmake
[0.949s] -- Up-to-date: /home/dsh/Documents/work_logs/code/SFUISE/sfuise_ws/install/isas_msgs/share/isas_msgs/cmake/isas_msgs__rosidl_typesupport_introspection_cExport.cmake
[0.950s] -- Up-to-date: /home/dsh/Documents/work_logs/code/SFUISE/sfuise_ws/install/isas_msgs/share/isas_msgs/cmake/isas_msgs__rosidl_typesupport_introspection_cExport-noconfig.cmake
[0.950s] -- Up-to-date: /home/dsh/Documents/work_logs/code/SFUISE/sfuise_ws/install/isas_msgs/share/isas_msgs/cmake/isas_msgs__rosidl_typesupport_cExport.cmake
[0.950s] -- Up-to-date: /home/dsh/Documents/work_logs/code/SFUISE/sfuise_ws/install/isas_msgs/share/isas_msgs/cmake/isas_msgs__rosidl_typesupport_cExport-noconfig.cmake
[0.950s] -- Up-to-date: /home/dsh/Documents/work_logs/code/SFUISE/sfuise_ws/install/isas_msgs/share/isas_msgs/cmake/isas_msgs__rosidl_typesupport_introspection_cppExport.cmake
[0.950s] -- Up-to-date: /home/dsh/Documents/work_logs/code/SFUISE/sfuise_ws/install/isas_msgs/share/isas_msgs/cmake/isas_msgs__rosidl_typesupport_introspection_cppExport-noconfig.cmake
[0.950s] -- Up-to-date: /home/dsh/Documents/work_logs/code/SFUISE/sfuise_ws/install/isas_msgs/share/isas_msgs/cmake/isas_msgs__rosidl_typesupport_cppExport.cmake
[0.950s] -- Up-to-date: /home/dsh/Documents/work_logs/code/SFUISE/sfuise_ws/install/isas_msgs/share/isas_msgs/cmake/isas_msgs__rosidl_typesupport_cppExport-noconfig.cmake
[0.950s] -- Up-to-date: /home/dsh/Documents/work_logs/code/SFUISE/sfuise_ws/install/isas_msgs/share/isas_msgs/cmake/export_isas_msgs__rosidl_generator_pyExport.cmake
[0.951s] -- Up-to-date: /home/dsh/Documents/work_logs/code/SFUISE/sfuise_ws/install/isas_msgs/share/isas_msgs/cmake/export_isas_msgs__rosidl_generator_pyExport-noconfig.cmake
[0.951s] -- Up-to-date: /home/dsh/Documents/work_logs/code/SFUISE/sfuise_ws/install/isas_msgs/share/isas_msgs/cmake/rosidl_cmake-extras.cmake
[0.951s] -- Up-to-date: /home/dsh/Documents/work_logs/code/SFUISE/sfuise_ws/install/isas_msgs/share/isas_msgs/cmake/ament_cmake_export_dependencies-extras.cmake
[0.951s] -- Up-to-date: /home/dsh/Documents/work_logs/code/SFUISE/sfuise_ws/install/isas_msgs/share/isas_msgs/cmake/ament_cmake_export_include_directories-extras.cmake
[0.951s] -- Up-to-date: /home/dsh/Documents/work_logs/code/SFUISE/sfuise_ws/install/isas_msgs/share/isas_msgs/cmake/ament_cmake_export_libraries-extras.cmake
[0.951s] -- Up-to-date: /home/dsh/Documents/work_logs/code/SFUISE/sfuise_ws/install/isas_msgs/share/isas_msgs/cmake/ament_cmake_export_targets-extras.cmake
[0.951s] -- Up-to-date: /home/dsh/Documents/work_logs/code/SFUISE/sfuise_ws/install/isas_msgs/share/isas_msgs/cmake/rosidl_cmake_export_typesupport_targets-extras.cmake
[0.951s] -- Up-to-date: /home/dsh/Documents/work_logs/code/SFUISE/sfuise_ws/install/isas_msgs/share/isas_msgs/cmake/rosidl_cmake_export_typesupport_libraries-extras.cmake
[0.952s] -- Up-to-date: /home/dsh/Documents/work_logs/code/SFUISE/sfuise_ws/install/isas_msgs/share/isas_msgs/cmake/isas_msgsConfig.cmake
[0.952s] -- Up-to-date: /home/dsh/Documents/work_logs/code/SFUISE/sfuise_ws/install/isas_msgs/share/isas_msgs/cmake/isas_msgsConfig-version.cmake
[0.952s] -- Up-to-date: /home/dsh/Documents/work_logs/code/SFUISE/sfuise_ws/install/isas_msgs/share/isas_msgs/package.xml
[0.962s] Invoked command in '/home/dsh/Documents/work_logs/code/SFUISE/sfuise_ws/build/isas_msgs' returned '0': CMAKE_PREFIX_PATH=/opt/ros/humble /usr/bin/cmake --install /home/dsh/Documents/work_logs/code/SFUISE/sfuise_ws/build/isas_msgs
