[35m[1mConsolidate compiler generated dependencies of target SplineFusion[0m
[ 50%] Built target EstimationInterface
[ 75%] [32mBuilding CXX object CMakeFiles/SplineFusion.dir/src/SplineFusion.cpp.o[0m
In file included from [01m[K/opt/ros/humble/include/rclcpp/rclcpp/client.hpp:40[m[K,
                 from [01m[K/opt/ros/humble/include/rclcpp/rclcpp/callback_group.hpp:24[m[K,
                 from [01m[K/opt/ros/humble/include/rclcpp/rclcpp/any_executable.hpp:20[m[K,
                 from [01m[K/opt/ros/humble/include/rclcpp/rclcpp/memory_strategy.hpp:25[m[K,
                 from [01m[K/opt/ros/humble/include/rclcpp/rclcpp/memory_strategies.hpp:18[m[K,
                 from [01m[K/opt/ros/humble/include/rclcpp/rclcpp/executor_options.hpp:20[m[K,
                 from [01m[K/opt/ros/humble/include/rclcpp/rclcpp/executor.hpp:37[m[K,
                 from [01m[K/opt/ros/humble/include/rclcpp/rclcpp/executors/multi_threaded_executor.hpp:25[m[K,
                 from [01m[K/opt/ros/humble/include/rclcpp/rclcpp/executors.hpp:21[m[K,
                 from [01m[K/opt/ros/humble/include/rclcpp/rclcpp/rclcpp.hpp:155[m[K,
                 from [01m[K/home/dsh/Documents/work_logs/code/SFUISE/sfuise_ws/src/sfuise/src/SplineFusion.cpp:1[m[K:
[01m[K/home/dsh/Documents/work_logs/code/SFUISE/sfuise_ws/src/sfuise/src/SplineFusion.cpp:[m[K In function ‘[01m[Kint main(int, char**)[m[K’:
[01m[K/home/dsh/Documents/work_logs/code/SFUISE/sfuise_ws/src/sfuise/src/SplineFusion.cpp:743:28:[m[K [01;31m[Kerror: [m[Kinvalid use of ‘[01m[Kthis[m[K’ in non-member function
  743 |         RCLCPP_INFO_STREAM([01;31m[Kthis[m[K->get_logger(), "Publishing: 00000000000000 ");
      |                            [01;31m[K^~~~[m[K
[01m[K/home/dsh/Documents/work_logs/code/SFUISE/sfuise_ws/src/sfuise/src/SplineFusion.cpp:743:28:[m[K [01;31m[Kerror: [m[Kinvalid use of ‘[01m[Kthis[m[K’ in non-member function
[01m[K/home/dsh/Documents/work_logs/code/SFUISE/sfuise_ws/src/sfuise/src/SplineFusion.cpp:743:9:[m[K [01;31m[Kerror: [m[Ktemplate argument 1 is invalid
  743 |         [01;31m[KRCLCPP_INFO_STREAM[m[K(this->get_logger(), "Publishing: 00000000000000 ");
      |         [01;31m[K^~~~~~~~~~~~~~~~~~[m[K
[01m[K/home/dsh/Documents/work_logs/code/SFUISE/sfuise_ws/src/sfuise/src/SplineFusion.cpp:743:9:[m[K [01;31m[Kerror: [m[Ktemplate argument 1 is invalid
  743 |         [01;31m[KRCLCPP_INFO_STREAM[m[K(this->get_logger(), "Publishing: 00000000000000 ");
      |         [01;31m[K^~~~~~~~~~~~~~~~~~[m[K
[01m[K/home/dsh/Documents/work_logs/code/SFUISE/sfuise_ws/src/sfuise/src/SplineFusion.cpp:743:9:[m[K [01;31m[Kerror: [m[Ktemplate argument 1 is invalid
  743 |         [01;31m[KRCLCPP_INFO_STREAM[m[K(this->get_logger(), "Publishing: 00000000000000 ");
      |         [01;31m[K^~~~~~~~~~~~~~~~~~[m[K
In file included from [01m[K/opt/ros/humble/include/rclcpp/rclcpp/logging.hpp:24[m[K,
                 from [01m[K/opt/ros/humble/include/rclcpp/rclcpp/client.hpp:40[m[K,
                 from [01m[K/opt/ros/humble/include/rclcpp/rclcpp/callback_group.hpp:24[m[K,
                 from [01m[K/opt/ros/humble/include/rclcpp/rclcpp/any_executable.hpp:20[m[K,
                 from [01m[K/opt/ros/humble/include/rclcpp/rclcpp/memory_strategy.hpp:25[m[K,
                 from [01m[K/opt/ros/humble/include/rclcpp/rclcpp/memory_strategies.hpp:18[m[K,
                 from [01m[K/opt/ros/humble/include/rclcpp/rclcpp/executor_options.hpp:20[m[K,
                 from [01m[K/opt/ros/humble/include/rclcpp/rclcpp/executor.hpp:37[m[K,
                 from [01m[K/opt/ros/humble/include/rclcpp/rclcpp/executors/multi_threaded_executor.hpp:25[m[K,
                 from [01m[K/opt/ros/humble/include/rclcpp/rclcpp/executors.hpp:21[m[K,
                 from [01m[K/opt/ros/humble/include/rclcpp/rclcpp/rclcpp.hpp:155[m[K,
                 from [01m[K/home/dsh/Documents/work_logs/code/SFUISE/sfuise_ws/src/sfuise/src/SplineFusion.cpp:1[m[K:
[01m[K/home/dsh/Documents/work_logs/code/SFUISE/sfuise_ws/src/sfuise/src/SplineFusion.cpp:743:28:[m[K [01;31m[Kerror: [m[Kinvalid use of ‘[01m[Kthis[m[K’ in non-member function
  743 |         RCLCPP_INFO_STREAM([01;31m[Kthis[m[K->get_logger(), "Publishing: 00000000000000 ");
      |                            [01;31m[K^~~~[m[K
[01m[K/home/dsh/Documents/work_logs/code/SFUISE/sfuise_ws/src/sfuise/src/SplineFusion.cpp:743:28:[m[K [01;31m[Kerror: [m[Kinvalid use of ‘[01m[Kthis[m[K’ in non-member function
  743 |         RCLCPP_INFO_STREAM([01;31m[Kthis[m[K->get_logger(), "Publishing: 00000000000000 ");
      |                            [01;31m[K^~~~[m[K
gmake[2]: *** [CMakeFiles/SplineFusion.dir/build.make:76: CMakeFiles/SplineFusion.dir/src/SplineFusion.cpp.o] Error 1
gmake[1]: *** [CMakeFiles/Makefile2:165: CMakeFiles/SplineFusion.dir/all] Error 2
gmake: *** [Makefile:146: all] Error 2
