[35m[1mConsolidate compiler generated dependencies of target EstimationInterface[0m
[35m[1mConsolidate compiler generated dependencies of target SplineFusion[0m
[ 25%] [32mBuilding CXX object CMakeFiles/SplineFusion.dir/src/SplineFusion.cpp.o[0m
[ 50%] [32mBuilding CXX object CMakeFiles/EstimationInterface.dir/src/EstimationInterface.cpp.o[0m
[ 75%] [32m[1mLinking CXX executable SplineFusion[0m
[ 75%] Built target SplineFusion
[100%] [32m[1mLinking CXX executable EstimationInterface[0m
[100%] Built target EstimationInterface
-- Install configuration: ""
-- Installing: /home/dsh/Documents/work_logs/code/SFUISE/sfuise_ws/install/sfuise/lib/sfuise/EstimationInterface
-- Set runtime path of "/home/dsh/Documents/work_logs/code/SFUISE/sfuise_ws/install/sfuise/lib/sfuise/EstimationInterface" to ""
-- Installing: /home/dsh/Documents/work_logs/code/SFUISE/sfuise_ws/install/sfuise/lib/sfuise/SplineFusion
-- Set runtime path of "/home/dsh/Documents/work_logs/code/SFUISE/sfuise_ws/install/sfuise/lib/sfuise/SplineFusion" to ""
-- Up-to-date: /home/dsh/Documents/work_logs/code/SFUISE/sfuise_ws/install/sfuise/share/sfuise//launch
-- Up-to-date: /home/dsh/Documents/work_logs/code/SFUISE/sfuise_ws/install/sfuise/share/sfuise//launch/sfuise_test_isas-walk1.launch
-- Up-to-date: /home/dsh/Documents/work_logs/code/SFUISE/sfuise_ws/install/sfuise/share/sfuise//launch/sfuise_test_isas-walk3.launch
-- Up-to-date: /home/dsh/Documents/work_logs/code/SFUISE/sfuise_ws/install/sfuise/share/sfuise//launch/sfuise_test_isas-walk2.launch
-- Up-to-date: /home/dsh/Documents/work_logs/code/SFUISE/sfuise_ws/install/sfuise/share/sfuise//launch/sfuise_test_util.launch
-- Up-to-date: /home/dsh/Documents/work_logs/code/SFUISE/sfuise_ws/install/sfuise/share/ament_index/resource_index/package_run_dependencies/sfuise
-- Up-to-date: /home/dsh/Documents/work_logs/code/SFUISE/sfuise_ws/install/sfuise/share/ament_index/resource_index/parent_prefix_path/sfuise
-- Up-to-date: /home/dsh/Documents/work_logs/code/SFUISE/sfuise_ws/install/sfuise/share/sfuise/environment/ament_prefix_path.sh
-- Up-to-date: /home/dsh/Documents/work_logs/code/SFUISE/sfuise_ws/install/sfuise/share/sfuise/environment/ament_prefix_path.dsv
-- Up-to-date: /home/dsh/Documents/work_logs/code/SFUISE/sfuise_ws/install/sfuise/share/sfuise/environment/path.sh
-- Up-to-date: /home/dsh/Documents/work_logs/code/SFUISE/sfuise_ws/install/sfuise/share/sfuise/environment/path.dsv
-- Up-to-date: /home/dsh/Documents/work_logs/code/SFUISE/sfuise_ws/install/sfuise/share/sfuise/local_setup.bash
-- Up-to-date: /home/dsh/Documents/work_logs/code/SFUISE/sfuise_ws/install/sfuise/share/sfuise/local_setup.sh
-- Up-to-date: /home/dsh/Documents/work_logs/code/SFUISE/sfuise_ws/install/sfuise/share/sfuise/local_setup.zsh
-- Up-to-date: /home/dsh/Documents/work_logs/code/SFUISE/sfuise_ws/install/sfuise/share/sfuise/local_setup.dsv
-- Installing: /home/dsh/Documents/work_logs/code/SFUISE/sfuise_ws/install/sfuise/share/sfuise/package.dsv
-- Up-to-date: /home/dsh/Documents/work_logs/code/SFUISE/sfuise_ws/install/sfuise/share/ament_index/resource_index/packages/sfuise
-- Up-to-date: /home/dsh/Documents/work_logs/code/SFUISE/sfuise_ws/install/sfuise/share/sfuise/cmake/sfuiseConfig.cmake
-- Up-to-date: /home/dsh/Documents/work_logs/code/SFUISE/sfuise_ws/install/sfuise/share/sfuise/cmake/sfuiseConfig-version.cmake
-- Up-to-date: /home/dsh/Documents/work_logs/code/SFUISE/sfuise_ws/install/sfuise/share/sfuise/package.xml
