[0.034s] Invoking command in '/home/dsh/Documents/work_logs/code/SFUISE/sfuise_ws/build/sfuise_msgs': CMAKE_PREFIX_PATH=${CMAKE_PREFIX_PATH}:/opt/ros/humble /usr/bin/cmake --build /home/dsh/Documents/work_logs/code/SFUISE/sfuise_ws/build/sfuise_msgs -- -j20 -l20
[0.157s] [ 11%] Built target sfuise_msgs__rosidl_generator_c
[0.160s] [ 12%] Built target sfuise_msgs__cpp
[0.185s] [ 12%] Built target ament_cmake_python_copy_sfuise_msgs
[0.237s] [ 23%] Built target sfuise_msgs__rosidl_typesupport_introspection_c
[0.239s] [ 34%] Built target sfuise_msgs__rosidl_typesupport_fastrtps_c
[0.243s] [ 46%] Built target sfuise_msgs__rosidl_typesupport_c
[0.246s] [ 57%] Built target sfuise_msgs__rosidl_typesupport_introspection_cpp
[0.269s] [ 68%] Built target sfuise_msgs__rosidl_typesupport_fastrtps_cpp
[0.270s] [ 79%] Built target sfuise_msgs__rosidl_typesupport_cpp
[0.323s] [ 79%] Built target sfuise_msgs
[0.387s] [ 80%] Built target sfuise_msgs__py
[0.443s] [ 90%] Built target sfuise_msgs__rosidl_generator_py
[0.499s] [ 93%] Built target sfuise_msgs__rosidl_typesupport_fastrtps_c__pyext
[0.512s] [100%] Built target sfuise_msgs__rosidl_typesupport_c__pyext
[0.513s] [100%] Built target sfuise_msgs__rosidl_typesupport_introspection_c__pyext
[0.839s] running egg_info
[0.841s] writing sfuise_msgs.egg-info/PKG-INFO
[0.841s] writing dependency_links to sfuise_msgs.egg-info/dependency_links.txt
[0.841s] writing top-level names to sfuise_msgs.egg-info/top_level.txt
[0.848s] reading manifest file 'sfuise_msgs.egg-info/SOURCES.txt'
[0.849s] writing manifest file 'sfuise_msgs.egg-info/SOURCES.txt'
[0.924s] [100%] Built target ament_cmake_python_build_sfuise_msgs_egg
[0.956s] Invoked command in '/home/dsh/Documents/work_logs/code/SFUISE/sfuise_ws/build/sfuise_msgs' returned '0': CMAKE_PREFIX_PATH=${CMAKE_PREFIX_PATH}:/opt/ros/humble /usr/bin/cmake --build /home/dsh/Documents/work_logs/code/SFUISE/sfuise_ws/build/sfuise_msgs -- -j20 -l20
[0.984s] Invoking command in '/home/dsh/Documents/work_logs/code/SFUISE/sfuise_ws/build/sfuise_msgs': CMAKE_PREFIX_PATH=${CMAKE_PREFIX_PATH}:/opt/ros/humble /usr/bin/cmake --install /home/dsh/Documents/work_logs/code/SFUISE/sfuise_ws/build/sfuise_msgs
[1.007s] -- Install configuration: ""
[1.008s] -- Up-to-date: /home/dsh/Documents/work_logs/code/SFUISE/sfuise_ws/install/sfuise_msgs/share/ament_index/resource_index/rosidl_interfaces/sfuise_msgs
[1.009s] -- Up-to-date: /home/dsh/Documents/work_logs/code/SFUISE/sfuise_ws/install/sfuise_msgs/include/sfuise_msgs/sfuise_msgs
[1.009s] -- Up-to-date: /home/dsh/Documents/work_logs/code/SFUISE/sfuise_ws/install/sfuise_msgs/include/sfuise_msgs/sfuise_msgs/msg
[1.009s] -- Up-to-date: /home/dsh/Documents/work_logs/code/SFUISE/sfuise_ws/install/sfuise_msgs/include/sfuise_msgs/sfuise_msgs/msg/offset.h
[1.010s] -- Up-to-date: /home/dsh/Documents/work_logs/code/SFUISE/sfuise_ws/install/sfuise_msgs/include/sfuise_msgs/sfuise_msgs/msg/knot.h
[1.010s] -- Up-to-date: /home/dsh/Documents/work_logs/code/SFUISE/sfuise_ws/install/sfuise_msgs/include/sfuise_msgs/sfuise_msgs/msg/detail
[1.010s] -- Up-to-date: /home/dsh/Documents/work_logs/code/SFUISE/sfuise_ws/install/sfuise_msgs/include/sfuise_msgs/sfuise_msgs/msg/detail/estimate__functions.c
[1.011s] -- Up-to-date: /home/dsh/Documents/work_logs/code/SFUISE/sfuise_ws/install/sfuise_msgs/include/sfuise_msgs/sfuise_msgs/msg/detail/knot__functions.h
[1.011s] -- Up-to-date: /home/dsh/Documents/work_logs/code/SFUISE/sfuise_ws/install/sfuise_msgs/include/sfuise_msgs/sfuise_msgs/msg/detail/knot__functions.c
[1.012s] -- Up-to-date: /home/dsh/Documents/work_logs/code/SFUISE/sfuise_ws/install/sfuise_msgs/include/sfuise_msgs/sfuise_msgs/msg/detail/offset__functions.h
[1.013s] -- Up-to-date: /home/dsh/Documents/work_logs/code/SFUISE/sfuise_ws/install/sfuise_msgs/include/sfuise_msgs/sfuise_msgs/msg/detail/offset__struct.h
[1.013s] -- Up-to-date: /home/dsh/Documents/work_logs/code/SFUISE/sfuise_ws/install/sfuise_msgs/include/sfuise_msgs/sfuise_msgs/msg/detail/estimate__functions.h
[1.014s] -- Up-to-date: /home/dsh/Documents/work_logs/code/SFUISE/sfuise_ws/install/sfuise_msgs/include/sfuise_msgs/sfuise_msgs/msg/detail/offset__type_support.h
[1.014s] -- Up-to-date: /home/dsh/Documents/work_logs/code/SFUISE/sfuise_ws/install/sfuise_msgs/include/sfuise_msgs/sfuise_msgs/msg/detail/knot__struct.h
[1.015s] -- Up-to-date: /home/dsh/Documents/work_logs/code/SFUISE/sfuise_ws/install/sfuise_msgs/include/sfuise_msgs/sfuise_msgs/msg/detail/spline__struct.h
[1.015s] -- Up-to-date: /home/dsh/Documents/work_logs/code/SFUISE/sfuise_ws/install/sfuise_msgs/include/sfuise_msgs/sfuise_msgs/msg/detail/calib__functions.c
[1.015s] -- Up-to-date: /home/dsh/Documents/work_logs/code/SFUISE/sfuise_ws/install/sfuise_msgs/include/sfuise_msgs/sfuise_msgs/msg/detail/spline__functions.h
[1.015s] -- Up-to-date: /home/dsh/Documents/work_logs/code/SFUISE/sfuise_ws/install/sfuise_msgs/include/sfuise_msgs/sfuise_msgs/msg/detail/estimate__type_support.h
[1.016s] -- Up-to-date: /home/dsh/Documents/work_logs/code/SFUISE/sfuise_ws/install/sfuise_msgs/include/sfuise_msgs/sfuise_msgs/msg/detail/knot__type_support.h
[1.017s] -- Up-to-date: /home/dsh/Documents/work_logs/code/SFUISE/sfuise_ws/install/sfuise_msgs/include/sfuise_msgs/sfuise_msgs/msg/detail/estimate__struct.h
[1.019s] -- Up-to-date: /home/dsh/Documents/work_logs/code/SFUISE/sfuise_ws/install/sfuise_msgs/include/sfuise_msgs/sfuise_msgs/msg/detail/calib__functions.h
[1.020s] -- Up-to-date: /home/dsh/Documents/work_logs/code/SFUISE/sfuise_ws/install/sfuise_msgs/include/sfuise_msgs/sfuise_msgs/msg/detail/spline__functions.c
[1.020s] -- Up-to-date: /home/dsh/Documents/work_logs/code/SFUISE/sfuise_ws/install/sfuise_msgs/include/sfuise_msgs/sfuise_msgs/msg/detail/calib__struct.h
[1.021s] -- Up-to-date: /home/dsh/Documents/work_logs/code/SFUISE/sfuise_ws/install/sfuise_msgs/include/sfuise_msgs/sfuise_msgs/msg/detail/calib__type_support.h
[1.021s] -- Up-to-date: /home/dsh/Documents/work_logs/code/SFUISE/sfuise_ws/install/sfuise_msgs/include/sfuise_msgs/sfuise_msgs/msg/detail/spline__type_support.h
[1.021s] -- Up-to-date: /home/dsh/Documents/work_logs/code/SFUISE/sfuise_ws/install/sfuise_msgs/include/sfuise_msgs/sfuise_msgs/msg/detail/offset__functions.c
[1.022s] -- Up-to-date: /home/dsh/Documents/work_logs/code/SFUISE/sfuise_ws/install/sfuise_msgs/include/sfuise_msgs/sfuise_msgs/msg/spline.h
[1.022s] -- Up-to-date: /home/dsh/Documents/work_logs/code/SFUISE/sfuise_ws/install/sfuise_msgs/include/sfuise_msgs/sfuise_msgs/msg/rosidl_generator_c__visibility_control.h
[1.022s] -- Up-to-date: /home/dsh/Documents/work_logs/code/SFUISE/sfuise_ws/install/sfuise_msgs/include/sfuise_msgs/sfuise_msgs/msg/estimate.h
[1.023s] -- Up-to-date: /home/dsh/Documents/work_logs/code/SFUISE/sfuise_ws/install/sfuise_msgs/include/sfuise_msgs/sfuise_msgs/msg/calib.h
[1.023s] -- Up-to-date: /home/dsh/Documents/work_logs/code/SFUISE/sfuise_ws/install/sfuise_msgs/share/sfuise_msgs/environment/library_path.sh
[1.024s] -- Up-to-date: /home/dsh/Documents/work_logs/code/SFUISE/sfuise_ws/install/sfuise_msgs/share/sfuise_msgs/environment/library_path.dsv
[1.024s] -- Up-to-date: /home/dsh/Documents/work_logs/code/SFUISE/sfuise_ws/install/sfuise_msgs/lib/libsfuise_msgs__rosidl_generator_c.so
[1.024s] -- Up-to-date: /home/dsh/Documents/work_logs/code/SFUISE/sfuise_ws/install/sfuise_msgs/include/sfuise_msgs/sfuise_msgs
[1.024s] -- Up-to-date: /home/dsh/Documents/work_logs/code/SFUISE/sfuise_ws/install/sfuise_msgs/include/sfuise_msgs/sfuise_msgs/msg
[1.025s] -- Up-to-date: /home/dsh/Documents/work_logs/code/SFUISE/sfuise_ws/install/sfuise_msgs/include/sfuise_msgs/sfuise_msgs/msg/rosidl_typesupport_fastrtps_c__visibility_control.h
[1.025s] -- Up-to-date: /home/dsh/Documents/work_logs/code/SFUISE/sfuise_ws/install/sfuise_msgs/include/sfuise_msgs/sfuise_msgs/msg/detail
[1.025s] -- Up-to-date: /home/dsh/Documents/work_logs/code/SFUISE/sfuise_ws/install/sfuise_msgs/include/sfuise_msgs/sfuise_msgs/msg/detail/knot__rosidl_typesupport_fastrtps_c.h
[1.026s] -- Up-to-date: /home/dsh/Documents/work_logs/code/SFUISE/sfuise_ws/install/sfuise_msgs/include/sfuise_msgs/sfuise_msgs/msg/detail/estimate__rosidl_typesupport_fastrtps_c.h
[1.026s] -- Up-to-date: /home/dsh/Documents/work_logs/code/SFUISE/sfuise_ws/install/sfuise_msgs/include/sfuise_msgs/sfuise_msgs/msg/detail/calib__rosidl_typesupport_fastrtps_c.h
[1.027s] -- Up-to-date: /home/dsh/Documents/work_logs/code/SFUISE/sfuise_ws/install/sfuise_msgs/include/sfuise_msgs/sfuise_msgs/msg/detail/spline__rosidl_typesupport_fastrtps_c.h
[1.028s] -- Up-to-date: /home/dsh/Documents/work_logs/code/SFUISE/sfuise_ws/install/sfuise_msgs/include/sfuise_msgs/sfuise_msgs/msg/detail/offset__rosidl_typesupport_fastrtps_c.h
[1.028s] -- Up-to-date: /home/dsh/Documents/work_logs/code/SFUISE/sfuise_ws/install/sfuise_msgs/lib/libsfuise_msgs__rosidl_typesupport_fastrtps_c.so
[1.029s] -- Up-to-date: /home/dsh/Documents/work_logs/code/SFUISE/sfuise_ws/install/sfuise_msgs/include/sfuise_msgs/sfuise_msgs
[1.029s] -- Up-to-date: /home/dsh/Documents/work_logs/code/SFUISE/sfuise_ws/install/sfuise_msgs/include/sfuise_msgs/sfuise_msgs/msg
[1.029s] -- Up-to-date: /home/dsh/Documents/work_logs/code/SFUISE/sfuise_ws/install/sfuise_msgs/include/sfuise_msgs/sfuise_msgs/msg/knot.hpp
[1.030s] -- Up-to-date: /home/dsh/Documents/work_logs/code/SFUISE/sfuise_ws/install/sfuise_msgs/include/sfuise_msgs/sfuise_msgs/msg/detail
[1.030s] -- Up-to-date: /home/dsh/Documents/work_logs/code/SFUISE/sfuise_ws/install/sfuise_msgs/include/sfuise_msgs/sfuise_msgs/msg/detail/calib__builder.hpp
[1.031s] -- Up-to-date: /home/dsh/Documents/work_logs/code/SFUISE/sfuise_ws/install/sfuise_msgs/include/sfuise_msgs/sfuise_msgs/msg/detail/offset__type_support.hpp
[1.031s] -- Up-to-date: /home/dsh/Documents/work_logs/code/SFUISE/sfuise_ws/install/sfuise_msgs/include/sfuise_msgs/sfuise_msgs/msg/detail/spline__struct.hpp
[1.031s] -- Up-to-date: /home/dsh/Documents/work_logs/code/SFUISE/sfuise_ws/install/sfuise_msgs/include/sfuise_msgs/sfuise_msgs/msg/detail/spline__builder.hpp
[1.032s] -- Up-to-date: /home/dsh/Documents/work_logs/code/SFUISE/sfuise_ws/install/sfuise_msgs/include/sfuise_msgs/sfuise_msgs/msg/detail/knot__type_support.hpp
[1.032s] -- Up-to-date: /home/dsh/Documents/work_logs/code/SFUISE/sfuise_ws/install/sfuise_msgs/include/sfuise_msgs/sfuise_msgs/msg/detail/calib__traits.hpp
[1.032s] -- Up-to-date: /home/dsh/Documents/work_logs/code/SFUISE/sfuise_ws/install/sfuise_msgs/include/sfuise_msgs/sfuise_msgs/msg/detail/spline__traits.hpp
[1.033s] -- Up-to-date: /home/dsh/Documents/work_logs/code/SFUISE/sfuise_ws/install/sfuise_msgs/include/sfuise_msgs/sfuise_msgs/msg/detail/offset__traits.hpp
[1.033s] -- Up-to-date: /home/dsh/Documents/work_logs/code/SFUISE/sfuise_ws/install/sfuise_msgs/include/sfuise_msgs/sfuise_msgs/msg/detail/offset__builder.hpp
[1.033s] -- Up-to-date: /home/dsh/Documents/work_logs/code/SFUISE/sfuise_ws/install/sfuise_msgs/include/sfuise_msgs/sfuise_msgs/msg/detail/estimate__struct.hpp
[1.033s] -- Up-to-date: /home/dsh/Documents/work_logs/code/SFUISE/sfuise_ws/install/sfuise_msgs/include/sfuise_msgs/sfuise_msgs/msg/detail/knot__builder.hpp
[1.033s] -- Up-to-date: /home/dsh/Documents/work_logs/code/SFUISE/sfuise_ws/install/sfuise_msgs/include/sfuise_msgs/sfuise_msgs/msg/detail/calib__struct.hpp
[1.034s] -- Up-to-date: /home/dsh/Documents/work_logs/code/SFUISE/sfuise_ws/install/sfuise_msgs/include/sfuise_msgs/sfuise_msgs/msg/detail/calib__type_support.hpp
[1.034s] -- Up-to-date: /home/dsh/Documents/work_logs/code/SFUISE/sfuise_ws/install/sfuise_msgs/include/sfuise_msgs/sfuise_msgs/msg/detail/knot__traits.hpp
[1.034s] -- Up-to-date: /home/dsh/Documents/work_logs/code/SFUISE/sfuise_ws/install/sfuise_msgs/include/sfuise_msgs/sfuise_msgs/msg/detail/estimate__type_support.hpp
[1.035s] -- Up-to-date: /home/dsh/Documents/work_logs/code/SFUISE/sfuise_ws/install/sfuise_msgs/include/sfuise_msgs/sfuise_msgs/msg/detail/estimate__traits.hpp
[1.035s] -- Up-to-date: /home/dsh/Documents/work_logs/code/SFUISE/sfuise_ws/install/sfuise_msgs/include/sfuise_msgs/sfuise_msgs/msg/detail/spline__type_support.hpp
[1.036s] -- Up-to-date: /home/dsh/Documents/work_logs/code/SFUISE/sfuise_ws/install/sfuise_msgs/include/sfuise_msgs/sfuise_msgs/msg/detail/knot__struct.hpp
[1.036s] -- Up-to-date: /home/dsh/Documents/work_logs/code/SFUISE/sfuise_ws/install/sfuise_msgs/include/sfuise_msgs/sfuise_msgs/msg/detail/estimate__builder.hpp
[1.036s] -- Up-to-date: /home/dsh/Documents/work_logs/code/SFUISE/sfuise_ws/install/sfuise_msgs/include/sfuise_msgs/sfuise_msgs/msg/detail/offset__struct.hpp
[1.037s] -- Up-to-date: /home/dsh/Documents/work_logs/code/SFUISE/sfuise_ws/install/sfuise_msgs/include/sfuise_msgs/sfuise_msgs/msg/spline.hpp
[1.037s] -- Up-to-date: /home/dsh/Documents/work_logs/code/SFUISE/sfuise_ws/install/sfuise_msgs/include/sfuise_msgs/sfuise_msgs/msg/calib.hpp
[1.037s] -- Up-to-date: /home/dsh/Documents/work_logs/code/SFUISE/sfuise_ws/install/sfuise_msgs/include/sfuise_msgs/sfuise_msgs/msg/estimate.hpp
[1.037s] -- Up-to-date: /home/dsh/Documents/work_logs/code/SFUISE/sfuise_ws/install/sfuise_msgs/include/sfuise_msgs/sfuise_msgs/msg/offset.hpp
[1.037s] -- Up-to-date: /home/dsh/Documents/work_logs/code/SFUISE/sfuise_ws/install/sfuise_msgs/include/sfuise_msgs/sfuise_msgs/msg/rosidl_generator_cpp__visibility_control.hpp
[1.038s] -- Up-to-date: /home/dsh/Documents/work_logs/code/SFUISE/sfuise_ws/install/sfuise_msgs/include/sfuise_msgs/sfuise_msgs
[1.038s] -- Up-to-date: /home/dsh/Documents/work_logs/code/SFUISE/sfuise_ws/install/sfuise_msgs/include/sfuise_msgs/sfuise_msgs/msg
[1.038s] -- Up-to-date: /home/dsh/Documents/work_logs/code/SFUISE/sfuise_ws/install/sfuise_msgs/include/sfuise_msgs/sfuise_msgs/msg/detail
[1.039s] -- Up-to-date: /home/dsh/Documents/work_logs/code/SFUISE/sfuise_ws/install/sfuise_msgs/include/sfuise_msgs/sfuise_msgs/msg/detail/offset__rosidl_typesupport_fastrtps_cpp.hpp
[1.039s] -- Up-to-date: /home/dsh/Documents/work_logs/code/SFUISE/sfuise_ws/install/sfuise_msgs/include/sfuise_msgs/sfuise_msgs/msg/detail/dds_fastrtps
[1.039s] -- Up-to-date: /home/dsh/Documents/work_logs/code/SFUISE/sfuise_ws/install/sfuise_msgs/include/sfuise_msgs/sfuise_msgs/msg/detail/calib__rosidl_typesupport_fastrtps_cpp.hpp
[1.040s] -- Up-to-date: /home/dsh/Documents/work_logs/code/SFUISE/sfuise_ws/install/sfuise_msgs/include/sfuise_msgs/sfuise_msgs/msg/detail/spline__rosidl_typesupport_fastrtps_cpp.hpp
[1.040s] -- Up-to-date: /home/dsh/Documents/work_logs/code/SFUISE/sfuise_ws/install/sfuise_msgs/include/sfuise_msgs/sfuise_msgs/msg/detail/estimate__rosidl_typesupport_fastrtps_cpp.hpp
[1.040s] -- Up-to-date: /home/dsh/Documents/work_logs/code/SFUISE/sfuise_ws/install/sfuise_msgs/include/sfuise_msgs/sfuise_msgs/msg/detail/knot__rosidl_typesupport_fastrtps_cpp.hpp
[1.041s] -- Up-to-date: /home/dsh/Documents/work_logs/code/SFUISE/sfuise_ws/install/sfuise_msgs/include/sfuise_msgs/sfuise_msgs/msg/rosidl_typesupport_fastrtps_cpp__visibility_control.h
[1.041s] -- Up-to-date: /home/dsh/Documents/work_logs/code/SFUISE/sfuise_ws/install/sfuise_msgs/lib/libsfuise_msgs__rosidl_typesupport_fastrtps_cpp.so
[1.042s] -- Up-to-date: /home/dsh/Documents/work_logs/code/SFUISE/sfuise_ws/install/sfuise_msgs/include/sfuise_msgs/sfuise_msgs
[1.042s] -- Up-to-date: /home/dsh/Documents/work_logs/code/SFUISE/sfuise_ws/install/sfuise_msgs/include/sfuise_msgs/sfuise_msgs/msg
[1.042s] -- Up-to-date: /home/dsh/Documents/work_logs/code/SFUISE/sfuise_ws/install/sfuise_msgs/include/sfuise_msgs/sfuise_msgs/msg/detail
[1.042s] -- Up-to-date: /home/dsh/Documents/work_logs/code/SFUISE/sfuise_ws/install/sfuise_msgs/include/sfuise_msgs/sfuise_msgs/msg/detail/spline__rosidl_typesupport_introspection_c.h
[1.043s] -- Up-to-date: /home/dsh/Documents/work_logs/code/SFUISE/sfuise_ws/install/sfuise_msgs/include/sfuise_msgs/sfuise_msgs/msg/detail/knot__rosidl_typesupport_introspection_c.h
[1.043s] -- Up-to-date: /home/dsh/Documents/work_logs/code/SFUISE/sfuise_ws/install/sfuise_msgs/include/sfuise_msgs/sfuise_msgs/msg/detail/offset__rosidl_typesupport_introspection_c.h
[1.043s] -- Up-to-date: /home/dsh/Documents/work_logs/code/SFUISE/sfuise_ws/install/sfuise_msgs/include/sfuise_msgs/sfuise_msgs/msg/detail/calib__type_support.c
[1.043s] -- Up-to-date: /home/dsh/Documents/work_logs/code/SFUISE/sfuise_ws/install/sfuise_msgs/include/sfuise_msgs/sfuise_msgs/msg/detail/estimate__rosidl_typesupport_introspection_c.h
[1.044s] -- Up-to-date: /home/dsh/Documents/work_logs/code/SFUISE/sfuise_ws/install/sfuise_msgs/include/sfuise_msgs/sfuise_msgs/msg/detail/knot__type_support.c
[1.044s] -- Up-to-date: /home/dsh/Documents/work_logs/code/SFUISE/sfuise_ws/install/sfuise_msgs/include/sfuise_msgs/sfuise_msgs/msg/detail/spline__type_support.c
[1.044s] -- Up-to-date: /home/dsh/Documents/work_logs/code/SFUISE/sfuise_ws/install/sfuise_msgs/include/sfuise_msgs/sfuise_msgs/msg/detail/estimate__type_support.c
[1.044s] -- Up-to-date: /home/dsh/Documents/work_logs/code/SFUISE/sfuise_ws/install/sfuise_msgs/include/sfuise_msgs/sfuise_msgs/msg/detail/offset__type_support.c
[1.045s] -- Up-to-date: /home/dsh/Documents/work_logs/code/SFUISE/sfuise_ws/install/sfuise_msgs/include/sfuise_msgs/sfuise_msgs/msg/detail/calib__rosidl_typesupport_introspection_c.h
[1.045s] -- Up-to-date: /home/dsh/Documents/work_logs/code/SFUISE/sfuise_ws/install/sfuise_msgs/include/sfuise_msgs/sfuise_msgs/msg/rosidl_typesupport_introspection_c__visibility_control.h
[1.045s] -- Up-to-date: /home/dsh/Documents/work_logs/code/SFUISE/sfuise_ws/install/sfuise_msgs/lib/libsfuise_msgs__rosidl_typesupport_introspection_c.so
[1.045s] -- Up-to-date: /home/dsh/Documents/work_logs/code/SFUISE/sfuise_ws/install/sfuise_msgs/lib/libsfuise_msgs__rosidl_typesupport_c.so
[1.046s] -- Up-to-date: /home/dsh/Documents/work_logs/code/SFUISE/sfuise_ws/install/sfuise_msgs/include/sfuise_msgs/sfuise_msgs
[1.047s] -- Up-to-date: /home/dsh/Documents/work_logs/code/SFUISE/sfuise_ws/install/sfuise_msgs/include/sfuise_msgs/sfuise_msgs/msg
[1.047s] -- Up-to-date: /home/dsh/Documents/work_logs/code/SFUISE/sfuise_ws/install/sfuise_msgs/include/sfuise_msgs/sfuise_msgs/msg/detail
[1.047s] -- Up-to-date: /home/dsh/Documents/work_logs/code/SFUISE/sfuise_ws/install/sfuise_msgs/include/sfuise_msgs/sfuise_msgs/msg/detail/offset__rosidl_typesupport_introspection_cpp.hpp
[1.048s] -- Up-to-date: /home/dsh/Documents/work_logs/code/SFUISE/sfuise_ws/install/sfuise_msgs/include/sfuise_msgs/sfuise_msgs/msg/detail/estimate__rosidl_typesupport_introspection_cpp.hpp
[1.048s] -- Up-to-date: /home/dsh/Documents/work_logs/code/SFUISE/sfuise_ws/install/sfuise_msgs/include/sfuise_msgs/sfuise_msgs/msg/detail/knot__type_support.cpp
[1.048s] -- Up-to-date: /home/dsh/Documents/work_logs/code/SFUISE/sfuise_ws/install/sfuise_msgs/include/sfuise_msgs/sfuise_msgs/msg/detail/spline__rosidl_typesupport_introspection_cpp.hpp
[1.048s] -- Up-to-date: /home/dsh/Documents/work_logs/code/SFUISE/sfuise_ws/install/sfuise_msgs/include/sfuise_msgs/sfuise_msgs/msg/detail/calib__type_support.cpp
[1.048s] -- Up-to-date: /home/dsh/Documents/work_logs/code/SFUISE/sfuise_ws/install/sfuise_msgs/include/sfuise_msgs/sfuise_msgs/msg/detail/knot__rosidl_typesupport_introspection_cpp.hpp
[1.048s] -- Up-to-date: /home/dsh/Documents/work_logs/code/SFUISE/sfuise_ws/install/sfuise_msgs/include/sfuise_msgs/sfuise_msgs/msg/detail/estimate__type_support.cpp
[1.048s] -- Up-to-date: /home/dsh/Documents/work_logs/code/SFUISE/sfuise_ws/install/sfuise_msgs/include/sfuise_msgs/sfuise_msgs/msg/detail/offset__type_support.cpp
[1.048s] -- Up-to-date: /home/dsh/Documents/work_logs/code/SFUISE/sfuise_ws/install/sfuise_msgs/include/sfuise_msgs/sfuise_msgs/msg/detail/calib__rosidl_typesupport_introspection_cpp.hpp
[1.048s] -- Up-to-date: /home/dsh/Documents/work_logs/code/SFUISE/sfuise_ws/install/sfuise_msgs/include/sfuise_msgs/sfuise_msgs/msg/detail/spline__type_support.cpp
[1.049s] -- Up-to-date: /home/dsh/Documents/work_logs/code/SFUISE/sfuise_ws/install/sfuise_msgs/lib/libsfuise_msgs__rosidl_typesupport_introspection_cpp.so
[1.049s] -- Up-to-date: /home/dsh/Documents/work_logs/code/SFUISE/sfuise_ws/install/sfuise_msgs/lib/libsfuise_msgs__rosidl_typesupport_cpp.so
[1.049s] -- Up-to-date: /home/dsh/Documents/work_logs/code/SFUISE/sfuise_ws/install/sfuise_msgs/share/sfuise_msgs/environment/pythonpath.sh
[1.049s] -- Up-to-date: /home/dsh/Documents/work_logs/code/SFUISE/sfuise_ws/install/sfuise_msgs/share/sfuise_msgs/environment/pythonpath.dsv
[1.051s] -- Up-to-date: /home/dsh/Documents/work_logs/code/SFUISE/sfuise_ws/install/sfuise_msgs/local/lib/python3.10/dist-packages/sfuise_msgs-0.0.0-py3.10.egg-info
[1.052s] -- Installing: /home/dsh/Documents/work_logs/code/SFUISE/sfuise_ws/install/sfuise_msgs/local/lib/python3.10/dist-packages/sfuise_msgs-0.0.0-py3.10.egg-info/SOURCES.txt
[1.052s] -- Installing: /home/dsh/Documents/work_logs/code/SFUISE/sfuise_ws/install/sfuise_msgs/local/lib/python3.10/dist-packages/sfuise_msgs-0.0.0-py3.10.egg-info/PKG-INFO
[1.053s] -- Installing: /home/dsh/Documents/work_logs/code/SFUISE/sfuise_ws/install/sfuise_msgs/local/lib/python3.10/dist-packages/sfuise_msgs-0.0.0-py3.10.egg-info/top_level.txt
[1.053s] -- Installing: /home/dsh/Documents/work_logs/code/SFUISE/sfuise_ws/install/sfuise_msgs/local/lib/python3.10/dist-packages/sfuise_msgs-0.0.0-py3.10.egg-info/dependency_links.txt
[1.053s] -- Up-to-date: /home/dsh/Documents/work_logs/code/SFUISE/sfuise_ws/install/sfuise_msgs/local/lib/python3.10/dist-packages/sfuise_msgs
[1.053s] -- Up-to-date: /home/dsh/Documents/work_logs/code/SFUISE/sfuise_ws/install/sfuise_msgs/local/lib/python3.10/dist-packages/sfuise_msgs/_sfuise_msgs_s.ep.rosidl_typesupport_c.c
[1.053s] -- Up-to-date: /home/dsh/Documents/work_logs/code/SFUISE/sfuise_ws/install/sfuise_msgs/local/lib/python3.10/dist-packages/sfuise_msgs/libsfuise_msgs__rosidl_generator_py.so
[1.053s] -- Up-to-date: /home/dsh/Documents/work_logs/code/SFUISE/sfuise_ws/install/sfuise_msgs/local/lib/python3.10/dist-packages/sfuise_msgs/sfuise_msgs_s__rosidl_typesupport_c.cpython-310-x86_64-linux-gnu.so
[1.053s] -- Up-to-date: /home/dsh/Documents/work_logs/code/SFUISE/sfuise_ws/install/sfuise_msgs/local/lib/python3.10/dist-packages/sfuise_msgs/__init__.py
[1.053s] -- Up-to-date: /home/dsh/Documents/work_logs/code/SFUISE/sfuise_ws/install/sfuise_msgs/local/lib/python3.10/dist-packages/sfuise_msgs/_sfuise_msgs_s.ep.rosidl_typesupport_fastrtps_c.c
[1.054s] -- Up-to-date: /home/dsh/Documents/work_logs/code/SFUISE/sfuise_ws/install/sfuise_msgs/local/lib/python3.10/dist-packages/sfuise_msgs/sfuise_msgs_s__rosidl_typesupport_fastrtps_c.cpython-310-x86_64-linux-gnu.so
[1.054s] -- Up-to-date: /home/dsh/Documents/work_logs/code/SFUISE/sfuise_ws/install/sfuise_msgs/local/lib/python3.10/dist-packages/sfuise_msgs/msg
[1.054s] -- Up-to-date: /home/dsh/Documents/work_logs/code/SFUISE/sfuise_ws/install/sfuise_msgs/local/lib/python3.10/dist-packages/sfuise_msgs/msg/_offset_s.c
[1.054s] -- Up-to-date: /home/dsh/Documents/work_logs/code/SFUISE/sfuise_ws/install/sfuise_msgs/local/lib/python3.10/dist-packages/sfuise_msgs/msg/_estimate.py
[1.054s] -- Up-to-date: /home/dsh/Documents/work_logs/code/SFUISE/sfuise_ws/install/sfuise_msgs/local/lib/python3.10/dist-packages/sfuise_msgs/msg/_spline_s.c
[1.055s] -- Up-to-date: /home/dsh/Documents/work_logs/code/SFUISE/sfuise_ws/install/sfuise_msgs/local/lib/python3.10/dist-packages/sfuise_msgs/msg/_spline.py
[1.055s] -- Up-to-date: /home/dsh/Documents/work_logs/code/SFUISE/sfuise_ws/install/sfuise_msgs/local/lib/python3.10/dist-packages/sfuise_msgs/msg/_calib_s.c
[1.055s] -- Up-to-date: /home/dsh/Documents/work_logs/code/SFUISE/sfuise_ws/install/sfuise_msgs/local/lib/python3.10/dist-packages/sfuise_msgs/msg/__init__.py
[1.055s] -- Up-to-date: /home/dsh/Documents/work_logs/code/SFUISE/sfuise_ws/install/sfuise_msgs/local/lib/python3.10/dist-packages/sfuise_msgs/msg/_offset.py
[1.055s] -- Up-to-date: /home/dsh/Documents/work_logs/code/SFUISE/sfuise_ws/install/sfuise_msgs/local/lib/python3.10/dist-packages/sfuise_msgs/msg/_calib.py
[1.055s] -- Up-to-date: /home/dsh/Documents/work_logs/code/SFUISE/sfuise_ws/install/sfuise_msgs/local/lib/python3.10/dist-packages/sfuise_msgs/msg/_knot.py
[1.055s] -- Up-to-date: /home/dsh/Documents/work_logs/code/SFUISE/sfuise_ws/install/sfuise_msgs/local/lib/python3.10/dist-packages/sfuise_msgs/msg/_knot_s.c
[1.056s] -- Up-to-date: /home/dsh/Documents/work_logs/code/SFUISE/sfuise_ws/install/sfuise_msgs/local/lib/python3.10/dist-packages/sfuise_msgs/msg/_estimate_s.c
[1.056s] -- Up-to-date: /home/dsh/Documents/work_logs/code/SFUISE/sfuise_ws/install/sfuise_msgs/local/lib/python3.10/dist-packages/sfuise_msgs/sfuise_msgs_s__rosidl_typesupport_introspection_c.cpython-310-x86_64-linux-gnu.so
[1.056s] -- Up-to-date: /home/dsh/Documents/work_logs/code/SFUISE/sfuise_ws/install/sfuise_msgs/local/lib/python3.10/dist-packages/sfuise_msgs/_sfuise_msgs_s.ep.rosidl_typesupport_introspection_c.c
[1.109s] Listing '/home/dsh/Documents/work_logs/code/SFUISE/sfuise_ws/install/sfuise_msgs/local/lib/python3.10/dist-packages/sfuise_msgs'...
[1.109s] Listing '/home/dsh/Documents/work_logs/code/SFUISE/sfuise_ws/install/sfuise_msgs/local/lib/python3.10/dist-packages/sfuise_msgs/msg'...
[1.122s] -- Up-to-date: /home/dsh/Documents/work_logs/code/SFUISE/sfuise_ws/install/sfuise_msgs/local/lib/python3.10/dist-packages/sfuise_msgs/sfuise_msgs_s__rosidl_typesupport_fastrtps_c.cpython-310-x86_64-linux-gnu.so
[1.123s] -- Up-to-date: /home/dsh/Documents/work_logs/code/SFUISE/sfuise_ws/install/sfuise_msgs/local/lib/python3.10/dist-packages/sfuise_msgs/sfuise_msgs_s__rosidl_typesupport_introspection_c.cpython-310-x86_64-linux-gnu.so
[1.124s] -- Up-to-date: /home/dsh/Documents/work_logs/code/SFUISE/sfuise_ws/install/sfuise_msgs/local/lib/python3.10/dist-packages/sfuise_msgs/sfuise_msgs_s__rosidl_typesupport_c.cpython-310-x86_64-linux-gnu.so
[1.126s] -- Up-to-date: /home/dsh/Documents/work_logs/code/SFUISE/sfuise_ws/install/sfuise_msgs/lib/libsfuise_msgs__rosidl_generator_py.so
[1.128s] -- Up-to-date: /home/dsh/Documents/work_logs/code/SFUISE/sfuise_ws/install/sfuise_msgs/share/sfuise_msgs/msg/Calib.idl
[1.129s] -- Up-to-date: /home/dsh/Documents/work_logs/code/SFUISE/sfuise_ws/install/sfuise_msgs/share/sfuise_msgs/msg/Estimate.idl
[1.129s] -- Up-to-date: /home/dsh/Documents/work_logs/code/SFUISE/sfuise_ws/install/sfuise_msgs/share/sfuise_msgs/msg/Knot.idl
[1.129s] -- Up-to-date: /home/dsh/Documents/work_logs/code/SFUISE/sfuise_ws/install/sfuise_msgs/share/sfuise_msgs/msg/Offset.idl
[1.129s] -- Up-to-date: /home/dsh/Documents/work_logs/code/SFUISE/sfuise_ws/install/sfuise_msgs/share/sfuise_msgs/msg/Spline.idl
[1.130s] -- Up-to-date: /home/dsh/Documents/work_logs/code/SFUISE/sfuise_ws/install/sfuise_msgs/share/sfuise_msgs/msg/Calib.msg
[1.130s] -- Up-to-date: /home/dsh/Documents/work_logs/code/SFUISE/sfuise_ws/install/sfuise_msgs/share/sfuise_msgs/msg/Estimate.msg
[1.130s] -- Up-to-date: /home/dsh/Documents/work_logs/code/SFUISE/sfuise_ws/install/sfuise_msgs/share/sfuise_msgs/msg/Knot.msg
[1.130s] -- Up-to-date: /home/dsh/Documents/work_logs/code/SFUISE/sfuise_ws/install/sfuise_msgs/share/sfuise_msgs/msg/Offset.msg
[1.130s] -- Up-to-date: /home/dsh/Documents/work_logs/code/SFUISE/sfuise_ws/install/sfuise_msgs/share/sfuise_msgs/msg/Spline.msg
[1.130s] -- Up-to-date: /home/dsh/Documents/work_logs/code/SFUISE/sfuise_ws/install/sfuise_msgs/share/ament_index/resource_index/package_run_dependencies/sfuise_msgs
[1.131s] -- Up-to-date: /home/dsh/Documents/work_logs/code/SFUISE/sfuise_ws/install/sfuise_msgs/share/ament_index/resource_index/parent_prefix_path/sfuise_msgs
[1.131s] -- Up-to-date: /home/dsh/Documents/work_logs/code/SFUISE/sfuise_ws/install/sfuise_msgs/share/sfuise_msgs/environment/ament_prefix_path.sh
[1.131s] -- Up-to-date: /home/dsh/Documents/work_logs/code/SFUISE/sfuise_ws/install/sfuise_msgs/share/sfuise_msgs/environment/ament_prefix_path.dsv
[1.131s] -- Up-to-date: /home/dsh/Documents/work_logs/code/SFUISE/sfuise_ws/install/sfuise_msgs/share/sfuise_msgs/environment/path.sh
[1.132s] -- Up-to-date: /home/dsh/Documents/work_logs/code/SFUISE/sfuise_ws/install/sfuise_msgs/share/sfuise_msgs/environment/path.dsv
[1.132s] -- Up-to-date: /home/dsh/Documents/work_logs/code/SFUISE/sfuise_ws/install/sfuise_msgs/share/sfuise_msgs/local_setup.bash
[1.132s] -- Up-to-date: /home/dsh/Documents/work_logs/code/SFUISE/sfuise_ws/install/sfuise_msgs/share/sfuise_msgs/local_setup.sh
[1.132s] -- Up-to-date: /home/dsh/Documents/work_logs/code/SFUISE/sfuise_ws/install/sfuise_msgs/share/sfuise_msgs/local_setup.zsh
[1.132s] -- Up-to-date: /home/dsh/Documents/work_logs/code/SFUISE/sfuise_ws/install/sfuise_msgs/share/sfuise_msgs/local_setup.dsv
[1.133s] -- Installing: /home/dsh/Documents/work_logs/code/SFUISE/sfuise_ws/install/sfuise_msgs/share/sfuise_msgs/package.dsv
[1.133s] -- Up-to-date: /home/dsh/Documents/work_logs/code/SFUISE/sfuise_ws/install/sfuise_msgs/share/ament_index/resource_index/packages/sfuise_msgs
[1.133s] -- Up-to-date: /home/dsh/Documents/work_logs/code/SFUISE/sfuise_ws/install/sfuise_msgs/share/sfuise_msgs/cmake/export_sfuise_msgs__rosidl_generator_cExport.cmake
[1.133s] -- Up-to-date: /home/dsh/Documents/work_logs/code/SFUISE/sfuise_ws/install/sfuise_msgs/share/sfuise_msgs/cmake/export_sfuise_msgs__rosidl_generator_cExport-noconfig.cmake
[1.140s] -- Up-to-date: /home/dsh/Documents/work_logs/code/SFUISE/sfuise_ws/install/sfuise_msgs/share/sfuise_msgs/cmake/export_sfuise_msgs__rosidl_typesupport_fastrtps_cExport.cmake
[1.140s] -- Up-to-date: /home/dsh/Documents/work_logs/code/SFUISE/sfuise_ws/install/sfuise_msgs/share/sfuise_msgs/cmake/export_sfuise_msgs__rosidl_typesupport_fastrtps_cExport-noconfig.cmake
[1.140s] -- Up-to-date: /home/dsh/Documents/work_logs/code/SFUISE/sfuise_ws/install/sfuise_msgs/share/sfuise_msgs/cmake/export_sfuise_msgs__rosidl_generator_cppExport.cmake
[1.141s] -- Up-to-date: /home/dsh/Documents/work_logs/code/SFUISE/sfuise_ws/install/sfuise_msgs/share/sfuise_msgs/cmake/export_sfuise_msgs__rosidl_typesupport_fastrtps_cppExport.cmake
[1.141s] -- Up-to-date: /home/dsh/Documents/work_logs/code/SFUISE/sfuise_ws/install/sfuise_msgs/share/sfuise_msgs/cmake/export_sfuise_msgs__rosidl_typesupport_fastrtps_cppExport-noconfig.cmake
[1.141s] -- Up-to-date: /home/dsh/Documents/work_logs/code/SFUISE/sfuise_ws/install/sfuise_msgs/share/sfuise_msgs/cmake/sfuise_msgs__rosidl_typesupport_introspection_cExport.cmake
[1.141s] -- Up-to-date: /home/dsh/Documents/work_logs/code/SFUISE/sfuise_ws/install/sfuise_msgs/share/sfuise_msgs/cmake/sfuise_msgs__rosidl_typesupport_introspection_cExport-noconfig.cmake
[1.141s] -- Up-to-date: /home/dsh/Documents/work_logs/code/SFUISE/sfuise_ws/install/sfuise_msgs/share/sfuise_msgs/cmake/sfuise_msgs__rosidl_typesupport_cExport.cmake
[1.141s] -- Up-to-date: /home/dsh/Documents/work_logs/code/SFUISE/sfuise_ws/install/sfuise_msgs/share/sfuise_msgs/cmake/sfuise_msgs__rosidl_typesupport_cExport-noconfig.cmake
[1.141s] -- Up-to-date: /home/dsh/Documents/work_logs/code/SFUISE/sfuise_ws/install/sfuise_msgs/share/sfuise_msgs/cmake/sfuise_msgs__rosidl_typesupport_introspection_cppExport.cmake
[1.142s] -- Up-to-date: /home/dsh/Documents/work_logs/code/SFUISE/sfuise_ws/install/sfuise_msgs/share/sfuise_msgs/cmake/sfuise_msgs__rosidl_typesupport_introspection_cppExport-noconfig.cmake
[1.142s] -- Up-to-date: /home/dsh/Documents/work_logs/code/SFUISE/sfuise_ws/install/sfuise_msgs/share/sfuise_msgs/cmake/sfuise_msgs__rosidl_typesupport_cppExport.cmake
[1.142s] -- Up-to-date: /home/dsh/Documents/work_logs/code/SFUISE/sfuise_ws/install/sfuise_msgs/share/sfuise_msgs/cmake/sfuise_msgs__rosidl_typesupport_cppExport-noconfig.cmake
[1.142s] -- Up-to-date: /home/dsh/Documents/work_logs/code/SFUISE/sfuise_ws/install/sfuise_msgs/share/sfuise_msgs/cmake/export_sfuise_msgs__rosidl_generator_pyExport.cmake
[1.142s] -- Up-to-date: /home/dsh/Documents/work_logs/code/SFUISE/sfuise_ws/install/sfuise_msgs/share/sfuise_msgs/cmake/export_sfuise_msgs__rosidl_generator_pyExport-noconfig.cmake
[1.143s] -- Up-to-date: /home/dsh/Documents/work_logs/code/SFUISE/sfuise_ws/install/sfuise_msgs/share/sfuise_msgs/cmake/rosidl_cmake-extras.cmake
[1.143s] -- Up-to-date: /home/dsh/Documents/work_logs/code/SFUISE/sfuise_ws/install/sfuise_msgs/share/sfuise_msgs/cmake/ament_cmake_export_dependencies-extras.cmake
[1.143s] -- Up-to-date: /home/dsh/Documents/work_logs/code/SFUISE/sfuise_ws/install/sfuise_msgs/share/sfuise_msgs/cmake/ament_cmake_export_include_directories-extras.cmake
[1.143s] -- Up-to-date: /home/dsh/Documents/work_logs/code/SFUISE/sfuise_ws/install/sfuise_msgs/share/sfuise_msgs/cmake/ament_cmake_export_libraries-extras.cmake
[1.143s] -- Up-to-date: /home/dsh/Documents/work_logs/code/SFUISE/sfuise_ws/install/sfuise_msgs/share/sfuise_msgs/cmake/ament_cmake_export_targets-extras.cmake
[1.143s] -- Up-to-date: /home/dsh/Documents/work_logs/code/SFUISE/sfuise_ws/install/sfuise_msgs/share/sfuise_msgs/cmake/rosidl_cmake_export_typesupport_targets-extras.cmake
[1.143s] -- Up-to-date: /home/dsh/Documents/work_logs/code/SFUISE/sfuise_ws/install/sfuise_msgs/share/sfuise_msgs/cmake/rosidl_cmake_export_typesupport_libraries-extras.cmake
[1.143s] -- Up-to-date: /home/dsh/Documents/work_logs/code/SFUISE/sfuise_ws/install/sfuise_msgs/share/sfuise_msgs/cmake/sfuise_msgsConfig.cmake
[1.144s] -- Up-to-date: /home/dsh/Documents/work_logs/code/SFUISE/sfuise_ws/install/sfuise_msgs/share/sfuise_msgs/cmake/sfuise_msgsConfig-version.cmake
[1.144s] -- Up-to-date: /home/dsh/Documents/work_logs/code/SFUISE/sfuise_ws/install/sfuise_msgs/share/sfuise_msgs/package.xml
[1.239s] Invoked command in '/home/dsh/Documents/work_logs/code/SFUISE/sfuise_ws/build/sfuise_msgs' returned '0': CMAKE_PREFIX_PATH=${CMAKE_PREFIX_PATH}:/opt/ros/humble /usr/bin/cmake --install /home/dsh/Documents/work_logs/code/SFUISE/sfuise_ws/build/sfuise_msgs
