[0.025s] Invoking command in '/home/dsh/Documents/work_logs/code/SFUISE/sfuise_ws/build/sfuise_msgs': CMAKE_PREFIX_PATH=${CMAKE_PREFIX_PATH}:/opt/ros/humble /usr/bin/cmake --build /home/dsh/Documents/work_logs/code/SFUISE/sfuise_ws/build/sfuise_msgs -- -j20 -l20
[0.136s] [  1%] Built target sfuise_msgs__cpp
[0.170s] [ 12%] Built target sfuise_msgs__rosidl_generator_c
[0.198s] [ 12%] Built target ament_cmake_python_copy_sfuise_msgs
[0.239s] [ 23%] Built target sfuise_msgs__rosidl_typesupport_fastrtps_cpp
[0.240s] [ 34%] Built target sfuise_msgs__rosidl_typesupport_cpp
[0.243s] [ 46%] Built target sfuise_msgs__rosidl_typesupport_introspection_cpp
[0.246s] [ 57%] Built target sfuise_msgs__rosidl_typesupport_c
[0.256s] [ 68%] Built target sfuise_msgs__rosidl_typesupport_introspection_c
[0.260s] [ 79%] Built target sfuise_msgs__rosidl_typesupport_fastrtps_c
[0.307s] [ 79%] Built target sfuise_msgs
[0.356s] [ 80%] Built target sfuise_msgs__py
[0.416s] [ 90%] Built target sfuise_msgs__rosidl_generator_py
[0.474s] [ 93%] Built target sfuise_msgs__rosidl_typesupport_fastrtps_c__pyext
[0.479s] [ 96%] Built target sfuise_msgs__rosidl_typesupport_introspection_c__pyext
[0.481s] [100%] Built target sfuise_msgs__rosidl_typesupport_c__pyext
[0.739s] running egg_info
[0.740s] writing sfuise_msgs.egg-info/PKG-INFO
[0.741s] writing dependency_links to sfuise_msgs.egg-info/dependency_links.txt
[0.741s] writing top-level names to sfuise_msgs.egg-info/top_level.txt
[0.745s] reading manifest file 'sfuise_msgs.egg-info/SOURCES.txt'
[0.746s] writing manifest file 'sfuise_msgs.egg-info/SOURCES.txt'
[0.807s] [100%] Built target ament_cmake_python_build_sfuise_msgs_egg
[0.838s] Invoked command in '/home/dsh/Documents/work_logs/code/SFUISE/sfuise_ws/build/sfuise_msgs' returned '0': CMAKE_PREFIX_PATH=${CMAKE_PREFIX_PATH}:/opt/ros/humble /usr/bin/cmake --build /home/dsh/Documents/work_logs/code/SFUISE/sfuise_ws/build/sfuise_msgs -- -j20 -l20
[0.841s] Invoking command in '/home/dsh/Documents/work_logs/code/SFUISE/sfuise_ws/build/sfuise_msgs': CMAKE_PREFIX_PATH=${CMAKE_PREFIX_PATH}:/opt/ros/humble /usr/bin/cmake --install /home/dsh/Documents/work_logs/code/SFUISE/sfuise_ws/build/sfuise_msgs
[0.882s] -- Install configuration: ""
[0.882s] -- Up-to-date: /home/dsh/Documents/work_logs/code/SFUISE/sfuise_ws/install/sfuise_msgs/share/ament_index/resource_index/rosidl_interfaces/sfuise_msgs
[0.882s] -- Up-to-date: /home/dsh/Documents/work_logs/code/SFUISE/sfuise_ws/install/sfuise_msgs/include/sfuise_msgs/sfuise_msgs
[0.883s] -- Up-to-date: /home/dsh/Documents/work_logs/code/SFUISE/sfuise_ws/install/sfuise_msgs/include/sfuise_msgs/sfuise_msgs/msg
[0.883s] -- Up-to-date: /home/dsh/Documents/work_logs/code/SFUISE/sfuise_ws/install/sfuise_msgs/include/sfuise_msgs/sfuise_msgs/msg/offset.h
[0.883s] -- Up-to-date: /home/dsh/Documents/work_logs/code/SFUISE/sfuise_ws/install/sfuise_msgs/include/sfuise_msgs/sfuise_msgs/msg/knot.h
[0.883s] -- Up-to-date: /home/dsh/Documents/work_logs/code/SFUISE/sfuise_ws/install/sfuise_msgs/include/sfuise_msgs/sfuise_msgs/msg/detail
[0.883s] -- Up-to-date: /home/dsh/Documents/work_logs/code/SFUISE/sfuise_ws/install/sfuise_msgs/include/sfuise_msgs/sfuise_msgs/msg/detail/estimate__functions.c
[0.884s] -- Up-to-date: /home/dsh/Documents/work_logs/code/SFUISE/sfuise_ws/install/sfuise_msgs/include/sfuise_msgs/sfuise_msgs/msg/detail/knot__functions.h
[0.884s] -- Up-to-date: /home/dsh/Documents/work_logs/code/SFUISE/sfuise_ws/install/sfuise_msgs/include/sfuise_msgs/sfuise_msgs/msg/detail/knot__functions.c
[0.884s] -- Up-to-date: /home/dsh/Documents/work_logs/code/SFUISE/sfuise_ws/install/sfuise_msgs/include/sfuise_msgs/sfuise_msgs/msg/detail/offset__functions.h
[0.884s] -- Up-to-date: /home/dsh/Documents/work_logs/code/SFUISE/sfuise_ws/install/sfuise_msgs/include/sfuise_msgs/sfuise_msgs/msg/detail/offset__struct.h
[0.884s] -- Up-to-date: /home/dsh/Documents/work_logs/code/SFUISE/sfuise_ws/install/sfuise_msgs/include/sfuise_msgs/sfuise_msgs/msg/detail/estimate__functions.h
[0.884s] -- Up-to-date: /home/dsh/Documents/work_logs/code/SFUISE/sfuise_ws/install/sfuise_msgs/include/sfuise_msgs/sfuise_msgs/msg/detail/offset__type_support.h
[0.889s] -- Up-to-date: /home/dsh/Documents/work_logs/code/SFUISE/sfuise_ws/install/sfuise_msgs/include/sfuise_msgs/sfuise_msgs/msg/detail/knot__struct.h
[0.890s] -- Up-to-date: /home/dsh/Documents/work_logs/code/SFUISE/sfuise_ws/install/sfuise_msgs/include/sfuise_msgs/sfuise_msgs/msg/detail/spline__struct.h
[0.890s] -- Up-to-date: /home/dsh/Documents/work_logs/code/SFUISE/sfuise_ws/install/sfuise_msgs/include/sfuise_msgs/sfuise_msgs/msg/detail/calib__functions.c
[0.890s] -- Up-to-date: /home/dsh/Documents/work_logs/code/SFUISE/sfuise_ws/install/sfuise_msgs/include/sfuise_msgs/sfuise_msgs/msg/detail/spline__functions.h
[0.891s] -- Up-to-date: /home/dsh/Documents/work_logs/code/SFUISE/sfuise_ws/install/sfuise_msgs/include/sfuise_msgs/sfuise_msgs/msg/detail/estimate__type_support.h
[0.891s] -- Up-to-date: /home/dsh/Documents/work_logs/code/SFUISE/sfuise_ws/install/sfuise_msgs/include/sfuise_msgs/sfuise_msgs/msg/detail/knot__type_support.h
[0.891s] -- Up-to-date: /home/dsh/Documents/work_logs/code/SFUISE/sfuise_ws/install/sfuise_msgs/include/sfuise_msgs/sfuise_msgs/msg/detail/estimate__struct.h
[0.891s] -- Up-to-date: /home/dsh/Documents/work_logs/code/SFUISE/sfuise_ws/install/sfuise_msgs/include/sfuise_msgs/sfuise_msgs/msg/detail/calib__functions.h
[0.891s] -- Up-to-date: /home/dsh/Documents/work_logs/code/SFUISE/sfuise_ws/install/sfuise_msgs/include/sfuise_msgs/sfuise_msgs/msg/detail/spline__functions.c
[0.891s] -- Up-to-date: /home/dsh/Documents/work_logs/code/SFUISE/sfuise_ws/install/sfuise_msgs/include/sfuise_msgs/sfuise_msgs/msg/detail/calib__struct.h
[0.892s] -- Up-to-date: /home/dsh/Documents/work_logs/code/SFUISE/sfuise_ws/install/sfuise_msgs/include/sfuise_msgs/sfuise_msgs/msg/detail/calib__type_support.h
[0.892s] -- Up-to-date: /home/dsh/Documents/work_logs/code/SFUISE/sfuise_ws/install/sfuise_msgs/include/sfuise_msgs/sfuise_msgs/msg/detail/spline__type_support.h
[0.892s] -- Up-to-date: /home/dsh/Documents/work_logs/code/SFUISE/sfuise_ws/install/sfuise_msgs/include/sfuise_msgs/sfuise_msgs/msg/detail/offset__functions.c
[0.892s] -- Up-to-date: /home/dsh/Documents/work_logs/code/SFUISE/sfuise_ws/install/sfuise_msgs/include/sfuise_msgs/sfuise_msgs/msg/spline.h
[0.892s] -- Up-to-date: /home/dsh/Documents/work_logs/code/SFUISE/sfuise_ws/install/sfuise_msgs/include/sfuise_msgs/sfuise_msgs/msg/rosidl_generator_c__visibility_control.h
[0.892s] -- Up-to-date: /home/dsh/Documents/work_logs/code/SFUISE/sfuise_ws/install/sfuise_msgs/include/sfuise_msgs/sfuise_msgs/msg/estimate.h
[0.893s] -- Up-to-date: /home/dsh/Documents/work_logs/code/SFUISE/sfuise_ws/install/sfuise_msgs/include/sfuise_msgs/sfuise_msgs/msg/calib.h
[0.893s] -- Up-to-date: /home/dsh/Documents/work_logs/code/SFUISE/sfuise_ws/install/sfuise_msgs/share/sfuise_msgs/environment/library_path.sh
[0.893s] -- Up-to-date: /home/dsh/Documents/work_logs/code/SFUISE/sfuise_ws/install/sfuise_msgs/share/sfuise_msgs/environment/library_path.dsv
[0.893s] -- Up-to-date: /home/dsh/Documents/work_logs/code/SFUISE/sfuise_ws/install/sfuise_msgs/lib/libsfuise_msgs__rosidl_generator_c.so
[0.895s] -- Up-to-date: /home/dsh/Documents/work_logs/code/SFUISE/sfuise_ws/install/sfuise_msgs/include/sfuise_msgs/sfuise_msgs
[0.895s] -- Up-to-date: /home/dsh/Documents/work_logs/code/SFUISE/sfuise_ws/install/sfuise_msgs/include/sfuise_msgs/sfuise_msgs/msg
[0.896s] -- Up-to-date: /home/dsh/Documents/work_logs/code/SFUISE/sfuise_ws/install/sfuise_msgs/include/sfuise_msgs/sfuise_msgs/msg/rosidl_typesupport_fastrtps_c__visibility_control.h
[0.896s] -- Up-to-date: /home/dsh/Documents/work_logs/code/SFUISE/sfuise_ws/install/sfuise_msgs/include/sfuise_msgs/sfuise_msgs/msg/detail
[0.896s] -- Up-to-date: /home/dsh/Documents/work_logs/code/SFUISE/sfuise_ws/install/sfuise_msgs/include/sfuise_msgs/sfuise_msgs/msg/detail/knot__rosidl_typesupport_fastrtps_c.h
[0.896s] -- Up-to-date: /home/dsh/Documents/work_logs/code/SFUISE/sfuise_ws/install/sfuise_msgs/include/sfuise_msgs/sfuise_msgs/msg/detail/estimate__rosidl_typesupport_fastrtps_c.h
[0.897s] -- Up-to-date: /home/dsh/Documents/work_logs/code/SFUISE/sfuise_ws/install/sfuise_msgs/include/sfuise_msgs/sfuise_msgs/msg/detail/calib__rosidl_typesupport_fastrtps_c.h
[0.897s] -- Up-to-date: /home/dsh/Documents/work_logs/code/SFUISE/sfuise_ws/install/sfuise_msgs/include/sfuise_msgs/sfuise_msgs/msg/detail/spline__rosidl_typesupport_fastrtps_c.h
[0.897s] -- Up-to-date: /home/dsh/Documents/work_logs/code/SFUISE/sfuise_ws/install/sfuise_msgs/include/sfuise_msgs/sfuise_msgs/msg/detail/offset__rosidl_typesupport_fastrtps_c.h
[0.898s] -- Up-to-date: /home/dsh/Documents/work_logs/code/SFUISE/sfuise_ws/install/sfuise_msgs/lib/libsfuise_msgs__rosidl_typesupport_fastrtps_c.so
[0.899s] -- Up-to-date: /home/dsh/Documents/work_logs/code/SFUISE/sfuise_ws/install/sfuise_msgs/include/sfuise_msgs/sfuise_msgs
[0.899s] -- Up-to-date: /home/dsh/Documents/work_logs/code/SFUISE/sfuise_ws/install/sfuise_msgs/include/sfuise_msgs/sfuise_msgs/msg
[0.899s] -- Up-to-date: /home/dsh/Documents/work_logs/code/SFUISE/sfuise_ws/install/sfuise_msgs/include/sfuise_msgs/sfuise_msgs/msg/knot.hpp
[0.900s] -- Up-to-date: /home/dsh/Documents/work_logs/code/SFUISE/sfuise_ws/install/sfuise_msgs/include/sfuise_msgs/sfuise_msgs/msg/detail
[0.900s] -- Up-to-date: /home/dsh/Documents/work_logs/code/SFUISE/sfuise_ws/install/sfuise_msgs/include/sfuise_msgs/sfuise_msgs/msg/detail/calib__builder.hpp
[0.900s] -- Up-to-date: /home/dsh/Documents/work_logs/code/SFUISE/sfuise_ws/install/sfuise_msgs/include/sfuise_msgs/sfuise_msgs/msg/detail/offset__type_support.hpp
[0.900s] -- Up-to-date: /home/dsh/Documents/work_logs/code/SFUISE/sfuise_ws/install/sfuise_msgs/include/sfuise_msgs/sfuise_msgs/msg/detail/spline__struct.hpp
[0.902s] -- Up-to-date: /home/dsh/Documents/work_logs/code/SFUISE/sfuise_ws/install/sfuise_msgs/include/sfuise_msgs/sfuise_msgs/msg/detail/spline__builder.hpp
[0.902s] -- Up-to-date: /home/dsh/Documents/work_logs/code/SFUISE/sfuise_ws/install/sfuise_msgs/include/sfuise_msgs/sfuise_msgs/msg/detail/knot__type_support.hpp
[0.903s] -- Up-to-date: /home/dsh/Documents/work_logs/code/SFUISE/sfuise_ws/install/sfuise_msgs/include/sfuise_msgs/sfuise_msgs/msg/detail/calib__traits.hpp
[0.903s] -- Up-to-date: /home/dsh/Documents/work_logs/code/SFUISE/sfuise_ws/install/sfuise_msgs/include/sfuise_msgs/sfuise_msgs/msg/detail/spline__traits.hpp
[0.903s] -- Up-to-date: /home/dsh/Documents/work_logs/code/SFUISE/sfuise_ws/install/sfuise_msgs/include/sfuise_msgs/sfuise_msgs/msg/detail/offset__traits.hpp
[0.903s] -- Up-to-date: /home/dsh/Documents/work_logs/code/SFUISE/sfuise_ws/install/sfuise_msgs/include/sfuise_msgs/sfuise_msgs/msg/detail/offset__builder.hpp
[0.903s] -- Up-to-date: /home/dsh/Documents/work_logs/code/SFUISE/sfuise_ws/install/sfuise_msgs/include/sfuise_msgs/sfuise_msgs/msg/detail/estimate__struct.hpp
[0.904s] -- Up-to-date: /home/dsh/Documents/work_logs/code/SFUISE/sfuise_ws/install/sfuise_msgs/include/sfuise_msgs/sfuise_msgs/msg/detail/knot__builder.hpp
[0.904s] -- Up-to-date: /home/dsh/Documents/work_logs/code/SFUISE/sfuise_ws/install/sfuise_msgs/include/sfuise_msgs/sfuise_msgs/msg/detail/calib__struct.hpp
[0.904s] -- Up-to-date: /home/dsh/Documents/work_logs/code/SFUISE/sfuise_ws/install/sfuise_msgs/include/sfuise_msgs/sfuise_msgs/msg/detail/calib__type_support.hpp
[0.904s] -- Up-to-date: /home/dsh/Documents/work_logs/code/SFUISE/sfuise_ws/install/sfuise_msgs/include/sfuise_msgs/sfuise_msgs/msg/detail/knot__traits.hpp
[0.904s] -- Up-to-date: /home/dsh/Documents/work_logs/code/SFUISE/sfuise_ws/install/sfuise_msgs/include/sfuise_msgs/sfuise_msgs/msg/detail/estimate__type_support.hpp
[0.904s] -- Up-to-date: /home/dsh/Documents/work_logs/code/SFUISE/sfuise_ws/install/sfuise_msgs/include/sfuise_msgs/sfuise_msgs/msg/detail/estimate__traits.hpp
[0.905s] -- Up-to-date: /home/dsh/Documents/work_logs/code/SFUISE/sfuise_ws/install/sfuise_msgs/include/sfuise_msgs/sfuise_msgs/msg/detail/spline__type_support.hpp
[0.905s] -- Up-to-date: /home/dsh/Documents/work_logs/code/SFUISE/sfuise_ws/install/sfuise_msgs/include/sfuise_msgs/sfuise_msgs/msg/detail/knot__struct.hpp
[0.905s] -- Up-to-date: /home/dsh/Documents/work_logs/code/SFUISE/sfuise_ws/install/sfuise_msgs/include/sfuise_msgs/sfuise_msgs/msg/detail/estimate__builder.hpp
[0.905s] -- Up-to-date: /home/dsh/Documents/work_logs/code/SFUISE/sfuise_ws/install/sfuise_msgs/include/sfuise_msgs/sfuise_msgs/msg/detail/offset__struct.hpp
[0.905s] -- Up-to-date: /home/dsh/Documents/work_logs/code/SFUISE/sfuise_ws/install/sfuise_msgs/include/sfuise_msgs/sfuise_msgs/msg/spline.hpp
[0.905s] -- Up-to-date: /home/dsh/Documents/work_logs/code/SFUISE/sfuise_ws/install/sfuise_msgs/include/sfuise_msgs/sfuise_msgs/msg/calib.hpp
[0.906s] -- Up-to-date: /home/dsh/Documents/work_logs/code/SFUISE/sfuise_ws/install/sfuise_msgs/include/sfuise_msgs/sfuise_msgs/msg/estimate.hpp
[0.906s] -- Up-to-date: /home/dsh/Documents/work_logs/code/SFUISE/sfuise_ws/install/sfuise_msgs/include/sfuise_msgs/sfuise_msgs/msg/offset.hpp
[0.906s] -- Up-to-date: /home/dsh/Documents/work_logs/code/SFUISE/sfuise_ws/install/sfuise_msgs/include/sfuise_msgs/sfuise_msgs/msg/rosidl_generator_cpp__visibility_control.hpp
[0.909s] -- Up-to-date: /home/dsh/Documents/work_logs/code/SFUISE/sfuise_ws/install/sfuise_msgs/include/sfuise_msgs/sfuise_msgs
[0.909s] -- Up-to-date: /home/dsh/Documents/work_logs/code/SFUISE/sfuise_ws/install/sfuise_msgs/include/sfuise_msgs/sfuise_msgs/msg
[0.909s] -- Up-to-date: /home/dsh/Documents/work_logs/code/SFUISE/sfuise_ws/install/sfuise_msgs/include/sfuise_msgs/sfuise_msgs/msg/detail
[0.909s] -- Up-to-date: /home/dsh/Documents/work_logs/code/SFUISE/sfuise_ws/install/sfuise_msgs/include/sfuise_msgs/sfuise_msgs/msg/detail/offset__rosidl_typesupport_fastrtps_cpp.hpp
[0.910s] -- Up-to-date: /home/dsh/Documents/work_logs/code/SFUISE/sfuise_ws/install/sfuise_msgs/include/sfuise_msgs/sfuise_msgs/msg/detail/dds_fastrtps
[0.910s] -- Up-to-date: /home/dsh/Documents/work_logs/code/SFUISE/sfuise_ws/install/sfuise_msgs/include/sfuise_msgs/sfuise_msgs/msg/detail/calib__rosidl_typesupport_fastrtps_cpp.hpp
[0.910s] -- Up-to-date: /home/dsh/Documents/work_logs/code/SFUISE/sfuise_ws/install/sfuise_msgs/include/sfuise_msgs/sfuise_msgs/msg/detail/spline__rosidl_typesupport_fastrtps_cpp.hpp
[0.910s] -- Up-to-date: /home/dsh/Documents/work_logs/code/SFUISE/sfuise_ws/install/sfuise_msgs/include/sfuise_msgs/sfuise_msgs/msg/detail/estimate__rosidl_typesupport_fastrtps_cpp.hpp
[0.910s] -- Up-to-date: /home/dsh/Documents/work_logs/code/SFUISE/sfuise_ws/install/sfuise_msgs/include/sfuise_msgs/sfuise_msgs/msg/detail/knot__rosidl_typesupport_fastrtps_cpp.hpp
[0.910s] -- Up-to-date: /home/dsh/Documents/work_logs/code/SFUISE/sfuise_ws/install/sfuise_msgs/include/sfuise_msgs/sfuise_msgs/msg/rosidl_typesupport_fastrtps_cpp__visibility_control.h
[0.911s] -- Up-to-date: /home/dsh/Documents/work_logs/code/SFUISE/sfuise_ws/install/sfuise_msgs/lib/libsfuise_msgs__rosidl_typesupport_fastrtps_cpp.so
[0.911s] -- Up-to-date: /home/dsh/Documents/work_logs/code/SFUISE/sfuise_ws/install/sfuise_msgs/include/sfuise_msgs/sfuise_msgs
[0.911s] -- Up-to-date: /home/dsh/Documents/work_logs/code/SFUISE/sfuise_ws/install/sfuise_msgs/include/sfuise_msgs/sfuise_msgs/msg
[0.912s] -- Up-to-date: /home/dsh/Documents/work_logs/code/SFUISE/sfuise_ws/install/sfuise_msgs/include/sfuise_msgs/sfuise_msgs/msg/detail
[0.912s] -- Up-to-date: /home/dsh/Documents/work_logs/code/SFUISE/sfuise_ws/install/sfuise_msgs/include/sfuise_msgs/sfuise_msgs/msg/detail/spline__rosidl_typesupport_introspection_c.h
[0.912s] -- Up-to-date: /home/dsh/Documents/work_logs/code/SFUISE/sfuise_ws/install/sfuise_msgs/include/sfuise_msgs/sfuise_msgs/msg/detail/knot__rosidl_typesupport_introspection_c.h
[0.912s] -- Up-to-date: /home/dsh/Documents/work_logs/code/SFUISE/sfuise_ws/install/sfuise_msgs/include/sfuise_msgs/sfuise_msgs/msg/detail/offset__rosidl_typesupport_introspection_c.h
[0.912s] -- Up-to-date: /home/dsh/Documents/work_logs/code/SFUISE/sfuise_ws/install/sfuise_msgs/include/sfuise_msgs/sfuise_msgs/msg/detail/calib__type_support.c
[0.912s] -- Up-to-date: /home/dsh/Documents/work_logs/code/SFUISE/sfuise_ws/install/sfuise_msgs/include/sfuise_msgs/sfuise_msgs/msg/detail/estimate__rosidl_typesupport_introspection_c.h
[0.913s] -- Up-to-date: /home/dsh/Documents/work_logs/code/SFUISE/sfuise_ws/install/sfuise_msgs/include/sfuise_msgs/sfuise_msgs/msg/detail/knot__type_support.c
[0.913s] -- Up-to-date: /home/dsh/Documents/work_logs/code/SFUISE/sfuise_ws/install/sfuise_msgs/include/sfuise_msgs/sfuise_msgs/msg/detail/spline__type_support.c
[0.913s] -- Up-to-date: /home/dsh/Documents/work_logs/code/SFUISE/sfuise_ws/install/sfuise_msgs/include/sfuise_msgs/sfuise_msgs/msg/detail/estimate__type_support.c
[0.913s] -- Up-to-date: /home/dsh/Documents/work_logs/code/SFUISE/sfuise_ws/install/sfuise_msgs/include/sfuise_msgs/sfuise_msgs/msg/detail/offset__type_support.c
[0.914s] -- Up-to-date: /home/dsh/Documents/work_logs/code/SFUISE/sfuise_ws/install/sfuise_msgs/include/sfuise_msgs/sfuise_msgs/msg/detail/calib__rosidl_typesupport_introspection_c.h
[0.914s] -- Up-to-date: /home/dsh/Documents/work_logs/code/SFUISE/sfuise_ws/install/sfuise_msgs/include/sfuise_msgs/sfuise_msgs/msg/rosidl_typesupport_introspection_c__visibility_control.h
[0.914s] -- Up-to-date: /home/dsh/Documents/work_logs/code/SFUISE/sfuise_ws/install/sfuise_msgs/lib/libsfuise_msgs__rosidl_typesupport_introspection_c.so
[0.917s] -- Up-to-date: /home/dsh/Documents/work_logs/code/SFUISE/sfuise_ws/install/sfuise_msgs/lib/libsfuise_msgs__rosidl_typesupport_c.so
[0.919s] -- Up-to-date: /home/dsh/Documents/work_logs/code/SFUISE/sfuise_ws/install/sfuise_msgs/include/sfuise_msgs/sfuise_msgs
[0.920s] -- Up-to-date: /home/dsh/Documents/work_logs/code/SFUISE/sfuise_ws/install/sfuise_msgs/include/sfuise_msgs/sfuise_msgs/msg
[0.920s] -- Up-to-date: /home/dsh/Documents/work_logs/code/SFUISE/sfuise_ws/install/sfuise_msgs/include/sfuise_msgs/sfuise_msgs/msg/detail
[0.920s] -- Up-to-date: /home/dsh/Documents/work_logs/code/SFUISE/sfuise_ws/install/sfuise_msgs/include/sfuise_msgs/sfuise_msgs/msg/detail/offset__rosidl_typesupport_introspection_cpp.hpp
[0.920s] -- Up-to-date: /home/dsh/Documents/work_logs/code/SFUISE/sfuise_ws/install/sfuise_msgs/include/sfuise_msgs/sfuise_msgs/msg/detail/estimate__rosidl_typesupport_introspection_cpp.hpp
[0.920s] -- Up-to-date: /home/dsh/Documents/work_logs/code/SFUISE/sfuise_ws/install/sfuise_msgs/include/sfuise_msgs/sfuise_msgs/msg/detail/knot__type_support.cpp
[0.921s] -- Up-to-date: /home/dsh/Documents/work_logs/code/SFUISE/sfuise_ws/install/sfuise_msgs/include/sfuise_msgs/sfuise_msgs/msg/detail/spline__rosidl_typesupport_introspection_cpp.hpp
[0.921s] -- Up-to-date: /home/dsh/Documents/work_logs/code/SFUISE/sfuise_ws/install/sfuise_msgs/include/sfuise_msgs/sfuise_msgs/msg/detail/calib__type_support.cpp
[0.921s] -- Up-to-date: /home/dsh/Documents/work_logs/code/SFUISE/sfuise_ws/install/sfuise_msgs/include/sfuise_msgs/sfuise_msgs/msg/detail/knot__rosidl_typesupport_introspection_cpp.hpp
[0.921s] -- Up-to-date: /home/dsh/Documents/work_logs/code/SFUISE/sfuise_ws/install/sfuise_msgs/include/sfuise_msgs/sfuise_msgs/msg/detail/estimate__type_support.cpp
[0.921s] -- Up-to-date: /home/dsh/Documents/work_logs/code/SFUISE/sfuise_ws/install/sfuise_msgs/include/sfuise_msgs/sfuise_msgs/msg/detail/offset__type_support.cpp
[0.922s] -- Up-to-date: /home/dsh/Documents/work_logs/code/SFUISE/sfuise_ws/install/sfuise_msgs/include/sfuise_msgs/sfuise_msgs/msg/detail/calib__rosidl_typesupport_introspection_cpp.hpp
[0.922s] -- Up-to-date: /home/dsh/Documents/work_logs/code/SFUISE/sfuise_ws/install/sfuise_msgs/include/sfuise_msgs/sfuise_msgs/msg/detail/spline__type_support.cpp
[0.923s] -- Up-to-date: /home/dsh/Documents/work_logs/code/SFUISE/sfuise_ws/install/sfuise_msgs/lib/libsfuise_msgs__rosidl_typesupport_introspection_cpp.so
[0.924s] -- Up-to-date: /home/dsh/Documents/work_logs/code/SFUISE/sfuise_ws/install/sfuise_msgs/lib/libsfuise_msgs__rosidl_typesupport_cpp.so
[0.924s] -- Up-to-date: /home/dsh/Documents/work_logs/code/SFUISE/sfuise_ws/install/sfuise_msgs/share/sfuise_msgs/environment/pythonpath.sh
[0.924s] -- Up-to-date: /home/dsh/Documents/work_logs/code/SFUISE/sfuise_ws/install/sfuise_msgs/share/sfuise_msgs/environment/pythonpath.dsv
[0.924s] -- Up-to-date: /home/dsh/Documents/work_logs/code/SFUISE/sfuise_ws/install/sfuise_msgs/local/lib/python3.10/dist-packages/sfuise_msgs-0.0.0-py3.10.egg-info
[0.924s] -- Installing: /home/dsh/Documents/work_logs/code/SFUISE/sfuise_ws/install/sfuise_msgs/local/lib/python3.10/dist-packages/sfuise_msgs-0.0.0-py3.10.egg-info/SOURCES.txt
[0.929s] -- Installing: /home/dsh/Documents/work_logs/code/SFUISE/sfuise_ws/install/sfuise_msgs/local/lib/python3.10/dist-packages/sfuise_msgs-0.0.0-py3.10.egg-info/PKG-INFO
[0.930s] -- Installing: /home/dsh/Documents/work_logs/code/SFUISE/sfuise_ws/install/sfuise_msgs/local/lib/python3.10/dist-packages/sfuise_msgs-0.0.0-py3.10.egg-info/top_level.txt
[0.930s] -- Installing: /home/dsh/Documents/work_logs/code/SFUISE/sfuise_ws/install/sfuise_msgs/local/lib/python3.10/dist-packages/sfuise_msgs-0.0.0-py3.10.egg-info/dependency_links.txt
[0.932s] -- Up-to-date: /home/dsh/Documents/work_logs/code/SFUISE/sfuise_ws/install/sfuise_msgs/local/lib/python3.10/dist-packages/sfuise_msgs
[0.932s] -- Up-to-date: /home/dsh/Documents/work_logs/code/SFUISE/sfuise_ws/install/sfuise_msgs/local/lib/python3.10/dist-packages/sfuise_msgs/_sfuise_msgs_s.ep.rosidl_typesupport_c.c
[0.933s] -- Up-to-date: /home/dsh/Documents/work_logs/code/SFUISE/sfuise_ws/install/sfuise_msgs/local/lib/python3.10/dist-packages/sfuise_msgs/libsfuise_msgs__rosidl_generator_py.so
[0.933s] -- Up-to-date: /home/dsh/Documents/work_logs/code/SFUISE/sfuise_ws/install/sfuise_msgs/local/lib/python3.10/dist-packages/sfuise_msgs/sfuise_msgs_s__rosidl_typesupport_c.cpython-310-x86_64-linux-gnu.so
[0.933s] -- Up-to-date: /home/dsh/Documents/work_logs/code/SFUISE/sfuise_ws/install/sfuise_msgs/local/lib/python3.10/dist-packages/sfuise_msgs/__init__.py
[0.933s] -- Up-to-date: /home/dsh/Documents/work_logs/code/SFUISE/sfuise_ws/install/sfuise_msgs/local/lib/python3.10/dist-packages/sfuise_msgs/_sfuise_msgs_s.ep.rosidl_typesupport_fastrtps_c.c
[0.934s] -- Up-to-date: /home/dsh/Documents/work_logs/code/SFUISE/sfuise_ws/install/sfuise_msgs/local/lib/python3.10/dist-packages/sfuise_msgs/sfuise_msgs_s__rosidl_typesupport_fastrtps_c.cpython-310-x86_64-linux-gnu.so
[0.934s] -- Up-to-date: /home/dsh/Documents/work_logs/code/SFUISE/sfuise_ws/install/sfuise_msgs/local/lib/python3.10/dist-packages/sfuise_msgs/msg
[0.934s] -- Up-to-date: /home/dsh/Documents/work_logs/code/SFUISE/sfuise_ws/install/sfuise_msgs/local/lib/python3.10/dist-packages/sfuise_msgs/msg/_offset_s.c
[0.935s] -- Up-to-date: /home/dsh/Documents/work_logs/code/SFUISE/sfuise_ws/install/sfuise_msgs/local/lib/python3.10/dist-packages/sfuise_msgs/msg/_estimate.py
[0.935s] -- Up-to-date: /home/dsh/Documents/work_logs/code/SFUISE/sfuise_ws/install/sfuise_msgs/local/lib/python3.10/dist-packages/sfuise_msgs/msg/_spline_s.c
[0.935s] -- Up-to-date: /home/dsh/Documents/work_logs/code/SFUISE/sfuise_ws/install/sfuise_msgs/local/lib/python3.10/dist-packages/sfuise_msgs/msg/_spline.py
[0.935s] -- Up-to-date: /home/dsh/Documents/work_logs/code/SFUISE/sfuise_ws/install/sfuise_msgs/local/lib/python3.10/dist-packages/sfuise_msgs/msg/_calib_s.c
[0.935s] -- Up-to-date: /home/dsh/Documents/work_logs/code/SFUISE/sfuise_ws/install/sfuise_msgs/local/lib/python3.10/dist-packages/sfuise_msgs/msg/__init__.py
[0.935s] -- Up-to-date: /home/dsh/Documents/work_logs/code/SFUISE/sfuise_ws/install/sfuise_msgs/local/lib/python3.10/dist-packages/sfuise_msgs/msg/_offset.py
[0.936s] -- Up-to-date: /home/dsh/Documents/work_logs/code/SFUISE/sfuise_ws/install/sfuise_msgs/local/lib/python3.10/dist-packages/sfuise_msgs/msg/_calib.py
[0.936s] -- Up-to-date: /home/dsh/Documents/work_logs/code/SFUISE/sfuise_ws/install/sfuise_msgs/local/lib/python3.10/dist-packages/sfuise_msgs/msg/_knot.py
[0.936s] -- Up-to-date: /home/dsh/Documents/work_logs/code/SFUISE/sfuise_ws/install/sfuise_msgs/local/lib/python3.10/dist-packages/sfuise_msgs/msg/_knot_s.c
[0.936s] -- Up-to-date: /home/dsh/Documents/work_logs/code/SFUISE/sfuise_ws/install/sfuise_msgs/local/lib/python3.10/dist-packages/sfuise_msgs/msg/_estimate_s.c
[0.936s] -- Up-to-date: /home/dsh/Documents/work_logs/code/SFUISE/sfuise_ws/install/sfuise_msgs/local/lib/python3.10/dist-packages/sfuise_msgs/sfuise_msgs_s__rosidl_typesupport_introspection_c.cpython-310-x86_64-linux-gnu.so
[0.937s] -- Up-to-date: /home/dsh/Documents/work_logs/code/SFUISE/sfuise_ws/install/sfuise_msgs/local/lib/python3.10/dist-packages/sfuise_msgs/_sfuise_msgs_s.ep.rosidl_typesupport_introspection_c.c
[0.985s] Listing '/home/dsh/Documents/work_logs/code/SFUISE/sfuise_ws/install/sfuise_msgs/local/lib/python3.10/dist-packages/sfuise_msgs'...
[0.985s] Listing '/home/dsh/Documents/work_logs/code/SFUISE/sfuise_ws/install/sfuise_msgs/local/lib/python3.10/dist-packages/sfuise_msgs/msg'...
[0.993s] -- Up-to-date: /home/dsh/Documents/work_logs/code/SFUISE/sfuise_ws/install/sfuise_msgs/local/lib/python3.10/dist-packages/sfuise_msgs/sfuise_msgs_s__rosidl_typesupport_fastrtps_c.cpython-310-x86_64-linux-gnu.so
[0.994s] -- Up-to-date: /home/dsh/Documents/work_logs/code/SFUISE/sfuise_ws/install/sfuise_msgs/local/lib/python3.10/dist-packages/sfuise_msgs/sfuise_msgs_s__rosidl_typesupport_introspection_c.cpython-310-x86_64-linux-gnu.so
[0.994s] -- Up-to-date: /home/dsh/Documents/work_logs/code/SFUISE/sfuise_ws/install/sfuise_msgs/local/lib/python3.10/dist-packages/sfuise_msgs/sfuise_msgs_s__rosidl_typesupport_c.cpython-310-x86_64-linux-gnu.so
[0.995s] -- Up-to-date: /home/dsh/Documents/work_logs/code/SFUISE/sfuise_ws/install/sfuise_msgs/lib/libsfuise_msgs__rosidl_generator_py.so
[0.995s] -- Up-to-date: /home/dsh/Documents/work_logs/code/SFUISE/sfuise_ws/install/sfuise_msgs/share/sfuise_msgs/msg/Calib.idl
[0.999s] -- Up-to-date: /home/dsh/Documents/work_logs/code/SFUISE/sfuise_ws/install/sfuise_msgs/share/sfuise_msgs/msg/Estimate.idl
[0.999s] -- Up-to-date: /home/dsh/Documents/work_logs/code/SFUISE/sfuise_ws/install/sfuise_msgs/share/sfuise_msgs/msg/Knot.idl
[0.999s] -- Up-to-date: /home/dsh/Documents/work_logs/code/SFUISE/sfuise_ws/install/sfuise_msgs/share/sfuise_msgs/msg/Offset.idl
[1.000s] -- Up-to-date: /home/dsh/Documents/work_logs/code/SFUISE/sfuise_ws/install/sfuise_msgs/share/sfuise_msgs/msg/Spline.idl
[1.001s] -- Up-to-date: /home/dsh/Documents/work_logs/code/SFUISE/sfuise_ws/install/sfuise_msgs/share/sfuise_msgs/msg/Calib.msg
[1.001s] -- Up-to-date: /home/dsh/Documents/work_logs/code/SFUISE/sfuise_ws/install/sfuise_msgs/share/sfuise_msgs/msg/Estimate.msg
[1.002s] -- Up-to-date: /home/dsh/Documents/work_logs/code/SFUISE/sfuise_ws/install/sfuise_msgs/share/sfuise_msgs/msg/Knot.msg
[1.002s] -- Up-to-date: /home/dsh/Documents/work_logs/code/SFUISE/sfuise_ws/install/sfuise_msgs/share/sfuise_msgs/msg/Offset.msg
[1.002s] -- Up-to-date: /home/dsh/Documents/work_logs/code/SFUISE/sfuise_ws/install/sfuise_msgs/share/sfuise_msgs/msg/Spline.msg
[1.002s] -- Up-to-date: /home/dsh/Documents/work_logs/code/SFUISE/sfuise_ws/install/sfuise_msgs/share/ament_index/resource_index/package_run_dependencies/sfuise_msgs
[1.003s] -- Up-to-date: /home/dsh/Documents/work_logs/code/SFUISE/sfuise_ws/install/sfuise_msgs/share/ament_index/resource_index/parent_prefix_path/sfuise_msgs
[1.003s] -- Up-to-date: /home/dsh/Documents/work_logs/code/SFUISE/sfuise_ws/install/sfuise_msgs/share/sfuise_msgs/environment/ament_prefix_path.sh
[1.003s] -- Up-to-date: /home/dsh/Documents/work_logs/code/SFUISE/sfuise_ws/install/sfuise_msgs/share/sfuise_msgs/environment/ament_prefix_path.dsv
[1.003s] -- Up-to-date: /home/dsh/Documents/work_logs/code/SFUISE/sfuise_ws/install/sfuise_msgs/share/sfuise_msgs/environment/path.sh
[1.003s] -- Up-to-date: /home/dsh/Documents/work_logs/code/SFUISE/sfuise_ws/install/sfuise_msgs/share/sfuise_msgs/environment/path.dsv
[1.003s] -- Up-to-date: /home/dsh/Documents/work_logs/code/SFUISE/sfuise_ws/install/sfuise_msgs/share/sfuise_msgs/local_setup.bash
[1.003s] -- Up-to-date: /home/dsh/Documents/work_logs/code/SFUISE/sfuise_ws/install/sfuise_msgs/share/sfuise_msgs/local_setup.sh
[1.003s] -- Up-to-date: /home/dsh/Documents/work_logs/code/SFUISE/sfuise_ws/install/sfuise_msgs/share/sfuise_msgs/local_setup.zsh
[1.004s] -- Up-to-date: /home/dsh/Documents/work_logs/code/SFUISE/sfuise_ws/install/sfuise_msgs/share/sfuise_msgs/local_setup.dsv
[1.004s] -- Installing: /home/dsh/Documents/work_logs/code/SFUISE/sfuise_ws/install/sfuise_msgs/share/sfuise_msgs/package.dsv
[1.004s] -- Up-to-date: /home/dsh/Documents/work_logs/code/SFUISE/sfuise_ws/install/sfuise_msgs/share/ament_index/resource_index/packages/sfuise_msgs
[1.005s] -- Up-to-date: /home/dsh/Documents/work_logs/code/SFUISE/sfuise_ws/install/sfuise_msgs/share/sfuise_msgs/cmake/export_sfuise_msgs__rosidl_generator_cExport.cmake
[1.005s] -- Up-to-date: /home/dsh/Documents/work_logs/code/SFUISE/sfuise_ws/install/sfuise_msgs/share/sfuise_msgs/cmake/export_sfuise_msgs__rosidl_generator_cExport-noconfig.cmake
[1.005s] -- Up-to-date: /home/dsh/Documents/work_logs/code/SFUISE/sfuise_ws/install/sfuise_msgs/share/sfuise_msgs/cmake/export_sfuise_msgs__rosidl_typesupport_fastrtps_cExport.cmake
[1.005s] -- Up-to-date: /home/dsh/Documents/work_logs/code/SFUISE/sfuise_ws/install/sfuise_msgs/share/sfuise_msgs/cmake/export_sfuise_msgs__rosidl_typesupport_fastrtps_cExport-noconfig.cmake
[1.005s] -- Up-to-date: /home/dsh/Documents/work_logs/code/SFUISE/sfuise_ws/install/sfuise_msgs/share/sfuise_msgs/cmake/export_sfuise_msgs__rosidl_generator_cppExport.cmake
[1.005s] -- Up-to-date: /home/dsh/Documents/work_logs/code/SFUISE/sfuise_ws/install/sfuise_msgs/share/sfuise_msgs/cmake/export_sfuise_msgs__rosidl_typesupport_fastrtps_cppExport.cmake
[1.005s] -- Up-to-date: /home/dsh/Documents/work_logs/code/SFUISE/sfuise_ws/install/sfuise_msgs/share/sfuise_msgs/cmake/export_sfuise_msgs__rosidl_typesupport_fastrtps_cppExport-noconfig.cmake
[1.006s] -- Up-to-date: /home/dsh/Documents/work_logs/code/SFUISE/sfuise_ws/install/sfuise_msgs/share/sfuise_msgs/cmake/sfuise_msgs__rosidl_typesupport_introspection_cExport.cmake
[1.006s] -- Up-to-date: /home/dsh/Documents/work_logs/code/SFUISE/sfuise_ws/install/sfuise_msgs/share/sfuise_msgs/cmake/sfuise_msgs__rosidl_typesupport_introspection_cExport-noconfig.cmake
[1.006s] -- Up-to-date: /home/dsh/Documents/work_logs/code/SFUISE/sfuise_ws/install/sfuise_msgs/share/sfuise_msgs/cmake/sfuise_msgs__rosidl_typesupport_cExport.cmake
[1.006s] -- Up-to-date: /home/dsh/Documents/work_logs/code/SFUISE/sfuise_ws/install/sfuise_msgs/share/sfuise_msgs/cmake/sfuise_msgs__rosidl_typesupport_cExport-noconfig.cmake
[1.006s] -- Up-to-date: /home/dsh/Documents/work_logs/code/SFUISE/sfuise_ws/install/sfuise_msgs/share/sfuise_msgs/cmake/sfuise_msgs__rosidl_typesupport_introspection_cppExport.cmake
[1.006s] -- Up-to-date: /home/dsh/Documents/work_logs/code/SFUISE/sfuise_ws/install/sfuise_msgs/share/sfuise_msgs/cmake/sfuise_msgs__rosidl_typesupport_introspection_cppExport-noconfig.cmake
[1.006s] -- Up-to-date: /home/dsh/Documents/work_logs/code/SFUISE/sfuise_ws/install/sfuise_msgs/share/sfuise_msgs/cmake/sfuise_msgs__rosidl_typesupport_cppExport.cmake
[1.006s] -- Up-to-date: /home/dsh/Documents/work_logs/code/SFUISE/sfuise_ws/install/sfuise_msgs/share/sfuise_msgs/cmake/sfuise_msgs__rosidl_typesupport_cppExport-noconfig.cmake
[1.006s] -- Up-to-date: /home/dsh/Documents/work_logs/code/SFUISE/sfuise_ws/install/sfuise_msgs/share/sfuise_msgs/cmake/export_sfuise_msgs__rosidl_generator_pyExport.cmake
[1.006s] -- Up-to-date: /home/dsh/Documents/work_logs/code/SFUISE/sfuise_ws/install/sfuise_msgs/share/sfuise_msgs/cmake/export_sfuise_msgs__rosidl_generator_pyExport-noconfig.cmake
[1.007s] -- Up-to-date: /home/dsh/Documents/work_logs/code/SFUISE/sfuise_ws/install/sfuise_msgs/share/sfuise_msgs/cmake/rosidl_cmake-extras.cmake
[1.007s] -- Up-to-date: /home/dsh/Documents/work_logs/code/SFUISE/sfuise_ws/install/sfuise_msgs/share/sfuise_msgs/cmake/ament_cmake_export_dependencies-extras.cmake
[1.007s] -- Up-to-date: /home/dsh/Documents/work_logs/code/SFUISE/sfuise_ws/install/sfuise_msgs/share/sfuise_msgs/cmake/ament_cmake_export_include_directories-extras.cmake
[1.007s] -- Up-to-date: /home/dsh/Documents/work_logs/code/SFUISE/sfuise_ws/install/sfuise_msgs/share/sfuise_msgs/cmake/ament_cmake_export_libraries-extras.cmake
[1.007s] -- Up-to-date: /home/dsh/Documents/work_logs/code/SFUISE/sfuise_ws/install/sfuise_msgs/share/sfuise_msgs/cmake/ament_cmake_export_targets-extras.cmake
[1.007s] -- Up-to-date: /home/dsh/Documents/work_logs/code/SFUISE/sfuise_ws/install/sfuise_msgs/share/sfuise_msgs/cmake/rosidl_cmake_export_typesupport_targets-extras.cmake
[1.008s] -- Up-to-date: /home/dsh/Documents/work_logs/code/SFUISE/sfuise_ws/install/sfuise_msgs/share/sfuise_msgs/cmake/rosidl_cmake_export_typesupport_libraries-extras.cmake
[1.009s] -- Up-to-date: /home/dsh/Documents/work_logs/code/SFUISE/sfuise_ws/install/sfuise_msgs/share/sfuise_msgs/cmake/sfuise_msgsConfig.cmake
[1.009s] -- Up-to-date: /home/dsh/Documents/work_logs/code/SFUISE/sfuise_ws/install/sfuise_msgs/share/sfuise_msgs/cmake/sfuise_msgsConfig-version.cmake
[1.009s] -- Up-to-date: /home/dsh/Documents/work_logs/code/SFUISE/sfuise_ws/install/sfuise_msgs/share/sfuise_msgs/package.xml
[1.045s] Invoked command in '/home/dsh/Documents/work_logs/code/SFUISE/sfuise_ws/build/sfuise_msgs' returned '0': CMAKE_PREFIX_PATH=${CMAKE_PREFIX_PATH}:/opt/ros/humble /usr/bin/cmake --install /home/dsh/Documents/work_logs/code/SFUISE/sfuise_ws/build/sfuise_msgs
